2024-02-28 14:07:07,532 WARNING:biomolecule.py:992:create_residue:Unable to find amino or nucleic acid definition for PO4.  Parsing as new residue.
2024-02-28 14:07:07,533 WARNING:biomolecule.py:992:create_residue:Unable to find amino or nucleic acid definition for PO4.  Parsing as new residue.
2024-02-28 14:07:07,533 WARNING:biomolecule.py:992:create_residue:Unable to find amino or nucleic acid definition for MUT.  Parsing as new residue.
2024-02-28 14:07:07,534 WARNING:biomolecule.py:992:create_residue:Unable to find amino or nucleic acid definition for PO4.  Parsing as new residue.
2024-02-28 14:07:07,534 WARNING:biomolecule.py:992:create_residue:Unable to find amino or nucleic acid definition for PO4.  Parsing as new residue.
2024-02-28 14:07:07,534 WARNING:biomolecule.py:992:create_residue:Unable to find amino or nucleic acid definition for ACT.  Parsing as new residue.
2024-02-28 14:07:07,536 WARNING:main.py:418:setup_molecule:Multiple occupancies found: N in MET B 46.
2024-02-28 14:07:07,536 WARNING:main.py:418:setup_molecule:Multiple occupancies found: CA in MET B 46.
2024-02-28 14:07:07,537 WARNING:main.py:418:setup_molecule:Multiple occupancies found: C in MET B 46.
2024-02-28 14:07:07,537 WARNING:main.py:418:setup_molecule:Multiple occupancies found: O in MET B 46.
2024-02-28 14:07:07,537 WARNING:main.py:418:setup_molecule:Multiple occupancies found: CB in MET B 46.
2024-02-28 14:07:07,537 WARNING:main.py:418:setup_molecule:Multiple occupancies found: CG in MET B 46.
2024-02-28 14:07:07,537 WARNING:main.py:418:setup_molecule:Multiple occupancies found: SD in MET B 46.
2024-02-28 14:07:07,537 WARNING:main.py:418:setup_molecule:Multiple occupancies found: CE in MET B 46.
2024-02-28 14:07:07,537 WARNING:main.py:424:setup_molecule:Multiple occupancies found in MET B 46. At least one of the instances is being ignored.
2024-02-28 14:07:07,549 WARNING:biomolecule.py:157:num_missing_heavy:Missing atom CG in residue LYS A 7
2024-02-28 14:07:07,549 WARNING:biomolecule.py:157:num_missing_heavy:Missing atom CD in residue LYS A 7
2024-02-28 14:07:07,549 WARNING:biomolecule.py:157:num_missing_heavy:Missing atom CE in residue LYS A 7
2024-02-28 14:07:07,550 WARNING:biomolecule.py:157:num_missing_heavy:Missing atom NZ in residue LYS A 7
2024-02-28 14:07:07,550 WARNING:biomolecule.py:157:num_missing_heavy:Missing atom CG in residue LYS A 41
2024-02-28 14:07:07,550 WARNING:biomolecule.py:157:num_missing_heavy:Missing atom CD in residue LYS A 41
2024-02-28 14:07:07,550 WARNING:biomolecule.py:157:num_missing_heavy:Missing atom CE in residue LYS A 41
2024-02-28 14:07:07,551 WARNING:biomolecule.py:157:num_missing_heavy:Missing atom NZ in residue LYS A 41
2024-02-28 14:07:07,551 WARNING:biomolecule.py:157:num_missing_heavy:Missing atom CG in residue LYS A 43
2024-02-28 14:07:07,551 WARNING:biomolecule.py:157:num_missing_heavy:Missing atom CD in residue LYS A 43
2024-02-28 14:07:07,551 WARNING:biomolecule.py:157:num_missing_heavy:Missing atom CE in residue LYS A 43
2024-02-28 14:07:07,552 WARNING:biomolecule.py:157:num_missing_heavy:Missing atom NZ in residue LYS A 43
2024-02-28 14:07:07,552 WARNING:biomolecule.py:157:num_missing_heavy:Missing atom CG in residue LYS A 70
2024-02-28 14:07:07,552 WARNING:biomolecule.py:157:num_missing_heavy:Missing atom CD in residue LYS A 70
2024-02-28 14:07:07,552 WARNING:biomolecule.py:157:num_missing_heavy:Missing atom CE in residue LYS A 70
2024-02-28 14:07:07,553 WARNING:biomolecule.py:157:num_missing_heavy:Missing atom NZ in residue LYS A 70
2024-02-28 14:07:07,553 WARNING:biomolecule.py:157:num_missing_heavy:Missing atom CG in residue LYS B 41
2024-02-28 14:07:07,553 WARNING:biomolecule.py:157:num_missing_heavy:Missing atom CD in residue LYS B 41
2024-02-28 14:07:07,553 WARNING:biomolecule.py:157:num_missing_heavy:Missing atom CE in residue LYS B 41
2024-02-28 14:07:07,554 WARNING:biomolecule.py:157:num_missing_heavy:Missing atom NZ in residue LYS B 41
2024-02-28 14:07:07,554 WARNING:biomolecule.py:157:num_missing_heavy:Missing atom CG in residue LYS B 43
2024-02-28 14:07:07,554 WARNING:biomolecule.py:157:num_missing_heavy:Missing atom CD in residue LYS B 43
2024-02-28 14:07:07,554 WARNING:biomolecule.py:157:num_missing_heavy:Missing atom CE in residue LYS B 43
2024-02-28 14:07:07,554 WARNING:biomolecule.py:157:num_missing_heavy:Missing atom NZ in residue LYS B 43
2024-02-28 14:07:07,555 WARNING:biomolecule.py:157:num_missing_heavy:Missing atom CG in residue LYS A 7
2024-02-28 14:07:07,555 WARNING:biomolecule.py:157:num_missing_heavy:Missing atom CD in residue LYS A 7
2024-02-28 14:07:07,555 WARNING:biomolecule.py:157:num_missing_heavy:Missing atom CE in residue LYS A 7
2024-02-28 14:07:07,555 WARNING:biomolecule.py:157:num_missing_heavy:Missing atom NZ in residue LYS A 7
2024-02-28 14:07:07,556 WARNING:biomolecule.py:157:num_missing_heavy:Missing atom CG in residue LYS A 41
2024-02-28 14:07:07,556 WARNING:biomolecule.py:157:num_missing_heavy:Missing atom CD in residue LYS A 41
2024-02-28 14:07:07,556 WARNING:biomolecule.py:157:num_missing_heavy:Missing atom CE in residue LYS A 41
2024-02-28 14:07:07,556 WARNING:biomolecule.py:157:num_missing_heavy:Missing atom NZ in residue LYS A 41
2024-02-28 14:07:07,556 WARNING:biomolecule.py:157:num_missing_heavy:Missing atom CG in residue LYS A 43
2024-02-28 14:07:07,557 WARNING:biomolecule.py:157:num_missing_heavy:Missing atom CD in residue LYS A 43
2024-02-28 14:07:07,557 WARNING:biomolecule.py:157:num_missing_heavy:Missing atom CE in residue LYS A 43
2024-02-28 14:07:07,557 WARNING:biomolecule.py:157:num_missing_heavy:Missing atom NZ in residue LYS A 43
2024-02-28 14:07:07,557 WARNING:biomolecule.py:157:num_missing_heavy:Missing atom CG in residue LYS A 70
2024-02-28 14:07:07,557 WARNING:biomolecule.py:157:num_missing_heavy:Missing atom CD in residue LYS A 70
2024-02-28 14:07:07,558 WARNING:biomolecule.py:157:num_missing_heavy:Missing atom CE in residue LYS A 70
2024-02-28 14:07:07,558 WARNING:biomolecule.py:157:num_missing_heavy:Missing atom NZ in residue LYS A 70
2024-02-28 14:07:07,558 WARNING:biomolecule.py:157:num_missing_heavy:Missing atom CG in residue LYS B 41
2024-02-28 14:07:07,558 WARNING:biomolecule.py:157:num_missing_heavy:Missing atom CD in residue LYS B 41
2024-02-28 14:07:07,558 WARNING:biomolecule.py:157:num_missing_heavy:Missing atom CE in residue LYS B 41
2024-02-28 14:07:07,558 WARNING:biomolecule.py:157:num_missing_heavy:Missing atom NZ in residue LYS B 41
2024-02-28 14:07:07,559 WARNING:biomolecule.py:157:num_missing_heavy:Missing atom CG in residue LYS B 43
2024-02-28 14:07:07,559 WARNING:biomolecule.py:157:num_missing_heavy:Missing atom CD in residue LYS B 43
2024-02-28 14:07:07,559 WARNING:biomolecule.py:157:num_missing_heavy:Missing atom CE in residue LYS B 43
2024-02-28 14:07:07,559 WARNING:biomolecule.py:157:num_missing_heavy:Missing atom NZ in residue LYS B 43
2024-02-28 14:07:07,560 WARNING:biomolecule.py:157:num_missing_heavy:Missing atom CG in residue LYS A 7
2024-02-28 14:07:07,560 WARNING:biomolecule.py:157:num_missing_heavy:Missing atom CD in residue LYS A 7
2024-02-28 14:07:07,560 WARNING:biomolecule.py:157:num_missing_heavy:Missing atom CE in residue LYS A 7
2024-02-28 14:07:07,560 WARNING:biomolecule.py:157:num_missing_heavy:Missing atom NZ in residue LYS A 7
2024-02-28 14:07:07,560 WARNING:biomolecule.py:157:num_missing_heavy:Missing atom CG in residue LYS A 41
2024-02-28 14:07:07,561 WARNING:biomolecule.py:157:num_missing_heavy:Missing atom CD in residue LYS A 41
2024-02-28 14:07:07,561 WARNING:biomolecule.py:157:num_missing_heavy:Missing atom CE in residue LYS A 41
2024-02-28 14:07:07,561 WARNING:biomolecule.py:157:num_missing_heavy:Missing atom NZ in residue LYS A 41
2024-02-28 14:07:07,561 WARNING:biomolecule.py:157:num_missing_heavy:Missing atom CG in residue LYS A 43
2024-02-28 14:07:07,562 WARNING:biomolecule.py:157:num_missing_heavy:Missing atom CD in residue LYS A 43
2024-02-28 14:07:07,562 WARNING:biomolecule.py:157:num_missing_heavy:Missing atom CE in residue LYS A 43
2024-02-28 14:07:07,562 WARNING:biomolecule.py:157:num_missing_heavy:Missing atom NZ in residue LYS A 43
2024-02-28 14:07:07,562 WARNING:biomolecule.py:157:num_missing_heavy:Missing atom CG in residue LYS A 70
2024-02-28 14:07:07,563 WARNING:biomolecule.py:157:num_missing_heavy:Missing atom CD in residue LYS A 70
2024-02-28 14:07:07,563 WARNING:biomolecule.py:157:num_missing_heavy:Missing atom CE in residue LYS A 70
2024-02-28 14:07:07,563 WARNING:biomolecule.py:157:num_missing_heavy:Missing atom NZ in residue LYS A 70
2024-02-28 14:07:07,563 WARNING:biomolecule.py:157:num_missing_heavy:Missing atom CG in residue LYS B 41
2024-02-28 14:07:07,563 WARNING:biomolecule.py:157:num_missing_heavy:Missing atom CD in residue LYS B 41
2024-02-28 14:07:07,564 WARNING:biomolecule.py:157:num_missing_heavy:Missing atom CE in residue LYS B 41
2024-02-28 14:07:07,564 WARNING:biomolecule.py:157:num_missing_heavy:Missing atom NZ in residue LYS B 41
2024-02-28 14:07:07,564 WARNING:biomolecule.py:157:num_missing_heavy:Missing atom CG in residue LYS B 43
2024-02-28 14:07:07,564 WARNING:biomolecule.py:157:num_missing_heavy:Missing atom CD in residue LYS B 43
2024-02-28 14:07:07,565 WARNING:biomolecule.py:157:num_missing_heavy:Missing atom CE in residue LYS B 43
2024-02-28 14:07:07,565 WARNING:biomolecule.py:157:num_missing_heavy:Missing atom NZ in residue LYS B 43
2024-02-28 14:07:08,064 WARNING:main.py:311:print_pqr:Ignoring 3068 header lines in output.
2024-02-28 14:07:08,064 WARNING:main.py:315:print_pqr:Ignoring 69 missing lines in output.
