2024-02-28 14:07:17,956 WARNING:biomolecule.py:992:create_residue:Unable to find amino or nucleic acid definition for T5A.  Parsing as new residue.
2024-02-28 14:07:18,370 WARNING:main.py:418:setup_molecule:Multiple occupancies found: N in ARG A 51.
2024-02-28 14:07:18,370 WARNING:main.py:418:setup_molecule:Multiple occupancies found: CA in ARG A 51.
2024-02-28 14:07:18,370 WARNING:main.py:418:setup_molecule:Multiple occupancies found: C in ARG A 51.
2024-02-28 14:07:18,370 WARNING:main.py:418:setup_molecule:Multiple occupancies found: O in ARG A 51.
2024-02-28 14:07:18,370 WARNING:main.py:418:setup_molecule:Multiple occupancies found: CB in ARG A 51.
2024-02-28 14:07:18,370 WARNING:main.py:418:setup_molecule:Multiple occupancies found: CG in ARG A 51.
2024-02-28 14:07:18,370 WARNING:main.py:418:setup_molecule:Multiple occupancies found: CD in ARG A 51.
2024-02-28 14:07:18,370 WARNING:main.py:418:setup_molecule:Multiple occupancies found: NE in ARG A 51.
2024-02-28 14:07:18,370 WARNING:main.py:418:setup_molecule:Multiple occupancies found: CZ in ARG A 51.
2024-02-28 14:07:18,370 WARNING:main.py:418:setup_molecule:Multiple occupancies found: NH1 in ARG A 51.
2024-02-28 14:07:18,370 WARNING:main.py:418:setup_molecule:Multiple occupancies found: NH2 in ARG A 51.
2024-02-28 14:07:18,370 WARNING:main.py:424:setup_molecule:Multiple occupancies found in ARG A 51. At least one of the instances is being ignored.
2024-02-28 14:07:18,370 WARNING:main.py:418:setup_molecule:Multiple occupancies found: N in GLN A 180.
2024-02-28 14:07:18,370 WARNING:main.py:418:setup_molecule:Multiple occupancies found: CA in GLN A 180.
2024-02-28 14:07:18,370 WARNING:main.py:418:setup_molecule:Multiple occupancies found: C in GLN A 180.
2024-02-28 14:07:18,370 WARNING:main.py:418:setup_molecule:Multiple occupancies found: O in GLN A 180.
2024-02-28 14:07:18,370 WARNING:main.py:418:setup_molecule:Multiple occupancies found: CB in GLN A 180.
2024-02-28 14:07:18,370 WARNING:main.py:418:setup_molecule:Multiple occupancies found: CG in GLN A 180.
2024-02-28 14:07:18,371 WARNING:main.py:418:setup_molecule:Multiple occupancies found: CD in GLN A 180.
2024-02-28 14:07:18,371 WARNING:main.py:418:setup_molecule:Multiple occupancies found: OE1 in GLN A 180.
2024-02-28 14:07:18,371 WARNING:main.py:418:setup_molecule:Multiple occupancies found: NE2 in GLN A 180.
2024-02-28 14:07:18,371 WARNING:main.py:424:setup_molecule:Multiple occupancies found in GLN A 180. At least one of the instances is being ignored.
2024-02-28 14:07:18,412 WARNING:biomolecule.py:157:num_missing_heavy:Missing atom CG in residue ARG A 2
2024-02-28 14:07:18,412 WARNING:biomolecule.py:157:num_missing_heavy:Missing atom CD in residue ARG A 2
2024-02-28 14:07:18,412 WARNING:biomolecule.py:157:num_missing_heavy:Missing atom NE in residue ARG A 2
2024-02-28 14:07:18,412 WARNING:biomolecule.py:157:num_missing_heavy:Missing atom CZ in residue ARG A 2
2024-02-28 14:07:18,412 WARNING:biomolecule.py:157:num_missing_heavy:Missing atom NH1 in residue ARG A 2
2024-02-28 14:07:18,412 WARNING:biomolecule.py:157:num_missing_heavy:Missing atom NH2 in residue ARG A 2
2024-02-28 14:07:18,413 WARNING:biomolecule.py:157:num_missing_heavy:Missing atom CG in residue HIS A 118
2024-02-28 14:07:18,413 WARNING:biomolecule.py:157:num_missing_heavy:Missing atom ND1 in residue HIS A 118
2024-02-28 14:07:18,413 WARNING:biomolecule.py:157:num_missing_heavy:Missing atom CD2 in residue HIS A 118
2024-02-28 14:07:18,413 WARNING:biomolecule.py:157:num_missing_heavy:Missing atom CE1 in residue HIS A 118
2024-02-28 14:07:18,413 WARNING:biomolecule.py:157:num_missing_heavy:Missing atom NE2 in residue HIS A 118
2024-02-28 14:07:18,413 WARNING:biomolecule.py:157:num_missing_heavy:Missing atom OXT in residue LEU A 211
2024-02-28 14:07:18,413 WARNING:biomolecule.py:157:num_missing_heavy:Missing atom CG in residue ARG A 2
2024-02-28 14:07:18,413 WARNING:biomolecule.py:157:num_missing_heavy:Missing atom CD in residue ARG A 2
2024-02-28 14:07:18,413 WARNING:biomolecule.py:157:num_missing_heavy:Missing atom NE in residue ARG A 2
2024-02-28 14:07:18,413 WARNING:biomolecule.py:157:num_missing_heavy:Missing atom CZ in residue ARG A 2
2024-02-28 14:07:18,414 WARNING:biomolecule.py:157:num_missing_heavy:Missing atom NH1 in residue ARG A 2
2024-02-28 14:07:18,414 WARNING:biomolecule.py:157:num_missing_heavy:Missing atom NH2 in residue ARG A 2
2024-02-28 14:07:18,414 WARNING:biomolecule.py:157:num_missing_heavy:Missing atom CG in residue HIS A 118
2024-02-28 14:07:18,414 WARNING:biomolecule.py:157:num_missing_heavy:Missing atom ND1 in residue HIS A 118
2024-02-28 14:07:18,414 WARNING:biomolecule.py:157:num_missing_heavy:Missing atom CD2 in residue HIS A 118
2024-02-28 14:07:18,414 WARNING:biomolecule.py:157:num_missing_heavy:Missing atom CE1 in residue HIS A 118
2024-02-28 14:07:18,414 WARNING:biomolecule.py:157:num_missing_heavy:Missing atom NE2 in residue HIS A 118
2024-02-28 14:07:18,414 WARNING:biomolecule.py:157:num_missing_heavy:Missing atom OXT in residue LEU A 211
2024-02-28 14:07:18,415 WARNING:biomolecule.py:157:num_missing_heavy:Missing atom CG in residue ARG A 2
2024-02-28 14:07:18,415 WARNING:biomolecule.py:157:num_missing_heavy:Missing atom CD in residue ARG A 2
2024-02-28 14:07:18,415 WARNING:biomolecule.py:157:num_missing_heavy:Missing atom NE in residue ARG A 2
2024-02-28 14:07:18,415 WARNING:biomolecule.py:157:num_missing_heavy:Missing atom CZ in residue ARG A 2
2024-02-28 14:07:18,415 WARNING:biomolecule.py:157:num_missing_heavy:Missing atom NH1 in residue ARG A 2
2024-02-28 14:07:18,415 WARNING:biomolecule.py:157:num_missing_heavy:Missing atom NH2 in residue ARG A 2
2024-02-28 14:07:18,415 WARNING:biomolecule.py:157:num_missing_heavy:Missing atom CG in residue HIS A 118
2024-02-28 14:07:18,415 WARNING:biomolecule.py:157:num_missing_heavy:Missing atom ND1 in residue HIS A 118
2024-02-28 14:07:18,415 WARNING:biomolecule.py:157:num_missing_heavy:Missing atom CD2 in residue HIS A 118
2024-02-28 14:07:18,415 WARNING:biomolecule.py:157:num_missing_heavy:Missing atom CE1 in residue HIS A 118
2024-02-28 14:07:18,415 WARNING:biomolecule.py:157:num_missing_heavy:Missing atom NE2 in residue HIS A 118
2024-02-28 14:07:18,416 WARNING:biomolecule.py:157:num_missing_heavy:Missing atom OXT in residue LEU A 211
2024-02-28 14:07:21,906 WARNING:main.py:311:print_pqr:Ignoring 2624 header lines in output.
2024-02-28 14:07:21,906 WARNING:main.py:315:print_pqr:Ignoring 55 missing lines in output.
