2024-02-28 14:07:15,909 WARNING:biomolecule.py:992:create_residue:Unable to find amino or nucleic acid definition for FLC.  Parsing as new residue.
2024-02-28 14:07:15,910 WARNING:biomolecule.py:992:create_residue:Unable to find amino or nucleic acid definition for FLC.  Parsing as new residue.
2024-02-28 14:07:15,910 WARNING:biomolecule.py:992:create_residue:Unable to find amino or nucleic acid definition for FLC.  Parsing as new residue.
2024-02-28 14:07:15,910 WARNING:biomolecule.py:992:create_residue:Unable to find amino or nucleic acid definition for BEN.  Parsing as new residue.
2024-02-28 14:07:15,911 WARNING:main.py:418:setup_molecule:Multiple occupancies found: CB in ILE B 17.
2024-02-28 14:07:15,911 WARNING:main.py:418:setup_molecule:Multiple occupancies found: CG1 in ILE B 17.
2024-02-28 14:07:15,911 WARNING:main.py:418:setup_molecule:Multiple occupancies found: CG2 in ILE B 17.
2024-02-28 14:07:15,911 WARNING:main.py:418:setup_molecule:Multiple occupancies found: CD1 in ILE B 17.
2024-02-28 14:07:15,911 WARNING:main.py:418:setup_molecule:Multiple occupancies found: HB in ILE B 17.
2024-02-28 14:07:15,912 WARNING:main.py:418:setup_molecule:Multiple occupancies found: HG12 in ILE B 17.
2024-02-28 14:07:15,912 WARNING:main.py:418:setup_molecule:Multiple occupancies found: HG13 in ILE B 17.
2024-02-28 14:07:15,912 WARNING:main.py:418:setup_molecule:Multiple occupancies found: HG21 in ILE B 17.
2024-02-28 14:07:15,912 WARNING:main.py:418:setup_molecule:Multiple occupancies found: HG22 in ILE B 17.
2024-02-28 14:07:15,912 WARNING:main.py:418:setup_molecule:Multiple occupancies found: HG23 in ILE B 17.
2024-02-28 14:07:15,912 WARNING:main.py:418:setup_molecule:Multiple occupancies found: HD11 in ILE B 17.
2024-02-28 14:07:15,913 WARNING:main.py:418:setup_molecule:Multiple occupancies found: HD12 in ILE B 17.
2024-02-28 14:07:15,913 WARNING:main.py:418:setup_molecule:Multiple occupancies found: HD13 in ILE B 17.
2024-02-28 14:07:15,913 WARNING:main.py:424:setup_molecule:Multiple occupancies found in ILE B 17. At least one of the instances is being ignored.
2024-02-28 14:07:15,913 WARNING:main.py:418:setup_molecule:Multiple occupancies found: CB in MET B 47.
2024-02-28 14:07:15,913 WARNING:main.py:418:setup_molecule:Multiple occupancies found: CG in MET B 47.
2024-02-28 14:07:15,913 WARNING:main.py:418:setup_molecule:Multiple occupancies found: SD in MET B 47.
2024-02-28 14:07:15,913 WARNING:main.py:418:setup_molecule:Multiple occupancies found: CE in MET B 47.
2024-02-28 14:07:15,913 WARNING:main.py:418:setup_molecule:Multiple occupancies found: HB2 in MET B 47.
2024-02-28 14:07:15,914 WARNING:main.py:418:setup_molecule:Multiple occupancies found: HB3 in MET B 47.
2024-02-28 14:07:15,914 WARNING:main.py:418:setup_molecule:Multiple occupancies found: HG2 in MET B 47.
2024-02-28 14:07:15,914 WARNING:main.py:418:setup_molecule:Multiple occupancies found: HG3 in MET B 47.
2024-02-28 14:07:15,914 WARNING:main.py:418:setup_molecule:Multiple occupancies found: HE1 in MET B 47.
2024-02-28 14:07:15,914 WARNING:main.py:418:setup_molecule:Multiple occupancies found: HE2 in MET B 47.
2024-02-28 14:07:15,914 WARNING:main.py:418:setup_molecule:Multiple occupancies found: HE3 in MET B 47.
2024-02-28 14:07:15,915 WARNING:main.py:424:setup_molecule:Multiple occupancies found in MET B 47. At least one of the instances is being ignored.
2024-02-28 14:07:15,915 WARNING:main.py:418:setup_molecule:Multiple occupancies found: CB in MET B 81.
2024-02-28 14:07:15,915 WARNING:main.py:418:setup_molecule:Multiple occupancies found: CG in MET B 81.
2024-02-28 14:07:15,915 WARNING:main.py:418:setup_molecule:Multiple occupancies found: SD in MET B 81.
2024-02-28 14:07:15,915 WARNING:main.py:418:setup_molecule:Multiple occupancies found: CE in MET B 81.
2024-02-28 14:07:15,915 WARNING:main.py:418:setup_molecule:Multiple occupancies found: HB2 in MET B 81.
2024-02-28 14:07:15,915 WARNING:main.py:418:setup_molecule:Multiple occupancies found: HB3 in MET B 81.
2024-02-28 14:07:15,915 WARNING:main.py:418:setup_molecule:Multiple occupancies found: HG2 in MET B 81.
2024-02-28 14:07:15,916 WARNING:main.py:418:setup_molecule:Multiple occupancies found: HG3 in MET B 81.
2024-02-28 14:07:15,916 WARNING:main.py:418:setup_molecule:Multiple occupancies found: HE1 in MET B 81.
2024-02-28 14:07:15,916 WARNING:main.py:418:setup_molecule:Multiple occupancies found: HE2 in MET B 81.
2024-02-28 14:07:15,916 WARNING:main.py:418:setup_molecule:Multiple occupancies found: HE3 in MET B 81.
2024-02-28 14:07:15,916 WARNING:main.py:424:setup_molecule:Multiple occupancies found in MET B 81. At least one of the instances is being ignored.
2024-02-28 14:07:15,916 WARNING:main.py:418:setup_molecule:Multiple occupancies found: CB in GLU B 86.
2024-02-28 14:07:15,917 WARNING:main.py:418:setup_molecule:Multiple occupancies found: CG in GLU B 86.
2024-02-28 14:07:15,917 WARNING:main.py:418:setup_molecule:Multiple occupancies found: CD in GLU B 86.
2024-02-28 14:07:15,917 WARNING:main.py:418:setup_molecule:Multiple occupancies found: OE1 in GLU B 86.
2024-02-28 14:07:15,917 WARNING:main.py:418:setup_molecule:Multiple occupancies found: OE2 in GLU B 86.
2024-02-28 14:07:15,917 WARNING:main.py:418:setup_molecule:Multiple occupancies found: HB2 in GLU B 86.
2024-02-28 14:07:15,917 WARNING:main.py:418:setup_molecule:Multiple occupancies found: HB3 in GLU B 86.
2024-02-28 14:07:15,918 WARNING:main.py:418:setup_molecule:Multiple occupancies found: HG2 in GLU B 86.
2024-02-28 14:07:15,918 WARNING:main.py:418:setup_molecule:Multiple occupancies found: HG3 in GLU B 86.
2024-02-28 14:07:15,918 WARNING:main.py:424:setup_molecule:Multiple occupancies found in GLU B 86. At least one of the instances is being ignored.
2024-02-28 14:07:15,918 WARNING:main.py:418:setup_molecule:Multiple occupancies found: CB in GLU B 110B.
2024-02-28 14:07:15,918 WARNING:main.py:418:setup_molecule:Multiple occupancies found: CG in GLU B 110B.
2024-02-28 14:07:15,918 WARNING:main.py:418:setup_molecule:Multiple occupancies found: CD in GLU B 110B.
2024-02-28 14:07:15,918 WARNING:main.py:418:setup_molecule:Multiple occupancies found: OE1 in GLU B 110B.
2024-02-28 14:07:15,918 WARNING:main.py:418:setup_molecule:Multiple occupancies found: OE2 in GLU B 110B.
2024-02-28 14:07:15,919 WARNING:main.py:418:setup_molecule:Multiple occupancies found: HB2 in GLU B 110B.
2024-02-28 14:07:15,919 WARNING:main.py:418:setup_molecule:Multiple occupancies found: HB3 in GLU B 110B.
2024-02-28 14:07:15,919 WARNING:main.py:418:setup_molecule:Multiple occupancies found: HG2 in GLU B 110B.
2024-02-28 14:07:15,919 WARNING:main.py:418:setup_molecule:Multiple occupancies found: HG3 in GLU B 110B.
2024-02-28 14:07:15,919 WARNING:main.py:424:setup_molecule:Multiple occupancies found in GLU B 110B. At least one of the instances is being ignored.
2024-02-28 14:07:15,919 WARNING:main.py:418:setup_molecule:Multiple occupancies found: CB in LEU B 123.
2024-02-28 14:07:15,919 WARNING:main.py:418:setup_molecule:Multiple occupancies found: CG in LEU B 123.
2024-02-28 14:07:15,920 WARNING:main.py:418:setup_molecule:Multiple occupancies found: CD1 in LEU B 123.
2024-02-28 14:07:15,920 WARNING:main.py:418:setup_molecule:Multiple occupancies found: CD2 in LEU B 123.
2024-02-28 14:07:15,920 WARNING:main.py:418:setup_molecule:Multiple occupancies found: HB2 in LEU B 123.
2024-02-28 14:07:15,920 WARNING:main.py:418:setup_molecule:Multiple occupancies found: HB3 in LEU B 123.
2024-02-28 14:07:15,920 WARNING:main.py:418:setup_molecule:Multiple occupancies found: HG in LEU B 123.
2024-02-28 14:07:15,920 WARNING:main.py:418:setup_molecule:Multiple occupancies found: HD11 in LEU B 123.
2024-02-28 14:07:15,920 WARNING:main.py:418:setup_molecule:Multiple occupancies found: HD12 in LEU B 123.
2024-02-28 14:07:15,921 WARNING:main.py:418:setup_molecule:Multiple occupancies found: HD13 in LEU B 123.
2024-02-28 14:07:15,921 WARNING:main.py:418:setup_molecule:Multiple occupancies found: HD21 in LEU B 123.
2024-02-28 14:07:15,921 WARNING:main.py:418:setup_molecule:Multiple occupancies found: HD22 in LEU B 123.
2024-02-28 14:07:15,921 WARNING:main.py:418:setup_molecule:Multiple occupancies found: HD23 in LEU B 123.
2024-02-28 14:07:15,921 WARNING:main.py:424:setup_molecule:Multiple occupancies found in LEU B 123. At least one of the instances is being ignored.
2024-02-28 14:07:15,921 WARNING:main.py:418:setup_molecule:Multiple occupancies found: CB in THR B 139.
2024-02-28 14:07:15,921 WARNING:main.py:418:setup_molecule:Multiple occupancies found: OG1 in THR B 139.
2024-02-28 14:07:15,922 WARNING:main.py:418:setup_molecule:Multiple occupancies found: CG2 in THR B 139.
2024-02-28 14:07:15,922 WARNING:main.py:418:setup_molecule:Multiple occupancies found: HB in THR B 139.
2024-02-28 14:07:15,922 WARNING:main.py:418:setup_molecule:Multiple occupancies found: HG1 in THR B 139.
2024-02-28 14:07:15,922 WARNING:main.py:418:setup_molecule:Multiple occupancies found: HG21 in THR B 139.
2024-02-28 14:07:15,922 WARNING:main.py:418:setup_molecule:Multiple occupancies found: HG22 in THR B 139.
2024-02-28 14:07:15,922 WARNING:main.py:418:setup_molecule:Multiple occupancies found: HG23 in THR B 139.
2024-02-28 14:07:15,922 WARNING:main.py:424:setup_molecule:Multiple occupancies found in THR B 139. At least one of the instances is being ignored.
2024-02-28 14:07:15,923 WARNING:main.py:418:setup_molecule:Multiple occupancies found: CB in ARG B 166.
2024-02-28 14:07:15,923 WARNING:main.py:418:setup_molecule:Multiple occupancies found: CG in ARG B 166.
2024-02-28 14:07:15,923 WARNING:main.py:418:setup_molecule:Multiple occupancies found: CD in ARG B 166.
2024-02-28 14:07:15,923 WARNING:main.py:418:setup_molecule:Multiple occupancies found: NE in ARG B 166.
2024-02-28 14:07:15,923 WARNING:main.py:418:setup_molecule:Multiple occupancies found: CZ in ARG B 166.
2024-02-28 14:07:15,924 WARNING:main.py:418:setup_molecule:Multiple occupancies found: NH1 in ARG B 166.
2024-02-28 14:07:15,924 WARNING:main.py:418:setup_molecule:Multiple occupancies found: NH2 in ARG B 166.
2024-02-28 14:07:15,924 WARNING:main.py:418:setup_molecule:Multiple occupancies found: HB2 in ARG B 166.
2024-02-28 14:07:15,924 WARNING:main.py:418:setup_molecule:Multiple occupancies found: HB3 in ARG B 166.
2024-02-28 14:07:15,924 WARNING:main.py:418:setup_molecule:Multiple occupancies found: HG2 in ARG B 166.
2024-02-28 14:07:15,924 WARNING:main.py:418:setup_molecule:Multiple occupancies found: HG3 in ARG B 166.
2024-02-28 14:07:15,925 WARNING:main.py:418:setup_molecule:Multiple occupancies found: HD2 in ARG B 166.
2024-02-28 14:07:15,925 WARNING:main.py:418:setup_molecule:Multiple occupancies found: HD3 in ARG B 166.
2024-02-28 14:07:15,925 WARNING:main.py:418:setup_molecule:Multiple occupancies found: HE in ARG B 166.
2024-02-28 14:07:15,925 WARNING:main.py:418:setup_molecule:Multiple occupancies found: HH11 in ARG B 166.
2024-02-28 14:07:15,925 WARNING:main.py:418:setup_molecule:Multiple occupancies found: HH12 in ARG B 166.
2024-02-28 14:07:15,925 WARNING:main.py:418:setup_molecule:Multiple occupancies found: HH21 in ARG B 166.
2024-02-28 14:07:15,925 WARNING:main.py:418:setup_molecule:Multiple occupancies found: HH22 in ARG B 166.
2024-02-28 14:07:15,925 WARNING:main.py:424:setup_molecule:Multiple occupancies found in ARG B 166. At least one of the instances is being ignored.
2024-02-28 14:07:15,925 WARNING:main.py:418:setup_molecule:Multiple occupancies found: CB in SER B 232.
2024-02-28 14:07:15,925 WARNING:main.py:418:setup_molecule:Multiple occupancies found: OG in SER B 232.
2024-02-28 14:07:15,925 WARNING:main.py:418:setup_molecule:Multiple occupancies found: HB2 in SER B 232.
2024-02-28 14:07:15,925 WARNING:main.py:418:setup_molecule:Multiple occupancies found: HB3 in SER B 232.
2024-02-28 14:07:15,925 WARNING:main.py:418:setup_molecule:Multiple occupancies found: HG in SER B 232.
2024-02-28 14:07:15,925 WARNING:main.py:424:setup_molecule:Multiple occupancies found in SER B 232. At least one of the instances is being ignored.
2024-02-28 14:07:15,925 WARNING:main.py:418:setup_molecule:Multiple occupancies found: CB in LEU B 235.
2024-02-28 14:07:15,926 WARNING:main.py:418:setup_molecule:Multiple occupancies found: CG in LEU B 235.
2024-02-28 14:07:15,926 WARNING:main.py:418:setup_molecule:Multiple occupancies found: CD1 in LEU B 235.
2024-02-28 14:07:15,926 WARNING:main.py:418:setup_molecule:Multiple occupancies found: CD2 in LEU B 235.
2024-02-28 14:07:15,926 WARNING:main.py:418:setup_molecule:Multiple occupancies found: HB2 in LEU B 235.
2024-02-28 14:07:15,926 WARNING:main.py:418:setup_molecule:Multiple occupancies found: HB3 in LEU B 235.
2024-02-28 14:07:15,927 WARNING:main.py:418:setup_molecule:Multiple occupancies found: HG in LEU B 235.
2024-02-28 14:07:15,927 WARNING:main.py:418:setup_molecule:Multiple occupancies found: HD11 in LEU B 235.
2024-02-28 14:07:15,927 WARNING:main.py:418:setup_molecule:Multiple occupancies found: HD12 in LEU B 235.
2024-02-28 14:07:15,927 WARNING:main.py:418:setup_molecule:Multiple occupancies found: HD13 in LEU B 235.
2024-02-28 14:07:15,927 WARNING:main.py:418:setup_molecule:Multiple occupancies found: HD21 in LEU B 235.
2024-02-28 14:07:15,927 WARNING:main.py:418:setup_molecule:Multiple occupancies found: HD22 in LEU B 235.
2024-02-28 14:07:15,927 WARNING:main.py:418:setup_molecule:Multiple occupancies found: HD23 in LEU B 235.
2024-02-28 14:07:15,928 WARNING:main.py:424:setup_molecule:Multiple occupancies found in LEU B 235. At least one of the instances is being ignored.
2024-02-28 14:07:15,928 WARNING:main.py:418:setup_molecule:Multiple occupancies found: CAC in FLC B 1.
2024-02-28 14:07:15,928 WARNING:main.py:418:setup_molecule:Multiple occupancies found: CA in FLC B 1.
2024-02-28 14:07:15,928 WARNING:main.py:418:setup_molecule:Multiple occupancies found: CB in FLC B 1.
2024-02-28 14:07:15,928 WARNING:main.py:418:setup_molecule:Multiple occupancies found: CBC in FLC B 1.
2024-02-28 14:07:15,928 WARNING:main.py:418:setup_molecule:Multiple occupancies found: CG in FLC B 1.
2024-02-28 14:07:15,929 WARNING:main.py:418:setup_molecule:Multiple occupancies found: CGC in FLC B 1.
2024-02-28 14:07:15,929 WARNING:main.py:418:setup_molecule:Multiple occupancies found: OA1 in FLC B 1.
2024-02-28 14:07:15,929 WARNING:main.py:418:setup_molecule:Multiple occupancies found: OA2 in FLC B 1.
2024-02-28 14:07:15,929 WARNING:main.py:418:setup_molecule:Multiple occupancies found: OB1 in FLC B 1.
2024-02-28 14:07:15,929 WARNING:main.py:418:setup_molecule:Multiple occupancies found: OB2 in FLC B 1.
2024-02-28 14:07:15,929 WARNING:main.py:418:setup_molecule:Multiple occupancies found: OG1 in FLC B 1.
2024-02-28 14:07:15,930 WARNING:main.py:418:setup_molecule:Multiple occupancies found: OG2 in FLC B 1.
2024-02-28 14:07:15,930 WARNING:main.py:418:setup_molecule:Multiple occupancies found: OHB in FLC B 1.
2024-02-28 14:07:15,930 WARNING:main.py:418:setup_molecule:Multiple occupancies found: HA1 in FLC B 1.
2024-02-28 14:07:15,930 WARNING:main.py:418:setup_molecule:Multiple occupancies found: HA2 in FLC B 1.
2024-02-28 14:07:15,930 WARNING:main.py:418:setup_molecule:Multiple occupancies found: HG1 in FLC B 1.
2024-02-28 14:07:15,930 WARNING:main.py:418:setup_molecule:Multiple occupancies found: HG2 in FLC B 1.
2024-02-28 14:07:15,931 WARNING:main.py:418:setup_molecule:Multiple occupancies found: HOB in FLC B 1.
2024-02-28 14:07:15,931 WARNING:main.py:424:setup_molecule:Multiple occupancies found in FLC B 1. At least one of the instances is being ignored.
2024-02-28 14:07:15,946 WARNING:biomolecule.py:157:num_missing_heavy:Missing atom OXT in residue THR A 17
2024-02-28 14:07:15,947 WARNING:biomolecule.py:157:num_missing_heavy:Missing atom OXT in residue THR B 242
2024-02-28 14:07:15,947 WARNING:biomolecule.py:157:num_missing_heavy:Missing atom OXT in residue THR A 17
2024-02-28 14:07:15,949 WARNING:biomolecule.py:157:num_missing_heavy:Missing atom OXT in residue THR B 242
2024-02-28 14:07:15,949 WARNING:biomolecule.py:157:num_missing_heavy:Missing atom OXT in residue THR A 17
2024-02-28 14:07:15,949 WARNING:biomolecule.py:157:num_missing_heavy:Missing atom OXT in residue THR B 242
2024-02-28 14:07:16,186 WARNING:main.py:311:print_pqr:Ignoring 3075 header lines in output.
2024-02-28 14:07:16,187 WARNING:main.py:315:print_pqr:Ignoring 72 missing lines in output.
