2024-02-28 14:07:16,880 WARNING:biomolecule.py:992:create_residue:Unable to find amino or nucleic acid definition for NA.  Parsing as new residue.
2024-02-28 14:07:16,887 WARNING:biomolecule.py:992:create_residue:Unable to find amino or nucleic acid definition for ACT.  Parsing as new residue.
2024-02-28 14:07:16,887 WARNING:biomolecule.py:992:create_residue:Unable to find amino or nucleic acid definition for NA.  Parsing as new residue.
2024-02-28 14:07:16,889 WARNING:main.py:418:setup_molecule:Multiple occupancies found: SG in CYS B 1.
2024-02-28 14:07:16,889 WARNING:main.py:424:setup_molecule:Multiple occupancies found in CYS B 1. At least one of the instances is being ignored.
2024-02-28 14:07:16,889 WARNING:main.py:418:setup_molecule:Multiple occupancies found: C in LEU B 23.
2024-02-28 14:07:16,889 WARNING:main.py:418:setup_molecule:Multiple occupancies found: O in LEU B 23.
2024-02-28 14:07:16,893 WARNING:main.py:424:setup_molecule:Multiple occupancies found in LEU B 23. At least one of the instances is being ignored.
2024-02-28 14:07:16,893 WARNING:main.py:418:setup_molecule:Multiple occupancies found: N in GLU B 24.
2024-02-28 14:07:16,893 WARNING:main.py:418:setup_molecule:Multiple occupancies found: CA in GLU B 24.
2024-02-28 14:07:16,893 WARNING:main.py:418:setup_molecule:Multiple occupancies found: C in GLU B 24.
2024-02-28 14:07:16,893 WARNING:main.py:418:setup_molecule:Multiple occupancies found: O in GLU B 24.
2024-02-28 14:07:16,893 WARNING:main.py:418:setup_molecule:Multiple occupancies found: CB in GLU B 24.
2024-02-28 14:07:16,893 WARNING:main.py:418:setup_molecule:Multiple occupancies found: CG in GLU B 24.
2024-02-28 14:07:16,893 WARNING:main.py:418:setup_molecule:Multiple occupancies found: CD in GLU B 24.
2024-02-28 14:07:16,893 WARNING:main.py:418:setup_molecule:Multiple occupancies found: OE1 in GLU B 24.
2024-02-28 14:07:16,893 WARNING:main.py:418:setup_molecule:Multiple occupancies found: OE2 in GLU B 24.
2024-02-28 14:07:16,894 WARNING:main.py:424:setup_molecule:Multiple occupancies found in GLU B 24. At least one of the instances is being ignored.
2024-02-28 14:07:16,894 WARNING:main.py:418:setup_molecule:Multiple occupancies found: N in TYR B 25.
2024-02-28 14:07:16,894 WARNING:main.py:418:setup_molecule:Multiple occupancies found: CA in TYR B 25.
2024-02-28 14:07:16,894 WARNING:main.py:418:setup_molecule:Multiple occupancies found: C in TYR B 25.
2024-02-28 14:07:16,894 WARNING:main.py:418:setup_molecule:Multiple occupancies found: O in TYR B 25.
2024-02-28 14:07:16,894 WARNING:main.py:418:setup_molecule:Multiple occupancies found: CB in TYR B 25.
2024-02-28 14:07:16,894 WARNING:main.py:418:setup_molecule:Multiple occupancies found: CG in TYR B 25.
2024-02-28 14:07:16,894 WARNING:main.py:418:setup_molecule:Multiple occupancies found: CD1 in TYR B 25.
2024-02-28 14:07:16,894 WARNING:main.py:418:setup_molecule:Multiple occupancies found: CD2 in TYR B 25.
2024-02-28 14:07:16,894 WARNING:main.py:418:setup_molecule:Multiple occupancies found: CE1 in TYR B 25.
2024-02-28 14:07:16,894 WARNING:main.py:418:setup_molecule:Multiple occupancies found: CE2 in TYR B 25.
2024-02-28 14:07:16,906 WARNING:main.py:418:setup_molecule:Multiple occupancies found: CZ in TYR B 25.
2024-02-28 14:07:16,906 WARNING:main.py:418:setup_molecule:Multiple occupancies found: OH in TYR B 25.
2024-02-28 14:07:16,906 WARNING:main.py:424:setup_molecule:Multiple occupancies found in TYR B 25. At least one of the instances is being ignored.
2024-02-28 14:07:16,906 WARNING:main.py:418:setup_molecule:Multiple occupancies found: N in ARG B 26.
2024-02-28 14:07:16,906 WARNING:main.py:418:setup_molecule:Multiple occupancies found: CA in ARG B 26.
2024-02-28 14:07:16,906 WARNING:main.py:418:setup_molecule:Multiple occupancies found: C in ARG B 26.
2024-02-28 14:07:16,906 WARNING:main.py:418:setup_molecule:Multiple occupancies found: O in ARG B 26.
2024-02-28 14:07:16,906 WARNING:main.py:418:setup_molecule:Multiple occupancies found: CB in ARG B 26.
2024-02-28 14:07:16,907 WARNING:main.py:418:setup_molecule:Multiple occupancies found: CG in ARG B 26.
2024-02-28 14:07:16,907 WARNING:main.py:418:setup_molecule:Multiple occupancies found: CD in ARG B 26.
2024-02-28 14:07:16,907 WARNING:main.py:418:setup_molecule:Multiple occupancies found: NE in ARG B 26.
2024-02-28 14:07:16,907 WARNING:main.py:418:setup_molecule:Multiple occupancies found: CZ in ARG B 26.
2024-02-28 14:07:16,907 WARNING:main.py:418:setup_molecule:Multiple occupancies found: NH1 in ARG B 26.
2024-02-28 14:07:16,907 WARNING:main.py:418:setup_molecule:Multiple occupancies found: NH2 in ARG B 26.
2024-02-28 14:07:16,907 WARNING:main.py:424:setup_molecule:Multiple occupancies found in ARG B 26. At least one of the instances is being ignored.
2024-02-28 14:07:16,907 WARNING:main.py:418:setup_molecule:Multiple occupancies found: N in GLY B 27.
2024-02-28 14:07:16,907 WARNING:main.py:418:setup_molecule:Multiple occupancies found: CA in GLY B 27.
2024-02-28 14:07:16,907 WARNING:main.py:418:setup_molecule:Multiple occupancies found: C in GLY B 27.
2024-02-28 14:07:16,907 WARNING:main.py:418:setup_molecule:Multiple occupancies found: O in GLY B 27.
2024-02-28 14:07:16,907 WARNING:main.py:424:setup_molecule:Multiple occupancies found in GLY B 27. At least one of the instances is being ignored.
2024-02-28 14:07:16,907 WARNING:main.py:418:setup_molecule:Multiple occupancies found: N in TYR B 28.
2024-02-28 14:07:16,907 WARNING:main.py:418:setup_molecule:Multiple occupancies found: CA in TYR B 28.
2024-02-28 14:07:16,907 WARNING:main.py:418:setup_molecule:Multiple occupancies found: C in TYR B 28.
2024-02-28 14:07:16,907 WARNING:main.py:418:setup_molecule:Multiple occupancies found: O in TYR B 28.
2024-02-28 14:07:16,907 WARNING:main.py:418:setup_molecule:Multiple occupancies found: CB in TYR B 28.
2024-02-28 14:07:16,907 WARNING:main.py:418:setup_molecule:Multiple occupancies found: CG in TYR B 28.
2024-02-28 14:07:16,907 WARNING:main.py:418:setup_molecule:Multiple occupancies found: CD1 in TYR B 28.
2024-02-28 14:07:16,907 WARNING:main.py:418:setup_molecule:Multiple occupancies found: CD2 in TYR B 28.
2024-02-28 14:07:16,907 WARNING:main.py:418:setup_molecule:Multiple occupancies found: CE1 in TYR B 28.
2024-02-28 14:07:16,907 WARNING:main.py:418:setup_molecule:Multiple occupancies found: CE2 in TYR B 28.
2024-02-28 14:07:16,907 WARNING:main.py:418:setup_molecule:Multiple occupancies found: CZ in TYR B 28.
2024-02-28 14:07:16,907 WARNING:main.py:418:setup_molecule:Multiple occupancies found: OH in TYR B 28.
2024-02-28 14:07:16,907 WARNING:main.py:424:setup_molecule:Multiple occupancies found in TYR B 28. At least one of the instances is being ignored.
2024-02-28 14:07:20,378 WARNING:main.py:311:print_pqr:Ignoring 962 header lines in output.
2024-02-28 14:07:20,378 WARNING:main.py:315:print_pqr:Ignoring 6 missing lines in output.
