2024-02-28 14:07:11,455 WARNING:biomolecule.py:992:create_residue:Unable to find amino or nucleic acid definition for 2GP.  Parsing as new residue.
2024-02-28 14:07:11,468 WARNING:biomolecule.py:157:num_missing_heavy:Missing atom CG in residue GLU A 102
2024-02-28 14:07:11,468 WARNING:biomolecule.py:157:num_missing_heavy:Missing atom CD in residue GLU A 102
2024-02-28 14:07:11,468 WARNING:biomolecule.py:157:num_missing_heavy:Missing atom OE1 in residue GLU A 102
2024-02-28 14:07:11,469 WARNING:biomolecule.py:157:num_missing_heavy:Missing atom OE2 in residue GLU A 102
2024-02-28 14:07:11,469 WARNING:biomolecule.py:157:num_missing_heavy:Missing atom CG in residue GLU A 102
2024-02-28 14:07:11,469 WARNING:biomolecule.py:157:num_missing_heavy:Missing atom CD in residue GLU A 102
2024-02-28 14:07:11,469 WARNING:biomolecule.py:157:num_missing_heavy:Missing atom OE1 in residue GLU A 102
2024-02-28 14:07:11,470 WARNING:biomolecule.py:157:num_missing_heavy:Missing atom OE2 in residue GLU A 102
2024-02-28 14:07:11,470 WARNING:biomolecule.py:157:num_missing_heavy:Missing atom CG in residue GLU A 102
2024-02-28 14:07:11,470 WARNING:biomolecule.py:157:num_missing_heavy:Missing atom CD in residue GLU A 102
2024-02-28 14:07:11,470 WARNING:biomolecule.py:157:num_missing_heavy:Missing atom OE1 in residue GLU A 102
2024-02-28 14:07:11,471 WARNING:biomolecule.py:157:num_missing_heavy:Missing atom OE2 in residue GLU A 102
2024-02-28 14:07:11,687 WARNING:main.py:311:print_pqr:Ignoring 1538 header lines in output.
2024-02-28 14:07:11,687 WARNING:main.py:315:print_pqr:Ignoring 24 missing lines in output.
2024-02-28 14:58:40,268 WARNING:biomolecule.py:992:create_residue:Unable to find amino or nucleic acid definition for 2GP.  Parsing as new residue.
2024-02-28 14:58:40,332 WARNING:biomolecule.py:157:num_missing_heavy:Missing atom CG in residue GLU A 102
2024-02-28 14:58:40,332 WARNING:biomolecule.py:157:num_missing_heavy:Missing atom CD in residue GLU A 102
2024-02-28 14:58:40,332 WARNING:biomolecule.py:157:num_missing_heavy:Missing atom OE1 in residue GLU A 102
2024-02-28 14:58:40,332 WARNING:biomolecule.py:157:num_missing_heavy:Missing atom OE2 in residue GLU A 102
2024-02-28 14:58:40,332 WARNING:biomolecule.py:157:num_missing_heavy:Missing atom CG in residue GLU A 102
2024-02-28 14:58:40,333 WARNING:biomolecule.py:157:num_missing_heavy:Missing atom CD in residue GLU A 102
2024-02-28 14:58:40,333 WARNING:biomolecule.py:157:num_missing_heavy:Missing atom OE1 in residue GLU A 102
2024-02-28 14:58:40,333 WARNING:biomolecule.py:157:num_missing_heavy:Missing atom OE2 in residue GLU A 102
2024-02-28 14:58:40,333 WARNING:biomolecule.py:157:num_missing_heavy:Missing atom CG in residue GLU A 102
2024-02-28 14:58:40,333 WARNING:biomolecule.py:157:num_missing_heavy:Missing atom CD in residue GLU A 102
2024-02-28 14:58:40,333 WARNING:biomolecule.py:157:num_missing_heavy:Missing atom OE1 in residue GLU A 102
2024-02-28 14:58:40,333 WARNING:biomolecule.py:157:num_missing_heavy:Missing atom OE2 in residue GLU A 102
2024-02-28 14:58:40,658 WARNING:main.py:311:print_pqr:Ignoring 1538 header lines in output.
2024-02-28 14:58:40,658 WARNING:main.py:315:print_pqr:Ignoring 24 missing lines in output.
