2024-02-28 14:07:15,611 WARNING:biomolecule.py:992:create_residue:Unable to find amino or nucleic acid definition for SO4.  Parsing as new residue.
2024-02-28 14:07:15,611 WARNING:biomolecule.py:992:create_residue:Unable to find amino or nucleic acid definition for SO4.  Parsing as new residue.
2024-02-28 14:07:15,611 WARNING:biomolecule.py:992:create_residue:Unable to find amino or nucleic acid definition for DAN.  Parsing as new residue.
2024-02-28 14:07:15,623 WARNING:biomolecule.py:615:update_bonds:Gap in backbone detected between ALA A 406 and GLY A 413!
2024-02-28 14:07:15,634 WARNING:biomolecule.py:157:num_missing_heavy:Missing atom OG in residue SER A 26
2024-02-28 14:07:15,634 WARNING:biomolecule.py:157:num_missing_heavy:Missing atom CG in residue GLN A 126
2024-02-28 14:07:15,634 WARNING:biomolecule.py:157:num_missing_heavy:Missing atom CD in residue GLN A 126
2024-02-28 14:07:15,634 WARNING:biomolecule.py:157:num_missing_heavy:Missing atom OE1 in residue GLN A 126
2024-02-28 14:07:15,634 WARNING:biomolecule.py:157:num_missing_heavy:Missing atom NE2 in residue GLN A 126
2024-02-28 14:07:15,634 WARNING:biomolecule.py:157:num_missing_heavy:Missing atom CG in residue ARG A 128
2024-02-28 14:07:15,634 WARNING:biomolecule.py:157:num_missing_heavy:Missing atom CD in residue ARG A 128
2024-02-28 14:07:15,634 WARNING:biomolecule.py:157:num_missing_heavy:Missing atom NE in residue ARG A 128
2024-02-28 14:07:15,634 WARNING:biomolecule.py:157:num_missing_heavy:Missing atom CZ in residue ARG A 128
2024-02-28 14:07:15,634 WARNING:biomolecule.py:157:num_missing_heavy:Missing atom NH1 in residue ARG A 128
2024-02-28 14:07:15,634 WARNING:biomolecule.py:157:num_missing_heavy:Missing atom NH2 in residue ARG A 128
2024-02-28 14:07:15,634 WARNING:biomolecule.py:157:num_missing_heavy:Missing atom CG in residue GLU A 170
2024-02-28 14:07:15,635 WARNING:biomolecule.py:157:num_missing_heavy:Missing atom CD in residue GLU A 170
2024-02-28 14:07:15,635 WARNING:biomolecule.py:157:num_missing_heavy:Missing atom OE1 in residue GLU A 170
2024-02-28 14:07:15,635 WARNING:biomolecule.py:157:num_missing_heavy:Missing atom OE2 in residue GLU A 170
2024-02-28 14:07:15,636 WARNING:biomolecule.py:157:num_missing_heavy:Missing atom CG in residue ASP A 634
2024-02-28 14:07:15,636 WARNING:biomolecule.py:157:num_missing_heavy:Missing atom OD1 in residue ASP A 634
2024-02-28 14:07:15,636 WARNING:biomolecule.py:157:num_missing_heavy:Missing atom OD2 in residue ASP A 634
2024-02-28 14:07:15,637 WARNING:biomolecule.py:157:num_missing_heavy:Missing atom OXT in residue ASP A 634
2024-02-28 14:07:15,637 WARNING:biomolecule.py:157:num_missing_heavy:Missing atom OG in residue SER A 26
2024-02-28 14:07:15,637 WARNING:biomolecule.py:157:num_missing_heavy:Missing atom CG in residue GLN A 126
2024-02-28 14:07:15,638 WARNING:biomolecule.py:157:num_missing_heavy:Missing atom CD in residue GLN A 126
2024-02-28 14:07:15,638 WARNING:biomolecule.py:157:num_missing_heavy:Missing atom OE1 in residue GLN A 126
2024-02-28 14:07:15,638 WARNING:biomolecule.py:157:num_missing_heavy:Missing atom NE2 in residue GLN A 126
2024-02-28 14:07:15,638 WARNING:biomolecule.py:157:num_missing_heavy:Missing atom CG in residue ARG A 128
2024-02-28 14:07:15,638 WARNING:biomolecule.py:157:num_missing_heavy:Missing atom CD in residue ARG A 128
2024-02-28 14:07:15,638 WARNING:biomolecule.py:157:num_missing_heavy:Missing atom NE in residue ARG A 128
2024-02-28 14:07:15,638 WARNING:biomolecule.py:157:num_missing_heavy:Missing atom CZ in residue ARG A 128
2024-02-28 14:07:15,638 WARNING:biomolecule.py:157:num_missing_heavy:Missing atom NH1 in residue ARG A 128
2024-02-28 14:07:15,638 WARNING:biomolecule.py:157:num_missing_heavy:Missing atom NH2 in residue ARG A 128
2024-02-28 14:07:15,638 WARNING:biomolecule.py:157:num_missing_heavy:Missing atom CG in residue GLU A 170
2024-02-28 14:07:15,638 WARNING:biomolecule.py:157:num_missing_heavy:Missing atom CD in residue GLU A 170
2024-02-28 14:07:15,638 WARNING:biomolecule.py:157:num_missing_heavy:Missing atom OE1 in residue GLU A 170
2024-02-28 14:07:15,638 WARNING:biomolecule.py:157:num_missing_heavy:Missing atom OE2 in residue GLU A 170
2024-02-28 14:07:15,640 WARNING:biomolecule.py:157:num_missing_heavy:Missing atom CG in residue ASP A 634
2024-02-28 14:07:15,640 WARNING:biomolecule.py:157:num_missing_heavy:Missing atom OD1 in residue ASP A 634
2024-02-28 14:07:15,640 WARNING:biomolecule.py:157:num_missing_heavy:Missing atom OD2 in residue ASP A 634
2024-02-28 14:07:15,640 WARNING:biomolecule.py:157:num_missing_heavy:Missing atom OXT in residue ASP A 634
2024-02-28 14:07:15,640 WARNING:biomolecule.py:157:num_missing_heavy:Missing atom OG in residue SER A 26
2024-02-28 14:07:15,640 WARNING:biomolecule.py:157:num_missing_heavy:Missing atom CG in residue GLN A 126
2024-02-28 14:07:15,640 WARNING:biomolecule.py:157:num_missing_heavy:Missing atom CD in residue GLN A 126
2024-02-28 14:07:15,640 WARNING:biomolecule.py:157:num_missing_heavy:Missing atom OE1 in residue GLN A 126
2024-02-28 14:07:15,641 WARNING:biomolecule.py:157:num_missing_heavy:Missing atom NE2 in residue GLN A 126
2024-02-28 14:07:15,641 WARNING:biomolecule.py:157:num_missing_heavy:Missing atom CG in residue ARG A 128
2024-02-28 14:07:15,641 WARNING:biomolecule.py:157:num_missing_heavy:Missing atom CD in residue ARG A 128
2024-02-28 14:07:15,641 WARNING:biomolecule.py:157:num_missing_heavy:Missing atom NE in residue ARG A 128
2024-02-28 14:07:15,641 WARNING:biomolecule.py:157:num_missing_heavy:Missing atom CZ in residue ARG A 128
2024-02-28 14:07:15,641 WARNING:biomolecule.py:157:num_missing_heavy:Missing atom NH1 in residue ARG A 128
2024-02-28 14:07:15,641 WARNING:biomolecule.py:157:num_missing_heavy:Missing atom NH2 in residue ARG A 128
2024-02-28 14:07:15,641 WARNING:biomolecule.py:157:num_missing_heavy:Missing atom CG in residue GLU A 170
2024-02-28 14:07:15,641 WARNING:biomolecule.py:157:num_missing_heavy:Missing atom CD in residue GLU A 170
2024-02-28 14:07:15,641 WARNING:biomolecule.py:157:num_missing_heavy:Missing atom OE1 in residue GLU A 170
2024-02-28 14:07:15,642 WARNING:biomolecule.py:157:num_missing_heavy:Missing atom OE2 in residue GLU A 170
2024-02-28 14:07:15,643 WARNING:biomolecule.py:157:num_missing_heavy:Missing atom CG in residue ASP A 634
2024-02-28 14:07:15,643 WARNING:biomolecule.py:157:num_missing_heavy:Missing atom OD1 in residue ASP A 634
2024-02-28 14:07:15,643 WARNING:biomolecule.py:157:num_missing_heavy:Missing atom OD2 in residue ASP A 634
2024-02-28 14:07:15,643 WARNING:biomolecule.py:157:num_missing_heavy:Missing atom OXT in residue ASP A 634
2024-02-28 14:07:19,864 WARNING:biomolecule.py:741:apply_force_field:Residue DAN A 700 has non-integer charge: 1.8745 deviates by 0.12549999999999994 from integral, exceeding error tolerance 0.001. 
2024-02-28 14:07:19,866 WARNING:main.py:699:non_trivial:Residue DAN A 700 has non-integer charge:  1.8745 deviates by 0.12549999999999994 from integral, exceeding error tolerance 0.001
2024-02-28 14:07:19,866 CRITICAL:main.py:800:main_driver:5.8745 deviates by 0.12549999999999972 from integral, exceeding error tolerance 0.001
2024-02-28 14:07:19,866 CRITICAL:main.py:801:main_driver:Giving up.
