2024-02-28 14:07:18,447 WARNING:biomolecule.py:992:create_residue:Unable to find amino or nucleic acid definition for TPV.  Parsing as new residue.
2024-02-28 14:07:18,910 WARNING:biomolecule.py:157:num_missing_heavy:Missing atom CG in residue LYS A 7
2024-02-28 14:07:18,910 WARNING:biomolecule.py:157:num_missing_heavy:Missing atom CD in residue LYS A 7
2024-02-28 14:07:18,910 WARNING:biomolecule.py:157:num_missing_heavy:Missing atom CE in residue LYS A 7
2024-02-28 14:07:18,910 WARNING:biomolecule.py:157:num_missing_heavy:Missing atom NZ in residue LYS A 7
2024-02-28 14:07:18,911 WARNING:biomolecule.py:157:num_missing_heavy:Missing atom CD in residue LYS A 14
2024-02-28 14:07:18,911 WARNING:biomolecule.py:157:num_missing_heavy:Missing atom CE in residue LYS A 14
2024-02-28 14:07:18,911 WARNING:biomolecule.py:157:num_missing_heavy:Missing atom NZ in residue LYS A 14
2024-02-28 14:07:18,911 WARNING:biomolecule.py:157:num_missing_heavy:Missing atom CB in residue ARG A 41
2024-02-28 14:07:18,911 WARNING:biomolecule.py:157:num_missing_heavy:Missing atom CG in residue ARG A 41
2024-02-28 14:07:18,911 WARNING:biomolecule.py:157:num_missing_heavy:Missing atom CD in residue ARG A 41
2024-02-28 14:07:18,911 WARNING:biomolecule.py:157:num_missing_heavy:Missing atom NE in residue ARG A 41
2024-02-28 14:07:18,911 WARNING:biomolecule.py:157:num_missing_heavy:Missing atom CZ in residue ARG A 41
2024-02-28 14:07:18,911 WARNING:biomolecule.py:157:num_missing_heavy:Missing atom NH1 in residue ARG A 41
2024-02-28 14:07:18,911 WARNING:biomolecule.py:157:num_missing_heavy:Missing atom NH2 in residue ARG A 41
2024-02-28 14:07:18,911 WARNING:biomolecule.py:157:num_missing_heavy:Missing atom CD in residue LYS A 70
2024-02-28 14:07:18,911 WARNING:biomolecule.py:157:num_missing_heavy:Missing atom CE in residue LYS A 70
2024-02-28 14:07:18,911 WARNING:biomolecule.py:157:num_missing_heavy:Missing atom NZ in residue LYS A 70
2024-02-28 14:07:18,911 WARNING:biomolecule.py:157:num_missing_heavy:Missing atom CE in residue LYS B 7
2024-02-28 14:07:18,911 WARNING:biomolecule.py:157:num_missing_heavy:Missing atom NZ in residue LYS B 7
2024-02-28 14:07:18,912 WARNING:biomolecule.py:157:num_missing_heavy:Missing atom CG in residue GLN B 18
2024-02-28 14:07:18,912 WARNING:biomolecule.py:157:num_missing_heavy:Missing atom CD in residue GLN B 18
2024-02-28 14:07:18,912 WARNING:biomolecule.py:157:num_missing_heavy:Missing atom OE1 in residue GLN B 18
2024-02-28 14:07:18,912 WARNING:biomolecule.py:157:num_missing_heavy:Missing atom NE2 in residue GLN B 18
2024-02-28 14:07:18,912 WARNING:biomolecule.py:157:num_missing_heavy:Missing atom CD in residue LYS B 55
2024-02-28 14:07:18,912 WARNING:biomolecule.py:157:num_missing_heavy:Missing atom CE in residue LYS B 55
2024-02-28 14:07:18,912 WARNING:biomolecule.py:157:num_missing_heavy:Missing atom NZ in residue LYS B 55
2024-02-28 14:07:18,912 WARNING:biomolecule.py:157:num_missing_heavy:Missing atom CE in residue LYS B 70
2024-02-28 14:07:18,912 WARNING:biomolecule.py:157:num_missing_heavy:Missing atom NZ in residue LYS B 70
2024-02-28 14:07:18,912 WARNING:biomolecule.py:157:num_missing_heavy:Missing atom CG in residue LYS A 7
2024-02-28 14:07:18,912 WARNING:biomolecule.py:157:num_missing_heavy:Missing atom CD in residue LYS A 7
2024-02-28 14:07:18,912 WARNING:biomolecule.py:157:num_missing_heavy:Missing atom CE in residue LYS A 7
2024-02-28 14:07:18,912 WARNING:biomolecule.py:157:num_missing_heavy:Missing atom NZ in residue LYS A 7
2024-02-28 14:07:18,912 WARNING:biomolecule.py:157:num_missing_heavy:Missing atom CD in residue LYS A 14
2024-02-28 14:07:18,912 WARNING:biomolecule.py:157:num_missing_heavy:Missing atom CE in residue LYS A 14
2024-02-28 14:07:18,912 WARNING:biomolecule.py:157:num_missing_heavy:Missing atom NZ in residue LYS A 14
2024-02-28 14:07:18,913 WARNING:biomolecule.py:157:num_missing_heavy:Missing atom CB in residue ARG A 41
2024-02-28 14:07:18,913 WARNING:biomolecule.py:157:num_missing_heavy:Missing atom CG in residue ARG A 41
2024-02-28 14:07:18,913 WARNING:biomolecule.py:157:num_missing_heavy:Missing atom CD in residue ARG A 41
2024-02-28 14:07:18,913 WARNING:biomolecule.py:157:num_missing_heavy:Missing atom NE in residue ARG A 41
2024-02-28 14:07:18,913 WARNING:biomolecule.py:157:num_missing_heavy:Missing atom CZ in residue ARG A 41
2024-02-28 14:07:18,913 WARNING:biomolecule.py:157:num_missing_heavy:Missing atom NH1 in residue ARG A 41
2024-02-28 14:07:18,913 WARNING:biomolecule.py:157:num_missing_heavy:Missing atom NH2 in residue ARG A 41
2024-02-28 14:07:18,913 WARNING:biomolecule.py:157:num_missing_heavy:Missing atom CD in residue LYS A 70
2024-02-28 14:07:18,913 WARNING:biomolecule.py:157:num_missing_heavy:Missing atom CE in residue LYS A 70
2024-02-28 14:07:18,913 WARNING:biomolecule.py:157:num_missing_heavy:Missing atom NZ in residue LYS A 70
2024-02-28 14:07:18,913 WARNING:biomolecule.py:157:num_missing_heavy:Missing atom CE in residue LYS B 7
2024-02-28 14:07:18,913 WARNING:biomolecule.py:157:num_missing_heavy:Missing atom NZ in residue LYS B 7
2024-02-28 14:07:18,913 WARNING:biomolecule.py:157:num_missing_heavy:Missing atom CG in residue GLN B 18
2024-02-28 14:07:18,913 WARNING:biomolecule.py:157:num_missing_heavy:Missing atom CD in residue GLN B 18
2024-02-28 14:07:18,913 WARNING:biomolecule.py:157:num_missing_heavy:Missing atom OE1 in residue GLN B 18
2024-02-28 14:07:18,913 WARNING:biomolecule.py:157:num_missing_heavy:Missing atom NE2 in residue GLN B 18
2024-02-28 14:07:18,914 WARNING:biomolecule.py:157:num_missing_heavy:Missing atom CD in residue LYS B 55
2024-02-28 14:07:18,914 WARNING:biomolecule.py:157:num_missing_heavy:Missing atom CE in residue LYS B 55
2024-02-28 14:07:18,914 WARNING:biomolecule.py:157:num_missing_heavy:Missing atom NZ in residue LYS B 55
2024-02-28 14:07:18,914 WARNING:biomolecule.py:157:num_missing_heavy:Missing atom CE in residue LYS B 70
2024-02-28 14:07:18,914 WARNING:biomolecule.py:157:num_missing_heavy:Missing atom NZ in residue LYS B 70
2024-02-28 14:07:18,914 WARNING:biomolecule.py:157:num_missing_heavy:Missing atom CG in residue LYS A 7
2024-02-28 14:07:18,914 WARNING:biomolecule.py:157:num_missing_heavy:Missing atom CD in residue LYS A 7
2024-02-28 14:07:18,914 WARNING:biomolecule.py:157:num_missing_heavy:Missing atom CE in residue LYS A 7
2024-02-28 14:07:18,914 WARNING:biomolecule.py:157:num_missing_heavy:Missing atom NZ in residue LYS A 7
2024-02-28 14:07:18,914 WARNING:biomolecule.py:157:num_missing_heavy:Missing atom CD in residue LYS A 14
2024-02-28 14:07:18,914 WARNING:biomolecule.py:157:num_missing_heavy:Missing atom CE in residue LYS A 14
2024-02-28 14:07:18,914 WARNING:biomolecule.py:157:num_missing_heavy:Missing atom NZ in residue LYS A 14
2024-02-28 14:07:18,914 WARNING:biomolecule.py:157:num_missing_heavy:Missing atom CB in residue ARG A 41
2024-02-28 14:07:18,914 WARNING:biomolecule.py:157:num_missing_heavy:Missing atom CG in residue ARG A 41
2024-02-28 14:07:18,914 WARNING:biomolecule.py:157:num_missing_heavy:Missing atom CD in residue ARG A 41
2024-02-28 14:07:18,914 WARNING:biomolecule.py:157:num_missing_heavy:Missing atom NE in residue ARG A 41
2024-02-28 14:07:18,914 WARNING:biomolecule.py:157:num_missing_heavy:Missing atom CZ in residue ARG A 41
2024-02-28 14:07:18,914 WARNING:biomolecule.py:157:num_missing_heavy:Missing atom NH1 in residue ARG A 41
2024-02-28 14:07:18,914 WARNING:biomolecule.py:157:num_missing_heavy:Missing atom NH2 in residue ARG A 41
2024-02-28 14:07:18,915 WARNING:biomolecule.py:157:num_missing_heavy:Missing atom CD in residue LYS A 70
2024-02-28 14:07:18,915 WARNING:biomolecule.py:157:num_missing_heavy:Missing atom CE in residue LYS A 70
2024-02-28 14:07:18,915 WARNING:biomolecule.py:157:num_missing_heavy:Missing atom NZ in residue LYS A 70
2024-02-28 14:07:18,915 WARNING:biomolecule.py:157:num_missing_heavy:Missing atom CE in residue LYS B 7
2024-02-28 14:07:18,915 WARNING:biomolecule.py:157:num_missing_heavy:Missing atom NZ in residue LYS B 7
2024-02-28 14:07:18,915 WARNING:biomolecule.py:157:num_missing_heavy:Missing atom CG in residue GLN B 18
2024-02-28 14:07:18,915 WARNING:biomolecule.py:157:num_missing_heavy:Missing atom CD in residue GLN B 18
2024-02-28 14:07:18,915 WARNING:biomolecule.py:157:num_missing_heavy:Missing atom OE1 in residue GLN B 18
2024-02-28 14:07:18,915 WARNING:biomolecule.py:157:num_missing_heavy:Missing atom NE2 in residue GLN B 18
2024-02-28 14:07:18,915 WARNING:biomolecule.py:157:num_missing_heavy:Missing atom CD in residue LYS B 55
2024-02-28 14:07:18,915 WARNING:biomolecule.py:157:num_missing_heavy:Missing atom CE in residue LYS B 55
2024-02-28 14:07:18,915 WARNING:biomolecule.py:157:num_missing_heavy:Missing atom NZ in residue LYS B 55
2024-02-28 14:07:18,915 WARNING:biomolecule.py:157:num_missing_heavy:Missing atom CE in residue LYS B 70
2024-02-28 14:07:18,915 WARNING:biomolecule.py:157:num_missing_heavy:Missing atom NZ in residue LYS B 70
2024-02-28 14:07:21,187 WARNING:main.py:311:print_pqr:Ignoring 2177 header lines in output.
2024-02-28 14:07:21,188 WARNING:main.py:315:print_pqr:Ignoring 42 missing lines in output.
