2024-02-28 14:07:17,294 WARNING:biomolecule.py:992:create_residue:Unable to find amino or nucleic acid definition for FCA.  Parsing as new residue.
2024-02-28 14:07:17,305 WARNING:biomolecule.py:992:create_residue:Unable to find amino or nucleic acid definition for FCB.  Parsing as new residue.
2024-02-28 14:07:17,306 WARNING:main.py:418:setup_molecule:Multiple occupancies found: C1 in FCA A 307.
2024-02-28 14:07:17,306 WARNING:main.py:418:setup_molecule:Multiple occupancies found: C2 in FCA A 307.
2024-02-28 14:07:17,306 WARNING:main.py:418:setup_molecule:Multiple occupancies found: C3 in FCA A 307.
2024-02-28 14:07:17,306 WARNING:main.py:418:setup_molecule:Multiple occupancies found: C4 in FCA A 307.
2024-02-28 14:07:17,306 WARNING:main.py:418:setup_molecule:Multiple occupancies found: C5 in FCA A 307.
2024-02-28 14:07:17,306 WARNING:main.py:418:setup_molecule:Multiple occupancies found: C6 in FCA A 307.
2024-02-28 14:07:17,306 WARNING:main.py:418:setup_molecule:Multiple occupancies found: O1 in FCA A 307.
2024-02-28 14:07:17,306 WARNING:main.py:418:setup_molecule:Multiple occupancies found: O2 in FCA A 307.
2024-02-28 14:07:17,306 WARNING:main.py:418:setup_molecule:Multiple occupancies found: O3 in FCA A 307.
2024-02-28 14:07:17,306 WARNING:main.py:418:setup_molecule:Multiple occupancies found: O4 in FCA A 307.
2024-02-28 14:07:17,306 WARNING:main.py:418:setup_molecule:Multiple occupancies found: O5 in FCA A 307.
2024-02-28 14:07:17,306 WARNING:main.py:424:setup_molecule:Multiple occupancies found in FCA A 307. At least one of the instances is being ignored.
2024-02-28 14:07:17,306 WARNING:main.py:418:setup_molecule:Multiple occupancies found: C1 in FCB A 308.
2024-02-28 14:07:17,306 WARNING:main.py:418:setup_molecule:Multiple occupancies found: C2 in FCB A 308.
2024-02-28 14:07:17,306 WARNING:main.py:418:setup_molecule:Multiple occupancies found: C3 in FCB A 308.
2024-02-28 14:07:17,306 WARNING:main.py:418:setup_molecule:Multiple occupancies found: C4 in FCB A 308.
2024-02-28 14:07:17,306 WARNING:main.py:418:setup_molecule:Multiple occupancies found: C5 in FCB A 308.
2024-02-28 14:07:17,306 WARNING:main.py:418:setup_molecule:Multiple occupancies found: C6 in FCB A 308.
2024-02-28 14:07:17,306 WARNING:main.py:418:setup_molecule:Multiple occupancies found: O1 in FCB A 308.
2024-02-28 14:07:17,306 WARNING:main.py:418:setup_molecule:Multiple occupancies found: O2 in FCB A 308.
2024-02-28 14:07:17,307 WARNING:main.py:418:setup_molecule:Multiple occupancies found: O3 in FCB A 308.
2024-02-28 14:07:17,307 WARNING:main.py:418:setup_molecule:Multiple occupancies found: O4 in FCB A 308.
2024-02-28 14:07:17,466 WARNING:main.py:418:setup_molecule:Multiple occupancies found: O5 in FCB A 308.
2024-02-28 14:07:17,466 WARNING:main.py:424:setup_molecule:Multiple occupancies found in FCB A 308. At least one of the instances is being ignored.
2024-02-28 14:07:17,504 WARNING:biomolecule.py:157:num_missing_heavy:Missing atom CB in residue ASN A 2
2024-02-28 14:07:17,505 WARNING:biomolecule.py:157:num_missing_heavy:Missing atom CG in residue ASN A 2
2024-02-28 14:07:17,505 WARNING:biomolecule.py:157:num_missing_heavy:Missing atom OD1 in residue ASN A 2
2024-02-28 14:07:17,505 WARNING:biomolecule.py:157:num_missing_heavy:Missing atom ND2 in residue ASN A 2
2024-02-28 14:07:17,507 WARNING:biomolecule.py:157:num_missing_heavy:Missing atom CB in residue LYS A 306
2024-02-28 14:07:17,507 WARNING:biomolecule.py:157:num_missing_heavy:Missing atom CG in residue LYS A 306
2024-02-28 14:07:17,507 WARNING:biomolecule.py:157:num_missing_heavy:Missing atom CD in residue LYS A 306
2024-02-28 14:07:17,507 WARNING:biomolecule.py:157:num_missing_heavy:Missing atom CE in residue LYS A 306
2024-02-28 14:07:17,554 WARNING:biomolecule.py:157:num_missing_heavy:Missing atom NZ in residue LYS A 306
2024-02-28 14:07:17,555 WARNING:biomolecule.py:157:num_missing_heavy:Missing atom OXT in residue LYS A 306
2024-02-28 14:07:17,555 WARNING:biomolecule.py:157:num_missing_heavy:Missing atom CB in residue ASN A 2
2024-02-28 14:07:17,555 WARNING:biomolecule.py:157:num_missing_heavy:Missing atom CG in residue ASN A 2
2024-02-28 14:07:17,555 WARNING:biomolecule.py:157:num_missing_heavy:Missing atom OD1 in residue ASN A 2
2024-02-28 14:07:17,555 WARNING:biomolecule.py:157:num_missing_heavy:Missing atom ND2 in residue ASN A 2
2024-02-28 14:07:17,556 WARNING:biomolecule.py:157:num_missing_heavy:Missing atom CB in residue LYS A 306
2024-02-28 14:07:17,556 WARNING:biomolecule.py:157:num_missing_heavy:Missing atom CG in residue LYS A 306
2024-02-28 14:07:17,556 WARNING:biomolecule.py:157:num_missing_heavy:Missing atom CD in residue LYS A 306
2024-02-28 14:07:17,556 WARNING:biomolecule.py:157:num_missing_heavy:Missing atom CE in residue LYS A 306
2024-02-28 14:07:17,556 WARNING:biomolecule.py:157:num_missing_heavy:Missing atom NZ in residue LYS A 306
2024-02-28 14:07:17,556 WARNING:biomolecule.py:157:num_missing_heavy:Missing atom OXT in residue LYS A 306
2024-02-28 14:07:17,556 WARNING:biomolecule.py:157:num_missing_heavy:Missing atom CB in residue ASN A 2
2024-02-28 14:07:17,556 WARNING:biomolecule.py:157:num_missing_heavy:Missing atom CG in residue ASN A 2
2024-02-28 14:07:17,556 WARNING:biomolecule.py:157:num_missing_heavy:Missing atom OD1 in residue ASN A 2
2024-02-28 14:07:17,556 WARNING:biomolecule.py:157:num_missing_heavy:Missing atom ND2 in residue ASN A 2
2024-02-28 14:07:17,558 WARNING:biomolecule.py:157:num_missing_heavy:Missing atom CB in residue LYS A 306
2024-02-28 14:07:17,558 WARNING:biomolecule.py:157:num_missing_heavy:Missing atom CG in residue LYS A 306
2024-02-28 14:07:17,558 WARNING:biomolecule.py:157:num_missing_heavy:Missing atom CD in residue LYS A 306
2024-02-28 14:07:17,558 WARNING:biomolecule.py:157:num_missing_heavy:Missing atom CE in residue LYS A 306
2024-02-28 14:07:17,558 WARNING:biomolecule.py:157:num_missing_heavy:Missing atom NZ in residue LYS A 306
2024-02-28 14:07:17,558 WARNING:biomolecule.py:157:num_missing_heavy:Missing atom OXT in residue LYS A 306
2024-02-28 14:07:22,901 WARNING:debump.py:172:debump_biomolecule:WARNING: Unable to debump LYS A 127
2024-02-28 14:07:23,115 WARNING:debump.py:172:debump_biomolecule:WARNING: Unable to debump LYS A 295
2024-02-28 14:07:23,287 WARNING:debump.py:172:debump_biomolecule:WARNING: Unable to debump LEU A 298
2024-02-28 14:07:24,844 WARNING:debump.py:172:debump_biomolecule:WARNING: Unable to debump LYS A 306
2024-02-28 14:07:24,953 WARNING:main.py:311:print_pqr:Ignoring 1485 header lines in output.
2024-02-28 14:07:24,953 WARNING:main.py:315:print_pqr:Ignoring 22 missing lines in output.
