2024-02-28 14:07:18,286 WARNING:biomolecule.py:992:create_residue:Unable to find amino or nucleic acid definition for IUM.  Parsing as new residue.
2024-02-28 14:07:18,297 WARNING:biomolecule.py:992:create_residue:Unable to find amino or nucleic acid definition for IUM.  Parsing as new residue.
2024-02-28 14:07:18,297 WARNING:biomolecule.py:992:create_residue:Unable to find amino or nucleic acid definition for IUM.  Parsing as new residue.
2024-02-28 14:07:18,297 WARNING:biomolecule.py:992:create_residue:Unable to find amino or nucleic acid definition for IUM.  Parsing as new residue.
2024-02-28 14:07:18,297 WARNING:biomolecule.py:992:create_residue:Unable to find amino or nucleic acid definition for IUM.  Parsing as new residue.
2024-02-28 14:07:18,297 WARNING:biomolecule.py:992:create_residue:Unable to find amino or nucleic acid definition for IUM.  Parsing as new residue.
2024-02-28 14:07:18,297 WARNING:biomolecule.py:992:create_residue:Unable to find amino or nucleic acid definition for IUM.  Parsing as new residue.
2024-02-28 14:07:18,297 WARNING:biomolecule.py:992:create_residue:Unable to find amino or nucleic acid definition for IUM.  Parsing as new residue.
2024-02-28 14:07:18,297 WARNING:biomolecule.py:992:create_residue:Unable to find amino or nucleic acid definition for ACT.  Parsing as new residue.
2024-02-28 14:07:18,298 WARNING:io.py:40:filter:Suppressing further "Unable to find amino or nucleic acid definition for" messages
2024-02-28 14:07:18,298 WARNING:main.py:418:setup_molecule:Multiple occupancies found: OG in SER A 57.
2024-02-28 14:07:18,298 WARNING:main.py:424:setup_molecule:Multiple occupancies found in SER A 57. At least one of the instances is being ignored.
2024-02-28 14:07:18,299 WARNING:main.py:418:setup_molecule:Multiple occupancies found: CB in SER A 107.
2024-02-28 14:07:18,299 WARNING:main.py:418:setup_molecule:Multiple occupancies found: OG in SER A 107.
2024-02-28 14:07:18,299 WARNING:main.py:424:setup_molecule:Multiple occupancies found in SER A 107. At least one of the instances is being ignored.
2024-02-28 14:07:18,299 WARNING:main.py:418:setup_molecule:Multiple occupancies found: CB in VAL A 160.
2024-02-28 14:07:18,299 WARNING:main.py:418:setup_molecule:Multiple occupancies found: CG1 in VAL A 160.
2024-02-28 14:07:18,299 WARNING:main.py:418:setup_molecule:Multiple occupancies found: CG2 in VAL A 160.
2024-02-28 14:07:18,299 WARNING:main.py:424:setup_molecule:Multiple occupancies found in VAL A 160. At least one of the instances is being ignored.
2024-02-28 14:07:18,299 WARNING:main.py:418:setup_molecule:Multiple occupancies found: CB in GLU A 173.
2024-02-28 14:07:18,299 WARNING:main.py:418:setup_molecule:Multiple occupancies found: CG in GLU A 173.
2024-02-28 14:07:18,299 WARNING:main.py:418:setup_molecule:Multiple occupancies found: CD in GLU A 173.
2024-02-28 14:07:18,299 WARNING:main.py:418:setup_molecule:Multiple occupancies found: OE1 in GLU A 173.
2024-02-28 14:07:18,299 WARNING:main.py:418:setup_molecule:Multiple occupancies found: OE2 in GLU A 173.
2024-02-28 14:07:18,299 WARNING:main.py:424:setup_molecule:Multiple occupancies found in GLU A 173. At least one of the instances is being ignored.
2024-02-28 14:07:18,299 WARNING:main.py:418:setup_molecule:Multiple occupancies found: CB in LEU A 256.
2024-02-28 14:07:18,299 WARNING:main.py:418:setup_molecule:Multiple occupancies found: CG in LEU A 256.
2024-02-28 14:07:18,299 WARNING:main.py:418:setup_molecule:Multiple occupancies found: CD1 in LEU A 256.
2024-02-28 14:07:18,299 WARNING:main.py:418:setup_molecule:Multiple occupancies found: CD2 in LEU A 256.
2024-02-28 14:07:18,299 WARNING:main.py:424:setup_molecule:Multiple occupancies found in LEU A 256. At least one of the instances is being ignored.
2024-02-28 14:07:18,299 WARNING:main.py:418:setup_molecule:Multiple occupancies found: CB in LEU A 363.
2024-02-28 14:07:18,299 WARNING:main.py:418:setup_molecule:Multiple occupancies found: CG in LEU A 363.
2024-02-28 14:07:18,299 WARNING:main.py:418:setup_molecule:Multiple occupancies found: CD1 in LEU A 363.
2024-02-28 14:07:18,299 WARNING:main.py:418:setup_molecule:Multiple occupancies found: CD2 in LEU A 363.
2024-02-28 14:07:18,299 WARNING:main.py:424:setup_molecule:Multiple occupancies found in LEU A 363. At least one of the instances is being ignored.
2024-02-28 14:07:18,299 WARNING:main.py:418:setup_molecule:Multiple occupancies found: CB in ASP A 402.
2024-02-28 14:07:18,299 WARNING:main.py:418:setup_molecule:Multiple occupancies found: CG in ASP A 402.
2024-02-28 14:07:18,299 WARNING:main.py:418:setup_molecule:Multiple occupancies found: OD1 in ASP A 402.
2024-02-28 14:07:18,299 WARNING:main.py:418:setup_molecule:Multiple occupancies found: OD2 in ASP A 402.
2024-02-28 14:07:18,299 WARNING:main.py:424:setup_molecule:Multiple occupancies found in ASP A 402. At least one of the instances is being ignored.
2024-02-28 14:07:18,299 WARNING:main.py:418:setup_molecule:Multiple occupancies found: CB in LEU A 473.
2024-02-28 14:07:18,300 WARNING:main.py:418:setup_molecule:Multiple occupancies found: CG in LEU A 473.
2024-02-28 14:07:18,300 WARNING:main.py:418:setup_molecule:Multiple occupancies found: CD1 in LEU A 473.
2024-02-28 14:07:18,300 WARNING:main.py:418:setup_molecule:Multiple occupancies found: CD2 in LEU A 473.
2024-02-28 14:07:18,300 WARNING:main.py:424:setup_molecule:Multiple occupancies found in LEU A 473. At least one of the instances is being ignored.
2024-02-28 14:07:18,387 WARNING:biomolecule.py:615:update_bonds:Gap in backbone detected between GLY A 407 and THR A 408!
2024-02-28 14:07:23,379 WARNING:main.py:311:print_pqr:Ignoring 1939 header lines in output.
2024-02-28 14:07:23,379 WARNING:main.py:315:print_pqr:Ignoring 36 missing lines in output.
