2024-02-28 14:07:18,164 WARNING:biomolecule.py:992:create_residue:Unable to find amino or nucleic acid definition for GI2.  Parsing as new residue.
2024-02-28 14:07:18,190 WARNING:biomolecule.py:992:create_residue:Unable to find amino or nucleic acid definition for ACT.  Parsing as new residue.
2024-02-28 14:07:18,190 WARNING:biomolecule.py:992:create_residue:Unable to find amino or nucleic acid definition for GI2.  Parsing as new residue.
2024-02-28 14:07:18,190 WARNING:biomolecule.py:992:create_residue:Unable to find amino or nucleic acid definition for CA.  Parsing as new residue.
2024-02-28 14:07:18,192 WARNING:main.py:418:setup_molecule:Multiple occupancies found: CA in LYS A 70.
2024-02-28 14:07:18,192 WARNING:main.py:418:setup_molecule:Multiple occupancies found: CB in LYS A 70.
2024-02-28 14:07:18,192 WARNING:main.py:418:setup_molecule:Multiple occupancies found: CG in LYS A 70.
2024-02-28 14:07:18,192 WARNING:main.py:418:setup_molecule:Multiple occupancies found: CD in LYS A 70.
2024-02-28 14:07:18,192 WARNING:main.py:418:setup_molecule:Multiple occupancies found: CE in LYS A 70.
2024-02-28 14:07:18,192 WARNING:main.py:418:setup_molecule:Multiple occupancies found: NZ in LYS A 70.
2024-02-28 14:07:18,192 WARNING:main.py:424:setup_molecule:Multiple occupancies found in LYS A 70. At least one of the instances is being ignored.
2024-02-28 14:07:18,192 WARNING:main.py:418:setup_molecule:Multiple occupancies found: CA in LYS A 131.
2024-02-28 14:07:18,192 WARNING:main.py:418:setup_molecule:Multiple occupancies found: CB in LYS A 131.
2024-02-28 14:07:18,192 WARNING:main.py:418:setup_molecule:Multiple occupancies found: CG in LYS A 131.
2024-02-28 14:07:18,192 WARNING:main.py:418:setup_molecule:Multiple occupancies found: CD in LYS A 131.
2024-02-28 14:07:18,192 WARNING:main.py:418:setup_molecule:Multiple occupancies found: CE in LYS A 131.
2024-02-28 14:07:18,192 WARNING:main.py:418:setup_molecule:Multiple occupancies found: NZ in LYS A 131.
2024-02-28 14:07:18,192 WARNING:main.py:424:setup_molecule:Multiple occupancies found in LYS A 131. At least one of the instances is being ignored.
2024-02-28 14:07:18,192 WARNING:main.py:418:setup_molecule:Multiple occupancies found: CA in ARG A 148.
2024-02-28 14:07:18,192 WARNING:main.py:418:setup_molecule:Multiple occupancies found: CB in ARG A 148.
2024-02-28 14:07:18,192 WARNING:main.py:418:setup_molecule:Multiple occupancies found: CG in ARG A 148.
2024-02-28 14:07:18,192 WARNING:main.py:418:setup_molecule:Multiple occupancies found: CD in ARG A 148.
2024-02-28 14:07:18,193 WARNING:main.py:418:setup_molecule:Multiple occupancies found: NE in ARG A 148.
2024-02-28 14:07:18,193 WARNING:main.py:418:setup_molecule:Multiple occupancies found: CZ in ARG A 148.
2024-02-28 14:07:18,193 WARNING:main.py:418:setup_molecule:Multiple occupancies found: NH1 in ARG A 148.
2024-02-28 14:07:18,193 WARNING:main.py:418:setup_molecule:Multiple occupancies found: NH2 in ARG A 148.
2024-02-28 14:07:18,193 WARNING:main.py:424:setup_molecule:Multiple occupancies found in ARG A 148. At least one of the instances is being ignored.
2024-02-28 14:07:18,193 WARNING:main.py:418:setup_molecule:Multiple occupancies found: CA in GLU A 152.
2024-02-28 14:07:18,193 WARNING:main.py:418:setup_molecule:Multiple occupancies found: CB in GLU A 152.
2024-02-28 14:07:18,193 WARNING:main.py:418:setup_molecule:Multiple occupancies found: CG in GLU A 152.
2024-02-28 14:07:18,193 WARNING:main.py:418:setup_molecule:Multiple occupancies found: CD in GLU A 152.
2024-02-28 14:07:18,193 WARNING:main.py:418:setup_molecule:Multiple occupancies found: OE1 in GLU A 152.
2024-02-28 14:07:18,193 WARNING:main.py:418:setup_molecule:Multiple occupancies found: OE2 in GLU A 152.
2024-02-28 14:07:18,193 WARNING:main.py:424:setup_molecule:Multiple occupancies found in GLU A 152. At least one of the instances is being ignored.
2024-02-28 14:07:18,193 WARNING:main.py:418:setup_molecule:Multiple occupancies found: CA in THR A 211.
2024-02-28 14:07:18,193 WARNING:main.py:418:setup_molecule:Multiple occupancies found: CB in THR A 211.
2024-02-28 14:07:18,193 WARNING:main.py:418:setup_molecule:Multiple occupancies found: OG1 in THR A 211.
2024-02-28 14:07:18,193 WARNING:main.py:418:setup_molecule:Multiple occupancies found: CG2 in THR A 211.
2024-02-28 14:07:18,193 WARNING:main.py:424:setup_molecule:Multiple occupancies found in THR A 211. At least one of the instances is being ignored.
2024-02-28 14:07:18,193 WARNING:main.py:418:setup_molecule:Multiple occupancies found: CA in ARG A 240.
2024-02-28 14:07:18,193 WARNING:main.py:418:setup_molecule:Multiple occupancies found: CB in ARG A 240.
2024-02-28 14:07:18,223 WARNING:main.py:418:setup_molecule:Multiple occupancies found: CG in ARG A 240.
2024-02-28 14:07:18,223 WARNING:main.py:418:setup_molecule:Multiple occupancies found: CD in ARG A 240.
2024-02-28 14:07:18,223 WARNING:main.py:418:setup_molecule:Multiple occupancies found: NE in ARG A 240.
2024-02-28 14:07:18,223 WARNING:main.py:418:setup_molecule:Multiple occupancies found: CZ in ARG A 240.
2024-02-28 14:07:18,223 WARNING:main.py:418:setup_molecule:Multiple occupancies found: NH1 in ARG A 240.
2024-02-28 14:07:18,223 WARNING:main.py:418:setup_molecule:Multiple occupancies found: NH2 in ARG A 240.
2024-02-28 14:07:18,223 WARNING:main.py:424:setup_molecule:Multiple occupancies found in ARG A 240. At least one of the instances is being ignored.
2024-02-28 14:07:18,224 WARNING:main.py:418:setup_molecule:Multiple occupancies found: CA in LYS A 286.
2024-02-28 14:07:18,224 WARNING:main.py:418:setup_molecule:Multiple occupancies found: CB in LYS A 286.
2024-02-28 14:07:18,224 WARNING:main.py:418:setup_molecule:Multiple occupancies found: CG in LYS A 286.
2024-02-28 14:07:18,224 WARNING:main.py:418:setup_molecule:Multiple occupancies found: CD in LYS A 286.
2024-02-28 14:07:18,224 WARNING:main.py:418:setup_molecule:Multiple occupancies found: CE in LYS A 286.
2024-02-28 14:07:18,224 WARNING:main.py:418:setup_molecule:Multiple occupancies found: NZ in LYS A 286.
2024-02-28 14:07:18,224 WARNING:main.py:424:setup_molecule:Multiple occupancies found in LYS A 286. At least one of the instances is being ignored.
2024-02-28 14:07:18,224 WARNING:main.py:418:setup_molecule:Multiple occupancies found: CA in GLU B 88.
2024-02-28 14:07:18,224 WARNING:main.py:418:setup_molecule:Multiple occupancies found: CB in GLU B 88.
2024-02-28 14:07:18,224 WARNING:main.py:418:setup_molecule:Multiple occupancies found: CG in GLU B 88.
2024-02-28 14:07:18,224 WARNING:main.py:418:setup_molecule:Multiple occupancies found: CD in GLU B 88.
2024-02-28 14:07:18,224 WARNING:main.py:418:setup_molecule:Multiple occupancies found: OE1 in GLU B 88.
2024-02-28 14:07:18,224 WARNING:main.py:418:setup_molecule:Multiple occupancies found: OE2 in GLU B 88.
2024-02-28 14:07:18,224 WARNING:main.py:424:setup_molecule:Multiple occupancies found in GLU B 88. At least one of the instances is being ignored.
2024-02-28 14:07:18,224 WARNING:main.py:418:setup_molecule:Multiple occupancies found: CA in GLU B 138.
2024-02-28 14:07:18,224 WARNING:main.py:418:setup_molecule:Multiple occupancies found: CB in GLU B 138.
2024-02-28 14:07:18,224 WARNING:main.py:418:setup_molecule:Multiple occupancies found: CG in GLU B 138.
2024-02-28 14:07:18,224 WARNING:main.py:418:setup_molecule:Multiple occupancies found: CD in GLU B 138.
2024-02-28 14:07:18,224 WARNING:main.py:418:setup_molecule:Multiple occupancies found: OE1 in GLU B 138.
2024-02-28 14:07:18,224 WARNING:main.py:418:setup_molecule:Multiple occupancies found: OE2 in GLU B 138.
2024-02-28 14:07:18,224 WARNING:main.py:424:setup_molecule:Multiple occupancies found in GLU B 138. At least one of the instances is being ignored.
2024-02-28 14:07:18,225 WARNING:main.py:418:setup_molecule:Multiple occupancies found: CA in MET B 184.
2024-02-28 14:07:18,225 WARNING:main.py:418:setup_molecule:Multiple occupancies found: CB in MET B 184.
2024-02-28 14:07:18,225 WARNING:main.py:418:setup_molecule:Multiple occupancies found: CG in MET B 184.
2024-02-28 14:07:18,225 WARNING:main.py:418:setup_molecule:Multiple occupancies found: SD in MET B 184.
2024-02-28 14:07:18,225 WARNING:main.py:418:setup_molecule:Multiple occupancies found: CE in MET B 184.
2024-02-28 14:07:18,225 WARNING:main.py:424:setup_molecule:Multiple occupancies found in MET B 184. At least one of the instances is being ignored.
2024-02-28 14:07:18,225 WARNING:main.py:418:setup_molecule:Multiple occupancies found: CB in ARG B 203.
2024-02-28 14:07:18,225 WARNING:main.py:418:setup_molecule:Multiple occupancies found: CG in ARG B 203.
2024-02-28 14:07:18,225 WARNING:main.py:418:setup_molecule:Multiple occupancies found: CD in ARG B 203.
2024-02-28 14:07:18,225 WARNING:main.py:418:setup_molecule:Multiple occupancies found: NE in ARG B 203.
2024-02-28 14:07:18,225 WARNING:main.py:418:setup_molecule:Multiple occupancies found: CZ in ARG B 203.
2024-02-28 14:07:18,225 WARNING:main.py:418:setup_molecule:Multiple occupancies found: NH1 in ARG B 203.
2024-02-28 14:07:18,225 WARNING:main.py:418:setup_molecule:Multiple occupancies found: NH2 in ARG B 203.
2024-02-28 14:07:18,225 WARNING:main.py:424:setup_molecule:Multiple occupancies found in ARG B 203. At least one of the instances is being ignored.
2024-02-28 14:07:18,225 WARNING:main.py:418:setup_molecule:Multiple occupancies found: CA in ARG B 237.
2024-02-28 14:07:18,225 WARNING:main.py:418:setup_molecule:Multiple occupancies found: CB in ARG B 237.
2024-02-28 14:07:18,225 WARNING:main.py:418:setup_molecule:Multiple occupancies found: CG in ARG B 237.
2024-02-28 14:07:18,225 WARNING:main.py:418:setup_molecule:Multiple occupancies found: CD in ARG B 237.
2024-02-28 14:07:18,225 WARNING:main.py:418:setup_molecule:Multiple occupancies found: NE in ARG B 237.
2024-02-28 14:07:18,225 WARNING:main.py:418:setup_molecule:Multiple occupancies found: CZ in ARG B 237.
2024-02-28 14:07:18,225 WARNING:main.py:418:setup_molecule:Multiple occupancies found: NH1 in ARG B 237.
2024-02-28 14:07:18,225 WARNING:main.py:418:setup_molecule:Multiple occupancies found: NH2 in ARG B 237.
2024-02-28 14:07:18,225 WARNING:main.py:424:setup_molecule:Multiple occupancies found in ARG B 237. At least one of the instances is being ignored.
2024-02-28 14:07:18,225 WARNING:main.py:418:setup_molecule:Multiple occupancies found: CA in GLU B 270.
2024-02-28 14:07:18,225 WARNING:main.py:418:setup_molecule:Multiple occupancies found: CB in GLU B 270.
2024-02-28 14:07:18,225 WARNING:main.py:418:setup_molecule:Multiple occupancies found: CG in GLU B 270.
2024-02-28 14:07:18,225 WARNING:main.py:418:setup_molecule:Multiple occupancies found: CD in GLU B 270.
2024-02-28 14:07:18,225 WARNING:main.py:418:setup_molecule:Multiple occupancies found: OE1 in GLU B 270.
2024-02-28 14:07:18,226 WARNING:main.py:418:setup_molecule:Multiple occupancies found: OE2 in GLU B 270.
2024-02-28 14:07:18,226 WARNING:main.py:424:setup_molecule:Multiple occupancies found in GLU B 270. At least one of the instances is being ignored.
2024-02-28 14:07:18,226 WARNING:main.py:418:setup_molecule:Multiple occupancies found: CA in ASP B 305.
2024-02-28 14:07:18,226 WARNING:main.py:418:setup_molecule:Multiple occupancies found: CB in ASP B 305.
2024-02-28 14:07:18,226 WARNING:main.py:418:setup_molecule:Multiple occupancies found: CG in ASP B 305.
2024-02-28 14:07:18,226 WARNING:main.py:418:setup_molecule:Multiple occupancies found: OD1 in ASP B 305.
2024-02-28 14:07:18,226 WARNING:main.py:418:setup_molecule:Multiple occupancies found: OD2 in ASP B 305.
2024-02-28 14:07:18,226 WARNING:main.py:424:setup_molecule:Multiple occupancies found in ASP B 305. At least one of the instances is being ignored.
2024-02-28 14:07:18,226 WARNING:main.py:418:setup_molecule:Multiple occupancies found: CA in ASP B 357.
2024-02-28 14:07:18,226 WARNING:main.py:418:setup_molecule:Multiple occupancies found: CB in ASP B 357.
2024-02-28 14:07:18,226 WARNING:main.py:418:setup_molecule:Multiple occupancies found: CG in ASP B 357.
2024-02-28 14:07:18,226 WARNING:main.py:418:setup_molecule:Multiple occupancies found: OD1 in ASP B 357.
2024-02-28 14:07:18,226 WARNING:main.py:418:setup_molecule:Multiple occupancies found: OD2 in ASP B 357.
2024-02-28 14:07:18,226 WARNING:main.py:424:setup_molecule:Multiple occupancies found in ASP B 357. At least one of the instances is being ignored.
2024-02-28 14:07:18,264 WARNING:biomolecule.py:615:update_bonds:Gap in backbone detected between GLU A 231 and ILE A 236!
2024-02-28 14:07:18,817 WARNING:biomolecule.py:615:update_bonds:Gap in backbone detected between PRO A 304 and ALA A 308!
2024-02-28 14:07:18,820 WARNING:biomolecule.py:615:update_bonds:Gap in backbone detected between ALA B 306 and ALA B 308!
2024-02-28 14:07:18,848 WARNING:biomolecule.py:157:num_missing_heavy:Missing atom OXT in residue GLU A 445
2024-02-28 14:07:18,848 WARNING:biomolecule.py:157:num_missing_heavy:Missing atom CB in residue GLU B 8
2024-02-28 14:07:18,848 WARNING:biomolecule.py:157:num_missing_heavy:Missing atom CG in residue GLU B 8
2024-02-28 14:07:18,848 WARNING:biomolecule.py:157:num_missing_heavy:Missing atom CD in residue GLU B 8
2024-02-28 14:07:18,848 WARNING:biomolecule.py:157:num_missing_heavy:Missing atom OE1 in residue GLU B 8
2024-02-28 14:07:18,848 WARNING:biomolecule.py:157:num_missing_heavy:Missing atom OE2 in residue GLU B 8
2024-02-28 14:07:18,848 WARNING:biomolecule.py:157:num_missing_heavy:Missing atom CG in residue LYS B 70
2024-02-28 14:07:18,848 WARNING:biomolecule.py:157:num_missing_heavy:Missing atom CD in residue LYS B 70
2024-02-28 14:07:18,849 WARNING:biomolecule.py:157:num_missing_heavy:Missing atom CE in residue LYS B 70
2024-02-28 14:07:18,849 WARNING:biomolecule.py:157:num_missing_heavy:Missing atom NZ in residue LYS B 70
2024-02-28 14:07:18,849 WARNING:biomolecule.py:157:num_missing_heavy:Missing atom CG in residue LYS B 74
2024-02-28 14:07:18,849 WARNING:biomolecule.py:157:num_missing_heavy:Missing atom CD in residue LYS B 74
2024-02-28 14:07:18,849 WARNING:biomolecule.py:157:num_missing_heavy:Missing atom CE in residue LYS B 74
2024-02-28 14:07:18,849 WARNING:biomolecule.py:157:num_missing_heavy:Missing atom NZ in residue LYS B 74
2024-02-28 14:07:18,849 WARNING:biomolecule.py:157:num_missing_heavy:Missing atom CD in residue ARG B 92
2024-02-28 14:07:18,849 WARNING:biomolecule.py:157:num_missing_heavy:Missing atom NE in residue ARG B 92
2024-02-28 14:07:18,849 WARNING:biomolecule.py:157:num_missing_heavy:Missing atom CZ in residue ARG B 92
2024-02-28 14:07:18,849 WARNING:biomolecule.py:157:num_missing_heavy:Missing atom NH1 in residue ARG B 92
2024-02-28 14:07:18,849 WARNING:biomolecule.py:157:num_missing_heavy:Missing atom NH2 in residue ARG B 92
2024-02-28 14:07:18,850 WARNING:biomolecule.py:157:num_missing_heavy:Missing atom CB in residue LYS B 213
2024-02-28 14:07:18,850 WARNING:biomolecule.py:157:num_missing_heavy:Missing atom CG in residue LYS B 213
2024-02-28 14:07:18,850 WARNING:biomolecule.py:157:num_missing_heavy:Missing atom CD in residue LYS B 213
2024-02-28 14:07:18,850 WARNING:biomolecule.py:157:num_missing_heavy:Missing atom CE in residue LYS B 213
2024-02-28 14:07:18,850 WARNING:biomolecule.py:157:num_missing_heavy:Missing atom NZ in residue LYS B 213
2024-02-28 14:07:18,850 WARNING:biomolecule.py:157:num_missing_heavy:Missing atom CB in residue ASP B 214
2024-02-28 14:07:18,850 WARNING:biomolecule.py:157:num_missing_heavy:Missing atom CG in residue ASP B 214
2024-02-28 14:07:18,850 WARNING:biomolecule.py:157:num_missing_heavy:Missing atom OD1 in residue ASP B 214
2024-02-28 14:07:18,850 WARNING:biomolecule.py:157:num_missing_heavy:Missing atom OD2 in residue ASP B 214
2024-02-28 14:07:18,850 WARNING:biomolecule.py:157:num_missing_heavy:Missing atom CG in residue LYS B 216
2024-02-28 14:07:18,850 WARNING:biomolecule.py:157:num_missing_heavy:Missing atom CD in residue LYS B 216
2024-02-28 14:07:18,850 WARNING:biomolecule.py:157:num_missing_heavy:Missing atom CE in residue LYS B 216
2024-02-28 14:07:18,850 WARNING:biomolecule.py:157:num_missing_heavy:Missing atom NZ in residue LYS B 216
2024-02-28 14:07:18,850 WARNING:biomolecule.py:157:num_missing_heavy:Missing atom CG in residue GLU B 231
2024-02-28 14:07:18,850 WARNING:biomolecule.py:157:num_missing_heavy:Missing atom CD in residue GLU B 231
2024-02-28 14:07:18,850 WARNING:biomolecule.py:157:num_missing_heavy:Missing atom OE1 in residue GLU B 231
2024-02-28 14:07:18,850 WARNING:biomolecule.py:157:num_missing_heavy:Missing atom OE2 in residue GLU B 231
2024-02-28 14:07:18,850 WARNING:biomolecule.py:157:num_missing_heavy:Missing atom CG in residue LYS B 232
2024-02-28 14:07:18,850 WARNING:biomolecule.py:157:num_missing_heavy:Missing atom CD in residue LYS B 232
2024-02-28 14:07:18,850 WARNING:biomolecule.py:157:num_missing_heavy:Missing atom CE in residue LYS B 232
2024-02-28 14:07:18,850 WARNING:biomolecule.py:157:num_missing_heavy:Missing atom NZ in residue LYS B 232
2024-02-28 14:07:18,851 WARNING:biomolecule.py:157:num_missing_heavy:Missing atom CB in residue VAL B 360
2024-02-28 14:07:18,851 WARNING:biomolecule.py:157:num_missing_heavy:Missing atom CG1 in residue VAL B 360
2024-02-28 14:07:18,851 WARNING:biomolecule.py:157:num_missing_heavy:Missing atom CG2 in residue VAL B 360
2024-02-28 14:07:18,851 WARNING:biomolecule.py:157:num_missing_heavy:Missing atom CD in residue LYS B 376
2024-02-28 14:07:18,851 WARNING:biomolecule.py:157:num_missing_heavy:Missing atom CE in residue LYS B 376
2024-02-28 14:07:18,851 WARNING:biomolecule.py:157:num_missing_heavy:Missing atom NZ in residue LYS B 376
2024-02-28 14:07:18,852 WARNING:biomolecule.py:157:num_missing_heavy:Missing atom CD in residue LYS B 425
2024-02-28 14:07:18,852 WARNING:biomolecule.py:157:num_missing_heavy:Missing atom CE in residue LYS B 425
2024-02-28 14:07:18,852 WARNING:biomolecule.py:157:num_missing_heavy:Missing atom NZ in residue LYS B 425
2024-02-28 14:07:18,852 WARNING:biomolecule.py:157:num_missing_heavy:Missing atom CG in residue LYS B 440
2024-02-28 14:07:18,852 WARNING:biomolecule.py:157:num_missing_heavy:Missing atom CD in residue LYS B 440
2024-02-28 14:07:18,852 WARNING:biomolecule.py:157:num_missing_heavy:Missing atom CE in residue LYS B 440
2024-02-28 14:07:18,852 WARNING:biomolecule.py:157:num_missing_heavy:Missing atom NZ in residue LYS B 440
2024-02-28 14:07:18,852 WARNING:biomolecule.py:157:num_missing_heavy:Missing atom OXT in residue GLU B 445
2024-02-28 14:07:18,854 WARNING:biomolecule.py:157:num_missing_heavy:Missing atom OXT in residue GLU A 445
2024-02-28 14:07:18,854 WARNING:biomolecule.py:157:num_missing_heavy:Missing atom CB in residue GLU B 8
2024-02-28 14:07:18,854 WARNING:biomolecule.py:157:num_missing_heavy:Missing atom CG in residue GLU B 8
2024-02-28 14:07:18,854 WARNING:biomolecule.py:157:num_missing_heavy:Missing atom CD in residue GLU B 8
2024-02-28 14:07:18,862 WARNING:biomolecule.py:157:num_missing_heavy:Missing atom OE1 in residue GLU B 8
2024-02-28 14:07:18,862 WARNING:biomolecule.py:157:num_missing_heavy:Missing atom OE2 in residue GLU B 8
2024-02-28 14:07:18,862 WARNING:biomolecule.py:157:num_missing_heavy:Missing atom CG in residue LYS B 70
2024-02-28 14:07:18,862 WARNING:biomolecule.py:157:num_missing_heavy:Missing atom CD in residue LYS B 70
2024-02-28 14:07:18,862 WARNING:biomolecule.py:157:num_missing_heavy:Missing atom CE in residue LYS B 70
2024-02-28 14:07:18,862 WARNING:biomolecule.py:157:num_missing_heavy:Missing atom NZ in residue LYS B 70
2024-02-28 14:07:18,862 WARNING:biomolecule.py:157:num_missing_heavy:Missing atom CG in residue LYS B 74
2024-02-28 14:07:18,862 WARNING:biomolecule.py:157:num_missing_heavy:Missing atom CD in residue LYS B 74
2024-02-28 14:07:18,862 WARNING:biomolecule.py:157:num_missing_heavy:Missing atom CE in residue LYS B 74
2024-02-28 14:07:18,862 WARNING:biomolecule.py:157:num_missing_heavy:Missing atom NZ in residue LYS B 74
2024-02-28 14:07:18,863 WARNING:biomolecule.py:157:num_missing_heavy:Missing atom CD in residue ARG B 92
2024-02-28 14:07:18,863 WARNING:biomolecule.py:157:num_missing_heavy:Missing atom NE in residue ARG B 92
2024-02-28 14:07:18,863 WARNING:biomolecule.py:157:num_missing_heavy:Missing atom CZ in residue ARG B 92
2024-02-28 14:07:18,863 WARNING:biomolecule.py:157:num_missing_heavy:Missing atom NH1 in residue ARG B 92
2024-02-28 14:07:18,863 WARNING:biomolecule.py:157:num_missing_heavy:Missing atom NH2 in residue ARG B 92
2024-02-28 14:07:18,863 WARNING:biomolecule.py:157:num_missing_heavy:Missing atom CB in residue LYS B 213
2024-02-28 14:07:18,863 WARNING:biomolecule.py:157:num_missing_heavy:Missing atom CG in residue LYS B 213
2024-02-28 14:07:18,863 WARNING:biomolecule.py:157:num_missing_heavy:Missing atom CD in residue LYS B 213
2024-02-28 14:07:18,863 WARNING:biomolecule.py:157:num_missing_heavy:Missing atom CE in residue LYS B 213
2024-02-28 14:07:18,863 WARNING:biomolecule.py:157:num_missing_heavy:Missing atom NZ in residue LYS B 213
2024-02-28 14:07:18,863 WARNING:biomolecule.py:157:num_missing_heavy:Missing atom CB in residue ASP B 214
2024-02-28 14:07:18,863 WARNING:biomolecule.py:157:num_missing_heavy:Missing atom CG in residue ASP B 214
2024-02-28 14:07:18,863 WARNING:biomolecule.py:157:num_missing_heavy:Missing atom OD1 in residue ASP B 214
2024-02-28 14:07:18,864 WARNING:biomolecule.py:157:num_missing_heavy:Missing atom OD2 in residue ASP B 214
2024-02-28 14:07:18,864 WARNING:biomolecule.py:157:num_missing_heavy:Missing atom CG in residue LYS B 216
2024-02-28 14:07:18,864 WARNING:biomolecule.py:157:num_missing_heavy:Missing atom CD in residue LYS B 216
2024-02-28 14:07:18,864 WARNING:biomolecule.py:157:num_missing_heavy:Missing atom CE in residue LYS B 216
2024-02-28 14:07:18,864 WARNING:biomolecule.py:157:num_missing_heavy:Missing atom NZ in residue LYS B 216
2024-02-28 14:07:18,864 WARNING:biomolecule.py:157:num_missing_heavy:Missing atom CG in residue GLU B 231
2024-02-28 14:07:18,864 WARNING:biomolecule.py:157:num_missing_heavy:Missing atom CD in residue GLU B 231
2024-02-28 14:07:18,864 WARNING:biomolecule.py:157:num_missing_heavy:Missing atom OE1 in residue GLU B 231
2024-02-28 14:07:18,864 WARNING:biomolecule.py:157:num_missing_heavy:Missing atom OE2 in residue GLU B 231
2024-02-28 14:07:18,864 WARNING:biomolecule.py:157:num_missing_heavy:Missing atom CG in residue LYS B 232
2024-02-28 14:07:18,864 WARNING:biomolecule.py:157:num_missing_heavy:Missing atom CD in residue LYS B 232
2024-02-28 14:07:18,864 WARNING:biomolecule.py:157:num_missing_heavy:Missing atom CE in residue LYS B 232
2024-02-28 14:07:18,864 WARNING:biomolecule.py:157:num_missing_heavy:Missing atom NZ in residue LYS B 232
2024-02-28 14:07:18,865 WARNING:biomolecule.py:157:num_missing_heavy:Missing atom CB in residue VAL B 360
2024-02-28 14:07:18,865 WARNING:biomolecule.py:157:num_missing_heavy:Missing atom CG1 in residue VAL B 360
2024-02-28 14:07:18,865 WARNING:biomolecule.py:157:num_missing_heavy:Missing atom CG2 in residue VAL B 360
2024-02-28 14:07:18,865 WARNING:biomolecule.py:157:num_missing_heavy:Missing atom CD in residue LYS B 376
2024-02-28 14:07:18,865 WARNING:biomolecule.py:157:num_missing_heavy:Missing atom CE in residue LYS B 376
2024-02-28 14:07:18,865 WARNING:biomolecule.py:157:num_missing_heavy:Missing atom NZ in residue LYS B 376
2024-02-28 14:07:18,865 WARNING:biomolecule.py:157:num_missing_heavy:Missing atom CD in residue LYS B 425
2024-02-28 14:07:18,865 WARNING:biomolecule.py:157:num_missing_heavy:Missing atom CE in residue LYS B 425
2024-02-28 14:07:18,865 WARNING:biomolecule.py:157:num_missing_heavy:Missing atom NZ in residue LYS B 425
2024-02-28 14:07:18,865 WARNING:biomolecule.py:157:num_missing_heavy:Missing atom CG in residue LYS B 440
2024-02-28 14:07:18,865 WARNING:biomolecule.py:157:num_missing_heavy:Missing atom CD in residue LYS B 440
2024-02-28 14:07:18,865 WARNING:biomolecule.py:157:num_missing_heavy:Missing atom CE in residue LYS B 440
2024-02-28 14:07:18,865 WARNING:biomolecule.py:157:num_missing_heavy:Missing atom NZ in residue LYS B 440
2024-02-28 14:07:18,865 WARNING:biomolecule.py:157:num_missing_heavy:Missing atom OXT in residue GLU B 445
2024-02-28 14:07:18,867 WARNING:biomolecule.py:157:num_missing_heavy:Missing atom OXT in residue GLU A 445
2024-02-28 14:07:18,867 WARNING:biomolecule.py:157:num_missing_heavy:Missing atom CB in residue GLU B 8
2024-02-28 14:07:18,867 WARNING:biomolecule.py:157:num_missing_heavy:Missing atom CG in residue GLU B 8
2024-02-28 14:07:18,867 WARNING:biomolecule.py:157:num_missing_heavy:Missing atom CD in residue GLU B 8
2024-02-28 14:07:18,867 WARNING:biomolecule.py:157:num_missing_heavy:Missing atom OE1 in residue GLU B 8
2024-02-28 14:07:18,867 WARNING:biomolecule.py:157:num_missing_heavy:Missing atom OE2 in residue GLU B 8
2024-02-28 14:07:18,868 WARNING:biomolecule.py:157:num_missing_heavy:Missing atom CG in residue LYS B 70
2024-02-28 14:07:18,868 WARNING:biomolecule.py:157:num_missing_heavy:Missing atom CD in residue LYS B 70
2024-02-28 14:07:18,868 WARNING:biomolecule.py:157:num_missing_heavy:Missing atom CE in residue LYS B 70
2024-02-28 14:07:18,868 WARNING:biomolecule.py:157:num_missing_heavy:Missing atom NZ in residue LYS B 70
2024-02-28 14:07:18,868 WARNING:biomolecule.py:157:num_missing_heavy:Missing atom CG in residue LYS B 74
2024-02-28 14:07:18,868 WARNING:biomolecule.py:157:num_missing_heavy:Missing atom CD in residue LYS B 74
2024-02-28 14:07:18,868 WARNING:biomolecule.py:157:num_missing_heavy:Missing atom CE in residue LYS B 74
2024-02-28 14:07:18,868 WARNING:biomolecule.py:157:num_missing_heavy:Missing atom NZ in residue LYS B 74
2024-02-28 14:07:18,868 WARNING:biomolecule.py:157:num_missing_heavy:Missing atom CD in residue ARG B 92
2024-02-28 14:07:18,868 WARNING:biomolecule.py:157:num_missing_heavy:Missing atom NE in residue ARG B 92
2024-02-28 14:07:18,868 WARNING:biomolecule.py:157:num_missing_heavy:Missing atom CZ in residue ARG B 92
2024-02-28 14:07:18,868 WARNING:biomolecule.py:157:num_missing_heavy:Missing atom NH1 in residue ARG B 92
2024-02-28 14:07:18,868 WARNING:biomolecule.py:157:num_missing_heavy:Missing atom NH2 in residue ARG B 92
2024-02-28 14:07:18,869 WARNING:biomolecule.py:157:num_missing_heavy:Missing atom CB in residue LYS B 213
2024-02-28 14:07:18,869 WARNING:biomolecule.py:157:num_missing_heavy:Missing atom CG in residue LYS B 213
2024-02-28 14:07:18,869 WARNING:biomolecule.py:157:num_missing_heavy:Missing atom CD in residue LYS B 213
2024-02-28 14:07:18,869 WARNING:biomolecule.py:157:num_missing_heavy:Missing atom CE in residue LYS B 213
2024-02-28 14:07:18,869 WARNING:biomolecule.py:157:num_missing_heavy:Missing atom NZ in residue LYS B 213
2024-02-28 14:07:18,869 WARNING:biomolecule.py:157:num_missing_heavy:Missing atom CB in residue ASP B 214
2024-02-28 14:07:18,869 WARNING:biomolecule.py:157:num_missing_heavy:Missing atom CG in residue ASP B 214
2024-02-28 14:07:18,869 WARNING:biomolecule.py:157:num_missing_heavy:Missing atom OD1 in residue ASP B 214
2024-02-28 14:07:18,869 WARNING:biomolecule.py:157:num_missing_heavy:Missing atom OD2 in residue ASP B 214
2024-02-28 14:07:18,869 WARNING:biomolecule.py:157:num_missing_heavy:Missing atom CG in residue LYS B 216
2024-02-28 14:07:18,869 WARNING:biomolecule.py:157:num_missing_heavy:Missing atom CD in residue LYS B 216
2024-02-28 14:07:18,869 WARNING:biomolecule.py:157:num_missing_heavy:Missing atom CE in residue LYS B 216
2024-02-28 14:07:18,869 WARNING:biomolecule.py:157:num_missing_heavy:Missing atom NZ in residue LYS B 216
2024-02-28 14:07:18,869 WARNING:biomolecule.py:157:num_missing_heavy:Missing atom CG in residue GLU B 231
2024-02-28 14:07:18,869 WARNING:biomolecule.py:157:num_missing_heavy:Missing atom CD in residue GLU B 231
2024-02-28 14:07:18,869 WARNING:biomolecule.py:157:num_missing_heavy:Missing atom OE1 in residue GLU B 231
2024-02-28 14:07:18,869 WARNING:biomolecule.py:157:num_missing_heavy:Missing atom OE2 in residue GLU B 231
2024-02-28 14:07:18,869 WARNING:biomolecule.py:157:num_missing_heavy:Missing atom CG in residue LYS B 232
2024-02-28 14:07:18,869 WARNING:biomolecule.py:157:num_missing_heavy:Missing atom CD in residue LYS B 232
2024-02-28 14:07:18,869 WARNING:biomolecule.py:157:num_missing_heavy:Missing atom CE in residue LYS B 232
2024-02-28 14:07:18,869 WARNING:biomolecule.py:157:num_missing_heavy:Missing atom NZ in residue LYS B 232
2024-02-28 14:07:18,870 WARNING:biomolecule.py:157:num_missing_heavy:Missing atom CB in residue VAL B 360
2024-02-28 14:07:18,870 WARNING:biomolecule.py:157:num_missing_heavy:Missing atom CG1 in residue VAL B 360
2024-02-28 14:07:18,870 WARNING:biomolecule.py:157:num_missing_heavy:Missing atom CG2 in residue VAL B 360
2024-02-28 14:07:18,870 WARNING:biomolecule.py:157:num_missing_heavy:Missing atom CD in residue LYS B 376
2024-02-28 14:07:18,870 WARNING:biomolecule.py:157:num_missing_heavy:Missing atom CE in residue LYS B 376
2024-02-28 14:07:18,870 WARNING:biomolecule.py:157:num_missing_heavy:Missing atom NZ in residue LYS B 376
2024-02-28 14:07:18,870 WARNING:biomolecule.py:157:num_missing_heavy:Missing atom CD in residue LYS B 425
2024-02-28 14:07:18,870 WARNING:biomolecule.py:157:num_missing_heavy:Missing atom CE in residue LYS B 425
2024-02-28 14:07:18,870 WARNING:biomolecule.py:157:num_missing_heavy:Missing atom NZ in residue LYS B 425
2024-02-28 14:07:18,870 WARNING:biomolecule.py:157:num_missing_heavy:Missing atom CG in residue LYS B 440
2024-02-28 14:07:18,870 WARNING:biomolecule.py:157:num_missing_heavy:Missing atom CD in residue LYS B 440
2024-02-28 14:07:18,871 WARNING:biomolecule.py:157:num_missing_heavy:Missing atom CE in residue LYS B 440
2024-02-28 14:07:18,871 WARNING:biomolecule.py:157:num_missing_heavy:Missing atom NZ in residue LYS B 440
2024-02-28 14:07:18,871 WARNING:biomolecule.py:157:num_missing_heavy:Missing atom OXT in residue GLU B 445
2024-02-28 14:07:22,753 WARNING:main.py:311:print_pqr:Ignoring 2249 header lines in output.
2024-02-28 14:07:22,753 WARNING:main.py:315:print_pqr:Ignoring 43 missing lines in output.
