2024-02-28 14:07:18,058 WARNING:biomolecule.py:992:create_residue:Unable to find amino or nucleic acid definition for TPO.  Parsing as new residue.
2024-02-28 14:07:18,129 WARNING:biomolecule.py:992:create_residue:Unable to find amino or nucleic acid definition for TPO.  Parsing as new residue.
2024-02-28 14:07:18,592 WARNING:biomolecule.py:992:create_residue:Unable to find amino or nucleic acid definition for 4SP.  Parsing as new residue.
2024-02-28 14:07:18,592 WARNING:biomolecule.py:992:create_residue:Unable to find amino or nucleic acid definition for 4SP.  Parsing as new residue.
2024-02-28 14:07:18,796 WARNING:biomolecule.py:157:num_missing_heavy:Missing atom OXT in residue LEU A 296
2024-02-28 14:07:19,070 WARNING:biomolecule.py:157:num_missing_heavy:Missing atom OXT in residue LEU B 432
2024-02-28 14:07:19,072 WARNING:biomolecule.py:157:num_missing_heavy:Missing atom OXT in residue LEU C 296
2024-02-28 14:07:19,266 WARNING:biomolecule.py:157:num_missing_heavy:Missing atom OXT in residue LEU D 432
2024-02-28 14:07:19,309 WARNING:biomolecule.py:157:num_missing_heavy:Missing atom OXT in residue LEU A 296
2024-02-28 14:07:19,311 WARNING:biomolecule.py:157:num_missing_heavy:Missing atom OXT in residue LEU B 432
2024-02-28 14:07:19,313 WARNING:biomolecule.py:157:num_missing_heavy:Missing atom OXT in residue LEU C 296
2024-02-28 14:07:19,374 WARNING:biomolecule.py:157:num_missing_heavy:Missing atom OXT in residue LEU D 432
2024-02-28 14:07:19,376 WARNING:biomolecule.py:157:num_missing_heavy:Missing atom OXT in residue LEU A 296
2024-02-28 14:07:19,377 WARNING:biomolecule.py:157:num_missing_heavy:Missing atom OXT in residue LEU B 432
2024-02-28 14:07:19,379 WARNING:biomolecule.py:157:num_missing_heavy:Missing atom OXT in residue LEU C 296
2024-02-28 14:07:19,380 WARNING:biomolecule.py:157:num_missing_heavy:Missing atom OXT in residue LEU D 432
2024-02-28 14:07:24,757 WARNING:main.py:311:print_pqr:Ignoring 3424 header lines in output.
2024-02-28 14:07:24,757 WARNING:main.py:315:print_pqr:Ignoring 78 missing lines in output.
2024-03-26 17:42:27,937 WARNING:biomolecule.py:992:create_residue:Unable to find amino or nucleic acid definition for TPO.  Parsing as new residue.
2024-03-26 17:42:27,963 WARNING:biomolecule.py:992:create_residue:Unable to find amino or nucleic acid definition for TPO.  Parsing as new residue.
2024-03-26 17:42:27,981 WARNING:biomolecule.py:992:create_residue:Unable to find amino or nucleic acid definition for 4SP.  Parsing as new residue.
2024-03-26 17:42:27,981 WARNING:biomolecule.py:992:create_residue:Unable to find amino or nucleic acid definition for 4SP.  Parsing as new residue.
2024-03-26 17:42:28,039 WARNING:biomolecule.py:157:num_missing_heavy:Missing atom OXT in residue LEU A 296
2024-03-26 17:42:28,040 WARNING:biomolecule.py:157:num_missing_heavy:Missing atom OXT in residue LEU B 432
2024-03-26 17:42:28,041 WARNING:biomolecule.py:157:num_missing_heavy:Missing atom OXT in residue LEU C 296
2024-03-26 17:42:28,042 WARNING:biomolecule.py:157:num_missing_heavy:Missing atom OXT in residue LEU D 432
2024-03-26 17:42:28,043 WARNING:biomolecule.py:157:num_missing_heavy:Missing atom OXT in residue LEU A 296
2024-03-26 17:42:28,044 WARNING:biomolecule.py:157:num_missing_heavy:Missing atom OXT in residue LEU B 432
2024-03-26 17:42:28,045 WARNING:biomolecule.py:157:num_missing_heavy:Missing atom OXT in residue LEU C 296
2024-03-26 17:42:28,046 WARNING:biomolecule.py:157:num_missing_heavy:Missing atom OXT in residue LEU D 432
2024-03-26 17:42:28,047 WARNING:biomolecule.py:157:num_missing_heavy:Missing atom OXT in residue LEU A 296
2024-03-26 17:42:28,048 WARNING:biomolecule.py:157:num_missing_heavy:Missing atom OXT in residue LEU B 432
2024-03-26 17:42:28,049 WARNING:biomolecule.py:157:num_missing_heavy:Missing atom OXT in residue LEU C 296
2024-03-26 17:42:28,061 WARNING:biomolecule.py:157:num_missing_heavy:Missing atom OXT in residue LEU D 432
