2024-02-28 14:07:17,622 WARNING:biomolecule.py:992:create_residue:Unable to find amino or nucleic acid definition for SO4.  Parsing as new residue.
2024-02-28 14:07:17,637 WARNING:biomolecule.py:992:create_residue:Unable to find amino or nucleic acid definition for SO4.  Parsing as new residue.
2024-02-28 14:07:17,637 WARNING:biomolecule.py:992:create_residue:Unable to find amino or nucleic acid definition for NH4.  Parsing as new residue.
2024-02-28 14:07:17,637 WARNING:biomolecule.py:992:create_residue:Unable to find amino or nucleic acid definition for MES.  Parsing as new residue.
2024-02-28 14:07:17,638 WARNING:biomolecule.py:992:create_residue:Unable to find amino or nucleic acid definition for GDP.  Parsing as new residue.
2024-02-28 14:07:17,638 WARNING:main.py:418:setup_molecule:Multiple occupancies found: OG in SER A 5.
2024-02-28 14:07:17,638 WARNING:main.py:424:setup_molecule:Multiple occupancies found in SER A 5. At least one of the instances is being ignored.
2024-02-28 14:07:17,638 WARNING:main.py:418:setup_molecule:Multiple occupancies found: CD in ARG A 19.
2024-02-28 14:07:17,638 WARNING:main.py:418:setup_molecule:Multiple occupancies found: NE in ARG A 19.
2024-02-28 14:07:17,638 WARNING:main.py:418:setup_molecule:Multiple occupancies found: CZ in ARG A 19.
2024-02-28 14:07:17,638 WARNING:main.py:418:setup_molecule:Multiple occupancies found: NH1 in ARG A 19.
2024-02-28 14:07:17,638 WARNING:main.py:418:setup_molecule:Multiple occupancies found: NH2 in ARG A 19.
2024-02-28 14:07:17,638 WARNING:main.py:424:setup_molecule:Multiple occupancies found in ARG A 19. At least one of the instances is being ignored.
2024-02-28 14:07:17,638 WARNING:main.py:418:setup_molecule:Multiple occupancies found: CG1 in VAL A 56.
2024-02-28 14:07:17,638 WARNING:main.py:418:setup_molecule:Multiple occupancies found: CG2 in VAL A 56.
2024-02-28 14:07:17,638 WARNING:main.py:424:setup_molecule:Multiple occupancies found in VAL A 56. At least one of the instances is being ignored.
2024-02-28 14:07:17,638 WARNING:main.py:418:setup_molecule:Multiple occupancies found: CG1 in ILE A 87.
2024-02-28 14:07:17,638 WARNING:main.py:418:setup_molecule:Multiple occupancies found: CG2 in ILE A 87.
2024-02-28 14:07:17,639 WARNING:main.py:418:setup_molecule:Multiple occupancies found: CD1 in ILE A 87.
2024-02-28 14:07:17,639 WARNING:main.py:424:setup_molecule:Multiple occupancies found in ILE A 87. At least one of the instances is being ignored.
2024-02-28 14:07:17,639 WARNING:main.py:418:setup_molecule:Multiple occupancies found: CG in PHE A 100.
2024-02-28 14:07:17,639 WARNING:main.py:418:setup_molecule:Multiple occupancies found: CD1 in PHE A 100.
2024-02-28 14:07:17,639 WARNING:main.py:418:setup_molecule:Multiple occupancies found: CD2 in PHE A 100.
2024-02-28 14:07:17,639 WARNING:main.py:418:setup_molecule:Multiple occupancies found: CE1 in PHE A 100.
2024-02-28 14:07:17,639 WARNING:main.py:418:setup_molecule:Multiple occupancies found: CE2 in PHE A 100.
2024-02-28 14:07:17,639 WARNING:main.py:418:setup_molecule:Multiple occupancies found: CZ in PHE A 100.
2024-02-28 14:07:17,639 WARNING:main.py:424:setup_molecule:Multiple occupancies found in PHE A 100. At least one of the instances is being ignored.
2024-02-28 14:07:17,639 WARNING:main.py:418:setup_molecule:Multiple occupancies found: OG in SER A 117.
2024-02-28 14:07:17,639 WARNING:main.py:424:setup_molecule:Multiple occupancies found in SER A 117. At least one of the instances is being ignored.
2024-02-28 14:07:17,639 WARNING:main.py:418:setup_molecule:Multiple occupancies found: CG in ASN A 144.
2024-02-28 14:07:17,639 WARNING:main.py:418:setup_molecule:Multiple occupancies found: OD1 in ASN A 144.
2024-02-28 14:07:17,639 WARNING:main.py:418:setup_molecule:Multiple occupancies found: ND2 in ASN A 144.
2024-02-28 14:07:17,639 WARNING:main.py:424:setup_molecule:Multiple occupancies found in ASN A 144. At least one of the instances is being ignored.
2024-02-28 14:07:17,639 WARNING:main.py:418:setup_molecule:Multiple occupancies found: OG in SER A 157.
2024-02-28 14:07:17,639 WARNING:main.py:424:setup_molecule:Multiple occupancies found in SER A 157. At least one of the instances is being ignored.
2024-02-28 14:07:17,778 WARNING:biomolecule.py:157:num_missing_heavy:Missing atom OXT in residue VAL A 177
2024-02-28 14:07:17,779 WARNING:biomolecule.py:157:num_missing_heavy:Missing atom OXT in residue VAL A 177
2024-02-28 14:07:17,780 WARNING:biomolecule.py:157:num_missing_heavy:Missing atom OXT in residue VAL A 177
2024-02-28 14:07:20,914 WARNING:main.py:311:print_pqr:Ignoring 2456 header lines in output.
2024-02-28 14:07:20,914 WARNING:main.py:315:print_pqr:Ignoring 51 missing lines in output.
