2024-02-28 14:07:16,801 WARNING:biomolecule.py:992:create_residue:Unable to find amino or nucleic acid definition for BEN.  Parsing as new residue.
2024-02-28 14:07:16,802 WARNING:biomolecule.py:992:create_residue:Unable to find amino or nucleic acid definition for CA.  Parsing as new residue.
2024-02-28 14:07:16,802 WARNING:main.py:418:setup_molecule:Multiple occupancies found: N in LEU A 27.
2024-02-28 14:07:16,802 WARNING:main.py:418:setup_molecule:Multiple occupancies found: CA in LEU A 27.
2024-02-28 14:07:16,802 WARNING:main.py:418:setup_molecule:Multiple occupancies found: C in LEU A 27.
2024-02-28 14:07:16,802 WARNING:main.py:418:setup_molecule:Multiple occupancies found: O in LEU A 27.
2024-02-28 14:07:16,802 WARNING:main.py:418:setup_molecule:Multiple occupancies found: CB in LEU A 27.
2024-02-28 14:07:16,802 WARNING:main.py:418:setup_molecule:Multiple occupancies found: CG in LEU A 27.
2024-02-28 14:07:16,802 WARNING:main.py:418:setup_molecule:Multiple occupancies found: CD1 in LEU A 27.
2024-02-28 14:07:16,802 WARNING:main.py:418:setup_molecule:Multiple occupancies found: CD2 in LEU A 27.
2024-02-28 14:07:16,802 WARNING:main.py:424:setup_molecule:Multiple occupancies found in LEU A 27. At least one of the instances is being ignored.
2024-02-28 14:07:16,802 WARNING:main.py:418:setup_molecule:Multiple occupancies found: N in PRO A 28.
2024-02-28 14:07:16,802 WARNING:main.py:418:setup_molecule:Multiple occupancies found: CA in PRO A 28.
2024-02-28 14:07:16,802 WARNING:main.py:418:setup_molecule:Multiple occupancies found: C in PRO A 28.
2024-02-28 14:07:16,802 WARNING:main.py:418:setup_molecule:Multiple occupancies found: O in PRO A 28.
2024-02-28 14:07:16,802 WARNING:main.py:418:setup_molecule:Multiple occupancies found: CB in PRO A 28.
2024-02-28 14:07:16,802 WARNING:main.py:418:setup_molecule:Multiple occupancies found: CG in PRO A 28.
2024-02-28 14:07:16,802 WARNING:main.py:418:setup_molecule:Multiple occupancies found: CD in PRO A 28.
2024-02-28 14:07:16,802 WARNING:main.py:424:setup_molecule:Multiple occupancies found in PRO A 28. At least one of the instances is being ignored.
2024-02-28 14:07:16,802 WARNING:main.py:418:setup_molecule:Multiple occupancies found: N in SER A 122.
2024-02-28 14:07:16,802 WARNING:main.py:418:setup_molecule:Multiple occupancies found: CA in SER A 122.
2024-02-28 14:07:16,802 WARNING:main.py:418:setup_molecule:Multiple occupancies found: C in SER A 122.
2024-02-28 14:07:16,802 WARNING:main.py:418:setup_molecule:Multiple occupancies found: O in SER A 122.
2024-02-28 14:07:16,802 WARNING:main.py:418:setup_molecule:Multiple occupancies found: CB in SER A 122.
2024-02-28 14:07:16,803 WARNING:main.py:418:setup_molecule:Multiple occupancies found: OG in SER A 122.
2024-02-28 14:07:16,803 WARNING:main.py:424:setup_molecule:Multiple occupancies found in SER A 122. At least one of the instances is being ignored.
2024-02-28 14:07:16,803 WARNING:main.py:418:setup_molecule:Multiple occupancies found: N in PRO A 128.
2024-02-28 14:07:16,803 WARNING:main.py:418:setup_molecule:Multiple occupancies found: CA in PRO A 128.
2024-02-28 14:07:16,803 WARNING:main.py:418:setup_molecule:Multiple occupancies found: C in PRO A 128.
2024-02-28 14:07:16,803 WARNING:main.py:418:setup_molecule:Multiple occupancies found: O in PRO A 128.
2024-02-28 14:07:16,803 WARNING:main.py:418:setup_molecule:Multiple occupancies found: CB in PRO A 128.
2024-02-28 14:07:16,803 WARNING:main.py:418:setup_molecule:Multiple occupancies found: CG in PRO A 128.
2024-02-28 14:07:16,803 WARNING:main.py:418:setup_molecule:Multiple occupancies found: CD in PRO A 128.
2024-02-28 14:07:16,803 WARNING:main.py:424:setup_molecule:Multiple occupancies found in PRO A 128. At least one of the instances is being ignored.
2024-02-28 14:07:16,803 WARNING:main.py:418:setup_molecule:Multiple occupancies found: N in GLN A 192.
2024-02-28 14:07:16,803 WARNING:main.py:418:setup_molecule:Multiple occupancies found: CA in GLN A 192.
2024-02-28 14:07:16,803 WARNING:main.py:418:setup_molecule:Multiple occupancies found: C in GLN A 192.
2024-02-28 14:07:16,803 WARNING:main.py:418:setup_molecule:Multiple occupancies found: O in GLN A 192.
2024-02-28 14:07:16,803 WARNING:main.py:418:setup_molecule:Multiple occupancies found: CB in GLN A 192.
2024-02-28 14:07:16,803 WARNING:main.py:418:setup_molecule:Multiple occupancies found: CG in GLN A 192.
2024-02-28 14:07:16,803 WARNING:main.py:418:setup_molecule:Multiple occupancies found: CD in GLN A 192.
2024-02-28 14:07:16,803 WARNING:main.py:418:setup_molecule:Multiple occupancies found: OE1 in GLN A 192.
2024-02-28 14:07:16,803 WARNING:main.py:418:setup_molecule:Multiple occupancies found: NE2 in GLN A 192.
2024-02-28 14:07:16,803 WARNING:main.py:424:setup_molecule:Multiple occupancies found in GLN A 192. At least one of the instances is being ignored.
2024-02-28 14:07:16,803 WARNING:main.py:418:setup_molecule:Multiple occupancies found: N in ARG A 224.
2024-02-28 14:07:16,803 WARNING:main.py:418:setup_molecule:Multiple occupancies found: CA in ARG A 224.
2024-02-28 14:07:16,803 WARNING:main.py:418:setup_molecule:Multiple occupancies found: C in ARG A 224.
2024-02-28 14:07:16,803 WARNING:main.py:418:setup_molecule:Multiple occupancies found: O in ARG A 224.
2024-02-28 14:07:16,803 WARNING:main.py:418:setup_molecule:Multiple occupancies found: CB in ARG A 224.
2024-02-28 14:07:16,803 WARNING:main.py:418:setup_molecule:Multiple occupancies found: CG in ARG A 224.
2024-02-28 14:07:16,803 WARNING:main.py:418:setup_molecule:Multiple occupancies found: CD in ARG A 224.
2024-02-28 14:07:16,803 WARNING:main.py:418:setup_molecule:Multiple occupancies found: NE in ARG A 224.
2024-02-28 14:07:16,803 WARNING:main.py:418:setup_molecule:Multiple occupancies found: CZ in ARG A 224.
2024-02-28 14:07:16,803 WARNING:main.py:418:setup_molecule:Multiple occupancies found: NH1 in ARG A 224.
2024-02-28 14:07:16,803 WARNING:main.py:418:setup_molecule:Multiple occupancies found: NH2 in ARG A 224.
2024-02-28 14:07:16,803 WARNING:main.py:424:setup_molecule:Multiple occupancies found in ARG A 224. At least one of the instances is being ignored.
2024-02-28 14:07:19,262 WARNING:main.py:311:print_pqr:Ignoring 1087 header lines in output.
2024-02-28 14:07:19,262 WARNING:main.py:315:print_pqr:Ignoring 10 missing lines in output.
