2024-02-28 14:07:18,195 WARNING:biomolecule.py:992:create_residue:Unable to find amino or nucleic acid definition for NAG.  Parsing as new residue.
2024-02-28 14:07:18,225 WARNING:biomolecule.py:992:create_residue:Unable to find amino or nucleic acid definition for NAG.  Parsing as new residue.
2024-02-28 14:07:18,226 WARNING:biomolecule.py:992:create_residue:Unable to find amino or nucleic acid definition for BMA.  Parsing as new residue.
2024-02-28 14:07:18,226 WARNING:biomolecule.py:992:create_residue:Unable to find amino or nucleic acid definition for MAN.  Parsing as new residue.
2024-02-28 14:07:18,226 WARNING:biomolecule.py:992:create_residue:Unable to find amino or nucleic acid definition for MAN.  Parsing as new residue.
2024-02-28 14:07:18,226 WARNING:biomolecule.py:992:create_residue:Unable to find amino or nucleic acid definition for NAG.  Parsing as new residue.
2024-02-28 14:07:18,226 WARNING:biomolecule.py:992:create_residue:Unable to find amino or nucleic acid definition for NAG.  Parsing as new residue.
2024-02-28 14:07:18,226 WARNING:biomolecule.py:992:create_residue:Unable to find amino or nucleic acid definition for BMA.  Parsing as new residue.
2024-02-28 14:07:18,226 WARNING:biomolecule.py:992:create_residue:Unable to find amino or nucleic acid definition for MAN.  Parsing as new residue.
2024-02-28 14:07:18,226 WARNING:io.py:40:filter:Suppressing further "Unable to find amino or nucleic acid definition for" messages
2024-02-28 14:07:18,230 WARNING:main.py:418:setup_molecule:Multiple occupancies found: N in ASP A 25.
2024-02-28 14:07:18,602 WARNING:main.py:418:setup_molecule:Multiple occupancies found: CA in ASP A 25.
2024-02-28 14:07:18,602 WARNING:main.py:418:setup_molecule:Multiple occupancies found: C in ASP A 25.
2024-02-28 14:07:18,602 WARNING:main.py:418:setup_molecule:Multiple occupancies found: O in ASP A 25.
2024-02-28 14:07:18,602 WARNING:main.py:418:setup_molecule:Multiple occupancies found: CB in ASP A 25.
2024-02-28 14:07:18,602 WARNING:main.py:418:setup_molecule:Multiple occupancies found: CG in ASP A 25.
2024-02-28 14:07:18,602 WARNING:main.py:418:setup_molecule:Multiple occupancies found: OD1 in ASP A 25.
2024-02-28 14:07:18,603 WARNING:main.py:418:setup_molecule:Multiple occupancies found: OD2 in ASP A 25.
2024-02-28 14:07:18,603 WARNING:main.py:418:setup_molecule:Multiple occupancies found: H in ASP A 25.
2024-02-28 14:07:18,603 WARNING:main.py:424:setup_molecule:Multiple occupancies found in ASP A 25. At least one of the instances is being ignored.
2024-02-28 14:07:18,603 WARNING:main.py:418:setup_molecule:Multiple occupancies found: N in SER A 119.
2024-02-28 14:07:18,603 WARNING:main.py:418:setup_molecule:Multiple occupancies found: CA in SER A 119.
2024-02-28 14:07:18,603 WARNING:main.py:418:setup_molecule:Multiple occupancies found: C in SER A 119.
2024-02-28 14:07:18,603 WARNING:main.py:418:setup_molecule:Multiple occupancies found: O in SER A 119.
2024-02-28 14:07:18,603 WARNING:main.py:418:setup_molecule:Multiple occupancies found: CB in SER A 119.
2024-02-28 14:07:18,603 WARNING:main.py:418:setup_molecule:Multiple occupancies found: OG in SER A 119.
2024-02-28 14:07:18,603 WARNING:main.py:418:setup_molecule:Multiple occupancies found: H in SER A 119.
2024-02-28 14:07:18,603 WARNING:main.py:418:setup_molecule:Multiple occupancies found: HG in SER A 119.
2024-02-28 14:07:18,603 WARNING:main.py:424:setup_molecule:Multiple occupancies found in SER A 119. At least one of the instances is being ignored.
2024-02-28 14:07:18,603 WARNING:main.py:418:setup_molecule:Multiple occupancies found: N in THR A 152.
2024-02-28 14:07:18,603 WARNING:main.py:418:setup_molecule:Multiple occupancies found: CA in THR A 152.
2024-02-28 14:07:18,603 WARNING:main.py:418:setup_molecule:Multiple occupancies found: C in THR A 152.
2024-02-28 14:07:18,603 WARNING:main.py:418:setup_molecule:Multiple occupancies found: O in THR A 152.
2024-02-28 14:07:18,603 WARNING:main.py:418:setup_molecule:Multiple occupancies found: CB in THR A 152.
2024-02-28 14:07:18,603 WARNING:main.py:418:setup_molecule:Multiple occupancies found: OG1 in THR A 152.
2024-02-28 14:07:18,603 WARNING:main.py:418:setup_molecule:Multiple occupancies found: CG2 in THR A 152.
2024-02-28 14:07:18,603 WARNING:main.py:418:setup_molecule:Multiple occupancies found: H in THR A 152.
2024-02-28 14:07:18,603 WARNING:main.py:418:setup_molecule:Multiple occupancies found: HG1 in THR A 152.
2024-02-28 14:07:18,603 WARNING:main.py:424:setup_molecule:Multiple occupancies found in THR A 152. At least one of the instances is being ignored.
2024-02-28 14:07:18,603 WARNING:main.py:418:setup_molecule:Multiple occupancies found: N in THR A 246.
2024-02-28 14:07:18,603 WARNING:main.py:418:setup_molecule:Multiple occupancies found: CA in THR A 246.
2024-02-28 14:07:18,603 WARNING:main.py:418:setup_molecule:Multiple occupancies found: C in THR A 246.
2024-02-28 14:07:18,603 WARNING:main.py:418:setup_molecule:Multiple occupancies found: O in THR A 246.
2024-02-28 14:07:18,604 WARNING:main.py:418:setup_molecule:Multiple occupancies found: CB in THR A 246.
2024-02-28 14:07:18,604 WARNING:main.py:418:setup_molecule:Multiple occupancies found: OG1 in THR A 246.
2024-02-28 14:07:18,604 WARNING:main.py:418:setup_molecule:Multiple occupancies found: CG2 in THR A 246.
2024-02-28 14:07:18,604 WARNING:main.py:418:setup_molecule:Multiple occupancies found: H in THR A 246.
2024-02-28 14:07:18,604 WARNING:main.py:418:setup_molecule:Multiple occupancies found: HG1 in THR A 246.
2024-02-28 14:07:18,604 WARNING:main.py:424:setup_molecule:Multiple occupancies found in THR A 246. At least one of the instances is being ignored.
2024-02-28 14:07:18,604 WARNING:main.py:418:setup_molecule:Multiple occupancies found: N in SER A 368.
2024-02-28 14:07:18,604 WARNING:main.py:418:setup_molecule:Multiple occupancies found: CA in SER A 368.
2024-02-28 14:07:18,604 WARNING:main.py:418:setup_molecule:Multiple occupancies found: C in SER A 368.
2024-02-28 14:07:18,604 WARNING:main.py:418:setup_molecule:Multiple occupancies found: O in SER A 368.
2024-02-28 14:07:18,604 WARNING:main.py:418:setup_molecule:Multiple occupancies found: CB in SER A 368.
2024-02-28 14:07:18,604 WARNING:main.py:418:setup_molecule:Multiple occupancies found: OG in SER A 368.
2024-02-28 14:07:18,604 WARNING:main.py:418:setup_molecule:Multiple occupancies found: H in SER A 368.
2024-02-28 14:07:18,604 WARNING:main.py:418:setup_molecule:Multiple occupancies found: HG in SER A 368.
2024-02-28 14:07:18,604 WARNING:main.py:424:setup_molecule:Multiple occupancies found in SER A 368. At least one of the instances is being ignored.
2024-02-28 14:07:18,604 WARNING:main.py:418:setup_molecule:Multiple occupancies found: N in SER A 371.
2024-02-28 14:07:18,604 WARNING:main.py:418:setup_molecule:Multiple occupancies found: CA in SER A 371.
2024-02-28 14:07:18,604 WARNING:main.py:418:setup_molecule:Multiple occupancies found: C in SER A 371.
2024-02-28 14:07:18,604 WARNING:main.py:418:setup_molecule:Multiple occupancies found: O in SER A 371.
2024-02-28 14:07:18,604 WARNING:main.py:418:setup_molecule:Multiple occupancies found: CB in SER A 371.
2024-02-28 14:07:18,604 WARNING:main.py:418:setup_molecule:Multiple occupancies found: OG in SER A 371.
2024-02-28 14:07:18,604 WARNING:main.py:418:setup_molecule:Multiple occupancies found: H in SER A 371.
2024-02-28 14:07:18,604 WARNING:main.py:418:setup_molecule:Multiple occupancies found: HG in SER A 371.
2024-02-28 14:07:18,604 WARNING:main.py:424:setup_molecule:Multiple occupancies found in SER A 371. At least one of the instances is being ignored.
2024-02-28 14:07:18,604 WARNING:main.py:418:setup_molecule:Multiple occupancies found: N in SER A 375.
2024-02-28 14:07:18,604 WARNING:main.py:418:setup_molecule:Multiple occupancies found: CA in SER A 375.
2024-02-28 14:07:18,604 WARNING:main.py:418:setup_molecule:Multiple occupancies found: C in SER A 375.
2024-02-28 14:07:18,604 WARNING:main.py:418:setup_molecule:Multiple occupancies found: O in SER A 375.
2024-02-28 14:07:18,604 WARNING:main.py:418:setup_molecule:Multiple occupancies found: CB in SER A 375.
2024-02-28 14:07:18,604 WARNING:main.py:418:setup_molecule:Multiple occupancies found: OG in SER A 375.
2024-02-28 14:07:18,604 WARNING:main.py:418:setup_molecule:Multiple occupancies found: H in SER A 375.
2024-02-28 14:07:18,604 WARNING:main.py:418:setup_molecule:Multiple occupancies found: HG in SER A 375.
2024-02-28 14:07:18,604 WARNING:main.py:424:setup_molecule:Multiple occupancies found in SER A 375. At least one of the instances is being ignored.
2024-02-28 14:07:18,605 WARNING:main.py:418:setup_molecule:Multiple occupancies found: N in THR A 452.
2024-02-28 14:07:18,605 WARNING:main.py:418:setup_molecule:Multiple occupancies found: CA in THR A 452.
2024-02-28 14:07:18,605 WARNING:main.py:418:setup_molecule:Multiple occupancies found: C in THR A 452.
2024-02-28 14:07:18,605 WARNING:main.py:418:setup_molecule:Multiple occupancies found: O in THR A 452.
2024-02-28 14:07:18,605 WARNING:main.py:418:setup_molecule:Multiple occupancies found: CB in THR A 452.
2024-02-28 14:07:18,605 WARNING:main.py:418:setup_molecule:Multiple occupancies found: OG1 in THR A 452.
2024-02-28 14:07:18,605 WARNING:main.py:418:setup_molecule:Multiple occupancies found: CG2 in THR A 452.
2024-02-28 14:07:18,605 WARNING:main.py:418:setup_molecule:Multiple occupancies found: H in THR A 452.
2024-02-28 14:07:18,605 WARNING:main.py:424:setup_molecule:Multiple occupancies found in THR A 452. At least one of the instances is being ignored.
2024-02-28 14:07:18,605 WARNING:main.py:418:setup_molecule:Multiple occupancies found: N in SER A 455.
2024-02-28 14:07:18,605 WARNING:main.py:418:setup_molecule:Multiple occupancies found: CA in SER A 455.
2024-02-28 14:07:18,605 WARNING:main.py:418:setup_molecule:Multiple occupancies found: C in SER A 455.
2024-02-28 14:07:18,605 WARNING:main.py:418:setup_molecule:Multiple occupancies found: O in SER A 455.
2024-02-28 14:07:18,605 WARNING:main.py:418:setup_molecule:Multiple occupancies found: CB in SER A 455.
2024-02-28 14:07:18,605 WARNING:main.py:418:setup_molecule:Multiple occupancies found: OG in SER A 455.
2024-02-28 14:07:18,605 WARNING:main.py:418:setup_molecule:Multiple occupancies found: H in SER A 455.
2024-02-28 14:07:18,605 WARNING:main.py:424:setup_molecule:Multiple occupancies found in SER A 455. At least one of the instances is being ignored.
2024-02-28 14:07:20,272 WARNING:main.py:311:print_pqr:Ignoring 20828 header lines in output.
2024-02-28 14:07:20,272 WARNING:main.py:315:print_pqr:Ignoring 627 missing lines in output.
