2024-02-28 14:07:18,044 WARNING:biomolecule.py:992:create_residue:Unable to find amino or nucleic acid definition for GSQ.  Parsing as new residue.
2024-02-28 14:07:18,079 WARNING:biomolecule.py:615:update_bonds:Gap in backbone detected between GLU A 76 and ALA A 81!
2024-02-28 14:07:18,151 WARNING:biomolecule.py:157:num_missing_heavy:Missing atom OXT in residue LYS A 243
2024-02-28 14:07:18,151 WARNING:biomolecule.py:157:num_missing_heavy:Missing atom CG in residue ARG B -2
2024-02-28 14:07:18,151 WARNING:biomolecule.py:157:num_missing_heavy:Missing atom CD in residue ARG B -2
2024-02-28 14:07:18,151 WARNING:biomolecule.py:157:num_missing_heavy:Missing atom NE in residue ARG B -2
2024-02-28 14:07:18,151 WARNING:biomolecule.py:157:num_missing_heavy:Missing atom CZ in residue ARG B -2
2024-02-28 14:07:18,151 WARNING:biomolecule.py:157:num_missing_heavy:Missing atom NH1 in residue ARG B -2
2024-02-28 14:07:18,151 WARNING:biomolecule.py:157:num_missing_heavy:Missing atom NH2 in residue ARG B -2
2024-02-28 14:07:18,152 WARNING:biomolecule.py:157:num_missing_heavy:Missing atom CG in residue LYS B -1
2024-02-28 14:07:18,152 WARNING:biomolecule.py:157:num_missing_heavy:Missing atom CD in residue LYS B -1
2024-02-28 14:07:18,152 WARNING:biomolecule.py:157:num_missing_heavy:Missing atom CE in residue LYS B -1
2024-02-28 14:07:18,152 WARNING:biomolecule.py:157:num_missing_heavy:Missing atom NZ in residue LYS B -1
2024-02-28 14:07:18,152 WARNING:biomolecule.py:157:num_missing_heavy:Missing atom OXT in residue LEU B 49
2024-02-28 14:07:18,153 WARNING:biomolecule.py:157:num_missing_heavy:Missing atom OXT in residue LYS A 243
2024-02-28 14:07:18,153 WARNING:biomolecule.py:157:num_missing_heavy:Missing atom CG in residue ARG B -2
2024-02-28 14:07:18,153 WARNING:biomolecule.py:157:num_missing_heavy:Missing atom CD in residue ARG B -2
2024-02-28 14:07:18,153 WARNING:biomolecule.py:157:num_missing_heavy:Missing atom NE in residue ARG B -2
2024-02-28 14:07:18,153 WARNING:biomolecule.py:157:num_missing_heavy:Missing atom CZ in residue ARG B -2
2024-02-28 14:07:18,153 WARNING:biomolecule.py:157:num_missing_heavy:Missing atom NH1 in residue ARG B -2
2024-02-28 14:07:18,153 WARNING:biomolecule.py:157:num_missing_heavy:Missing atom NH2 in residue ARG B -2
2024-02-28 14:07:18,153 WARNING:biomolecule.py:157:num_missing_heavy:Missing atom CG in residue LYS B -1
2024-02-28 14:07:18,153 WARNING:biomolecule.py:157:num_missing_heavy:Missing atom CD in residue LYS B -1
2024-02-28 14:07:18,153 WARNING:biomolecule.py:157:num_missing_heavy:Missing atom CE in residue LYS B -1
2024-02-28 14:07:18,153 WARNING:biomolecule.py:157:num_missing_heavy:Missing atom NZ in residue LYS B -1
2024-02-28 14:07:18,153 WARNING:biomolecule.py:157:num_missing_heavy:Missing atom OXT in residue LEU B 49
2024-02-28 14:07:18,154 WARNING:biomolecule.py:157:num_missing_heavy:Missing atom OXT in residue LYS A 243
2024-02-28 14:07:18,154 WARNING:biomolecule.py:157:num_missing_heavy:Missing atom CG in residue ARG B -2
2024-02-28 14:07:18,154 WARNING:biomolecule.py:157:num_missing_heavy:Missing atom CD in residue ARG B -2
2024-02-28 14:07:18,154 WARNING:biomolecule.py:157:num_missing_heavy:Missing atom NE in residue ARG B -2
2024-02-28 14:07:18,154 WARNING:biomolecule.py:157:num_missing_heavy:Missing atom CZ in residue ARG B -2
2024-02-28 14:07:18,154 WARNING:biomolecule.py:157:num_missing_heavy:Missing atom NH1 in residue ARG B -2
2024-02-28 14:07:18,154 WARNING:biomolecule.py:157:num_missing_heavy:Missing atom NH2 in residue ARG B -2
2024-02-28 14:07:18,154 WARNING:biomolecule.py:157:num_missing_heavy:Missing atom CG in residue LYS B -1
2024-02-28 14:07:18,154 WARNING:biomolecule.py:157:num_missing_heavy:Missing atom CD in residue LYS B -1
2024-02-28 14:07:18,154 WARNING:biomolecule.py:157:num_missing_heavy:Missing atom CE in residue LYS B -1
2024-02-28 14:07:18,154 WARNING:biomolecule.py:157:num_missing_heavy:Missing atom NZ in residue LYS B -1
2024-02-28 14:07:18,155 WARNING:biomolecule.py:157:num_missing_heavy:Missing atom OXT in residue LEU B 49
2024-02-28 14:07:21,754 WARNING:main.py:311:print_pqr:Ignoring 1798 header lines in output.
2024-02-28 14:07:21,755 WARNING:main.py:315:print_pqr:Ignoring 30 missing lines in output.
