2024-02-28 14:07:18,249 WARNING:biomolecule.py:992:create_residue:Unable to find amino or nucleic acid definition for ACT.  Parsing as new residue.
2024-02-28 14:07:18,257 WARNING:biomolecule.py:992:create_residue:Unable to find amino or nucleic acid definition for NOY.  Parsing as new residue.
2024-02-28 14:07:18,257 WARNING:biomolecule.py:992:create_residue:Unable to find amino or nucleic acid definition for ACT.  Parsing as new residue.
2024-02-28 14:07:18,257 WARNING:biomolecule.py:992:create_residue:Unable to find amino or nucleic acid definition for NOY.  Parsing as new residue.
2024-02-28 14:07:18,257 WARNING:biomolecule.py:992:create_residue:Unable to find amino or nucleic acid definition for CA.  Parsing as new residue.
2024-02-28 14:07:18,259 WARNING:main.py:418:setup_molecule:Multiple occupancies found: CA in LEU A 11.
2024-02-28 14:07:18,259 WARNING:main.py:418:setup_molecule:Multiple occupancies found: CB in LEU A 11.
2024-02-28 14:07:18,259 WARNING:main.py:418:setup_molecule:Multiple occupancies found: CG in LEU A 11.
2024-02-28 14:07:18,259 WARNING:main.py:418:setup_molecule:Multiple occupancies found: CD1 in LEU A 11.
2024-02-28 14:07:18,259 WARNING:main.py:418:setup_molecule:Multiple occupancies found: CD2 in LEU A 11.
2024-02-28 14:07:18,259 WARNING:main.py:424:setup_molecule:Multiple occupancies found in LEU A 11. At least one of the instances is being ignored.
2024-02-28 14:07:18,259 WARNING:main.py:418:setup_molecule:Multiple occupancies found: CA in LYS A 70.
2024-02-28 14:07:18,259 WARNING:main.py:418:setup_molecule:Multiple occupancies found: CB in LYS A 70.
2024-02-28 14:07:18,259 WARNING:main.py:418:setup_molecule:Multiple occupancies found: CG in LYS A 70.
2024-02-28 14:07:18,259 WARNING:main.py:418:setup_molecule:Multiple occupancies found: CD in LYS A 70.
2024-02-28 14:07:18,259 WARNING:main.py:418:setup_molecule:Multiple occupancies found: CE in LYS A 70.
2024-02-28 14:07:18,259 WARNING:main.py:418:setup_molecule:Multiple occupancies found: NZ in LYS A 70.
2024-02-28 14:07:18,259 WARNING:main.py:424:setup_molecule:Multiple occupancies found in LYS A 70. At least one of the instances is being ignored.
2024-02-28 14:07:18,259 WARNING:main.py:418:setup_molecule:Multiple occupancies found: N in LYS A 131.
2024-02-28 14:07:18,259 WARNING:main.py:418:setup_molecule:Multiple occupancies found: CA in LYS A 131.
2024-02-28 14:07:18,259 WARNING:main.py:418:setup_molecule:Multiple occupancies found: C in LYS A 131.
2024-02-28 14:07:18,259 WARNING:main.py:418:setup_molecule:Multiple occupancies found: O in LYS A 131.
2024-02-28 14:07:18,259 WARNING:main.py:418:setup_molecule:Multiple occupancies found: CB in LYS A 131.
2024-02-28 14:07:18,259 WARNING:main.py:418:setup_molecule:Multiple occupancies found: CG in LYS A 131.
2024-02-28 14:07:18,259 WARNING:main.py:418:setup_molecule:Multiple occupancies found: CD in LYS A 131.
2024-02-28 14:07:18,259 WARNING:main.py:418:setup_molecule:Multiple occupancies found: CE in LYS A 131.
2024-02-28 14:07:18,259 WARNING:main.py:418:setup_molecule:Multiple occupancies found: NZ in LYS A 131.
2024-02-28 14:07:18,259 WARNING:main.py:424:setup_molecule:Multiple occupancies found in LYS A 131. At least one of the instances is being ignored.
2024-02-28 14:07:18,259 WARNING:main.py:418:setup_molecule:Multiple occupancies found: CA in ARG A 137.
2024-02-28 14:07:18,259 WARNING:main.py:418:setup_molecule:Multiple occupancies found: CB in ARG A 137.
2024-02-28 14:07:18,259 WARNING:main.py:418:setup_molecule:Multiple occupancies found: CG in ARG A 137.
2024-02-28 14:07:18,259 WARNING:main.py:418:setup_molecule:Multiple occupancies found: CD in ARG A 137.
2024-02-28 14:07:18,259 WARNING:main.py:418:setup_molecule:Multiple occupancies found: NE in ARG A 137.
2024-02-28 14:07:18,259 WARNING:main.py:418:setup_molecule:Multiple occupancies found: CZ in ARG A 137.
2024-02-28 14:07:18,259 WARNING:main.py:418:setup_molecule:Multiple occupancies found: NH1 in ARG A 137.
2024-02-28 14:07:18,259 WARNING:main.py:418:setup_molecule:Multiple occupancies found: NH2 in ARG A 137.
2024-02-28 14:07:18,259 WARNING:main.py:424:setup_molecule:Multiple occupancies found in ARG A 137. At least one of the instances is being ignored.
2024-02-28 14:07:18,260 WARNING:main.py:418:setup_molecule:Multiple occupancies found: CA in GLU A 138.
2024-02-28 14:07:18,260 WARNING:main.py:418:setup_molecule:Multiple occupancies found: CB in GLU A 138.
2024-02-28 14:07:18,260 WARNING:main.py:418:setup_molecule:Multiple occupancies found: CG in GLU A 138.
2024-02-28 14:07:18,260 WARNING:main.py:418:setup_molecule:Multiple occupancies found: CD in GLU A 138.
2024-02-28 14:07:18,260 WARNING:main.py:418:setup_molecule:Multiple occupancies found: OE1 in GLU A 138.
2024-02-28 14:07:18,260 WARNING:main.py:418:setup_molecule:Multiple occupancies found: OE2 in GLU A 138.
2024-02-28 14:07:18,260 WARNING:main.py:424:setup_molecule:Multiple occupancies found in GLU A 138. At least one of the instances is being ignored.
2024-02-28 14:07:18,260 WARNING:main.py:418:setup_molecule:Multiple occupancies found: CA in GLU A 145.
2024-02-28 14:07:18,260 WARNING:main.py:418:setup_molecule:Multiple occupancies found: CB in GLU A 145.
2024-02-28 14:07:18,260 WARNING:main.py:418:setup_molecule:Multiple occupancies found: CG in GLU A 145.
2024-02-28 14:07:18,260 WARNING:main.py:418:setup_molecule:Multiple occupancies found: CD in GLU A 145.
2024-02-28 14:07:18,260 WARNING:main.py:418:setup_molecule:Multiple occupancies found: OE1 in GLU A 145.
2024-02-28 14:07:18,260 WARNING:main.py:418:setup_molecule:Multiple occupancies found: OE2 in GLU A 145.
2024-02-28 14:07:18,260 WARNING:main.py:424:setup_molecule:Multiple occupancies found in GLU A 145. At least one of the instances is being ignored.
2024-02-28 14:07:18,260 WARNING:main.py:418:setup_molecule:Multiple occupancies found: N in ARG A 148.
2024-02-28 14:07:18,260 WARNING:main.py:418:setup_molecule:Multiple occupancies found: CA in ARG A 148.
2024-02-28 14:07:18,260 WARNING:main.py:418:setup_molecule:Multiple occupancies found: C in ARG A 148.
2024-02-28 14:07:18,260 WARNING:main.py:418:setup_molecule:Multiple occupancies found: O in ARG A 148.
2024-02-28 14:07:18,260 WARNING:main.py:418:setup_molecule:Multiple occupancies found: CB in ARG A 148.
2024-02-28 14:07:18,260 WARNING:main.py:418:setup_molecule:Multiple occupancies found: CG in ARG A 148.
2024-02-28 14:07:18,260 WARNING:main.py:418:setup_molecule:Multiple occupancies found: CD in ARG A 148.
2024-02-28 14:07:18,260 WARNING:main.py:418:setup_molecule:Multiple occupancies found: NE in ARG A 148.
2024-02-28 14:07:18,260 WARNING:main.py:418:setup_molecule:Multiple occupancies found: CZ in ARG A 148.
2024-02-28 14:07:18,260 WARNING:main.py:418:setup_molecule:Multiple occupancies found: NH1 in ARG A 148.
2024-02-28 14:07:18,260 WARNING:main.py:418:setup_molecule:Multiple occupancies found: NH2 in ARG A 148.
2024-02-28 14:07:18,260 WARNING:main.py:424:setup_molecule:Multiple occupancies found in ARG A 148. At least one of the instances is being ignored.
2024-02-28 14:07:18,260 WARNING:main.py:418:setup_molecule:Multiple occupancies found: CA in GLU A 152.
2024-02-28 14:07:18,260 WARNING:main.py:418:setup_molecule:Multiple occupancies found: CB in GLU A 152.
2024-02-28 14:07:18,260 WARNING:main.py:418:setup_molecule:Multiple occupancies found: CG in GLU A 152.
2024-02-28 14:07:18,260 WARNING:main.py:418:setup_molecule:Multiple occupancies found: CD in GLU A 152.
2024-02-28 14:07:18,260 WARNING:main.py:418:setup_molecule:Multiple occupancies found: OE1 in GLU A 152.
2024-02-28 14:07:18,260 WARNING:main.py:418:setup_molecule:Multiple occupancies found: OE2 in GLU A 152.
2024-02-28 14:07:18,260 WARNING:main.py:424:setup_molecule:Multiple occupancies found in GLU A 152. At least one of the instances is being ignored.
2024-02-28 14:07:18,260 WARNING:main.py:418:setup_molecule:Multiple occupancies found: CA in MET A 184.
2024-02-28 14:07:18,260 WARNING:main.py:418:setup_molecule:Multiple occupancies found: CB in MET A 184.
2024-02-28 14:07:18,261 WARNING:main.py:418:setup_molecule:Multiple occupancies found: CG in MET A 184.
2024-02-28 14:07:18,261 WARNING:main.py:418:setup_molecule:Multiple occupancies found: SD in MET A 184.
2024-02-28 14:07:18,261 WARNING:main.py:418:setup_molecule:Multiple occupancies found: CE in MET A 184.
2024-02-28 14:07:18,261 WARNING:main.py:424:setup_molecule:Multiple occupancies found in MET A 184. At least one of the instances is being ignored.
2024-02-28 14:07:18,261 WARNING:main.py:418:setup_molecule:Multiple occupancies found: CA in ARG A 192.
2024-02-28 14:07:18,261 WARNING:main.py:418:setup_molecule:Multiple occupancies found: CB in ARG A 192.
2024-02-28 14:07:18,261 WARNING:main.py:418:setup_molecule:Multiple occupancies found: CG in ARG A 192.
2024-02-28 14:07:18,261 WARNING:main.py:418:setup_molecule:Multiple occupancies found: CD in ARG A 192.
2024-02-28 14:07:18,261 WARNING:main.py:418:setup_molecule:Multiple occupancies found: NE in ARG A 192.
2024-02-28 14:07:18,261 WARNING:main.py:418:setup_molecule:Multiple occupancies found: CZ in ARG A 192.
2024-02-28 14:07:18,261 WARNING:main.py:418:setup_molecule:Multiple occupancies found: NH1 in ARG A 192.
2024-02-28 14:07:18,261 WARNING:main.py:418:setup_molecule:Multiple occupancies found: NH2 in ARG A 192.
2024-02-28 14:07:18,261 WARNING:main.py:424:setup_molecule:Multiple occupancies found in ARG A 192. At least one of the instances is being ignored.
2024-02-28 14:07:18,261 WARNING:main.py:418:setup_molecule:Multiple occupancies found: CA in THR A 211.
2024-02-28 14:07:18,261 WARNING:main.py:418:setup_molecule:Multiple occupancies found: CB in THR A 211.
2024-02-28 14:07:18,261 WARNING:main.py:418:setup_molecule:Multiple occupancies found: OG1 in THR A 211.
2024-02-28 14:07:18,261 WARNING:main.py:418:setup_molecule:Multiple occupancies found: CG2 in THR A 211.
2024-02-28 14:07:18,261 WARNING:main.py:424:setup_molecule:Multiple occupancies found in THR A 211. At least one of the instances is being ignored.
2024-02-28 14:07:18,261 WARNING:main.py:418:setup_molecule:Multiple occupancies found: CA in ARG A 240.
2024-02-28 14:07:18,261 WARNING:main.py:418:setup_molecule:Multiple occupancies found: CB in ARG A 240.
2024-02-28 14:07:18,261 WARNING:main.py:418:setup_molecule:Multiple occupancies found: CG in ARG A 240.
2024-02-28 14:07:18,261 WARNING:main.py:418:setup_molecule:Multiple occupancies found: CD in ARG A 240.
2024-02-28 14:07:18,261 WARNING:main.py:418:setup_molecule:Multiple occupancies found: NE in ARG A 240.
2024-02-28 14:07:18,261 WARNING:main.py:418:setup_molecule:Multiple occupancies found: CZ in ARG A 240.
2024-02-28 14:07:18,261 WARNING:main.py:418:setup_molecule:Multiple occupancies found: NH1 in ARG A 240.
2024-02-28 14:07:18,261 WARNING:main.py:418:setup_molecule:Multiple occupancies found: NH2 in ARG A 240.
2024-02-28 14:07:18,261 WARNING:main.py:424:setup_molecule:Multiple occupancies found in ARG A 240. At least one of the instances is being ignored.
2024-02-28 14:07:18,261 WARNING:main.py:418:setup_molecule:Multiple occupancies found: CA in ASN A 246.
2024-02-28 14:07:18,261 WARNING:main.py:418:setup_molecule:Multiple occupancies found: CB in ASN A 246.
2024-02-28 14:07:18,261 WARNING:main.py:418:setup_molecule:Multiple occupancies found: CG in ASN A 246.
2024-02-28 14:07:18,261 WARNING:main.py:418:setup_molecule:Multiple occupancies found: OD1 in ASN A 246.
2024-02-28 14:07:18,261 WARNING:main.py:418:setup_molecule:Multiple occupancies found: ND2 in ASN A 246.
2024-02-28 14:07:18,261 WARNING:main.py:424:setup_molecule:Multiple occupancies found in ASN A 246. At least one of the instances is being ignored.
2024-02-28 14:07:18,261 WARNING:main.py:418:setup_molecule:Multiple occupancies found: CA in LEU A 263.
2024-02-28 14:07:18,262 WARNING:main.py:418:setup_molecule:Multiple occupancies found: CB in LEU A 263.
2024-02-28 14:07:18,262 WARNING:main.py:418:setup_molecule:Multiple occupancies found: CG in LEU A 263.
2024-02-28 14:07:18,262 WARNING:main.py:418:setup_molecule:Multiple occupancies found: CD1 in LEU A 263.
2024-02-28 14:07:18,262 WARNING:main.py:418:setup_molecule:Multiple occupancies found: CD2 in LEU A 263.
2024-02-28 14:07:18,262 WARNING:main.py:424:setup_molecule:Multiple occupancies found in LEU A 263. At least one of the instances is being ignored.
2024-02-28 14:07:18,262 WARNING:main.py:418:setup_molecule:Multiple occupancies found: CA in GLU A 266.
2024-02-28 14:07:18,262 WARNING:main.py:418:setup_molecule:Multiple occupancies found: CB in GLU A 266.
2024-02-28 14:07:18,262 WARNING:main.py:418:setup_molecule:Multiple occupancies found: CG in GLU A 266.
2024-02-28 14:07:18,262 WARNING:main.py:418:setup_molecule:Multiple occupancies found: CD in GLU A 266.
2024-02-28 14:07:18,262 WARNING:main.py:418:setup_molecule:Multiple occupancies found: OE1 in GLU A 266.
2024-02-28 14:07:18,262 WARNING:main.py:418:setup_molecule:Multiple occupancies found: OE2 in GLU A 266.
2024-02-28 14:07:18,262 WARNING:main.py:424:setup_molecule:Multiple occupancies found in GLU A 266. At least one of the instances is being ignored.
2024-02-28 14:07:18,262 WARNING:main.py:418:setup_molecule:Multiple occupancies found: CA in ASN A 275.
2024-02-28 14:07:18,262 WARNING:main.py:418:setup_molecule:Multiple occupancies found: CB in ASN A 275.
2024-02-28 14:07:18,262 WARNING:main.py:418:setup_molecule:Multiple occupancies found: CG in ASN A 275.
2024-02-28 14:07:18,262 WARNING:main.py:418:setup_molecule:Multiple occupancies found: OD1 in ASN A 275.
2024-02-28 14:07:18,262 WARNING:main.py:418:setup_molecule:Multiple occupancies found: ND2 in ASN A 275.
2024-02-28 14:07:18,262 WARNING:main.py:424:setup_molecule:Multiple occupancies found in ASN A 275. At least one of the instances is being ignored.
2024-02-28 14:07:18,262 WARNING:main.py:418:setup_molecule:Multiple occupancies found: CA in LEU A 299.
2024-02-28 14:07:18,262 WARNING:main.py:418:setup_molecule:Multiple occupancies found: CB in LEU A 299.
2024-02-28 14:07:18,262 WARNING:main.py:418:setup_molecule:Multiple occupancies found: CG in LEU A 299.
2024-02-28 14:07:18,262 WARNING:main.py:418:setup_molecule:Multiple occupancies found: CD1 in LEU A 299.
2024-02-28 14:07:18,262 WARNING:main.py:418:setup_molecule:Multiple occupancies found: CD2 in LEU A 299.
2024-02-28 14:07:18,262 WARNING:main.py:424:setup_molecule:Multiple occupancies found in LEU A 299. At least one of the instances is being ignored.
2024-02-28 14:07:18,262 WARNING:main.py:418:setup_molecule:Multiple occupancies found: CA in ASP A 316.
2024-02-28 14:07:18,262 WARNING:main.py:418:setup_molecule:Multiple occupancies found: CB in ASP A 316.
2024-02-28 14:07:18,262 WARNING:main.py:418:setup_molecule:Multiple occupancies found: CG in ASP A 316.
2024-02-28 14:07:18,262 WARNING:main.py:418:setup_molecule:Multiple occupancies found: OD1 in ASP A 316.
2024-02-28 14:07:18,262 WARNING:main.py:418:setup_molecule:Multiple occupancies found: OD2 in ASP A 316.
2024-02-28 14:07:18,262 WARNING:main.py:424:setup_molecule:Multiple occupancies found in ASP A 316. At least one of the instances is being ignored.
2024-02-28 14:07:18,262 WARNING:main.py:418:setup_molecule:Multiple occupancies found: CA in LEU A 317.
2024-02-28 14:07:18,262 WARNING:main.py:418:setup_molecule:Multiple occupancies found: CB in LEU A 317.
2024-02-28 14:07:18,262 WARNING:main.py:418:setup_molecule:Multiple occupancies found: CG in LEU A 317.
2024-02-28 14:07:18,262 WARNING:main.py:418:setup_molecule:Multiple occupancies found: CD1 in LEU A 317.
2024-02-28 14:07:18,262 WARNING:main.py:418:setup_molecule:Multiple occupancies found: CD2 in LEU A 317.
2024-02-28 14:07:18,263 WARNING:main.py:424:setup_molecule:Multiple occupancies found in LEU A 317. At least one of the instances is being ignored.
2024-02-28 14:07:18,263 WARNING:main.py:418:setup_molecule:Multiple occupancies found: CA in LYS A 339.
2024-02-28 14:07:18,263 WARNING:main.py:418:setup_molecule:Multiple occupancies found: CB in LYS A 339.
2024-02-28 14:07:18,263 WARNING:main.py:418:setup_molecule:Multiple occupancies found: CG in LYS A 339.
2024-02-28 14:07:18,263 WARNING:main.py:418:setup_molecule:Multiple occupancies found: CD in LYS A 339.
2024-02-28 14:07:18,263 WARNING:main.py:418:setup_molecule:Multiple occupancies found: CE in LYS A 339.
2024-02-28 14:07:18,263 WARNING:main.py:418:setup_molecule:Multiple occupancies found: NZ in LYS A 339.
2024-02-28 14:07:18,263 WARNING:main.py:424:setup_molecule:Multiple occupancies found in LYS A 339. At least one of the instances is being ignored.
2024-02-28 14:07:18,263 WARNING:main.py:418:setup_molecule:Multiple occupancies found: CA in GLU A 340.
2024-02-28 14:07:18,263 WARNING:main.py:418:setup_molecule:Multiple occupancies found: CB in GLU A 340.
2024-02-28 14:07:18,263 WARNING:main.py:418:setup_molecule:Multiple occupancies found: CG in GLU A 340.
2024-02-28 14:07:18,263 WARNING:main.py:418:setup_molecule:Multiple occupancies found: CD in GLU A 340.
2024-02-28 14:07:18,263 WARNING:main.py:418:setup_molecule:Multiple occupancies found: OE1 in GLU A 340.
2024-02-28 14:07:18,263 WARNING:main.py:418:setup_molecule:Multiple occupancies found: OE2 in GLU A 340.
2024-02-28 14:07:18,263 WARNING:main.py:424:setup_molecule:Multiple occupancies found in GLU A 340. At least one of the instances is being ignored.
2024-02-28 14:07:18,263 WARNING:main.py:418:setup_molecule:Multiple occupancies found: CA in VAL A 359.
2024-02-28 14:07:18,263 WARNING:main.py:418:setup_molecule:Multiple occupancies found: CB in VAL A 359.
2024-02-28 14:07:18,263 WARNING:main.py:418:setup_molecule:Multiple occupancies found: CG1 in VAL A 359.
2024-02-28 14:07:18,263 WARNING:main.py:418:setup_molecule:Multiple occupancies found: CG2 in VAL A 359.
2024-02-28 14:07:18,263 WARNING:main.py:424:setup_molecule:Multiple occupancies found in VAL A 359. At least one of the instances is being ignored.
2024-02-28 14:07:18,263 WARNING:main.py:418:setup_molecule:Multiple occupancies found: CA in ARG A 365.
2024-02-28 14:07:18,263 WARNING:main.py:418:setup_molecule:Multiple occupancies found: CB in ARG A 365.
2024-02-28 14:07:18,263 WARNING:main.py:418:setup_molecule:Multiple occupancies found: CG in ARG A 365.
2024-02-28 14:07:18,263 WARNING:main.py:418:setup_molecule:Multiple occupancies found: CD in ARG A 365.
2024-02-28 14:07:18,263 WARNING:main.py:418:setup_molecule:Multiple occupancies found: NE in ARG A 365.
2024-02-28 14:07:18,263 WARNING:main.py:418:setup_molecule:Multiple occupancies found: CZ in ARG A 365.
2024-02-28 14:07:18,263 WARNING:main.py:418:setup_molecule:Multiple occupancies found: NH1 in ARG A 365.
2024-02-28 14:07:18,263 WARNING:main.py:418:setup_molecule:Multiple occupancies found: NH2 in ARG A 365.
2024-02-28 14:07:18,263 WARNING:main.py:424:setup_molecule:Multiple occupancies found in ARG A 365. At least one of the instances is being ignored.
2024-02-28 14:07:18,263 WARNING:main.py:418:setup_molecule:Multiple occupancies found: CA in LEU A 375.
2024-02-28 14:07:18,263 WARNING:main.py:418:setup_molecule:Multiple occupancies found: CB in LEU A 375.
2024-02-28 14:07:18,263 WARNING:main.py:418:setup_molecule:Multiple occupancies found: CG in LEU A 375.
2024-02-28 14:07:18,263 WARNING:main.py:418:setup_molecule:Multiple occupancies found: CD1 in LEU A 375.
2024-02-28 14:07:18,263 WARNING:main.py:418:setup_molecule:Multiple occupancies found: CD2 in LEU A 375.
2024-02-28 14:07:18,263 WARNING:main.py:424:setup_molecule:Multiple occupancies found in LEU A 375. At least one of the instances is being ignored.
2024-02-28 14:07:18,264 WARNING:main.py:418:setup_molecule:Multiple occupancies found: CA in SER A 436.
2024-02-28 14:07:18,264 WARNING:main.py:418:setup_molecule:Multiple occupancies found: CB in SER A 436.
2024-02-28 14:07:18,264 WARNING:main.py:418:setup_molecule:Multiple occupancies found: OG in SER A 436.
2024-02-28 14:07:18,264 WARNING:main.py:424:setup_molecule:Multiple occupancies found in SER A 436. At least one of the instances is being ignored.
2024-02-28 14:07:18,264 WARNING:main.py:418:setup_molecule:Multiple occupancies found: CA in GLU B 88.
2024-02-28 14:07:18,264 WARNING:main.py:418:setup_molecule:Multiple occupancies found: CB in GLU B 88.
2024-02-28 14:07:18,649 WARNING:main.py:418:setup_molecule:Multiple occupancies found: CG in GLU B 88.
2024-02-28 14:07:18,649 WARNING:main.py:418:setup_molecule:Multiple occupancies found: CD in GLU B 88.
2024-02-28 14:07:18,649 WARNING:main.py:418:setup_molecule:Multiple occupancies found: OE1 in GLU B 88.
2024-02-28 14:07:18,649 WARNING:main.py:418:setup_molecule:Multiple occupancies found: OE2 in GLU B 88.
2024-02-28 14:07:18,649 WARNING:main.py:424:setup_molecule:Multiple occupancies found in GLU B 88. At least one of the instances is being ignored.
2024-02-28 14:07:18,649 WARNING:main.py:418:setup_molecule:Multiple occupancies found: N in GLU B 138.
2024-02-28 14:07:18,649 WARNING:main.py:418:setup_molecule:Multiple occupancies found: CA in GLU B 138.
2024-02-28 14:07:18,649 WARNING:main.py:418:setup_molecule:Multiple occupancies found: C in GLU B 138.
2024-02-28 14:07:18,649 WARNING:main.py:418:setup_molecule:Multiple occupancies found: O in GLU B 138.
2024-02-28 14:07:18,649 WARNING:main.py:418:setup_molecule:Multiple occupancies found: CB in GLU B 138.
2024-02-28 14:07:18,649 WARNING:main.py:418:setup_molecule:Multiple occupancies found: CG in GLU B 138.
2024-02-28 14:07:18,649 WARNING:main.py:418:setup_molecule:Multiple occupancies found: CD in GLU B 138.
2024-02-28 14:07:18,649 WARNING:main.py:418:setup_molecule:Multiple occupancies found: OE1 in GLU B 138.
2024-02-28 14:07:18,649 WARNING:main.py:418:setup_molecule:Multiple occupancies found: OE2 in GLU B 138.
2024-02-28 14:07:18,649 WARNING:main.py:424:setup_molecule:Multiple occupancies found in GLU B 138. At least one of the instances is being ignored.
2024-02-28 14:07:18,649 WARNING:main.py:418:setup_molecule:Multiple occupancies found: CA in SER B 147.
2024-02-28 14:07:18,649 WARNING:main.py:418:setup_molecule:Multiple occupancies found: CB in SER B 147.
2024-02-28 14:07:18,649 WARNING:main.py:418:setup_molecule:Multiple occupancies found: OG in SER B 147.
2024-02-28 14:07:18,649 WARNING:main.py:424:setup_molecule:Multiple occupancies found in SER B 147. At least one of the instances is being ignored.
2024-02-28 14:07:18,649 WARNING:main.py:418:setup_molecule:Multiple occupancies found: CA in MET B 184.
2024-02-28 14:07:18,649 WARNING:main.py:418:setup_molecule:Multiple occupancies found: CB in MET B 184.
2024-02-28 14:07:18,649 WARNING:main.py:418:setup_molecule:Multiple occupancies found: CG in MET B 184.
2024-02-28 14:07:18,649 WARNING:main.py:418:setup_molecule:Multiple occupancies found: SD in MET B 184.
2024-02-28 14:07:18,649 WARNING:main.py:418:setup_molecule:Multiple occupancies found: CE in MET B 184.
2024-02-28 14:07:18,649 WARNING:main.py:424:setup_molecule:Multiple occupancies found in MET B 184. At least one of the instances is being ignored.
2024-02-28 14:07:18,816 WARNING:main.py:418:setup_molecule:Multiple occupancies found: CA in ARG B 185.
2024-02-28 14:07:19,085 WARNING:main.py:418:setup_molecule:Multiple occupancies found: CB in ARG B 185.
2024-02-28 14:07:19,085 WARNING:main.py:418:setup_molecule:Multiple occupancies found: CG in ARG B 185.
2024-02-28 14:07:19,085 WARNING:main.py:418:setup_molecule:Multiple occupancies found: CD in ARG B 185.
2024-02-28 14:07:19,085 WARNING:main.py:418:setup_molecule:Multiple occupancies found: NE in ARG B 185.
2024-02-28 14:07:19,085 WARNING:main.py:418:setup_molecule:Multiple occupancies found: CZ in ARG B 185.
2024-02-28 14:07:19,085 WARNING:main.py:418:setup_molecule:Multiple occupancies found: NH1 in ARG B 185.
2024-02-28 14:07:19,085 WARNING:main.py:418:setup_molecule:Multiple occupancies found: NH2 in ARG B 185.
2024-02-28 14:07:19,085 WARNING:main.py:424:setup_molecule:Multiple occupancies found in ARG B 185. At least one of the instances is being ignored.
2024-02-28 14:07:19,085 WARNING:main.py:418:setup_molecule:Multiple occupancies found: CB in ARG B 203.
2024-02-28 14:07:19,086 WARNING:main.py:418:setup_molecule:Multiple occupancies found: CG in ARG B 203.
2024-02-28 14:07:19,086 WARNING:main.py:418:setup_molecule:Multiple occupancies found: CD in ARG B 203.
2024-02-28 14:07:19,086 WARNING:main.py:418:setup_molecule:Multiple occupancies found: NE in ARG B 203.
2024-02-28 14:07:19,086 WARNING:main.py:418:setup_molecule:Multiple occupancies found: CZ in ARG B 203.
2024-02-28 14:07:19,086 WARNING:main.py:418:setup_molecule:Multiple occupancies found: NH1 in ARG B 203.
2024-02-28 14:07:19,086 WARNING:main.py:418:setup_molecule:Multiple occupancies found: NH2 in ARG B 203.
2024-02-28 14:07:19,086 WARNING:main.py:424:setup_molecule:Multiple occupancies found in ARG B 203. At least one of the instances is being ignored.
2024-02-28 14:07:19,086 WARNING:main.py:418:setup_molecule:Multiple occupancies found: CA in ARG B 237.
2024-02-28 14:07:19,086 WARNING:main.py:418:setup_molecule:Multiple occupancies found: CB in ARG B 237.
2024-02-28 14:07:19,086 WARNING:main.py:418:setup_molecule:Multiple occupancies found: CG in ARG B 237.
2024-02-28 14:07:19,086 WARNING:main.py:418:setup_molecule:Multiple occupancies found: CD in ARG B 237.
2024-02-28 14:07:19,086 WARNING:main.py:418:setup_molecule:Multiple occupancies found: NE in ARG B 237.
2024-02-28 14:07:19,086 WARNING:main.py:418:setup_molecule:Multiple occupancies found: CZ in ARG B 237.
2024-02-28 14:07:19,086 WARNING:main.py:418:setup_molecule:Multiple occupancies found: NH1 in ARG B 237.
2024-02-28 14:07:19,086 WARNING:main.py:418:setup_molecule:Multiple occupancies found: NH2 in ARG B 237.
2024-02-28 14:07:19,086 WARNING:main.py:424:setup_molecule:Multiple occupancies found in ARG B 237. At least one of the instances is being ignored.
2024-02-28 14:07:19,086 WARNING:main.py:418:setup_molecule:Multiple occupancies found: CA in ASN B 246.
2024-02-28 14:07:19,086 WARNING:main.py:418:setup_molecule:Multiple occupancies found: CB in ASN B 246.
2024-02-28 14:07:19,086 WARNING:main.py:418:setup_molecule:Multiple occupancies found: CG in ASN B 246.
2024-02-28 14:07:19,086 WARNING:main.py:418:setup_molecule:Multiple occupancies found: OD1 in ASN B 246.
2024-02-28 14:07:19,086 WARNING:main.py:418:setup_molecule:Multiple occupancies found: ND2 in ASN B 246.
2024-02-28 14:07:19,086 WARNING:main.py:424:setup_molecule:Multiple occupancies found in ASN B 246. At least one of the instances is being ignored.
2024-02-28 14:07:19,086 WARNING:main.py:418:setup_molecule:Multiple occupancies found: CA in GLU B 266.
2024-02-28 14:07:19,086 WARNING:main.py:418:setup_molecule:Multiple occupancies found: CB in GLU B 266.
2024-02-28 14:07:19,086 WARNING:main.py:418:setup_molecule:Multiple occupancies found: CG in GLU B 266.
2024-02-28 14:07:19,086 WARNING:main.py:418:setup_molecule:Multiple occupancies found: CD in GLU B 266.
2024-02-28 14:07:19,086 WARNING:main.py:418:setup_molecule:Multiple occupancies found: OE1 in GLU B 266.
2024-02-28 14:07:19,086 WARNING:main.py:418:setup_molecule:Multiple occupancies found: OE2 in GLU B 266.
2024-02-28 14:07:19,086 WARNING:main.py:424:setup_molecule:Multiple occupancies found in GLU B 266. At least one of the instances is being ignored.
2024-02-28 14:07:19,086 WARNING:main.py:418:setup_molecule:Multiple occupancies found: CA in GLU B 270.
2024-02-28 14:07:19,086 WARNING:main.py:418:setup_molecule:Multiple occupancies found: CB in GLU B 270.
2024-02-28 14:07:19,086 WARNING:main.py:418:setup_molecule:Multiple occupancies found: CG in GLU B 270.
2024-02-28 14:07:19,087 WARNING:main.py:418:setup_molecule:Multiple occupancies found: CD in GLU B 270.
2024-02-28 14:07:19,087 WARNING:main.py:418:setup_molecule:Multiple occupancies found: OE1 in GLU B 270.
2024-02-28 14:07:19,087 WARNING:main.py:418:setup_molecule:Multiple occupancies found: OE2 in GLU B 270.
2024-02-28 14:07:19,087 WARNING:main.py:424:setup_molecule:Multiple occupancies found in GLU B 270. At least one of the instances is being ignored.
2024-02-28 14:07:19,087 WARNING:main.py:418:setup_molecule:Multiple occupancies found: CA in SER B 281.
2024-02-28 14:07:19,087 WARNING:main.py:418:setup_molecule:Multiple occupancies found: CB in SER B 281.
2024-02-28 14:07:19,087 WARNING:main.py:418:setup_molecule:Multiple occupancies found: OG in SER B 281.
2024-02-28 14:07:19,087 WARNING:main.py:424:setup_molecule:Multiple occupancies found in SER B 281. At least one of the instances is being ignored.
2024-02-28 14:07:19,087 WARNING:main.py:418:setup_molecule:Multiple occupancies found: CA in GLU B 282.
2024-02-28 14:07:19,087 WARNING:main.py:418:setup_molecule:Multiple occupancies found: CB in GLU B 282.
2024-02-28 14:07:19,087 WARNING:main.py:418:setup_molecule:Multiple occupancies found: CG in GLU B 282.
2024-02-28 14:07:19,087 WARNING:main.py:418:setup_molecule:Multiple occupancies found: CD in GLU B 282.
2024-02-28 14:07:19,087 WARNING:main.py:418:setup_molecule:Multiple occupancies found: OE1 in GLU B 282.
2024-02-28 14:07:19,087 WARNING:main.py:418:setup_molecule:Multiple occupancies found: OE2 in GLU B 282.
2024-02-28 14:07:19,087 WARNING:main.py:424:setup_molecule:Multiple occupancies found in GLU B 282. At least one of the instances is being ignored.
2024-02-28 14:07:19,087 WARNING:main.py:418:setup_molecule:Multiple occupancies found: CA in VAL B 300.
2024-02-28 14:07:19,087 WARNING:main.py:418:setup_molecule:Multiple occupancies found: CB in VAL B 300.
2024-02-28 14:07:19,087 WARNING:main.py:418:setup_molecule:Multiple occupancies found: CG1 in VAL B 300.
2024-02-28 14:07:19,087 WARNING:main.py:418:setup_molecule:Multiple occupancies found: CG2 in VAL B 300.
2024-02-28 14:07:19,087 WARNING:main.py:424:setup_molecule:Multiple occupancies found in VAL B 300. At least one of the instances is being ignored.
2024-02-28 14:07:19,087 WARNING:main.py:418:setup_molecule:Multiple occupancies found: CA in SER B 361.
2024-02-28 14:07:19,087 WARNING:main.py:418:setup_molecule:Multiple occupancies found: CB in SER B 361.
2024-02-28 14:07:19,087 WARNING:main.py:418:setup_molecule:Multiple occupancies found: OG in SER B 361.
2024-02-28 14:07:19,087 WARNING:main.py:424:setup_molecule:Multiple occupancies found in SER B 361. At least one of the instances is being ignored.
2024-02-28 14:07:19,087 WARNING:main.py:418:setup_molecule:Multiple occupancies found: CA in ARG B 365.
2024-02-28 14:07:19,087 WARNING:main.py:418:setup_molecule:Multiple occupancies found: CB in ARG B 365.
2024-02-28 14:07:19,087 WARNING:main.py:418:setup_molecule:Multiple occupancies found: CG in ARG B 365.
2024-02-28 14:07:19,087 WARNING:main.py:418:setup_molecule:Multiple occupancies found: CD in ARG B 365.
2024-02-28 14:07:19,087 WARNING:main.py:418:setup_molecule:Multiple occupancies found: NE in ARG B 365.
2024-02-28 14:07:19,087 WARNING:main.py:418:setup_molecule:Multiple occupancies found: CZ in ARG B 365.
2024-02-28 14:07:19,087 WARNING:main.py:418:setup_molecule:Multiple occupancies found: NH1 in ARG B 365.
2024-02-28 14:07:19,088 WARNING:main.py:418:setup_molecule:Multiple occupancies found: NH2 in ARG B 365.
2024-02-28 14:07:19,088 WARNING:main.py:424:setup_molecule:Multiple occupancies found in ARG B 365. At least one of the instances is being ignored.
2024-02-28 14:07:19,088 WARNING:main.py:418:setup_molecule:Multiple occupancies found: CA in ILE B 372.
2024-02-28 14:07:19,088 WARNING:main.py:418:setup_molecule:Multiple occupancies found: CB in ILE B 372.
2024-02-28 14:07:19,088 WARNING:main.py:418:setup_molecule:Multiple occupancies found: CG1 in ILE B 372.
2024-02-28 14:07:19,088 WARNING:main.py:418:setup_molecule:Multiple occupancies found: CG2 in ILE B 372.
2024-02-28 14:07:19,088 WARNING:main.py:418:setup_molecule:Multiple occupancies found: CD1 in ILE B 372.
2024-02-28 14:07:19,088 WARNING:main.py:424:setup_molecule:Multiple occupancies found in ILE B 372. At least one of the instances is being ignored.
2024-02-28 14:07:19,088 WARNING:main.py:418:setup_molecule:Multiple occupancies found: CA in LYS B 412.
2024-02-28 14:07:19,088 WARNING:main.py:418:setup_molecule:Multiple occupancies found: CB in LYS B 412.
2024-02-28 14:07:19,088 WARNING:main.py:418:setup_molecule:Multiple occupancies found: CG in LYS B 412.
2024-02-28 14:07:19,088 WARNING:main.py:418:setup_molecule:Multiple occupancies found: CD in LYS B 412.
2024-02-28 14:07:19,088 WARNING:main.py:418:setup_molecule:Multiple occupancies found: CE in LYS B 412.
2024-02-28 14:07:19,088 WARNING:main.py:418:setup_molecule:Multiple occupancies found: NZ in LYS B 412.
2024-02-28 14:07:19,088 WARNING:main.py:424:setup_molecule:Multiple occupancies found in LYS B 412. At least one of the instances is being ignored.
2024-02-28 14:07:19,200 WARNING:biomolecule.py:615:update_bonds:Gap in backbone detected between GLU A 231 and ASP A 235!
2024-02-28 14:07:19,200 WARNING:biomolecule.py:615:update_bonds:Gap in backbone detected between ASP A 303 and ALA A 306!
2024-02-28 14:07:19,292 WARNING:biomolecule.py:157:num_missing_heavy:Missing atom CD in residue GLU A 8
2024-02-28 14:07:19,292 WARNING:biomolecule.py:157:num_missing_heavy:Missing atom OE1 in residue GLU A 8
2024-02-28 14:07:19,292 WARNING:biomolecule.py:157:num_missing_heavy:Missing atom OE2 in residue GLU A 8
2024-02-28 14:07:19,293 WARNING:biomolecule.py:157:num_missing_heavy:Missing atom CE in residue LYS A 46
2024-02-28 14:07:19,293 WARNING:biomolecule.py:157:num_missing_heavy:Missing atom NZ in residue LYS A 46
2024-02-28 14:07:19,305 WARNING:biomolecule.py:157:num_missing_heavy:Missing atom CB in residue LYS A 309
2024-02-28 14:07:19,305 WARNING:biomolecule.py:157:num_missing_heavy:Missing atom CG in residue LYS A 309
2024-02-28 14:07:19,305 WARNING:biomolecule.py:157:num_missing_heavy:Missing atom CD in residue LYS A 309
2024-02-28 14:07:19,305 WARNING:biomolecule.py:157:num_missing_heavy:Missing atom CE in residue LYS A 309
2024-02-28 14:07:19,305 WARNING:biomolecule.py:157:num_missing_heavy:Missing atom NZ in residue LYS A 309
2024-02-28 14:07:19,306 WARNING:biomolecule.py:157:num_missing_heavy:Missing atom CD in residue LYS A 440
2024-02-28 14:07:19,306 WARNING:biomolecule.py:157:num_missing_heavy:Missing atom CE in residue LYS A 440
2024-02-28 14:07:19,306 WARNING:biomolecule.py:157:num_missing_heavy:Missing atom NZ in residue LYS A 440
2024-02-28 14:07:19,306 WARNING:biomolecule.py:157:num_missing_heavy:Missing atom OXT in residue GLU A 445
2024-02-28 14:07:19,306 WARNING:biomolecule.py:157:num_missing_heavy:Missing atom CD in residue GLU B 8
2024-02-28 14:07:19,306 WARNING:biomolecule.py:157:num_missing_heavy:Missing atom OE1 in residue GLU B 8
2024-02-28 14:07:19,306 WARNING:biomolecule.py:157:num_missing_heavy:Missing atom OE2 in residue GLU B 8
2024-02-28 14:07:19,307 WARNING:biomolecule.py:157:num_missing_heavy:Missing atom CE in residue LYS B 62
2024-02-28 14:07:19,307 WARNING:biomolecule.py:157:num_missing_heavy:Missing atom NZ in residue LYS B 62
2024-02-28 14:07:19,307 WARNING:biomolecule.py:157:num_missing_heavy:Missing atom CG in residue LYS B 70
2024-02-28 14:07:19,307 WARNING:biomolecule.py:157:num_missing_heavy:Missing atom CD in residue LYS B 70
2024-02-28 14:07:19,307 WARNING:biomolecule.py:157:num_missing_heavy:Missing atom CE in residue LYS B 70
2024-02-28 14:07:19,307 WARNING:biomolecule.py:157:num_missing_heavy:Missing atom NZ in residue LYS B 70
2024-02-28 14:07:19,307 WARNING:biomolecule.py:157:num_missing_heavy:Missing atom CG in residue LYS B 74
2024-02-28 14:07:19,307 WARNING:biomolecule.py:157:num_missing_heavy:Missing atom CD in residue LYS B 74
2024-02-28 14:07:19,307 WARNING:biomolecule.py:157:num_missing_heavy:Missing atom CE in residue LYS B 74
2024-02-28 14:07:19,307 WARNING:biomolecule.py:157:num_missing_heavy:Missing atom NZ in residue LYS B 74
2024-02-28 14:07:19,307 WARNING:biomolecule.py:157:num_missing_heavy:Missing atom CD in residue ARG B 92
2024-02-28 14:07:19,307 WARNING:biomolecule.py:157:num_missing_heavy:Missing atom NE in residue ARG B 92
2024-02-28 14:07:19,307 WARNING:biomolecule.py:157:num_missing_heavy:Missing atom CZ in residue ARG B 92
2024-02-28 14:07:19,307 WARNING:biomolecule.py:157:num_missing_heavy:Missing atom NH1 in residue ARG B 92
2024-02-28 14:07:19,307 WARNING:biomolecule.py:157:num_missing_heavy:Missing atom NH2 in residue ARG B 92
2024-02-28 14:07:19,308 WARNING:biomolecule.py:157:num_missing_heavy:Missing atom CB in residue LYS B 213
2024-02-28 14:07:19,361 WARNING:biomolecule.py:157:num_missing_heavy:Missing atom CG in residue LYS B 213
2024-02-28 14:07:19,361 WARNING:biomolecule.py:157:num_missing_heavy:Missing atom CD in residue LYS B 213
2024-02-28 14:07:19,361 WARNING:biomolecule.py:157:num_missing_heavy:Missing atom CE in residue LYS B 213
2024-02-28 14:07:19,361 WARNING:biomolecule.py:157:num_missing_heavy:Missing atom NZ in residue LYS B 213
2024-02-28 14:07:19,361 WARNING:biomolecule.py:157:num_missing_heavy:Missing atom CB in residue ASP B 214
2024-02-28 14:07:19,361 WARNING:biomolecule.py:157:num_missing_heavy:Missing atom CG in residue ASP B 214
2024-02-28 14:07:19,361 WARNING:biomolecule.py:157:num_missing_heavy:Missing atom OD1 in residue ASP B 214
2024-02-28 14:07:19,361 WARNING:biomolecule.py:157:num_missing_heavy:Missing atom OD2 in residue ASP B 214
2024-02-28 14:07:19,362 WARNING:biomolecule.py:157:num_missing_heavy:Missing atom CD in residue LYS B 216
2024-02-28 14:07:19,362 WARNING:biomolecule.py:157:num_missing_heavy:Missing atom CE in residue LYS B 216
2024-02-28 14:07:19,362 WARNING:biomolecule.py:157:num_missing_heavy:Missing atom NZ in residue LYS B 216
2024-02-28 14:07:19,362 WARNING:biomolecule.py:157:num_missing_heavy:Missing atom CG in residue GLU B 231
2024-02-28 14:07:19,362 WARNING:biomolecule.py:157:num_missing_heavy:Missing atom CD in residue GLU B 231
2024-02-28 14:07:19,362 WARNING:biomolecule.py:157:num_missing_heavy:Missing atom OE1 in residue GLU B 231
2024-02-28 14:07:19,362 WARNING:biomolecule.py:157:num_missing_heavy:Missing atom OE2 in residue GLU B 231
2024-02-28 14:07:19,362 WARNING:biomolecule.py:157:num_missing_heavy:Missing atom CG in residue LYS B 232
2024-02-28 14:07:19,362 WARNING:biomolecule.py:157:num_missing_heavy:Missing atom CD in residue LYS B 232
2024-02-28 14:07:19,362 WARNING:biomolecule.py:157:num_missing_heavy:Missing atom CE in residue LYS B 232
2024-02-28 14:07:19,362 WARNING:biomolecule.py:157:num_missing_heavy:Missing atom NZ in residue LYS B 232
2024-02-28 14:07:19,362 WARNING:biomolecule.py:157:num_missing_heavy:Missing atom CE in residue LYS B 309
2024-02-28 14:07:19,362 WARNING:biomolecule.py:157:num_missing_heavy:Missing atom NZ in residue LYS B 309
2024-02-28 14:07:19,363 WARNING:biomolecule.py:157:num_missing_heavy:Missing atom CB in residue GLU B 362
2024-02-28 14:07:19,363 WARNING:biomolecule.py:157:num_missing_heavy:Missing atom CG in residue GLU B 362
2024-02-28 14:07:19,363 WARNING:biomolecule.py:157:num_missing_heavy:Missing atom CD in residue GLU B 362
2024-02-28 14:07:19,363 WARNING:biomolecule.py:157:num_missing_heavy:Missing atom OE1 in residue GLU B 362
2024-02-28 14:07:19,363 WARNING:biomolecule.py:157:num_missing_heavy:Missing atom OE2 in residue GLU B 362
2024-02-28 14:07:19,363 WARNING:biomolecule.py:157:num_missing_heavy:Missing atom CD in residue LYS B 376
2024-02-28 14:07:19,363 WARNING:biomolecule.py:157:num_missing_heavy:Missing atom CE in residue LYS B 376
2024-02-28 14:07:19,363 WARNING:biomolecule.py:157:num_missing_heavy:Missing atom NZ in residue LYS B 376
2024-02-28 14:07:19,363 WARNING:biomolecule.py:157:num_missing_heavy:Missing atom CG in residue LYS B 425
2024-02-28 14:07:19,363 WARNING:biomolecule.py:157:num_missing_heavy:Missing atom CD in residue LYS B 425
2024-02-28 14:07:19,363 WARNING:biomolecule.py:157:num_missing_heavy:Missing atom CE in residue LYS B 425
2024-02-28 14:07:19,363 WARNING:biomolecule.py:157:num_missing_heavy:Missing atom NZ in residue LYS B 425
2024-02-28 14:07:19,363 WARNING:biomolecule.py:157:num_missing_heavy:Missing atom CG in residue LYS B 440
2024-02-28 14:07:19,363 WARNING:biomolecule.py:157:num_missing_heavy:Missing atom CD in residue LYS B 440
2024-02-28 14:07:19,363 WARNING:biomolecule.py:157:num_missing_heavy:Missing atom CE in residue LYS B 440
2024-02-28 14:07:19,364 WARNING:biomolecule.py:157:num_missing_heavy:Missing atom NZ in residue LYS B 440
2024-02-28 14:07:19,364 WARNING:biomolecule.py:157:num_missing_heavy:Missing atom OXT in residue LEU B 444
2024-02-28 14:07:19,364 WARNING:biomolecule.py:157:num_missing_heavy:Missing atom CD in residue GLU A 8
2024-02-28 14:07:19,364 WARNING:biomolecule.py:157:num_missing_heavy:Missing atom OE1 in residue GLU A 8
2024-02-28 14:07:19,364 WARNING:biomolecule.py:157:num_missing_heavy:Missing atom OE2 in residue GLU A 8
2024-02-28 14:07:19,364 WARNING:biomolecule.py:157:num_missing_heavy:Missing atom CE in residue LYS A 46
2024-02-28 14:07:19,364 WARNING:biomolecule.py:157:num_missing_heavy:Missing atom NZ in residue LYS A 46
2024-02-28 14:07:19,365 WARNING:biomolecule.py:157:num_missing_heavy:Missing atom CB in residue LYS A 309
2024-02-28 14:07:19,365 WARNING:biomolecule.py:157:num_missing_heavy:Missing atom CG in residue LYS A 309
2024-02-28 14:07:19,365 WARNING:biomolecule.py:157:num_missing_heavy:Missing atom CD in residue LYS A 309
2024-02-28 14:07:19,365 WARNING:biomolecule.py:157:num_missing_heavy:Missing atom CE in residue LYS A 309
2024-02-28 14:07:19,365 WARNING:biomolecule.py:157:num_missing_heavy:Missing atom NZ in residue LYS A 309
2024-02-28 14:07:19,366 WARNING:biomolecule.py:157:num_missing_heavy:Missing atom CD in residue LYS A 440
2024-02-28 14:07:19,366 WARNING:biomolecule.py:157:num_missing_heavy:Missing atom CE in residue LYS A 440
2024-02-28 14:07:19,366 WARNING:biomolecule.py:157:num_missing_heavy:Missing atom NZ in residue LYS A 440
2024-02-28 14:07:19,366 WARNING:biomolecule.py:157:num_missing_heavy:Missing atom OXT in residue GLU A 445
2024-02-28 14:07:19,366 WARNING:biomolecule.py:157:num_missing_heavy:Missing atom CD in residue GLU B 8
2024-02-28 14:07:19,366 WARNING:biomolecule.py:157:num_missing_heavy:Missing atom OE1 in residue GLU B 8
2024-02-28 14:07:19,366 WARNING:biomolecule.py:157:num_missing_heavy:Missing atom OE2 in residue GLU B 8
2024-02-28 14:07:19,367 WARNING:biomolecule.py:157:num_missing_heavy:Missing atom CE in residue LYS B 62
2024-02-28 14:07:19,367 WARNING:biomolecule.py:157:num_missing_heavy:Missing atom NZ in residue LYS B 62
2024-02-28 14:07:19,367 WARNING:biomolecule.py:157:num_missing_heavy:Missing atom CG in residue LYS B 70
2024-02-28 14:07:19,367 WARNING:biomolecule.py:157:num_missing_heavy:Missing atom CD in residue LYS B 70
2024-02-28 14:07:19,367 WARNING:biomolecule.py:157:num_missing_heavy:Missing atom CE in residue LYS B 70
2024-02-28 14:07:19,367 WARNING:biomolecule.py:157:num_missing_heavy:Missing atom NZ in residue LYS B 70
2024-02-28 14:07:19,367 WARNING:biomolecule.py:157:num_missing_heavy:Missing atom CG in residue LYS B 74
2024-02-28 14:07:19,367 WARNING:biomolecule.py:157:num_missing_heavy:Missing atom CD in residue LYS B 74
2024-02-28 14:07:19,367 WARNING:biomolecule.py:157:num_missing_heavy:Missing atom CE in residue LYS B 74
2024-02-28 14:07:19,367 WARNING:biomolecule.py:157:num_missing_heavy:Missing atom NZ in residue LYS B 74
2024-02-28 14:07:19,461 WARNING:biomolecule.py:157:num_missing_heavy:Missing atom CD in residue ARG B 92
2024-02-28 14:07:19,461 WARNING:biomolecule.py:157:num_missing_heavy:Missing atom NE in residue ARG B 92
2024-02-28 14:07:19,461 WARNING:biomolecule.py:157:num_missing_heavy:Missing atom CZ in residue ARG B 92
2024-02-28 14:07:19,461 WARNING:biomolecule.py:157:num_missing_heavy:Missing atom NH1 in residue ARG B 92
2024-02-28 14:07:19,461 WARNING:biomolecule.py:157:num_missing_heavy:Missing atom NH2 in residue ARG B 92
2024-02-28 14:07:19,462 WARNING:biomolecule.py:157:num_missing_heavy:Missing atom CB in residue LYS B 213
2024-02-28 14:07:19,462 WARNING:biomolecule.py:157:num_missing_heavy:Missing atom CG in residue LYS B 213
2024-02-28 14:07:19,462 WARNING:biomolecule.py:157:num_missing_heavy:Missing atom CD in residue LYS B 213
2024-02-28 14:07:19,462 WARNING:biomolecule.py:157:num_missing_heavy:Missing atom CE in residue LYS B 213
2024-02-28 14:07:19,462 WARNING:biomolecule.py:157:num_missing_heavy:Missing atom NZ in residue LYS B 213
2024-02-28 14:07:19,462 WARNING:biomolecule.py:157:num_missing_heavy:Missing atom CB in residue ASP B 214
2024-02-28 14:07:19,462 WARNING:biomolecule.py:157:num_missing_heavy:Missing atom CG in residue ASP B 214
2024-02-28 14:07:19,462 WARNING:biomolecule.py:157:num_missing_heavy:Missing atom OD1 in residue ASP B 214
2024-02-28 14:07:19,462 WARNING:biomolecule.py:157:num_missing_heavy:Missing atom OD2 in residue ASP B 214
2024-02-28 14:07:19,462 WARNING:biomolecule.py:157:num_missing_heavy:Missing atom CD in residue LYS B 216
2024-02-28 14:07:19,462 WARNING:biomolecule.py:157:num_missing_heavy:Missing atom CE in residue LYS B 216
2024-02-28 14:07:19,462 WARNING:biomolecule.py:157:num_missing_heavy:Missing atom NZ in residue LYS B 216
2024-02-28 14:07:19,463 WARNING:biomolecule.py:157:num_missing_heavy:Missing atom CG in residue GLU B 231
2024-02-28 14:07:19,463 WARNING:biomolecule.py:157:num_missing_heavy:Missing atom CD in residue GLU B 231
2024-02-28 14:07:19,463 WARNING:biomolecule.py:157:num_missing_heavy:Missing atom OE1 in residue GLU B 231
2024-02-28 14:07:19,463 WARNING:biomolecule.py:157:num_missing_heavy:Missing atom OE2 in residue GLU B 231
2024-02-28 14:07:19,463 WARNING:biomolecule.py:157:num_missing_heavy:Missing atom CG in residue LYS B 232
2024-02-28 14:07:19,463 WARNING:biomolecule.py:157:num_missing_heavy:Missing atom CD in residue LYS B 232
2024-02-28 14:07:19,463 WARNING:biomolecule.py:157:num_missing_heavy:Missing atom CE in residue LYS B 232
2024-02-28 14:07:19,463 WARNING:biomolecule.py:157:num_missing_heavy:Missing atom NZ in residue LYS B 232
2024-02-28 14:07:19,463 WARNING:biomolecule.py:157:num_missing_heavy:Missing atom CE in residue LYS B 309
2024-02-28 14:07:19,463 WARNING:biomolecule.py:157:num_missing_heavy:Missing atom NZ in residue LYS B 309
2024-02-28 14:07:19,463 WARNING:biomolecule.py:157:num_missing_heavy:Missing atom CB in residue GLU B 362
2024-02-28 14:07:19,464 WARNING:biomolecule.py:157:num_missing_heavy:Missing atom CG in residue GLU B 362
2024-02-28 14:07:19,464 WARNING:biomolecule.py:157:num_missing_heavy:Missing atom CD in residue GLU B 362
2024-02-28 14:07:19,464 WARNING:biomolecule.py:157:num_missing_heavy:Missing atom OE1 in residue GLU B 362
2024-02-28 14:07:19,464 WARNING:biomolecule.py:157:num_missing_heavy:Missing atom OE2 in residue GLU B 362
2024-02-28 14:07:19,464 WARNING:biomolecule.py:157:num_missing_heavy:Missing atom CD in residue LYS B 376
2024-02-28 14:07:19,464 WARNING:biomolecule.py:157:num_missing_heavy:Missing atom CE in residue LYS B 376
2024-02-28 14:07:19,464 WARNING:biomolecule.py:157:num_missing_heavy:Missing atom NZ in residue LYS B 376
2024-02-28 14:07:19,464 WARNING:biomolecule.py:157:num_missing_heavy:Missing atom CG in residue LYS B 425
2024-02-28 14:07:19,464 WARNING:biomolecule.py:157:num_missing_heavy:Missing atom CD in residue LYS B 425
2024-02-28 14:07:19,464 WARNING:biomolecule.py:157:num_missing_heavy:Missing atom CE in residue LYS B 425
2024-02-28 14:07:19,464 WARNING:biomolecule.py:157:num_missing_heavy:Missing atom NZ in residue LYS B 425
2024-02-28 14:07:19,464 WARNING:biomolecule.py:157:num_missing_heavy:Missing atom CG in residue LYS B 440
2024-02-28 14:07:19,464 WARNING:biomolecule.py:157:num_missing_heavy:Missing atom CD in residue LYS B 440
2024-02-28 14:07:19,464 WARNING:biomolecule.py:157:num_missing_heavy:Missing atom CE in residue LYS B 440
2024-02-28 14:07:19,464 WARNING:biomolecule.py:157:num_missing_heavy:Missing atom NZ in residue LYS B 440
2024-02-28 14:07:19,464 WARNING:biomolecule.py:157:num_missing_heavy:Missing atom OXT in residue LEU B 444
2024-02-28 14:07:19,465 WARNING:biomolecule.py:157:num_missing_heavy:Missing atom CD in residue GLU A 8
2024-02-28 14:07:19,465 WARNING:biomolecule.py:157:num_missing_heavy:Missing atom OE1 in residue GLU A 8
2024-02-28 14:07:19,465 WARNING:biomolecule.py:157:num_missing_heavy:Missing atom OE2 in residue GLU A 8
2024-02-28 14:07:19,465 WARNING:biomolecule.py:157:num_missing_heavy:Missing atom CE in residue LYS A 46
2024-02-28 14:07:19,465 WARNING:biomolecule.py:157:num_missing_heavy:Missing atom NZ in residue LYS A 46
2024-02-28 14:07:19,466 WARNING:biomolecule.py:157:num_missing_heavy:Missing atom CB in residue LYS A 309
2024-02-28 14:07:19,494 WARNING:biomolecule.py:157:num_missing_heavy:Missing atom CG in residue LYS A 309
2024-02-28 14:07:19,527 WARNING:biomolecule.py:157:num_missing_heavy:Missing atom CD in residue LYS A 309
2024-02-28 14:07:19,527 WARNING:biomolecule.py:157:num_missing_heavy:Missing atom CE in residue LYS A 309
2024-02-28 14:07:19,527 WARNING:biomolecule.py:157:num_missing_heavy:Missing atom NZ in residue LYS A 309
2024-02-28 14:07:19,528 WARNING:biomolecule.py:157:num_missing_heavy:Missing atom CD in residue LYS A 440
2024-02-28 14:07:19,528 WARNING:biomolecule.py:157:num_missing_heavy:Missing atom CE in residue LYS A 440
2024-02-28 14:07:19,528 WARNING:biomolecule.py:157:num_missing_heavy:Missing atom NZ in residue LYS A 440
2024-02-28 14:07:19,528 WARNING:biomolecule.py:157:num_missing_heavy:Missing atom OXT in residue GLU A 445
2024-02-28 14:07:19,528 WARNING:biomolecule.py:157:num_missing_heavy:Missing atom CD in residue GLU B 8
2024-02-28 14:07:19,528 WARNING:biomolecule.py:157:num_missing_heavy:Missing atom OE1 in residue GLU B 8
2024-02-28 14:07:19,528 WARNING:biomolecule.py:157:num_missing_heavy:Missing atom OE2 in residue GLU B 8
2024-02-28 14:07:19,528 WARNING:biomolecule.py:157:num_missing_heavy:Missing atom CE in residue LYS B 62
2024-02-28 14:07:19,528 WARNING:biomolecule.py:157:num_missing_heavy:Missing atom NZ in residue LYS B 62
2024-02-28 14:07:19,529 WARNING:biomolecule.py:157:num_missing_heavy:Missing atom CG in residue LYS B 70
2024-02-28 14:07:19,529 WARNING:biomolecule.py:157:num_missing_heavy:Missing atom CD in residue LYS B 70
2024-02-28 14:07:19,529 WARNING:biomolecule.py:157:num_missing_heavy:Missing atom CE in residue LYS B 70
2024-02-28 14:07:19,529 WARNING:biomolecule.py:157:num_missing_heavy:Missing atom NZ in residue LYS B 70
2024-02-28 14:07:19,529 WARNING:biomolecule.py:157:num_missing_heavy:Missing atom CG in residue LYS B 74
2024-02-28 14:07:19,529 WARNING:biomolecule.py:157:num_missing_heavy:Missing atom CD in residue LYS B 74
2024-02-28 14:07:19,529 WARNING:biomolecule.py:157:num_missing_heavy:Missing atom CE in residue LYS B 74
2024-02-28 14:07:19,529 WARNING:biomolecule.py:157:num_missing_heavy:Missing atom NZ in residue LYS B 74
2024-02-28 14:07:19,529 WARNING:biomolecule.py:157:num_missing_heavy:Missing atom CD in residue ARG B 92
2024-02-28 14:07:19,529 WARNING:biomolecule.py:157:num_missing_heavy:Missing atom NE in residue ARG B 92
2024-02-28 14:07:19,529 WARNING:biomolecule.py:157:num_missing_heavy:Missing atom CZ in residue ARG B 92
2024-02-28 14:07:19,529 WARNING:biomolecule.py:157:num_missing_heavy:Missing atom NH1 in residue ARG B 92
2024-02-28 14:07:19,529 WARNING:biomolecule.py:157:num_missing_heavy:Missing atom NH2 in residue ARG B 92
2024-02-28 14:07:19,530 WARNING:biomolecule.py:157:num_missing_heavy:Missing atom CB in residue LYS B 213
2024-02-28 14:07:19,530 WARNING:biomolecule.py:157:num_missing_heavy:Missing atom CG in residue LYS B 213
2024-02-28 14:07:19,530 WARNING:biomolecule.py:157:num_missing_heavy:Missing atom CD in residue LYS B 213
2024-02-28 14:07:19,530 WARNING:biomolecule.py:157:num_missing_heavy:Missing atom CE in residue LYS B 213
2024-02-28 14:07:19,530 WARNING:biomolecule.py:157:num_missing_heavy:Missing atom NZ in residue LYS B 213
2024-02-28 14:07:19,530 WARNING:biomolecule.py:157:num_missing_heavy:Missing atom CB in residue ASP B 214
2024-02-28 14:07:19,530 WARNING:biomolecule.py:157:num_missing_heavy:Missing atom CG in residue ASP B 214
2024-02-28 14:07:19,530 WARNING:biomolecule.py:157:num_missing_heavy:Missing atom OD1 in residue ASP B 214
2024-02-28 14:07:19,530 WARNING:biomolecule.py:157:num_missing_heavy:Missing atom OD2 in residue ASP B 214
2024-02-28 14:07:19,530 WARNING:biomolecule.py:157:num_missing_heavy:Missing atom CD in residue LYS B 216
2024-02-28 14:07:19,530 WARNING:biomolecule.py:157:num_missing_heavy:Missing atom CE in residue LYS B 216
2024-02-28 14:07:19,530 WARNING:biomolecule.py:157:num_missing_heavy:Missing atom NZ in residue LYS B 216
2024-02-28 14:07:19,530 WARNING:biomolecule.py:157:num_missing_heavy:Missing atom CG in residue GLU B 231
2024-02-28 14:07:19,530 WARNING:biomolecule.py:157:num_missing_heavy:Missing atom CD in residue GLU B 231
2024-02-28 14:07:19,530 WARNING:biomolecule.py:157:num_missing_heavy:Missing atom OE1 in residue GLU B 231
2024-02-28 14:07:19,530 WARNING:biomolecule.py:157:num_missing_heavy:Missing atom OE2 in residue GLU B 231
2024-02-28 14:07:19,530 WARNING:biomolecule.py:157:num_missing_heavy:Missing atom CG in residue LYS B 232
2024-02-28 14:07:19,530 WARNING:biomolecule.py:157:num_missing_heavy:Missing atom CD in residue LYS B 232
2024-02-28 14:07:19,530 WARNING:biomolecule.py:157:num_missing_heavy:Missing atom CE in residue LYS B 232
2024-02-28 14:07:19,530 WARNING:biomolecule.py:157:num_missing_heavy:Missing atom NZ in residue LYS B 232
2024-02-28 14:07:19,531 WARNING:biomolecule.py:157:num_missing_heavy:Missing atom CE in residue LYS B 309
2024-02-28 14:07:19,531 WARNING:biomolecule.py:157:num_missing_heavy:Missing atom NZ in residue LYS B 309
2024-02-28 14:07:19,531 WARNING:biomolecule.py:157:num_missing_heavy:Missing atom CB in residue GLU B 362
2024-02-28 14:07:19,531 WARNING:biomolecule.py:157:num_missing_heavy:Missing atom CG in residue GLU B 362
2024-02-28 14:07:19,531 WARNING:biomolecule.py:157:num_missing_heavy:Missing atom CD in residue GLU B 362
2024-02-28 14:07:19,531 WARNING:biomolecule.py:157:num_missing_heavy:Missing atom OE1 in residue GLU B 362
2024-02-28 14:07:19,531 WARNING:biomolecule.py:157:num_missing_heavy:Missing atom OE2 in residue GLU B 362
2024-02-28 14:07:19,531 WARNING:biomolecule.py:157:num_missing_heavy:Missing atom CD in residue LYS B 376
2024-02-28 14:07:19,531 WARNING:biomolecule.py:157:num_missing_heavy:Missing atom CE in residue LYS B 376
2024-02-28 14:07:19,531 WARNING:biomolecule.py:157:num_missing_heavy:Missing atom NZ in residue LYS B 376
2024-02-28 14:07:19,532 WARNING:biomolecule.py:157:num_missing_heavy:Missing atom CG in residue LYS B 425
2024-02-28 14:07:19,532 WARNING:biomolecule.py:157:num_missing_heavy:Missing atom CD in residue LYS B 425
2024-02-28 14:07:19,532 WARNING:biomolecule.py:157:num_missing_heavy:Missing atom CE in residue LYS B 425
2024-02-28 14:07:19,532 WARNING:biomolecule.py:157:num_missing_heavy:Missing atom NZ in residue LYS B 425
2024-02-28 14:07:19,532 WARNING:biomolecule.py:157:num_missing_heavy:Missing atom CG in residue LYS B 440
2024-02-28 14:07:19,532 WARNING:biomolecule.py:157:num_missing_heavy:Missing atom CD in residue LYS B 440
2024-02-28 14:07:19,532 WARNING:biomolecule.py:157:num_missing_heavy:Missing atom CE in residue LYS B 440
2024-02-28 14:07:19,532 WARNING:biomolecule.py:157:num_missing_heavy:Missing atom NZ in residue LYS B 440
2024-02-28 14:07:19,532 WARNING:biomolecule.py:157:num_missing_heavy:Missing atom OXT in residue LEU B 444
2024-02-28 14:07:22,565 WARNING:main.py:311:print_pqr:Ignoring 1811 header lines in output.
2024-02-28 14:07:22,565 WARNING:main.py:315:print_pqr:Ignoring 31 missing lines in output.
