2024-02-28 14:07:17,924 WARNING:biomolecule.py:992:create_residue:Unable to find amino or nucleic acid definition for SO4.  Parsing as new residue.
2024-02-28 14:07:17,948 WARNING:biomolecule.py:992:create_residue:Unable to find amino or nucleic acid definition for UCM.  Parsing as new residue.
2024-02-28 14:07:17,998 WARNING:biomolecule.py:615:update_bonds:Gap in backbone detected between LYS A 43 and ASN A 51!
2024-02-28 14:07:18,410 WARNING:biomolecule.py:157:num_missing_heavy:Missing atom CG in residue LYS A 60
2024-02-28 14:07:18,411 WARNING:biomolecule.py:157:num_missing_heavy:Missing atom CD in residue LYS A 60
2024-02-28 14:07:18,411 WARNING:biomolecule.py:157:num_missing_heavy:Missing atom CE in residue LYS A 60
2024-02-28 14:07:18,411 WARNING:biomolecule.py:157:num_missing_heavy:Missing atom NZ in residue LYS A 60
2024-02-28 14:07:18,412 WARNING:biomolecule.py:157:num_missing_heavy:Missing atom OXT in residue ALA A 273
2024-02-28 14:07:18,412 WARNING:biomolecule.py:157:num_missing_heavy:Missing atom OXT in residue ALA B 305
2024-02-28 14:07:18,412 WARNING:biomolecule.py:157:num_missing_heavy:Missing atom CG in residue LYS A 60
2024-02-28 14:07:18,412 WARNING:biomolecule.py:157:num_missing_heavy:Missing atom CD in residue LYS A 60
2024-02-28 14:07:18,412 WARNING:biomolecule.py:157:num_missing_heavy:Missing atom CE in residue LYS A 60
2024-02-28 14:07:18,412 WARNING:biomolecule.py:157:num_missing_heavy:Missing atom NZ in residue LYS A 60
2024-02-28 14:07:18,413 WARNING:biomolecule.py:157:num_missing_heavy:Missing atom OXT in residue ALA A 273
2024-02-28 14:07:18,413 WARNING:biomolecule.py:157:num_missing_heavy:Missing atom OXT in residue ALA B 305
2024-02-28 14:07:18,413 WARNING:biomolecule.py:157:num_missing_heavy:Missing atom CG in residue LYS A 60
2024-02-28 14:07:18,413 WARNING:biomolecule.py:157:num_missing_heavy:Missing atom CD in residue LYS A 60
2024-02-28 14:07:18,413 WARNING:biomolecule.py:157:num_missing_heavy:Missing atom CE in residue LYS A 60
2024-02-28 14:07:18,413 WARNING:biomolecule.py:157:num_missing_heavy:Missing atom NZ in residue LYS A 60
2024-02-28 14:07:18,414 WARNING:biomolecule.py:157:num_missing_heavy:Missing atom OXT in residue ALA A 273
2024-02-28 14:07:18,414 WARNING:biomolecule.py:157:num_missing_heavy:Missing atom OXT in residue ALA B 305
2024-02-28 14:07:22,757 WARNING:main.py:311:print_pqr:Ignoring 1943 header lines in output.
2024-02-28 14:07:22,757 WARNING:main.py:315:print_pqr:Ignoring 35 missing lines in output.
