2024-02-28 14:07:17,357 WARNING:biomolecule.py:992:create_residue:Unable to find amino or nucleic acid definition for TYS.  Parsing as new residue.
2024-02-28 14:07:17,373 WARNING:biomolecule.py:992:create_residue:Unable to find amino or nucleic acid definition for 0ZI.  Parsing as new residue.
2024-02-28 14:07:17,381 WARNING:biomolecule.py:615:update_bonds:Gap in backbone detected between GLU H 146 and GLY H 150!
2024-02-28 14:07:17,460 WARNING:biomolecule.py:157:num_missing_heavy:Missing atom CG in residue LYS H 110
2024-02-28 14:07:17,460 WARNING:biomolecule.py:157:num_missing_heavy:Missing atom CD in residue LYS H 110
2024-02-28 14:07:17,460 WARNING:biomolecule.py:157:num_missing_heavy:Missing atom CE in residue LYS H 110
2024-02-28 14:07:17,460 WARNING:biomolecule.py:157:num_missing_heavy:Missing atom NZ in residue LYS H 110
2024-02-28 14:07:17,460 WARNING:biomolecule.py:157:num_missing_heavy:Missing atom CG in residue LYS H 145
2024-02-28 14:07:17,461 WARNING:biomolecule.py:157:num_missing_heavy:Missing atom CD in residue LYS H 145
2024-02-28 14:07:17,461 WARNING:biomolecule.py:157:num_missing_heavy:Missing atom CE in residue LYS H 145
2024-02-28 14:07:17,461 WARNING:biomolecule.py:157:num_missing_heavy:Missing atom NZ in residue LYS H 145
2024-02-28 14:07:17,477 WARNING:biomolecule.py:157:num_missing_heavy:Missing atom CD in residue LYS H 240
2024-02-28 14:07:17,658 WARNING:biomolecule.py:157:num_missing_heavy:Missing atom CE in residue LYS H 240
2024-02-28 14:07:17,658 WARNING:biomolecule.py:157:num_missing_heavy:Missing atom NZ in residue LYS H 240
2024-02-28 14:07:17,658 WARNING:biomolecule.py:157:num_missing_heavy:Missing atom CG in residue ASP H 243
2024-02-28 14:07:17,658 WARNING:biomolecule.py:157:num_missing_heavy:Missing atom OD1 in residue ASP H 243
2024-02-28 14:07:17,658 WARNING:biomolecule.py:157:num_missing_heavy:Missing atom OD2 in residue ASP H 243
2024-02-28 14:07:17,658 WARNING:biomolecule.py:157:num_missing_heavy:Missing atom OXT in residue GLN H 244
2024-02-28 14:07:17,658 WARNING:biomolecule.py:157:num_missing_heavy:Missing atom CB in residue GLU I 61
2024-02-28 14:07:17,658 WARNING:biomolecule.py:157:num_missing_heavy:Missing atom CG in residue GLU I 61
2024-02-28 14:07:17,658 WARNING:biomolecule.py:157:num_missing_heavy:Missing atom CD in residue GLU I 61
2024-02-28 14:07:17,658 WARNING:biomolecule.py:157:num_missing_heavy:Missing atom OE1 in residue GLU I 61
2024-02-28 14:07:17,658 WARNING:biomolecule.py:157:num_missing_heavy:Missing atom OE2 in residue GLU I 61
2024-02-28 14:07:17,658 WARNING:biomolecule.py:157:num_missing_heavy:Missing atom CG in residue GLU I 62
2024-02-28 14:07:17,658 WARNING:biomolecule.py:157:num_missing_heavy:Missing atom CD in residue GLU I 62
2024-02-28 14:07:17,683 WARNING:biomolecule.py:157:num_missing_heavy:Missing atom OE1 in residue GLU I 62
2024-02-28 14:07:18,078 WARNING:biomolecule.py:157:num_missing_heavy:Missing atom OE2 in residue GLU I 62
2024-02-28 14:07:18,079 WARNING:biomolecule.py:157:num_missing_heavy:Missing atom CD in residue ARG L 14D
2024-02-28 14:07:18,079 WARNING:biomolecule.py:157:num_missing_heavy:Missing atom NE in residue ARG L 14D
2024-02-28 14:07:18,079 WARNING:biomolecule.py:157:num_missing_heavy:Missing atom CZ in residue ARG L 14D
2024-02-28 14:07:18,079 WARNING:biomolecule.py:157:num_missing_heavy:Missing atom NH1 in residue ARG L 14D
2024-02-28 14:07:18,079 WARNING:biomolecule.py:157:num_missing_heavy:Missing atom NH2 in residue ARG L 14D
2024-02-28 14:07:18,079 WARNING:biomolecule.py:157:num_missing_heavy:Missing atom OXT in residue ILE L 14K
2024-02-28 14:07:18,079 WARNING:biomolecule.py:157:num_missing_heavy:Missing atom CG in residue LYS H 110
2024-02-28 14:07:18,079 WARNING:biomolecule.py:157:num_missing_heavy:Missing atom CD in residue LYS H 110
2024-02-28 14:07:18,079 WARNING:biomolecule.py:157:num_missing_heavy:Missing atom CE in residue LYS H 110
2024-02-28 14:07:18,079 WARNING:biomolecule.py:157:num_missing_heavy:Missing atom NZ in residue LYS H 110
2024-02-28 14:07:18,080 WARNING:biomolecule.py:157:num_missing_heavy:Missing atom CG in residue LYS H 145
2024-02-28 14:07:18,080 WARNING:biomolecule.py:157:num_missing_heavy:Missing atom CD in residue LYS H 145
2024-02-28 14:07:18,080 WARNING:biomolecule.py:157:num_missing_heavy:Missing atom CE in residue LYS H 145
2024-02-28 14:07:18,080 WARNING:biomolecule.py:157:num_missing_heavy:Missing atom NZ in residue LYS H 145
2024-02-28 14:07:18,080 WARNING:biomolecule.py:157:num_missing_heavy:Missing atom CD in residue LYS H 240
2024-02-28 14:07:18,080 WARNING:biomolecule.py:157:num_missing_heavy:Missing atom CE in residue LYS H 240
2024-02-28 14:07:18,080 WARNING:biomolecule.py:157:num_missing_heavy:Missing atom NZ in residue LYS H 240
2024-02-28 14:07:18,080 WARNING:biomolecule.py:157:num_missing_heavy:Missing atom CG in residue ASP H 243
2024-02-28 14:07:18,080 WARNING:biomolecule.py:157:num_missing_heavy:Missing atom OD1 in residue ASP H 243
2024-02-28 14:07:18,080 WARNING:biomolecule.py:157:num_missing_heavy:Missing atom OD2 in residue ASP H 243
2024-02-28 14:07:18,080 WARNING:biomolecule.py:157:num_missing_heavy:Missing atom OXT in residue GLN H 244
2024-02-28 14:07:18,081 WARNING:biomolecule.py:157:num_missing_heavy:Missing atom CB in residue GLU I 61
2024-02-28 14:07:18,081 WARNING:biomolecule.py:157:num_missing_heavy:Missing atom CG in residue GLU I 61
2024-02-28 14:07:18,081 WARNING:biomolecule.py:157:num_missing_heavy:Missing atom CD in residue GLU I 61
2024-02-28 14:07:18,081 WARNING:biomolecule.py:157:num_missing_heavy:Missing atom OE1 in residue GLU I 61
2024-02-28 14:07:18,081 WARNING:biomolecule.py:157:num_missing_heavy:Missing atom OE2 in residue GLU I 61
2024-02-28 14:07:18,081 WARNING:biomolecule.py:157:num_missing_heavy:Missing atom CG in residue GLU I 62
2024-02-28 14:07:18,081 WARNING:biomolecule.py:157:num_missing_heavy:Missing atom CD in residue GLU I 62
2024-02-28 14:07:18,081 WARNING:biomolecule.py:157:num_missing_heavy:Missing atom OE1 in residue GLU I 62
2024-02-28 14:07:18,081 WARNING:biomolecule.py:157:num_missing_heavy:Missing atom OE2 in residue GLU I 62
2024-02-28 14:07:18,081 WARNING:biomolecule.py:157:num_missing_heavy:Missing atom CD in residue ARG L 14D
2024-02-28 14:07:18,081 WARNING:biomolecule.py:157:num_missing_heavy:Missing atom NE in residue ARG L 14D
2024-02-28 14:07:18,081 WARNING:biomolecule.py:157:num_missing_heavy:Missing atom CZ in residue ARG L 14D
2024-02-28 14:07:18,081 WARNING:biomolecule.py:157:num_missing_heavy:Missing atom NH1 in residue ARG L 14D
2024-02-28 14:07:18,081 WARNING:biomolecule.py:157:num_missing_heavy:Missing atom NH2 in residue ARG L 14D
2024-02-28 14:07:18,081 WARNING:biomolecule.py:157:num_missing_heavy:Missing atom OXT in residue ILE L 14K
2024-02-28 14:07:18,082 WARNING:biomolecule.py:157:num_missing_heavy:Missing atom CG in residue LYS H 110
2024-02-28 14:07:18,082 WARNING:biomolecule.py:157:num_missing_heavy:Missing atom CD in residue LYS H 110
2024-02-28 14:07:18,082 WARNING:biomolecule.py:157:num_missing_heavy:Missing atom CE in residue LYS H 110
2024-02-28 14:07:18,082 WARNING:biomolecule.py:157:num_missing_heavy:Missing atom NZ in residue LYS H 110
2024-02-28 14:07:18,082 WARNING:biomolecule.py:157:num_missing_heavy:Missing atom CG in residue LYS H 145
2024-02-28 14:07:18,082 WARNING:biomolecule.py:157:num_missing_heavy:Missing atom CD in residue LYS H 145
2024-02-28 14:07:18,082 WARNING:biomolecule.py:157:num_missing_heavy:Missing atom CE in residue LYS H 145
2024-02-28 14:07:18,082 WARNING:biomolecule.py:157:num_missing_heavy:Missing atom NZ in residue LYS H 145
2024-02-28 14:07:18,082 WARNING:biomolecule.py:157:num_missing_heavy:Missing atom CD in residue LYS H 240
2024-02-28 14:07:18,083 WARNING:biomolecule.py:157:num_missing_heavy:Missing atom CE in residue LYS H 240
2024-02-28 14:07:18,083 WARNING:biomolecule.py:157:num_missing_heavy:Missing atom NZ in residue LYS H 240
2024-02-28 14:07:18,083 WARNING:biomolecule.py:157:num_missing_heavy:Missing atom CG in residue ASP H 243
2024-02-28 14:07:18,083 WARNING:biomolecule.py:157:num_missing_heavy:Missing atom OD1 in residue ASP H 243
2024-02-28 14:07:18,083 WARNING:biomolecule.py:157:num_missing_heavy:Missing atom OD2 in residue ASP H 243
2024-02-28 14:07:18,083 WARNING:biomolecule.py:157:num_missing_heavy:Missing atom OXT in residue GLN H 244
2024-02-28 14:07:18,083 WARNING:biomolecule.py:157:num_missing_heavy:Missing atom CB in residue GLU I 61
2024-02-28 14:07:18,083 WARNING:biomolecule.py:157:num_missing_heavy:Missing atom CG in residue GLU I 61
2024-02-28 14:07:18,083 WARNING:biomolecule.py:157:num_missing_heavy:Missing atom CD in residue GLU I 61
2024-02-28 14:07:18,083 WARNING:biomolecule.py:157:num_missing_heavy:Missing atom OE1 in residue GLU I 61
2024-02-28 14:07:18,083 WARNING:biomolecule.py:157:num_missing_heavy:Missing atom OE2 in residue GLU I 61
2024-02-28 14:07:18,083 WARNING:biomolecule.py:157:num_missing_heavy:Missing atom CG in residue GLU I 62
2024-02-28 14:07:18,083 WARNING:biomolecule.py:157:num_missing_heavy:Missing atom CD in residue GLU I 62
2024-02-28 14:07:18,083 WARNING:biomolecule.py:157:num_missing_heavy:Missing atom OE1 in residue GLU I 62
2024-02-28 14:07:18,083 WARNING:biomolecule.py:157:num_missing_heavy:Missing atom OE2 in residue GLU I 62
2024-02-28 14:07:18,083 WARNING:biomolecule.py:157:num_missing_heavy:Missing atom CD in residue ARG L 14D
2024-02-28 14:07:18,083 WARNING:biomolecule.py:157:num_missing_heavy:Missing atom NE in residue ARG L 14D
2024-02-28 14:07:18,083 WARNING:biomolecule.py:157:num_missing_heavy:Missing atom CZ in residue ARG L 14D
2024-02-28 14:07:18,083 WARNING:biomolecule.py:157:num_missing_heavy:Missing atom NH1 in residue ARG L 14D
2024-02-28 14:07:18,083 WARNING:biomolecule.py:157:num_missing_heavy:Missing atom NH2 in residue ARG L 14D
2024-02-28 14:07:18,083 WARNING:biomolecule.py:157:num_missing_heavy:Missing atom OXT in residue ILE L 14K
2024-02-28 14:07:22,615 WARNING:main.py:311:print_pqr:Ignoring 2438 header lines in output.
2024-02-28 14:07:22,616 WARNING:main.py:315:print_pqr:Ignoring 51 missing lines in output.
