2024-02-28 14:07:19,580 WARNING:biomolecule.py:992:create_residue:Unable to find amino or nucleic acid definition for TYS.  Parsing as new residue.
2024-02-28 14:07:19,597 WARNING:biomolecule.py:992:create_residue:Unable to find amino or nucleic acid definition for 176.  Parsing as new residue.
2024-02-28 14:07:19,603 WARNING:biomolecule.py:615:update_bonds:Gap in backbone detected between ILE A 14K and ILE A 16!
2024-02-28 14:07:19,604 WARNING:biomolecule.py:615:update_bonds:Gap in backbone detected between GLU A 146 and GLY A 150!
2024-02-28 14:07:19,674 WARNING:biomolecule.py:157:num_missing_heavy:Missing atom CG1 in residue ILE A 14K
2024-02-28 14:07:19,675 WARNING:biomolecule.py:157:num_missing_heavy:Missing atom CG2 in residue ILE A 14K
2024-02-28 14:07:19,675 WARNING:biomolecule.py:157:num_missing_heavy:Missing atom CD1 in residue ILE A 14K
2024-02-28 14:07:19,676 WARNING:biomolecule.py:157:num_missing_heavy:Missing atom CG in residue GLU A 192
2024-02-28 14:07:19,676 WARNING:biomolecule.py:157:num_missing_heavy:Missing atom CD in residue GLU A 192
2024-02-28 14:07:19,676 WARNING:biomolecule.py:157:num_missing_heavy:Missing atom OE1 in residue GLU A 192
2024-02-28 14:07:19,676 WARNING:biomolecule.py:157:num_missing_heavy:Missing atom OE2 in residue GLU A 192
2024-02-28 14:07:19,676 WARNING:biomolecule.py:157:num_missing_heavy:Missing atom CG in residue LYS A 236
2024-02-28 14:07:19,676 WARNING:biomolecule.py:157:num_missing_heavy:Missing atom CD in residue LYS A 236
2024-02-28 14:07:19,676 WARNING:biomolecule.py:157:num_missing_heavy:Missing atom CE in residue LYS A 236
2024-02-28 14:07:19,676 WARNING:biomolecule.py:157:num_missing_heavy:Missing atom NZ in residue LYS A 236
2024-02-28 14:07:19,676 WARNING:biomolecule.py:157:num_missing_heavy:Missing atom OXT in residue GLY A 246
2024-02-28 14:07:19,676 WARNING:biomolecule.py:157:num_missing_heavy:Missing atom CG1 in residue ILE A 14K
2024-02-28 14:07:19,676 WARNING:biomolecule.py:157:num_missing_heavy:Missing atom CG2 in residue ILE A 14K
2024-02-28 14:07:19,676 WARNING:biomolecule.py:157:num_missing_heavy:Missing atom CD1 in residue ILE A 14K
2024-02-28 14:07:19,677 WARNING:biomolecule.py:157:num_missing_heavy:Missing atom CG in residue GLU A 192
2024-02-28 14:07:19,677 WARNING:biomolecule.py:157:num_missing_heavy:Missing atom CD in residue GLU A 192
2024-02-28 14:07:19,677 WARNING:biomolecule.py:157:num_missing_heavy:Missing atom OE1 in residue GLU A 192
2024-02-28 14:07:19,677 WARNING:biomolecule.py:157:num_missing_heavy:Missing atom OE2 in residue GLU A 192
2024-02-28 14:07:19,677 WARNING:biomolecule.py:157:num_missing_heavy:Missing atom CG in residue LYS A 236
2024-02-28 14:07:19,677 WARNING:biomolecule.py:157:num_missing_heavy:Missing atom CD in residue LYS A 236
2024-02-28 14:07:19,678 WARNING:biomolecule.py:157:num_missing_heavy:Missing atom CE in residue LYS A 236
2024-02-28 14:07:19,678 WARNING:biomolecule.py:157:num_missing_heavy:Missing atom NZ in residue LYS A 236
2024-02-28 14:07:19,678 WARNING:biomolecule.py:157:num_missing_heavy:Missing atom OXT in residue GLY A 246
2024-02-28 14:07:19,678 WARNING:biomolecule.py:157:num_missing_heavy:Missing atom CG1 in residue ILE A 14K
2024-02-28 14:07:19,678 WARNING:biomolecule.py:157:num_missing_heavy:Missing atom CG2 in residue ILE A 14K
2024-02-28 14:07:19,678 WARNING:biomolecule.py:157:num_missing_heavy:Missing atom CD1 in residue ILE A 14K
2024-02-28 14:07:19,679 WARNING:biomolecule.py:157:num_missing_heavy:Missing atom CG in residue GLU A 192
2024-02-28 14:07:19,679 WARNING:biomolecule.py:157:num_missing_heavy:Missing atom CD in residue GLU A 192
2024-02-28 14:07:19,679 WARNING:biomolecule.py:157:num_missing_heavy:Missing atom OE1 in residue GLU A 192
2024-02-28 14:07:19,679 WARNING:biomolecule.py:157:num_missing_heavy:Missing atom OE2 in residue GLU A 192
2024-02-28 14:07:19,679 WARNING:biomolecule.py:157:num_missing_heavy:Missing atom CG in residue LYS A 236
2024-02-28 14:07:19,679 WARNING:biomolecule.py:157:num_missing_heavy:Missing atom CD in residue LYS A 236
2024-02-28 14:07:19,679 WARNING:biomolecule.py:157:num_missing_heavy:Missing atom CE in residue LYS A 236
2024-02-28 14:07:19,679 WARNING:biomolecule.py:157:num_missing_heavy:Missing atom NZ in residue LYS A 236
2024-02-28 14:07:19,679 WARNING:biomolecule.py:157:num_missing_heavy:Missing atom OXT in residue GLY A 246
2024-02-28 14:07:23,359 WARNING:main.py:311:print_pqr:Ignoring 2428 header lines in output.
2024-02-28 14:07:23,359 WARNING:main.py:315:print_pqr:Ignoring 50 missing lines in output.
