2024-02-28 14:07:17,421 WARNING:biomolecule.py:992:create_residue:Unable to find amino or nucleic acid definition for ANC.  Parsing as new residue.
2024-02-28 14:07:17,581 WARNING:biomolecule.py:992:create_residue:Unable to find amino or nucleic acid definition for ANC.  Parsing as new residue.
2024-02-28 14:07:17,581 WARNING:biomolecule.py:992:create_residue:Unable to find amino or nucleic acid definition for 3OL.  Parsing as new residue.
2024-02-28 14:07:17,582 WARNING:main.py:418:setup_molecule:Multiple occupancies found: N in PHE B 2089.
2024-02-28 14:07:17,582 WARNING:main.py:418:setup_molecule:Multiple occupancies found: CA in PHE B 2089.
2024-02-28 14:07:17,582 WARNING:main.py:418:setup_molecule:Multiple occupancies found: C in PHE B 2089.
2024-02-28 14:07:17,582 WARNING:main.py:418:setup_molecule:Multiple occupancies found: O in PHE B 2089.
2024-02-28 14:07:17,582 WARNING:main.py:418:setup_molecule:Multiple occupancies found: CB in PHE B 2089.
2024-02-28 14:07:17,582 WARNING:main.py:418:setup_molecule:Multiple occupancies found: CG in PHE B 2089.
2024-02-28 14:07:17,582 WARNING:main.py:418:setup_molecule:Multiple occupancies found: CD1 in PHE B 2089.
2024-02-28 14:07:17,582 WARNING:main.py:418:setup_molecule:Multiple occupancies found: CD2 in PHE B 2089.
2024-02-28 14:07:17,583 WARNING:main.py:418:setup_molecule:Multiple occupancies found: CE1 in PHE B 2089.
2024-02-28 14:07:17,583 WARNING:main.py:418:setup_molecule:Multiple occupancies found: CE2 in PHE B 2089.
2024-02-28 14:07:17,583 WARNING:main.py:418:setup_molecule:Multiple occupancies found: CZ in PHE B 2089.
2024-02-28 14:07:17,583 WARNING:main.py:424:setup_molecule:Multiple occupancies found in PHE B 2089. At least one of the instances is being ignored.
2024-02-28 14:07:17,583 WARNING:main.py:418:setup_molecule:Multiple occupancies found: C1 in ANC B 3002.
2024-02-28 14:07:17,583 WARNING:main.py:418:setup_molecule:Multiple occupancies found: C2 in ANC B 3002.
2024-02-28 14:07:17,583 WARNING:main.py:418:setup_molecule:Multiple occupancies found: C3 in ANC B 3002.
2024-02-28 14:07:17,583 WARNING:main.py:418:setup_molecule:Multiple occupancies found: C4 in ANC B 3002.
2024-02-28 14:07:17,583 WARNING:main.py:418:setup_molecule:Multiple occupancies found: C5 in ANC B 3002.
2024-02-28 14:07:17,583 WARNING:main.py:418:setup_molecule:Multiple occupancies found: C6 in ANC B 3002.
2024-02-28 14:07:17,583 WARNING:main.py:418:setup_molecule:Multiple occupancies found: C7 in ANC B 3002.
2024-02-28 14:07:17,583 WARNING:main.py:418:setup_molecule:Multiple occupancies found: C8 in ANC B 3002.
2024-02-28 14:07:17,583 WARNING:main.py:418:setup_molecule:Multiple occupancies found: C9 in ANC B 3002.
2024-02-28 14:07:17,583 WARNING:main.py:418:setup_molecule:Multiple occupancies found: C10 in ANC B 3002.
2024-02-28 14:07:17,583 WARNING:main.py:418:setup_molecule:Multiple occupancies found: C11 in ANC B 3002.
2024-02-28 14:07:17,583 WARNING:main.py:418:setup_molecule:Multiple occupancies found: C12 in ANC B 3002.
2024-02-28 14:07:17,583 WARNING:main.py:418:setup_molecule:Multiple occupancies found: C13 in ANC B 3002.
2024-02-28 14:07:17,583 WARNING:main.py:418:setup_molecule:Multiple occupancies found: C14 in ANC B 3002.
2024-02-28 14:07:17,583 WARNING:main.py:418:setup_molecule:Multiple occupancies found: N1 in ANC B 3002.
2024-02-28 14:07:17,583 WARNING:main.py:424:setup_molecule:Multiple occupancies found in ANC B 3002. At least one of the instances is being ignored.
2024-02-28 14:07:17,666 WARNING:biomolecule.py:157:num_missing_heavy:Missing atom CB in residue GLU A 1117
2024-02-28 14:07:17,977 WARNING:biomolecule.py:157:num_missing_heavy:Missing atom CG in residue GLU A 1117
2024-02-28 14:07:17,977 WARNING:biomolecule.py:157:num_missing_heavy:Missing atom CD in residue GLU A 1117
2024-02-28 14:07:17,977 WARNING:biomolecule.py:157:num_missing_heavy:Missing atom OE1 in residue GLU A 1117
2024-02-28 14:07:17,977 WARNING:biomolecule.py:157:num_missing_heavy:Missing atom OE2 in residue GLU A 1117
2024-02-28 14:07:17,978 WARNING:biomolecule.py:157:num_missing_heavy:Missing atom CB in residue GLU B 2117
2024-02-28 14:07:17,978 WARNING:biomolecule.py:157:num_missing_heavy:Missing atom CG in residue GLU B 2117
2024-02-28 14:07:17,978 WARNING:biomolecule.py:157:num_missing_heavy:Missing atom CD in residue GLU B 2117
2024-02-28 14:07:17,978 WARNING:biomolecule.py:157:num_missing_heavy:Missing atom OE1 in residue GLU B 2117
2024-02-28 14:07:17,978 WARNING:biomolecule.py:157:num_missing_heavy:Missing atom OE2 in residue GLU B 2117
2024-02-28 14:07:17,979 WARNING:biomolecule.py:157:num_missing_heavy:Missing atom OXT in residue HIS B 2157
2024-02-28 14:07:17,979 WARNING:biomolecule.py:157:num_missing_heavy:Missing atom CB in residue GLU A 1117
2024-02-28 14:07:17,979 WARNING:biomolecule.py:157:num_missing_heavy:Missing atom CG in residue GLU A 1117
2024-02-28 14:07:17,979 WARNING:biomolecule.py:157:num_missing_heavy:Missing atom CD in residue GLU A 1117
2024-02-28 14:07:17,979 WARNING:biomolecule.py:157:num_missing_heavy:Missing atom OE1 in residue GLU A 1117
2024-02-28 14:07:17,979 WARNING:biomolecule.py:157:num_missing_heavy:Missing atom OE2 in residue GLU A 1117
2024-02-28 14:07:17,980 WARNING:biomolecule.py:157:num_missing_heavy:Missing atom CB in residue GLU B 2117
2024-02-28 14:07:17,980 WARNING:biomolecule.py:157:num_missing_heavy:Missing atom CG in residue GLU B 2117
2024-02-28 14:07:17,980 WARNING:biomolecule.py:157:num_missing_heavy:Missing atom CD in residue GLU B 2117
2024-02-28 14:07:17,980 WARNING:biomolecule.py:157:num_missing_heavy:Missing atom OE1 in residue GLU B 2117
2024-02-28 14:07:17,980 WARNING:biomolecule.py:157:num_missing_heavy:Missing atom OE2 in residue GLU B 2117
2024-02-28 14:07:17,980 WARNING:biomolecule.py:157:num_missing_heavy:Missing atom OXT in residue HIS B 2157
2024-02-28 14:07:17,981 WARNING:biomolecule.py:157:num_missing_heavy:Missing atom CB in residue GLU A 1117
2024-02-28 14:07:17,981 WARNING:biomolecule.py:157:num_missing_heavy:Missing atom CG in residue GLU A 1117
2024-02-28 14:07:17,981 WARNING:biomolecule.py:157:num_missing_heavy:Missing atom CD in residue GLU A 1117
2024-02-28 14:07:17,981 WARNING:biomolecule.py:157:num_missing_heavy:Missing atom OE1 in residue GLU A 1117
2024-02-28 14:07:17,981 WARNING:biomolecule.py:157:num_missing_heavy:Missing atom OE2 in residue GLU A 1117
2024-02-28 14:07:17,981 WARNING:biomolecule.py:157:num_missing_heavy:Missing atom CB in residue GLU B 2117
2024-02-28 14:07:17,981 WARNING:biomolecule.py:157:num_missing_heavy:Missing atom CG in residue GLU B 2117
2024-02-28 14:07:17,981 WARNING:biomolecule.py:157:num_missing_heavy:Missing atom CD in residue GLU B 2117
2024-02-28 14:07:17,981 WARNING:biomolecule.py:157:num_missing_heavy:Missing atom OE1 in residue GLU B 2117
2024-02-28 14:07:17,982 WARNING:biomolecule.py:157:num_missing_heavy:Missing atom OE2 in residue GLU B 2117
2024-02-28 14:07:17,982 WARNING:biomolecule.py:157:num_missing_heavy:Missing atom OXT in residue HIS B 2157
2024-02-28 14:07:22,538 WARNING:main.py:311:print_pqr:Ignoring 2096 header lines in output.
2024-02-28 14:07:22,539 WARNING:main.py:315:print_pqr:Ignoring 39 missing lines in output.
