2024-02-28 14:07:17,763 WARNING:biomolecule.py:992:create_residue:Unable to find amino or nucleic acid definition for GAL.  Parsing as new residue.
2024-02-28 14:07:17,785 WARNING:biomolecule.py:992:create_residue:Unable to find amino or nucleic acid definition for SPH.  Parsing as new residue.
2024-02-28 14:07:17,786 WARNING:biomolecule.py:992:create_residue:Unable to find amino or nucleic acid definition for EIC.  Parsing as new residue.
2024-02-28 14:07:17,786 WARNING:biomolecule.py:992:create_residue:Unable to find amino or nucleic acid definition for LNK.  Parsing as new residue.
2024-02-28 14:07:17,786 WARNING:biomolecule.py:992:create_residue:Unable to find amino or nucleic acid definition for OCT.  Parsing as new residue.
2024-02-28 14:07:17,786 WARNING:main.py:418:setup_molecule:Multiple occupancies found: CZ in ARG A 102.
2024-02-28 14:07:17,786 WARNING:main.py:418:setup_molecule:Multiple occupancies found: NH1 in ARG A 102.
2024-02-28 14:07:17,786 WARNING:main.py:418:setup_molecule:Multiple occupancies found: NH2 in ARG A 102.
2024-02-28 14:07:17,786 WARNING:main.py:424:setup_molecule:Multiple occupancies found in ARG A 102. At least one of the instances is being ignored.
2024-02-28 14:07:17,791 WARNING:biomolecule.py:615:update_bonds:Gap in backbone detected between LYS A 167 and GLN A 169!
2024-02-28 14:07:17,855 WARNING:biomolecule.py:157:num_missing_heavy:Missing atom CG in residue LYS A 167
2024-02-28 14:07:17,855 WARNING:biomolecule.py:157:num_missing_heavy:Missing atom CD in residue LYS A 167
2024-02-28 14:07:17,855 WARNING:biomolecule.py:157:num_missing_heavy:Missing atom CE in residue LYS A 167
2024-02-28 14:07:17,855 WARNING:biomolecule.py:157:num_missing_heavy:Missing atom NZ in residue LYS A 167
2024-02-28 14:07:17,855 WARNING:biomolecule.py:157:num_missing_heavy:Missing atom CG in residue GLN A 169
2024-02-28 14:07:17,855 WARNING:biomolecule.py:157:num_missing_heavy:Missing atom CD in residue GLN A 169
2024-02-28 14:07:17,855 WARNING:biomolecule.py:157:num_missing_heavy:Missing atom OE1 in residue GLN A 169
2024-02-28 14:07:17,855 WARNING:biomolecule.py:157:num_missing_heavy:Missing atom NE2 in residue GLN A 169
2024-02-28 14:07:17,855 WARNING:biomolecule.py:157:num_missing_heavy:Missing atom CG in residue ASN A 170
2024-02-28 14:07:17,855 WARNING:biomolecule.py:157:num_missing_heavy:Missing atom OD1 in residue ASN A 170
2024-02-28 14:07:17,855 WARNING:biomolecule.py:157:num_missing_heavy:Missing atom ND2 in residue ASN A 170
2024-02-28 14:07:17,856 WARNING:biomolecule.py:157:num_missing_heavy:Missing atom CG in residue LYS A 167
2024-02-28 14:07:17,856 WARNING:biomolecule.py:157:num_missing_heavy:Missing atom CD in residue LYS A 167
2024-02-28 14:07:17,856 WARNING:biomolecule.py:157:num_missing_heavy:Missing atom CE in residue LYS A 167
2024-02-28 14:07:17,856 WARNING:biomolecule.py:157:num_missing_heavy:Missing atom NZ in residue LYS A 167
2024-02-28 14:07:17,856 WARNING:biomolecule.py:157:num_missing_heavy:Missing atom CG in residue GLN A 169
2024-02-28 14:07:17,856 WARNING:biomolecule.py:157:num_missing_heavy:Missing atom CD in residue GLN A 169
2024-02-28 14:07:17,856 WARNING:biomolecule.py:157:num_missing_heavy:Missing atom OE1 in residue GLN A 169
2024-02-28 14:07:17,856 WARNING:biomolecule.py:157:num_missing_heavy:Missing atom NE2 in residue GLN A 169
2024-02-28 14:07:17,856 WARNING:biomolecule.py:157:num_missing_heavy:Missing atom CG in residue ASN A 170
2024-02-28 14:07:17,856 WARNING:biomolecule.py:157:num_missing_heavy:Missing atom OD1 in residue ASN A 170
2024-02-28 14:07:17,856 WARNING:biomolecule.py:157:num_missing_heavy:Missing atom ND2 in residue ASN A 170
2024-02-28 14:07:17,865 WARNING:biomolecule.py:157:num_missing_heavy:Missing atom CG in residue LYS A 167
2024-02-28 14:07:17,865 WARNING:biomolecule.py:157:num_missing_heavy:Missing atom CD in residue LYS A 167
2024-02-28 14:07:17,865 WARNING:biomolecule.py:157:num_missing_heavy:Missing atom CE in residue LYS A 167
2024-02-28 14:07:17,865 WARNING:biomolecule.py:157:num_missing_heavy:Missing atom NZ in residue LYS A 167
2024-02-28 14:07:17,865 WARNING:biomolecule.py:157:num_missing_heavy:Missing atom CG in residue GLN A 169
2024-02-28 14:07:17,865 WARNING:biomolecule.py:157:num_missing_heavy:Missing atom CD in residue GLN A 169
2024-02-28 14:07:17,865 WARNING:biomolecule.py:157:num_missing_heavy:Missing atom OE1 in residue GLN A 169
2024-02-28 14:07:17,865 WARNING:biomolecule.py:157:num_missing_heavy:Missing atom NE2 in residue GLN A 169
2024-02-28 14:07:17,865 WARNING:biomolecule.py:157:num_missing_heavy:Missing atom CG in residue ASN A 170
2024-02-28 14:07:17,865 WARNING:biomolecule.py:157:num_missing_heavy:Missing atom OD1 in residue ASN A 170
2024-02-28 14:07:17,865 WARNING:biomolecule.py:157:num_missing_heavy:Missing atom ND2 in residue ASN A 170
2024-02-28 14:07:20,289 WARNING:main.py:311:print_pqr:Ignoring 2888 header lines in output.
2024-02-28 14:07:20,290 WARNING:main.py:315:print_pqr:Ignoring 64 missing lines in output.
