2024-02-28 14:06:58,399 WARNING:biomolecule.py:992:create_residue:Unable to find amino or nucleic acid definition for 346.  Parsing as new residue.
2024-02-28 14:06:58,400 WARNING:biomolecule.py:992:create_residue:Unable to find amino or nucleic acid definition for SO4.  Parsing as new residue.
2024-02-28 14:06:58,400 WARNING:biomolecule.py:992:create_residue:Unable to find amino or nucleic acid definition for CA.  Parsing as new residue.
2024-02-28 14:06:58,401 WARNING:main.py:418:setup_molecule:Multiple occupancies found: N in VAL H 35.
2024-02-28 14:06:58,401 WARNING:main.py:418:setup_molecule:Multiple occupancies found: CA in VAL H 35.
2024-02-28 14:06:58,401 WARNING:main.py:418:setup_molecule:Multiple occupancies found: C in VAL H 35.
2024-02-28 14:06:58,401 WARNING:main.py:418:setup_molecule:Multiple occupancies found: O in VAL H 35.
2024-02-28 14:06:58,401 WARNING:main.py:418:setup_molecule:Multiple occupancies found: CB in VAL H 35.
2024-02-28 14:06:58,401 WARNING:main.py:418:setup_molecule:Multiple occupancies found: CG1 in VAL H 35.
2024-02-28 14:06:58,402 WARNING:main.py:418:setup_molecule:Multiple occupancies found: CG2 in VAL H 35.
2024-02-28 14:06:58,402 WARNING:main.py:418:setup_molecule:Multiple occupancies found: H in VAL H 35.
2024-02-28 14:06:58,402 WARNING:main.py:418:setup_molecule:Multiple occupancies found: HA in VAL H 35.
2024-02-28 14:06:58,402 WARNING:main.py:418:setup_molecule:Multiple occupancies found: HB in VAL H 35.
2024-02-28 14:06:58,402 WARNING:main.py:418:setup_molecule:Multiple occupancies found: HG11 in VAL H 35.
2024-02-28 14:06:58,402 WARNING:main.py:418:setup_molecule:Multiple occupancies found: HG12 in VAL H 35.
2024-02-28 14:06:58,402 WARNING:main.py:418:setup_molecule:Multiple occupancies found: HG13 in VAL H 35.
2024-02-28 14:06:58,402 WARNING:main.py:418:setup_molecule:Multiple occupancies found: HG21 in VAL H 35.
2024-02-28 14:06:58,403 WARNING:main.py:418:setup_molecule:Multiple occupancies found: HG22 in VAL H 35.
2024-02-28 14:06:58,403 WARNING:main.py:418:setup_molecule:Multiple occupancies found: HG23 in VAL H 35.
2024-02-28 14:06:58,403 WARNING:main.py:424:setup_molecule:Multiple occupancies found in VAL H 35. At least one of the instances is being ignored.
2024-02-28 14:06:58,403 WARNING:main.py:418:setup_molecule:Multiple occupancies found: N in LEU H 64.
2024-02-28 14:06:58,403 WARNING:main.py:418:setup_molecule:Multiple occupancies found: CA in LEU H 64.
2024-02-28 14:06:58,403 WARNING:main.py:418:setup_molecule:Multiple occupancies found: C in LEU H 64.
2024-02-28 14:06:58,404 WARNING:main.py:418:setup_molecule:Multiple occupancies found: O in LEU H 64.
2024-02-28 14:06:58,404 WARNING:main.py:418:setup_molecule:Multiple occupancies found: CB in LEU H 64.
2024-02-28 14:06:58,404 WARNING:main.py:418:setup_molecule:Multiple occupancies found: CG in LEU H 64.
2024-02-28 14:06:58,404 WARNING:main.py:418:setup_molecule:Multiple occupancies found: CD1 in LEU H 64.
2024-02-28 14:06:58,404 WARNING:main.py:418:setup_molecule:Multiple occupancies found: CD2 in LEU H 64.
2024-02-28 14:06:58,404 WARNING:main.py:418:setup_molecule:Multiple occupancies found: H in LEU H 64.
2024-02-28 14:06:58,404 WARNING:main.py:418:setup_molecule:Multiple occupancies found: HA in LEU H 64.
2024-02-28 14:06:58,404 WARNING:main.py:418:setup_molecule:Multiple occupancies found: HB2 in LEU H 64.
2024-02-28 14:06:58,405 WARNING:main.py:418:setup_molecule:Multiple occupancies found: HB3 in LEU H 64.
2024-02-28 14:06:58,405 WARNING:main.py:418:setup_molecule:Multiple occupancies found: HG in LEU H 64.
2024-02-28 14:06:58,405 WARNING:main.py:418:setup_molecule:Multiple occupancies found: HD11 in LEU H 64.
2024-02-28 14:06:58,405 WARNING:main.py:418:setup_molecule:Multiple occupancies found: HD12 in LEU H 64.
2024-02-28 14:06:58,405 WARNING:main.py:418:setup_molecule:Multiple occupancies found: HD13 in LEU H 64.
2024-02-28 14:06:58,405 WARNING:main.py:418:setup_molecule:Multiple occupancies found: HD21 in LEU H 64.
2024-02-28 14:06:58,406 WARNING:main.py:418:setup_molecule:Multiple occupancies found: HD22 in LEU H 64.
2024-02-28 14:06:58,406 WARNING:main.py:418:setup_molecule:Multiple occupancies found: HD23 in LEU H 64.
2024-02-28 14:06:58,406 WARNING:main.py:424:setup_molecule:Multiple occupancies found in LEU H 64. At least one of the instances is being ignored.
2024-02-28 14:06:58,406 WARNING:main.py:418:setup_molecule:Multiple occupancies found: N in SER H 82.
2024-02-28 14:06:58,406 WARNING:main.py:418:setup_molecule:Multiple occupancies found: CA in SER H 82.
2024-02-28 14:06:58,406 WARNING:main.py:418:setup_molecule:Multiple occupancies found: C in SER H 82.
2024-02-28 14:06:58,406 WARNING:main.py:418:setup_molecule:Multiple occupancies found: O in SER H 82.
2024-02-28 14:06:58,406 WARNING:main.py:418:setup_molecule:Multiple occupancies found: CB in SER H 82.
2024-02-28 14:06:58,406 WARNING:main.py:418:setup_molecule:Multiple occupancies found: OG in SER H 82.
2024-02-28 14:06:58,406 WARNING:main.py:418:setup_molecule:Multiple occupancies found: H in SER H 82.
2024-02-28 14:06:58,406 WARNING:main.py:418:setup_molecule:Multiple occupancies found: HA in SER H 82.
2024-02-28 14:06:58,406 WARNING:main.py:418:setup_molecule:Multiple occupancies found: HB2 in SER H 82.
2024-02-28 14:06:58,406 WARNING:main.py:418:setup_molecule:Multiple occupancies found: HB3 in SER H 82.
2024-02-28 14:06:58,406 WARNING:main.py:418:setup_molecule:Multiple occupancies found: HG in SER H 82.
2024-02-28 14:06:58,406 WARNING:main.py:424:setup_molecule:Multiple occupancies found in SER H 82. At least one of the instances is being ignored.
2024-02-28 14:06:58,407 WARNING:main.py:418:setup_molecule:Multiple occupancies found: N in GLN H 110.
2024-02-28 14:06:58,407 WARNING:main.py:418:setup_molecule:Multiple occupancies found: CA in GLN H 110.
2024-02-28 14:06:58,407 WARNING:main.py:418:setup_molecule:Multiple occupancies found: C in GLN H 110.
2024-02-28 14:06:58,407 WARNING:main.py:418:setup_molecule:Multiple occupancies found: O in GLN H 110.
2024-02-28 14:06:58,407 WARNING:main.py:418:setup_molecule:Multiple occupancies found: CB in GLN H 110.
2024-02-28 14:06:58,407 WARNING:main.py:418:setup_molecule:Multiple occupancies found: CG in GLN H 110.
2024-02-28 14:06:58,408 WARNING:main.py:418:setup_molecule:Multiple occupancies found: CD in GLN H 110.
2024-02-28 14:06:58,408 WARNING:main.py:418:setup_molecule:Multiple occupancies found: OE1 in GLN H 110.
2024-02-28 14:06:58,408 WARNING:main.py:418:setup_molecule:Multiple occupancies found: NE2 in GLN H 110.
2024-02-28 14:06:58,408 WARNING:main.py:418:setup_molecule:Multiple occupancies found: H in GLN H 110.
2024-02-28 14:06:58,408 WARNING:main.py:418:setup_molecule:Multiple occupancies found: HA in GLN H 110.
2024-02-28 14:06:58,408 WARNING:main.py:418:setup_molecule:Multiple occupancies found: HB2 in GLN H 110.
2024-02-28 14:06:58,408 WARNING:main.py:418:setup_molecule:Multiple occupancies found: HB3 in GLN H 110.
2024-02-28 14:06:58,409 WARNING:main.py:418:setup_molecule:Multiple occupancies found: HG2 in GLN H 110.
2024-02-28 14:06:58,409 WARNING:main.py:418:setup_molecule:Multiple occupancies found: HG3 in GLN H 110.
2024-02-28 14:06:58,409 WARNING:main.py:418:setup_molecule:Multiple occupancies found: HE21 in GLN H 110.
2024-02-28 14:06:58,409 WARNING:main.py:418:setup_molecule:Multiple occupancies found: HE22 in GLN H 110.
2024-02-28 14:06:58,409 WARNING:main.py:424:setup_molecule:Multiple occupancies found in GLN H 110. At least one of the instances is being ignored.
2024-02-28 14:06:58,409 WARNING:main.py:418:setup_molecule:Multiple occupancies found: N in CYS H 191.
2024-02-28 14:06:58,409 WARNING:main.py:418:setup_molecule:Multiple occupancies found: CA in CYS H 191.
2024-02-28 14:06:58,409 WARNING:main.py:418:setup_molecule:Multiple occupancies found: C in CYS H 191.
2024-02-28 14:06:58,410 WARNING:main.py:418:setup_molecule:Multiple occupancies found: O in CYS H 191.
2024-02-28 14:06:58,410 WARNING:main.py:418:setup_molecule:Multiple occupancies found: CB in CYS H 191.
2024-02-28 14:06:58,410 WARNING:main.py:418:setup_molecule:Multiple occupancies found: SG in CYS H 191.
2024-02-28 14:06:58,410 WARNING:main.py:418:setup_molecule:Multiple occupancies found: H in CYS H 191.
2024-02-28 14:06:58,410 WARNING:main.py:418:setup_molecule:Multiple occupancies found: HA in CYS H 191.
2024-02-28 14:06:58,410 WARNING:main.py:418:setup_molecule:Multiple occupancies found: HB2 in CYS H 191.
2024-02-28 14:06:58,411 WARNING:main.py:418:setup_molecule:Multiple occupancies found: HB3 in CYS H 191.
2024-02-28 14:06:58,411 WARNING:main.py:424:setup_molecule:Multiple occupancies found in CYS H 191. At least one of the instances is being ignored.
2024-02-28 14:06:58,411 WARNING:main.py:418:setup_molecule:Multiple occupancies found: N in ARG H 204.
2024-02-28 14:06:58,411 WARNING:main.py:418:setup_molecule:Multiple occupancies found: CA in ARG H 204.
2024-02-28 14:06:58,411 WARNING:main.py:418:setup_molecule:Multiple occupancies found: C in ARG H 204.
2024-02-28 14:06:58,411 WARNING:main.py:418:setup_molecule:Multiple occupancies found: O in ARG H 204.
2024-02-28 14:06:58,411 WARNING:main.py:418:setup_molecule:Multiple occupancies found: CB in ARG H 204.
2024-02-28 14:06:58,412 WARNING:main.py:418:setup_molecule:Multiple occupancies found: CG in ARG H 204.
2024-02-28 14:06:58,412 WARNING:main.py:418:setup_molecule:Multiple occupancies found: CD in ARG H 204.
2024-02-28 14:06:58,412 WARNING:main.py:418:setup_molecule:Multiple occupancies found: NE in ARG H 204.
2024-02-28 14:06:58,412 WARNING:main.py:418:setup_molecule:Multiple occupancies found: CZ in ARG H 204.
2024-02-28 14:06:58,412 WARNING:main.py:418:setup_molecule:Multiple occupancies found: NH1 in ARG H 204.
2024-02-28 14:06:58,412 WARNING:main.py:418:setup_molecule:Multiple occupancies found: NH2 in ARG H 204.
2024-02-28 14:06:58,412 WARNING:main.py:418:setup_molecule:Multiple occupancies found: H in ARG H 204.
2024-02-28 14:06:58,412 WARNING:main.py:418:setup_molecule:Multiple occupancies found: HA in ARG H 204.
2024-02-28 14:06:58,413 WARNING:main.py:418:setup_molecule:Multiple occupancies found: HB2 in ARG H 204.
2024-02-28 14:06:58,413 WARNING:main.py:418:setup_molecule:Multiple occupancies found: HB3 in ARG H 204.
2024-02-28 14:06:58,413 WARNING:main.py:418:setup_molecule:Multiple occupancies found: HG2 in ARG H 204.
2024-02-28 14:06:58,413 WARNING:main.py:418:setup_molecule:Multiple occupancies found: HG3 in ARG H 204.
2024-02-28 14:06:58,413 WARNING:main.py:418:setup_molecule:Multiple occupancies found: HD2 in ARG H 204.
2024-02-28 14:06:58,413 WARNING:main.py:418:setup_molecule:Multiple occupancies found: HD3 in ARG H 204.
2024-02-28 14:06:58,413 WARNING:main.py:418:setup_molecule:Multiple occupancies found: HE in ARG H 204.
2024-02-28 14:06:58,414 WARNING:main.py:418:setup_molecule:Multiple occupancies found: HH11 in ARG H 204.
2024-02-28 14:06:58,414 WARNING:main.py:418:setup_molecule:Multiple occupancies found: HH12 in ARG H 204.
2024-02-28 14:06:58,414 WARNING:main.py:418:setup_molecule:Multiple occupancies found: HH21 in ARG H 204.
2024-02-28 14:06:58,414 WARNING:main.py:418:setup_molecule:Multiple occupancies found: HH22 in ARG H 204.
2024-02-28 14:06:58,414 WARNING:main.py:424:setup_molecule:Multiple occupancies found in ARG H 204. At least one of the instances is being ignored.
2024-02-28 14:06:58,414 WARNING:main.py:418:setup_molecule:Multiple occupancies found: N in GLN H 217.
2024-02-28 14:06:58,415 WARNING:main.py:418:setup_molecule:Multiple occupancies found: CA in GLN H 217.
2024-02-28 14:06:58,415 WARNING:main.py:418:setup_molecule:Multiple occupancies found: C in GLN H 217.
2024-02-28 14:06:58,415 WARNING:main.py:418:setup_molecule:Multiple occupancies found: O in GLN H 217.
2024-02-28 14:06:58,415 WARNING:main.py:418:setup_molecule:Multiple occupancies found: CB in GLN H 217.
2024-02-28 14:06:58,415 WARNING:main.py:418:setup_molecule:Multiple occupancies found: CG in GLN H 217.
2024-02-28 14:06:58,415 WARNING:main.py:418:setup_molecule:Multiple occupancies found: CD in GLN H 217.
2024-02-28 14:06:58,415 WARNING:main.py:418:setup_molecule:Multiple occupancies found: OE1 in GLN H 217.
2024-02-28 14:06:58,415 WARNING:main.py:418:setup_molecule:Multiple occupancies found: NE2 in GLN H 217.
2024-02-28 14:06:58,416 WARNING:main.py:418:setup_molecule:Multiple occupancies found: H in GLN H 217.
2024-02-28 14:06:58,416 WARNING:main.py:418:setup_molecule:Multiple occupancies found: HA in GLN H 217.
2024-02-28 14:06:58,416 WARNING:main.py:418:setup_molecule:Multiple occupancies found: HB2 in GLN H 217.
2024-02-28 14:06:58,416 WARNING:main.py:418:setup_molecule:Multiple occupancies found: HB3 in GLN H 217.
2024-02-28 14:06:58,416 WARNING:main.py:418:setup_molecule:Multiple occupancies found: HG2 in GLN H 217.
2024-02-28 14:06:58,416 WARNING:main.py:418:setup_molecule:Multiple occupancies found: HG3 in GLN H 217.
2024-02-28 14:06:58,416 WARNING:main.py:418:setup_molecule:Multiple occupancies found: HE21 in GLN H 217.
2024-02-28 14:06:58,416 WARNING:main.py:418:setup_molecule:Multiple occupancies found: HE22 in GLN H 217.
2024-02-28 14:06:58,416 WARNING:main.py:424:setup_molecule:Multiple occupancies found in GLN H 217. At least one of the instances is being ignored.
2024-02-28 14:06:58,416 WARNING:main.py:418:setup_molecule:Multiple occupancies found: N in CYS H 220.
2024-02-28 14:06:58,416 WARNING:main.py:418:setup_molecule:Multiple occupancies found: CA in CYS H 220.
2024-02-28 14:06:58,416 WARNING:main.py:418:setup_molecule:Multiple occupancies found: C in CYS H 220.
2024-02-28 14:06:58,416 WARNING:main.py:418:setup_molecule:Multiple occupancies found: O in CYS H 220.
2024-02-28 14:06:58,416 WARNING:main.py:418:setup_molecule:Multiple occupancies found: CB in CYS H 220.
2024-02-28 14:06:58,416 WARNING:main.py:418:setup_molecule:Multiple occupancies found: SG in CYS H 220.
2024-02-28 14:06:58,416 WARNING:main.py:418:setup_molecule:Multiple occupancies found: H in CYS H 220.
2024-02-28 14:06:58,416 WARNING:main.py:418:setup_molecule:Multiple occupancies found: HA in CYS H 220.
2024-02-28 14:06:58,416 WARNING:main.py:418:setup_molecule:Multiple occupancies found: HB2 in CYS H 220.
2024-02-28 14:06:58,417 WARNING:main.py:418:setup_molecule:Multiple occupancies found: HB3 in CYS H 220.
2024-02-28 14:06:58,417 WARNING:main.py:424:setup_molecule:Multiple occupancies found in CYS H 220. At least one of the instances is being ignored.
2024-02-28 14:06:58,417 WARNING:main.py:418:setup_molecule:Multiple occupancies found: N in ARG H 247.
2024-02-28 14:06:58,417 WARNING:main.py:418:setup_molecule:Multiple occupancies found: CA in ARG H 247.
2024-02-28 14:06:58,417 WARNING:main.py:418:setup_molecule:Multiple occupancies found: C in ARG H 247.
2024-02-28 14:06:58,418 WARNING:main.py:418:setup_molecule:Multiple occupancies found: O in ARG H 247.
2024-02-28 14:06:58,418 WARNING:main.py:418:setup_molecule:Multiple occupancies found: CB in ARG H 247.
2024-02-28 14:06:58,418 WARNING:main.py:418:setup_molecule:Multiple occupancies found: CG in ARG H 247.
2024-02-28 14:06:58,418 WARNING:main.py:418:setup_molecule:Multiple occupancies found: CD in ARG H 247.
2024-02-28 14:06:58,418 WARNING:main.py:418:setup_molecule:Multiple occupancies found: NE in ARG H 247.
2024-02-28 14:06:58,418 WARNING:main.py:418:setup_molecule:Multiple occupancies found: CZ in ARG H 247.
2024-02-28 14:06:58,418 WARNING:main.py:418:setup_molecule:Multiple occupancies found: NH1 in ARG H 247.
2024-02-28 14:06:58,418 WARNING:main.py:418:setup_molecule:Multiple occupancies found: NH2 in ARG H 247.
2024-02-28 14:06:58,419 WARNING:main.py:418:setup_molecule:Multiple occupancies found: H in ARG H 247.
2024-02-28 14:06:58,419 WARNING:main.py:418:setup_molecule:Multiple occupancies found: HA in ARG H 247.
2024-02-28 14:06:58,419 WARNING:main.py:418:setup_molecule:Multiple occupancies found: HB2 in ARG H 247.
2024-02-28 14:06:58,419 WARNING:main.py:418:setup_molecule:Multiple occupancies found: HB3 in ARG H 247.
2024-02-28 14:06:58,419 WARNING:main.py:418:setup_molecule:Multiple occupancies found: HG2 in ARG H 247.
2024-02-28 14:06:58,419 WARNING:main.py:418:setup_molecule:Multiple occupancies found: HG3 in ARG H 247.
2024-02-28 14:06:58,420 WARNING:main.py:418:setup_molecule:Multiple occupancies found: HD2 in ARG H 247.
2024-02-28 14:06:58,420 WARNING:main.py:418:setup_molecule:Multiple occupancies found: HD3 in ARG H 247.
2024-02-28 14:06:58,420 WARNING:main.py:418:setup_molecule:Multiple occupancies found: HE in ARG H 247.
2024-02-28 14:06:58,420 WARNING:main.py:418:setup_molecule:Multiple occupancies found: HH11 in ARG H 247.
2024-02-28 14:06:58,420 WARNING:main.py:418:setup_molecule:Multiple occupancies found: HH12 in ARG H 247.
2024-02-28 14:06:58,420 WARNING:main.py:418:setup_molecule:Multiple occupancies found: HH21 in ARG H 247.
2024-02-28 14:06:58,420 WARNING:main.py:418:setup_molecule:Multiple occupancies found: HH22 in ARG H 247.
2024-02-28 14:06:58,420 WARNING:main.py:424:setup_molecule:Multiple occupancies found in ARG H 247. At least one of the instances is being ignored.
2024-02-28 14:06:58,420 WARNING:main.py:418:setup_molecule:Multiple occupancies found: N in SER L 111.
2024-02-28 14:06:58,420 WARNING:main.py:418:setup_molecule:Multiple occupancies found: CA in SER L 111.
2024-02-28 14:06:58,420 WARNING:main.py:418:setup_molecule:Multiple occupancies found: C in SER L 111.
2024-02-28 14:06:58,420 WARNING:main.py:418:setup_molecule:Multiple occupancies found: O in SER L 111.
2024-02-28 14:06:58,420 WARNING:main.py:418:setup_molecule:Multiple occupancies found: CB in SER L 111.
2024-02-28 14:06:58,420 WARNING:main.py:418:setup_molecule:Multiple occupancies found: OG in SER L 111.
2024-02-28 14:06:58,421 WARNING:main.py:418:setup_molecule:Multiple occupancies found: H in SER L 111.
2024-02-28 14:06:58,421 WARNING:main.py:418:setup_molecule:Multiple occupancies found: HA in SER L 111.
2024-02-28 14:06:58,421 WARNING:main.py:418:setup_molecule:Multiple occupancies found: HB2 in SER L 111.
2024-02-28 14:06:58,421 WARNING:main.py:418:setup_molecule:Multiple occupancies found: HB3 in SER L 111.
2024-02-28 14:06:58,421 WARNING:main.py:418:setup_molecule:Multiple occupancies found: HG in SER L 111.
2024-02-28 14:06:58,421 WARNING:main.py:424:setup_molecule:Multiple occupancies found in SER L 111. At least one of the instances is being ignored.
2024-02-28 14:06:59,229 WARNING:debump.py:172:debump_biomolecule:WARNING: Unable to debump LYS H 240
2024-02-28 14:06:59,332 WARNING:main.py:311:print_pqr:Ignoring 2843 header lines in output.
2024-02-28 14:06:59,332 WARNING:main.py:315:print_pqr:Ignoring 60 missing lines in output.
2024-02-28 14:58:41,394 WARNING:biomolecule.py:992:create_residue:Unable to find amino or nucleic acid definition for 346.  Parsing as new residue.
2024-02-28 14:58:41,402 WARNING:biomolecule.py:992:create_residue:Unable to find amino or nucleic acid definition for SO4.  Parsing as new residue.
2024-02-28 14:58:41,403 WARNING:biomolecule.py:992:create_residue:Unable to find amino or nucleic acid definition for CA.  Parsing as new residue.
2024-02-28 14:58:41,403 WARNING:main.py:418:setup_molecule:Multiple occupancies found: N in VAL H 35.
2024-02-28 14:58:41,403 WARNING:main.py:418:setup_molecule:Multiple occupancies found: CA in VAL H 35.
2024-02-28 14:58:41,403 WARNING:main.py:418:setup_molecule:Multiple occupancies found: C in VAL H 35.
2024-02-28 14:58:41,403 WARNING:main.py:418:setup_molecule:Multiple occupancies found: O in VAL H 35.
2024-02-28 14:58:41,403 WARNING:main.py:418:setup_molecule:Multiple occupancies found: CB in VAL H 35.
2024-02-28 14:58:41,403 WARNING:main.py:418:setup_molecule:Multiple occupancies found: CG1 in VAL H 35.
2024-02-28 14:58:41,403 WARNING:main.py:418:setup_molecule:Multiple occupancies found: CG2 in VAL H 35.
2024-02-28 14:58:41,403 WARNING:main.py:418:setup_molecule:Multiple occupancies found: H in VAL H 35.
2024-02-28 14:58:41,403 WARNING:main.py:418:setup_molecule:Multiple occupancies found: HA in VAL H 35.
2024-02-28 14:58:41,403 WARNING:main.py:418:setup_molecule:Multiple occupancies found: HB in VAL H 35.
2024-02-28 14:58:41,403 WARNING:main.py:418:setup_molecule:Multiple occupancies found: HG11 in VAL H 35.
2024-02-28 14:58:41,404 WARNING:main.py:418:setup_molecule:Multiple occupancies found: HG12 in VAL H 35.
2024-02-28 14:58:41,404 WARNING:main.py:418:setup_molecule:Multiple occupancies found: HG13 in VAL H 35.
2024-02-28 14:58:41,404 WARNING:main.py:418:setup_molecule:Multiple occupancies found: HG21 in VAL H 35.
2024-02-28 14:58:41,404 WARNING:main.py:418:setup_molecule:Multiple occupancies found: HG22 in VAL H 35.
2024-02-28 14:58:41,404 WARNING:main.py:418:setup_molecule:Multiple occupancies found: HG23 in VAL H 35.
2024-02-28 14:58:41,404 WARNING:main.py:424:setup_molecule:Multiple occupancies found in VAL H 35. At least one of the instances is being ignored.
2024-02-28 14:58:41,404 WARNING:main.py:418:setup_molecule:Multiple occupancies found: N in LEU H 64.
2024-02-28 14:58:41,404 WARNING:main.py:418:setup_molecule:Multiple occupancies found: CA in LEU H 64.
2024-02-28 14:58:41,404 WARNING:main.py:418:setup_molecule:Multiple occupancies found: C in LEU H 64.
2024-02-28 14:58:41,404 WARNING:main.py:418:setup_molecule:Multiple occupancies found: O in LEU H 64.
2024-02-28 14:58:41,404 WARNING:main.py:418:setup_molecule:Multiple occupancies found: CB in LEU H 64.
2024-02-28 14:58:41,404 WARNING:main.py:418:setup_molecule:Multiple occupancies found: CG in LEU H 64.
2024-02-28 14:58:41,404 WARNING:main.py:418:setup_molecule:Multiple occupancies found: CD1 in LEU H 64.
2024-02-28 14:58:41,404 WARNING:main.py:418:setup_molecule:Multiple occupancies found: CD2 in LEU H 64.
2024-02-28 14:58:41,404 WARNING:main.py:418:setup_molecule:Multiple occupancies found: H in LEU H 64.
2024-02-28 14:58:41,404 WARNING:main.py:418:setup_molecule:Multiple occupancies found: HA in LEU H 64.
2024-02-28 14:58:41,404 WARNING:main.py:418:setup_molecule:Multiple occupancies found: HB2 in LEU H 64.
2024-02-28 14:58:41,404 WARNING:main.py:418:setup_molecule:Multiple occupancies found: HB3 in LEU H 64.
2024-02-28 14:58:41,404 WARNING:main.py:418:setup_molecule:Multiple occupancies found: HG in LEU H 64.
2024-02-28 14:58:41,404 WARNING:main.py:418:setup_molecule:Multiple occupancies found: HD11 in LEU H 64.
2024-02-28 14:58:41,404 WARNING:main.py:418:setup_molecule:Multiple occupancies found: HD12 in LEU H 64.
2024-02-28 14:58:41,404 WARNING:main.py:418:setup_molecule:Multiple occupancies found: HD13 in LEU H 64.
2024-02-28 14:58:41,404 WARNING:main.py:418:setup_molecule:Multiple occupancies found: HD21 in LEU H 64.
2024-02-28 14:58:41,404 WARNING:main.py:418:setup_molecule:Multiple occupancies found: HD22 in LEU H 64.
2024-02-28 14:58:41,404 WARNING:main.py:418:setup_molecule:Multiple occupancies found: HD23 in LEU H 64.
2024-02-28 14:58:41,404 WARNING:main.py:424:setup_molecule:Multiple occupancies found in LEU H 64. At least one of the instances is being ignored.
2024-02-28 14:58:41,404 WARNING:main.py:418:setup_molecule:Multiple occupancies found: N in SER H 82.
2024-02-28 14:58:41,404 WARNING:main.py:418:setup_molecule:Multiple occupancies found: CA in SER H 82.
2024-02-28 14:58:41,404 WARNING:main.py:418:setup_molecule:Multiple occupancies found: C in SER H 82.
2024-02-28 14:58:41,404 WARNING:main.py:418:setup_molecule:Multiple occupancies found: O in SER H 82.
2024-02-28 14:58:41,404 WARNING:main.py:418:setup_molecule:Multiple occupancies found: CB in SER H 82.
2024-02-28 14:58:41,404 WARNING:main.py:418:setup_molecule:Multiple occupancies found: OG in SER H 82.
2024-02-28 14:58:41,404 WARNING:main.py:418:setup_molecule:Multiple occupancies found: H in SER H 82.
2024-02-28 14:58:41,404 WARNING:main.py:418:setup_molecule:Multiple occupancies found: HA in SER H 82.
2024-02-28 14:58:41,404 WARNING:main.py:418:setup_molecule:Multiple occupancies found: HB2 in SER H 82.
2024-02-28 14:58:41,404 WARNING:main.py:418:setup_molecule:Multiple occupancies found: HB3 in SER H 82.
2024-02-28 14:58:41,404 WARNING:main.py:418:setup_molecule:Multiple occupancies found: HG in SER H 82.
2024-02-28 14:58:41,404 WARNING:main.py:424:setup_molecule:Multiple occupancies found in SER H 82. At least one of the instances is being ignored.
2024-02-28 14:58:41,405 WARNING:main.py:418:setup_molecule:Multiple occupancies found: N in GLN H 110.
2024-02-28 14:58:41,405 WARNING:main.py:418:setup_molecule:Multiple occupancies found: CA in GLN H 110.
2024-02-28 14:58:41,405 WARNING:main.py:418:setup_molecule:Multiple occupancies found: C in GLN H 110.
2024-02-28 14:58:41,405 WARNING:main.py:418:setup_molecule:Multiple occupancies found: O in GLN H 110.
2024-02-28 14:58:41,405 WARNING:main.py:418:setup_molecule:Multiple occupancies found: CB in GLN H 110.
2024-02-28 14:58:41,405 WARNING:main.py:418:setup_molecule:Multiple occupancies found: CG in GLN H 110.
2024-02-28 14:58:41,405 WARNING:main.py:418:setup_molecule:Multiple occupancies found: CD in GLN H 110.
2024-02-28 14:58:41,405 WARNING:main.py:418:setup_molecule:Multiple occupancies found: OE1 in GLN H 110.
2024-02-28 14:58:41,405 WARNING:main.py:418:setup_molecule:Multiple occupancies found: NE2 in GLN H 110.
2024-02-28 14:58:41,405 WARNING:main.py:418:setup_molecule:Multiple occupancies found: H in GLN H 110.
2024-02-28 14:58:41,405 WARNING:main.py:418:setup_molecule:Multiple occupancies found: HA in GLN H 110.
2024-02-28 14:58:41,405 WARNING:main.py:418:setup_molecule:Multiple occupancies found: HB2 in GLN H 110.
2024-02-28 14:58:41,405 WARNING:main.py:418:setup_molecule:Multiple occupancies found: HB3 in GLN H 110.
2024-02-28 14:58:41,405 WARNING:main.py:418:setup_molecule:Multiple occupancies found: HG2 in GLN H 110.
2024-02-28 14:58:41,405 WARNING:main.py:418:setup_molecule:Multiple occupancies found: HG3 in GLN H 110.
2024-02-28 14:58:41,405 WARNING:main.py:418:setup_molecule:Multiple occupancies found: HE21 in GLN H 110.
2024-02-28 14:58:41,405 WARNING:main.py:418:setup_molecule:Multiple occupancies found: HE22 in GLN H 110.
2024-02-28 14:58:41,405 WARNING:main.py:424:setup_molecule:Multiple occupancies found in GLN H 110. At least one of the instances is being ignored.
2024-02-28 14:58:41,405 WARNING:main.py:418:setup_molecule:Multiple occupancies found: N in CYS H 191.
2024-02-28 14:58:41,405 WARNING:main.py:418:setup_molecule:Multiple occupancies found: CA in CYS H 191.
2024-02-28 14:58:41,405 WARNING:main.py:418:setup_molecule:Multiple occupancies found: C in CYS H 191.
2024-02-28 14:58:41,405 WARNING:main.py:418:setup_molecule:Multiple occupancies found: O in CYS H 191.
2024-02-28 14:58:41,405 WARNING:main.py:418:setup_molecule:Multiple occupancies found: CB in CYS H 191.
2024-02-28 14:58:41,405 WARNING:main.py:418:setup_molecule:Multiple occupancies found: SG in CYS H 191.
2024-02-28 14:58:41,405 WARNING:main.py:418:setup_molecule:Multiple occupancies found: H in CYS H 191.
2024-02-28 14:58:41,405 WARNING:main.py:418:setup_molecule:Multiple occupancies found: HA in CYS H 191.
2024-02-28 14:58:41,405 WARNING:main.py:418:setup_molecule:Multiple occupancies found: HB2 in CYS H 191.
2024-02-28 14:58:41,405 WARNING:main.py:418:setup_molecule:Multiple occupancies found: HB3 in CYS H 191.
2024-02-28 14:58:41,405 WARNING:main.py:424:setup_molecule:Multiple occupancies found in CYS H 191. At least one of the instances is being ignored.
2024-02-28 14:58:41,405 WARNING:main.py:418:setup_molecule:Multiple occupancies found: N in ARG H 204.
2024-02-28 14:58:41,405 WARNING:main.py:418:setup_molecule:Multiple occupancies found: CA in ARG H 204.
2024-02-28 14:58:41,405 WARNING:main.py:418:setup_molecule:Multiple occupancies found: C in ARG H 204.
2024-02-28 14:58:41,405 WARNING:main.py:418:setup_molecule:Multiple occupancies found: O in ARG H 204.
2024-02-28 14:58:41,405 WARNING:main.py:418:setup_molecule:Multiple occupancies found: CB in ARG H 204.
2024-02-28 14:58:41,405 WARNING:main.py:418:setup_molecule:Multiple occupancies found: CG in ARG H 204.
2024-02-28 14:58:41,405 WARNING:main.py:418:setup_molecule:Multiple occupancies found: CD in ARG H 204.
2024-02-28 14:58:41,406 WARNING:main.py:418:setup_molecule:Multiple occupancies found: NE in ARG H 204.
2024-02-28 14:58:41,406 WARNING:main.py:418:setup_molecule:Multiple occupancies found: CZ in ARG H 204.
2024-02-28 14:58:41,406 WARNING:main.py:418:setup_molecule:Multiple occupancies found: NH1 in ARG H 204.
2024-02-28 14:58:41,406 WARNING:main.py:418:setup_molecule:Multiple occupancies found: NH2 in ARG H 204.
2024-02-28 14:58:41,406 WARNING:main.py:418:setup_molecule:Multiple occupancies found: H in ARG H 204.
2024-02-28 14:58:41,406 WARNING:main.py:418:setup_molecule:Multiple occupancies found: HA in ARG H 204.
2024-02-28 14:58:41,406 WARNING:main.py:418:setup_molecule:Multiple occupancies found: HB2 in ARG H 204.
2024-02-28 14:58:41,406 WARNING:main.py:418:setup_molecule:Multiple occupancies found: HB3 in ARG H 204.
2024-02-28 14:58:41,406 WARNING:main.py:418:setup_molecule:Multiple occupancies found: HG2 in ARG H 204.
2024-02-28 14:58:41,406 WARNING:main.py:418:setup_molecule:Multiple occupancies found: HG3 in ARG H 204.
2024-02-28 14:58:41,406 WARNING:main.py:418:setup_molecule:Multiple occupancies found: HD2 in ARG H 204.
2024-02-28 14:58:41,406 WARNING:main.py:418:setup_molecule:Multiple occupancies found: HD3 in ARG H 204.
2024-02-28 14:58:41,406 WARNING:main.py:418:setup_molecule:Multiple occupancies found: HE in ARG H 204.
2024-02-28 14:58:41,406 WARNING:main.py:418:setup_molecule:Multiple occupancies found: HH11 in ARG H 204.
2024-02-28 14:58:41,406 WARNING:main.py:418:setup_molecule:Multiple occupancies found: HH12 in ARG H 204.
2024-02-28 14:58:41,406 WARNING:main.py:418:setup_molecule:Multiple occupancies found: HH21 in ARG H 204.
2024-02-28 14:58:41,406 WARNING:main.py:418:setup_molecule:Multiple occupancies found: HH22 in ARG H 204.
2024-02-28 14:58:41,406 WARNING:main.py:424:setup_molecule:Multiple occupancies found in ARG H 204. At least one of the instances is being ignored.
2024-02-28 14:58:41,406 WARNING:main.py:418:setup_molecule:Multiple occupancies found: N in GLN H 217.
2024-02-28 14:58:41,406 WARNING:main.py:418:setup_molecule:Multiple occupancies found: CA in GLN H 217.
2024-02-28 14:58:41,406 WARNING:main.py:418:setup_molecule:Multiple occupancies found: C in GLN H 217.
2024-02-28 14:58:41,406 WARNING:main.py:418:setup_molecule:Multiple occupancies found: O in GLN H 217.
2024-02-28 14:58:41,406 WARNING:main.py:418:setup_molecule:Multiple occupancies found: CB in GLN H 217.
2024-02-28 14:58:41,406 WARNING:main.py:418:setup_molecule:Multiple occupancies found: CG in GLN H 217.
2024-02-28 14:58:41,406 WARNING:main.py:418:setup_molecule:Multiple occupancies found: CD in GLN H 217.
2024-02-28 14:58:41,406 WARNING:main.py:418:setup_molecule:Multiple occupancies found: OE1 in GLN H 217.
2024-02-28 14:58:41,406 WARNING:main.py:418:setup_molecule:Multiple occupancies found: NE2 in GLN H 217.
2024-02-28 14:58:41,406 WARNING:main.py:418:setup_molecule:Multiple occupancies found: H in GLN H 217.
2024-02-28 14:58:41,406 WARNING:main.py:418:setup_molecule:Multiple occupancies found: HA in GLN H 217.
2024-02-28 14:58:41,406 WARNING:main.py:418:setup_molecule:Multiple occupancies found: HB2 in GLN H 217.
2024-02-28 14:58:41,406 WARNING:main.py:418:setup_molecule:Multiple occupancies found: HB3 in GLN H 217.
2024-02-28 14:58:41,406 WARNING:main.py:418:setup_molecule:Multiple occupancies found: HG2 in GLN H 217.
2024-02-28 14:58:41,406 WARNING:main.py:418:setup_molecule:Multiple occupancies found: HG3 in GLN H 217.
2024-02-28 14:58:41,406 WARNING:main.py:418:setup_molecule:Multiple occupancies found: HE21 in GLN H 217.
2024-02-28 14:58:41,406 WARNING:main.py:418:setup_molecule:Multiple occupancies found: HE22 in GLN H 217.
2024-02-28 14:58:41,406 WARNING:main.py:424:setup_molecule:Multiple occupancies found in GLN H 217. At least one of the instances is being ignored.
2024-02-28 14:58:41,445 WARNING:main.py:418:setup_molecule:Multiple occupancies found: N in CYS H 220.
2024-02-28 14:58:41,450 WARNING:main.py:418:setup_molecule:Multiple occupancies found: CA in CYS H 220.
2024-02-28 14:58:41,450 WARNING:main.py:418:setup_molecule:Multiple occupancies found: C in CYS H 220.
2024-02-28 14:58:41,450 WARNING:main.py:418:setup_molecule:Multiple occupancies found: O in CYS H 220.
2024-02-28 14:58:41,450 WARNING:main.py:418:setup_molecule:Multiple occupancies found: CB in CYS H 220.
2024-02-28 14:58:41,450 WARNING:main.py:418:setup_molecule:Multiple occupancies found: SG in CYS H 220.
2024-02-28 14:58:41,450 WARNING:main.py:418:setup_molecule:Multiple occupancies found: H in CYS H 220.
2024-02-28 14:58:41,450 WARNING:main.py:418:setup_molecule:Multiple occupancies found: HA in CYS H 220.
2024-02-28 14:58:41,450 WARNING:main.py:418:setup_molecule:Multiple occupancies found: HB2 in CYS H 220.
2024-02-28 14:58:41,450 WARNING:main.py:418:setup_molecule:Multiple occupancies found: HB3 in CYS H 220.
2024-02-28 14:58:41,450 WARNING:main.py:424:setup_molecule:Multiple occupancies found in CYS H 220. At least one of the instances is being ignored.
2024-02-28 14:58:41,450 WARNING:main.py:418:setup_molecule:Multiple occupancies found: N in ARG H 247.
2024-02-28 14:58:41,450 WARNING:main.py:418:setup_molecule:Multiple occupancies found: CA in ARG H 247.
2024-02-28 14:58:41,450 WARNING:main.py:418:setup_molecule:Multiple occupancies found: C in ARG H 247.
2024-02-28 14:58:41,450 WARNING:main.py:418:setup_molecule:Multiple occupancies found: O in ARG H 247.
2024-02-28 14:58:41,450 WARNING:main.py:418:setup_molecule:Multiple occupancies found: CB in ARG H 247.
2024-02-28 14:58:41,450 WARNING:main.py:418:setup_molecule:Multiple occupancies found: CG in ARG H 247.
2024-02-28 14:58:41,450 WARNING:main.py:418:setup_molecule:Multiple occupancies found: CD in ARG H 247.
2024-02-28 14:58:41,450 WARNING:main.py:418:setup_molecule:Multiple occupancies found: NE in ARG H 247.
2024-02-28 14:58:41,450 WARNING:main.py:418:setup_molecule:Multiple occupancies found: CZ in ARG H 247.
2024-02-28 14:58:41,450 WARNING:main.py:418:setup_molecule:Multiple occupancies found: NH1 in ARG H 247.
2024-02-28 14:58:41,451 WARNING:main.py:418:setup_molecule:Multiple occupancies found: NH2 in ARG H 247.
2024-02-28 14:58:41,451 WARNING:main.py:418:setup_molecule:Multiple occupancies found: H in ARG H 247.
2024-02-28 14:58:41,451 WARNING:main.py:418:setup_molecule:Multiple occupancies found: HA in ARG H 247.
2024-02-28 14:58:41,451 WARNING:main.py:418:setup_molecule:Multiple occupancies found: HB2 in ARG H 247.
2024-02-28 14:58:41,451 WARNING:main.py:418:setup_molecule:Multiple occupancies found: HB3 in ARG H 247.
2024-02-28 14:58:41,451 WARNING:main.py:418:setup_molecule:Multiple occupancies found: HG2 in ARG H 247.
2024-02-28 14:58:41,451 WARNING:main.py:418:setup_molecule:Multiple occupancies found: HG3 in ARG H 247.
2024-02-28 14:58:41,451 WARNING:main.py:418:setup_molecule:Multiple occupancies found: HD2 in ARG H 247.
2024-02-28 14:58:41,451 WARNING:main.py:418:setup_molecule:Multiple occupancies found: HD3 in ARG H 247.
2024-02-28 14:58:41,451 WARNING:main.py:418:setup_molecule:Multiple occupancies found: HE in ARG H 247.
2024-02-28 14:58:41,451 WARNING:main.py:418:setup_molecule:Multiple occupancies found: HH11 in ARG H 247.
2024-02-28 14:58:41,451 WARNING:main.py:418:setup_molecule:Multiple occupancies found: HH12 in ARG H 247.
2024-02-28 14:58:41,451 WARNING:main.py:418:setup_molecule:Multiple occupancies found: HH21 in ARG H 247.
2024-02-28 14:58:41,451 WARNING:main.py:418:setup_molecule:Multiple occupancies found: HH22 in ARG H 247.
2024-02-28 14:58:41,451 WARNING:main.py:424:setup_molecule:Multiple occupancies found in ARG H 247. At least one of the instances is being ignored.
2024-02-28 14:58:41,451 WARNING:main.py:418:setup_molecule:Multiple occupancies found: N in SER L 111.
2024-02-28 14:58:41,451 WARNING:main.py:418:setup_molecule:Multiple occupancies found: CA in SER L 111.
2024-02-28 14:58:41,451 WARNING:main.py:418:setup_molecule:Multiple occupancies found: C in SER L 111.
2024-02-28 14:58:41,451 WARNING:main.py:418:setup_molecule:Multiple occupancies found: O in SER L 111.
2024-02-28 14:58:41,451 WARNING:main.py:418:setup_molecule:Multiple occupancies found: CB in SER L 111.
2024-02-28 14:58:41,451 WARNING:main.py:418:setup_molecule:Multiple occupancies found: OG in SER L 111.
2024-02-28 14:58:41,451 WARNING:main.py:418:setup_molecule:Multiple occupancies found: H in SER L 111.
2024-02-28 14:58:41,451 WARNING:main.py:418:setup_molecule:Multiple occupancies found: HA in SER L 111.
2024-02-28 14:58:41,451 WARNING:main.py:418:setup_molecule:Multiple occupancies found: HB2 in SER L 111.
2024-02-28 14:58:41,451 WARNING:main.py:418:setup_molecule:Multiple occupancies found: HB3 in SER L 111.
2024-02-28 14:58:41,451 WARNING:main.py:418:setup_molecule:Multiple occupancies found: HG in SER L 111.
2024-02-28 14:58:41,451 WARNING:main.py:424:setup_molecule:Multiple occupancies found in SER L 111. At least one of the instances is being ignored.
