2024-02-28 14:07:17,521 WARNING:biomolecule.py:992:create_residue:Unable to find amino or nucleic acid definition for NAG.  Parsing as new residue.
2024-02-28 14:07:17,756 WARNING:biomolecule.py:992:create_residue:Unable to find amino or nucleic acid definition for FUC.  Parsing as new residue.
2024-02-28 14:07:17,756 WARNING:biomolecule.py:992:create_residue:Unable to find amino or nucleic acid definition for NAG.  Parsing as new residue.
2024-02-28 14:07:17,757 WARNING:biomolecule.py:992:create_residue:Unable to find amino or nucleic acid definition for P6G.  Parsing as new residue.
2024-02-28 14:07:17,757 WARNING:biomolecule.py:992:create_residue:Unable to find amino or nucleic acid definition for PRM.  Parsing as new residue.
2024-02-28 14:07:17,757 WARNING:biomolecule.py:992:create_residue:Unable to find amino or nucleic acid definition for ACY.  Parsing as new residue.
2024-02-28 14:07:17,757 WARNING:biomolecule.py:992:create_residue:Unable to find amino or nucleic acid definition for NAG.  Parsing as new residue.
2024-02-28 14:07:17,757 WARNING:biomolecule.py:992:create_residue:Unable to find amino or nucleic acid definition for PG4.  Parsing as new residue.
2024-02-28 14:07:17,757 WARNING:biomolecule.py:992:create_residue:Unable to find amino or nucleic acid definition for ACY.  Parsing as new residue.
2024-02-28 14:07:17,831 WARNING:biomolecule.py:615:update_bonds:Gap in backbone detected between PRO A 258 and ASN A 265!
2024-02-28 14:07:17,834 WARNING:biomolecule.py:615:update_bonds:Gap in backbone detected between PRO B 258 and ASN B 265!
2024-02-28 14:07:17,951 WARNING:biomolecule.py:157:num_missing_heavy:Missing atom CG in residue LYS A 496
2024-02-28 14:07:17,951 WARNING:biomolecule.py:157:num_missing_heavy:Missing atom CD in residue LYS A 496
2024-02-28 14:07:17,951 WARNING:biomolecule.py:157:num_missing_heavy:Missing atom CE in residue LYS A 496
2024-02-28 14:07:17,951 WARNING:biomolecule.py:157:num_missing_heavy:Missing atom NZ in residue LYS A 496
2024-02-28 14:07:17,951 WARNING:biomolecule.py:157:num_missing_heavy:Missing atom OXT in residue ALA A 542
2024-02-28 14:07:17,953 WARNING:biomolecule.py:157:num_missing_heavy:Missing atom CG in residue ARG B 493
2024-02-28 14:07:17,953 WARNING:biomolecule.py:157:num_missing_heavy:Missing atom CD in residue ARG B 493
2024-02-28 14:07:17,953 WARNING:biomolecule.py:157:num_missing_heavy:Missing atom NE in residue ARG B 493
2024-02-28 14:07:17,971 WARNING:biomolecule.py:157:num_missing_heavy:Missing atom CZ in residue ARG B 493
2024-02-28 14:07:17,971 WARNING:biomolecule.py:157:num_missing_heavy:Missing atom NH1 in residue ARG B 493
2024-02-28 14:07:17,971 WARNING:biomolecule.py:157:num_missing_heavy:Missing atom NH2 in residue ARG B 493
2024-02-28 14:07:17,971 WARNING:biomolecule.py:157:num_missing_heavy:Missing atom OG in residue SER B 495
2024-02-28 14:07:18,001 WARNING:biomolecule.py:157:num_missing_heavy:Missing atom CG in residue LYS A 496
2024-02-28 14:07:18,397 WARNING:biomolecule.py:157:num_missing_heavy:Missing atom CD in residue LYS A 496
2024-02-28 14:07:18,397 WARNING:biomolecule.py:157:num_missing_heavy:Missing atom CE in residue LYS A 496
2024-02-28 14:07:18,397 WARNING:biomolecule.py:157:num_missing_heavy:Missing atom NZ in residue LYS A 496
2024-02-28 14:07:18,398 WARNING:biomolecule.py:157:num_missing_heavy:Missing atom OXT in residue ALA A 542
2024-02-28 14:07:18,400 WARNING:biomolecule.py:157:num_missing_heavy:Missing atom CG in residue ARG B 493
2024-02-28 14:07:18,400 WARNING:biomolecule.py:157:num_missing_heavy:Missing atom CD in residue ARG B 493
2024-02-28 14:07:18,400 WARNING:biomolecule.py:157:num_missing_heavy:Missing atom NE in residue ARG B 493
2024-02-28 14:07:18,400 WARNING:biomolecule.py:157:num_missing_heavy:Missing atom CZ in residue ARG B 493
2024-02-28 14:07:18,400 WARNING:biomolecule.py:157:num_missing_heavy:Missing atom NH1 in residue ARG B 493
2024-02-28 14:07:18,400 WARNING:biomolecule.py:157:num_missing_heavy:Missing atom NH2 in residue ARG B 493
2024-02-28 14:07:18,400 WARNING:biomolecule.py:157:num_missing_heavy:Missing atom OG in residue SER B 495
2024-02-28 14:07:18,407 WARNING:biomolecule.py:157:num_missing_heavy:Missing atom CG in residue LYS A 496
2024-02-28 14:07:18,407 WARNING:biomolecule.py:157:num_missing_heavy:Missing atom CD in residue LYS A 496
2024-02-28 14:07:18,407 WARNING:biomolecule.py:157:num_missing_heavy:Missing atom CE in residue LYS A 496
2024-02-28 14:07:18,407 WARNING:biomolecule.py:157:num_missing_heavy:Missing atom NZ in residue LYS A 496
2024-02-28 14:07:18,407 WARNING:biomolecule.py:157:num_missing_heavy:Missing atom OXT in residue ALA A 542
2024-02-28 14:07:18,413 WARNING:biomolecule.py:157:num_missing_heavy:Missing atom CG in residue ARG B 493
2024-02-28 14:07:18,413 WARNING:biomolecule.py:157:num_missing_heavy:Missing atom CD in residue ARG B 493
2024-02-28 14:07:18,413 WARNING:biomolecule.py:157:num_missing_heavy:Missing atom NE in residue ARG B 493
2024-02-28 14:07:18,413 WARNING:biomolecule.py:157:num_missing_heavy:Missing atom CZ in residue ARG B 493
2024-02-28 14:07:18,413 WARNING:biomolecule.py:157:num_missing_heavy:Missing atom NH1 in residue ARG B 493
2024-02-28 14:07:18,413 WARNING:biomolecule.py:157:num_missing_heavy:Missing atom NH2 in residue ARG B 493
2024-02-28 14:07:18,414 WARNING:biomolecule.py:157:num_missing_heavy:Missing atom OG in residue SER B 495
2024-02-28 14:07:24,657 WARNING:debump.py:172:debump_biomolecule:WARNING: Unable to debump ARG B 152
2024-02-28 14:07:25,304 WARNING:main.py:311:print_pqr:Ignoring 4746 header lines in output.
2024-02-28 14:07:25,304 WARNING:main.py:315:print_pqr:Ignoring 121 missing lines in output.
