2024-02-28 14:07:17,606 WARNING:biomolecule.py:992:create_residue:Unable to find amino or nucleic acid definition for IUM.  Parsing as new residue.
2024-02-28 14:07:17,634 WARNING:biomolecule.py:992:create_residue:Unable to find amino or nucleic acid definition for IUM.  Parsing as new residue.
2024-02-28 14:07:17,634 WARNING:biomolecule.py:992:create_residue:Unable to find amino or nucleic acid definition for IUM.  Parsing as new residue.
2024-02-28 14:07:17,634 WARNING:biomolecule.py:992:create_residue:Unable to find amino or nucleic acid definition for IUM.  Parsing as new residue.
2024-02-28 14:07:17,634 WARNING:biomolecule.py:992:create_residue:Unable to find amino or nucleic acid definition for IUM.  Parsing as new residue.
2024-02-28 14:07:17,634 WARNING:biomolecule.py:992:create_residue:Unable to find amino or nucleic acid definition for IUM.  Parsing as new residue.
2024-02-28 14:07:17,634 WARNING:biomolecule.py:992:create_residue:Unable to find amino or nucleic acid definition for IUM.  Parsing as new residue.
2024-02-28 14:07:17,634 WARNING:biomolecule.py:992:create_residue:Unable to find amino or nucleic acid definition for IUM.  Parsing as new residue.
2024-02-28 14:07:17,635 WARNING:main.py:418:setup_molecule:Multiple occupancies found: OG in SER A 21.
2024-02-28 14:07:17,635 WARNING:main.py:424:setup_molecule:Multiple occupancies found in SER A 21. At least one of the instances is being ignored.
2024-02-28 14:07:17,635 WARNING:main.py:418:setup_molecule:Multiple occupancies found: CB in VAL A 52.
2024-02-28 14:07:17,635 WARNING:main.py:418:setup_molecule:Multiple occupancies found: CG1 in VAL A 52.
2024-02-28 14:07:17,635 WARNING:main.py:418:setup_molecule:Multiple occupancies found: CG2 in VAL A 52.
2024-02-28 14:07:17,635 WARNING:main.py:424:setup_molecule:Multiple occupancies found in VAL A 52. At least one of the instances is being ignored.
2024-02-28 14:07:17,635 WARNING:main.py:418:setup_molecule:Multiple occupancies found: OG in SER A 57.
2024-02-28 14:07:17,635 WARNING:main.py:424:setup_molecule:Multiple occupancies found in SER A 57. At least one of the instances is being ignored.
2024-02-28 14:07:17,635 WARNING:main.py:418:setup_molecule:Multiple occupancies found: CB in VAL A 160.
2024-02-28 14:07:17,635 WARNING:main.py:418:setup_molecule:Multiple occupancies found: CG1 in VAL A 160.
2024-02-28 14:07:17,635 WARNING:main.py:418:setup_molecule:Multiple occupancies found: CG2 in VAL A 160.
2024-02-28 14:07:17,635 WARNING:main.py:424:setup_molecule:Multiple occupancies found in VAL A 160. At least one of the instances is being ignored.
2024-02-28 14:07:17,635 WARNING:main.py:418:setup_molecule:Multiple occupancies found: OG in SER A 163.
2024-02-28 14:07:17,635 WARNING:main.py:424:setup_molecule:Multiple occupancies found in SER A 163. At least one of the instances is being ignored.
2024-02-28 14:07:17,635 WARNING:main.py:418:setup_molecule:Multiple occupancies found: CB in SER A 432.
2024-02-28 14:07:17,636 WARNING:main.py:418:setup_molecule:Multiple occupancies found: OG in SER A 432.
2024-02-28 14:07:17,636 WARNING:main.py:424:setup_molecule:Multiple occupancies found in SER A 432. At least one of the instances is being ignored.
2024-02-28 14:07:17,636 WARNING:main.py:418:setup_molecule:Multiple occupancies found: CB in ILE A 507.
2024-02-28 14:07:17,636 WARNING:main.py:418:setup_molecule:Multiple occupancies found: CG1 in ILE A 507.
2024-02-28 14:07:17,636 WARNING:main.py:418:setup_molecule:Multiple occupancies found: CG2 in ILE A 507.
2024-02-28 14:07:17,636 WARNING:main.py:418:setup_molecule:Multiple occupancies found: CD1 in ILE A 507.
2024-02-28 14:07:17,636 WARNING:main.py:424:setup_molecule:Multiple occupancies found in ILE A 507. At least one of the instances is being ignored.
2024-02-28 14:07:17,636 WARNING:main.py:418:setup_molecule:Multiple occupancies found: CB in LYS B 3.
2024-02-28 14:07:17,636 WARNING:main.py:418:setup_molecule:Multiple occupancies found: CG in LYS B 3.
2024-02-28 14:07:17,636 WARNING:main.py:418:setup_molecule:Multiple occupancies found: CD in LYS B 3.
2024-02-28 14:07:17,636 WARNING:main.py:418:setup_molecule:Multiple occupancies found: CE in LYS B 3.
2024-02-28 14:07:17,636 WARNING:main.py:418:setup_molecule:Multiple occupancies found: NZ in LYS B 3.
2024-02-28 14:07:17,636 WARNING:main.py:424:setup_molecule:Multiple occupancies found in LYS B 3. At least one of the instances is being ignored.
2024-02-28 14:07:23,560 WARNING:main.py:311:print_pqr:Ignoring 1015 header lines in output.
2024-02-28 14:07:23,560 WARNING:main.py:315:print_pqr:Ignoring 8 missing lines in output.
