2024-02-28 14:07:11,777 WARNING:biomolecule.py:992:create_residue:Unable to find amino or nucleic acid definition for ZN.  Parsing as new residue.
2024-02-28 14:07:11,777 WARNING:biomolecule.py:992:create_residue:Unable to find amino or nucleic acid definition for ZN.  Parsing as new residue.
2024-02-28 14:07:11,777 WARNING:biomolecule.py:992:create_residue:Unable to find amino or nucleic acid definition for CA.  Parsing as new residue.
2024-02-28 14:07:11,783 WARNING:biomolecule.py:615:update_bonds:Gap in backbone detected between GLU A 198 and ARG A 202!
2024-02-28 14:07:11,792 WARNING:biomolecule.py:157:num_missing_heavy:Missing atom CG in residue ARG A 202
2024-02-28 14:07:11,792 WARNING:biomolecule.py:157:num_missing_heavy:Missing atom CD in residue ARG A 202
2024-02-28 14:07:11,792 WARNING:biomolecule.py:157:num_missing_heavy:Missing atom NE in residue ARG A 202
2024-02-28 14:07:11,792 WARNING:biomolecule.py:157:num_missing_heavy:Missing atom CZ in residue ARG A 202
2024-02-28 14:07:11,793 WARNING:biomolecule.py:157:num_missing_heavy:Missing atom NH1 in residue ARG A 202
2024-02-28 14:07:11,793 WARNING:biomolecule.py:157:num_missing_heavy:Missing atom NH2 in residue ARG A 202
2024-02-28 14:07:11,794 WARNING:biomolecule.py:157:num_missing_heavy:Missing atom CG in residue ARG A 202
2024-02-28 14:07:11,794 WARNING:biomolecule.py:157:num_missing_heavy:Missing atom CD in residue ARG A 202
2024-02-28 14:07:11,794 WARNING:biomolecule.py:157:num_missing_heavy:Missing atom NE in residue ARG A 202
2024-02-28 14:07:11,794 WARNING:biomolecule.py:157:num_missing_heavy:Missing atom CZ in residue ARG A 202
2024-02-28 14:07:11,794 WARNING:biomolecule.py:157:num_missing_heavy:Missing atom NH1 in residue ARG A 202
2024-02-28 14:07:11,795 WARNING:biomolecule.py:157:num_missing_heavy:Missing atom NH2 in residue ARG A 202
2024-02-28 14:07:11,796 WARNING:biomolecule.py:157:num_missing_heavy:Missing atom CG in residue ARG A 202
2024-02-28 14:07:11,796 WARNING:biomolecule.py:157:num_missing_heavy:Missing atom CD in residue ARG A 202
2024-02-28 14:07:11,796 WARNING:biomolecule.py:157:num_missing_heavy:Missing atom NE in residue ARG A 202
2024-02-28 14:07:11,796 WARNING:biomolecule.py:157:num_missing_heavy:Missing atom CZ in residue ARG A 202
2024-02-28 14:07:11,796 WARNING:biomolecule.py:157:num_missing_heavy:Missing atom NH1 in residue ARG A 202
2024-02-28 14:07:11,797 WARNING:biomolecule.py:157:num_missing_heavy:Missing atom NH2 in residue ARG A 202
2024-02-28 14:07:12,405 WARNING:main.py:311:print_pqr:Ignoring 855 header lines in output.
2024-02-28 14:07:12,405 WARNING:main.py:315:print_pqr:Ignoring 3 missing lines in output.
