2024-02-28 14:07:17,219 WARNING:biomolecule.py:992:create_residue:Unable to find amino or nucleic acid definition for SEP.  Parsing as new residue.
2024-02-28 14:07:17,399 WARNING:biomolecule.py:992:create_residue:Unable to find amino or nucleic acid definition for TPO.  Parsing as new residue.
2024-02-28 14:07:17,428 WARNING:biomolecule.py:992:create_residue:Unable to find amino or nucleic acid definition for SEP.  Parsing as new residue.
2024-02-28 14:07:17,429 WARNING:biomolecule.py:992:create_residue:Unable to find amino or nucleic acid definition for H52.  Parsing as new residue.
2024-02-28 14:07:17,581 WARNING:biomolecule.py:992:create_residue:Unable to find amino or nucleic acid definition for H52.  Parsing as new residue.
2024-02-28 14:07:17,582 WARNING:biomolecule.py:992:create_residue:Unable to find amino or nucleic acid definition for MG8.  Parsing as new residue.
2024-02-28 14:07:17,582 WARNING:main.py:418:setup_molecule:Multiple occupancies found: CG in ASP A 25.
2024-02-28 14:07:17,582 WARNING:main.py:418:setup_molecule:Multiple occupancies found: OD1 in ASP A 25.
2024-02-28 14:07:17,582 WARNING:main.py:418:setup_molecule:Multiple occupancies found: OD2 in ASP A 25.
2024-02-28 14:07:17,582 WARNING:main.py:424:setup_molecule:Multiple occupancies found in ASP A 25. At least one of the instances is being ignored.
2024-02-28 14:07:17,583 WARNING:main.py:418:setup_molecule:Multiple occupancies found: CB in THR A 183.
2024-02-28 14:07:17,583 WARNING:main.py:418:setup_molecule:Multiple occupancies found: OG1 in THR A 183.
2024-02-28 14:07:17,583 WARNING:main.py:418:setup_molecule:Multiple occupancies found: CG2 in THR A 183.
2024-02-28 14:07:17,583 WARNING:main.py:424:setup_molecule:Multiple occupancies found in THR A 183. At least one of the instances is being ignored.
2024-02-28 14:07:17,583 WARNING:main.py:418:setup_molecule:Multiple occupancies found: CG in TRP A 196.
2024-02-28 14:07:17,583 WARNING:main.py:418:setup_molecule:Multiple occupancies found: CD1 in TRP A 196.
2024-02-28 14:07:17,583 WARNING:main.py:418:setup_molecule:Multiple occupancies found: CD2 in TRP A 196.
2024-02-28 14:07:17,583 WARNING:main.py:418:setup_molecule:Multiple occupancies found: NE1 in TRP A 196.
2024-02-28 14:07:17,583 WARNING:main.py:418:setup_molecule:Multiple occupancies found: CE2 in TRP A 196.
2024-02-28 14:07:17,583 WARNING:main.py:418:setup_molecule:Multiple occupancies found: CE3 in TRP A 196.
2024-02-28 14:07:17,583 WARNING:main.py:418:setup_molecule:Multiple occupancies found: CZ2 in TRP A 196.
2024-02-28 14:07:17,583 WARNING:main.py:418:setup_molecule:Multiple occupancies found: CZ3 in TRP A 196.
2024-02-28 14:07:17,583 WARNING:main.py:418:setup_molecule:Multiple occupancies found: CH2 in TRP A 196.
2024-02-28 14:07:17,583 WARNING:main.py:424:setup_molecule:Multiple occupancies found in TRP A 196. At least one of the instances is being ignored.
2024-02-28 14:07:21,933 WARNING:main.py:311:print_pqr:Ignoring 3484 header lines in output.
2024-02-28 14:07:21,934 WARNING:main.py:315:print_pqr:Ignoring 83 missing lines in output.
