2024-02-28 14:07:13,642 WARNING:biomolecule.py:992:create_residue:Unable to find amino or nucleic acid definition for 192.  Parsing as new residue.
2024-02-28 14:07:13,646 WARNING:biomolecule.py:615:update_bonds:Gap in backbone detected between ASN A 48 and SER A 54!
2024-02-28 14:07:13,656 WARNING:biomolecule.py:157:num_missing_heavy:Missing atom CG in residue ARG A 5
2024-02-28 14:07:13,656 WARNING:biomolecule.py:157:num_missing_heavy:Missing atom CD in residue ARG A 5
2024-02-28 14:07:13,656 WARNING:biomolecule.py:157:num_missing_heavy:Missing atom NE in residue ARG A 5
2024-02-28 14:07:13,656 WARNING:biomolecule.py:157:num_missing_heavy:Missing atom CZ in residue ARG A 5
2024-02-28 14:07:13,656 WARNING:biomolecule.py:157:num_missing_heavy:Missing atom NH1 in residue ARG A 5
2024-02-28 14:07:13,657 WARNING:biomolecule.py:157:num_missing_heavy:Missing atom NH2 in residue ARG A 5
2024-02-28 14:07:13,657 WARNING:biomolecule.py:157:num_missing_heavy:Missing atom CG in residue ASN A 35
2024-02-28 14:07:13,657 WARNING:biomolecule.py:157:num_missing_heavy:Missing atom OD1 in residue ASN A 35
2024-02-28 14:07:13,657 WARNING:biomolecule.py:157:num_missing_heavy:Missing atom ND2 in residue ASN A 35
2024-02-28 14:07:13,658 WARNING:biomolecule.py:157:num_missing_heavy:Missing atom CG in residue ASN A 48
2024-02-28 14:07:13,658 WARNING:biomolecule.py:157:num_missing_heavy:Missing atom OD1 in residue ASN A 48
2024-02-28 14:07:13,658 WARNING:biomolecule.py:157:num_missing_heavy:Missing atom ND2 in residue ASN A 48
2024-02-28 14:07:13,659 WARNING:biomolecule.py:157:num_missing_heavy:Missing atom OG in residue SER A 54
2024-02-28 14:07:13,659 WARNING:biomolecule.py:157:num_missing_heavy:Missing atom CG in residue ARG A 56
2024-02-28 14:07:13,659 WARNING:biomolecule.py:157:num_missing_heavy:Missing atom CD in residue ARG A 56
2024-02-28 14:07:13,660 WARNING:biomolecule.py:157:num_missing_heavy:Missing atom NE in residue ARG A 56
2024-02-28 14:07:13,660 WARNING:biomolecule.py:157:num_missing_heavy:Missing atom CZ in residue ARG A 56
2024-02-28 14:07:13,660 WARNING:biomolecule.py:157:num_missing_heavy:Missing atom NH1 in residue ARG A 56
2024-02-28 14:07:13,660 WARNING:biomolecule.py:157:num_missing_heavy:Missing atom NH2 in residue ARG A 56
2024-02-28 14:07:13,661 WARNING:biomolecule.py:157:num_missing_heavy:Missing atom CG in residue ARG A 76
2024-02-28 14:07:13,661 WARNING:biomolecule.py:157:num_missing_heavy:Missing atom CD in residue ARG A 76
2024-02-28 14:07:13,661 WARNING:biomolecule.py:157:num_missing_heavy:Missing atom NE in residue ARG A 76
2024-02-28 14:07:13,661 WARNING:biomolecule.py:157:num_missing_heavy:Missing atom CZ in residue ARG A 76
2024-02-28 14:07:13,662 WARNING:biomolecule.py:157:num_missing_heavy:Missing atom NH1 in residue ARG A 76
2024-02-28 14:07:13,662 WARNING:biomolecule.py:157:num_missing_heavy:Missing atom NH2 in residue ARG A 76
2024-02-28 14:07:13,662 WARNING:biomolecule.py:157:num_missing_heavy:Missing atom CG in residue GLU A 83
2024-02-28 14:07:13,663 WARNING:biomolecule.py:157:num_missing_heavy:Missing atom CD in residue GLU A 83
2024-02-28 14:07:13,663 WARNING:biomolecule.py:157:num_missing_heavy:Missing atom OE1 in residue GLU A 83
2024-02-28 14:07:13,663 WARNING:biomolecule.py:157:num_missing_heavy:Missing atom OE2 in residue GLU A 83
2024-02-28 14:07:13,663 WARNING:biomolecule.py:157:num_missing_heavy:Missing atom CG in residue LYS A 103
2024-02-28 14:07:13,664 WARNING:biomolecule.py:157:num_missing_heavy:Missing atom CD in residue LYS A 103
2024-02-28 14:07:13,664 WARNING:biomolecule.py:157:num_missing_heavy:Missing atom CE in residue LYS A 103
2024-02-28 14:07:13,664 WARNING:biomolecule.py:157:num_missing_heavy:Missing atom NZ in residue LYS A 103
2024-02-28 14:07:13,665 WARNING:biomolecule.py:157:num_missing_heavy:Missing atom CG in residue GLU A 136
2024-02-28 14:07:13,665 WARNING:biomolecule.py:157:num_missing_heavy:Missing atom CD in residue GLU A 136
2024-02-28 14:07:13,665 WARNING:biomolecule.py:157:num_missing_heavy:Missing atom OE1 in residue GLU A 136
2024-02-28 14:07:13,665 WARNING:biomolecule.py:157:num_missing_heavy:Missing atom OE2 in residue GLU A 136
2024-02-28 14:07:13,665 WARNING:biomolecule.py:157:num_missing_heavy:Missing atom CG in residue ARG A 155
2024-02-28 14:07:13,665 WARNING:biomolecule.py:157:num_missing_heavy:Missing atom CD in residue ARG A 155
2024-02-28 14:07:13,665 WARNING:biomolecule.py:157:num_missing_heavy:Missing atom NE in residue ARG A 155
2024-02-28 14:07:13,665 WARNING:biomolecule.py:157:num_missing_heavy:Missing atom CZ in residue ARG A 155
2024-02-28 14:07:13,665 WARNING:biomolecule.py:157:num_missing_heavy:Missing atom NH1 in residue ARG A 155
2024-02-28 14:07:13,665 WARNING:biomolecule.py:157:num_missing_heavy:Missing atom NH2 in residue ARG A 155
2024-02-28 14:07:13,665 WARNING:biomolecule.py:157:num_missing_heavy:Missing atom OG in residue SER A 168
2024-02-28 14:07:13,666 WARNING:biomolecule.py:157:num_missing_heavy:Missing atom CG in residue ASP A 169
2024-02-28 14:07:13,666 WARNING:biomolecule.py:157:num_missing_heavy:Missing atom OD1 in residue ASP A 169
2024-02-28 14:07:13,666 WARNING:biomolecule.py:157:num_missing_heavy:Missing atom OD2 in residue ASP A 169
2024-02-28 14:07:13,666 WARNING:biomolecule.py:157:num_missing_heavy:Missing atom CG in residue LYS A 170
2024-02-28 14:07:13,667 WARNING:biomolecule.py:157:num_missing_heavy:Missing atom CD in residue LYS A 170
2024-02-28 14:07:13,667 WARNING:biomolecule.py:157:num_missing_heavy:Missing atom CE in residue LYS A 170
2024-02-28 14:07:13,667 WARNING:biomolecule.py:157:num_missing_heavy:Missing atom NZ in residue LYS A 170
2024-02-28 14:07:13,668 WARNING:biomolecule.py:157:num_missing_heavy:Missing atom CG in residue ARG A 186
2024-02-28 14:07:13,668 WARNING:biomolecule.py:157:num_missing_heavy:Missing atom CD in residue ARG A 186
2024-02-28 14:07:13,668 WARNING:biomolecule.py:157:num_missing_heavy:Missing atom NE in residue ARG A 186
2024-02-28 14:07:13,668 WARNING:biomolecule.py:157:num_missing_heavy:Missing atom CZ in residue ARG A 186
2024-02-28 14:07:13,669 WARNING:biomolecule.py:157:num_missing_heavy:Missing atom NH1 in residue ARG A 186
2024-02-28 14:07:13,669 WARNING:biomolecule.py:157:num_missing_heavy:Missing atom NH2 in residue ARG A 186
2024-02-28 14:07:13,669 WARNING:biomolecule.py:157:num_missing_heavy:Missing atom CG in residue GLN A 188
2024-02-28 14:07:13,669 WARNING:biomolecule.py:157:num_missing_heavy:Missing atom CD in residue GLN A 188
2024-02-28 14:07:13,670 WARNING:biomolecule.py:157:num_missing_heavy:Missing atom OE1 in residue GLN A 188
2024-02-28 14:07:13,670 WARNING:biomolecule.py:157:num_missing_heavy:Missing atom NE2 in residue GLN A 188
2024-02-28 14:07:13,670 WARNING:biomolecule.py:157:num_missing_heavy:Missing atom CG1 in residue VAL A 189
2024-02-28 14:07:13,671 WARNING:biomolecule.py:157:num_missing_heavy:Missing atom CG2 in residue VAL A 189
2024-02-28 14:07:13,671 WARNING:biomolecule.py:157:num_missing_heavy:Missing atom CG in residue GLU A 190
2024-02-28 14:07:13,671 WARNING:biomolecule.py:157:num_missing_heavy:Missing atom CD in residue GLU A 190
2024-02-28 14:07:13,671 WARNING:biomolecule.py:157:num_missing_heavy:Missing atom OE1 in residue GLU A 190
2024-02-28 14:07:13,672 WARNING:biomolecule.py:157:num_missing_heavy:Missing atom OE2 in residue GLU A 190
2024-02-28 14:07:13,672 WARNING:biomolecule.py:157:num_missing_heavy:Missing atom OG in residue SER A 192
2024-02-28 14:07:13,672 WARNING:biomolecule.py:157:num_missing_heavy:Missing atom CG in residue ARG A 196
2024-02-28 14:07:13,672 WARNING:biomolecule.py:157:num_missing_heavy:Missing atom CD in residue ARG A 196
2024-02-28 14:07:13,673 WARNING:biomolecule.py:157:num_missing_heavy:Missing atom NE in residue ARG A 196
2024-02-28 14:07:13,673 WARNING:biomolecule.py:157:num_missing_heavy:Missing atom CZ in residue ARG A 196
2024-02-28 14:07:13,673 WARNING:biomolecule.py:157:num_missing_heavy:Missing atom NH1 in residue ARG A 196
2024-02-28 14:07:13,674 WARNING:biomolecule.py:157:num_missing_heavy:Missing atom NH2 in residue ARG A 196
2024-02-28 14:07:13,674 WARNING:biomolecule.py:157:num_missing_heavy:Missing atom CG in residue GLU A 199
2024-02-28 14:07:13,674 WARNING:biomolecule.py:157:num_missing_heavy:Missing atom CD in residue GLU A 199
2024-02-28 14:07:13,674 WARNING:biomolecule.py:157:num_missing_heavy:Missing atom OE1 in residue GLU A 199
2024-02-28 14:07:13,675 WARNING:biomolecule.py:157:num_missing_heavy:Missing atom OE2 in residue GLU A 199
2024-02-28 14:07:13,675 WARNING:biomolecule.py:157:num_missing_heavy:Missing atom CG in residue LYS A 200
2024-02-28 14:07:13,675 WARNING:biomolecule.py:157:num_missing_heavy:Missing atom CD in residue LYS A 200
2024-02-28 14:07:13,676 WARNING:biomolecule.py:157:num_missing_heavy:Missing atom CE in residue LYS A 200
2024-02-28 14:07:13,676 WARNING:biomolecule.py:157:num_missing_heavy:Missing atom NZ in residue LYS A 200
2024-02-28 14:07:13,676 WARNING:biomolecule.py:157:num_missing_heavy:Missing atom CG in residue GLU A 243
2024-02-28 14:07:13,676 WARNING:biomolecule.py:157:num_missing_heavy:Missing atom CD in residue GLU A 243
2024-02-28 14:07:13,677 WARNING:biomolecule.py:157:num_missing_heavy:Missing atom OE1 in residue GLU A 243
2024-02-28 14:07:13,677 WARNING:biomolecule.py:157:num_missing_heavy:Missing atom OE2 in residue GLU A 243
2024-02-28 14:07:13,677 WARNING:biomolecule.py:157:num_missing_heavy:Missing atom CG in residue ARG A 247
2024-02-28 14:07:13,678 WARNING:biomolecule.py:157:num_missing_heavy:Missing atom CD in residue ARG A 247
2024-02-28 14:07:13,678 WARNING:biomolecule.py:157:num_missing_heavy:Missing atom NE in residue ARG A 247
2024-02-28 14:07:13,678 WARNING:biomolecule.py:157:num_missing_heavy:Missing atom CZ in residue ARG A 247
2024-02-28 14:07:13,678 WARNING:biomolecule.py:157:num_missing_heavy:Missing atom NH1 in residue ARG A 247
2024-02-28 14:07:13,679 WARNING:biomolecule.py:157:num_missing_heavy:Missing atom NH2 in residue ARG A 247
2024-02-28 14:07:13,679 WARNING:biomolecule.py:157:num_missing_heavy:Missing atom CG in residue GLN A 262
2024-02-28 14:07:13,679 WARNING:biomolecule.py:157:num_missing_heavy:Missing atom CD in residue GLN A 262
2024-02-28 14:07:13,680 WARNING:biomolecule.py:157:num_missing_heavy:Missing atom OE1 in residue GLN A 262
2024-02-28 14:07:13,680 WARNING:biomolecule.py:157:num_missing_heavy:Missing atom NE2 in residue GLN A 262
2024-02-28 14:07:13,680 WARNING:biomolecule.py:157:num_missing_heavy:Missing atom CG in residue ASP A 291
2024-02-28 14:07:13,680 WARNING:biomolecule.py:157:num_missing_heavy:Missing atom OD1 in residue ASP A 291
2024-02-28 14:07:13,681 WARNING:biomolecule.py:157:num_missing_heavy:Missing atom OD2 in residue ASP A 291
2024-02-28 14:07:13,681 WARNING:biomolecule.py:157:num_missing_heavy:Missing atom OXT in residue ASP A 291
2024-02-28 14:07:13,681 WARNING:biomolecule.py:157:num_missing_heavy:Missing atom CG in residue ARG A 5
2024-02-28 14:07:13,681 WARNING:biomolecule.py:157:num_missing_heavy:Missing atom CD in residue ARG A 5
2024-02-28 14:07:13,682 WARNING:biomolecule.py:157:num_missing_heavy:Missing atom NE in residue ARG A 5
2024-02-28 14:07:13,682 WARNING:biomolecule.py:157:num_missing_heavy:Missing atom CZ in residue ARG A 5
2024-02-28 14:07:13,682 WARNING:biomolecule.py:157:num_missing_heavy:Missing atom NH1 in residue ARG A 5
2024-02-28 14:07:13,683 WARNING:biomolecule.py:157:num_missing_heavy:Missing atom NH2 in residue ARG A 5
2024-02-28 14:07:13,683 WARNING:biomolecule.py:157:num_missing_heavy:Missing atom CG in residue ASN A 35
2024-02-28 14:07:13,683 WARNING:biomolecule.py:157:num_missing_heavy:Missing atom OD1 in residue ASN A 35
2024-02-28 14:07:13,683 WARNING:biomolecule.py:157:num_missing_heavy:Missing atom ND2 in residue ASN A 35
2024-02-28 14:07:13,683 WARNING:biomolecule.py:157:num_missing_heavy:Missing atom CG in residue ASN A 48
2024-02-28 14:07:13,683 WARNING:biomolecule.py:157:num_missing_heavy:Missing atom OD1 in residue ASN A 48
2024-02-28 14:07:13,683 WARNING:biomolecule.py:157:num_missing_heavy:Missing atom ND2 in residue ASN A 48
2024-02-28 14:07:13,684 WARNING:biomolecule.py:157:num_missing_heavy:Missing atom OG in residue SER A 54
2024-02-28 14:07:13,684 WARNING:biomolecule.py:157:num_missing_heavy:Missing atom CG in residue ARG A 56
2024-02-28 14:07:13,684 WARNING:biomolecule.py:157:num_missing_heavy:Missing atom CD in residue ARG A 56
2024-02-28 14:07:13,684 WARNING:biomolecule.py:157:num_missing_heavy:Missing atom NE in residue ARG A 56
2024-02-28 14:07:13,684 WARNING:biomolecule.py:157:num_missing_heavy:Missing atom CZ in residue ARG A 56
2024-02-28 14:07:13,684 WARNING:biomolecule.py:157:num_missing_heavy:Missing atom NH1 in residue ARG A 56
2024-02-28 14:07:13,684 WARNING:biomolecule.py:157:num_missing_heavy:Missing atom NH2 in residue ARG A 56
2024-02-28 14:07:13,684 WARNING:biomolecule.py:157:num_missing_heavy:Missing atom CG in residue ARG A 76
2024-02-28 14:07:13,684 WARNING:biomolecule.py:157:num_missing_heavy:Missing atom CD in residue ARG A 76
2024-02-28 14:07:13,684 WARNING:biomolecule.py:157:num_missing_heavy:Missing atom NE in residue ARG A 76
2024-02-28 14:07:13,684 WARNING:biomolecule.py:157:num_missing_heavy:Missing atom CZ in residue ARG A 76
2024-02-28 14:07:13,684 WARNING:biomolecule.py:157:num_missing_heavy:Missing atom NH1 in residue ARG A 76
2024-02-28 14:07:13,684 WARNING:biomolecule.py:157:num_missing_heavy:Missing atom NH2 in residue ARG A 76
2024-02-28 14:07:13,685 WARNING:biomolecule.py:157:num_missing_heavy:Missing atom CG in residue GLU A 83
2024-02-28 14:07:13,685 WARNING:biomolecule.py:157:num_missing_heavy:Missing atom CD in residue GLU A 83
2024-02-28 14:07:13,685 WARNING:biomolecule.py:157:num_missing_heavy:Missing atom OE1 in residue GLU A 83
2024-02-28 14:07:13,685 WARNING:biomolecule.py:157:num_missing_heavy:Missing atom OE2 in residue GLU A 83
2024-02-28 14:07:13,685 WARNING:biomolecule.py:157:num_missing_heavy:Missing atom CG in residue LYS A 103
2024-02-28 14:07:13,685 WARNING:biomolecule.py:157:num_missing_heavy:Missing atom CD in residue LYS A 103
2024-02-28 14:07:13,685 WARNING:biomolecule.py:157:num_missing_heavy:Missing atom CE in residue LYS A 103
2024-02-28 14:07:13,685 WARNING:biomolecule.py:157:num_missing_heavy:Missing atom NZ in residue LYS A 103
2024-02-28 14:07:13,685 WARNING:biomolecule.py:157:num_missing_heavy:Missing atom CG in residue GLU A 136
2024-02-28 14:07:13,685 WARNING:biomolecule.py:157:num_missing_heavy:Missing atom CD in residue GLU A 136
2024-02-28 14:07:13,685 WARNING:biomolecule.py:157:num_missing_heavy:Missing atom OE1 in residue GLU A 136
2024-02-28 14:07:13,685 WARNING:biomolecule.py:157:num_missing_heavy:Missing atom OE2 in residue GLU A 136
2024-02-28 14:07:13,685 WARNING:biomolecule.py:157:num_missing_heavy:Missing atom CG in residue ARG A 155
2024-02-28 14:07:13,685 WARNING:biomolecule.py:157:num_missing_heavy:Missing atom CD in residue ARG A 155
2024-02-28 14:07:13,685 WARNING:biomolecule.py:157:num_missing_heavy:Missing atom NE in residue ARG A 155
2024-02-28 14:07:13,685 WARNING:biomolecule.py:157:num_missing_heavy:Missing atom CZ in residue ARG A 155
2024-02-28 14:07:13,685 WARNING:biomolecule.py:157:num_missing_heavy:Missing atom NH1 in residue ARG A 155
2024-02-28 14:07:13,685 WARNING:biomolecule.py:157:num_missing_heavy:Missing atom NH2 in residue ARG A 155
2024-02-28 14:07:13,685 WARNING:biomolecule.py:157:num_missing_heavy:Missing atom OG in residue SER A 168
2024-02-28 14:07:13,685 WARNING:biomolecule.py:157:num_missing_heavy:Missing atom CG in residue ASP A 169
2024-02-28 14:07:13,685 WARNING:biomolecule.py:157:num_missing_heavy:Missing atom OD1 in residue ASP A 169
2024-02-28 14:07:13,685 WARNING:biomolecule.py:157:num_missing_heavy:Missing atom OD2 in residue ASP A 169
2024-02-28 14:07:13,685 WARNING:biomolecule.py:157:num_missing_heavy:Missing atom CG in residue LYS A 170
2024-02-28 14:07:13,686 WARNING:biomolecule.py:157:num_missing_heavy:Missing atom CD in residue LYS A 170
2024-02-28 14:07:13,686 WARNING:biomolecule.py:157:num_missing_heavy:Missing atom CE in residue LYS A 170
2024-02-28 14:07:13,686 WARNING:biomolecule.py:157:num_missing_heavy:Missing atom NZ in residue LYS A 170
2024-02-28 14:07:13,686 WARNING:biomolecule.py:157:num_missing_heavy:Missing atom CG in residue ARG A 186
2024-02-28 14:07:13,686 WARNING:biomolecule.py:157:num_missing_heavy:Missing atom CD in residue ARG A 186
2024-02-28 14:07:13,686 WARNING:biomolecule.py:157:num_missing_heavy:Missing atom NE in residue ARG A 186
2024-02-28 14:07:13,686 WARNING:biomolecule.py:157:num_missing_heavy:Missing atom CZ in residue ARG A 186
2024-02-28 14:07:13,686 WARNING:biomolecule.py:157:num_missing_heavy:Missing atom NH1 in residue ARG A 186
2024-02-28 14:07:13,686 WARNING:biomolecule.py:157:num_missing_heavy:Missing atom NH2 in residue ARG A 186
2024-02-28 14:07:13,686 WARNING:biomolecule.py:157:num_missing_heavy:Missing atom CG in residue GLN A 188
2024-02-28 14:07:13,686 WARNING:biomolecule.py:157:num_missing_heavy:Missing atom CD in residue GLN A 188
2024-02-28 14:07:13,686 WARNING:biomolecule.py:157:num_missing_heavy:Missing atom OE1 in residue GLN A 188
2024-02-28 14:07:13,686 WARNING:biomolecule.py:157:num_missing_heavy:Missing atom NE2 in residue GLN A 188
2024-02-28 14:07:13,686 WARNING:biomolecule.py:157:num_missing_heavy:Missing atom CG1 in residue VAL A 189
2024-02-28 14:07:13,686 WARNING:biomolecule.py:157:num_missing_heavy:Missing atom CG2 in residue VAL A 189
2024-02-28 14:07:13,686 WARNING:biomolecule.py:157:num_missing_heavy:Missing atom CG in residue GLU A 190
2024-02-28 14:07:13,686 WARNING:biomolecule.py:157:num_missing_heavy:Missing atom CD in residue GLU A 190
2024-02-28 14:07:13,686 WARNING:biomolecule.py:157:num_missing_heavy:Missing atom OE1 in residue GLU A 190
2024-02-28 14:07:13,686 WARNING:biomolecule.py:157:num_missing_heavy:Missing atom OE2 in residue GLU A 190
2024-02-28 14:07:13,686 WARNING:biomolecule.py:157:num_missing_heavy:Missing atom OG in residue SER A 192
2024-02-28 14:07:13,686 WARNING:biomolecule.py:157:num_missing_heavy:Missing atom CG in residue ARG A 196
2024-02-28 14:07:13,686 WARNING:biomolecule.py:157:num_missing_heavy:Missing atom CD in residue ARG A 196
2024-02-28 14:07:13,686 WARNING:biomolecule.py:157:num_missing_heavy:Missing atom NE in residue ARG A 196
2024-02-28 14:07:13,686 WARNING:biomolecule.py:157:num_missing_heavy:Missing atom CZ in residue ARG A 196
2024-02-28 14:07:13,686 WARNING:biomolecule.py:157:num_missing_heavy:Missing atom NH1 in residue ARG A 196
2024-02-28 14:07:13,686 WARNING:biomolecule.py:157:num_missing_heavy:Missing atom NH2 in residue ARG A 196
2024-02-28 14:07:13,686 WARNING:biomolecule.py:157:num_missing_heavy:Missing atom CG in residue GLU A 199
2024-02-28 14:07:13,686 WARNING:biomolecule.py:157:num_missing_heavy:Missing atom CD in residue GLU A 199
2024-02-28 14:07:13,686 WARNING:biomolecule.py:157:num_missing_heavy:Missing atom OE1 in residue GLU A 199
2024-02-28 14:07:13,686 WARNING:biomolecule.py:157:num_missing_heavy:Missing atom OE2 in residue GLU A 199
2024-02-28 14:07:13,686 WARNING:biomolecule.py:157:num_missing_heavy:Missing atom CG in residue LYS A 200
2024-02-28 14:07:13,686 WARNING:biomolecule.py:157:num_missing_heavy:Missing atom CD in residue LYS A 200
2024-02-28 14:07:13,686 WARNING:biomolecule.py:157:num_missing_heavy:Missing atom CE in residue LYS A 200
2024-02-28 14:07:13,687 WARNING:biomolecule.py:157:num_missing_heavy:Missing atom NZ in residue LYS A 200
2024-02-28 14:07:13,687 WARNING:biomolecule.py:157:num_missing_heavy:Missing atom CG in residue GLU A 243
2024-02-28 14:07:13,687 WARNING:biomolecule.py:157:num_missing_heavy:Missing atom CD in residue GLU A 243
2024-02-28 14:07:13,687 WARNING:biomolecule.py:157:num_missing_heavy:Missing atom OE1 in residue GLU A 243
2024-02-28 14:07:13,687 WARNING:biomolecule.py:157:num_missing_heavy:Missing atom OE2 in residue GLU A 243
2024-02-28 14:07:13,687 WARNING:biomolecule.py:157:num_missing_heavy:Missing atom CG in residue ARG A 247
2024-02-28 14:07:13,687 WARNING:biomolecule.py:157:num_missing_heavy:Missing atom CD in residue ARG A 247
2024-02-28 14:07:13,687 WARNING:biomolecule.py:157:num_missing_heavy:Missing atom NE in residue ARG A 247
2024-02-28 14:07:13,687 WARNING:biomolecule.py:157:num_missing_heavy:Missing atom CZ in residue ARG A 247
2024-02-28 14:07:13,687 WARNING:biomolecule.py:157:num_missing_heavy:Missing atom NH1 in residue ARG A 247
2024-02-28 14:07:13,687 WARNING:biomolecule.py:157:num_missing_heavy:Missing atom NH2 in residue ARG A 247
2024-02-28 14:07:13,687 WARNING:biomolecule.py:157:num_missing_heavy:Missing atom CG in residue GLN A 262
2024-02-28 14:07:13,687 WARNING:biomolecule.py:157:num_missing_heavy:Missing atom CD in residue GLN A 262
2024-02-28 14:07:13,687 WARNING:biomolecule.py:157:num_missing_heavy:Missing atom OE1 in residue GLN A 262
2024-02-28 14:07:13,687 WARNING:biomolecule.py:157:num_missing_heavy:Missing atom NE2 in residue GLN A 262
2024-02-28 14:07:13,687 WARNING:biomolecule.py:157:num_missing_heavy:Missing atom CG in residue ASP A 291
2024-02-28 14:07:13,687 WARNING:biomolecule.py:157:num_missing_heavy:Missing atom OD1 in residue ASP A 291
2024-02-28 14:07:13,687 WARNING:biomolecule.py:157:num_missing_heavy:Missing atom OD2 in residue ASP A 291
2024-02-28 14:07:13,687 WARNING:biomolecule.py:157:num_missing_heavy:Missing atom OXT in residue ASP A 291
2024-02-28 14:07:13,687 WARNING:biomolecule.py:157:num_missing_heavy:Missing atom CG in residue ARG A 5
2024-02-28 14:07:13,687 WARNING:biomolecule.py:157:num_missing_heavy:Missing atom CD in residue ARG A 5
2024-02-28 14:07:13,687 WARNING:biomolecule.py:157:num_missing_heavy:Missing atom NE in residue ARG A 5
2024-02-28 14:07:13,687 WARNING:biomolecule.py:157:num_missing_heavy:Missing atom CZ in residue ARG A 5
2024-02-28 14:07:13,687 WARNING:biomolecule.py:157:num_missing_heavy:Missing atom NH1 in residue ARG A 5
2024-02-28 14:07:13,688 WARNING:biomolecule.py:157:num_missing_heavy:Missing atom NH2 in residue ARG A 5
2024-02-28 14:07:13,688 WARNING:biomolecule.py:157:num_missing_heavy:Missing atom CG in residue ASN A 35
2024-02-28 14:07:13,688 WARNING:biomolecule.py:157:num_missing_heavy:Missing atom OD1 in residue ASN A 35
2024-02-28 14:07:13,688 WARNING:biomolecule.py:157:num_missing_heavy:Missing atom ND2 in residue ASN A 35
2024-02-28 14:07:13,688 WARNING:biomolecule.py:157:num_missing_heavy:Missing atom CG in residue ASN A 48
2024-02-28 14:07:13,689 WARNING:biomolecule.py:157:num_missing_heavy:Missing atom OD1 in residue ASN A 48
2024-02-28 14:07:13,689 WARNING:biomolecule.py:157:num_missing_heavy:Missing atom ND2 in residue ASN A 48
2024-02-28 14:07:13,689 WARNING:biomolecule.py:157:num_missing_heavy:Missing atom OG in residue SER A 54
2024-02-28 14:07:13,689 WARNING:biomolecule.py:157:num_missing_heavy:Missing atom CG in residue ARG A 56
2024-02-28 14:07:13,690 WARNING:biomolecule.py:157:num_missing_heavy:Missing atom CD in residue ARG A 56
2024-02-28 14:07:13,690 WARNING:biomolecule.py:157:num_missing_heavy:Missing atom NE in residue ARG A 56
2024-02-28 14:07:13,690 WARNING:biomolecule.py:157:num_missing_heavy:Missing atom CZ in residue ARG A 56
2024-02-28 14:07:13,690 WARNING:biomolecule.py:157:num_missing_heavy:Missing atom NH1 in residue ARG A 56
2024-02-28 14:07:13,690 WARNING:biomolecule.py:157:num_missing_heavy:Missing atom NH2 in residue ARG A 56
2024-02-28 14:07:13,691 WARNING:biomolecule.py:157:num_missing_heavy:Missing atom CG in residue ARG A 76
2024-02-28 14:07:13,691 WARNING:biomolecule.py:157:num_missing_heavy:Missing atom CD in residue ARG A 76
2024-02-28 14:07:13,691 WARNING:biomolecule.py:157:num_missing_heavy:Missing atom NE in residue ARG A 76
2024-02-28 14:07:13,691 WARNING:biomolecule.py:157:num_missing_heavy:Missing atom CZ in residue ARG A 76
2024-02-28 14:07:13,691 WARNING:biomolecule.py:157:num_missing_heavy:Missing atom NH1 in residue ARG A 76
2024-02-28 14:07:13,691 WARNING:biomolecule.py:157:num_missing_heavy:Missing atom NH2 in residue ARG A 76
2024-02-28 14:07:13,691 WARNING:biomolecule.py:157:num_missing_heavy:Missing atom CG in residue GLU A 83
2024-02-28 14:07:13,691 WARNING:biomolecule.py:157:num_missing_heavy:Missing atom CD in residue GLU A 83
2024-02-28 14:07:13,691 WARNING:biomolecule.py:157:num_missing_heavy:Missing atom OE1 in residue GLU A 83
2024-02-28 14:07:13,692 WARNING:biomolecule.py:157:num_missing_heavy:Missing atom OE2 in residue GLU A 83
2024-02-28 14:07:13,692 WARNING:biomolecule.py:157:num_missing_heavy:Missing atom CG in residue LYS A 103
2024-02-28 14:07:13,692 WARNING:biomolecule.py:157:num_missing_heavy:Missing atom CD in residue LYS A 103
2024-02-28 14:07:13,692 WARNING:biomolecule.py:157:num_missing_heavy:Missing atom CE in residue LYS A 103
2024-02-28 14:07:13,693 WARNING:biomolecule.py:157:num_missing_heavy:Missing atom NZ in residue LYS A 103
2024-02-28 14:07:13,693 WARNING:biomolecule.py:157:num_missing_heavy:Missing atom CG in residue GLU A 136
2024-02-28 14:07:13,693 WARNING:biomolecule.py:157:num_missing_heavy:Missing atom CD in residue GLU A 136
2024-02-28 14:07:13,693 WARNING:biomolecule.py:157:num_missing_heavy:Missing atom OE1 in residue GLU A 136
2024-02-28 14:07:13,693 WARNING:biomolecule.py:157:num_missing_heavy:Missing atom OE2 in residue GLU A 136
2024-02-28 14:07:13,693 WARNING:biomolecule.py:157:num_missing_heavy:Missing atom CG in residue ARG A 155
2024-02-28 14:07:13,693 WARNING:biomolecule.py:157:num_missing_heavy:Missing atom CD in residue ARG A 155
2024-02-28 14:07:13,693 WARNING:biomolecule.py:157:num_missing_heavy:Missing atom NE in residue ARG A 155
2024-02-28 14:07:13,694 WARNING:biomolecule.py:157:num_missing_heavy:Missing atom CZ in residue ARG A 155
2024-02-28 14:07:13,694 WARNING:biomolecule.py:157:num_missing_heavy:Missing atom NH1 in residue ARG A 155
2024-02-28 14:07:13,694 WARNING:biomolecule.py:157:num_missing_heavy:Missing atom NH2 in residue ARG A 155
2024-02-28 14:07:13,694 WARNING:biomolecule.py:157:num_missing_heavy:Missing atom OG in residue SER A 168
2024-02-28 14:07:13,695 WARNING:biomolecule.py:157:num_missing_heavy:Missing atom CG in residue ASP A 169
2024-02-28 14:07:13,695 WARNING:biomolecule.py:157:num_missing_heavy:Missing atom OD1 in residue ASP A 169
2024-02-28 14:07:13,695 WARNING:biomolecule.py:157:num_missing_heavy:Missing atom OD2 in residue ASP A 169
2024-02-28 14:07:13,695 WARNING:biomolecule.py:157:num_missing_heavy:Missing atom CG in residue LYS A 170
2024-02-28 14:07:13,695 WARNING:biomolecule.py:157:num_missing_heavy:Missing atom CD in residue LYS A 170
2024-02-28 14:07:13,695 WARNING:biomolecule.py:157:num_missing_heavy:Missing atom CE in residue LYS A 170
2024-02-28 14:07:13,695 WARNING:biomolecule.py:157:num_missing_heavy:Missing atom NZ in residue LYS A 170
2024-02-28 14:07:13,695 WARNING:biomolecule.py:157:num_missing_heavy:Missing atom CG in residue ARG A 186
2024-02-28 14:07:13,695 WARNING:biomolecule.py:157:num_missing_heavy:Missing atom CD in residue ARG A 186
2024-02-28 14:07:13,695 WARNING:biomolecule.py:157:num_missing_heavy:Missing atom NE in residue ARG A 186
2024-02-28 14:07:13,695 WARNING:biomolecule.py:157:num_missing_heavy:Missing atom CZ in residue ARG A 186
2024-02-28 14:07:13,696 WARNING:biomolecule.py:157:num_missing_heavy:Missing atom NH1 in residue ARG A 186
2024-02-28 14:07:13,696 WARNING:biomolecule.py:157:num_missing_heavy:Missing atom NH2 in residue ARG A 186
2024-02-28 14:07:13,696 WARNING:biomolecule.py:157:num_missing_heavy:Missing atom CG in residue GLN A 188
2024-02-28 14:07:13,696 WARNING:biomolecule.py:157:num_missing_heavy:Missing atom CD in residue GLN A 188
2024-02-28 14:07:13,697 WARNING:biomolecule.py:157:num_missing_heavy:Missing atom OE1 in residue GLN A 188
2024-02-28 14:07:13,697 WARNING:biomolecule.py:157:num_missing_heavy:Missing atom NE2 in residue GLN A 188
2024-02-28 14:07:13,697 WARNING:biomolecule.py:157:num_missing_heavy:Missing atom CG1 in residue VAL A 189
2024-02-28 14:07:13,697 WARNING:biomolecule.py:157:num_missing_heavy:Missing atom CG2 in residue VAL A 189
2024-02-28 14:07:13,698 WARNING:biomolecule.py:157:num_missing_heavy:Missing atom CG in residue GLU A 190
2024-02-28 14:07:13,698 WARNING:biomolecule.py:157:num_missing_heavy:Missing atom CD in residue GLU A 190
2024-02-28 14:07:13,698 WARNING:biomolecule.py:157:num_missing_heavy:Missing atom OE1 in residue GLU A 190
2024-02-28 14:07:13,699 WARNING:biomolecule.py:157:num_missing_heavy:Missing atom OE2 in residue GLU A 190
2024-02-28 14:07:13,699 WARNING:biomolecule.py:157:num_missing_heavy:Missing atom OG in residue SER A 192
2024-02-28 14:07:13,699 WARNING:biomolecule.py:157:num_missing_heavy:Missing atom CG in residue ARG A 196
2024-02-28 14:07:13,699 WARNING:biomolecule.py:157:num_missing_heavy:Missing atom CD in residue ARG A 196
2024-02-28 14:07:13,700 WARNING:biomolecule.py:157:num_missing_heavy:Missing atom NE in residue ARG A 196
2024-02-28 14:07:13,700 WARNING:biomolecule.py:157:num_missing_heavy:Missing atom CZ in residue ARG A 196
2024-02-28 14:07:13,701 WARNING:biomolecule.py:157:num_missing_heavy:Missing atom NH1 in residue ARG A 196
2024-02-28 14:07:13,701 WARNING:biomolecule.py:157:num_missing_heavy:Missing atom NH2 in residue ARG A 196
2024-02-28 14:07:13,701 WARNING:biomolecule.py:157:num_missing_heavy:Missing atom CG in residue GLU A 199
2024-02-28 14:07:13,701 WARNING:biomolecule.py:157:num_missing_heavy:Missing atom CD in residue GLU A 199
2024-02-28 14:07:13,702 WARNING:biomolecule.py:157:num_missing_heavy:Missing atom OE1 in residue GLU A 199
2024-02-28 14:07:13,702 WARNING:biomolecule.py:157:num_missing_heavy:Missing atom OE2 in residue GLU A 199
2024-02-28 14:07:13,702 WARNING:biomolecule.py:157:num_missing_heavy:Missing atom CG in residue LYS A 200
2024-02-28 14:07:13,703 WARNING:biomolecule.py:157:num_missing_heavy:Missing atom CD in residue LYS A 200
2024-02-28 14:07:13,703 WARNING:biomolecule.py:157:num_missing_heavy:Missing atom CE in residue LYS A 200
2024-02-28 14:07:13,703 WARNING:biomolecule.py:157:num_missing_heavy:Missing atom NZ in residue LYS A 200
2024-02-28 14:07:13,704 WARNING:biomolecule.py:157:num_missing_heavy:Missing atom CG in residue GLU A 243
2024-02-28 14:07:13,704 WARNING:biomolecule.py:157:num_missing_heavy:Missing atom CD in residue GLU A 243
2024-02-28 14:07:13,704 WARNING:biomolecule.py:157:num_missing_heavy:Missing atom OE1 in residue GLU A 243
2024-02-28 14:07:13,704 WARNING:biomolecule.py:157:num_missing_heavy:Missing atom OE2 in residue GLU A 243
2024-02-28 14:07:13,704 WARNING:biomolecule.py:157:num_missing_heavy:Missing atom CG in residue ARG A 247
2024-02-28 14:07:13,705 WARNING:biomolecule.py:157:num_missing_heavy:Missing atom CD in residue ARG A 247
2024-02-28 14:07:13,705 WARNING:biomolecule.py:157:num_missing_heavy:Missing atom NE in residue ARG A 247
2024-02-28 14:07:13,705 WARNING:biomolecule.py:157:num_missing_heavy:Missing atom CZ in residue ARG A 247
2024-02-28 14:07:13,706 WARNING:biomolecule.py:157:num_missing_heavy:Missing atom NH1 in residue ARG A 247
2024-02-28 14:07:13,706 WARNING:biomolecule.py:157:num_missing_heavy:Missing atom NH2 in residue ARG A 247
2024-02-28 14:07:13,706 WARNING:biomolecule.py:157:num_missing_heavy:Missing atom CG in residue GLN A 262
2024-02-28 14:07:13,706 WARNING:biomolecule.py:157:num_missing_heavy:Missing atom CD in residue GLN A 262
2024-02-28 14:07:13,707 WARNING:biomolecule.py:157:num_missing_heavy:Missing atom OE1 in residue GLN A 262
2024-02-28 14:07:13,707 WARNING:biomolecule.py:157:num_missing_heavy:Missing atom NE2 in residue GLN A 262
2024-02-28 14:07:13,707 WARNING:biomolecule.py:157:num_missing_heavy:Missing atom CG in residue ASP A 291
2024-02-28 14:07:13,707 WARNING:biomolecule.py:157:num_missing_heavy:Missing atom OD1 in residue ASP A 291
2024-02-28 14:07:13,708 WARNING:biomolecule.py:157:num_missing_heavy:Missing atom OD2 in residue ASP A 291
2024-02-28 14:07:13,708 WARNING:biomolecule.py:157:num_missing_heavy:Missing atom OXT in residue ASP A 291
2024-02-28 14:07:14,482 WARNING:main.py:311:print_pqr:Ignoring 1022 header lines in output.
2024-02-28 14:07:14,483 WARNING:main.py:315:print_pqr:Ignoring 8 missing lines in output.
