2024-02-28 14:07:21,054 WARNING:biomolecule.py:992:create_residue:Unable to find amino or nucleic acid definition for PCA.  Parsing as new residue.
2024-02-28 14:07:21,148 WARNING:biomolecule.py:992:create_residue:Unable to find amino or nucleic acid definition for PCA.  Parsing as new residue.
2024-02-28 14:07:21,169 WARNING:biomolecule.py:992:create_residue:Unable to find amino or nucleic acid definition for SO4.  Parsing as new residue.
2024-02-28 14:07:21,189 WARNING:biomolecule.py:992:create_residue:Unable to find amino or nucleic acid definition for HAL.  Parsing as new residue.
2024-02-28 14:07:21,191 WARNING:biomolecule.py:992:create_residue:Unable to find amino or nucleic acid definition for SO4.  Parsing as new residue.
2024-02-28 14:07:21,201 WARNING:biomolecule.py:992:create_residue:Unable to find amino or nucleic acid definition for SO4.  Parsing as new residue.
2024-02-28 14:07:21,202 WARNING:biomolecule.py:992:create_residue:Unable to find amino or nucleic acid definition for HAL.  Parsing as new residue.
2024-02-28 14:07:21,299 WARNING:biomolecule.py:615:update_bonds:Gap in backbone detected between CYS B 128 and SER B 136!
2024-02-28 14:07:21,306 WARNING:biomolecule.py:615:update_bonds:Gap in backbone detected between CYS H 128 and SER H 136!
2024-02-28 14:07:21,361 WARNING:biomolecule.py:157:num_missing_heavy:Missing atom OXT in residue GLU A 213
2024-02-28 14:07:21,365 WARNING:biomolecule.py:157:num_missing_heavy:Missing atom OXT in residue ARG B 228
2024-02-28 14:07:21,394 WARNING:biomolecule.py:157:num_missing_heavy:Missing atom OXT in residue PRO H 227
2024-02-28 14:07:21,395 WARNING:biomolecule.py:157:num_missing_heavy:Missing atom OXT in residue ARG L 211
2024-02-28 14:07:21,402 WARNING:biomolecule.py:157:num_missing_heavy:Missing atom OXT in residue GLU A 213
2024-02-28 14:07:21,406 WARNING:biomolecule.py:157:num_missing_heavy:Missing atom OXT in residue ARG B 228
2024-02-28 14:07:21,407 WARNING:biomolecule.py:157:num_missing_heavy:Missing atom OXT in residue PRO H 227
2024-02-28 14:07:21,408 WARNING:biomolecule.py:157:num_missing_heavy:Missing atom OXT in residue ARG L 211
2024-02-28 14:07:21,408 WARNING:biomolecule.py:157:num_missing_heavy:Missing atom OXT in residue GLU A 213
2024-02-28 14:07:21,409 WARNING:biomolecule.py:157:num_missing_heavy:Missing atom OXT in residue ARG B 228
2024-02-28 14:07:21,410 WARNING:biomolecule.py:157:num_missing_heavy:Missing atom OXT in residue PRO H 227
2024-02-28 14:07:21,430 WARNING:biomolecule.py:157:num_missing_heavy:Missing atom OXT in residue ARG L 211
2024-02-28 14:07:24,419 WARNING:main.py:311:print_pqr:Ignoring 4025 header lines in output.
2024-02-28 14:07:24,420 WARNING:main.py:315:print_pqr:Ignoring 97 missing lines in output.
