2024-02-28 14:07:14,690 WARNING:biomolecule.py:992:create_residue:Unable to find amino or nucleic acid definition for FCB.  Parsing as new residue.
2024-02-28 14:07:14,691 WARNING:biomolecule.py:992:create_residue:Unable to find amino or nucleic acid definition for ACY.  Parsing as new residue.
2024-02-28 14:07:14,691 WARNING:biomolecule.py:992:create_residue:Unable to find amino or nucleic acid definition for FCB.  Parsing as new residue.
2024-02-28 14:07:14,691 WARNING:biomolecule.py:992:create_residue:Unable to find amino or nucleic acid definition for ACY.  Parsing as new residue.
2024-02-28 14:07:14,706 WARNING:biomolecule.py:157:num_missing_heavy:Missing atom CG in residue ASN A 6
2024-02-28 14:07:14,706 WARNING:biomolecule.py:157:num_missing_heavy:Missing atom OD1 in residue ASN A 6
2024-02-28 14:07:14,707 WARNING:biomolecule.py:157:num_missing_heavy:Missing atom ND2 in residue ASN A 6
2024-02-28 14:07:14,707 WARNING:biomolecule.py:157:num_missing_heavy:Missing atom CG in residue ASN A 16
2024-02-28 14:07:14,707 WARNING:biomolecule.py:157:num_missing_heavy:Missing atom OD1 in residue ASN A 16
2024-02-28 14:07:14,707 WARNING:biomolecule.py:157:num_missing_heavy:Missing atom ND2 in residue ASN A 16
2024-02-28 14:07:14,707 WARNING:biomolecule.py:157:num_missing_heavy:Missing atom CG in residue LYS A 43
2024-02-28 14:07:14,708 WARNING:biomolecule.py:157:num_missing_heavy:Missing atom CD in residue LYS A 43
2024-02-28 14:07:14,708 WARNING:biomolecule.py:157:num_missing_heavy:Missing atom CE in residue LYS A 43
2024-02-28 14:07:14,708 WARNING:biomolecule.py:157:num_missing_heavy:Missing atom NZ in residue LYS A 43
2024-02-28 14:07:14,708 WARNING:biomolecule.py:157:num_missing_heavy:Missing atom CG in residue ARG A 67
2024-02-28 14:07:14,708 WARNING:biomolecule.py:157:num_missing_heavy:Missing atom CD in residue ARG A 67
2024-02-28 14:07:14,709 WARNING:biomolecule.py:157:num_missing_heavy:Missing atom NE in residue ARG A 67
2024-02-28 14:07:14,709 WARNING:biomolecule.py:157:num_missing_heavy:Missing atom CZ in residue ARG A 67
2024-02-28 14:07:14,709 WARNING:biomolecule.py:157:num_missing_heavy:Missing atom NH1 in residue ARG A 67
2024-02-28 14:07:14,709 WARNING:biomolecule.py:157:num_missing_heavy:Missing atom NH2 in residue ARG A 67
2024-02-28 14:07:14,710 WARNING:biomolecule.py:157:num_missing_heavy:Missing atom CG in residue ARG A 89
2024-02-28 14:07:14,710 WARNING:biomolecule.py:157:num_missing_heavy:Missing atom CD in residue ARG A 89
2024-02-28 14:07:14,710 WARNING:biomolecule.py:157:num_missing_heavy:Missing atom NE in residue ARG A 89
2024-02-28 14:07:14,710 WARNING:biomolecule.py:157:num_missing_heavy:Missing atom CZ in residue ARG A 89
2024-02-28 14:07:14,710 WARNING:biomolecule.py:157:num_missing_heavy:Missing atom NH1 in residue ARG A 89
2024-02-28 14:07:14,711 WARNING:biomolecule.py:157:num_missing_heavy:Missing atom NH2 in residue ARG A 89
2024-02-28 14:07:14,711 WARNING:biomolecule.py:157:num_missing_heavy:Missing atom CG in residue HIS A 105
2024-02-28 14:07:14,711 WARNING:biomolecule.py:157:num_missing_heavy:Missing atom ND1 in residue HIS A 105
2024-02-28 14:07:14,711 WARNING:biomolecule.py:157:num_missing_heavy:Missing atom CD2 in residue HIS A 105
2024-02-28 14:07:14,711 WARNING:biomolecule.py:157:num_missing_heavy:Missing atom CE1 in residue HIS A 105
2024-02-28 14:07:14,711 WARNING:biomolecule.py:157:num_missing_heavy:Missing atom NE2 in residue HIS A 105
2024-02-28 14:07:14,712 WARNING:biomolecule.py:157:num_missing_heavy:Missing atom CG in residue GLU A 106
2024-02-28 14:07:14,712 WARNING:biomolecule.py:157:num_missing_heavy:Missing atom CD in residue GLU A 106
2024-02-28 14:07:14,712 WARNING:biomolecule.py:157:num_missing_heavy:Missing atom OE1 in residue GLU A 106
2024-02-28 14:07:14,712 WARNING:biomolecule.py:157:num_missing_heavy:Missing atom OE2 in residue GLU A 106
2024-02-28 14:07:14,712 WARNING:biomolecule.py:157:num_missing_heavy:Missing atom CG in residue GLU A 124
2024-02-28 14:07:14,713 WARNING:biomolecule.py:157:num_missing_heavy:Missing atom CD in residue GLU A 124
2024-02-28 14:07:14,713 WARNING:biomolecule.py:157:num_missing_heavy:Missing atom OE1 in residue GLU A 124
2024-02-28 14:07:14,713 WARNING:biomolecule.py:157:num_missing_heavy:Missing atom OE2 in residue GLU A 124
2024-02-28 14:07:14,713 WARNING:biomolecule.py:157:num_missing_heavy:Missing atom CG in residue ASN A 139
2024-02-28 14:07:14,713 WARNING:biomolecule.py:157:num_missing_heavy:Missing atom OD1 in residue ASN A 139
2024-02-28 14:07:14,713 WARNING:biomolecule.py:157:num_missing_heavy:Missing atom ND2 in residue ASN A 139
2024-02-28 14:07:14,713 WARNING:biomolecule.py:157:num_missing_heavy:Missing atom CG in residue GLU A 144
2024-02-28 14:07:14,713 WARNING:biomolecule.py:157:num_missing_heavy:Missing atom CD in residue GLU A 144
2024-02-28 14:07:14,713 WARNING:biomolecule.py:157:num_missing_heavy:Missing atom OE1 in residue GLU A 144
2024-02-28 14:07:14,713 WARNING:biomolecule.py:157:num_missing_heavy:Missing atom OE2 in residue GLU A 144
2024-02-28 14:07:14,713 WARNING:biomolecule.py:157:num_missing_heavy:Missing atom CG in residue ARG A 146
2024-02-28 14:07:14,713 WARNING:biomolecule.py:157:num_missing_heavy:Missing atom CD in residue ARG A 146
2024-02-28 14:07:14,713 WARNING:biomolecule.py:157:num_missing_heavy:Missing atom NE in residue ARG A 146
2024-02-28 14:07:14,713 WARNING:biomolecule.py:157:num_missing_heavy:Missing atom CZ in residue ARG A 146
2024-02-28 14:07:14,713 WARNING:biomolecule.py:157:num_missing_heavy:Missing atom NH1 in residue ARG A 146
2024-02-28 14:07:14,713 WARNING:biomolecule.py:157:num_missing_heavy:Missing atom NH2 in residue ARG A 146
2024-02-28 14:07:14,713 WARNING:biomolecule.py:157:num_missing_heavy:Missing atom CG in residue ASN A 168
2024-02-28 14:07:14,714 WARNING:biomolecule.py:157:num_missing_heavy:Missing atom OD1 in residue ASN A 168
2024-02-28 14:07:14,714 WARNING:biomolecule.py:157:num_missing_heavy:Missing atom ND2 in residue ASN A 168
2024-02-28 14:07:14,714 WARNING:biomolecule.py:157:num_missing_heavy:Missing atom OXT in residue ASN A 168
2024-02-28 14:07:14,714 WARNING:biomolecule.py:157:num_missing_heavy:Missing atom CG in residue GLU B 87
2024-02-28 14:07:14,714 WARNING:biomolecule.py:157:num_missing_heavy:Missing atom CD in residue GLU B 87
2024-02-28 14:07:14,714 WARNING:biomolecule.py:157:num_missing_heavy:Missing atom OE1 in residue GLU B 87
2024-02-28 14:07:14,715 WARNING:biomolecule.py:157:num_missing_heavy:Missing atom OE2 in residue GLU B 87
2024-02-28 14:07:14,715 WARNING:biomolecule.py:157:num_missing_heavy:Missing atom CG in residue GLU B 124
2024-02-28 14:07:14,715 WARNING:biomolecule.py:157:num_missing_heavy:Missing atom CD in residue GLU B 124
2024-02-28 14:07:14,715 WARNING:biomolecule.py:157:num_missing_heavy:Missing atom OE1 in residue GLU B 124
2024-02-28 14:07:14,715 WARNING:biomolecule.py:157:num_missing_heavy:Missing atom OE2 in residue GLU B 124
2024-02-28 14:07:14,715 WARNING:biomolecule.py:157:num_missing_heavy:Missing atom CG in residue HIS B 126
2024-02-28 14:07:14,715 WARNING:biomolecule.py:157:num_missing_heavy:Missing atom ND1 in residue HIS B 126
2024-02-28 14:07:14,715 WARNING:biomolecule.py:157:num_missing_heavy:Missing atom CD2 in residue HIS B 126
2024-02-28 14:07:14,715 WARNING:biomolecule.py:157:num_missing_heavy:Missing atom CE1 in residue HIS B 126
2024-02-28 14:07:14,715 WARNING:biomolecule.py:157:num_missing_heavy:Missing atom NE2 in residue HIS B 126
2024-02-28 14:07:14,715 WARNING:biomolecule.py:157:num_missing_heavy:Missing atom CG in residue ASN B 139
2024-02-28 14:07:14,715 WARNING:biomolecule.py:157:num_missing_heavy:Missing atom OD1 in residue ASN B 139
2024-02-28 14:07:14,715 WARNING:biomolecule.py:157:num_missing_heavy:Missing atom ND2 in residue ASN B 139
2024-02-28 14:07:14,715 WARNING:biomolecule.py:157:num_missing_heavy:Missing atom CG in residue GLU B 144
2024-02-28 14:07:14,715 WARNING:biomolecule.py:157:num_missing_heavy:Missing atom CD in residue GLU B 144
2024-02-28 14:07:14,716 WARNING:biomolecule.py:157:num_missing_heavy:Missing atom OE1 in residue GLU B 144
2024-02-28 14:07:14,716 WARNING:biomolecule.py:157:num_missing_heavy:Missing atom OE2 in residue GLU B 144
2024-02-28 14:07:14,716 WARNING:biomolecule.py:157:num_missing_heavy:Missing atom CG in residue ARG B 146
2024-02-28 14:07:14,716 WARNING:biomolecule.py:157:num_missing_heavy:Missing atom CD in residue ARG B 146
2024-02-28 14:07:14,716 WARNING:biomolecule.py:157:num_missing_heavy:Missing atom NE in residue ARG B 146
2024-02-28 14:07:14,716 WARNING:biomolecule.py:157:num_missing_heavy:Missing atom CZ in residue ARG B 146
2024-02-28 14:07:14,716 WARNING:biomolecule.py:157:num_missing_heavy:Missing atom NH1 in residue ARG B 146
2024-02-28 14:07:14,716 WARNING:biomolecule.py:157:num_missing_heavy:Missing atom NH2 in residue ARG B 146
2024-02-28 14:07:14,716 WARNING:biomolecule.py:157:num_missing_heavy:Missing atom OXT in residue ASN B 168
2024-02-28 14:07:14,716 WARNING:biomolecule.py:157:num_missing_heavy:Missing atom CG in residue ASN A 6
2024-02-28 14:07:14,717 WARNING:biomolecule.py:157:num_missing_heavy:Missing atom OD1 in residue ASN A 6
2024-02-28 14:07:14,717 WARNING:biomolecule.py:157:num_missing_heavy:Missing atom ND2 in residue ASN A 6
2024-02-28 14:07:14,717 WARNING:biomolecule.py:157:num_missing_heavy:Missing atom CG in residue ASN A 16
2024-02-28 14:07:14,717 WARNING:biomolecule.py:157:num_missing_heavy:Missing atom OD1 in residue ASN A 16
2024-02-28 14:07:14,717 WARNING:biomolecule.py:157:num_missing_heavy:Missing atom ND2 in residue ASN A 16
2024-02-28 14:07:14,718 WARNING:biomolecule.py:157:num_missing_heavy:Missing atom CG in residue LYS A 43
2024-02-28 14:07:14,718 WARNING:biomolecule.py:157:num_missing_heavy:Missing atom CD in residue LYS A 43
2024-02-28 14:07:14,718 WARNING:biomolecule.py:157:num_missing_heavy:Missing atom CE in residue LYS A 43
2024-02-28 14:07:14,718 WARNING:biomolecule.py:157:num_missing_heavy:Missing atom NZ in residue LYS A 43
2024-02-28 14:07:14,718 WARNING:biomolecule.py:157:num_missing_heavy:Missing atom CG in residue ARG A 67
2024-02-28 14:07:14,718 WARNING:biomolecule.py:157:num_missing_heavy:Missing atom CD in residue ARG A 67
2024-02-28 14:07:14,718 WARNING:biomolecule.py:157:num_missing_heavy:Missing atom NE in residue ARG A 67
2024-02-28 14:07:14,718 WARNING:biomolecule.py:157:num_missing_heavy:Missing atom CZ in residue ARG A 67
2024-02-28 14:07:14,718 WARNING:biomolecule.py:157:num_missing_heavy:Missing atom NH1 in residue ARG A 67
2024-02-28 14:07:14,718 WARNING:biomolecule.py:157:num_missing_heavy:Missing atom NH2 in residue ARG A 67
2024-02-28 14:07:14,718 WARNING:biomolecule.py:157:num_missing_heavy:Missing atom CG in residue ARG A 89
2024-02-28 14:07:14,718 WARNING:biomolecule.py:157:num_missing_heavy:Missing atom CD in residue ARG A 89
2024-02-28 14:07:14,718 WARNING:biomolecule.py:157:num_missing_heavy:Missing atom NE in residue ARG A 89
2024-02-28 14:07:14,718 WARNING:biomolecule.py:157:num_missing_heavy:Missing atom CZ in residue ARG A 89
2024-02-28 14:07:14,718 WARNING:biomolecule.py:157:num_missing_heavy:Missing atom NH1 in residue ARG A 89
2024-02-28 14:07:14,719 WARNING:biomolecule.py:157:num_missing_heavy:Missing atom NH2 in residue ARG A 89
2024-02-28 14:07:14,719 WARNING:biomolecule.py:157:num_missing_heavy:Missing atom CG in residue HIS A 105
2024-02-28 14:07:14,719 WARNING:biomolecule.py:157:num_missing_heavy:Missing atom ND1 in residue HIS A 105
2024-02-28 14:07:14,719 WARNING:biomolecule.py:157:num_missing_heavy:Missing atom CD2 in residue HIS A 105
2024-02-28 14:07:14,719 WARNING:biomolecule.py:157:num_missing_heavy:Missing atom CE1 in residue HIS A 105
2024-02-28 14:07:14,719 WARNING:biomolecule.py:157:num_missing_heavy:Missing atom NE2 in residue HIS A 105
2024-02-28 14:07:14,720 WARNING:biomolecule.py:157:num_missing_heavy:Missing atom CG in residue GLU A 106
2024-02-28 14:07:14,720 WARNING:biomolecule.py:157:num_missing_heavy:Missing atom CD in residue GLU A 106
2024-02-28 14:07:14,720 WARNING:biomolecule.py:157:num_missing_heavy:Missing atom OE1 in residue GLU A 106
2024-02-28 14:07:14,720 WARNING:biomolecule.py:157:num_missing_heavy:Missing atom OE2 in residue GLU A 106
2024-02-28 14:07:14,720 WARNING:biomolecule.py:157:num_missing_heavy:Missing atom CG in residue GLU A 124
2024-02-28 14:07:14,721 WARNING:biomolecule.py:157:num_missing_heavy:Missing atom CD in residue GLU A 124
2024-02-28 14:07:14,721 WARNING:biomolecule.py:157:num_missing_heavy:Missing atom OE1 in residue GLU A 124
2024-02-28 14:07:14,721 WARNING:biomolecule.py:157:num_missing_heavy:Missing atom OE2 in residue GLU A 124
2024-02-28 14:07:14,721 WARNING:biomolecule.py:157:num_missing_heavy:Missing atom CG in residue ASN A 139
2024-02-28 14:07:14,721 WARNING:biomolecule.py:157:num_missing_heavy:Missing atom OD1 in residue ASN A 139
2024-02-28 14:07:14,721 WARNING:biomolecule.py:157:num_missing_heavy:Missing atom ND2 in residue ASN A 139
2024-02-28 14:07:14,722 WARNING:biomolecule.py:157:num_missing_heavy:Missing atom CG in residue GLU A 144
2024-02-28 14:07:14,722 WARNING:biomolecule.py:157:num_missing_heavy:Missing atom CD in residue GLU A 144
2024-02-28 14:07:14,722 WARNING:biomolecule.py:157:num_missing_heavy:Missing atom OE1 in residue GLU A 144
2024-02-28 14:07:14,722 WARNING:biomolecule.py:157:num_missing_heavy:Missing atom OE2 in residue GLU A 144
2024-02-28 14:07:14,722 WARNING:biomolecule.py:157:num_missing_heavy:Missing atom CG in residue ARG A 146
2024-02-28 14:07:14,722 WARNING:biomolecule.py:157:num_missing_heavy:Missing atom CD in residue ARG A 146
2024-02-28 14:07:14,723 WARNING:biomolecule.py:157:num_missing_heavy:Missing atom NE in residue ARG A 146
2024-02-28 14:07:14,723 WARNING:biomolecule.py:157:num_missing_heavy:Missing atom CZ in residue ARG A 146
2024-02-28 14:07:14,723 WARNING:biomolecule.py:157:num_missing_heavy:Missing atom NH1 in residue ARG A 146
2024-02-28 14:07:14,723 WARNING:biomolecule.py:157:num_missing_heavy:Missing atom NH2 in residue ARG A 146
2024-02-28 14:07:14,723 WARNING:biomolecule.py:157:num_missing_heavy:Missing atom CG in residue ASN A 168
2024-02-28 14:07:14,723 WARNING:biomolecule.py:157:num_missing_heavy:Missing atom OD1 in residue ASN A 168
2024-02-28 14:07:14,723 WARNING:biomolecule.py:157:num_missing_heavy:Missing atom ND2 in residue ASN A 168
2024-02-28 14:07:14,723 WARNING:biomolecule.py:157:num_missing_heavy:Missing atom OXT in residue ASN A 168
2024-02-28 14:07:14,724 WARNING:biomolecule.py:157:num_missing_heavy:Missing atom CG in residue GLU B 87
2024-02-28 14:07:14,724 WARNING:biomolecule.py:157:num_missing_heavy:Missing atom CD in residue GLU B 87
2024-02-28 14:07:14,724 WARNING:biomolecule.py:157:num_missing_heavy:Missing atom OE1 in residue GLU B 87
2024-02-28 14:07:14,724 WARNING:biomolecule.py:157:num_missing_heavy:Missing atom OE2 in residue GLU B 87
2024-02-28 14:07:14,724 WARNING:biomolecule.py:157:num_missing_heavy:Missing atom CG in residue GLU B 124
2024-02-28 14:07:14,724 WARNING:biomolecule.py:157:num_missing_heavy:Missing atom CD in residue GLU B 124
2024-02-28 14:07:14,724 WARNING:biomolecule.py:157:num_missing_heavy:Missing atom OE1 in residue GLU B 124
2024-02-28 14:07:14,725 WARNING:biomolecule.py:157:num_missing_heavy:Missing atom OE2 in residue GLU B 124
2024-02-28 14:07:14,725 WARNING:biomolecule.py:157:num_missing_heavy:Missing atom CG in residue HIS B 126
2024-02-28 14:07:14,725 WARNING:biomolecule.py:157:num_missing_heavy:Missing atom ND1 in residue HIS B 126
2024-02-28 14:07:14,725 WARNING:biomolecule.py:157:num_missing_heavy:Missing atom CD2 in residue HIS B 126
2024-02-28 14:07:14,725 WARNING:biomolecule.py:157:num_missing_heavy:Missing atom CE1 in residue HIS B 126
2024-02-28 14:07:14,725 WARNING:biomolecule.py:157:num_missing_heavy:Missing atom NE2 in residue HIS B 126
2024-02-28 14:07:14,726 WARNING:biomolecule.py:157:num_missing_heavy:Missing atom CG in residue ASN B 139
2024-02-28 14:07:14,726 WARNING:biomolecule.py:157:num_missing_heavy:Missing atom OD1 in residue ASN B 139
2024-02-28 14:07:14,726 WARNING:biomolecule.py:157:num_missing_heavy:Missing atom ND2 in residue ASN B 139
2024-02-28 14:07:14,726 WARNING:biomolecule.py:157:num_missing_heavy:Missing atom CG in residue GLU B 144
2024-02-28 14:07:14,726 WARNING:biomolecule.py:157:num_missing_heavy:Missing atom CD in residue GLU B 144
2024-02-28 14:07:14,726 WARNING:biomolecule.py:157:num_missing_heavy:Missing atom OE1 in residue GLU B 144
2024-02-28 14:07:14,727 WARNING:biomolecule.py:157:num_missing_heavy:Missing atom OE2 in residue GLU B 144
2024-02-28 14:07:14,727 WARNING:biomolecule.py:157:num_missing_heavy:Missing atom CG in residue ARG B 146
2024-02-28 14:07:14,727 WARNING:biomolecule.py:157:num_missing_heavy:Missing atom CD in residue ARG B 146
2024-02-28 14:07:14,727 WARNING:biomolecule.py:157:num_missing_heavy:Missing atom NE in residue ARG B 146
2024-02-28 14:07:14,727 WARNING:biomolecule.py:157:num_missing_heavy:Missing atom CZ in residue ARG B 146
2024-02-28 14:07:14,727 WARNING:biomolecule.py:157:num_missing_heavy:Missing atom NH1 in residue ARG B 146
2024-02-28 14:07:14,727 WARNING:biomolecule.py:157:num_missing_heavy:Missing atom NH2 in residue ARG B 146
2024-02-28 14:07:14,727 WARNING:biomolecule.py:157:num_missing_heavy:Missing atom OXT in residue ASN B 168
2024-02-28 14:07:14,727 WARNING:biomolecule.py:157:num_missing_heavy:Missing atom CG in residue ASN A 6
2024-02-28 14:07:14,727 WARNING:biomolecule.py:157:num_missing_heavy:Missing atom OD1 in residue ASN A 6
2024-02-28 14:07:14,727 WARNING:biomolecule.py:157:num_missing_heavy:Missing atom ND2 in residue ASN A 6
2024-02-28 14:07:14,728 WARNING:biomolecule.py:157:num_missing_heavy:Missing atom CG in residue ASN A 16
2024-02-28 14:07:14,728 WARNING:biomolecule.py:157:num_missing_heavy:Missing atom OD1 in residue ASN A 16
2024-02-28 14:07:14,728 WARNING:biomolecule.py:157:num_missing_heavy:Missing atom ND2 in residue ASN A 16
2024-02-28 14:07:14,728 WARNING:biomolecule.py:157:num_missing_heavy:Missing atom CG in residue LYS A 43
2024-02-28 14:07:14,729 WARNING:biomolecule.py:157:num_missing_heavy:Missing atom CD in residue LYS A 43
2024-02-28 14:07:14,729 WARNING:biomolecule.py:157:num_missing_heavy:Missing atom CE in residue LYS A 43
2024-02-28 14:07:14,729 WARNING:biomolecule.py:157:num_missing_heavy:Missing atom NZ in residue LYS A 43
2024-02-28 14:07:14,729 WARNING:biomolecule.py:157:num_missing_heavy:Missing atom CG in residue ARG A 67
2024-02-28 14:07:14,730 WARNING:biomolecule.py:157:num_missing_heavy:Missing atom CD in residue ARG A 67
2024-02-28 14:07:14,730 WARNING:biomolecule.py:157:num_missing_heavy:Missing atom NE in residue ARG A 67
2024-02-28 14:07:14,730 WARNING:biomolecule.py:157:num_missing_heavy:Missing atom CZ in residue ARG A 67
2024-02-28 14:07:14,730 WARNING:biomolecule.py:157:num_missing_heavy:Missing atom NH1 in residue ARG A 67
2024-02-28 14:07:14,730 WARNING:biomolecule.py:157:num_missing_heavy:Missing atom NH2 in residue ARG A 67
2024-02-28 14:07:14,731 WARNING:biomolecule.py:157:num_missing_heavy:Missing atom CG in residue ARG A 89
2024-02-28 14:07:14,731 WARNING:biomolecule.py:157:num_missing_heavy:Missing atom CD in residue ARG A 89
2024-02-28 14:07:14,731 WARNING:biomolecule.py:157:num_missing_heavy:Missing atom NE in residue ARG A 89
2024-02-28 14:07:14,731 WARNING:biomolecule.py:157:num_missing_heavy:Missing atom CZ in residue ARG A 89
2024-02-28 14:07:14,731 WARNING:biomolecule.py:157:num_missing_heavy:Missing atom NH1 in residue ARG A 89
2024-02-28 14:07:14,731 WARNING:biomolecule.py:157:num_missing_heavy:Missing atom NH2 in residue ARG A 89
2024-02-28 14:07:14,731 WARNING:biomolecule.py:157:num_missing_heavy:Missing atom CG in residue HIS A 105
2024-02-28 14:07:14,732 WARNING:biomolecule.py:157:num_missing_heavy:Missing atom ND1 in residue HIS A 105
2024-02-28 14:07:14,732 WARNING:biomolecule.py:157:num_missing_heavy:Missing atom CD2 in residue HIS A 105
2024-02-28 14:07:14,732 WARNING:biomolecule.py:157:num_missing_heavy:Missing atom CE1 in residue HIS A 105
2024-02-28 14:07:14,732 WARNING:biomolecule.py:157:num_missing_heavy:Missing atom NE2 in residue HIS A 105
2024-02-28 14:07:14,732 WARNING:biomolecule.py:157:num_missing_heavy:Missing atom CG in residue GLU A 106
2024-02-28 14:07:14,733 WARNING:biomolecule.py:157:num_missing_heavy:Missing atom CD in residue GLU A 106
2024-02-28 14:07:14,733 WARNING:biomolecule.py:157:num_missing_heavy:Missing atom OE1 in residue GLU A 106
2024-02-28 14:07:14,733 WARNING:biomolecule.py:157:num_missing_heavy:Missing atom OE2 in residue GLU A 106
2024-02-28 14:07:14,733 WARNING:biomolecule.py:157:num_missing_heavy:Missing atom CG in residue GLU A 124
2024-02-28 14:07:14,733 WARNING:biomolecule.py:157:num_missing_heavy:Missing atom CD in residue GLU A 124
2024-02-28 14:07:14,733 WARNING:biomolecule.py:157:num_missing_heavy:Missing atom OE1 in residue GLU A 124
2024-02-28 14:07:14,733 WARNING:biomolecule.py:157:num_missing_heavy:Missing atom OE2 in residue GLU A 124
2024-02-28 14:07:14,733 WARNING:biomolecule.py:157:num_missing_heavy:Missing atom CG in residue ASN A 139
2024-02-28 14:07:14,733 WARNING:biomolecule.py:157:num_missing_heavy:Missing atom OD1 in residue ASN A 139
2024-02-28 14:07:14,734 WARNING:biomolecule.py:157:num_missing_heavy:Missing atom ND2 in residue ASN A 139
2024-02-28 14:07:14,734 WARNING:biomolecule.py:157:num_missing_heavy:Missing atom CG in residue GLU A 144
2024-02-28 14:07:14,734 WARNING:biomolecule.py:157:num_missing_heavy:Missing atom CD in residue GLU A 144
2024-02-28 14:07:14,734 WARNING:biomolecule.py:157:num_missing_heavy:Missing atom OE1 in residue GLU A 144
2024-02-28 14:07:14,734 WARNING:biomolecule.py:157:num_missing_heavy:Missing atom OE2 in residue GLU A 144
2024-02-28 14:07:14,734 WARNING:biomolecule.py:157:num_missing_heavy:Missing atom CG in residue ARG A 146
2024-02-28 14:07:14,735 WARNING:biomolecule.py:157:num_missing_heavy:Missing atom CD in residue ARG A 146
2024-02-28 14:07:14,735 WARNING:biomolecule.py:157:num_missing_heavy:Missing atom NE in residue ARG A 146
2024-02-28 14:07:14,735 WARNING:biomolecule.py:157:num_missing_heavy:Missing atom CZ in residue ARG A 146
2024-02-28 14:07:14,735 WARNING:biomolecule.py:157:num_missing_heavy:Missing atom NH1 in residue ARG A 146
2024-02-28 14:07:14,735 WARNING:biomolecule.py:157:num_missing_heavy:Missing atom NH2 in residue ARG A 146
2024-02-28 14:07:14,735 WARNING:biomolecule.py:157:num_missing_heavy:Missing atom CG in residue ASN A 168
2024-02-28 14:07:14,735 WARNING:biomolecule.py:157:num_missing_heavy:Missing atom OD1 in residue ASN A 168
2024-02-28 14:07:14,735 WARNING:biomolecule.py:157:num_missing_heavy:Missing atom ND2 in residue ASN A 168
2024-02-28 14:07:14,735 WARNING:biomolecule.py:157:num_missing_heavy:Missing atom OXT in residue ASN A 168
2024-02-28 14:07:14,736 WARNING:biomolecule.py:157:num_missing_heavy:Missing atom CG in residue GLU B 87
2024-02-28 14:07:14,736 WARNING:biomolecule.py:157:num_missing_heavy:Missing atom CD in residue GLU B 87
2024-02-28 14:07:14,736 WARNING:biomolecule.py:157:num_missing_heavy:Missing atom OE1 in residue GLU B 87
2024-02-28 14:07:14,736 WARNING:biomolecule.py:157:num_missing_heavy:Missing atom OE2 in residue GLU B 87
2024-02-28 14:07:14,737 WARNING:biomolecule.py:157:num_missing_heavy:Missing atom CG in residue GLU B 124
2024-02-28 14:07:14,737 WARNING:biomolecule.py:157:num_missing_heavy:Missing atom CD in residue GLU B 124
2024-02-28 14:07:14,737 WARNING:biomolecule.py:157:num_missing_heavy:Missing atom OE1 in residue GLU B 124
2024-02-28 14:07:14,737 WARNING:biomolecule.py:157:num_missing_heavy:Missing atom OE2 in residue GLU B 124
2024-02-28 14:07:14,737 WARNING:biomolecule.py:157:num_missing_heavy:Missing atom CG in residue HIS B 126
2024-02-28 14:07:14,738 WARNING:biomolecule.py:157:num_missing_heavy:Missing atom ND1 in residue HIS B 126
2024-02-28 14:07:14,738 WARNING:biomolecule.py:157:num_missing_heavy:Missing atom CD2 in residue HIS B 126
2024-02-28 14:07:14,738 WARNING:biomolecule.py:157:num_missing_heavy:Missing atom CE1 in residue HIS B 126
2024-02-28 14:07:14,738 WARNING:biomolecule.py:157:num_missing_heavy:Missing atom NE2 in residue HIS B 126
2024-02-28 14:07:14,738 WARNING:biomolecule.py:157:num_missing_heavy:Missing atom CG in residue ASN B 139
2024-02-28 14:07:14,739 WARNING:biomolecule.py:157:num_missing_heavy:Missing atom OD1 in residue ASN B 139
2024-02-28 14:07:14,739 WARNING:biomolecule.py:157:num_missing_heavy:Missing atom ND2 in residue ASN B 139
2024-02-28 14:07:14,739 WARNING:biomolecule.py:157:num_missing_heavy:Missing atom CG in residue GLU B 144
2024-02-28 14:07:14,739 WARNING:biomolecule.py:157:num_missing_heavy:Missing atom CD in residue GLU B 144
2024-02-28 14:07:14,739 WARNING:biomolecule.py:157:num_missing_heavy:Missing atom OE1 in residue GLU B 144
2024-02-28 14:07:14,739 WARNING:biomolecule.py:157:num_missing_heavy:Missing atom OE2 in residue GLU B 144
2024-02-28 14:07:14,739 WARNING:biomolecule.py:157:num_missing_heavy:Missing atom CG in residue ARG B 146
2024-02-28 14:07:14,739 WARNING:biomolecule.py:157:num_missing_heavy:Missing atom CD in residue ARG B 146
2024-02-28 14:07:14,739 WARNING:biomolecule.py:157:num_missing_heavy:Missing atom NE in residue ARG B 146
2024-02-28 14:07:14,739 WARNING:biomolecule.py:157:num_missing_heavy:Missing atom CZ in residue ARG B 146
2024-02-28 14:07:14,739 WARNING:biomolecule.py:157:num_missing_heavy:Missing atom NH1 in residue ARG B 146
2024-02-28 14:07:14,739 WARNING:biomolecule.py:157:num_missing_heavy:Missing atom NH2 in residue ARG B 146
2024-02-28 14:07:14,739 WARNING:biomolecule.py:157:num_missing_heavy:Missing atom OXT in residue ASN B 168
2024-02-28 14:07:15,637 WARNING:main.py:311:print_pqr:Ignoring 1727 header lines in output.
2024-02-28 14:07:15,637 WARNING:main.py:315:print_pqr:Ignoring 30 missing lines in output.
2024-02-28 14:58:41,403 WARNING:biomolecule.py:992:create_residue:Unable to find amino or nucleic acid definition for FCB.  Parsing as new residue.
2024-02-28 14:58:41,433 WARNING:biomolecule.py:992:create_residue:Unable to find amino or nucleic acid definition for ACY.  Parsing as new residue.
2024-02-28 14:58:41,433 WARNING:biomolecule.py:992:create_residue:Unable to find amino or nucleic acid definition for FCB.  Parsing as new residue.
2024-02-28 14:58:41,433 WARNING:biomolecule.py:992:create_residue:Unable to find amino or nucleic acid definition for ACY.  Parsing as new residue.
2024-02-28 14:58:41,489 WARNING:biomolecule.py:157:num_missing_heavy:Missing atom CG in residue ASN A 6
2024-02-28 14:58:41,489 WARNING:biomolecule.py:157:num_missing_heavy:Missing atom OD1 in residue ASN A 6
2024-02-28 14:58:41,489 WARNING:biomolecule.py:157:num_missing_heavy:Missing atom ND2 in residue ASN A 6
2024-02-28 14:58:41,491 WARNING:biomolecule.py:157:num_missing_heavy:Missing atom CG in residue ASN A 16
2024-02-28 14:58:41,491 WARNING:biomolecule.py:157:num_missing_heavy:Missing atom OD1 in residue ASN A 16
2024-02-28 14:58:41,491 WARNING:biomolecule.py:157:num_missing_heavy:Missing atom ND2 in residue ASN A 16
2024-02-28 14:58:41,491 WARNING:biomolecule.py:157:num_missing_heavy:Missing atom CG in residue LYS A 43
2024-02-28 14:58:41,491 WARNING:biomolecule.py:157:num_missing_heavy:Missing atom CD in residue LYS A 43
2024-02-28 14:58:41,491 WARNING:biomolecule.py:157:num_missing_heavy:Missing atom CE in residue LYS A 43
2024-02-28 14:58:41,491 WARNING:biomolecule.py:157:num_missing_heavy:Missing atom NZ in residue LYS A 43
2024-02-28 14:58:41,491 WARNING:biomolecule.py:157:num_missing_heavy:Missing atom CG in residue ARG A 67
2024-02-28 14:58:41,491 WARNING:biomolecule.py:157:num_missing_heavy:Missing atom CD in residue ARG A 67
2024-02-28 14:58:41,491 WARNING:biomolecule.py:157:num_missing_heavy:Missing atom NE in residue ARG A 67
2024-02-28 14:58:41,491 WARNING:biomolecule.py:157:num_missing_heavy:Missing atom CZ in residue ARG A 67
2024-02-28 14:58:41,491 WARNING:biomolecule.py:157:num_missing_heavy:Missing atom NH1 in residue ARG A 67
2024-02-28 14:58:41,491 WARNING:biomolecule.py:157:num_missing_heavy:Missing atom NH2 in residue ARG A 67
2024-02-28 14:58:41,492 WARNING:biomolecule.py:157:num_missing_heavy:Missing atom CG in residue ARG A 89
2024-02-28 14:58:41,492 WARNING:biomolecule.py:157:num_missing_heavy:Missing atom CD in residue ARG A 89
2024-02-28 14:58:41,492 WARNING:biomolecule.py:157:num_missing_heavy:Missing atom NE in residue ARG A 89
2024-02-28 14:58:41,492 WARNING:biomolecule.py:157:num_missing_heavy:Missing atom CZ in residue ARG A 89
2024-02-28 14:58:41,492 WARNING:biomolecule.py:157:num_missing_heavy:Missing atom NH1 in residue ARG A 89
2024-02-28 14:58:41,492 WARNING:biomolecule.py:157:num_missing_heavy:Missing atom NH2 in residue ARG A 89
2024-02-28 14:58:41,492 WARNING:biomolecule.py:157:num_missing_heavy:Missing atom CG in residue HIS A 105
2024-02-28 14:58:41,492 WARNING:biomolecule.py:157:num_missing_heavy:Missing atom ND1 in residue HIS A 105
2024-02-28 14:58:41,492 WARNING:biomolecule.py:157:num_missing_heavy:Missing atom CD2 in residue HIS A 105
2024-02-28 14:58:41,492 WARNING:biomolecule.py:157:num_missing_heavy:Missing atom CE1 in residue HIS A 105
2024-02-28 14:58:41,492 WARNING:biomolecule.py:157:num_missing_heavy:Missing atom NE2 in residue HIS A 105
2024-02-28 14:58:41,492 WARNING:biomolecule.py:157:num_missing_heavy:Missing atom CG in residue GLU A 106
2024-02-28 14:58:41,492 WARNING:biomolecule.py:157:num_missing_heavy:Missing atom CD in residue GLU A 106
2024-02-28 14:58:41,492 WARNING:biomolecule.py:157:num_missing_heavy:Missing atom OE1 in residue GLU A 106
2024-02-28 14:58:41,492 WARNING:biomolecule.py:157:num_missing_heavy:Missing atom OE2 in residue GLU A 106
2024-02-28 14:58:41,492 WARNING:biomolecule.py:157:num_missing_heavy:Missing atom CG in residue GLU A 124
2024-02-28 14:58:41,492 WARNING:biomolecule.py:157:num_missing_heavy:Missing atom CD in residue GLU A 124
2024-02-28 14:58:41,492 WARNING:biomolecule.py:157:num_missing_heavy:Missing atom OE1 in residue GLU A 124
2024-02-28 14:58:41,492 WARNING:biomolecule.py:157:num_missing_heavy:Missing atom OE2 in residue GLU A 124
2024-02-28 14:58:41,492 WARNING:biomolecule.py:157:num_missing_heavy:Missing atom CG in residue ASN A 139
2024-02-28 14:58:41,492 WARNING:biomolecule.py:157:num_missing_heavy:Missing atom OD1 in residue ASN A 139
2024-02-28 14:58:41,492 WARNING:biomolecule.py:157:num_missing_heavy:Missing atom ND2 in residue ASN A 139
2024-02-28 14:58:41,492 WARNING:biomolecule.py:157:num_missing_heavy:Missing atom CG in residue GLU A 144
2024-02-28 14:58:41,492 WARNING:biomolecule.py:157:num_missing_heavy:Missing atom CD in residue GLU A 144
2024-02-28 14:58:41,493 WARNING:biomolecule.py:157:num_missing_heavy:Missing atom OE1 in residue GLU A 144
2024-02-28 14:58:41,493 WARNING:biomolecule.py:157:num_missing_heavy:Missing atom OE2 in residue GLU A 144
2024-02-28 14:58:41,493 WARNING:biomolecule.py:157:num_missing_heavy:Missing atom CG in residue ARG A 146
2024-02-28 14:58:41,493 WARNING:biomolecule.py:157:num_missing_heavy:Missing atom CD in residue ARG A 146
2024-02-28 14:58:41,493 WARNING:biomolecule.py:157:num_missing_heavy:Missing atom NE in residue ARG A 146
2024-02-28 14:58:41,493 WARNING:biomolecule.py:157:num_missing_heavy:Missing atom CZ in residue ARG A 146
2024-02-28 14:58:41,493 WARNING:biomolecule.py:157:num_missing_heavy:Missing atom NH1 in residue ARG A 146
2024-02-28 14:58:41,493 WARNING:biomolecule.py:157:num_missing_heavy:Missing atom NH2 in residue ARG A 146
2024-02-28 14:58:41,493 WARNING:biomolecule.py:157:num_missing_heavy:Missing atom CG in residue ASN A 168
2024-02-28 14:58:41,493 WARNING:biomolecule.py:157:num_missing_heavy:Missing atom OD1 in residue ASN A 168
2024-02-28 14:58:41,493 WARNING:biomolecule.py:157:num_missing_heavy:Missing atom ND2 in residue ASN A 168
2024-02-28 14:58:41,493 WARNING:biomolecule.py:157:num_missing_heavy:Missing atom OXT in residue ASN A 168
2024-02-28 14:58:41,493 WARNING:biomolecule.py:157:num_missing_heavy:Missing atom CG in residue GLU B 87
2024-02-28 14:58:41,493 WARNING:biomolecule.py:157:num_missing_heavy:Missing atom CD in residue GLU B 87
2024-02-28 14:58:41,493 WARNING:biomolecule.py:157:num_missing_heavy:Missing atom OE1 in residue GLU B 87
2024-02-28 14:58:41,493 WARNING:biomolecule.py:157:num_missing_heavy:Missing atom OE2 in residue GLU B 87
2024-02-28 14:58:41,494 WARNING:biomolecule.py:157:num_missing_heavy:Missing atom CG in residue GLU B 124
2024-02-28 14:58:41,494 WARNING:biomolecule.py:157:num_missing_heavy:Missing atom CD in residue GLU B 124
2024-02-28 14:58:41,494 WARNING:biomolecule.py:157:num_missing_heavy:Missing atom OE1 in residue GLU B 124
2024-02-28 14:58:41,494 WARNING:biomolecule.py:157:num_missing_heavy:Missing atom OE2 in residue GLU B 124
2024-02-28 14:58:41,494 WARNING:biomolecule.py:157:num_missing_heavy:Missing atom CG in residue HIS B 126
2024-02-28 14:58:41,494 WARNING:biomolecule.py:157:num_missing_heavy:Missing atom ND1 in residue HIS B 126
2024-02-28 14:58:41,494 WARNING:biomolecule.py:157:num_missing_heavy:Missing atom CD2 in residue HIS B 126
2024-02-28 14:58:41,494 WARNING:biomolecule.py:157:num_missing_heavy:Missing atom CE1 in residue HIS B 126
2024-02-28 14:58:41,494 WARNING:biomolecule.py:157:num_missing_heavy:Missing atom NE2 in residue HIS B 126
2024-02-28 14:58:41,494 WARNING:biomolecule.py:157:num_missing_heavy:Missing atom CG in residue ASN B 139
2024-02-28 14:58:41,494 WARNING:biomolecule.py:157:num_missing_heavy:Missing atom OD1 in residue ASN B 139
2024-02-28 14:58:41,494 WARNING:biomolecule.py:157:num_missing_heavy:Missing atom ND2 in residue ASN B 139
2024-02-28 14:58:41,494 WARNING:biomolecule.py:157:num_missing_heavy:Missing atom CG in residue GLU B 144
2024-02-28 14:58:41,494 WARNING:biomolecule.py:157:num_missing_heavy:Missing atom CD in residue GLU B 144
2024-02-28 14:58:41,494 WARNING:biomolecule.py:157:num_missing_heavy:Missing atom OE1 in residue GLU B 144
2024-02-28 14:58:41,494 WARNING:biomolecule.py:157:num_missing_heavy:Missing atom OE2 in residue GLU B 144
2024-02-28 14:58:41,494 WARNING:biomolecule.py:157:num_missing_heavy:Missing atom CG in residue ARG B 146
2024-02-28 14:58:41,494 WARNING:biomolecule.py:157:num_missing_heavy:Missing atom CD in residue ARG B 146
2024-02-28 14:58:41,494 WARNING:biomolecule.py:157:num_missing_heavy:Missing atom NE in residue ARG B 146
2024-02-28 14:58:41,494 WARNING:biomolecule.py:157:num_missing_heavy:Missing atom CZ in residue ARG B 146
2024-02-28 14:58:41,494 WARNING:biomolecule.py:157:num_missing_heavy:Missing atom NH1 in residue ARG B 146
2024-02-28 14:58:41,494 WARNING:biomolecule.py:157:num_missing_heavy:Missing atom NH2 in residue ARG B 146
2024-02-28 14:58:41,494 WARNING:biomolecule.py:157:num_missing_heavy:Missing atom OXT in residue ASN B 168
2024-02-28 14:58:41,494 WARNING:biomolecule.py:157:num_missing_heavy:Missing atom CG in residue ASN A 6
2024-02-28 14:58:41,494 WARNING:biomolecule.py:157:num_missing_heavy:Missing atom OD1 in residue ASN A 6
2024-02-28 14:58:41,494 WARNING:biomolecule.py:157:num_missing_heavy:Missing atom ND2 in residue ASN A 6
2024-02-28 14:58:41,495 WARNING:biomolecule.py:157:num_missing_heavy:Missing atom CG in residue ASN A 16
2024-02-28 14:58:41,495 WARNING:biomolecule.py:157:num_missing_heavy:Missing atom OD1 in residue ASN A 16
2024-02-28 14:58:41,495 WARNING:biomolecule.py:157:num_missing_heavy:Missing atom ND2 in residue ASN A 16
2024-02-28 14:58:41,495 WARNING:biomolecule.py:157:num_missing_heavy:Missing atom CG in residue LYS A 43
2024-02-28 14:58:41,495 WARNING:biomolecule.py:157:num_missing_heavy:Missing atom CD in residue LYS A 43
2024-02-28 14:58:41,495 WARNING:biomolecule.py:157:num_missing_heavy:Missing atom CE in residue LYS A 43
2024-02-28 14:58:41,495 WARNING:biomolecule.py:157:num_missing_heavy:Missing atom NZ in residue LYS A 43
2024-02-28 14:58:41,495 WARNING:biomolecule.py:157:num_missing_heavy:Missing atom CG in residue ARG A 67
2024-02-28 14:58:41,495 WARNING:biomolecule.py:157:num_missing_heavy:Missing atom CD in residue ARG A 67
2024-02-28 14:58:41,495 WARNING:biomolecule.py:157:num_missing_heavy:Missing atom NE in residue ARG A 67
2024-02-28 14:58:41,495 WARNING:biomolecule.py:157:num_missing_heavy:Missing atom CZ in residue ARG A 67
2024-02-28 14:58:41,495 WARNING:biomolecule.py:157:num_missing_heavy:Missing atom NH1 in residue ARG A 67
2024-02-28 14:58:41,495 WARNING:biomolecule.py:157:num_missing_heavy:Missing atom NH2 in residue ARG A 67
2024-02-28 14:58:41,495 WARNING:biomolecule.py:157:num_missing_heavy:Missing atom CG in residue ARG A 89
2024-02-28 14:58:41,495 WARNING:biomolecule.py:157:num_missing_heavy:Missing atom CD in residue ARG A 89
2024-02-28 14:58:41,495 WARNING:biomolecule.py:157:num_missing_heavy:Missing atom NE in residue ARG A 89
2024-02-28 14:58:41,495 WARNING:biomolecule.py:157:num_missing_heavy:Missing atom CZ in residue ARG A 89
2024-02-28 14:58:41,495 WARNING:biomolecule.py:157:num_missing_heavy:Missing atom NH1 in residue ARG A 89
2024-02-28 14:58:41,501 WARNING:biomolecule.py:157:num_missing_heavy:Missing atom NH2 in residue ARG A 89
2024-02-28 14:58:41,501 WARNING:biomolecule.py:157:num_missing_heavy:Missing atom CG in residue HIS A 105
2024-02-28 14:58:41,501 WARNING:biomolecule.py:157:num_missing_heavy:Missing atom ND1 in residue HIS A 105
2024-02-28 14:58:41,501 WARNING:biomolecule.py:157:num_missing_heavy:Missing atom CD2 in residue HIS A 105
2024-02-28 14:58:41,501 WARNING:biomolecule.py:157:num_missing_heavy:Missing atom CE1 in residue HIS A 105
2024-02-28 14:58:41,501 WARNING:biomolecule.py:157:num_missing_heavy:Missing atom NE2 in residue HIS A 105
2024-02-28 14:58:41,501 WARNING:biomolecule.py:157:num_missing_heavy:Missing atom CG in residue GLU A 106
2024-02-28 14:58:41,501 WARNING:biomolecule.py:157:num_missing_heavy:Missing atom CD in residue GLU A 106
2024-02-28 14:58:41,501 WARNING:biomolecule.py:157:num_missing_heavy:Missing atom OE1 in residue GLU A 106
2024-02-28 14:58:41,501 WARNING:biomolecule.py:157:num_missing_heavy:Missing atom OE2 in residue GLU A 106
2024-02-28 14:58:41,501 WARNING:biomolecule.py:157:num_missing_heavy:Missing atom CG in residue GLU A 124
2024-02-28 14:58:41,501 WARNING:biomolecule.py:157:num_missing_heavy:Missing atom CD in residue GLU A 124
2024-02-28 14:58:41,501 WARNING:biomolecule.py:157:num_missing_heavy:Missing atom OE1 in residue GLU A 124
2024-02-28 14:58:41,501 WARNING:biomolecule.py:157:num_missing_heavy:Missing atom OE2 in residue GLU A 124
2024-02-28 14:58:41,501 WARNING:biomolecule.py:157:num_missing_heavy:Missing atom CG in residue ASN A 139
2024-02-28 14:58:41,501 WARNING:biomolecule.py:157:num_missing_heavy:Missing atom OD1 in residue ASN A 139
2024-02-28 14:58:41,501 WARNING:biomolecule.py:157:num_missing_heavy:Missing atom ND2 in residue ASN A 139
2024-02-28 14:58:41,501 WARNING:biomolecule.py:157:num_missing_heavy:Missing atom CG in residue GLU A 144
2024-02-28 14:58:41,501 WARNING:biomolecule.py:157:num_missing_heavy:Missing atom CD in residue GLU A 144
2024-02-28 14:58:41,501 WARNING:biomolecule.py:157:num_missing_heavy:Missing atom OE1 in residue GLU A 144
2024-02-28 14:58:41,501 WARNING:biomolecule.py:157:num_missing_heavy:Missing atom OE2 in residue GLU A 144
2024-02-28 14:58:41,501 WARNING:biomolecule.py:157:num_missing_heavy:Missing atom CG in residue ARG A 146
2024-02-28 14:58:41,502 WARNING:biomolecule.py:157:num_missing_heavy:Missing atom CD in residue ARG A 146
2024-02-28 14:58:41,502 WARNING:biomolecule.py:157:num_missing_heavy:Missing atom NE in residue ARG A 146
2024-02-28 14:58:41,502 WARNING:biomolecule.py:157:num_missing_heavy:Missing atom CZ in residue ARG A 146
2024-02-28 14:58:41,502 WARNING:biomolecule.py:157:num_missing_heavy:Missing atom NH1 in residue ARG A 146
2024-02-28 14:58:41,502 WARNING:biomolecule.py:157:num_missing_heavy:Missing atom NH2 in residue ARG A 146
2024-02-28 14:58:41,502 WARNING:biomolecule.py:157:num_missing_heavy:Missing atom CG in residue ASN A 168
2024-02-28 14:58:41,502 WARNING:biomolecule.py:157:num_missing_heavy:Missing atom OD1 in residue ASN A 168
2024-02-28 14:58:41,502 WARNING:biomolecule.py:157:num_missing_heavy:Missing atom ND2 in residue ASN A 168
2024-02-28 14:58:41,502 WARNING:biomolecule.py:157:num_missing_heavy:Missing atom OXT in residue ASN A 168
2024-02-28 14:58:41,502 WARNING:biomolecule.py:157:num_missing_heavy:Missing atom CG in residue GLU B 87
2024-02-28 14:58:41,502 WARNING:biomolecule.py:157:num_missing_heavy:Missing atom CD in residue GLU B 87
2024-02-28 14:58:41,502 WARNING:biomolecule.py:157:num_missing_heavy:Missing atom OE1 in residue GLU B 87
2024-02-28 14:58:41,502 WARNING:biomolecule.py:157:num_missing_heavy:Missing atom OE2 in residue GLU B 87
2024-02-28 14:58:41,502 WARNING:biomolecule.py:157:num_missing_heavy:Missing atom CG in residue GLU B 124
2024-02-28 14:58:41,502 WARNING:biomolecule.py:157:num_missing_heavy:Missing atom CD in residue GLU B 124
2024-02-28 14:58:41,502 WARNING:biomolecule.py:157:num_missing_heavy:Missing atom OE1 in residue GLU B 124
2024-02-28 14:58:41,502 WARNING:biomolecule.py:157:num_missing_heavy:Missing atom OE2 in residue GLU B 124
2024-02-28 14:58:41,503 WARNING:biomolecule.py:157:num_missing_heavy:Missing atom CG in residue HIS B 126
2024-02-28 14:58:41,503 WARNING:biomolecule.py:157:num_missing_heavy:Missing atom ND1 in residue HIS B 126
2024-02-28 14:58:41,503 WARNING:biomolecule.py:157:num_missing_heavy:Missing atom CD2 in residue HIS B 126
2024-02-28 14:58:41,503 WARNING:biomolecule.py:157:num_missing_heavy:Missing atom CE1 in residue HIS B 126
2024-02-28 14:58:41,503 WARNING:biomolecule.py:157:num_missing_heavy:Missing atom NE2 in residue HIS B 126
2024-02-28 14:58:41,503 WARNING:biomolecule.py:157:num_missing_heavy:Missing atom CG in residue ASN B 139
2024-02-28 14:58:41,503 WARNING:biomolecule.py:157:num_missing_heavy:Missing atom OD1 in residue ASN B 139
2024-02-28 14:58:41,503 WARNING:biomolecule.py:157:num_missing_heavy:Missing atom ND2 in residue ASN B 139
2024-02-28 14:58:41,503 WARNING:biomolecule.py:157:num_missing_heavy:Missing atom CG in residue GLU B 144
2024-02-28 14:58:41,503 WARNING:biomolecule.py:157:num_missing_heavy:Missing atom CD in residue GLU B 144
2024-02-28 14:58:41,503 WARNING:biomolecule.py:157:num_missing_heavy:Missing atom OE1 in residue GLU B 144
2024-02-28 14:58:41,503 WARNING:biomolecule.py:157:num_missing_heavy:Missing atom OE2 in residue GLU B 144
2024-02-28 14:58:41,503 WARNING:biomolecule.py:157:num_missing_heavy:Missing atom CG in residue ARG B 146
2024-02-28 14:58:41,503 WARNING:biomolecule.py:157:num_missing_heavy:Missing atom CD in residue ARG B 146
2024-02-28 14:58:41,503 WARNING:biomolecule.py:157:num_missing_heavy:Missing atom NE in residue ARG B 146
2024-02-28 14:58:41,503 WARNING:biomolecule.py:157:num_missing_heavy:Missing atom CZ in residue ARG B 146
2024-02-28 14:58:41,503 WARNING:biomolecule.py:157:num_missing_heavy:Missing atom NH1 in residue ARG B 146
2024-02-28 14:58:41,503 WARNING:biomolecule.py:157:num_missing_heavy:Missing atom NH2 in residue ARG B 146
2024-02-28 14:58:41,503 WARNING:biomolecule.py:157:num_missing_heavy:Missing atom OXT in residue ASN B 168
2024-02-28 14:58:41,503 WARNING:biomolecule.py:157:num_missing_heavy:Missing atom CG in residue ASN A 6
2024-02-28 14:58:41,503 WARNING:biomolecule.py:157:num_missing_heavy:Missing atom OD1 in residue ASN A 6
2024-02-28 14:58:41,503 WARNING:biomolecule.py:157:num_missing_heavy:Missing atom ND2 in residue ASN A 6
2024-02-28 14:58:41,503 WARNING:biomolecule.py:157:num_missing_heavy:Missing atom CG in residue ASN A 16
2024-02-28 14:58:41,503 WARNING:biomolecule.py:157:num_missing_heavy:Missing atom OD1 in residue ASN A 16
2024-02-28 14:58:41,503 WARNING:biomolecule.py:157:num_missing_heavy:Missing atom ND2 in residue ASN A 16
2024-02-28 14:58:41,503 WARNING:biomolecule.py:157:num_missing_heavy:Missing atom CG in residue LYS A 43
2024-02-28 14:58:41,504 WARNING:biomolecule.py:157:num_missing_heavy:Missing atom CD in residue LYS A 43
2024-02-28 14:58:41,504 WARNING:biomolecule.py:157:num_missing_heavy:Missing atom CE in residue LYS A 43
2024-02-28 14:58:41,504 WARNING:biomolecule.py:157:num_missing_heavy:Missing atom NZ in residue LYS A 43
2024-02-28 14:58:41,504 WARNING:biomolecule.py:157:num_missing_heavy:Missing atom CG in residue ARG A 67
2024-02-28 14:58:41,504 WARNING:biomolecule.py:157:num_missing_heavy:Missing atom CD in residue ARG A 67
2024-02-28 14:58:41,504 WARNING:biomolecule.py:157:num_missing_heavy:Missing atom NE in residue ARG A 67
2024-02-28 14:58:41,504 WARNING:biomolecule.py:157:num_missing_heavy:Missing atom CZ in residue ARG A 67
2024-02-28 14:58:41,504 WARNING:biomolecule.py:157:num_missing_heavy:Missing atom NH1 in residue ARG A 67
2024-02-28 14:58:41,504 WARNING:biomolecule.py:157:num_missing_heavy:Missing atom NH2 in residue ARG A 67
2024-02-28 14:58:41,504 WARNING:biomolecule.py:157:num_missing_heavy:Missing atom CG in residue ARG A 89
2024-02-28 14:58:41,504 WARNING:biomolecule.py:157:num_missing_heavy:Missing atom CD in residue ARG A 89
2024-02-28 14:58:41,504 WARNING:biomolecule.py:157:num_missing_heavy:Missing atom NE in residue ARG A 89
2024-02-28 14:58:41,504 WARNING:biomolecule.py:157:num_missing_heavy:Missing atom CZ in residue ARG A 89
2024-02-28 14:58:41,504 WARNING:biomolecule.py:157:num_missing_heavy:Missing atom NH1 in residue ARG A 89
2024-02-28 14:58:41,504 WARNING:biomolecule.py:157:num_missing_heavy:Missing atom NH2 in residue ARG A 89
2024-02-28 14:58:41,504 WARNING:biomolecule.py:157:num_missing_heavy:Missing atom CG in residue HIS A 105
2024-02-28 14:58:41,504 WARNING:biomolecule.py:157:num_missing_heavy:Missing atom ND1 in residue HIS A 105
2024-02-28 14:58:41,504 WARNING:biomolecule.py:157:num_missing_heavy:Missing atom CD2 in residue HIS A 105
2024-02-28 14:58:41,504 WARNING:biomolecule.py:157:num_missing_heavy:Missing atom CE1 in residue HIS A 105
2024-02-28 14:58:41,504 WARNING:biomolecule.py:157:num_missing_heavy:Missing atom NE2 in residue HIS A 105
2024-02-28 14:58:41,504 WARNING:biomolecule.py:157:num_missing_heavy:Missing atom CG in residue GLU A 106
2024-02-28 14:58:41,504 WARNING:biomolecule.py:157:num_missing_heavy:Missing atom CD in residue GLU A 106
2024-02-28 14:58:41,504 WARNING:biomolecule.py:157:num_missing_heavy:Missing atom OE1 in residue GLU A 106
2024-02-28 14:58:41,504 WARNING:biomolecule.py:157:num_missing_heavy:Missing atom OE2 in residue GLU A 106
2024-02-28 14:58:41,504 WARNING:biomolecule.py:157:num_missing_heavy:Missing atom CG in residue GLU A 124
2024-02-28 14:58:41,504 WARNING:biomolecule.py:157:num_missing_heavy:Missing atom CD in residue GLU A 124
2024-02-28 14:58:41,505 WARNING:biomolecule.py:157:num_missing_heavy:Missing atom OE1 in residue GLU A 124
2024-02-28 14:58:41,505 WARNING:biomolecule.py:157:num_missing_heavy:Missing atom OE2 in residue GLU A 124
2024-02-28 14:58:41,505 WARNING:biomolecule.py:157:num_missing_heavy:Missing atom CG in residue ASN A 139
2024-02-28 14:58:41,505 WARNING:biomolecule.py:157:num_missing_heavy:Missing atom OD1 in residue ASN A 139
2024-02-28 14:58:41,505 WARNING:biomolecule.py:157:num_missing_heavy:Missing atom ND2 in residue ASN A 139
2024-02-28 14:58:41,505 WARNING:biomolecule.py:157:num_missing_heavy:Missing atom CG in residue GLU A 144
2024-02-28 14:58:41,505 WARNING:biomolecule.py:157:num_missing_heavy:Missing atom CD in residue GLU A 144
2024-02-28 14:58:41,505 WARNING:biomolecule.py:157:num_missing_heavy:Missing atom OE1 in residue GLU A 144
2024-02-28 14:58:41,505 WARNING:biomolecule.py:157:num_missing_heavy:Missing atom OE2 in residue GLU A 144
2024-02-28 14:58:41,505 WARNING:biomolecule.py:157:num_missing_heavy:Missing atom CG in residue ARG A 146
2024-02-28 14:58:41,505 WARNING:biomolecule.py:157:num_missing_heavy:Missing atom CD in residue ARG A 146
2024-02-28 14:58:41,505 WARNING:biomolecule.py:157:num_missing_heavy:Missing atom NE in residue ARG A 146
2024-02-28 14:58:41,505 WARNING:biomolecule.py:157:num_missing_heavy:Missing atom CZ in residue ARG A 146
2024-02-28 14:58:41,505 WARNING:biomolecule.py:157:num_missing_heavy:Missing atom NH1 in residue ARG A 146
2024-02-28 14:58:41,505 WARNING:biomolecule.py:157:num_missing_heavy:Missing atom NH2 in residue ARG A 146
2024-02-28 14:58:41,505 WARNING:biomolecule.py:157:num_missing_heavy:Missing atom CG in residue ASN A 168
2024-02-28 14:58:41,505 WARNING:biomolecule.py:157:num_missing_heavy:Missing atom OD1 in residue ASN A 168
2024-02-28 14:58:41,505 WARNING:biomolecule.py:157:num_missing_heavy:Missing atom ND2 in residue ASN A 168
2024-02-28 14:58:41,505 WARNING:biomolecule.py:157:num_missing_heavy:Missing atom OXT in residue ASN A 168
2024-02-28 14:58:41,505 WARNING:biomolecule.py:157:num_missing_heavy:Missing atom CG in residue GLU B 87
2024-02-28 14:58:41,505 WARNING:biomolecule.py:157:num_missing_heavy:Missing atom CD in residue GLU B 87
2024-02-28 14:58:41,506 WARNING:biomolecule.py:157:num_missing_heavy:Missing atom OE1 in residue GLU B 87
2024-02-28 14:58:41,506 WARNING:biomolecule.py:157:num_missing_heavy:Missing atom OE2 in residue GLU B 87
2024-02-28 14:58:41,506 WARNING:biomolecule.py:157:num_missing_heavy:Missing atom CG in residue GLU B 124
2024-02-28 14:58:41,506 WARNING:biomolecule.py:157:num_missing_heavy:Missing atom CD in residue GLU B 124
2024-02-28 14:58:41,506 WARNING:biomolecule.py:157:num_missing_heavy:Missing atom OE1 in residue GLU B 124
2024-02-28 14:58:41,506 WARNING:biomolecule.py:157:num_missing_heavy:Missing atom OE2 in residue GLU B 124
2024-02-28 14:58:41,518 WARNING:biomolecule.py:157:num_missing_heavy:Missing atom CG in residue HIS B 126
2024-02-28 14:58:41,518 WARNING:biomolecule.py:157:num_missing_heavy:Missing atom ND1 in residue HIS B 126
2024-02-28 14:58:41,518 WARNING:biomolecule.py:157:num_missing_heavy:Missing atom CD2 in residue HIS B 126
2024-02-28 14:58:41,518 WARNING:biomolecule.py:157:num_missing_heavy:Missing atom CE1 in residue HIS B 126
2024-02-28 14:58:41,518 WARNING:biomolecule.py:157:num_missing_heavy:Missing atom NE2 in residue HIS B 126
2024-02-28 14:58:41,519 WARNING:biomolecule.py:157:num_missing_heavy:Missing atom CG in residue ASN B 139
2024-02-28 14:58:41,519 WARNING:biomolecule.py:157:num_missing_heavy:Missing atom OD1 in residue ASN B 139
2024-02-28 14:58:41,519 WARNING:biomolecule.py:157:num_missing_heavy:Missing atom ND2 in residue ASN B 139
2024-02-28 14:58:41,519 WARNING:biomolecule.py:157:num_missing_heavy:Missing atom CG in residue GLU B 144
2024-02-28 14:58:41,519 WARNING:biomolecule.py:157:num_missing_heavy:Missing atom CD in residue GLU B 144
2024-02-28 14:58:41,519 WARNING:biomolecule.py:157:num_missing_heavy:Missing atom OE1 in residue GLU B 144
2024-02-28 14:58:41,519 WARNING:biomolecule.py:157:num_missing_heavy:Missing atom OE2 in residue GLU B 144
2024-02-28 14:58:41,519 WARNING:biomolecule.py:157:num_missing_heavy:Missing atom CG in residue ARG B 146
2024-02-28 14:58:41,519 WARNING:biomolecule.py:157:num_missing_heavy:Missing atom CD in residue ARG B 146
2024-02-28 14:58:41,519 WARNING:biomolecule.py:157:num_missing_heavy:Missing atom NE in residue ARG B 146
2024-02-28 14:58:41,519 WARNING:biomolecule.py:157:num_missing_heavy:Missing atom CZ in residue ARG B 146
2024-02-28 14:58:41,519 WARNING:biomolecule.py:157:num_missing_heavy:Missing atom NH1 in residue ARG B 146
2024-02-28 14:58:41,519 WARNING:biomolecule.py:157:num_missing_heavy:Missing atom NH2 in residue ARG B 146
2024-02-28 14:58:41,519 WARNING:biomolecule.py:157:num_missing_heavy:Missing atom OXT in residue ASN B 168
