2024-02-28 14:07:13,311 WARNING:biomolecule.py:992:create_residue:Unable to find amino or nucleic acid definition for MSE.  Parsing as new residue.
2024-02-28 14:07:13,314 WARNING:biomolecule.py:992:create_residue:Unable to find amino or nucleic acid definition for MSE.  Parsing as new residue.
2024-02-28 14:07:13,317 WARNING:biomolecule.py:992:create_residue:Unable to find amino or nucleic acid definition for MSE.  Parsing as new residue.
2024-02-28 14:07:13,319 WARNING:biomolecule.py:992:create_residue:Unable to find amino or nucleic acid definition for MSE.  Parsing as new residue.
2024-02-28 14:07:13,319 WARNING:biomolecule.py:992:create_residue:Unable to find amino or nucleic acid definition for CL.  Parsing as new residue.
2024-02-28 14:07:13,320 WARNING:biomolecule.py:992:create_residue:Unable to find amino or nucleic acid definition for CL.  Parsing as new residue.
2024-02-28 14:07:13,320 WARNING:biomolecule.py:992:create_residue:Unable to find amino or nucleic acid definition for A5P.  Parsing as new residue.
2024-02-28 14:07:13,332 WARNING:biomolecule.py:157:num_missing_heavy:Missing atom CG in residue ARG A 3
2024-02-28 14:07:13,332 WARNING:biomolecule.py:157:num_missing_heavy:Missing atom CD in residue ARG A 3
2024-02-28 14:07:13,332 WARNING:biomolecule.py:157:num_missing_heavy:Missing atom NE in residue ARG A 3
2024-02-28 14:07:13,333 WARNING:biomolecule.py:157:num_missing_heavy:Missing atom CZ in residue ARG A 3
2024-02-28 14:07:13,333 WARNING:biomolecule.py:157:num_missing_heavy:Missing atom NH1 in residue ARG A 3
2024-02-28 14:07:13,333 WARNING:biomolecule.py:157:num_missing_heavy:Missing atom NH2 in residue ARG A 3
2024-02-28 14:07:13,334 WARNING:biomolecule.py:157:num_missing_heavy:Missing atom CG in residue ARG A 3
2024-02-28 14:07:13,334 WARNING:biomolecule.py:157:num_missing_heavy:Missing atom CD in residue ARG A 3
2024-02-28 14:07:13,334 WARNING:biomolecule.py:157:num_missing_heavy:Missing atom NE in residue ARG A 3
2024-02-28 14:07:13,335 WARNING:biomolecule.py:157:num_missing_heavy:Missing atom CZ in residue ARG A 3
2024-02-28 14:07:13,335 WARNING:biomolecule.py:157:num_missing_heavy:Missing atom NH1 in residue ARG A 3
2024-02-28 14:07:13,335 WARNING:biomolecule.py:157:num_missing_heavy:Missing atom NH2 in residue ARG A 3
2024-02-28 14:07:13,336 WARNING:biomolecule.py:157:num_missing_heavy:Missing atom CG in residue ARG A 3
2024-02-28 14:07:13,336 WARNING:biomolecule.py:157:num_missing_heavy:Missing atom CD in residue ARG A 3
2024-02-28 14:07:13,336 WARNING:biomolecule.py:157:num_missing_heavy:Missing atom NE in residue ARG A 3
2024-02-28 14:07:13,336 WARNING:biomolecule.py:157:num_missing_heavy:Missing atom CZ in residue ARG A 3
2024-02-28 14:07:13,336 WARNING:biomolecule.py:157:num_missing_heavy:Missing atom NH1 in residue ARG A 3
2024-02-28 14:07:13,336 WARNING:biomolecule.py:157:num_missing_heavy:Missing atom NH2 in residue ARG A 3
2024-02-28 14:07:13,847 WARNING:main.py:311:print_pqr:Ignoring 2307 header lines in output.
2024-02-28 14:07:13,847 WARNING:main.py:315:print_pqr:Ignoring 48 missing lines in output.
2024-02-28 14:58:36,709 WARNING:biomolecule.py:992:create_residue:Unable to find amino or nucleic acid definition for MSE.  Parsing as new residue.
2024-02-28 14:58:36,716 WARNING:biomolecule.py:992:create_residue:Unable to find amino or nucleic acid definition for MSE.  Parsing as new residue.
2024-02-28 14:58:36,719 WARNING:biomolecule.py:992:create_residue:Unable to find amino or nucleic acid definition for MSE.  Parsing as new residue.
2024-02-28 14:58:36,725 WARNING:biomolecule.py:992:create_residue:Unable to find amino or nucleic acid definition for MSE.  Parsing as new residue.
2024-02-28 14:58:36,726 WARNING:biomolecule.py:992:create_residue:Unable to find amino or nucleic acid definition for CL.  Parsing as new residue.
2024-02-28 14:58:36,728 WARNING:biomolecule.py:992:create_residue:Unable to find amino or nucleic acid definition for CL.  Parsing as new residue.
2024-02-28 14:58:36,728 WARNING:biomolecule.py:992:create_residue:Unable to find amino or nucleic acid definition for A5P.  Parsing as new residue.
2024-02-28 14:58:36,751 WARNING:biomolecule.py:157:num_missing_heavy:Missing atom CG in residue ARG A 3
2024-02-28 14:58:36,751 WARNING:biomolecule.py:157:num_missing_heavy:Missing atom CD in residue ARG A 3
2024-02-28 14:58:36,751 WARNING:biomolecule.py:157:num_missing_heavy:Missing atom NE in residue ARG A 3
2024-02-28 14:58:36,751 WARNING:biomolecule.py:157:num_missing_heavy:Missing atom CZ in residue ARG A 3
2024-02-28 14:58:36,751 WARNING:biomolecule.py:157:num_missing_heavy:Missing atom NH1 in residue ARG A 3
2024-02-28 14:58:36,751 WARNING:biomolecule.py:157:num_missing_heavy:Missing atom NH2 in residue ARG A 3
2024-02-28 14:58:36,752 WARNING:biomolecule.py:157:num_missing_heavy:Missing atom CG in residue ARG A 3
2024-02-28 14:58:36,752 WARNING:biomolecule.py:157:num_missing_heavy:Missing atom CD in residue ARG A 3
2024-02-28 14:58:36,752 WARNING:biomolecule.py:157:num_missing_heavy:Missing atom NE in residue ARG A 3
2024-02-28 14:58:36,752 WARNING:biomolecule.py:157:num_missing_heavy:Missing atom CZ in residue ARG A 3
2024-02-28 14:58:36,752 WARNING:biomolecule.py:157:num_missing_heavy:Missing atom NH1 in residue ARG A 3
2024-02-28 14:58:36,752 WARNING:biomolecule.py:157:num_missing_heavy:Missing atom NH2 in residue ARG A 3
2024-02-28 14:58:36,753 WARNING:biomolecule.py:157:num_missing_heavy:Missing atom CG in residue ARG A 3
2024-02-28 14:58:36,753 WARNING:biomolecule.py:157:num_missing_heavy:Missing atom CD in residue ARG A 3
2024-02-28 14:58:36,753 WARNING:biomolecule.py:157:num_missing_heavy:Missing atom NE in residue ARG A 3
2024-02-28 14:58:36,753 WARNING:biomolecule.py:157:num_missing_heavy:Missing atom CZ in residue ARG A 3
2024-02-28 14:58:36,753 WARNING:biomolecule.py:157:num_missing_heavy:Missing atom NH1 in residue ARG A 3
2024-02-28 14:58:36,753 WARNING:biomolecule.py:157:num_missing_heavy:Missing atom NH2 in residue ARG A 3
2024-02-28 14:58:37,461 WARNING:main.py:311:print_pqr:Ignoring 2307 header lines in output.
2024-02-28 14:58:37,461 WARNING:main.py:315:print_pqr:Ignoring 48 missing lines in output.
