2024-02-28 14:07:01,678 WARNING:biomolecule.py:992:create_residue:Unable to find amino or nucleic acid definition for NAG.  Parsing as new residue.
2024-02-28 14:07:01,679 WARNING:biomolecule.py:992:create_residue:Unable to find amino or nucleic acid definition for NAG.  Parsing as new residue.
2024-02-28 14:07:01,679 WARNING:biomolecule.py:992:create_residue:Unable to find amino or nucleic acid definition for BMA.  Parsing as new residue.
2024-02-28 14:07:01,680 WARNING:biomolecule.py:992:create_residue:Unable to find amino or nucleic acid definition for MAN.  Parsing as new residue.
2024-02-28 14:07:01,680 WARNING:biomolecule.py:992:create_residue:Unable to find amino or nucleic acid definition for MAN.  Parsing as new residue.
2024-02-28 14:07:01,680 WARNING:biomolecule.py:992:create_residue:Unable to find amino or nucleic acid definition for MAN.  Parsing as new residue.
2024-02-28 14:07:01,680 WARNING:biomolecule.py:992:create_residue:Unable to find amino or nucleic acid definition for MAN.  Parsing as new residue.
2024-02-28 14:07:01,681 WARNING:biomolecule.py:992:create_residue:Unable to find amino or nucleic acid definition for NAG.  Parsing as new residue.
2024-02-28 14:07:01,681 WARNING:biomolecule.py:992:create_residue:Unable to find amino or nucleic acid definition for NAG.  Parsing as new residue.
2024-02-28 14:07:01,682 WARNING:io.py:40:filter:Suppressing further "Unable to find amino or nucleic acid definition for" messages
2024-02-28 14:07:02,627 WARNING:main.py:311:print_pqr:Ignoring 5391 header lines in output.
2024-02-28 14:07:02,627 WARNING:main.py:315:print_pqr:Ignoring 147 missing lines in output.
2024-02-28 14:58:30,710 WARNING:biomolecule.py:992:create_residue:Unable to find amino or nucleic acid definition for NAG.  Parsing as new residue.
2024-02-28 14:58:30,710 WARNING:biomolecule.py:992:create_residue:Unable to find amino or nucleic acid definition for NAG.  Parsing as new residue.
2024-02-28 14:58:30,710 WARNING:biomolecule.py:992:create_residue:Unable to find amino or nucleic acid definition for BMA.  Parsing as new residue.
2024-02-28 14:58:30,710 WARNING:biomolecule.py:992:create_residue:Unable to find amino or nucleic acid definition for MAN.  Parsing as new residue.
2024-02-28 14:58:30,710 WARNING:biomolecule.py:992:create_residue:Unable to find amino or nucleic acid definition for MAN.  Parsing as new residue.
2024-02-28 14:58:30,710 WARNING:biomolecule.py:992:create_residue:Unable to find amino or nucleic acid definition for MAN.  Parsing as new residue.
2024-02-28 14:58:30,710 WARNING:biomolecule.py:992:create_residue:Unable to find amino or nucleic acid definition for MAN.  Parsing as new residue.
2024-02-28 14:58:30,710 WARNING:biomolecule.py:992:create_residue:Unable to find amino or nucleic acid definition for NAG.  Parsing as new residue.
2024-02-28 14:58:30,710 WARNING:biomolecule.py:992:create_residue:Unable to find amino or nucleic acid definition for NAG.  Parsing as new residue.
2024-02-28 14:58:30,710 WARNING:io.py:40:filter:Suppressing further "Unable to find amino or nucleic acid definition for" messages
2024-02-28 14:58:32,942 WARNING:main.py:311:print_pqr:Ignoring 5391 header lines in output.
2024-02-28 14:58:32,948 WARNING:main.py:315:print_pqr:Ignoring 147 missing lines in output.
