2024-02-28 14:07:16,630 WARNING:biomolecule.py:992:create_residue:Unable to find amino or nucleic acid definition for CA.  Parsing as new residue.
2024-02-28 14:07:16,631 WARNING:biomolecule.py:992:create_residue:Unable to find amino or nucleic acid definition for 2AM.  Parsing as new residue.
2024-02-28 14:07:16,643 WARNING:biomolecule.py:157:num_missing_heavy:Missing atom CE in residue LYS A 25
2024-02-28 14:07:16,643 WARNING:biomolecule.py:157:num_missing_heavy:Missing atom NZ in residue LYS A 25
2024-02-28 14:07:16,643 WARNING:biomolecule.py:157:num_missing_heavy:Missing atom CD in residue LYS A 41
2024-02-28 14:07:16,644 WARNING:biomolecule.py:157:num_missing_heavy:Missing atom CE in residue LYS A 41
2024-02-28 14:07:16,644 WARNING:biomolecule.py:157:num_missing_heavy:Missing atom NZ in residue LYS A 41
2024-02-28 14:07:16,644 WARNING:biomolecule.py:157:num_missing_heavy:Missing atom CG in residue ASN A 83
2024-02-28 14:07:16,644 WARNING:biomolecule.py:157:num_missing_heavy:Missing atom OD1 in residue ASN A 83
2024-02-28 14:07:16,644 WARNING:biomolecule.py:157:num_missing_heavy:Missing atom ND2 in residue ASN A 83
2024-02-28 14:07:16,645 WARNING:biomolecule.py:157:num_missing_heavy:Missing atom CB in residue ASN A 98
2024-02-28 14:07:16,645 WARNING:biomolecule.py:157:num_missing_heavy:Missing atom CG in residue ASN A 98
2024-02-28 14:07:16,645 WARNING:biomolecule.py:157:num_missing_heavy:Missing atom OD1 in residue ASN A 98
2024-02-28 14:07:16,645 WARNING:biomolecule.py:157:num_missing_heavy:Missing atom ND2 in residue ASN A 98
2024-02-28 14:07:16,645 WARNING:biomolecule.py:157:num_missing_heavy:Missing atom CE in residue LYS A 25
2024-02-28 14:07:16,645 WARNING:biomolecule.py:157:num_missing_heavy:Missing atom NZ in residue LYS A 25
2024-02-28 14:07:16,646 WARNING:biomolecule.py:157:num_missing_heavy:Missing atom CD in residue LYS A 41
2024-02-28 14:07:16,646 WARNING:biomolecule.py:157:num_missing_heavy:Missing atom CE in residue LYS A 41
2024-02-28 14:07:16,646 WARNING:biomolecule.py:157:num_missing_heavy:Missing atom NZ in residue LYS A 41
2024-02-28 14:07:16,646 WARNING:biomolecule.py:157:num_missing_heavy:Missing atom CG in residue ASN A 83
2024-02-28 14:07:16,646 WARNING:biomolecule.py:157:num_missing_heavy:Missing atom OD1 in residue ASN A 83
2024-02-28 14:07:16,646 WARNING:biomolecule.py:157:num_missing_heavy:Missing atom ND2 in residue ASN A 83
2024-02-28 14:07:16,646 WARNING:biomolecule.py:157:num_missing_heavy:Missing atom CB in residue ASN A 98
2024-02-28 14:07:16,647 WARNING:biomolecule.py:157:num_missing_heavy:Missing atom CG in residue ASN A 98
2024-02-28 14:07:16,647 WARNING:biomolecule.py:157:num_missing_heavy:Missing atom OD1 in residue ASN A 98
2024-02-28 14:07:16,647 WARNING:biomolecule.py:157:num_missing_heavy:Missing atom ND2 in residue ASN A 98
2024-02-28 14:07:16,647 WARNING:biomolecule.py:157:num_missing_heavy:Missing atom CE in residue LYS A 25
2024-02-28 14:07:16,647 WARNING:biomolecule.py:157:num_missing_heavy:Missing atom NZ in residue LYS A 25
2024-02-28 14:07:16,647 WARNING:biomolecule.py:157:num_missing_heavy:Missing atom CD in residue LYS A 41
2024-02-28 14:07:16,647 WARNING:biomolecule.py:157:num_missing_heavy:Missing atom CE in residue LYS A 41
2024-02-28 14:07:16,647 WARNING:biomolecule.py:157:num_missing_heavy:Missing atom NZ in residue LYS A 41
2024-02-28 14:07:16,648 WARNING:biomolecule.py:157:num_missing_heavy:Missing atom CG in residue ASN A 83
2024-02-28 14:07:16,648 WARNING:biomolecule.py:157:num_missing_heavy:Missing atom OD1 in residue ASN A 83
2024-02-28 14:07:16,648 WARNING:biomolecule.py:157:num_missing_heavy:Missing atom ND2 in residue ASN A 83
2024-02-28 14:07:16,648 WARNING:biomolecule.py:157:num_missing_heavy:Missing atom CB in residue ASN A 98
2024-02-28 14:07:16,648 WARNING:biomolecule.py:157:num_missing_heavy:Missing atom CG in residue ASN A 98
2024-02-28 14:07:16,649 WARNING:biomolecule.py:157:num_missing_heavy:Missing atom OD1 in residue ASN A 98
2024-02-28 14:07:16,649 WARNING:biomolecule.py:157:num_missing_heavy:Missing atom ND2 in residue ASN A 98
2024-02-28 14:07:16,880 WARNING:main.py:311:print_pqr:Ignoring 1537 header lines in output.
2024-02-28 14:07:16,880 WARNING:main.py:315:print_pqr:Ignoring 24 missing lines in output.
