2024-02-28 14:07:18,032 WARNING:biomolecule.py:992:create_residue:Unable to find amino or nucleic acid definition for 9CR.  Parsing as new residue.
2024-02-28 14:07:18,057 WARNING:biomolecule.py:992:create_residue:Unable to find amino or nucleic acid definition for 570.  Parsing as new residue.
2024-02-28 14:07:18,151 WARNING:biomolecule.py:157:num_missing_heavy:Missing atom CG in residue ASN A 227
2024-02-28 14:07:18,151 WARNING:biomolecule.py:157:num_missing_heavy:Missing atom OD1 in residue ASN A 227
2024-02-28 14:07:18,151 WARNING:biomolecule.py:157:num_missing_heavy:Missing atom ND2 in residue ASN A 227
2024-02-28 14:07:18,151 WARNING:biomolecule.py:157:num_missing_heavy:Missing atom CB in residue LYS A 245
2024-02-28 14:07:18,151 WARNING:biomolecule.py:157:num_missing_heavy:Missing atom CG in residue LYS A 245
2024-02-28 14:07:18,151 WARNING:biomolecule.py:157:num_missing_heavy:Missing atom CD in residue LYS A 245
2024-02-28 14:07:18,151 WARNING:biomolecule.py:157:num_missing_heavy:Missing atom CE in residue LYS A 245
2024-02-28 14:07:18,151 WARNING:biomolecule.py:157:num_missing_heavy:Missing atom NZ in residue LYS A 245
2024-02-28 14:07:18,152 WARNING:biomolecule.py:157:num_missing_heavy:Missing atom CB in residue THR A 246
2024-02-28 14:07:18,152 WARNING:biomolecule.py:157:num_missing_heavy:Missing atom OG1 in residue THR A 246
2024-02-28 14:07:18,152 WARNING:biomolecule.py:157:num_missing_heavy:Missing atom CG2 in residue THR A 246
2024-02-28 14:07:18,152 WARNING:biomolecule.py:157:num_missing_heavy:Missing atom CB in residue GLU A 247
2024-02-28 14:07:18,152 WARNING:biomolecule.py:157:num_missing_heavy:Missing atom CG in residue GLU A 247
2024-02-28 14:07:18,152 WARNING:biomolecule.py:157:num_missing_heavy:Missing atom CD in residue GLU A 247
2024-02-28 14:07:18,152 WARNING:biomolecule.py:157:num_missing_heavy:Missing atom OE1 in residue GLU A 247
2024-02-28 14:07:18,152 WARNING:biomolecule.py:157:num_missing_heavy:Missing atom OE2 in residue GLU A 247
2024-02-28 14:07:18,152 WARNING:biomolecule.py:157:num_missing_heavy:Missing atom CB in residue THR A 248
2024-02-28 14:07:18,152 WARNING:biomolecule.py:157:num_missing_heavy:Missing atom OG1 in residue THR A 248
2024-02-28 14:07:18,152 WARNING:biomolecule.py:157:num_missing_heavy:Missing atom CG2 in residue THR A 248
2024-02-28 14:07:18,152 WARNING:biomolecule.py:157:num_missing_heavy:Missing atom CB in residue TYR A 249
2024-02-28 14:07:18,152 WARNING:biomolecule.py:157:num_missing_heavy:Missing atom CG in residue TYR A 249
2024-02-28 14:07:18,152 WARNING:biomolecule.py:157:num_missing_heavy:Missing atom CD1 in residue TYR A 249
2024-02-28 14:07:18,152 WARNING:biomolecule.py:157:num_missing_heavy:Missing atom CD2 in residue TYR A 249
2024-02-28 14:07:18,152 WARNING:biomolecule.py:157:num_missing_heavy:Missing atom CE1 in residue TYR A 249
2024-02-28 14:07:18,152 WARNING:biomolecule.py:157:num_missing_heavy:Missing atom CE2 in residue TYR A 249
2024-02-28 14:07:18,152 WARNING:biomolecule.py:157:num_missing_heavy:Missing atom CZ in residue TYR A 249
2024-02-28 14:07:18,152 WARNING:biomolecule.py:157:num_missing_heavy:Missing atom OH in residue TYR A 249
2024-02-28 14:07:18,152 WARNING:biomolecule.py:157:num_missing_heavy:Missing atom CB in residue VAL A 250
2024-02-28 14:07:18,152 WARNING:biomolecule.py:157:num_missing_heavy:Missing atom CG1 in residue VAL A 250
2024-02-28 14:07:18,152 WARNING:biomolecule.py:157:num_missing_heavy:Missing atom CG2 in residue VAL A 250
2024-02-28 14:07:18,152 WARNING:biomolecule.py:157:num_missing_heavy:Missing atom CB in residue GLU A 251
2024-02-28 14:07:18,152 WARNING:biomolecule.py:157:num_missing_heavy:Missing atom CG in residue GLU A 251
2024-02-28 14:07:18,152 WARNING:biomolecule.py:157:num_missing_heavy:Missing atom CD in residue GLU A 251
2024-02-28 14:07:18,152 WARNING:biomolecule.py:157:num_missing_heavy:Missing atom OE1 in residue GLU A 251
2024-02-28 14:07:18,152 WARNING:biomolecule.py:157:num_missing_heavy:Missing atom OE2 in residue GLU A 251
2024-02-28 14:07:18,152 WARNING:biomolecule.py:157:num_missing_heavy:Missing atom CB in residue ALA A 252
2024-02-28 14:07:18,152 WARNING:biomolecule.py:157:num_missing_heavy:Missing atom CB in residue ASN A 253
2024-02-28 14:07:18,152 WARNING:biomolecule.py:157:num_missing_heavy:Missing atom CG in residue ASN A 253
2024-02-28 14:07:18,153 WARNING:biomolecule.py:157:num_missing_heavy:Missing atom OD1 in residue ASN A 253
2024-02-28 14:07:18,153 WARNING:biomolecule.py:157:num_missing_heavy:Missing atom ND2 in residue ASN A 253
2024-02-28 14:07:18,153 WARNING:biomolecule.py:157:num_missing_heavy:Missing atom CB in residue MET A 254
2024-02-28 14:07:18,153 WARNING:biomolecule.py:157:num_missing_heavy:Missing atom CG in residue MET A 254
2024-02-28 14:07:18,153 WARNING:biomolecule.py:157:num_missing_heavy:Missing atom SD in residue MET A 254
2024-02-28 14:07:18,153 WARNING:biomolecule.py:157:num_missing_heavy:Missing atom CE in residue MET A 254
2024-02-28 14:07:18,153 WARNING:biomolecule.py:157:num_missing_heavy:Missing atom CB in residue LEU A 256
2024-02-28 14:07:18,153 WARNING:biomolecule.py:157:num_missing_heavy:Missing atom CG in residue LEU A 256
2024-02-28 14:07:18,153 WARNING:biomolecule.py:157:num_missing_heavy:Missing atom CD1 in residue LEU A 256
2024-02-28 14:07:18,153 WARNING:biomolecule.py:157:num_missing_heavy:Missing atom CD2 in residue LEU A 256
2024-02-28 14:07:18,153 WARNING:biomolecule.py:157:num_missing_heavy:Missing atom CB in residue ASN A 257
2024-02-28 14:07:18,153 WARNING:biomolecule.py:157:num_missing_heavy:Missing atom CG in residue ASN A 257
2024-02-28 14:07:18,153 WARNING:biomolecule.py:157:num_missing_heavy:Missing atom OD1 in residue ASN A 257
2024-02-28 14:07:18,153 WARNING:biomolecule.py:157:num_missing_heavy:Missing atom ND2 in residue ASN A 257
2024-02-28 14:07:18,153 WARNING:biomolecule.py:157:num_missing_heavy:Missing atom CB in residue PRO A 258
2024-02-28 14:07:18,153 WARNING:biomolecule.py:157:num_missing_heavy:Missing atom CG in residue PRO A 258
2024-02-28 14:07:18,153 WARNING:biomolecule.py:157:num_missing_heavy:Missing atom CD in residue PRO A 258
2024-02-28 14:07:18,153 WARNING:biomolecule.py:157:num_missing_heavy:Missing atom CB in residue SER A 259
2024-02-28 14:07:18,153 WARNING:biomolecule.py:157:num_missing_heavy:Missing atom OG in residue SER A 259
2024-02-28 14:07:18,153 WARNING:biomolecule.py:157:num_missing_heavy:Missing atom CB in residue SER A 260
2024-02-28 14:07:18,153 WARNING:biomolecule.py:157:num_missing_heavy:Missing atom OG in residue SER A 260
2024-02-28 14:07:18,153 WARNING:biomolecule.py:157:num_missing_heavy:Missing atom CB in residue PRO A 261
2024-02-28 14:07:18,153 WARNING:biomolecule.py:157:num_missing_heavy:Missing atom CG in residue PRO A 261
2024-02-28 14:07:18,153 WARNING:biomolecule.py:157:num_missing_heavy:Missing atom CD in residue PRO A 261
2024-02-28 14:07:18,153 WARNING:biomolecule.py:157:num_missing_heavy:Missing atom CB in residue ASN A 262
2024-02-28 14:07:18,153 WARNING:biomolecule.py:157:num_missing_heavy:Missing atom CG in residue ASN A 262
2024-02-28 14:07:18,153 WARNING:biomolecule.py:157:num_missing_heavy:Missing atom OD1 in residue ASN A 262
2024-02-28 14:07:18,153 WARNING:biomolecule.py:157:num_missing_heavy:Missing atom ND2 in residue ASN A 262
2024-02-28 14:07:18,153 WARNING:biomolecule.py:157:num_missing_heavy:Missing atom CB in residue ASP A 263
2024-02-28 14:07:18,153 WARNING:biomolecule.py:157:num_missing_heavy:Missing atom CG in residue ASP A 263
2024-02-28 14:07:18,154 WARNING:biomolecule.py:157:num_missing_heavy:Missing atom OD1 in residue ASP A 263
2024-02-28 14:07:18,154 WARNING:biomolecule.py:157:num_missing_heavy:Missing atom OD2 in residue ASP A 263
2024-02-28 14:07:18,154 WARNING:biomolecule.py:157:num_missing_heavy:Missing atom OXT in residue PRO A 458
2024-02-28 14:07:18,154 WARNING:biomolecule.py:157:num_missing_heavy:Missing atom CG in residue LYS B 631
2024-02-28 14:07:18,154 WARNING:biomolecule.py:157:num_missing_heavy:Missing atom CD in residue LYS B 631
2024-02-28 14:07:18,154 WARNING:biomolecule.py:157:num_missing_heavy:Missing atom CE in residue LYS B 631
2024-02-28 14:07:18,154 WARNING:biomolecule.py:157:num_missing_heavy:Missing atom NZ in residue LYS B 631
2024-02-28 14:07:18,155 WARNING:biomolecule.py:157:num_missing_heavy:Missing atom OXT in residue GLU B 639
2024-02-28 14:07:18,155 WARNING:biomolecule.py:157:num_missing_heavy:Missing atom CG in residue PRO D 206
2024-02-28 14:07:18,155 WARNING:biomolecule.py:157:num_missing_heavy:Missing atom CD in residue PRO D 206
2024-02-28 14:07:18,155 WARNING:biomolecule.py:157:num_missing_heavy:Missing atom CG in residue GLN D 271
2024-02-28 14:07:18,155 WARNING:biomolecule.py:157:num_missing_heavy:Missing atom CD in residue GLN D 271
2024-02-28 14:07:18,155 WARNING:biomolecule.py:157:num_missing_heavy:Missing atom OE1 in residue GLN D 271
2024-02-28 14:07:18,155 WARNING:biomolecule.py:157:num_missing_heavy:Missing atom NE2 in residue GLN D 271
2024-02-28 14:07:18,156 WARNING:biomolecule.py:157:num_missing_heavy:Missing atom CG in residue LYS E 688
2024-02-28 14:07:18,156 WARNING:biomolecule.py:157:num_missing_heavy:Missing atom CD in residue LYS E 688
2024-02-28 14:07:18,156 WARNING:biomolecule.py:157:num_missing_heavy:Missing atom CE in residue LYS E 688
2024-02-28 14:07:18,156 WARNING:biomolecule.py:157:num_missing_heavy:Missing atom NZ in residue LYS E 688
2024-02-28 14:07:18,156 WARNING:biomolecule.py:157:num_missing_heavy:Missing atom OXT in residue SER E 700
2024-02-28 14:07:18,156 WARNING:biomolecule.py:157:num_missing_heavy:Missing atom CG in residue ASN A 227
2024-02-28 14:07:18,156 WARNING:biomolecule.py:157:num_missing_heavy:Missing atom OD1 in residue ASN A 227
2024-02-28 14:07:18,156 WARNING:biomolecule.py:157:num_missing_heavy:Missing atom ND2 in residue ASN A 227
2024-02-28 14:07:18,156 WARNING:biomolecule.py:157:num_missing_heavy:Missing atom CB in residue LYS A 245
2024-02-28 14:07:18,156 WARNING:biomolecule.py:157:num_missing_heavy:Missing atom CG in residue LYS A 245
2024-02-28 14:07:18,156 WARNING:biomolecule.py:157:num_missing_heavy:Missing atom CD in residue LYS A 245
2024-02-28 14:07:18,156 WARNING:biomolecule.py:157:num_missing_heavy:Missing atom CE in residue LYS A 245
2024-02-28 14:07:18,156 WARNING:biomolecule.py:157:num_missing_heavy:Missing atom NZ in residue LYS A 245
2024-02-28 14:07:18,156 WARNING:biomolecule.py:157:num_missing_heavy:Missing atom CB in residue THR A 246
2024-02-28 14:07:18,156 WARNING:biomolecule.py:157:num_missing_heavy:Missing atom OG1 in residue THR A 246
2024-02-28 14:07:18,156 WARNING:biomolecule.py:157:num_missing_heavy:Missing atom CG2 in residue THR A 246
2024-02-28 14:07:18,156 WARNING:biomolecule.py:157:num_missing_heavy:Missing atom CB in residue GLU A 247
2024-02-28 14:07:18,156 WARNING:biomolecule.py:157:num_missing_heavy:Missing atom CG in residue GLU A 247
2024-02-28 14:07:18,157 WARNING:biomolecule.py:157:num_missing_heavy:Missing atom CD in residue GLU A 247
2024-02-28 14:07:18,157 WARNING:biomolecule.py:157:num_missing_heavy:Missing atom OE1 in residue GLU A 247
2024-02-28 14:07:18,157 WARNING:biomolecule.py:157:num_missing_heavy:Missing atom OE2 in residue GLU A 247
2024-02-28 14:07:18,157 WARNING:biomolecule.py:157:num_missing_heavy:Missing atom CB in residue THR A 248
2024-02-28 14:07:18,157 WARNING:biomolecule.py:157:num_missing_heavy:Missing atom OG1 in residue THR A 248
2024-02-28 14:07:18,157 WARNING:biomolecule.py:157:num_missing_heavy:Missing atom CG2 in residue THR A 248
2024-02-28 14:07:18,157 WARNING:biomolecule.py:157:num_missing_heavy:Missing atom CB in residue TYR A 249
2024-02-28 14:07:18,157 WARNING:biomolecule.py:157:num_missing_heavy:Missing atom CG in residue TYR A 249
2024-02-28 14:07:18,157 WARNING:biomolecule.py:157:num_missing_heavy:Missing atom CD1 in residue TYR A 249
2024-02-28 14:07:18,157 WARNING:biomolecule.py:157:num_missing_heavy:Missing atom CD2 in residue TYR A 249
2024-02-28 14:07:18,157 WARNING:biomolecule.py:157:num_missing_heavy:Missing atom CE1 in residue TYR A 249
2024-02-28 14:07:18,157 WARNING:biomolecule.py:157:num_missing_heavy:Missing atom CE2 in residue TYR A 249
2024-02-28 14:07:18,157 WARNING:biomolecule.py:157:num_missing_heavy:Missing atom CZ in residue TYR A 249
2024-02-28 14:07:18,157 WARNING:biomolecule.py:157:num_missing_heavy:Missing atom OH in residue TYR A 249
2024-02-28 14:07:18,157 WARNING:biomolecule.py:157:num_missing_heavy:Missing atom CB in residue VAL A 250
2024-02-28 14:07:18,157 WARNING:biomolecule.py:157:num_missing_heavy:Missing atom CG1 in residue VAL A 250
2024-02-28 14:07:18,185 WARNING:biomolecule.py:157:num_missing_heavy:Missing atom CG2 in residue VAL A 250
2024-02-28 14:07:18,185 WARNING:biomolecule.py:157:num_missing_heavy:Missing atom CB in residue GLU A 251
2024-02-28 14:07:18,185 WARNING:biomolecule.py:157:num_missing_heavy:Missing atom CG in residue GLU A 251
2024-02-28 14:07:18,185 WARNING:biomolecule.py:157:num_missing_heavy:Missing atom CD in residue GLU A 251
2024-02-28 14:07:18,185 WARNING:biomolecule.py:157:num_missing_heavy:Missing atom OE1 in residue GLU A 251
2024-02-28 14:07:18,185 WARNING:biomolecule.py:157:num_missing_heavy:Missing atom OE2 in residue GLU A 251
2024-02-28 14:07:18,185 WARNING:biomolecule.py:157:num_missing_heavy:Missing atom CB in residue ALA A 252
2024-02-28 14:07:18,185 WARNING:biomolecule.py:157:num_missing_heavy:Missing atom CB in residue ASN A 253
2024-02-28 14:07:18,185 WARNING:biomolecule.py:157:num_missing_heavy:Missing atom CG in residue ASN A 253
2024-02-28 14:07:18,185 WARNING:biomolecule.py:157:num_missing_heavy:Missing atom OD1 in residue ASN A 253
2024-02-28 14:07:18,186 WARNING:biomolecule.py:157:num_missing_heavy:Missing atom ND2 in residue ASN A 253
2024-02-28 14:07:18,186 WARNING:biomolecule.py:157:num_missing_heavy:Missing atom CB in residue MET A 254
2024-02-28 14:07:18,186 WARNING:biomolecule.py:157:num_missing_heavy:Missing atom CG in residue MET A 254
2024-02-28 14:07:18,186 WARNING:biomolecule.py:157:num_missing_heavy:Missing atom SD in residue MET A 254
2024-02-28 14:07:18,186 WARNING:biomolecule.py:157:num_missing_heavy:Missing atom CE in residue MET A 254
2024-02-28 14:07:18,186 WARNING:biomolecule.py:157:num_missing_heavy:Missing atom CB in residue LEU A 256
2024-02-28 14:07:18,186 WARNING:biomolecule.py:157:num_missing_heavy:Missing atom CG in residue LEU A 256
2024-02-28 14:07:18,186 WARNING:biomolecule.py:157:num_missing_heavy:Missing atom CD1 in residue LEU A 256
2024-02-28 14:07:18,186 WARNING:biomolecule.py:157:num_missing_heavy:Missing atom CD2 in residue LEU A 256
2024-02-28 14:07:18,186 WARNING:biomolecule.py:157:num_missing_heavy:Missing atom CB in residue ASN A 257
2024-02-28 14:07:18,186 WARNING:biomolecule.py:157:num_missing_heavy:Missing atom CG in residue ASN A 257
2024-02-28 14:07:18,186 WARNING:biomolecule.py:157:num_missing_heavy:Missing atom OD1 in residue ASN A 257
2024-02-28 14:07:18,186 WARNING:biomolecule.py:157:num_missing_heavy:Missing atom ND2 in residue ASN A 257
2024-02-28 14:07:18,186 WARNING:biomolecule.py:157:num_missing_heavy:Missing atom CB in residue PRO A 258
2024-02-28 14:07:18,186 WARNING:biomolecule.py:157:num_missing_heavy:Missing atom CG in residue PRO A 258
2024-02-28 14:07:18,186 WARNING:biomolecule.py:157:num_missing_heavy:Missing atom CD in residue PRO A 258
2024-02-28 14:07:18,186 WARNING:biomolecule.py:157:num_missing_heavy:Missing atom CB in residue SER A 259
2024-02-28 14:07:18,186 WARNING:biomolecule.py:157:num_missing_heavy:Missing atom OG in residue SER A 259
2024-02-28 14:07:18,186 WARNING:biomolecule.py:157:num_missing_heavy:Missing atom CB in residue SER A 260
2024-02-28 14:07:18,186 WARNING:biomolecule.py:157:num_missing_heavy:Missing atom OG in residue SER A 260
2024-02-28 14:07:18,186 WARNING:biomolecule.py:157:num_missing_heavy:Missing atom CB in residue PRO A 261
2024-02-28 14:07:18,186 WARNING:biomolecule.py:157:num_missing_heavy:Missing atom CG in residue PRO A 261
2024-02-28 14:07:18,186 WARNING:biomolecule.py:157:num_missing_heavy:Missing atom CD in residue PRO A 261
2024-02-28 14:07:18,186 WARNING:biomolecule.py:157:num_missing_heavy:Missing atom CB in residue ASN A 262
2024-02-28 14:07:18,186 WARNING:biomolecule.py:157:num_missing_heavy:Missing atom CG in residue ASN A 262
2024-02-28 14:07:18,186 WARNING:biomolecule.py:157:num_missing_heavy:Missing atom OD1 in residue ASN A 262
2024-02-28 14:07:18,186 WARNING:biomolecule.py:157:num_missing_heavy:Missing atom ND2 in residue ASN A 262
2024-02-28 14:07:18,186 WARNING:biomolecule.py:157:num_missing_heavy:Missing atom CB in residue ASP A 263
2024-02-28 14:07:18,186 WARNING:biomolecule.py:157:num_missing_heavy:Missing atom CG in residue ASP A 263
2024-02-28 14:07:18,187 WARNING:biomolecule.py:157:num_missing_heavy:Missing atom OD1 in residue ASP A 263
2024-02-28 14:07:18,187 WARNING:biomolecule.py:157:num_missing_heavy:Missing atom OD2 in residue ASP A 263
2024-02-28 14:07:18,187 WARNING:biomolecule.py:157:num_missing_heavy:Missing atom OXT in residue PRO A 458
2024-02-28 14:07:18,187 WARNING:biomolecule.py:157:num_missing_heavy:Missing atom CG in residue LYS B 631
2024-02-28 14:07:18,187 WARNING:biomolecule.py:157:num_missing_heavy:Missing atom CD in residue LYS B 631
2024-02-28 14:07:18,187 WARNING:biomolecule.py:157:num_missing_heavy:Missing atom CE in residue LYS B 631
2024-02-28 14:07:18,187 WARNING:biomolecule.py:157:num_missing_heavy:Missing atom NZ in residue LYS B 631
2024-02-28 14:07:18,188 WARNING:biomolecule.py:157:num_missing_heavy:Missing atom OXT in residue GLU B 639
2024-02-28 14:07:18,188 WARNING:biomolecule.py:157:num_missing_heavy:Missing atom CG in residue PRO D 206
2024-02-28 14:07:18,188 WARNING:biomolecule.py:157:num_missing_heavy:Missing atom CD in residue PRO D 206
2024-02-28 14:07:18,188 WARNING:biomolecule.py:157:num_missing_heavy:Missing atom CG in residue GLN D 271
2024-02-28 14:07:18,188 WARNING:biomolecule.py:157:num_missing_heavy:Missing atom CD in residue GLN D 271
2024-02-28 14:07:18,188 WARNING:biomolecule.py:157:num_missing_heavy:Missing atom OE1 in residue GLN D 271
2024-02-28 14:07:18,188 WARNING:biomolecule.py:157:num_missing_heavy:Missing atom NE2 in residue GLN D 271
2024-02-28 14:07:18,189 WARNING:biomolecule.py:157:num_missing_heavy:Missing atom CG in residue LYS E 688
2024-02-28 14:07:18,189 WARNING:biomolecule.py:157:num_missing_heavy:Missing atom CD in residue LYS E 688
2024-02-28 14:07:18,189 WARNING:biomolecule.py:157:num_missing_heavy:Missing atom CE in residue LYS E 688
2024-02-28 14:07:18,189 WARNING:biomolecule.py:157:num_missing_heavy:Missing atom NZ in residue LYS E 688
2024-02-28 14:07:18,189 WARNING:biomolecule.py:157:num_missing_heavy:Missing atom OXT in residue SER E 700
2024-02-28 14:07:18,189 WARNING:biomolecule.py:157:num_missing_heavy:Missing atom CG in residue ASN A 227
2024-02-28 14:07:18,189 WARNING:biomolecule.py:157:num_missing_heavy:Missing atom OD1 in residue ASN A 227
2024-02-28 14:07:18,589 WARNING:biomolecule.py:157:num_missing_heavy:Missing atom ND2 in residue ASN A 227
2024-02-28 14:07:18,589 WARNING:biomolecule.py:157:num_missing_heavy:Missing atom CB in residue LYS A 245
2024-02-28 14:07:18,589 WARNING:biomolecule.py:157:num_missing_heavy:Missing atom CG in residue LYS A 245
2024-02-28 14:07:18,590 WARNING:biomolecule.py:157:num_missing_heavy:Missing atom CD in residue LYS A 245
2024-02-28 14:07:18,590 WARNING:biomolecule.py:157:num_missing_heavy:Missing atom CE in residue LYS A 245
2024-02-28 14:07:18,590 WARNING:biomolecule.py:157:num_missing_heavy:Missing atom NZ in residue LYS A 245
2024-02-28 14:07:18,590 WARNING:biomolecule.py:157:num_missing_heavy:Missing atom CB in residue THR A 246
2024-02-28 14:07:18,590 WARNING:biomolecule.py:157:num_missing_heavy:Missing atom OG1 in residue THR A 246
2024-02-28 14:07:18,590 WARNING:biomolecule.py:157:num_missing_heavy:Missing atom CG2 in residue THR A 246
2024-02-28 14:07:18,590 WARNING:biomolecule.py:157:num_missing_heavy:Missing atom CB in residue GLU A 247
2024-02-28 14:07:18,590 WARNING:biomolecule.py:157:num_missing_heavy:Missing atom CG in residue GLU A 247
2024-02-28 14:07:18,590 WARNING:biomolecule.py:157:num_missing_heavy:Missing atom CD in residue GLU A 247
2024-02-28 14:07:18,590 WARNING:biomolecule.py:157:num_missing_heavy:Missing atom OE1 in residue GLU A 247
2024-02-28 14:07:18,590 WARNING:biomolecule.py:157:num_missing_heavy:Missing atom OE2 in residue GLU A 247
2024-02-28 14:07:18,590 WARNING:biomolecule.py:157:num_missing_heavy:Missing atom CB in residue THR A 248
2024-02-28 14:07:18,590 WARNING:biomolecule.py:157:num_missing_heavy:Missing atom OG1 in residue THR A 248
2024-02-28 14:07:18,590 WARNING:biomolecule.py:157:num_missing_heavy:Missing atom CG2 in residue THR A 248
2024-02-28 14:07:18,590 WARNING:biomolecule.py:157:num_missing_heavy:Missing atom CB in residue TYR A 249
2024-02-28 14:07:18,590 WARNING:biomolecule.py:157:num_missing_heavy:Missing atom CG in residue TYR A 249
2024-02-28 14:07:18,590 WARNING:biomolecule.py:157:num_missing_heavy:Missing atom CD1 in residue TYR A 249
2024-02-28 14:07:18,590 WARNING:biomolecule.py:157:num_missing_heavy:Missing atom CD2 in residue TYR A 249
2024-02-28 14:07:18,590 WARNING:biomolecule.py:157:num_missing_heavy:Missing atom CE1 in residue TYR A 249
2024-02-28 14:07:18,590 WARNING:biomolecule.py:157:num_missing_heavy:Missing atom CE2 in residue TYR A 249
2024-02-28 14:07:18,590 WARNING:biomolecule.py:157:num_missing_heavy:Missing atom CZ in residue TYR A 249
2024-02-28 14:07:18,590 WARNING:biomolecule.py:157:num_missing_heavy:Missing atom OH in residue TYR A 249
2024-02-28 14:07:18,590 WARNING:biomolecule.py:157:num_missing_heavy:Missing atom CB in residue VAL A 250
2024-02-28 14:07:18,590 WARNING:biomolecule.py:157:num_missing_heavy:Missing atom CG1 in residue VAL A 250
2024-02-28 14:07:18,590 WARNING:biomolecule.py:157:num_missing_heavy:Missing atom CG2 in residue VAL A 250
2024-02-28 14:07:18,590 WARNING:biomolecule.py:157:num_missing_heavy:Missing atom CB in residue GLU A 251
2024-02-28 14:07:18,590 WARNING:biomolecule.py:157:num_missing_heavy:Missing atom CG in residue GLU A 251
2024-02-28 14:07:18,590 WARNING:biomolecule.py:157:num_missing_heavy:Missing atom CD in residue GLU A 251
2024-02-28 14:07:18,590 WARNING:biomolecule.py:157:num_missing_heavy:Missing atom OE1 in residue GLU A 251
2024-02-28 14:07:18,591 WARNING:biomolecule.py:157:num_missing_heavy:Missing atom OE2 in residue GLU A 251
2024-02-28 14:07:18,591 WARNING:biomolecule.py:157:num_missing_heavy:Missing atom CB in residue ALA A 252
2024-02-28 14:07:18,591 WARNING:biomolecule.py:157:num_missing_heavy:Missing atom CB in residue ASN A 253
2024-02-28 14:07:18,591 WARNING:biomolecule.py:157:num_missing_heavy:Missing atom CG in residue ASN A 253
2024-02-28 14:07:18,591 WARNING:biomolecule.py:157:num_missing_heavy:Missing atom OD1 in residue ASN A 253
2024-02-28 14:07:18,591 WARNING:biomolecule.py:157:num_missing_heavy:Missing atom ND2 in residue ASN A 253
2024-02-28 14:07:18,591 WARNING:biomolecule.py:157:num_missing_heavy:Missing atom CB in residue MET A 254
2024-02-28 14:07:18,591 WARNING:biomolecule.py:157:num_missing_heavy:Missing atom CG in residue MET A 254
2024-02-28 14:07:18,591 WARNING:biomolecule.py:157:num_missing_heavy:Missing atom SD in residue MET A 254
2024-02-28 14:07:18,591 WARNING:biomolecule.py:157:num_missing_heavy:Missing atom CE in residue MET A 254
2024-02-28 14:07:18,591 WARNING:biomolecule.py:157:num_missing_heavy:Missing atom CB in residue LEU A 256
2024-02-28 14:07:18,591 WARNING:biomolecule.py:157:num_missing_heavy:Missing atom CG in residue LEU A 256
2024-02-28 14:07:18,591 WARNING:biomolecule.py:157:num_missing_heavy:Missing atom CD1 in residue LEU A 256
2024-02-28 14:07:18,591 WARNING:biomolecule.py:157:num_missing_heavy:Missing atom CD2 in residue LEU A 256
2024-02-28 14:07:18,591 WARNING:biomolecule.py:157:num_missing_heavy:Missing atom CB in residue ASN A 257
2024-02-28 14:07:18,591 WARNING:biomolecule.py:157:num_missing_heavy:Missing atom CG in residue ASN A 257
2024-02-28 14:07:18,591 WARNING:biomolecule.py:157:num_missing_heavy:Missing atom OD1 in residue ASN A 257
2024-02-28 14:07:18,591 WARNING:biomolecule.py:157:num_missing_heavy:Missing atom ND2 in residue ASN A 257
2024-02-28 14:07:18,591 WARNING:biomolecule.py:157:num_missing_heavy:Missing atom CB in residue PRO A 258
2024-02-28 14:07:18,591 WARNING:biomolecule.py:157:num_missing_heavy:Missing atom CG in residue PRO A 258
2024-02-28 14:07:18,591 WARNING:biomolecule.py:157:num_missing_heavy:Missing atom CD in residue PRO A 258
2024-02-28 14:07:18,591 WARNING:biomolecule.py:157:num_missing_heavy:Missing atom CB in residue SER A 259
2024-02-28 14:07:18,591 WARNING:biomolecule.py:157:num_missing_heavy:Missing atom OG in residue SER A 259
2024-02-28 14:07:18,591 WARNING:biomolecule.py:157:num_missing_heavy:Missing atom CB in residue SER A 260
2024-02-28 14:07:18,591 WARNING:biomolecule.py:157:num_missing_heavy:Missing atom OG in residue SER A 260
2024-02-28 14:07:18,591 WARNING:biomolecule.py:157:num_missing_heavy:Missing atom CB in residue PRO A 261
2024-02-28 14:07:18,591 WARNING:biomolecule.py:157:num_missing_heavy:Missing atom CG in residue PRO A 261
2024-02-28 14:07:18,591 WARNING:biomolecule.py:157:num_missing_heavy:Missing atom CD in residue PRO A 261
2024-02-28 14:07:18,591 WARNING:biomolecule.py:157:num_missing_heavy:Missing atom CB in residue ASN A 262
2024-02-28 14:07:18,591 WARNING:biomolecule.py:157:num_missing_heavy:Missing atom CG in residue ASN A 262
2024-02-28 14:07:18,592 WARNING:biomolecule.py:157:num_missing_heavy:Missing atom OD1 in residue ASN A 262
2024-02-28 14:07:18,592 WARNING:biomolecule.py:157:num_missing_heavy:Missing atom ND2 in residue ASN A 262
2024-02-28 14:07:18,592 WARNING:biomolecule.py:157:num_missing_heavy:Missing atom CB in residue ASP A 263
2024-02-28 14:07:18,592 WARNING:biomolecule.py:157:num_missing_heavy:Missing atom CG in residue ASP A 263
2024-02-28 14:07:18,592 WARNING:biomolecule.py:157:num_missing_heavy:Missing atom OD1 in residue ASP A 263
2024-02-28 14:07:18,592 WARNING:biomolecule.py:157:num_missing_heavy:Missing atom OD2 in residue ASP A 263
2024-02-28 14:07:18,593 WARNING:biomolecule.py:157:num_missing_heavy:Missing atom OXT in residue PRO A 458
2024-02-28 14:07:18,593 WARNING:biomolecule.py:157:num_missing_heavy:Missing atom CG in residue LYS B 631
2024-02-28 14:07:18,593 WARNING:biomolecule.py:157:num_missing_heavy:Missing atom CD in residue LYS B 631
2024-02-28 14:07:18,593 WARNING:biomolecule.py:157:num_missing_heavy:Missing atom CE in residue LYS B 631
2024-02-28 14:07:18,593 WARNING:biomolecule.py:157:num_missing_heavy:Missing atom NZ in residue LYS B 631
2024-02-28 14:07:18,593 WARNING:biomolecule.py:157:num_missing_heavy:Missing atom OXT in residue GLU B 639
2024-02-28 14:07:18,593 WARNING:biomolecule.py:157:num_missing_heavy:Missing atom CG in residue PRO D 206
2024-02-28 14:07:18,593 WARNING:biomolecule.py:157:num_missing_heavy:Missing atom CD in residue PRO D 206
2024-02-28 14:07:18,593 WARNING:biomolecule.py:157:num_missing_heavy:Missing atom CG in residue GLN D 271
2024-02-28 14:07:18,593 WARNING:biomolecule.py:157:num_missing_heavy:Missing atom CD in residue GLN D 271
2024-02-28 14:07:18,593 WARNING:biomolecule.py:157:num_missing_heavy:Missing atom OE1 in residue GLN D 271
2024-02-28 14:07:18,593 WARNING:biomolecule.py:157:num_missing_heavy:Missing atom NE2 in residue GLN D 271
2024-02-28 14:07:18,594 WARNING:biomolecule.py:157:num_missing_heavy:Missing atom CG in residue LYS E 688
2024-02-28 14:07:18,979 WARNING:biomolecule.py:157:num_missing_heavy:Missing atom CD in residue LYS E 688
2024-02-28 14:07:19,197 WARNING:biomolecule.py:157:num_missing_heavy:Missing atom CE in residue LYS E 688
2024-02-28 14:07:19,197 WARNING:biomolecule.py:157:num_missing_heavy:Missing atom NZ in residue LYS E 688
2024-02-28 14:07:19,197 WARNING:biomolecule.py:157:num_missing_heavy:Missing atom OXT in residue SER E 700
