2024-02-28 14:07:19,944 WARNING:biomolecule.py:992:create_residue:Unable to find amino or nucleic acid definition for RDC.  Parsing as new residue.
2024-02-28 14:07:19,972 WARNING:biomolecule.py:157:num_missing_heavy:Missing atom OG in residue SER A 25
2024-02-28 14:07:19,973 WARNING:biomolecule.py:157:num_missing_heavy:Missing atom CG in residue LYS A 188
2024-02-28 14:07:19,973 WARNING:biomolecule.py:157:num_missing_heavy:Missing atom CD in residue LYS A 188
2024-02-28 14:07:19,973 WARNING:biomolecule.py:157:num_missing_heavy:Missing atom CE in residue LYS A 188
2024-02-28 14:07:19,973 WARNING:biomolecule.py:157:num_missing_heavy:Missing atom NZ in residue LYS A 188
2024-02-28 14:07:19,974 WARNING:biomolecule.py:157:num_missing_heavy:Missing atom OG in residue SER A 25
2024-02-28 14:07:19,974 WARNING:biomolecule.py:157:num_missing_heavy:Missing atom CG in residue LYS A 188
2024-02-28 14:07:19,974 WARNING:biomolecule.py:157:num_missing_heavy:Missing atom CD in residue LYS A 188
2024-02-28 14:07:19,974 WARNING:biomolecule.py:157:num_missing_heavy:Missing atom CE in residue LYS A 188
2024-02-28 14:07:19,974 WARNING:biomolecule.py:157:num_missing_heavy:Missing atom NZ in residue LYS A 188
2024-02-28 14:07:19,974 WARNING:biomolecule.py:157:num_missing_heavy:Missing atom OG in residue SER A 25
2024-02-28 14:07:19,975 WARNING:biomolecule.py:157:num_missing_heavy:Missing atom CG in residue LYS A 188
2024-02-28 14:07:19,975 WARNING:biomolecule.py:157:num_missing_heavy:Missing atom CD in residue LYS A 188
2024-02-28 14:07:19,975 WARNING:biomolecule.py:157:num_missing_heavy:Missing atom CE in residue LYS A 188
2024-02-28 14:07:19,975 WARNING:biomolecule.py:157:num_missing_heavy:Missing atom NZ in residue LYS A 188
2024-02-28 14:07:21,806 WARNING:main.py:311:print_pqr:Ignoring 1594 header lines in output.
2024-02-28 14:07:21,807 WARNING:main.py:315:print_pqr:Ignoring 25 missing lines in output.
2024-03-26 17:42:27,746 WARNING:biomolecule.py:992:create_residue:Unable to find amino or nucleic acid definition for RDC.  Parsing as new residue.
2024-03-26 17:42:27,817 WARNING:biomolecule.py:157:num_missing_heavy:Missing atom OG in residue SER A 25
2024-03-26 17:42:27,817 WARNING:biomolecule.py:157:num_missing_heavy:Missing atom CG in residue LYS A 188
2024-03-26 17:42:27,817 WARNING:biomolecule.py:157:num_missing_heavy:Missing atom CD in residue LYS A 188
2024-03-26 17:42:27,818 WARNING:biomolecule.py:157:num_missing_heavy:Missing atom CE in residue LYS A 188
2024-03-26 17:42:27,818 WARNING:biomolecule.py:157:num_missing_heavy:Missing atom NZ in residue LYS A 188
2024-03-26 17:42:27,818 WARNING:biomolecule.py:157:num_missing_heavy:Missing atom OG in residue SER A 25
2024-03-26 17:42:27,818 WARNING:biomolecule.py:157:num_missing_heavy:Missing atom CG in residue LYS A 188
2024-03-26 17:42:27,821 WARNING:biomolecule.py:157:num_missing_heavy:Missing atom CD in residue LYS A 188
2024-03-26 17:42:27,821 WARNING:biomolecule.py:157:num_missing_heavy:Missing atom CE in residue LYS A 188
2024-03-26 17:42:27,821 WARNING:biomolecule.py:157:num_missing_heavy:Missing atom NZ in residue LYS A 188
2024-03-26 17:42:27,821 WARNING:biomolecule.py:157:num_missing_heavy:Missing atom OG in residue SER A 25
2024-03-26 17:42:27,822 WARNING:biomolecule.py:157:num_missing_heavy:Missing atom CG in residue LYS A 188
2024-03-26 17:42:27,822 WARNING:biomolecule.py:157:num_missing_heavy:Missing atom CD in residue LYS A 188
2024-03-26 17:42:27,822 WARNING:biomolecule.py:157:num_missing_heavy:Missing atom CE in residue LYS A 188
2024-03-26 17:42:27,822 WARNING:biomolecule.py:157:num_missing_heavy:Missing atom NZ in residue LYS A 188
