2024-02-28 14:07:15,735 WARNING:biomolecule.py:992:create_residue:Unable to find amino or nucleic acid definition for K.  Parsing as new residue.
2024-02-28 14:07:15,735 WARNING:biomolecule.py:992:create_residue:Unable to find amino or nucleic acid definition for MN.  Parsing as new residue.
2024-02-28 14:07:15,735 WARNING:biomolecule.py:992:create_residue:Unable to find amino or nucleic acid definition for CL.  Parsing as new residue.
2024-02-28 14:07:15,736 WARNING:biomolecule.py:992:create_residue:Unable to find amino or nucleic acid definition for CL.  Parsing as new residue.
2024-02-28 14:07:15,736 WARNING:biomolecule.py:992:create_residue:Unable to find amino or nucleic acid definition for CL.  Parsing as new residue.
2024-02-28 14:07:15,736 WARNING:biomolecule.py:992:create_residue:Unable to find amino or nucleic acid definition for CL.  Parsing as new residue.
2024-02-28 14:07:15,736 WARNING:biomolecule.py:992:create_residue:Unable to find amino or nucleic acid definition for CL.  Parsing as new residue.
2024-02-28 14:07:15,736 WARNING:biomolecule.py:992:create_residue:Unable to find amino or nucleic acid definition for TPP.  Parsing as new residue.
2024-02-28 14:07:15,736 WARNING:biomolecule.py:992:create_residue:Unable to find amino or nucleic acid definition for BEN.  Parsing as new residue.
2024-02-28 14:07:15,736 WARNING:io.py:40:filter:Suppressing further "Unable to find amino or nucleic acid definition for" messages
2024-02-28 14:07:15,737 WARNING:main.py:418:setup_molecule:Multiple occupancies found: N in VAL A 97.
2024-02-28 14:07:15,737 WARNING:main.py:418:setup_molecule:Multiple occupancies found: CA in VAL A 97.
2024-02-28 14:07:15,737 WARNING:main.py:418:setup_molecule:Multiple occupancies found: C in VAL A 97.
2024-02-28 14:07:15,737 WARNING:main.py:418:setup_molecule:Multiple occupancies found: O in VAL A 97.
2024-02-28 14:07:15,737 WARNING:main.py:418:setup_molecule:Multiple occupancies found: CB in VAL A 97.
2024-02-28 14:07:15,738 WARNING:main.py:418:setup_molecule:Multiple occupancies found: CG1 in VAL A 97.
2024-02-28 14:07:15,738 WARNING:main.py:418:setup_molecule:Multiple occupancies found: CG2 in VAL A 97.
2024-02-28 14:07:15,738 WARNING:main.py:424:setup_molecule:Multiple occupancies found in VAL A 97. At least one of the instances is being ignored.
2024-02-28 14:07:15,738 WARNING:main.py:418:setup_molecule:Multiple occupancies found: N in MET A 146.
2024-02-28 14:07:15,738 WARNING:main.py:418:setup_molecule:Multiple occupancies found: CA in MET A 146.
2024-02-28 14:07:15,738 WARNING:main.py:418:setup_molecule:Multiple occupancies found: C in MET A 146.
2024-02-28 14:07:15,739 WARNING:main.py:418:setup_molecule:Multiple occupancies found: O in MET A 146.
2024-02-28 14:07:15,739 WARNING:main.py:418:setup_molecule:Multiple occupancies found: CB in MET A 146.
2024-02-28 14:07:15,739 WARNING:main.py:418:setup_molecule:Multiple occupancies found: CG in MET A 146.
2024-02-28 14:07:15,739 WARNING:main.py:418:setup_molecule:Multiple occupancies found: SD in MET A 146.
2024-02-28 14:07:15,739 WARNING:main.py:418:setup_molecule:Multiple occupancies found: CE in MET A 146.
2024-02-28 14:07:15,739 WARNING:main.py:424:setup_molecule:Multiple occupancies found in MET A 146. At least one of the instances is being ignored.
2024-02-28 14:07:15,739 WARNING:main.py:418:setup_molecule:Multiple occupancies found: N in HIS A 149.
2024-02-28 14:07:15,739 WARNING:main.py:418:setup_molecule:Multiple occupancies found: CA in HIS A 149.
2024-02-28 14:07:15,740 WARNING:main.py:418:setup_molecule:Multiple occupancies found: C in HIS A 149.
2024-02-28 14:07:15,740 WARNING:main.py:418:setup_molecule:Multiple occupancies found: O in HIS A 149.
2024-02-28 14:07:15,740 WARNING:main.py:418:setup_molecule:Multiple occupancies found: CB in HIS A 149.
2024-02-28 14:07:15,740 WARNING:main.py:418:setup_molecule:Multiple occupancies found: CG in HIS A 149.
2024-02-28 14:07:15,740 WARNING:main.py:418:setup_molecule:Multiple occupancies found: ND1 in HIS A 149.
2024-02-28 14:07:15,740 WARNING:main.py:418:setup_molecule:Multiple occupancies found: CD2 in HIS A 149.
2024-02-28 14:07:15,741 WARNING:main.py:418:setup_molecule:Multiple occupancies found: CE1 in HIS A 149.
2024-02-28 14:07:15,741 WARNING:main.py:418:setup_molecule:Multiple occupancies found: NE2 in HIS A 149.
2024-02-28 14:07:15,741 WARNING:main.py:424:setup_molecule:Multiple occupancies found in HIS A 149. At least one of the instances is being ignored.
2024-02-28 14:07:15,741 WARNING:main.py:418:setup_molecule:Multiple occupancies found: N in VAL A 186.
2024-02-28 14:07:15,741 WARNING:main.py:418:setup_molecule:Multiple occupancies found: CA in VAL A 186.
2024-02-28 14:07:15,741 WARNING:main.py:418:setup_molecule:Multiple occupancies found: C in VAL A 186.
2024-02-28 14:07:15,741 WARNING:main.py:418:setup_molecule:Multiple occupancies found: O in VAL A 186.
2024-02-28 14:07:15,741 WARNING:main.py:418:setup_molecule:Multiple occupancies found: CB in VAL A 186.
2024-02-28 14:07:15,742 WARNING:main.py:418:setup_molecule:Multiple occupancies found: CG1 in VAL A 186.
2024-02-28 14:07:15,742 WARNING:main.py:418:setup_molecule:Multiple occupancies found: CG2 in VAL A 186.
2024-02-28 14:07:15,742 WARNING:main.py:424:setup_molecule:Multiple occupancies found in VAL A 186. At least one of the instances is being ignored.
2024-02-28 14:07:15,742 WARNING:main.py:418:setup_molecule:Multiple occupancies found: N in VAL A 258.
2024-02-28 14:07:15,742 WARNING:main.py:418:setup_molecule:Multiple occupancies found: CA in VAL A 258.
2024-02-28 14:07:15,742 WARNING:main.py:418:setup_molecule:Multiple occupancies found: C in VAL A 258.
2024-02-28 14:07:15,743 WARNING:main.py:418:setup_molecule:Multiple occupancies found: O in VAL A 258.
2024-02-28 14:07:15,743 WARNING:main.py:418:setup_molecule:Multiple occupancies found: CB in VAL A 258.
2024-02-28 14:07:15,743 WARNING:main.py:418:setup_molecule:Multiple occupancies found: CG1 in VAL A 258.
2024-02-28 14:07:15,743 WARNING:main.py:418:setup_molecule:Multiple occupancies found: CG2 in VAL A 258.
2024-02-28 14:07:15,743 WARNING:main.py:424:setup_molecule:Multiple occupancies found in VAL A 258. At least one of the instances is being ignored.
2024-02-28 14:07:15,743 WARNING:main.py:418:setup_molecule:Multiple occupancies found: N in VAL A 273.
2024-02-28 14:07:15,743 WARNING:main.py:418:setup_molecule:Multiple occupancies found: CA in VAL A 273.
2024-02-28 14:07:15,743 WARNING:main.py:418:setup_molecule:Multiple occupancies found: C in VAL A 273.
2024-02-28 14:07:15,744 WARNING:main.py:418:setup_molecule:Multiple occupancies found: O in VAL A 273.
2024-02-28 14:07:15,744 WARNING:main.py:418:setup_molecule:Multiple occupancies found: CB in VAL A 273.
2024-02-28 14:07:15,744 WARNING:main.py:418:setup_molecule:Multiple occupancies found: CG1 in VAL A 273.
2024-02-28 14:07:15,744 WARNING:main.py:418:setup_molecule:Multiple occupancies found: CG2 in VAL A 273.
2024-02-28 14:07:15,744 WARNING:main.py:424:setup_molecule:Multiple occupancies found in VAL A 273. At least one of the instances is being ignored.
2024-02-28 14:07:15,744 WARNING:main.py:418:setup_molecule:Multiple occupancies found: N in SER A 381.
2024-02-28 14:07:15,744 WARNING:main.py:418:setup_molecule:Multiple occupancies found: CA in SER A 381.
2024-02-28 14:07:15,744 WARNING:main.py:418:setup_molecule:Multiple occupancies found: C in SER A 381.
2024-02-28 14:07:15,744 WARNING:main.py:418:setup_molecule:Multiple occupancies found: O in SER A 381.
2024-02-28 14:07:15,744 WARNING:main.py:418:setup_molecule:Multiple occupancies found: CB in SER A 381.
2024-02-28 14:07:15,744 WARNING:main.py:418:setup_molecule:Multiple occupancies found: OG in SER A 381.
2024-02-28 14:07:15,744 WARNING:main.py:424:setup_molecule:Multiple occupancies found in SER A 381. At least one of the instances is being ignored.
2024-02-28 14:07:15,744 WARNING:main.py:418:setup_molecule:Multiple occupancies found: N in ASP B 67.
2024-02-28 14:07:15,744 WARNING:main.py:418:setup_molecule:Multiple occupancies found: CA in ASP B 67.
2024-02-28 14:07:15,744 WARNING:main.py:418:setup_molecule:Multiple occupancies found: C in ASP B 67.
2024-02-28 14:07:15,744 WARNING:main.py:418:setup_molecule:Multiple occupancies found: O in ASP B 67.
2024-02-28 14:07:15,744 WARNING:main.py:418:setup_molecule:Multiple occupancies found: CB in ASP B 67.
2024-02-28 14:07:15,744 WARNING:main.py:418:setup_molecule:Multiple occupancies found: CG in ASP B 67.
2024-02-28 14:07:15,745 WARNING:main.py:418:setup_molecule:Multiple occupancies found: OD1 in ASP B 67.
2024-02-28 14:07:15,745 WARNING:main.py:418:setup_molecule:Multiple occupancies found: OD2 in ASP B 67.
2024-02-28 14:07:15,745 WARNING:main.py:424:setup_molecule:Multiple occupancies found in ASP B 67. At least one of the instances is being ignored.
2024-02-28 14:07:15,745 WARNING:main.py:418:setup_molecule:Multiple occupancies found: N in SER B 149.
2024-02-28 14:07:15,746 WARNING:main.py:418:setup_molecule:Multiple occupancies found: CA in SER B 149.
2024-02-28 14:07:15,746 WARNING:main.py:418:setup_molecule:Multiple occupancies found: C in SER B 149.
2024-02-28 14:07:15,746 WARNING:main.py:418:setup_molecule:Multiple occupancies found: O in SER B 149.
2024-02-28 14:07:15,746 WARNING:main.py:418:setup_molecule:Multiple occupancies found: CB in SER B 149.
2024-02-28 14:07:15,746 WARNING:main.py:418:setup_molecule:Multiple occupancies found: OG in SER B 149.
2024-02-28 14:07:15,746 WARNING:main.py:424:setup_molecule:Multiple occupancies found in SER B 149. At least one of the instances is being ignored.
2024-02-28 14:07:15,757 WARNING:biomolecule.py:615:update_bonds:Gap in backbone detected between ILE A 288 and ASP A 313!
2024-02-28 14:07:15,758 WARNING:biomolecule.py:615:update_bonds:Gap in backbone detected between PRO B 8 and GLU B 14!
2024-02-28 14:07:17,541 WARNING:main.py:311:print_pqr:Ignoring 2776 header lines in output.
2024-02-28 14:07:17,767 WARNING:main.py:315:print_pqr:Ignoring 61 missing lines in output.
