2024-02-28 14:07:17,154 WARNING:biomolecule.py:992:create_residue:Unable to find amino or nucleic acid definition for IUM.  Parsing as new residue.
2024-02-28 14:07:17,154 WARNING:biomolecule.py:992:create_residue:Unable to find amino or nucleic acid definition for IUM.  Parsing as new residue.
2024-02-28 14:07:17,154 WARNING:biomolecule.py:992:create_residue:Unable to find amino or nucleic acid definition for IUM.  Parsing as new residue.
2024-02-28 14:07:17,154 WARNING:biomolecule.py:992:create_residue:Unable to find amino or nucleic acid definition for IUM.  Parsing as new residue.
2024-02-28 14:07:17,154 WARNING:biomolecule.py:992:create_residue:Unable to find amino or nucleic acid definition for IUM.  Parsing as new residue.
2024-02-28 14:07:17,154 WARNING:biomolecule.py:992:create_residue:Unable to find amino or nucleic acid definition for IUM.  Parsing as new residue.
2024-02-28 14:07:17,154 WARNING:biomolecule.py:992:create_residue:Unable to find amino or nucleic acid definition for IUM.  Parsing as new residue.
2024-02-28 14:07:17,154 WARNING:biomolecule.py:992:create_residue:Unable to find amino or nucleic acid definition for IUM.  Parsing as new residue.
2024-02-28 14:07:17,155 WARNING:biomolecule.py:992:create_residue:Unable to find amino or nucleic acid definition for ACT.  Parsing as new residue.
2024-02-28 14:07:17,155 WARNING:io.py:40:filter:Suppressing further "Unable to find amino or nucleic acid definition for" messages
2024-02-28 14:07:17,155 WARNING:main.py:418:setup_molecule:Multiple occupancies found: OG in SER A 21.
2024-02-28 14:07:17,155 WARNING:main.py:424:setup_molecule:Multiple occupancies found in SER A 21. At least one of the instances is being ignored.
2024-02-28 14:07:17,155 WARNING:main.py:418:setup_molecule:Multiple occupancies found: CB in VAL A 52.
2024-02-28 14:07:17,155 WARNING:main.py:418:setup_molecule:Multiple occupancies found: CG1 in VAL A 52.
2024-02-28 14:07:17,155 WARNING:main.py:418:setup_molecule:Multiple occupancies found: CG2 in VAL A 52.
2024-02-28 14:07:17,155 WARNING:main.py:424:setup_molecule:Multiple occupancies found in VAL A 52. At least one of the instances is being ignored.
2024-02-28 14:07:17,155 WARNING:main.py:418:setup_molecule:Multiple occupancies found: OG in SER A 57.
2024-02-28 14:07:17,155 WARNING:main.py:424:setup_molecule:Multiple occupancies found in SER A 57. At least one of the instances is being ignored.
2024-02-28 14:07:17,156 WARNING:main.py:418:setup_molecule:Multiple occupancies found: CB in VAL A 160.
2024-02-28 14:07:17,156 WARNING:main.py:418:setup_molecule:Multiple occupancies found: CG1 in VAL A 160.
2024-02-28 14:07:17,156 WARNING:main.py:418:setup_molecule:Multiple occupancies found: CG2 in VAL A 160.
2024-02-28 14:07:17,156 WARNING:main.py:424:setup_molecule:Multiple occupancies found in VAL A 160. At least one of the instances is being ignored.
2024-02-28 14:07:17,156 WARNING:main.py:418:setup_molecule:Multiple occupancies found: CB in LEU A 363.
2024-02-28 14:07:17,156 WARNING:main.py:418:setup_molecule:Multiple occupancies found: CG in LEU A 363.
2024-02-28 14:07:17,156 WARNING:main.py:418:setup_molecule:Multiple occupancies found: CD1 in LEU A 363.
2024-02-28 14:07:17,156 WARNING:main.py:418:setup_molecule:Multiple occupancies found: CD2 in LEU A 363.
2024-02-28 14:07:17,156 WARNING:main.py:424:setup_molecule:Multiple occupancies found in LEU A 363. At least one of the instances is being ignored.
2024-02-28 14:07:17,156 WARNING:main.py:418:setup_molecule:Multiple occupancies found: CB in VAL A 388.
2024-02-28 14:07:17,156 WARNING:main.py:418:setup_molecule:Multiple occupancies found: CG1 in VAL A 388.
2024-02-28 14:07:17,156 WARNING:main.py:418:setup_molecule:Multiple occupancies found: CG2 in VAL A 388.
2024-02-28 14:07:17,156 WARNING:main.py:424:setup_molecule:Multiple occupancies found in VAL A 388. At least one of the instances is being ignored.
2024-02-28 14:07:17,156 WARNING:main.py:418:setup_molecule:Multiple occupancies found: CB in SER A 432.
2024-02-28 14:07:17,156 WARNING:main.py:418:setup_molecule:Multiple occupancies found: OG in SER A 432.
2024-02-28 14:07:17,156 WARNING:main.py:424:setup_molecule:Multiple occupancies found in SER A 432. At least one of the instances is being ignored.
2024-02-28 14:07:17,156 WARNING:main.py:418:setup_molecule:Multiple occupancies found: CB in ILE A 507.
2024-02-28 14:07:17,156 WARNING:main.py:418:setup_molecule:Multiple occupancies found: CG1 in ILE A 507.
2024-02-28 14:07:17,156 WARNING:main.py:418:setup_molecule:Multiple occupancies found: CG2 in ILE A 507.
2024-02-28 14:07:17,156 WARNING:main.py:418:setup_molecule:Multiple occupancies found: CD1 in ILE A 507.
2024-02-28 14:07:17,156 WARNING:main.py:424:setup_molecule:Multiple occupancies found in ILE A 507. At least one of the instances is being ignored.
2024-02-28 14:07:21,319 WARNING:main.py:311:print_pqr:Ignoring 2137 header lines in output.
2024-02-28 14:07:21,320 WARNING:main.py:315:print_pqr:Ignoring 42 missing lines in output.
