2024-02-28 14:07:24,300 WARNING:biomolecule.py:157:num_missing_heavy:Missing atom CG in residue GLN A 4
2024-02-28 14:07:24,301 WARNING:biomolecule.py:157:num_missing_heavy:Missing atom CD in residue GLN A 4
2024-02-28 14:07:24,301 WARNING:biomolecule.py:157:num_missing_heavy:Missing atom OE1 in residue GLN A 4
2024-02-28 14:07:24,301 WARNING:biomolecule.py:157:num_missing_heavy:Missing atom NE2 in residue GLN A 4
2024-02-28 14:07:24,301 WARNING:biomolecule.py:157:num_missing_heavy:Missing atom CG in residue LYS A 110
2024-02-28 14:07:24,301 WARNING:biomolecule.py:157:num_missing_heavy:Missing atom CD in residue LYS A 110
2024-02-28 14:07:24,301 WARNING:biomolecule.py:157:num_missing_heavy:Missing atom CE in residue LYS A 110
2024-02-28 14:07:24,301 WARNING:biomolecule.py:157:num_missing_heavy:Missing atom NZ in residue LYS A 110
2024-02-28 14:07:24,301 WARNING:biomolecule.py:157:num_missing_heavy:Missing atom CG in residue LYS A 188
2024-02-28 14:07:24,302 WARNING:biomolecule.py:157:num_missing_heavy:Missing atom CD in residue LYS A 188
2024-02-28 14:07:24,302 WARNING:biomolecule.py:157:num_missing_heavy:Missing atom CE in residue LYS A 188
2024-02-28 14:07:24,302 WARNING:biomolecule.py:157:num_missing_heavy:Missing atom NZ in residue LYS A 188
2024-02-28 14:07:24,302 WARNING:biomolecule.py:157:num_missing_heavy:Missing atom CG in residue LYS A 189
2024-02-28 14:07:24,302 WARNING:biomolecule.py:157:num_missing_heavy:Missing atom CD in residue LYS A 189
2024-02-28 14:07:24,302 WARNING:biomolecule.py:157:num_missing_heavy:Missing atom CE in residue LYS A 189
2024-02-28 14:07:24,303 WARNING:biomolecule.py:157:num_missing_heavy:Missing atom NZ in residue LYS A 189
2024-02-28 14:07:24,303 WARNING:biomolecule.py:157:num_missing_heavy:Missing atom CG in residue LYS A 228
2024-02-28 14:07:24,303 WARNING:biomolecule.py:157:num_missing_heavy:Missing atom CD in residue LYS A 228
2024-02-28 14:07:24,303 WARNING:biomolecule.py:157:num_missing_heavy:Missing atom CE in residue LYS A 228
2024-02-28 14:07:24,303 WARNING:biomolecule.py:157:num_missing_heavy:Missing atom NZ in residue LYS A 228
2024-02-28 14:07:24,303 WARNING:biomolecule.py:157:num_missing_heavy:Missing atom CG in residue GLN A 4
2024-02-28 14:07:24,303 WARNING:biomolecule.py:157:num_missing_heavy:Missing atom CD in residue GLN A 4
2024-02-28 14:07:24,303 WARNING:biomolecule.py:157:num_missing_heavy:Missing atom OE1 in residue GLN A 4
2024-02-28 14:07:24,303 WARNING:biomolecule.py:157:num_missing_heavy:Missing atom NE2 in residue GLN A 4
2024-02-28 14:07:24,304 WARNING:biomolecule.py:157:num_missing_heavy:Missing atom CG in residue LYS A 110
2024-02-28 14:07:24,304 WARNING:biomolecule.py:157:num_missing_heavy:Missing atom CD in residue LYS A 110
2024-02-28 14:07:24,304 WARNING:biomolecule.py:157:num_missing_heavy:Missing atom CE in residue LYS A 110
2024-02-28 14:07:24,304 WARNING:biomolecule.py:157:num_missing_heavy:Missing atom NZ in residue LYS A 110
2024-02-28 14:07:24,304 WARNING:biomolecule.py:157:num_missing_heavy:Missing atom CG in residue LYS A 188
2024-02-28 14:07:24,304 WARNING:biomolecule.py:157:num_missing_heavy:Missing atom CD in residue LYS A 188
2024-02-28 14:07:24,304 WARNING:biomolecule.py:157:num_missing_heavy:Missing atom CE in residue LYS A 188
2024-02-28 14:07:24,304 WARNING:biomolecule.py:157:num_missing_heavy:Missing atom NZ in residue LYS A 188
2024-02-28 14:07:24,304 WARNING:biomolecule.py:157:num_missing_heavy:Missing atom CG in residue LYS A 189
2024-02-28 14:07:24,304 WARNING:biomolecule.py:157:num_missing_heavy:Missing atom CD in residue LYS A 189
2024-02-28 14:07:24,305 WARNING:biomolecule.py:157:num_missing_heavy:Missing atom CE in residue LYS A 189
2024-02-28 14:07:24,305 WARNING:biomolecule.py:157:num_missing_heavy:Missing atom NZ in residue LYS A 189
2024-02-28 14:07:24,305 WARNING:biomolecule.py:157:num_missing_heavy:Missing atom CG in residue LYS A 228
2024-02-28 14:07:24,305 WARNING:biomolecule.py:157:num_missing_heavy:Missing atom CD in residue LYS A 228
2024-02-28 14:07:24,305 WARNING:biomolecule.py:157:num_missing_heavy:Missing atom CE in residue LYS A 228
2024-02-28 14:07:24,305 WARNING:biomolecule.py:157:num_missing_heavy:Missing atom NZ in residue LYS A 228
2024-02-28 14:07:24,306 WARNING:biomolecule.py:157:num_missing_heavy:Missing atom CG in residue GLN A 4
2024-02-28 14:07:24,306 WARNING:biomolecule.py:157:num_missing_heavy:Missing atom CD in residue GLN A 4
2024-02-28 14:07:24,306 WARNING:biomolecule.py:157:num_missing_heavy:Missing atom OE1 in residue GLN A 4
2024-02-28 14:07:24,306 WARNING:biomolecule.py:157:num_missing_heavy:Missing atom NE2 in residue GLN A 4
2024-02-28 14:07:24,306 WARNING:biomolecule.py:157:num_missing_heavy:Missing atom CG in residue LYS A 110
2024-02-28 14:07:24,307 WARNING:biomolecule.py:157:num_missing_heavy:Missing atom CD in residue LYS A 110
2024-02-28 14:07:24,307 WARNING:biomolecule.py:157:num_missing_heavy:Missing atom CE in residue LYS A 110
2024-02-28 14:07:24,307 WARNING:biomolecule.py:157:num_missing_heavy:Missing atom NZ in residue LYS A 110
2024-02-28 14:07:24,307 WARNING:biomolecule.py:157:num_missing_heavy:Missing atom CG in residue LYS A 188
2024-02-28 14:07:24,307 WARNING:biomolecule.py:157:num_missing_heavy:Missing atom CD in residue LYS A 188
2024-02-28 14:07:24,307 WARNING:biomolecule.py:157:num_missing_heavy:Missing atom CE in residue LYS A 188
2024-02-28 14:07:24,307 WARNING:biomolecule.py:157:num_missing_heavy:Missing atom NZ in residue LYS A 188
2024-02-28 14:07:24,308 WARNING:biomolecule.py:157:num_missing_heavy:Missing atom CG in residue LYS A 189
2024-02-28 14:07:24,308 WARNING:biomolecule.py:157:num_missing_heavy:Missing atom CD in residue LYS A 189
2024-02-28 14:07:24,308 WARNING:biomolecule.py:157:num_missing_heavy:Missing atom CE in residue LYS A 189
2024-02-28 14:07:24,308 WARNING:biomolecule.py:157:num_missing_heavy:Missing atom NZ in residue LYS A 189
2024-02-28 14:07:24,308 WARNING:biomolecule.py:157:num_missing_heavy:Missing atom CG in residue LYS A 228
2024-02-28 14:07:24,309 WARNING:biomolecule.py:157:num_missing_heavy:Missing atom CD in residue LYS A 228
2024-02-28 14:07:24,309 WARNING:biomolecule.py:157:num_missing_heavy:Missing atom CE in residue LYS A 228
2024-02-28 14:07:24,309 WARNING:biomolecule.py:157:num_missing_heavy:Missing atom NZ in residue LYS A 228
2024-02-28 14:07:24,902 WARNING:main.py:311:print_pqr:Ignoring 793 header lines in output.
2024-02-28 14:07:24,902 WARNING:main.py:315:print_pqr:Ignoring 1 missing lines in output.
