2024-02-28 14:07:05,062 WARNING:biomolecule.py:992:create_residue:Unable to find amino or nucleic acid definition for ACT.  Parsing as new residue.
2024-02-28 14:07:05,063 WARNING:biomolecule.py:992:create_residue:Unable to find amino or nucleic acid definition for PGI.  Parsing as new residue.
2024-02-28 14:07:05,063 WARNING:biomolecule.py:992:create_residue:Unable to find amino or nucleic acid definition for CA.  Parsing as new residue.
2024-02-28 14:07:05,064 WARNING:biomolecule.py:992:create_residue:Unable to find amino or nucleic acid definition for PGI.  Parsing as new residue.
2024-02-28 14:07:05,065 WARNING:main.py:418:setup_molecule:Multiple occupancies found: CA in ARG A 92.
2024-02-28 14:07:05,065 WARNING:main.py:418:setup_molecule:Multiple occupancies found: CB in ARG A 92.
2024-02-28 14:07:05,065 WARNING:main.py:418:setup_molecule:Multiple occupancies found: CG in ARG A 92.
2024-02-28 14:07:05,065 WARNING:main.py:418:setup_molecule:Multiple occupancies found: CD in ARG A 92.
2024-02-28 14:07:05,065 WARNING:main.py:418:setup_molecule:Multiple occupancies found: NE in ARG A 92.
2024-02-28 14:07:05,065 WARNING:main.py:418:setup_molecule:Multiple occupancies found: CZ in ARG A 92.
2024-02-28 14:07:05,065 WARNING:main.py:418:setup_molecule:Multiple occupancies found: NH1 in ARG A 92.
2024-02-28 14:07:05,066 WARNING:main.py:418:setup_molecule:Multiple occupancies found: NH2 in ARG A 92.
2024-02-28 14:07:05,066 WARNING:main.py:424:setup_molecule:Multiple occupancies found in ARG A 92. At least one of the instances is being ignored.
2024-02-28 14:07:05,066 WARNING:main.py:418:setup_molecule:Multiple occupancies found: CA in LYS A 131.
2024-02-28 14:07:05,066 WARNING:main.py:418:setup_molecule:Multiple occupancies found: CB in LYS A 131.
2024-02-28 14:07:05,067 WARNING:main.py:418:setup_molecule:Multiple occupancies found: CG in LYS A 131.
2024-02-28 14:07:05,067 WARNING:main.py:418:setup_molecule:Multiple occupancies found: CD in LYS A 131.
2024-02-28 14:07:05,067 WARNING:main.py:418:setup_molecule:Multiple occupancies found: CE in LYS A 131.
2024-02-28 14:07:05,067 WARNING:main.py:418:setup_molecule:Multiple occupancies found: NZ in LYS A 131.
2024-02-28 14:07:05,067 WARNING:main.py:424:setup_molecule:Multiple occupancies found in LYS A 131. At least one of the instances is being ignored.
2024-02-28 14:07:05,067 WARNING:main.py:418:setup_molecule:Multiple occupancies found: CA in ARG A 148.
2024-02-28 14:07:05,068 WARNING:main.py:418:setup_molecule:Multiple occupancies found: CB in ARG A 148.
2024-02-28 14:07:05,068 WARNING:main.py:418:setup_molecule:Multiple occupancies found: CG in ARG A 148.
2024-02-28 14:07:05,068 WARNING:main.py:418:setup_molecule:Multiple occupancies found: CD in ARG A 148.
2024-02-28 14:07:05,068 WARNING:main.py:418:setup_molecule:Multiple occupancies found: NE in ARG A 148.
2024-02-28 14:07:05,068 WARNING:main.py:418:setup_molecule:Multiple occupancies found: CZ in ARG A 148.
2024-02-28 14:07:05,068 WARNING:main.py:418:setup_molecule:Multiple occupancies found: NH1 in ARG A 148.
2024-02-28 14:07:05,068 WARNING:main.py:418:setup_molecule:Multiple occupancies found: NH2 in ARG A 148.
2024-02-28 14:07:05,068 WARNING:main.py:424:setup_molecule:Multiple occupancies found in ARG A 148. At least one of the instances is being ignored.
2024-02-28 14:07:05,068 WARNING:main.py:418:setup_molecule:Multiple occupancies found: CA in GLU A 152.
2024-02-28 14:07:05,068 WARNING:main.py:418:setup_molecule:Multiple occupancies found: CB in GLU A 152.
2024-02-28 14:07:05,068 WARNING:main.py:418:setup_molecule:Multiple occupancies found: CG in GLU A 152.
2024-02-28 14:07:05,068 WARNING:main.py:418:setup_molecule:Multiple occupancies found: CD in GLU A 152.
2024-02-28 14:07:05,068 WARNING:main.py:418:setup_molecule:Multiple occupancies found: OE1 in GLU A 152.
2024-02-28 14:07:05,068 WARNING:main.py:418:setup_molecule:Multiple occupancies found: OE2 in GLU A 152.
2024-02-28 14:07:05,068 WARNING:main.py:424:setup_molecule:Multiple occupancies found in GLU A 152. At least one of the instances is being ignored.
2024-02-28 14:07:05,068 WARNING:main.py:418:setup_molecule:Multiple occupancies found: CA in MET A 184.
2024-02-28 14:07:05,068 WARNING:main.py:418:setup_molecule:Multiple occupancies found: CB in MET A 184.
2024-02-28 14:07:05,068 WARNING:main.py:418:setup_molecule:Multiple occupancies found: CG in MET A 184.
2024-02-28 14:07:05,068 WARNING:main.py:418:setup_molecule:Multiple occupancies found: SD in MET A 184.
2024-02-28 14:07:05,069 WARNING:main.py:418:setup_molecule:Multiple occupancies found: CE in MET A 184.
2024-02-28 14:07:05,069 WARNING:main.py:424:setup_molecule:Multiple occupancies found in MET A 184. At least one of the instances is being ignored.
2024-02-28 14:07:05,069 WARNING:main.py:418:setup_molecule:Multiple occupancies found: CA in ARG A 192.
2024-02-28 14:07:05,069 WARNING:main.py:418:setup_molecule:Multiple occupancies found: CB in ARG A 192.
2024-02-28 14:07:05,069 WARNING:main.py:418:setup_molecule:Multiple occupancies found: CG in ARG A 192.
2024-02-28 14:07:05,069 WARNING:main.py:418:setup_molecule:Multiple occupancies found: CD in ARG A 192.
2024-02-28 14:07:05,070 WARNING:main.py:418:setup_molecule:Multiple occupancies found: NE in ARG A 192.
2024-02-28 14:07:05,070 WARNING:main.py:418:setup_molecule:Multiple occupancies found: CZ in ARG A 192.
2024-02-28 14:07:05,070 WARNING:main.py:418:setup_molecule:Multiple occupancies found: NH1 in ARG A 192.
2024-02-28 14:07:05,070 WARNING:main.py:418:setup_molecule:Multiple occupancies found: NH2 in ARG A 192.
2024-02-28 14:07:05,070 WARNING:main.py:424:setup_molecule:Multiple occupancies found in ARG A 192. At least one of the instances is being ignored.
2024-02-28 14:07:05,071 WARNING:main.py:418:setup_molecule:Multiple occupancies found: CA in ARG A 203.
2024-02-28 14:07:05,071 WARNING:main.py:418:setup_molecule:Multiple occupancies found: CB in ARG A 203.
2024-02-28 14:07:05,071 WARNING:main.py:418:setup_molecule:Multiple occupancies found: CG in ARG A 203.
2024-02-28 14:07:05,071 WARNING:main.py:418:setup_molecule:Multiple occupancies found: CD in ARG A 203.
2024-02-28 14:07:05,071 WARNING:main.py:418:setup_molecule:Multiple occupancies found: NE in ARG A 203.
2024-02-28 14:07:05,071 WARNING:main.py:418:setup_molecule:Multiple occupancies found: CZ in ARG A 203.
2024-02-28 14:07:05,071 WARNING:main.py:418:setup_molecule:Multiple occupancies found: NH1 in ARG A 203.
2024-02-28 14:07:05,071 WARNING:main.py:418:setup_molecule:Multiple occupancies found: NH2 in ARG A 203.
2024-02-28 14:07:05,071 WARNING:main.py:424:setup_molecule:Multiple occupancies found in ARG A 203. At least one of the instances is being ignored.
2024-02-28 14:07:05,071 WARNING:main.py:418:setup_molecule:Multiple occupancies found: CA in THR A 211.
2024-02-28 14:07:05,071 WARNING:main.py:418:setup_molecule:Multiple occupancies found: CB in THR A 211.
2024-02-28 14:07:05,071 WARNING:main.py:418:setup_molecule:Multiple occupancies found: OG1 in THR A 211.
2024-02-28 14:07:05,071 WARNING:main.py:418:setup_molecule:Multiple occupancies found: CG2 in THR A 211.
2024-02-28 14:07:05,071 WARNING:main.py:424:setup_molecule:Multiple occupancies found in THR A 211. At least one of the instances is being ignored.
2024-02-28 14:07:05,071 WARNING:main.py:418:setup_molecule:Multiple occupancies found: CA in ASP A 214.
2024-02-28 14:07:05,071 WARNING:main.py:418:setup_molecule:Multiple occupancies found: CB in ASP A 214.
2024-02-28 14:07:05,071 WARNING:main.py:418:setup_molecule:Multiple occupancies found: CG in ASP A 214.
2024-02-28 14:07:05,072 WARNING:main.py:418:setup_molecule:Multiple occupancies found: OD1 in ASP A 214.
2024-02-28 14:07:05,072 WARNING:main.py:418:setup_molecule:Multiple occupancies found: OD2 in ASP A 214.
2024-02-28 14:07:05,072 WARNING:main.py:424:setup_molecule:Multiple occupancies found in ASP A 214. At least one of the instances is being ignored.
2024-02-28 14:07:05,072 WARNING:main.py:418:setup_molecule:Multiple occupancies found: CA in ILE A 217.
2024-02-28 14:07:05,072 WARNING:main.py:418:setup_molecule:Multiple occupancies found: CB in ILE A 217.
2024-02-28 14:07:05,072 WARNING:main.py:418:setup_molecule:Multiple occupancies found: CG1 in ILE A 217.
2024-02-28 14:07:05,072 WARNING:main.py:418:setup_molecule:Multiple occupancies found: CG2 in ILE A 217.
2024-02-28 14:07:05,072 WARNING:main.py:418:setup_molecule:Multiple occupancies found: CD1 in ILE A 217.
2024-02-28 14:07:05,072 WARNING:main.py:424:setup_molecule:Multiple occupancies found in ILE A 217. At least one of the instances is being ignored.
2024-02-28 14:07:05,072 WARNING:main.py:418:setup_molecule:Multiple occupancies found: CA in ARG A 240.
2024-02-28 14:07:05,072 WARNING:main.py:418:setup_molecule:Multiple occupancies found: CB in ARG A 240.
2024-02-28 14:07:05,072 WARNING:main.py:418:setup_molecule:Multiple occupancies found: CG in ARG A 240.
2024-02-28 14:07:05,072 WARNING:main.py:418:setup_molecule:Multiple occupancies found: CD in ARG A 240.
2024-02-28 14:07:05,072 WARNING:main.py:418:setup_molecule:Multiple occupancies found: NE in ARG A 240.
2024-02-28 14:07:05,072 WARNING:main.py:418:setup_molecule:Multiple occupancies found: CZ in ARG A 240.
2024-02-28 14:07:05,072 WARNING:main.py:418:setup_molecule:Multiple occupancies found: NH1 in ARG A 240.
2024-02-28 14:07:05,072 WARNING:main.py:418:setup_molecule:Multiple occupancies found: NH2 in ARG A 240.
2024-02-28 14:07:05,072 WARNING:main.py:424:setup_molecule:Multiple occupancies found in ARG A 240. At least one of the instances is being ignored.
2024-02-28 14:07:05,072 WARNING:main.py:418:setup_molecule:Multiple occupancies found: CA in LEU A 272.
2024-02-28 14:07:05,072 WARNING:main.py:418:setup_molecule:Multiple occupancies found: CB in LEU A 272.
2024-02-28 14:07:05,072 WARNING:main.py:418:setup_molecule:Multiple occupancies found: CG in LEU A 272.
2024-02-28 14:07:05,072 WARNING:main.py:418:setup_molecule:Multiple occupancies found: CD1 in LEU A 272.
2024-02-28 14:07:05,072 WARNING:main.py:418:setup_molecule:Multiple occupancies found: CD2 in LEU A 272.
2024-02-28 14:07:05,072 WARNING:main.py:424:setup_molecule:Multiple occupancies found in LEU A 272. At least one of the instances is being ignored.
2024-02-28 14:07:05,072 WARNING:main.py:418:setup_molecule:Multiple occupancies found: CA in GLU A 282.
2024-02-28 14:07:05,072 WARNING:main.py:418:setup_molecule:Multiple occupancies found: CB in GLU A 282.
2024-02-28 14:07:05,072 WARNING:main.py:418:setup_molecule:Multiple occupancies found: CG in GLU A 282.
2024-02-28 14:07:05,072 WARNING:main.py:418:setup_molecule:Multiple occupancies found: CD in GLU A 282.
2024-02-28 14:07:05,073 WARNING:main.py:418:setup_molecule:Multiple occupancies found: OE1 in GLU A 282.
2024-02-28 14:07:05,073 WARNING:main.py:418:setup_molecule:Multiple occupancies found: OE2 in GLU A 282.
2024-02-28 14:07:05,073 WARNING:main.py:424:setup_molecule:Multiple occupancies found in GLU A 282. At least one of the instances is being ignored.
2024-02-28 14:07:05,073 WARNING:main.py:418:setup_molecule:Multiple occupancies found: CA in ASP A 316.
2024-02-28 14:07:05,073 WARNING:main.py:418:setup_molecule:Multiple occupancies found: CB in ASP A 316.
2024-02-28 14:07:05,073 WARNING:main.py:418:setup_molecule:Multiple occupancies found: CG in ASP A 316.
2024-02-28 14:07:05,073 WARNING:main.py:418:setup_molecule:Multiple occupancies found: OD1 in ASP A 316.
2024-02-28 14:07:05,073 WARNING:main.py:418:setup_molecule:Multiple occupancies found: OD2 in ASP A 316.
2024-02-28 14:07:05,073 WARNING:main.py:424:setup_molecule:Multiple occupancies found in ASP A 316. At least one of the instances is being ignored.
2024-02-28 14:07:05,073 WARNING:main.py:418:setup_molecule:Multiple occupancies found: CA in ILE A 427.
2024-02-28 14:07:05,073 WARNING:main.py:418:setup_molecule:Multiple occupancies found: CB in ILE A 427.
2024-02-28 14:07:05,073 WARNING:main.py:418:setup_molecule:Multiple occupancies found: CG1 in ILE A 427.
2024-02-28 14:07:05,074 WARNING:main.py:418:setup_molecule:Multiple occupancies found: CG2 in ILE A 427.
2024-02-28 14:07:05,074 WARNING:main.py:418:setup_molecule:Multiple occupancies found: CD1 in ILE A 427.
2024-02-28 14:07:05,074 WARNING:main.py:424:setup_molecule:Multiple occupancies found in ILE A 427. At least one of the instances is being ignored.
2024-02-28 14:07:05,074 WARNING:main.py:418:setup_molecule:Multiple occupancies found: CA in SER A 436.
2024-02-28 14:07:05,074 WARNING:main.py:418:setup_molecule:Multiple occupancies found: CB in SER A 436.
2024-02-28 14:07:05,074 WARNING:main.py:418:setup_molecule:Multiple occupancies found: OG in SER A 436.
2024-02-28 14:07:05,075 WARNING:main.py:424:setup_molecule:Multiple occupancies found in SER A 436. At least one of the instances is being ignored.
2024-02-28 14:07:05,075 WARNING:main.py:418:setup_molecule:Multiple occupancies found: CA in ASP B 52.
2024-02-28 14:07:05,075 WARNING:main.py:418:setup_molecule:Multiple occupancies found: CB in ASP B 52.
2024-02-28 14:07:05,075 WARNING:main.py:418:setup_molecule:Multiple occupancies found: CG in ASP B 52.
2024-02-28 14:07:05,076 WARNING:main.py:418:setup_molecule:Multiple occupancies found: OD1 in ASP B 52.
2024-02-28 14:07:05,076 WARNING:main.py:418:setup_molecule:Multiple occupancies found: OD2 in ASP B 52.
2024-02-28 14:07:05,076 WARNING:main.py:424:setup_molecule:Multiple occupancies found in ASP B 52. At least one of the instances is being ignored.
2024-02-28 14:07:05,076 WARNING:main.py:418:setup_molecule:Multiple occupancies found: CA in GLU B 88.
2024-02-28 14:07:05,076 WARNING:main.py:418:setup_molecule:Multiple occupancies found: CB in GLU B 88.
2024-02-28 14:07:05,077 WARNING:main.py:418:setup_molecule:Multiple occupancies found: CG in GLU B 88.
2024-02-28 14:07:05,077 WARNING:main.py:418:setup_molecule:Multiple occupancies found: CD in GLU B 88.
2024-02-28 14:07:05,077 WARNING:main.py:418:setup_molecule:Multiple occupancies found: OE1 in GLU B 88.
2024-02-28 14:07:05,078 WARNING:main.py:418:setup_molecule:Multiple occupancies found: OE2 in GLU B 88.
2024-02-28 14:07:05,078 WARNING:main.py:424:setup_molecule:Multiple occupancies found in GLU B 88. At least one of the instances is being ignored.
2024-02-28 14:07:05,078 WARNING:main.py:418:setup_molecule:Multiple occupancies found: CA in GLU B 138.
2024-02-28 14:07:05,078 WARNING:main.py:418:setup_molecule:Multiple occupancies found: CB in GLU B 138.
2024-02-28 14:07:05,079 WARNING:main.py:418:setup_molecule:Multiple occupancies found: CG in GLU B 138.
2024-02-28 14:07:05,079 WARNING:main.py:418:setup_molecule:Multiple occupancies found: CD in GLU B 138.
2024-02-28 14:07:05,079 WARNING:main.py:418:setup_molecule:Multiple occupancies found: OE1 in GLU B 138.
2024-02-28 14:07:05,079 WARNING:main.py:418:setup_molecule:Multiple occupancies found: OE2 in GLU B 138.
2024-02-28 14:07:05,079 WARNING:main.py:424:setup_molecule:Multiple occupancies found in GLU B 138. At least one of the instances is being ignored.
2024-02-28 14:07:05,079 WARNING:main.py:418:setup_molecule:Multiple occupancies found: CA in ASP B 141.
2024-02-28 14:07:05,080 WARNING:main.py:418:setup_molecule:Multiple occupancies found: CB in ASP B 141.
2024-02-28 14:07:05,080 WARNING:main.py:418:setup_molecule:Multiple occupancies found: CG in ASP B 141.
2024-02-28 14:07:05,080 WARNING:main.py:418:setup_molecule:Multiple occupancies found: OD1 in ASP B 141.
2024-02-28 14:07:05,080 WARNING:main.py:418:setup_molecule:Multiple occupancies found: OD2 in ASP B 141.
2024-02-28 14:07:05,081 WARNING:main.py:424:setup_molecule:Multiple occupancies found in ASP B 141. At least one of the instances is being ignored.
2024-02-28 14:07:05,081 WARNING:main.py:418:setup_molecule:Multiple occupancies found: CA in SER B 147.
2024-02-28 14:07:05,081 WARNING:main.py:418:setup_molecule:Multiple occupancies found: CB in SER B 147.
2024-02-28 14:07:05,081 WARNING:main.py:418:setup_molecule:Multiple occupancies found: OG in SER B 147.
2024-02-28 14:07:05,081 WARNING:main.py:424:setup_molecule:Multiple occupancies found in SER B 147. At least one of the instances is being ignored.
2024-02-28 14:07:05,081 WARNING:main.py:418:setup_molecule:Multiple occupancies found: CA in MET B 184.
2024-02-28 14:07:05,082 WARNING:main.py:418:setup_molecule:Multiple occupancies found: CB in MET B 184.
2024-02-28 14:07:05,082 WARNING:main.py:418:setup_molecule:Multiple occupancies found: CG in MET B 184.
2024-02-28 14:07:05,082 WARNING:main.py:418:setup_molecule:Multiple occupancies found: SD in MET B 184.
2024-02-28 14:07:05,082 WARNING:main.py:418:setup_molecule:Multiple occupancies found: CE in MET B 184.
2024-02-28 14:07:05,082 WARNING:main.py:424:setup_molecule:Multiple occupancies found in MET B 184. At least one of the instances is being ignored.
2024-02-28 14:07:05,082 WARNING:main.py:418:setup_molecule:Multiple occupancies found: CA in ARG B 185.
2024-02-28 14:07:05,082 WARNING:main.py:418:setup_molecule:Multiple occupancies found: CB in ARG B 185.
2024-02-28 14:07:05,082 WARNING:main.py:418:setup_molecule:Multiple occupancies found: CG in ARG B 185.
2024-02-28 14:07:05,082 WARNING:main.py:418:setup_molecule:Multiple occupancies found: CD in ARG B 185.
2024-02-28 14:07:05,082 WARNING:main.py:418:setup_molecule:Multiple occupancies found: NE in ARG B 185.
2024-02-28 14:07:05,082 WARNING:main.py:418:setup_molecule:Multiple occupancies found: CZ in ARG B 185.
2024-02-28 14:07:05,082 WARNING:main.py:418:setup_molecule:Multiple occupancies found: NH1 in ARG B 185.
2024-02-28 14:07:05,082 WARNING:main.py:418:setup_molecule:Multiple occupancies found: NH2 in ARG B 185.
2024-02-28 14:07:05,082 WARNING:main.py:424:setup_molecule:Multiple occupancies found in ARG B 185. At least one of the instances is being ignored.
2024-02-28 14:07:05,082 WARNING:main.py:418:setup_molecule:Multiple occupancies found: CB in ARG B 203.
2024-02-28 14:07:05,082 WARNING:main.py:418:setup_molecule:Multiple occupancies found: CG in ARG B 203.
2024-02-28 14:07:05,082 WARNING:main.py:418:setup_molecule:Multiple occupancies found: CD in ARG B 203.
2024-02-28 14:07:05,082 WARNING:main.py:418:setup_molecule:Multiple occupancies found: NE in ARG B 203.
2024-02-28 14:07:05,082 WARNING:main.py:418:setup_molecule:Multiple occupancies found: CZ in ARG B 203.
2024-02-28 14:07:05,083 WARNING:main.py:418:setup_molecule:Multiple occupancies found: NH1 in ARG B 203.
2024-02-28 14:07:05,083 WARNING:main.py:418:setup_molecule:Multiple occupancies found: NH2 in ARG B 203.
2024-02-28 14:07:05,083 WARNING:main.py:424:setup_molecule:Multiple occupancies found in ARG B 203. At least one of the instances is being ignored.
2024-02-28 14:07:05,083 WARNING:main.py:418:setup_molecule:Multiple occupancies found: CA in ARG B 240.
2024-02-28 14:07:05,083 WARNING:main.py:418:setup_molecule:Multiple occupancies found: CB in ARG B 240.
2024-02-28 14:07:05,084 WARNING:main.py:418:setup_molecule:Multiple occupancies found: CG in ARG B 240.
2024-02-28 14:07:05,084 WARNING:main.py:418:setup_molecule:Multiple occupancies found: CD in ARG B 240.
2024-02-28 14:07:05,084 WARNING:main.py:418:setup_molecule:Multiple occupancies found: NE in ARG B 240.
2024-02-28 14:07:05,084 WARNING:main.py:418:setup_molecule:Multiple occupancies found: CZ in ARG B 240.
2024-02-28 14:07:05,084 WARNING:main.py:418:setup_molecule:Multiple occupancies found: NH1 in ARG B 240.
2024-02-28 14:07:05,085 WARNING:main.py:418:setup_molecule:Multiple occupancies found: NH2 in ARG B 240.
2024-02-28 14:07:05,085 WARNING:main.py:424:setup_molecule:Multiple occupancies found in ARG B 240. At least one of the instances is being ignored.
2024-02-28 14:07:05,085 WARNING:main.py:418:setup_molecule:Multiple occupancies found: CA in ASN B 246.
2024-02-28 14:07:05,086 WARNING:main.py:418:setup_molecule:Multiple occupancies found: CB in ASN B 246.
2024-02-28 14:07:05,086 WARNING:main.py:418:setup_molecule:Multiple occupancies found: CG in ASN B 246.
2024-02-28 14:07:05,086 WARNING:main.py:418:setup_molecule:Multiple occupancies found: OD1 in ASN B 246.
2024-02-28 14:07:05,086 WARNING:main.py:418:setup_molecule:Multiple occupancies found: ND2 in ASN B 246.
2024-02-28 14:07:05,086 WARNING:main.py:424:setup_molecule:Multiple occupancies found in ASN B 246. At least one of the instances is being ignored.
2024-02-28 14:07:05,086 WARNING:main.py:418:setup_molecule:Multiple occupancies found: CA in GLU B 262.
2024-02-28 14:07:05,087 WARNING:main.py:418:setup_molecule:Multiple occupancies found: CB in GLU B 262.
2024-02-28 14:07:05,087 WARNING:main.py:418:setup_molecule:Multiple occupancies found: CG in GLU B 262.
2024-02-28 14:07:05,087 WARNING:main.py:418:setup_molecule:Multiple occupancies found: CD in GLU B 262.
2024-02-28 14:07:05,088 WARNING:main.py:418:setup_molecule:Multiple occupancies found: OE1 in GLU B 262.
2024-02-28 14:07:05,088 WARNING:main.py:418:setup_molecule:Multiple occupancies found: OE2 in GLU B 262.
2024-02-28 14:07:05,088 WARNING:main.py:424:setup_molecule:Multiple occupancies found in GLU B 262. At least one of the instances is being ignored.
2024-02-28 14:07:05,089 WARNING:main.py:418:setup_molecule:Multiple occupancies found: N in GLU B 274.
2024-02-28 14:07:05,089 WARNING:main.py:418:setup_molecule:Multiple occupancies found: CA in GLU B 274.
2024-02-28 14:07:05,089 WARNING:main.py:418:setup_molecule:Multiple occupancies found: C in GLU B 274.
2024-02-28 14:07:05,089 WARNING:main.py:418:setup_molecule:Multiple occupancies found: O in GLU B 274.
2024-02-28 14:07:05,090 WARNING:main.py:418:setup_molecule:Multiple occupancies found: CB in GLU B 274.
2024-02-28 14:07:05,090 WARNING:main.py:418:setup_molecule:Multiple occupancies found: CG in GLU B 274.
2024-02-28 14:07:05,090 WARNING:main.py:418:setup_molecule:Multiple occupancies found: CD in GLU B 274.
2024-02-28 14:07:05,091 WARNING:main.py:418:setup_molecule:Multiple occupancies found: OE1 in GLU B 274.
2024-02-28 14:07:05,091 WARNING:main.py:418:setup_molecule:Multiple occupancies found: OE2 in GLU B 274.
2024-02-28 14:07:05,091 WARNING:main.py:424:setup_molecule:Multiple occupancies found in GLU B 274. At least one of the instances is being ignored.
2024-02-28 14:07:05,091 WARNING:main.py:418:setup_molecule:Multiple occupancies found: N in ASN B 275.
2024-02-28 14:07:05,092 WARNING:main.py:418:setup_molecule:Multiple occupancies found: CA in ASN B 275.
2024-02-28 14:07:05,092 WARNING:main.py:418:setup_molecule:Multiple occupancies found: C in ASN B 275.
2024-02-28 14:07:05,092 WARNING:main.py:418:setup_molecule:Multiple occupancies found: O in ASN B 275.
2024-02-28 14:07:05,093 WARNING:main.py:418:setup_molecule:Multiple occupancies found: CB in ASN B 275.
2024-02-28 14:07:05,093 WARNING:main.py:418:setup_molecule:Multiple occupancies found: CG in ASN B 275.
2024-02-28 14:07:05,093 WARNING:main.py:418:setup_molecule:Multiple occupancies found: OD1 in ASN B 275.
2024-02-28 14:07:05,094 WARNING:main.py:418:setup_molecule:Multiple occupancies found: ND2 in ASN B 275.
2024-02-28 14:07:05,094 WARNING:main.py:424:setup_molecule:Multiple occupancies found in ASN B 275. At least one of the instances is being ignored.
2024-02-28 14:07:05,107 WARNING:biomolecule.py:615:update_bonds:Gap in backbone detected between GLU A 231 and ARG A 237!
2024-02-28 14:07:05,107 WARNING:biomolecule.py:615:update_bonds:Gap in backbone detected between PRO A 304 and ALA A 308!
2024-02-28 14:07:05,110 WARNING:biomolecule.py:615:update_bonds:Gap in backbone detected between ALA B 306 and LYS B 309!
2024-02-28 14:07:05,120 WARNING:biomolecule.py:157:num_missing_heavy:Missing atom CE in residue LYS A 5
2024-02-28 14:07:05,120 WARNING:biomolecule.py:157:num_missing_heavy:Missing atom NZ in residue LYS A 5
2024-02-28 14:07:05,121 WARNING:biomolecule.py:157:num_missing_heavy:Missing atom CD in residue LYS A 309
2024-02-28 14:07:05,121 WARNING:biomolecule.py:157:num_missing_heavy:Missing atom CE in residue LYS A 309
2024-02-28 14:07:05,121 WARNING:biomolecule.py:157:num_missing_heavy:Missing atom NZ in residue LYS A 309
2024-02-28 14:07:05,121 WARNING:biomolecule.py:157:num_missing_heavy:Missing atom CD in residue LYS A 339
2024-02-28 14:07:05,122 WARNING:biomolecule.py:157:num_missing_heavy:Missing atom CE in residue LYS A 339
2024-02-28 14:07:05,122 WARNING:biomolecule.py:157:num_missing_heavy:Missing atom NZ in residue LYS A 339
2024-02-28 14:07:05,122 WARNING:biomolecule.py:157:num_missing_heavy:Missing atom OXT in residue GLU A 445
2024-02-28 14:07:05,123 WARNING:biomolecule.py:157:num_missing_heavy:Missing atom CE in residue LYS B 62
2024-02-28 14:07:05,123 WARNING:biomolecule.py:157:num_missing_heavy:Missing atom NZ in residue LYS B 62
2024-02-28 14:07:05,123 WARNING:biomolecule.py:157:num_missing_heavy:Missing atom CD in residue LYS B 70
2024-02-28 14:07:05,123 WARNING:biomolecule.py:157:num_missing_heavy:Missing atom CE in residue LYS B 70
2024-02-28 14:07:05,124 WARNING:biomolecule.py:157:num_missing_heavy:Missing atom NZ in residue LYS B 70
2024-02-28 14:07:05,124 WARNING:biomolecule.py:157:num_missing_heavy:Missing atom CG in residue LYS B 74
2024-02-28 14:07:05,124 WARNING:biomolecule.py:157:num_missing_heavy:Missing atom CD in residue LYS B 74
2024-02-28 14:07:05,124 WARNING:biomolecule.py:157:num_missing_heavy:Missing atom CE in residue LYS B 74
2024-02-28 14:07:05,125 WARNING:biomolecule.py:157:num_missing_heavy:Missing atom NZ in residue LYS B 74
2024-02-28 14:07:05,125 WARNING:biomolecule.py:157:num_missing_heavy:Missing atom CD in residue ARG B 92
2024-02-28 14:07:05,125 WARNING:biomolecule.py:157:num_missing_heavy:Missing atom NE in residue ARG B 92
2024-02-28 14:07:05,126 WARNING:biomolecule.py:157:num_missing_heavy:Missing atom CZ in residue ARG B 92
2024-02-28 14:07:05,126 WARNING:biomolecule.py:157:num_missing_heavy:Missing atom NH1 in residue ARG B 92
2024-02-28 14:07:05,126 WARNING:biomolecule.py:157:num_missing_heavy:Missing atom NH2 in residue ARG B 92
2024-02-28 14:07:05,127 WARNING:biomolecule.py:157:num_missing_heavy:Missing atom CD in residue LYS B 206
2024-02-28 14:07:05,127 WARNING:biomolecule.py:157:num_missing_heavy:Missing atom CE in residue LYS B 206
2024-02-28 14:07:05,127 WARNING:biomolecule.py:157:num_missing_heavy:Missing atom NZ in residue LYS B 206
2024-02-28 14:07:05,127 WARNING:biomolecule.py:157:num_missing_heavy:Missing atom CB in residue LYS B 213
2024-02-28 14:07:05,128 WARNING:biomolecule.py:157:num_missing_heavy:Missing atom CG in residue LYS B 213
2024-02-28 14:07:05,128 WARNING:biomolecule.py:157:num_missing_heavy:Missing atom CD in residue LYS B 213
2024-02-28 14:07:05,128 WARNING:biomolecule.py:157:num_missing_heavy:Missing atom CE in residue LYS B 213
2024-02-28 14:07:05,128 WARNING:biomolecule.py:157:num_missing_heavy:Missing atom NZ in residue LYS B 213
2024-02-28 14:07:05,129 WARNING:biomolecule.py:157:num_missing_heavy:Missing atom CB in residue ASP B 214
2024-02-28 14:07:05,129 WARNING:biomolecule.py:157:num_missing_heavy:Missing atom CG in residue ASP B 214
2024-02-28 14:07:05,129 WARNING:biomolecule.py:157:num_missing_heavy:Missing atom OD1 in residue ASP B 214
2024-02-28 14:07:05,130 WARNING:biomolecule.py:157:num_missing_heavy:Missing atom OD2 in residue ASP B 214
2024-02-28 14:07:05,130 WARNING:biomolecule.py:157:num_missing_heavy:Missing atom CG in residue LYS B 216
2024-02-28 14:07:05,130 WARNING:biomolecule.py:157:num_missing_heavy:Missing atom CD in residue LYS B 216
2024-02-28 14:07:05,131 WARNING:biomolecule.py:157:num_missing_heavy:Missing atom CE in residue LYS B 216
2024-02-28 14:07:05,131 WARNING:biomolecule.py:157:num_missing_heavy:Missing atom NZ in residue LYS B 216
2024-02-28 14:07:05,132 WARNING:biomolecule.py:157:num_missing_heavy:Missing atom CD in residue LYS B 286
2024-02-28 14:07:05,132 WARNING:biomolecule.py:157:num_missing_heavy:Missing atom CE in residue LYS B 286
2024-02-28 14:07:05,132 WARNING:biomolecule.py:157:num_missing_heavy:Missing atom NZ in residue LYS B 286
2024-02-28 14:07:05,132 WARNING:biomolecule.py:157:num_missing_heavy:Missing atom CE in residue LYS B 309
2024-02-28 14:07:05,132 WARNING:biomolecule.py:157:num_missing_heavy:Missing atom NZ in residue LYS B 309
2024-02-28 14:07:05,132 WARNING:biomolecule.py:157:num_missing_heavy:Missing atom CB in residue GLU B 362
2024-02-28 14:07:05,132 WARNING:biomolecule.py:157:num_missing_heavy:Missing atom CG in residue GLU B 362
2024-02-28 14:07:05,132 WARNING:biomolecule.py:157:num_missing_heavy:Missing atom CD in residue GLU B 362
2024-02-28 14:07:05,132 WARNING:biomolecule.py:157:num_missing_heavy:Missing atom OE1 in residue GLU B 362
2024-02-28 14:07:05,132 WARNING:biomolecule.py:157:num_missing_heavy:Missing atom OE2 in residue GLU B 362
2024-02-28 14:07:05,132 WARNING:biomolecule.py:157:num_missing_heavy:Missing atom CG in residue LYS B 376
2024-02-28 14:07:05,133 WARNING:biomolecule.py:157:num_missing_heavy:Missing atom CD in residue LYS B 376
2024-02-28 14:07:05,133 WARNING:biomolecule.py:157:num_missing_heavy:Missing atom CE in residue LYS B 376
2024-02-28 14:07:05,133 WARNING:biomolecule.py:157:num_missing_heavy:Missing atom NZ in residue LYS B 376
2024-02-28 14:07:05,133 WARNING:biomolecule.py:157:num_missing_heavy:Missing atom CD in residue LYS B 425
2024-02-28 14:07:05,133 WARNING:biomolecule.py:157:num_missing_heavy:Missing atom CE in residue LYS B 425
2024-02-28 14:07:05,133 WARNING:biomolecule.py:157:num_missing_heavy:Missing atom NZ in residue LYS B 425
2024-02-28 14:07:05,134 WARNING:biomolecule.py:157:num_missing_heavy:Missing atom CG in residue LYS B 440
2024-02-28 14:07:05,134 WARNING:biomolecule.py:157:num_missing_heavy:Missing atom CD in residue LYS B 440
2024-02-28 14:07:05,134 WARNING:biomolecule.py:157:num_missing_heavy:Missing atom CE in residue LYS B 440
2024-02-28 14:07:05,135 WARNING:biomolecule.py:157:num_missing_heavy:Missing atom NZ in residue LYS B 440
2024-02-28 14:07:05,135 WARNING:biomolecule.py:157:num_missing_heavy:Missing atom OXT in residue GLU B 445
2024-02-28 14:07:05,135 WARNING:biomolecule.py:157:num_missing_heavy:Missing atom CE in residue LYS A 5
2024-02-28 14:07:05,135 WARNING:biomolecule.py:157:num_missing_heavy:Missing atom NZ in residue LYS A 5
2024-02-28 14:07:05,136 WARNING:biomolecule.py:157:num_missing_heavy:Missing atom CD in residue LYS A 309
2024-02-28 14:07:05,136 WARNING:biomolecule.py:157:num_missing_heavy:Missing atom CE in residue LYS A 309
2024-02-28 14:07:05,137 WARNING:biomolecule.py:157:num_missing_heavy:Missing atom NZ in residue LYS A 309
2024-02-28 14:07:05,137 WARNING:biomolecule.py:157:num_missing_heavy:Missing atom CD in residue LYS A 339
2024-02-28 14:07:05,137 WARNING:biomolecule.py:157:num_missing_heavy:Missing atom CE in residue LYS A 339
2024-02-28 14:07:05,137 WARNING:biomolecule.py:157:num_missing_heavy:Missing atom NZ in residue LYS A 339
2024-02-28 14:07:05,138 WARNING:biomolecule.py:157:num_missing_heavy:Missing atom OXT in residue GLU A 445
2024-02-28 14:07:05,138 WARNING:biomolecule.py:157:num_missing_heavy:Missing atom CE in residue LYS B 62
2024-02-28 14:07:05,138 WARNING:biomolecule.py:157:num_missing_heavy:Missing atom NZ in residue LYS B 62
2024-02-28 14:07:05,139 WARNING:biomolecule.py:157:num_missing_heavy:Missing atom CD in residue LYS B 70
2024-02-28 14:07:05,139 WARNING:biomolecule.py:157:num_missing_heavy:Missing atom CE in residue LYS B 70
2024-02-28 14:07:05,139 WARNING:biomolecule.py:157:num_missing_heavy:Missing atom NZ in residue LYS B 70
2024-02-28 14:07:05,139 WARNING:biomolecule.py:157:num_missing_heavy:Missing atom CG in residue LYS B 74
2024-02-28 14:07:05,140 WARNING:biomolecule.py:157:num_missing_heavy:Missing atom CD in residue LYS B 74
2024-02-28 14:07:05,140 WARNING:biomolecule.py:157:num_missing_heavy:Missing atom CE in residue LYS B 74
2024-02-28 14:07:05,140 WARNING:biomolecule.py:157:num_missing_heavy:Missing atom NZ in residue LYS B 74
2024-02-28 14:07:05,140 WARNING:biomolecule.py:157:num_missing_heavy:Missing atom CD in residue ARG B 92
2024-02-28 14:07:05,141 WARNING:biomolecule.py:157:num_missing_heavy:Missing atom NE in residue ARG B 92
2024-02-28 14:07:05,141 WARNING:biomolecule.py:157:num_missing_heavy:Missing atom CZ in residue ARG B 92
2024-02-28 14:07:05,141 WARNING:biomolecule.py:157:num_missing_heavy:Missing atom NH1 in residue ARG B 92
2024-02-28 14:07:05,141 WARNING:biomolecule.py:157:num_missing_heavy:Missing atom NH2 in residue ARG B 92
2024-02-28 14:07:05,142 WARNING:biomolecule.py:157:num_missing_heavy:Missing atom CD in residue LYS B 206
2024-02-28 14:07:05,142 WARNING:biomolecule.py:157:num_missing_heavy:Missing atom CE in residue LYS B 206
2024-02-28 14:07:05,142 WARNING:biomolecule.py:157:num_missing_heavy:Missing atom NZ in residue LYS B 206
2024-02-28 14:07:05,142 WARNING:biomolecule.py:157:num_missing_heavy:Missing atom CB in residue LYS B 213
2024-02-28 14:07:05,142 WARNING:biomolecule.py:157:num_missing_heavy:Missing atom CG in residue LYS B 213
2024-02-28 14:07:05,142 WARNING:biomolecule.py:157:num_missing_heavy:Missing atom CD in residue LYS B 213
2024-02-28 14:07:05,142 WARNING:biomolecule.py:157:num_missing_heavy:Missing atom CE in residue LYS B 213
2024-02-28 14:07:05,142 WARNING:biomolecule.py:157:num_missing_heavy:Missing atom NZ in residue LYS B 213
2024-02-28 14:07:05,142 WARNING:biomolecule.py:157:num_missing_heavy:Missing atom CB in residue ASP B 214
2024-02-28 14:07:05,142 WARNING:biomolecule.py:157:num_missing_heavy:Missing atom CG in residue ASP B 214
2024-02-28 14:07:05,142 WARNING:biomolecule.py:157:num_missing_heavy:Missing atom OD1 in residue ASP B 214
2024-02-28 14:07:05,142 WARNING:biomolecule.py:157:num_missing_heavy:Missing atom OD2 in residue ASP B 214
2024-02-28 14:07:05,142 WARNING:biomolecule.py:157:num_missing_heavy:Missing atom CG in residue LYS B 216
2024-02-28 14:07:05,142 WARNING:biomolecule.py:157:num_missing_heavy:Missing atom CD in residue LYS B 216
2024-02-28 14:07:05,142 WARNING:biomolecule.py:157:num_missing_heavy:Missing atom CE in residue LYS B 216
2024-02-28 14:07:05,142 WARNING:biomolecule.py:157:num_missing_heavy:Missing atom NZ in residue LYS B 216
2024-02-28 14:07:05,143 WARNING:biomolecule.py:157:num_missing_heavy:Missing atom CD in residue LYS B 286
2024-02-28 14:07:05,143 WARNING:biomolecule.py:157:num_missing_heavy:Missing atom CE in residue LYS B 286
2024-02-28 14:07:05,143 WARNING:biomolecule.py:157:num_missing_heavy:Missing atom NZ in residue LYS B 286
2024-02-28 14:07:05,144 WARNING:biomolecule.py:157:num_missing_heavy:Missing atom CE in residue LYS B 309
2024-02-28 14:07:05,144 WARNING:biomolecule.py:157:num_missing_heavy:Missing atom NZ in residue LYS B 309
2024-02-28 14:07:05,145 WARNING:biomolecule.py:157:num_missing_heavy:Missing atom CB in residue GLU B 362
2024-02-28 14:07:05,145 WARNING:biomolecule.py:157:num_missing_heavy:Missing atom CG in residue GLU B 362
2024-02-28 14:07:05,145 WARNING:biomolecule.py:157:num_missing_heavy:Missing atom CD in residue GLU B 362
2024-02-28 14:07:05,145 WARNING:biomolecule.py:157:num_missing_heavy:Missing atom OE1 in residue GLU B 362
2024-02-28 14:07:05,146 WARNING:biomolecule.py:157:num_missing_heavy:Missing atom OE2 in residue GLU B 362
2024-02-28 14:07:05,146 WARNING:biomolecule.py:157:num_missing_heavy:Missing atom CG in residue LYS B 376
2024-02-28 14:07:05,146 WARNING:biomolecule.py:157:num_missing_heavy:Missing atom CD in residue LYS B 376
2024-02-28 14:07:05,146 WARNING:biomolecule.py:157:num_missing_heavy:Missing atom CE in residue LYS B 376
2024-02-28 14:07:05,146 WARNING:biomolecule.py:157:num_missing_heavy:Missing atom NZ in residue LYS B 376
2024-02-28 14:07:05,146 WARNING:biomolecule.py:157:num_missing_heavy:Missing atom CD in residue LYS B 425
2024-02-28 14:07:05,147 WARNING:biomolecule.py:157:num_missing_heavy:Missing atom CE in residue LYS B 425
2024-02-28 14:07:05,147 WARNING:biomolecule.py:157:num_missing_heavy:Missing atom NZ in residue LYS B 425
2024-02-28 14:07:05,147 WARNING:biomolecule.py:157:num_missing_heavy:Missing atom CG in residue LYS B 440
2024-02-28 14:07:05,147 WARNING:biomolecule.py:157:num_missing_heavy:Missing atom CD in residue LYS B 440
2024-02-28 14:07:05,147 WARNING:biomolecule.py:157:num_missing_heavy:Missing atom CE in residue LYS B 440
2024-02-28 14:07:05,147 WARNING:biomolecule.py:157:num_missing_heavy:Missing atom NZ in residue LYS B 440
2024-02-28 14:07:05,147 WARNING:biomolecule.py:157:num_missing_heavy:Missing atom OXT in residue GLU B 445
2024-02-28 14:07:05,147 WARNING:biomolecule.py:157:num_missing_heavy:Missing atom CE in residue LYS A 5
2024-02-28 14:07:05,147 WARNING:biomolecule.py:157:num_missing_heavy:Missing atom NZ in residue LYS A 5
2024-02-28 14:07:05,148 WARNING:biomolecule.py:157:num_missing_heavy:Missing atom CD in residue LYS A 309
2024-02-28 14:07:05,148 WARNING:biomolecule.py:157:num_missing_heavy:Missing atom CE in residue LYS A 309
2024-02-28 14:07:05,148 WARNING:biomolecule.py:157:num_missing_heavy:Missing atom NZ in residue LYS A 309
2024-02-28 14:07:05,149 WARNING:biomolecule.py:157:num_missing_heavy:Missing atom CD in residue LYS A 339
2024-02-28 14:07:05,149 WARNING:biomolecule.py:157:num_missing_heavy:Missing atom CE in residue LYS A 339
2024-02-28 14:07:05,149 WARNING:biomolecule.py:157:num_missing_heavy:Missing atom NZ in residue LYS A 339
2024-02-28 14:07:05,149 WARNING:biomolecule.py:157:num_missing_heavy:Missing atom OXT in residue GLU A 445
2024-02-28 14:07:05,149 WARNING:biomolecule.py:157:num_missing_heavy:Missing atom CE in residue LYS B 62
2024-02-28 14:07:05,150 WARNING:biomolecule.py:157:num_missing_heavy:Missing atom NZ in residue LYS B 62
2024-02-28 14:07:05,150 WARNING:biomolecule.py:157:num_missing_heavy:Missing atom CD in residue LYS B 70
2024-02-28 14:07:05,150 WARNING:biomolecule.py:157:num_missing_heavy:Missing atom CE in residue LYS B 70
2024-02-28 14:07:05,151 WARNING:biomolecule.py:157:num_missing_heavy:Missing atom NZ in residue LYS B 70
2024-02-28 14:07:05,151 WARNING:biomolecule.py:157:num_missing_heavy:Missing atom CG in residue LYS B 74
2024-02-28 14:07:05,151 WARNING:biomolecule.py:157:num_missing_heavy:Missing atom CD in residue LYS B 74
2024-02-28 14:07:05,151 WARNING:biomolecule.py:157:num_missing_heavy:Missing atom CE in residue LYS B 74
2024-02-28 14:07:05,152 WARNING:biomolecule.py:157:num_missing_heavy:Missing atom NZ in residue LYS B 74
2024-02-28 14:07:05,152 WARNING:biomolecule.py:157:num_missing_heavy:Missing atom CD in residue ARG B 92
2024-02-28 14:07:05,153 WARNING:biomolecule.py:157:num_missing_heavy:Missing atom NE in residue ARG B 92
2024-02-28 14:07:05,153 WARNING:biomolecule.py:157:num_missing_heavy:Missing atom CZ in residue ARG B 92
2024-02-28 14:07:05,153 WARNING:biomolecule.py:157:num_missing_heavy:Missing atom NH1 in residue ARG B 92
2024-02-28 14:07:05,153 WARNING:biomolecule.py:157:num_missing_heavy:Missing atom NH2 in residue ARG B 92
2024-02-28 14:07:05,154 WARNING:biomolecule.py:157:num_missing_heavy:Missing atom CD in residue LYS B 206
2024-02-28 14:07:05,154 WARNING:biomolecule.py:157:num_missing_heavy:Missing atom CE in residue LYS B 206
2024-02-28 14:07:05,154 WARNING:biomolecule.py:157:num_missing_heavy:Missing atom NZ in residue LYS B 206
2024-02-28 14:07:05,154 WARNING:biomolecule.py:157:num_missing_heavy:Missing atom CB in residue LYS B 213
2024-02-28 14:07:05,155 WARNING:biomolecule.py:157:num_missing_heavy:Missing atom CG in residue LYS B 213
2024-02-28 14:07:05,155 WARNING:biomolecule.py:157:num_missing_heavy:Missing atom CD in residue LYS B 213
2024-02-28 14:07:05,155 WARNING:biomolecule.py:157:num_missing_heavy:Missing atom CE in residue LYS B 213
2024-02-28 14:07:05,156 WARNING:biomolecule.py:157:num_missing_heavy:Missing atom NZ in residue LYS B 213
2024-02-28 14:07:05,156 WARNING:biomolecule.py:157:num_missing_heavy:Missing atom CB in residue ASP B 214
2024-02-28 14:07:05,156 WARNING:biomolecule.py:157:num_missing_heavy:Missing atom CG in residue ASP B 214
2024-02-28 14:07:05,157 WARNING:biomolecule.py:157:num_missing_heavy:Missing atom OD1 in residue ASP B 214
2024-02-28 14:07:05,157 WARNING:biomolecule.py:157:num_missing_heavy:Missing atom OD2 in residue ASP B 214
2024-02-28 14:07:05,157 WARNING:biomolecule.py:157:num_missing_heavy:Missing atom CG in residue LYS B 216
2024-02-28 14:07:05,158 WARNING:biomolecule.py:157:num_missing_heavy:Missing atom CD in residue LYS B 216
2024-02-28 14:07:05,158 WARNING:biomolecule.py:157:num_missing_heavy:Missing atom CE in residue LYS B 216
2024-02-28 14:07:05,158 WARNING:biomolecule.py:157:num_missing_heavy:Missing atom NZ in residue LYS B 216
2024-02-28 14:07:05,158 WARNING:biomolecule.py:157:num_missing_heavy:Missing atom CD in residue LYS B 286
2024-02-28 14:07:05,158 WARNING:biomolecule.py:157:num_missing_heavy:Missing atom CE in residue LYS B 286
2024-02-28 14:07:05,159 WARNING:biomolecule.py:157:num_missing_heavy:Missing atom NZ in residue LYS B 286
2024-02-28 14:07:05,159 WARNING:biomolecule.py:157:num_missing_heavy:Missing atom CE in residue LYS B 309
2024-02-28 14:07:05,159 WARNING:biomolecule.py:157:num_missing_heavy:Missing atom NZ in residue LYS B 309
2024-02-28 14:07:05,160 WARNING:biomolecule.py:157:num_missing_heavy:Missing atom CB in residue GLU B 362
2024-02-28 14:07:05,160 WARNING:biomolecule.py:157:num_missing_heavy:Missing atom CG in residue GLU B 362
2024-02-28 14:07:05,160 WARNING:biomolecule.py:157:num_missing_heavy:Missing atom CD in residue GLU B 362
2024-02-28 14:07:05,160 WARNING:biomolecule.py:157:num_missing_heavy:Missing atom OE1 in residue GLU B 362
2024-02-28 14:07:05,161 WARNING:biomolecule.py:157:num_missing_heavy:Missing atom OE2 in residue GLU B 362
2024-02-28 14:07:05,161 WARNING:biomolecule.py:157:num_missing_heavy:Missing atom CG in residue LYS B 376
2024-02-28 14:07:05,161 WARNING:biomolecule.py:157:num_missing_heavy:Missing atom CD in residue LYS B 376
2024-02-28 14:07:05,161 WARNING:biomolecule.py:157:num_missing_heavy:Missing atom CE in residue LYS B 376
2024-02-28 14:07:05,161 WARNING:biomolecule.py:157:num_missing_heavy:Missing atom NZ in residue LYS B 376
2024-02-28 14:07:05,162 WARNING:biomolecule.py:157:num_missing_heavy:Missing atom CD in residue LYS B 425
2024-02-28 14:07:05,162 WARNING:biomolecule.py:157:num_missing_heavy:Missing atom CE in residue LYS B 425
2024-02-28 14:07:05,162 WARNING:biomolecule.py:157:num_missing_heavy:Missing atom NZ in residue LYS B 425
2024-02-28 14:07:05,162 WARNING:biomolecule.py:157:num_missing_heavy:Missing atom CG in residue LYS B 440
2024-02-28 14:07:05,163 WARNING:biomolecule.py:157:num_missing_heavy:Missing atom CD in residue LYS B 440
2024-02-28 14:07:05,163 WARNING:biomolecule.py:157:num_missing_heavy:Missing atom CE in residue LYS B 440
2024-02-28 14:07:05,163 WARNING:biomolecule.py:157:num_missing_heavy:Missing atom NZ in residue LYS B 440
2024-02-28 14:07:05,163 WARNING:biomolecule.py:157:num_missing_heavy:Missing atom OXT in residue GLU B 445
2024-02-28 14:07:07,432 WARNING:main.py:311:print_pqr:Ignoring 2439 header lines in output.
2024-02-28 14:07:07,432 WARNING:main.py:315:print_pqr:Ignoring 49 missing lines in output.
