2024-02-28 14:07:17,442 WARNING:biomolecule.py:992:create_residue:Unable to find amino or nucleic acid definition for ARA.  Parsing as new residue.
2024-02-28 14:07:17,465 WARNING:biomolecule.py:992:create_residue:Unable to find amino or nucleic acid definition for ARB.  Parsing as new residue.
2024-02-28 14:07:17,634 WARNING:main.py:418:setup_molecule:Multiple occupancies found: C1 in ARA A 307.
2024-02-28 14:07:17,634 WARNING:main.py:418:setup_molecule:Multiple occupancies found: C2 in ARA A 307.
2024-02-28 14:07:17,634 WARNING:main.py:418:setup_molecule:Multiple occupancies found: C3 in ARA A 307.
2024-02-28 14:07:17,634 WARNING:main.py:418:setup_molecule:Multiple occupancies found: C4 in ARA A 307.
2024-02-28 14:07:17,634 WARNING:main.py:418:setup_molecule:Multiple occupancies found: C5 in ARA A 307.
2024-02-28 14:07:17,634 WARNING:main.py:418:setup_molecule:Multiple occupancies found: O1 in ARA A 307.
2024-02-28 14:07:17,634 WARNING:main.py:418:setup_molecule:Multiple occupancies found: O2 in ARA A 307.
2024-02-28 14:07:17,634 WARNING:main.py:418:setup_molecule:Multiple occupancies found: O3 in ARA A 307.
2024-02-28 14:07:17,634 WARNING:main.py:418:setup_molecule:Multiple occupancies found: O4 in ARA A 307.
2024-02-28 14:07:17,634 WARNING:main.py:418:setup_molecule:Multiple occupancies found: O5 in ARA A 307.
2024-02-28 14:07:17,634 WARNING:main.py:424:setup_molecule:Multiple occupancies found in ARA A 307. At least one of the instances is being ignored.
2024-02-28 14:07:17,634 WARNING:main.py:418:setup_molecule:Multiple occupancies found: C1 in ARB A 308.
2024-02-28 14:07:17,634 WARNING:main.py:418:setup_molecule:Multiple occupancies found: C2 in ARB A 308.
2024-02-28 14:07:17,634 WARNING:main.py:418:setup_molecule:Multiple occupancies found: C3 in ARB A 308.
2024-02-28 14:07:17,634 WARNING:main.py:418:setup_molecule:Multiple occupancies found: C4 in ARB A 308.
2024-02-28 14:07:17,634 WARNING:main.py:418:setup_molecule:Multiple occupancies found: C5 in ARB A 308.
2024-02-28 14:07:17,634 WARNING:main.py:418:setup_molecule:Multiple occupancies found: O1 in ARB A 308.
2024-02-28 14:07:17,634 WARNING:main.py:418:setup_molecule:Multiple occupancies found: O2 in ARB A 308.
2024-02-28 14:07:17,634 WARNING:main.py:418:setup_molecule:Multiple occupancies found: O3 in ARB A 308.
2024-02-28 14:07:17,634 WARNING:main.py:418:setup_molecule:Multiple occupancies found: O4 in ARB A 308.
2024-02-28 14:07:17,635 WARNING:main.py:418:setup_molecule:Multiple occupancies found: O5 in ARB A 308.
2024-02-28 14:07:17,635 WARNING:main.py:424:setup_molecule:Multiple occupancies found in ARB A 308. At least one of the instances is being ignored.
2024-02-28 14:07:17,718 WARNING:biomolecule.py:157:num_missing_heavy:Missing atom CB in residue ASN A 2
2024-02-28 14:07:17,719 WARNING:biomolecule.py:157:num_missing_heavy:Missing atom CG in residue ASN A 2
2024-02-28 14:07:17,719 WARNING:biomolecule.py:157:num_missing_heavy:Missing atom OD1 in residue ASN A 2
2024-02-28 14:07:17,719 WARNING:biomolecule.py:157:num_missing_heavy:Missing atom ND2 in residue ASN A 2
2024-02-28 14:07:17,720 WARNING:biomolecule.py:157:num_missing_heavy:Missing atom CB in residue LYS A 306
2024-02-28 14:07:17,720 WARNING:biomolecule.py:157:num_missing_heavy:Missing atom CG in residue LYS A 306
2024-02-28 14:07:17,720 WARNING:biomolecule.py:157:num_missing_heavy:Missing atom CD in residue LYS A 306
2024-02-28 14:07:17,720 WARNING:biomolecule.py:157:num_missing_heavy:Missing atom CE in residue LYS A 306
2024-02-28 14:07:17,720 WARNING:biomolecule.py:157:num_missing_heavy:Missing atom NZ in residue LYS A 306
2024-02-28 14:07:17,720 WARNING:biomolecule.py:157:num_missing_heavy:Missing atom OXT in residue LYS A 306
2024-02-28 14:07:17,720 WARNING:biomolecule.py:157:num_missing_heavy:Missing atom CB in residue ASN A 2
2024-02-28 14:07:17,720 WARNING:biomolecule.py:157:num_missing_heavy:Missing atom CG in residue ASN A 2
2024-02-28 14:07:17,720 WARNING:biomolecule.py:157:num_missing_heavy:Missing atom OD1 in residue ASN A 2
2024-02-28 14:07:17,720 WARNING:biomolecule.py:157:num_missing_heavy:Missing atom ND2 in residue ASN A 2
2024-02-28 14:07:17,749 WARNING:biomolecule.py:157:num_missing_heavy:Missing atom CB in residue LYS A 306
2024-02-28 14:07:17,750 WARNING:biomolecule.py:157:num_missing_heavy:Missing atom CG in residue LYS A 306
2024-02-28 14:07:17,750 WARNING:biomolecule.py:157:num_missing_heavy:Missing atom CD in residue LYS A 306
2024-02-28 14:07:17,750 WARNING:biomolecule.py:157:num_missing_heavy:Missing atom CE in residue LYS A 306
2024-02-28 14:07:17,750 WARNING:biomolecule.py:157:num_missing_heavy:Missing atom NZ in residue LYS A 306
2024-02-28 14:07:17,750 WARNING:biomolecule.py:157:num_missing_heavy:Missing atom OXT in residue LYS A 306
2024-02-28 14:07:17,750 WARNING:biomolecule.py:157:num_missing_heavy:Missing atom CB in residue ASN A 2
2024-02-28 14:07:17,750 WARNING:biomolecule.py:157:num_missing_heavy:Missing atom CG in residue ASN A 2
2024-02-28 14:07:17,750 WARNING:biomolecule.py:157:num_missing_heavy:Missing atom OD1 in residue ASN A 2
2024-02-28 14:07:17,750 WARNING:biomolecule.py:157:num_missing_heavy:Missing atom ND2 in residue ASN A 2
2024-02-28 14:07:17,751 WARNING:biomolecule.py:157:num_missing_heavy:Missing atom CB in residue LYS A 306
2024-02-28 14:07:17,751 WARNING:biomolecule.py:157:num_missing_heavy:Missing atom CG in residue LYS A 306
2024-02-28 14:07:17,751 WARNING:biomolecule.py:157:num_missing_heavy:Missing atom CD in residue LYS A 306
2024-02-28 14:07:17,751 WARNING:biomolecule.py:157:num_missing_heavy:Missing atom CE in residue LYS A 306
2024-02-28 14:07:17,751 WARNING:biomolecule.py:157:num_missing_heavy:Missing atom NZ in residue LYS A 306
2024-02-28 14:07:17,751 WARNING:biomolecule.py:157:num_missing_heavy:Missing atom OXT in residue LYS A 306
2024-02-28 14:07:23,929 WARNING:debump.py:172:debump_biomolecule:WARNING: Unable to debump LYS A 127
2024-02-28 14:07:24,166 WARNING:main.py:311:print_pqr:Ignoring 1419 header lines in output.
2024-02-28 14:07:24,167 WARNING:main.py:315:print_pqr:Ignoring 20 missing lines in output.
