2024-02-28 14:07:18,695 WARNING:biomolecule.py:992:create_residue:Unable to find amino or nucleic acid definition for XIF.  Parsing as new residue.
2024-02-28 14:07:19,061 WARNING:biomolecule.py:992:create_residue:Unable to find amino or nucleic acid definition for XYP.  Parsing as new residue.
2024-02-28 14:07:19,062 WARNING:main.py:418:setup_molecule:Multiple occupancies found: CB in SER A 22.
2024-02-28 14:07:19,062 WARNING:main.py:418:setup_molecule:Multiple occupancies found: OG in SER A 22.
2024-02-28 14:07:19,062 WARNING:main.py:424:setup_molecule:Multiple occupancies found in SER A 22. At least one of the instances is being ignored.
2024-02-28 14:07:19,062 WARNING:main.py:418:setup_molecule:Multiple occupancies found: CB in ARG A 24.
2024-02-28 14:07:19,062 WARNING:main.py:418:setup_molecule:Multiple occupancies found: CG in ARG A 24.
2024-02-28 14:07:19,062 WARNING:main.py:418:setup_molecule:Multiple occupancies found: CD in ARG A 24.
2024-02-28 14:07:19,062 WARNING:main.py:418:setup_molecule:Multiple occupancies found: NE in ARG A 24.
2024-02-28 14:07:19,062 WARNING:main.py:418:setup_molecule:Multiple occupancies found: CZ in ARG A 24.
2024-02-28 14:07:19,062 WARNING:main.py:418:setup_molecule:Multiple occupancies found: NH1 in ARG A 24.
2024-02-28 14:07:19,062 WARNING:main.py:418:setup_molecule:Multiple occupancies found: NH2 in ARG A 24.
2024-02-28 14:07:19,062 WARNING:main.py:424:setup_molecule:Multiple occupancies found in ARG A 24. At least one of the instances is being ignored.
2024-02-28 14:07:19,063 WARNING:main.py:418:setup_molecule:Multiple occupancies found: CB in SER A 32.
2024-02-28 14:07:19,063 WARNING:main.py:418:setup_molecule:Multiple occupancies found: OG in SER A 32.
2024-02-28 14:07:19,063 WARNING:main.py:424:setup_molecule:Multiple occupancies found in SER A 32. At least one of the instances is being ignored.
2024-02-28 14:07:19,063 WARNING:main.py:418:setup_molecule:Multiple occupancies found: N in ASP A 50.
2024-02-28 14:07:19,063 WARNING:main.py:418:setup_molecule:Multiple occupancies found: CA in ASP A 50.
2024-02-28 14:07:19,063 WARNING:main.py:418:setup_molecule:Multiple occupancies found: C in ASP A 50.
2024-02-28 14:07:19,063 WARNING:main.py:418:setup_molecule:Multiple occupancies found: O in ASP A 50.
2024-02-28 14:07:19,063 WARNING:main.py:418:setup_molecule:Multiple occupancies found: CB in ASP A 50.
2024-02-28 14:07:19,063 WARNING:main.py:418:setup_molecule:Multiple occupancies found: CG in ASP A 50.
2024-02-28 14:07:19,063 WARNING:main.py:418:setup_molecule:Multiple occupancies found: OD1 in ASP A 50.
2024-02-28 14:07:19,063 WARNING:main.py:418:setup_molecule:Multiple occupancies found: OD2 in ASP A 50.
2024-02-28 14:07:19,063 WARNING:main.py:424:setup_molecule:Multiple occupancies found in ASP A 50. At least one of the instances is being ignored.
2024-02-28 14:07:19,063 WARNING:main.py:418:setup_molecule:Multiple occupancies found: N in ALA A 51.
2024-02-28 14:07:19,063 WARNING:main.py:418:setup_molecule:Multiple occupancies found: CA in ALA A 51.
2024-02-28 14:07:19,063 WARNING:main.py:418:setup_molecule:Multiple occupancies found: C in ALA A 51.
2024-02-28 14:07:19,063 WARNING:main.py:418:setup_molecule:Multiple occupancies found: O in ALA A 51.
2024-02-28 14:07:19,063 WARNING:main.py:418:setup_molecule:Multiple occupancies found: CB in ALA A 51.
2024-02-28 14:07:19,063 WARNING:main.py:424:setup_molecule:Multiple occupancies found in ALA A 51. At least one of the instances is being ignored.
2024-02-28 14:07:19,063 WARNING:main.py:418:setup_molecule:Multiple occupancies found: N in PRO A 54.
2024-02-28 14:07:19,063 WARNING:main.py:418:setup_molecule:Multiple occupancies found: CA in PRO A 54.
2024-02-28 14:07:19,063 WARNING:main.py:418:setup_molecule:Multiple occupancies found: CB in PRO A 54.
2024-02-28 14:07:19,063 WARNING:main.py:418:setup_molecule:Multiple occupancies found: CG in PRO A 54.
2024-02-28 14:07:19,063 WARNING:main.py:418:setup_molecule:Multiple occupancies found: CD in PRO A 54.
2024-02-28 14:07:19,063 WARNING:main.py:424:setup_molecule:Multiple occupancies found in PRO A 54. At least one of the instances is being ignored.
2024-02-28 14:07:19,063 WARNING:main.py:418:setup_molecule:Multiple occupancies found: CB in SER A 62.
2024-02-28 14:07:19,063 WARNING:main.py:418:setup_molecule:Multiple occupancies found: OG in SER A 62.
2024-02-28 14:07:19,063 WARNING:main.py:424:setup_molecule:Multiple occupancies found in SER A 62. At least one of the instances is being ignored.
2024-02-28 14:07:19,063 WARNING:main.py:418:setup_molecule:Multiple occupancies found: CB in SER A 63.
2024-02-28 14:07:19,063 WARNING:main.py:418:setup_molecule:Multiple occupancies found: OG in SER A 63.
2024-02-28 14:07:19,063 WARNING:main.py:424:setup_molecule:Multiple occupancies found in SER A 63. At least one of the instances is being ignored.
2024-02-28 14:07:19,063 WARNING:main.py:418:setup_molecule:Multiple occupancies found: CA in VAL A 72.
2024-02-28 14:07:19,063 WARNING:main.py:418:setup_molecule:Multiple occupancies found: O in VAL A 72.
2024-02-28 14:07:19,063 WARNING:main.py:418:setup_molecule:Multiple occupancies found: CB in VAL A 72.
2024-02-28 14:07:19,064 WARNING:main.py:418:setup_molecule:Multiple occupancies found: CG1 in VAL A 72.
2024-02-28 14:07:19,064 WARNING:main.py:418:setup_molecule:Multiple occupancies found: CG2 in VAL A 72.
2024-02-28 14:07:19,064 WARNING:main.py:424:setup_molecule:Multiple occupancies found in VAL A 72. At least one of the instances is being ignored.
2024-02-28 14:07:19,064 WARNING:main.py:418:setup_molecule:Multiple occupancies found: CB in GLN A 77.
2024-02-28 14:07:19,064 WARNING:main.py:418:setup_molecule:Multiple occupancies found: CG in GLN A 77.
2024-02-28 14:07:19,064 WARNING:main.py:418:setup_molecule:Multiple occupancies found: CD in GLN A 77.
2024-02-28 14:07:19,064 WARNING:main.py:418:setup_molecule:Multiple occupancies found: OE1 in GLN A 77.
2024-02-28 14:07:19,064 WARNING:main.py:418:setup_molecule:Multiple occupancies found: NE2 in GLN A 77.
2024-02-28 14:07:19,064 WARNING:main.py:424:setup_molecule:Multiple occupancies found in GLN A 77. At least one of the instances is being ignored.
2024-02-28 14:07:19,064 WARNING:main.py:418:setup_molecule:Multiple occupancies found: N in SER A 95.
2024-02-28 14:07:19,064 WARNING:main.py:418:setup_molecule:Multiple occupancies found: CA in SER A 95.
2024-02-28 14:07:19,064 WARNING:main.py:418:setup_molecule:Multiple occupancies found: C in SER A 95.
2024-02-28 14:07:19,064 WARNING:main.py:418:setup_molecule:Multiple occupancies found: O in SER A 95.
2024-02-28 14:07:19,064 WARNING:main.py:418:setup_molecule:Multiple occupancies found: CB in SER A 95.
2024-02-28 14:07:19,064 WARNING:main.py:418:setup_molecule:Multiple occupancies found: OG in SER A 95.
2024-02-28 14:07:19,064 WARNING:main.py:424:setup_molecule:Multiple occupancies found in SER A 95. At least one of the instances is being ignored.
2024-02-28 14:07:19,064 WARNING:main.py:418:setup_molecule:Multiple occupancies found: CB in SER A 97.
2024-02-28 14:07:19,064 WARNING:main.py:418:setup_molecule:Multiple occupancies found: OG in SER A 97.
2024-02-28 14:07:19,064 WARNING:main.py:424:setup_molecule:Multiple occupancies found in SER A 97. At least one of the instances is being ignored.
2024-02-28 14:07:19,064 WARNING:main.py:418:setup_molecule:Multiple occupancies found: CB in SER A 99.
2024-02-28 14:07:19,064 WARNING:main.py:418:setup_molecule:Multiple occupancies found: OG in SER A 99.
2024-02-28 14:07:19,064 WARNING:main.py:424:setup_molecule:Multiple occupancies found in SER A 99. At least one of the instances is being ignored.
2024-02-28 14:07:19,064 WARNING:main.py:418:setup_molecule:Multiple occupancies found: CB in ARG A 102.
2024-02-28 14:07:19,064 WARNING:main.py:418:setup_molecule:Multiple occupancies found: CG in ARG A 102.
2024-02-28 14:07:19,064 WARNING:main.py:418:setup_molecule:Multiple occupancies found: CD in ARG A 102.
2024-02-28 14:07:19,064 WARNING:main.py:418:setup_molecule:Multiple occupancies found: NE in ARG A 102.
2024-02-28 14:07:19,064 WARNING:main.py:418:setup_molecule:Multiple occupancies found: CZ in ARG A 102.
2024-02-28 14:07:19,064 WARNING:main.py:418:setup_molecule:Multiple occupancies found: NH1 in ARG A 102.
2024-02-28 14:07:19,064 WARNING:main.py:418:setup_molecule:Multiple occupancies found: NH2 in ARG A 102.
2024-02-28 14:07:19,064 WARNING:main.py:424:setup_molecule:Multiple occupancies found in ARG A 102. At least one of the instances is being ignored.
2024-02-28 14:07:19,064 WARNING:main.py:418:setup_molecule:Multiple occupancies found: CB in GLN A 103.
2024-02-28 14:07:19,064 WARNING:main.py:418:setup_molecule:Multiple occupancies found: CG in GLN A 103.
2024-02-28 14:07:19,064 WARNING:main.py:418:setup_molecule:Multiple occupancies found: CD in GLN A 103.
2024-02-28 14:07:19,064 WARNING:main.py:418:setup_molecule:Multiple occupancies found: OE1 in GLN A 103.
2024-02-28 14:07:19,064 WARNING:main.py:418:setup_molecule:Multiple occupancies found: NE2 in GLN A 103.
2024-02-28 14:07:19,065 WARNING:main.py:424:setup_molecule:Multiple occupancies found in GLN A 103. At least one of the instances is being ignored.
2024-02-28 14:07:19,065 WARNING:main.py:418:setup_molecule:Multiple occupancies found: CB in MET A 113.
2024-02-28 14:07:19,065 WARNING:main.py:418:setup_molecule:Multiple occupancies found: CG in MET A 113.
2024-02-28 14:07:19,065 WARNING:main.py:418:setup_molecule:Multiple occupancies found: SD in MET A 113.
2024-02-28 14:07:19,065 WARNING:main.py:418:setup_molecule:Multiple occupancies found: CE in MET A 113.
2024-02-28 14:07:19,065 WARNING:main.py:424:setup_molecule:Multiple occupancies found in MET A 113. At least one of the instances is being ignored.
2024-02-28 14:07:19,065 WARNING:main.py:418:setup_molecule:Multiple occupancies found: CA in ILE A 120.
2024-02-28 14:07:19,065 WARNING:main.py:418:setup_molecule:Multiple occupancies found: O in ILE A 120.
2024-02-28 14:07:19,065 WARNING:main.py:418:setup_molecule:Multiple occupancies found: CB in ILE A 120.
2024-02-28 14:07:19,065 WARNING:main.py:418:setup_molecule:Multiple occupancies found: CG1 in ILE A 120.
2024-02-28 14:07:19,065 WARNING:main.py:418:setup_molecule:Multiple occupancies found: CG2 in ILE A 120.
2024-02-28 14:07:19,065 WARNING:main.py:418:setup_molecule:Multiple occupancies found: CD1 in ILE A 120.
2024-02-28 14:07:19,065 WARNING:main.py:424:setup_molecule:Multiple occupancies found in ILE A 120. At least one of the instances is being ignored.
2024-02-28 14:07:19,065 WARNING:main.py:418:setup_molecule:Multiple occupancies found: N in VAL A 121.
2024-02-28 14:07:19,065 WARNING:main.py:418:setup_molecule:Multiple occupancies found: CA in VAL A 121.
2024-02-28 14:07:19,065 WARNING:main.py:418:setup_molecule:Multiple occupancies found: C in VAL A 121.
2024-02-28 14:07:19,065 WARNING:main.py:418:setup_molecule:Multiple occupancies found: O in VAL A 121.
2024-02-28 14:07:19,065 WARNING:main.py:418:setup_molecule:Multiple occupancies found: CB in VAL A 121.
2024-02-28 14:07:19,069 WARNING:main.py:418:setup_molecule:Multiple occupancies found: CG1 in VAL A 121.
2024-02-28 14:07:19,069 WARNING:main.py:418:setup_molecule:Multiple occupancies found: CG2 in VAL A 121.
2024-02-28 14:07:19,069 WARNING:main.py:424:setup_molecule:Multiple occupancies found in VAL A 121. At least one of the instances is being ignored.
2024-02-28 14:07:19,069 WARNING:main.py:418:setup_molecule:Multiple occupancies found: N in GLN A 122.
2024-02-28 14:07:19,069 WARNING:main.py:418:setup_molecule:Multiple occupancies found: CA in GLN A 122.
2024-02-28 14:07:19,069 WARNING:main.py:418:setup_molecule:Multiple occupancies found: C in GLN A 122.
2024-02-28 14:07:19,069 WARNING:main.py:418:setup_molecule:Multiple occupancies found: O in GLN A 122.
2024-02-28 14:07:19,069 WARNING:main.py:418:setup_molecule:Multiple occupancies found: CB in GLN A 122.
2024-02-28 14:07:19,069 WARNING:main.py:418:setup_molecule:Multiple occupancies found: CG in GLN A 122.
2024-02-28 14:07:19,069 WARNING:main.py:418:setup_molecule:Multiple occupancies found: CD in GLN A 122.
2024-02-28 14:07:19,069 WARNING:main.py:418:setup_molecule:Multiple occupancies found: OE1 in GLN A 122.
2024-02-28 14:07:19,069 WARNING:main.py:418:setup_molecule:Multiple occupancies found: NE2 in GLN A 122.
2024-02-28 14:07:19,069 WARNING:main.py:424:setup_molecule:Multiple occupancies found in GLN A 122. At least one of the instances is being ignored.
2024-02-28 14:07:19,069 WARNING:main.py:418:setup_molecule:Multiple occupancies found: CB in ASN A 127.
2024-02-28 14:07:19,069 WARNING:main.py:418:setup_molecule:Multiple occupancies found: CG in ASN A 127.
2024-02-28 14:07:19,069 WARNING:main.py:418:setup_molecule:Multiple occupancies found: OD1 in ASN A 127.
2024-02-28 14:07:19,070 WARNING:main.py:418:setup_molecule:Multiple occupancies found: ND2 in ASN A 127.
2024-02-28 14:07:19,070 WARNING:main.py:424:setup_molecule:Multiple occupancies found in ASN A 127. At least one of the instances is being ignored.
2024-02-28 14:07:19,070 WARNING:main.py:418:setup_molecule:Multiple occupancies found: CB in SER A 134.
2024-02-28 14:07:19,070 WARNING:main.py:418:setup_molecule:Multiple occupancies found: OG in SER A 134.
2024-02-28 14:07:19,070 WARNING:main.py:424:setup_molecule:Multiple occupancies found in SER A 134. At least one of the instances is being ignored.
2024-02-28 14:07:19,070 WARNING:main.py:418:setup_molecule:Multiple occupancies found: CB in GLU A 152.
2024-02-28 14:07:19,070 WARNING:main.py:418:setup_molecule:Multiple occupancies found: CG in GLU A 152.
2024-02-28 14:07:19,070 WARNING:main.py:418:setup_molecule:Multiple occupancies found: CD in GLU A 152.
2024-02-28 14:07:19,070 WARNING:main.py:418:setup_molecule:Multiple occupancies found: OE1 in GLU A 152.
2024-02-28 14:07:19,070 WARNING:main.py:418:setup_molecule:Multiple occupancies found: OE2 in GLU A 152.
2024-02-28 14:07:19,070 WARNING:main.py:424:setup_molecule:Multiple occupancies found in GLU A 152. At least one of the instances is being ignored.
2024-02-28 14:07:19,070 WARNING:main.py:418:setup_molecule:Multiple occupancies found: CB in SER A 164.
2024-02-28 14:07:19,070 WARNING:main.py:418:setup_molecule:Multiple occupancies found: OG in SER A 164.
2024-02-28 14:07:19,070 WARNING:main.py:424:setup_molecule:Multiple occupancies found in SER A 164. At least one of the instances is being ignored.
2024-02-28 14:07:19,070 WARNING:main.py:418:setup_molecule:Multiple occupancies found: CB in CYS A 168.
2024-02-28 14:07:19,070 WARNING:main.py:418:setup_molecule:Multiple occupancies found: SG in CYS A 168.
2024-02-28 14:07:19,070 WARNING:main.py:424:setup_molecule:Multiple occupancies found in CYS A 168. At least one of the instances is being ignored.
2024-02-28 14:07:19,070 WARNING:main.py:418:setup_molecule:Multiple occupancies found: CB in ARG A 190.
2024-02-28 14:07:19,070 WARNING:main.py:418:setup_molecule:Multiple occupancies found: CG in ARG A 190.
2024-02-28 14:07:19,070 WARNING:main.py:418:setup_molecule:Multiple occupancies found: CD in ARG A 190.
2024-02-28 14:07:19,070 WARNING:main.py:418:setup_molecule:Multiple occupancies found: NE in ARG A 190.
2024-02-28 14:07:19,070 WARNING:main.py:418:setup_molecule:Multiple occupancies found: CZ in ARG A 190.
2024-02-28 14:07:19,070 WARNING:main.py:418:setup_molecule:Multiple occupancies found: NH1 in ARG A 190.
2024-02-28 14:07:19,070 WARNING:main.py:418:setup_molecule:Multiple occupancies found: NH2 in ARG A 190.
2024-02-28 14:07:19,070 WARNING:main.py:424:setup_molecule:Multiple occupancies found in ARG A 190. At least one of the instances is being ignored.
2024-02-28 14:07:19,070 WARNING:main.py:418:setup_molecule:Multiple occupancies found: CB in LYS A 193.
2024-02-28 14:07:19,070 WARNING:main.py:418:setup_molecule:Multiple occupancies found: CG in LYS A 193.
2024-02-28 14:07:19,070 WARNING:main.py:418:setup_molecule:Multiple occupancies found: CD in LYS A 193.
2024-02-28 14:07:19,070 WARNING:main.py:418:setup_molecule:Multiple occupancies found: CE in LYS A 193.
2024-02-28 14:07:19,070 WARNING:main.py:418:setup_molecule:Multiple occupancies found: NZ in LYS A 193.
2024-02-28 14:07:19,070 WARNING:main.py:424:setup_molecule:Multiple occupancies found in LYS A 193. At least one of the instances is being ignored.
2024-02-28 14:07:19,070 WARNING:main.py:418:setup_molecule:Multiple occupancies found: N in PRO A 198.
2024-02-28 14:07:19,070 WARNING:main.py:418:setup_molecule:Multiple occupancies found: CA in PRO A 198.
2024-02-28 14:07:19,070 WARNING:main.py:418:setup_molecule:Multiple occupancies found: C in PRO A 198.
2024-02-28 14:07:19,071 WARNING:main.py:418:setup_molecule:Multiple occupancies found: O in PRO A 198.
2024-02-28 14:07:19,071 WARNING:main.py:418:setup_molecule:Multiple occupancies found: CB in PRO A 198.
2024-02-28 14:07:19,071 WARNING:main.py:418:setup_molecule:Multiple occupancies found: CG in PRO A 198.
2024-02-28 14:07:19,071 WARNING:main.py:418:setup_molecule:Multiple occupancies found: CD in PRO A 198.
2024-02-28 14:07:19,071 WARNING:main.py:424:setup_molecule:Multiple occupancies found in PRO A 198. At least one of the instances is being ignored.
2024-02-28 14:07:19,071 WARNING:main.py:418:setup_molecule:Multiple occupancies found: N in ILE A 199.
2024-02-28 14:07:19,071 WARNING:main.py:418:setup_molecule:Multiple occupancies found: CA in ILE A 199.
2024-02-28 14:07:19,071 WARNING:main.py:418:setup_molecule:Multiple occupancies found: C in ILE A 199.
2024-02-28 14:07:19,071 WARNING:main.py:418:setup_molecule:Multiple occupancies found: O in ILE A 199.
2024-02-28 14:07:19,071 WARNING:main.py:418:setup_molecule:Multiple occupancies found: CB in ILE A 199.
2024-02-28 14:07:19,071 WARNING:main.py:418:setup_molecule:Multiple occupancies found: CG1 in ILE A 199.
2024-02-28 14:07:19,071 WARNING:main.py:418:setup_molecule:Multiple occupancies found: CG2 in ILE A 199.
2024-02-28 14:07:19,071 WARNING:main.py:418:setup_molecule:Multiple occupancies found: CD1 in ILE A 199.
2024-02-28 14:07:19,071 WARNING:main.py:424:setup_molecule:Multiple occupancies found in ILE A 199. At least one of the instances is being ignored.
2024-02-28 14:07:19,071 WARNING:main.py:418:setup_molecule:Multiple occupancies found: CB in CYS A 201.
2024-02-28 14:07:19,071 WARNING:main.py:418:setup_molecule:Multiple occupancies found: SG in CYS A 201.
2024-02-28 14:07:19,071 WARNING:main.py:424:setup_molecule:Multiple occupancies found in CYS A 201. At least one of the instances is being ignored.
2024-02-28 14:07:19,071 WARNING:main.py:418:setup_molecule:Multiple occupancies found: CB in VAL A 202.
2024-02-28 14:07:19,071 WARNING:main.py:418:setup_molecule:Multiple occupancies found: CG1 in VAL A 202.
2024-02-28 14:07:19,071 WARNING:main.py:418:setup_molecule:Multiple occupancies found: CG2 in VAL A 202.
2024-02-28 14:07:19,071 WARNING:main.py:424:setup_molecule:Multiple occupancies found in VAL A 202. At least one of the instances is being ignored.
2024-02-28 14:07:19,071 WARNING:main.py:418:setup_molecule:Multiple occupancies found: CB in SER A 210.
2024-02-28 14:07:19,071 WARNING:main.py:418:setup_molecule:Multiple occupancies found: OG in SER A 210.
2024-02-28 14:07:19,071 WARNING:main.py:424:setup_molecule:Multiple occupancies found in SER A 210. At least one of the instances is being ignored.
2024-02-28 14:07:19,265 WARNING:main.py:418:setup_molecule:Multiple occupancies found: CB in SER A 212.
2024-02-28 14:07:19,265 WARNING:main.py:418:setup_molecule:Multiple occupancies found: OG in SER A 212.
2024-02-28 14:07:19,265 WARNING:main.py:424:setup_molecule:Multiple occupancies found in SER A 212. At least one of the instances is being ignored.
2024-02-28 14:07:19,266 WARNING:main.py:418:setup_molecule:Multiple occupancies found: CB in SER A 216.
2024-02-28 14:07:19,266 WARNING:main.py:418:setup_molecule:Multiple occupancies found: OG in SER A 216.
2024-02-28 14:07:19,266 WARNING:main.py:424:setup_molecule:Multiple occupancies found in SER A 216. At least one of the instances is being ignored.
2024-02-28 14:07:19,266 WARNING:main.py:418:setup_molecule:Multiple occupancies found: CB in ILE A 234.
2024-02-28 14:07:19,266 WARNING:main.py:418:setup_molecule:Multiple occupancies found: CG1 in ILE A 234.
2024-02-28 14:07:19,266 WARNING:main.py:418:setup_molecule:Multiple occupancies found: CG2 in ILE A 234.
2024-02-28 14:07:19,266 WARNING:main.py:418:setup_molecule:Multiple occupancies found: CD1 in ILE A 234.
2024-02-28 14:07:19,266 WARNING:main.py:424:setup_molecule:Multiple occupancies found in ILE A 234. At least one of the instances is being ignored.
2024-02-28 14:07:19,266 WARNING:main.py:418:setup_molecule:Multiple occupancies found: CB in CYS A 254.
2024-02-28 14:07:19,266 WARNING:main.py:418:setup_molecule:Multiple occupancies found: SG in CYS A 254.
2024-02-28 14:07:19,266 WARNING:main.py:424:setup_molecule:Multiple occupancies found in CYS A 254. At least one of the instances is being ignored.
2024-02-28 14:07:19,266 WARNING:main.py:418:setup_molecule:Multiple occupancies found: CB in SER A 258.
2024-02-28 14:07:19,266 WARNING:main.py:418:setup_molecule:Multiple occupancies found: OG in SER A 258.
2024-02-28 14:07:19,266 WARNING:main.py:424:setup_molecule:Multiple occupancies found in SER A 258. At least one of the instances is being ignored.
2024-02-28 14:07:19,266 WARNING:main.py:418:setup_molecule:Multiple occupancies found: CB in ASP A 298.
2024-02-28 14:07:19,266 WARNING:main.py:418:setup_molecule:Multiple occupancies found: CG in ASP A 298.
2024-02-28 14:07:19,293 WARNING:main.py:418:setup_molecule:Multiple occupancies found: OD1 in ASP A 298.
2024-02-28 14:07:19,293 WARNING:main.py:418:setup_molecule:Multiple occupancies found: OD2 in ASP A 298.
2024-02-28 14:07:19,293 WARNING:main.py:424:setup_molecule:Multiple occupancies found in ASP A 298. At least one of the instances is being ignored.
2024-02-28 14:07:19,348 WARNING:biomolecule.py:157:num_missing_heavy:Missing atom OXT in residue GLY A 303
2024-02-28 14:07:19,454 WARNING:biomolecule.py:157:num_missing_heavy:Missing atom OXT in residue GLY A 303
2024-02-28 14:07:19,456 WARNING:biomolecule.py:157:num_missing_heavy:Missing atom OXT in residue GLY A 303
2024-02-28 14:07:22,910 WARNING:main.py:311:print_pqr:Ignoring 1337 header lines in output.
2024-02-28 14:07:22,911 WARNING:main.py:315:print_pqr:Ignoring 17 missing lines in output.
