2024-02-28 14:07:20,518 WARNING:biomolecule.py:992:create_residue:Unable to find amino or nucleic acid definition for IUM.  Parsing as new residue.
2024-02-28 14:07:20,541 WARNING:biomolecule.py:992:create_residue:Unable to find amino or nucleic acid definition for IUM.  Parsing as new residue.
2024-02-28 14:07:20,545 WARNING:biomolecule.py:992:create_residue:Unable to find amino or nucleic acid definition for IUM.  Parsing as new residue.
2024-02-28 14:07:20,545 WARNING:biomolecule.py:992:create_residue:Unable to find amino or nucleic acid definition for IUM.  Parsing as new residue.
2024-02-28 14:07:20,545 WARNING:biomolecule.py:992:create_residue:Unable to find amino or nucleic acid definition for IUM.  Parsing as new residue.
2024-02-28 14:07:20,545 WARNING:biomolecule.py:992:create_residue:Unable to find amino or nucleic acid definition for IUM.  Parsing as new residue.
2024-02-28 14:07:20,545 WARNING:biomolecule.py:992:create_residue:Unable to find amino or nucleic acid definition for IUM.  Parsing as new residue.
2024-02-28 14:07:20,545 WARNING:biomolecule.py:992:create_residue:Unable to find amino or nucleic acid definition for IUM.  Parsing as new residue.
2024-02-28 14:07:20,545 WARNING:biomolecule.py:992:create_residue:Unable to find amino or nucleic acid definition for ACT.  Parsing as new residue.
2024-02-28 14:07:20,545 WARNING:io.py:40:filter:Suppressing further "Unable to find amino or nucleic acid definition for" messages
2024-02-28 14:07:20,546 WARNING:main.py:418:setup_molecule:Multiple occupancies found: CB in SER A 57.
2024-02-28 14:07:20,546 WARNING:main.py:418:setup_molecule:Multiple occupancies found: OG in SER A 57.
2024-02-28 14:07:20,546 WARNING:main.py:424:setup_molecule:Multiple occupancies found in SER A 57. At least one of the instances is being ignored.
2024-02-28 14:07:20,547 WARNING:main.py:418:setup_molecule:Multiple occupancies found: CG in LEU A 297.
2024-02-28 14:07:20,547 WARNING:main.py:418:setup_molecule:Multiple occupancies found: CD1 in LEU A 297.
2024-02-28 14:07:20,547 WARNING:main.py:418:setup_molecule:Multiple occupancies found: CD2 in LEU A 297.
2024-02-28 14:07:20,547 WARNING:main.py:424:setup_molecule:Multiple occupancies found in LEU A 297. At least one of the instances is being ignored.
2024-02-28 14:07:20,547 WARNING:main.py:418:setup_molecule:Multiple occupancies found: CG in LEU A 363.
2024-02-28 14:07:20,547 WARNING:main.py:418:setup_molecule:Multiple occupancies found: CD1 in LEU A 363.
2024-02-28 14:07:20,547 WARNING:main.py:418:setup_molecule:Multiple occupancies found: CD2 in LEU A 363.
2024-02-28 14:07:20,547 WARNING:main.py:424:setup_molecule:Multiple occupancies found in LEU A 363. At least one of the instances is being ignored.
2024-02-28 14:07:20,547 WARNING:main.py:418:setup_molecule:Multiple occupancies found: CG in ASP A 402.
2024-02-28 14:07:20,547 WARNING:main.py:418:setup_molecule:Multiple occupancies found: OD1 in ASP A 402.
2024-02-28 14:07:20,547 WARNING:main.py:418:setup_molecule:Multiple occupancies found: OD2 in ASP A 402.
2024-02-28 14:07:20,547 WARNING:main.py:424:setup_molecule:Multiple occupancies found in ASP A 402. At least one of the instances is being ignored.
2024-02-28 14:07:20,547 WARNING:main.py:418:setup_molecule:Multiple occupancies found: CG1 in VAL B 2.
2024-02-28 14:07:20,547 WARNING:main.py:418:setup_molecule:Multiple occupancies found: CG2 in VAL B 2.
2024-02-28 14:07:20,547 WARNING:main.py:424:setup_molecule:Multiple occupancies found in VAL B 2. At least one of the instances is being ignored.
2024-02-28 14:07:23,575 WARNING:main.py:311:print_pqr:Ignoring 1939 header lines in output.
2024-02-28 14:07:23,575 WARNING:main.py:315:print_pqr:Ignoring 36 missing lines in output.
