2024-02-28 14:07:05,658 WARNING:biomolecule.py:992:create_residue:Unable to find amino or nucleic acid definition for CSO.  Parsing as new residue.
2024-02-28 14:07:05,669 WARNING:biomolecule.py:992:create_residue:Unable to find amino or nucleic acid definition for NAG.  Parsing as new residue.
2024-02-28 14:07:05,669 WARNING:biomolecule.py:992:create_residue:Unable to find amino or nucleic acid definition for NAG.  Parsing as new residue.
2024-02-28 14:07:05,670 WARNING:biomolecule.py:992:create_residue:Unable to find amino or nucleic acid definition for FUL.  Parsing as new residue.
2024-02-28 14:07:05,670 WARNING:biomolecule.py:992:create_residue:Unable to find amino or nucleic acid definition for NAG.  Parsing as new residue.
2024-02-28 14:07:05,671 WARNING:biomolecule.py:992:create_residue:Unable to find amino or nucleic acid definition for PO4.  Parsing as new residue.
2024-02-28 14:07:05,671 WARNING:biomolecule.py:992:create_residue:Unable to find amino or nucleic acid definition for PO4.  Parsing as new residue.
2024-02-28 14:07:05,671 WARNING:biomolecule.py:992:create_residue:Unable to find amino or nucleic acid definition for MRD.  Parsing as new residue.
2024-02-28 14:07:05,671 WARNING:biomolecule.py:992:create_residue:Unable to find amino or nucleic acid definition for MPD.  Parsing as new residue.
2024-02-28 14:07:05,672 WARNING:io.py:40:filter:Suppressing further "Unable to find amino or nucleic acid definition for" messages
2024-02-28 14:07:05,672 WARNING:main.py:418:setup_molecule:Multiple occupancies found: N in MET A 23.
2024-02-28 14:07:05,673 WARNING:main.py:418:setup_molecule:Multiple occupancies found: CA in MET A 23.
2024-02-28 14:07:05,673 WARNING:main.py:418:setup_molecule:Multiple occupancies found: C in MET A 23.
2024-02-28 14:07:05,673 WARNING:main.py:418:setup_molecule:Multiple occupancies found: O in MET A 23.
2024-02-28 14:07:05,673 WARNING:main.py:418:setup_molecule:Multiple occupancies found: CB in MET A 23.
2024-02-28 14:07:05,673 WARNING:main.py:418:setup_molecule:Multiple occupancies found: CG in MET A 23.
2024-02-28 14:07:05,674 WARNING:main.py:418:setup_molecule:Multiple occupancies found: SD in MET A 23.
2024-02-28 14:07:05,674 WARNING:main.py:418:setup_molecule:Multiple occupancies found: CE in MET A 23.
2024-02-28 14:07:05,674 WARNING:main.py:424:setup_molecule:Multiple occupancies found in MET A 23. At least one of the instances is being ignored.
2024-02-28 14:07:05,674 WARNING:main.py:418:setup_molecule:Multiple occupancies found: N in LYS A 66.
2024-02-28 14:07:05,674 WARNING:main.py:418:setup_molecule:Multiple occupancies found: CA in LYS A 66.
2024-02-28 14:07:05,675 WARNING:main.py:418:setup_molecule:Multiple occupancies found: C in LYS A 66.
2024-02-28 14:07:05,675 WARNING:main.py:418:setup_molecule:Multiple occupancies found: O in LYS A 66.
2024-02-28 14:07:05,675 WARNING:main.py:418:setup_molecule:Multiple occupancies found: CB in LYS A 66.
2024-02-28 14:07:05,675 WARNING:main.py:418:setup_molecule:Multiple occupancies found: CG in LYS A 66.
2024-02-28 14:07:05,675 WARNING:main.py:418:setup_molecule:Multiple occupancies found: CD in LYS A 66.
2024-02-28 14:07:05,675 WARNING:main.py:418:setup_molecule:Multiple occupancies found: CE in LYS A 66.
2024-02-28 14:07:05,676 WARNING:main.py:418:setup_molecule:Multiple occupancies found: NZ in LYS A 66.
2024-02-28 14:07:05,676 WARNING:main.py:424:setup_molecule:Multiple occupancies found in LYS A 66. At least one of the instances is being ignored.
2024-02-28 14:07:05,676 WARNING:main.py:418:setup_molecule:Multiple occupancies found: N in SER A 73.
2024-02-28 14:07:05,676 WARNING:main.py:418:setup_molecule:Multiple occupancies found: CA in SER A 73.
2024-02-28 14:07:05,676 WARNING:main.py:418:setup_molecule:Multiple occupancies found: C in SER A 73.
2024-02-28 14:07:05,676 WARNING:main.py:418:setup_molecule:Multiple occupancies found: O in SER A 73.
2024-02-28 14:07:05,677 WARNING:main.py:418:setup_molecule:Multiple occupancies found: CB in SER A 73.
2024-02-28 14:07:05,677 WARNING:main.py:418:setup_molecule:Multiple occupancies found: OG in SER A 73.
2024-02-28 14:07:05,677 WARNING:main.py:424:setup_molecule:Multiple occupancies found in SER A 73. At least one of the instances is being ignored.
2024-02-28 14:07:05,677 WARNING:main.py:418:setup_molecule:Multiple occupancies found: N in GLU A 102.
2024-02-28 14:07:05,678 WARNING:main.py:418:setup_molecule:Multiple occupancies found: CA in GLU A 102.
2024-02-28 14:07:05,678 WARNING:main.py:418:setup_molecule:Multiple occupancies found: C in GLU A 102.
2024-02-28 14:07:05,678 WARNING:main.py:418:setup_molecule:Multiple occupancies found: O in GLU A 102.
2024-02-28 14:07:05,678 WARNING:main.py:418:setup_molecule:Multiple occupancies found: CB in GLU A 102.
2024-02-28 14:07:05,679 WARNING:main.py:418:setup_molecule:Multiple occupancies found: CG in GLU A 102.
2024-02-28 14:07:05,679 WARNING:main.py:418:setup_molecule:Multiple occupancies found: CD in GLU A 102.
2024-02-28 14:07:05,679 WARNING:main.py:418:setup_molecule:Multiple occupancies found: OE1 in GLU A 102.
2024-02-28 14:07:05,679 WARNING:main.py:418:setup_molecule:Multiple occupancies found: OE2 in GLU A 102.
2024-02-28 14:07:05,679 WARNING:main.py:424:setup_molecule:Multiple occupancies found in GLU A 102. At least one of the instances is being ignored.
2024-02-28 14:07:05,679 WARNING:main.py:418:setup_molecule:Multiple occupancies found: N in SER A 105.
2024-02-28 14:07:05,680 WARNING:main.py:418:setup_molecule:Multiple occupancies found: CA in SER A 105.
2024-02-28 14:07:05,680 WARNING:main.py:418:setup_molecule:Multiple occupancies found: C in SER A 105.
2024-02-28 14:07:05,680 WARNING:main.py:418:setup_molecule:Multiple occupancies found: O in SER A 105.
2024-02-28 14:07:05,680 WARNING:main.py:418:setup_molecule:Multiple occupancies found: CB in SER A 105.
2024-02-28 14:07:05,680 WARNING:main.py:418:setup_molecule:Multiple occupancies found: OG in SER A 105.
2024-02-28 14:07:05,681 WARNING:main.py:424:setup_molecule:Multiple occupancies found in SER A 105. At least one of the instances is being ignored.
2024-02-28 14:07:05,681 WARNING:main.py:418:setup_molecule:Multiple occupancies found: N in HIS A 188.
2024-02-28 14:07:05,681 WARNING:main.py:418:setup_molecule:Multiple occupancies found: CA in HIS A 188.
2024-02-28 14:07:05,681 WARNING:main.py:418:setup_molecule:Multiple occupancies found: C in HIS A 188.
2024-02-28 14:07:05,682 WARNING:main.py:418:setup_molecule:Multiple occupancies found: O in HIS A 188.
2024-02-28 14:07:05,682 WARNING:main.py:418:setup_molecule:Multiple occupancies found: CB in HIS A 188.
2024-02-28 14:07:05,682 WARNING:main.py:418:setup_molecule:Multiple occupancies found: CG in HIS A 188.
2024-02-28 14:07:05,682 WARNING:main.py:418:setup_molecule:Multiple occupancies found: ND1 in HIS A 188.
2024-02-28 14:07:05,682 WARNING:main.py:418:setup_molecule:Multiple occupancies found: CD2 in HIS A 188.
2024-02-28 14:07:05,683 WARNING:main.py:418:setup_molecule:Multiple occupancies found: CE1 in HIS A 188.
2024-02-28 14:07:05,683 WARNING:main.py:418:setup_molecule:Multiple occupancies found: NE2 in HIS A 188.
2024-02-28 14:07:05,683 WARNING:main.py:424:setup_molecule:Multiple occupancies found in HIS A 188. At least one of the instances is being ignored.
2024-02-28 14:07:05,683 WARNING:main.py:418:setup_molecule:Multiple occupancies found: N in MET B 54.
2024-02-28 14:07:05,684 WARNING:main.py:418:setup_molecule:Multiple occupancies found: CA in MET B 54.
2024-02-28 14:07:05,684 WARNING:main.py:418:setup_molecule:Multiple occupancies found: C in MET B 54.
2024-02-28 14:07:05,684 WARNING:main.py:418:setup_molecule:Multiple occupancies found: O in MET B 54.
2024-02-28 14:07:05,684 WARNING:main.py:418:setup_molecule:Multiple occupancies found: CB in MET B 54.
2024-02-28 14:07:05,684 WARNING:main.py:418:setup_molecule:Multiple occupancies found: CG in MET B 54.
2024-02-28 14:07:05,684 WARNING:main.py:418:setup_molecule:Multiple occupancies found: SD in MET B 54.
2024-02-28 14:07:05,685 WARNING:main.py:418:setup_molecule:Multiple occupancies found: CE in MET B 54.
2024-02-28 14:07:05,685 WARNING:main.py:424:setup_molecule:Multiple occupancies found in MET B 54. At least one of the instances is being ignored.
2024-02-28 14:07:05,685 WARNING:main.py:418:setup_molecule:Multiple occupancies found: N in SER B 61.
2024-02-28 14:07:05,685 WARNING:main.py:418:setup_molecule:Multiple occupancies found: CA in SER B 61.
2024-02-28 14:07:05,686 WARNING:main.py:418:setup_molecule:Multiple occupancies found: C in SER B 61.
2024-02-28 14:07:05,686 WARNING:main.py:418:setup_molecule:Multiple occupancies found: O in SER B 61.
2024-02-28 14:07:05,686 WARNING:main.py:418:setup_molecule:Multiple occupancies found: CB in SER B 61.
2024-02-28 14:07:05,686 WARNING:main.py:418:setup_molecule:Multiple occupancies found: OG in SER B 61.
2024-02-28 14:07:05,686 WARNING:main.py:424:setup_molecule:Multiple occupancies found in SER B 61. At least one of the instances is being ignored.
2024-02-28 14:07:06,664 WARNING:main.py:311:print_pqr:Ignoring 3747 header lines in output.
2024-02-28 14:07:06,665 WARNING:main.py:315:print_pqr:Ignoring 93 missing lines in output.
