2024-02-28 14:07:18,258 WARNING:biomolecule.py:992:create_residue:Unable to find amino or nucleic acid definition for TPO.  Parsing as new residue.
2024-02-28 14:07:18,847 WARNING:biomolecule.py:992:create_residue:Unable to find amino or nucleic acid definition for SEP.  Parsing as new residue.
2024-02-28 14:07:18,849 WARNING:biomolecule.py:992:create_residue:Unable to find amino or nucleic acid definition for R69.  Parsing as new residue.
2024-02-28 14:07:18,850 WARNING:biomolecule.py:992:create_residue:Unable to find amino or nucleic acid definition for BU3.  Parsing as new residue.
2024-02-28 14:07:18,851 WARNING:biomolecule.py:992:create_residue:Unable to find amino or nucleic acid definition for BU3.  Parsing as new residue.
2024-02-28 14:07:18,851 WARNING:biomolecule.py:992:create_residue:Unable to find amino or nucleic acid definition for BU3.  Parsing as new residue.
2024-02-28 14:07:18,948 WARNING:biomolecule.py:157:num_missing_heavy:Missing atom CD in residue LYS A 285
2024-02-28 14:07:18,948 WARNING:biomolecule.py:157:num_missing_heavy:Missing atom CE in residue LYS A 285
2024-02-28 14:07:18,948 WARNING:biomolecule.py:157:num_missing_heavy:Missing atom NZ in residue LYS A 285
2024-02-28 14:07:18,948 WARNING:biomolecule.py:157:num_missing_heavy:Missing atom CD in residue LYS A 295
2024-02-28 14:07:18,948 WARNING:biomolecule.py:157:num_missing_heavy:Missing atom CE in residue LYS A 295
2024-02-28 14:07:18,948 WARNING:biomolecule.py:157:num_missing_heavy:Missing atom NZ in residue LYS A 295
2024-02-28 14:07:18,948 WARNING:biomolecule.py:157:num_missing_heavy:Missing atom CG in residue GLU A 331
2024-02-28 14:07:18,949 WARNING:biomolecule.py:157:num_missing_heavy:Missing atom CD in residue GLU A 331
2024-02-28 14:07:18,949 WARNING:biomolecule.py:157:num_missing_heavy:Missing atom OE1 in residue GLU A 331
2024-02-28 14:07:18,961 WARNING:biomolecule.py:157:num_missing_heavy:Missing atom OE2 in residue GLU A 331
2024-02-28 14:07:18,962 WARNING:biomolecule.py:157:num_missing_heavy:Missing atom CG in residue GLU A 333
2024-02-28 14:07:18,962 WARNING:biomolecule.py:157:num_missing_heavy:Missing atom CD in residue GLU A 333
2024-02-28 14:07:18,962 WARNING:biomolecule.py:157:num_missing_heavy:Missing atom OE1 in residue GLU A 333
2024-02-28 14:07:18,969 WARNING:biomolecule.py:157:num_missing_heavy:Missing atom OE2 in residue GLU A 333
2024-02-28 14:07:18,969 WARNING:biomolecule.py:157:num_missing_heavy:Missing atom CG in residue GLU A 334
2024-02-28 14:07:18,969 WARNING:biomolecule.py:157:num_missing_heavy:Missing atom CD in residue GLU A 334
2024-02-28 14:07:18,969 WARNING:biomolecule.py:157:num_missing_heavy:Missing atom OE1 in residue GLU A 334
2024-02-28 14:07:18,969 WARNING:biomolecule.py:157:num_missing_heavy:Missing atom OE2 in residue GLU A 334
2024-02-28 14:07:18,969 WARNING:biomolecule.py:157:num_missing_heavy:Missing atom CG in residue ARG A 336
2024-02-28 14:07:18,969 WARNING:biomolecule.py:157:num_missing_heavy:Missing atom CD in residue ARG A 336
2024-02-28 14:07:18,969 WARNING:biomolecule.py:157:num_missing_heavy:Missing atom NE in residue ARG A 336
2024-02-28 14:07:18,969 WARNING:biomolecule.py:157:num_missing_heavy:Missing atom CZ in residue ARG A 336
2024-02-28 14:07:18,969 WARNING:biomolecule.py:157:num_missing_heavy:Missing atom NH1 in residue ARG A 336
2024-02-28 14:07:18,969 WARNING:biomolecule.py:157:num_missing_heavy:Missing atom NH2 in residue ARG A 336
2024-02-28 14:07:18,970 WARNING:biomolecule.py:157:num_missing_heavy:Missing atom CD in residue LYS A 345
2024-02-28 14:07:18,970 WARNING:biomolecule.py:157:num_missing_heavy:Missing atom CE in residue LYS A 345
2024-02-28 14:07:18,970 WARNING:biomolecule.py:157:num_missing_heavy:Missing atom NZ in residue LYS A 345
2024-02-28 14:07:18,971 WARNING:biomolecule.py:157:num_missing_heavy:Missing atom CD in residue LYS A 285
2024-02-28 14:07:18,971 WARNING:biomolecule.py:157:num_missing_heavy:Missing atom CE in residue LYS A 285
2024-02-28 14:07:18,971 WARNING:biomolecule.py:157:num_missing_heavy:Missing atom NZ in residue LYS A 285
2024-02-28 14:07:18,971 WARNING:biomolecule.py:157:num_missing_heavy:Missing atom CD in residue LYS A 295
2024-02-28 14:07:18,971 WARNING:biomolecule.py:157:num_missing_heavy:Missing atom CE in residue LYS A 295
2024-02-28 14:07:18,971 WARNING:biomolecule.py:157:num_missing_heavy:Missing atom NZ in residue LYS A 295
2024-02-28 14:07:18,971 WARNING:biomolecule.py:157:num_missing_heavy:Missing atom CG in residue GLU A 331
2024-02-28 14:07:18,977 WARNING:biomolecule.py:157:num_missing_heavy:Missing atom CD in residue GLU A 331
2024-02-28 14:07:18,977 WARNING:biomolecule.py:157:num_missing_heavy:Missing atom OE1 in residue GLU A 331
2024-02-28 14:07:18,977 WARNING:biomolecule.py:157:num_missing_heavy:Missing atom OE2 in residue GLU A 331
2024-02-28 14:07:18,977 WARNING:biomolecule.py:157:num_missing_heavy:Missing atom CG in residue GLU A 333
2024-02-28 14:07:18,978 WARNING:biomolecule.py:157:num_missing_heavy:Missing atom CD in residue GLU A 333
2024-02-28 14:07:18,978 WARNING:biomolecule.py:157:num_missing_heavy:Missing atom OE1 in residue GLU A 333
2024-02-28 14:07:18,978 WARNING:biomolecule.py:157:num_missing_heavy:Missing atom OE2 in residue GLU A 333
2024-02-28 14:07:18,978 WARNING:biomolecule.py:157:num_missing_heavy:Missing atom CG in residue GLU A 334
2024-02-28 14:07:18,978 WARNING:biomolecule.py:157:num_missing_heavy:Missing atom CD in residue GLU A 334
2024-02-28 14:07:18,978 WARNING:biomolecule.py:157:num_missing_heavy:Missing atom OE1 in residue GLU A 334
2024-02-28 14:07:18,978 WARNING:biomolecule.py:157:num_missing_heavy:Missing atom OE2 in residue GLU A 334
2024-02-28 14:07:18,978 WARNING:biomolecule.py:157:num_missing_heavy:Missing atom CG in residue ARG A 336
2024-02-28 14:07:18,978 WARNING:biomolecule.py:157:num_missing_heavy:Missing atom CD in residue ARG A 336
2024-02-28 14:07:18,978 WARNING:biomolecule.py:157:num_missing_heavy:Missing atom NE in residue ARG A 336
2024-02-28 14:07:18,978 WARNING:biomolecule.py:157:num_missing_heavy:Missing atom CZ in residue ARG A 336
2024-02-28 14:07:18,978 WARNING:biomolecule.py:157:num_missing_heavy:Missing atom NH1 in residue ARG A 336
2024-02-28 14:07:18,978 WARNING:biomolecule.py:157:num_missing_heavy:Missing atom NH2 in residue ARG A 336
2024-02-28 14:07:18,978 WARNING:biomolecule.py:157:num_missing_heavy:Missing atom CD in residue LYS A 345
2024-02-28 14:07:18,978 WARNING:biomolecule.py:157:num_missing_heavy:Missing atom CE in residue LYS A 345
2024-02-28 14:07:18,978 WARNING:biomolecule.py:157:num_missing_heavy:Missing atom NZ in residue LYS A 345
2024-02-28 14:07:19,183 WARNING:biomolecule.py:157:num_missing_heavy:Missing atom CD in residue LYS A 285
2024-02-28 14:07:19,183 WARNING:biomolecule.py:157:num_missing_heavy:Missing atom CE in residue LYS A 285
2024-02-28 14:07:19,183 WARNING:biomolecule.py:157:num_missing_heavy:Missing atom NZ in residue LYS A 285
2024-02-28 14:07:19,183 WARNING:biomolecule.py:157:num_missing_heavy:Missing atom CD in residue LYS A 295
2024-02-28 14:07:19,183 WARNING:biomolecule.py:157:num_missing_heavy:Missing atom CE in residue LYS A 295
2024-02-28 14:07:19,183 WARNING:biomolecule.py:157:num_missing_heavy:Missing atom NZ in residue LYS A 295
2024-02-28 14:07:19,183 WARNING:biomolecule.py:157:num_missing_heavy:Missing atom CG in residue GLU A 331
2024-02-28 14:07:19,183 WARNING:biomolecule.py:157:num_missing_heavy:Missing atom CD in residue GLU A 331
2024-02-28 14:07:19,183 WARNING:biomolecule.py:157:num_missing_heavy:Missing atom OE1 in residue GLU A 331
2024-02-28 14:07:19,183 WARNING:biomolecule.py:157:num_missing_heavy:Missing atom OE2 in residue GLU A 331
2024-02-28 14:07:19,183 WARNING:biomolecule.py:157:num_missing_heavy:Missing atom CG in residue GLU A 333
2024-02-28 14:07:19,183 WARNING:biomolecule.py:157:num_missing_heavy:Missing atom CD in residue GLU A 333
2024-02-28 14:07:19,183 WARNING:biomolecule.py:157:num_missing_heavy:Missing atom OE1 in residue GLU A 333
2024-02-28 14:07:19,183 WARNING:biomolecule.py:157:num_missing_heavy:Missing atom OE2 in residue GLU A 333
2024-02-28 14:07:19,183 WARNING:biomolecule.py:157:num_missing_heavy:Missing atom CG in residue GLU A 334
2024-02-28 14:07:19,183 WARNING:biomolecule.py:157:num_missing_heavy:Missing atom CD in residue GLU A 334
2024-02-28 14:07:19,183 WARNING:biomolecule.py:157:num_missing_heavy:Missing atom OE1 in residue GLU A 334
2024-02-28 14:07:19,183 WARNING:biomolecule.py:157:num_missing_heavy:Missing atom OE2 in residue GLU A 334
2024-02-28 14:07:19,183 WARNING:biomolecule.py:157:num_missing_heavy:Missing atom CG in residue ARG A 336
2024-02-28 14:07:19,183 WARNING:biomolecule.py:157:num_missing_heavy:Missing atom CD in residue ARG A 336
2024-02-28 14:07:19,184 WARNING:biomolecule.py:157:num_missing_heavy:Missing atom NE in residue ARG A 336
2024-02-28 14:07:19,184 WARNING:biomolecule.py:157:num_missing_heavy:Missing atom CZ in residue ARG A 336
2024-02-28 14:07:19,184 WARNING:biomolecule.py:157:num_missing_heavy:Missing atom NH1 in residue ARG A 336
2024-02-28 14:07:19,184 WARNING:biomolecule.py:157:num_missing_heavy:Missing atom NH2 in residue ARG A 336
2024-02-28 14:07:19,184 WARNING:biomolecule.py:157:num_missing_heavy:Missing atom CD in residue LYS A 345
2024-02-28 14:07:19,184 WARNING:biomolecule.py:157:num_missing_heavy:Missing atom CE in residue LYS A 345
2024-02-28 14:07:19,184 WARNING:biomolecule.py:157:num_missing_heavy:Missing atom NZ in residue LYS A 345
2024-02-28 14:07:22,067 WARNING:main.py:311:print_pqr:Ignoring 3303 header lines in output.
2024-02-28 14:07:22,067 WARNING:main.py:315:print_pqr:Ignoring 76 missing lines in output.
