2024-02-28 14:07:17,249 WARNING:biomolecule.py:992:create_residue:Unable to find amino or nucleic acid definition for TYS.  Parsing as new residue.
2024-02-28 14:07:17,430 WARNING:biomolecule.py:992:create_residue:Unable to find amino or nucleic acid definition for NA.  Parsing as new residue.
2024-02-28 14:07:17,430 WARNING:biomolecule.py:992:create_residue:Unable to find amino or nucleic acid definition for NA.  Parsing as new residue.
2024-02-28 14:07:17,430 WARNING:biomolecule.py:992:create_residue:Unable to find amino or nucleic acid definition for QWE.  Parsing as new residue.
2024-02-28 14:07:17,438 WARNING:biomolecule.py:615:update_bonds:Gap in backbone detected between GLU H 146 and GLY H 150!
2024-02-28 14:07:17,462 WARNING:biomolecule.py:157:num_missing_heavy:Missing atom CB in residue ASN H 62
2024-02-28 14:07:17,462 WARNING:biomolecule.py:157:num_missing_heavy:Missing atom CG in residue ASN H 62
2024-02-28 14:07:17,462 WARNING:biomolecule.py:157:num_missing_heavy:Missing atom OD1 in residue ASN H 62
2024-02-28 14:07:17,462 WARNING:biomolecule.py:157:num_missing_heavy:Missing atom ND2 in residue ASN H 62
2024-02-28 14:07:17,463 WARNING:biomolecule.py:157:num_missing_heavy:Missing atom CB in residue ARG H 75
2024-02-28 14:07:17,463 WARNING:biomolecule.py:157:num_missing_heavy:Missing atom CG in residue ARG H 75
2024-02-28 14:07:17,463 WARNING:biomolecule.py:157:num_missing_heavy:Missing atom CD in residue ARG H 75
2024-02-28 14:07:17,463 WARNING:biomolecule.py:157:num_missing_heavy:Missing atom NE in residue ARG H 75
2024-02-28 14:07:17,463 WARNING:biomolecule.py:157:num_missing_heavy:Missing atom CZ in residue ARG H 75
2024-02-28 14:07:17,463 WARNING:biomolecule.py:157:num_missing_heavy:Missing atom NH1 in residue ARG H 75
2024-02-28 14:07:17,463 WARNING:biomolecule.py:157:num_missing_heavy:Missing atom NH2 in residue ARG H 75
2024-02-28 14:07:17,463 WARNING:biomolecule.py:157:num_missing_heavy:Missing atom CB in residue ARG H 77A
2024-02-28 14:07:17,463 WARNING:biomolecule.py:157:num_missing_heavy:Missing atom CG in residue ARG H 77A
2024-02-28 14:07:17,463 WARNING:biomolecule.py:157:num_missing_heavy:Missing atom CD in residue ARG H 77A
2024-02-28 14:07:17,463 WARNING:biomolecule.py:157:num_missing_heavy:Missing atom NE in residue ARG H 77A
2024-02-28 14:07:17,463 WARNING:biomolecule.py:157:num_missing_heavy:Missing atom CZ in residue ARG H 77A
2024-02-28 14:07:17,463 WARNING:biomolecule.py:157:num_missing_heavy:Missing atom NH1 in residue ARG H 77A
2024-02-28 14:07:17,463 WARNING:biomolecule.py:157:num_missing_heavy:Missing atom NH2 in residue ARG H 77A
2024-02-28 14:07:17,463 WARNING:biomolecule.py:157:num_missing_heavy:Missing atom CG in residue LYS H 110
2024-02-28 14:07:17,463 WARNING:biomolecule.py:157:num_missing_heavy:Missing atom CD in residue LYS H 110
2024-02-28 14:07:17,463 WARNING:biomolecule.py:157:num_missing_heavy:Missing atom CE in residue LYS H 110
2024-02-28 14:07:17,463 WARNING:biomolecule.py:157:num_missing_heavy:Missing atom NZ in residue LYS H 110
2024-02-28 14:07:17,463 WARNING:biomolecule.py:157:num_missing_heavy:Missing atom CG in residue ASP H 125
2024-02-28 14:07:17,464 WARNING:biomolecule.py:157:num_missing_heavy:Missing atom OD1 in residue ASP H 125
2024-02-28 14:07:17,464 WARNING:biomolecule.py:157:num_missing_heavy:Missing atom OD2 in residue ASP H 125
2024-02-28 14:07:17,464 WARNING:biomolecule.py:157:num_missing_heavy:Missing atom CG in residue LYS H 145
2024-02-28 14:07:17,464 WARNING:biomolecule.py:157:num_missing_heavy:Missing atom CD in residue LYS H 145
2024-02-28 14:07:17,464 WARNING:biomolecule.py:157:num_missing_heavy:Missing atom CE in residue LYS H 145
2024-02-28 14:07:17,464 WARNING:biomolecule.py:157:num_missing_heavy:Missing atom NZ in residue LYS H 145
2024-02-28 14:07:17,464 WARNING:biomolecule.py:157:num_missing_heavy:Missing atom CB in residue ASP H 186A
2024-02-28 14:07:17,464 WARNING:biomolecule.py:157:num_missing_heavy:Missing atom CG in residue ASP H 186A
2024-02-28 14:07:17,464 WARNING:biomolecule.py:157:num_missing_heavy:Missing atom OD1 in residue ASP H 186A
2024-02-28 14:07:17,464 WARNING:biomolecule.py:157:num_missing_heavy:Missing atom OD2 in residue ASP H 186A
2024-02-28 14:07:17,465 WARNING:biomolecule.py:157:num_missing_heavy:Missing atom CD in residue LYS H 240
2024-02-28 14:07:17,465 WARNING:biomolecule.py:157:num_missing_heavy:Missing atom CE in residue LYS H 240
2024-02-28 14:07:17,465 WARNING:biomolecule.py:157:num_missing_heavy:Missing atom NZ in residue LYS H 240
2024-02-28 14:07:17,466 WARNING:biomolecule.py:157:num_missing_heavy:Missing atom CB in residue GLN H 244
2024-02-28 14:07:17,466 WARNING:biomolecule.py:157:num_missing_heavy:Missing atom CG in residue GLN H 244
2024-02-28 14:07:17,466 WARNING:biomolecule.py:157:num_missing_heavy:Missing atom CD in residue GLN H 244
2024-02-28 14:07:17,466 WARNING:biomolecule.py:157:num_missing_heavy:Missing atom OE1 in residue GLN H 244
2024-02-28 14:07:17,466 WARNING:biomolecule.py:157:num_missing_heavy:Missing atom NE2 in residue GLN H 244
2024-02-28 14:07:17,466 WARNING:biomolecule.py:157:num_missing_heavy:Missing atom OXT in residue GLN H 244
2024-02-28 14:07:17,466 WARNING:biomolecule.py:157:num_missing_heavy:Missing atom CB in residue ASP I 355
2024-02-28 14:07:17,466 WARNING:biomolecule.py:157:num_missing_heavy:Missing atom CG in residue ASP I 355
2024-02-28 14:07:17,466 WARNING:biomolecule.py:157:num_missing_heavy:Missing atom OD1 in residue ASP I 355
2024-02-28 14:07:17,466 WARNING:biomolecule.py:157:num_missing_heavy:Missing atom OD2 in residue ASP I 355
2024-02-28 14:07:17,466 WARNING:biomolecule.py:157:num_missing_heavy:Missing atom CB in residue GLU I 358
2024-02-28 14:07:17,466 WARNING:biomolecule.py:157:num_missing_heavy:Missing atom CG in residue GLU I 358
2024-02-28 14:07:17,466 WARNING:biomolecule.py:157:num_missing_heavy:Missing atom CD in residue GLU I 358
2024-02-28 14:07:17,466 WARNING:biomolecule.py:157:num_missing_heavy:Missing atom OE1 in residue GLU I 358
2024-02-28 14:07:17,466 WARNING:biomolecule.py:157:num_missing_heavy:Missing atom OE2 in residue GLU I 358
2024-02-28 14:07:17,467 WARNING:biomolecule.py:157:num_missing_heavy:Missing atom CG in residue GLU I 361
2024-02-28 14:07:17,467 WARNING:biomolecule.py:157:num_missing_heavy:Missing atom CD in residue GLU I 361
2024-02-28 14:07:17,467 WARNING:biomolecule.py:157:num_missing_heavy:Missing atom OE1 in residue GLU I 361
2024-02-28 14:07:17,467 WARNING:biomolecule.py:157:num_missing_heavy:Missing atom OE2 in residue GLU I 361
2024-02-28 14:07:17,467 WARNING:biomolecule.py:157:num_missing_heavy:Missing atom CG in residue GLU I 362
2024-02-28 14:07:17,467 WARNING:biomolecule.py:157:num_missing_heavy:Missing atom CD in residue GLU I 362
2024-02-28 14:07:17,467 WARNING:biomolecule.py:157:num_missing_heavy:Missing atom OE1 in residue GLU I 362
2024-02-28 14:07:17,467 WARNING:biomolecule.py:157:num_missing_heavy:Missing atom OE2 in residue GLU I 362
2024-02-28 14:07:17,468 WARNING:biomolecule.py:157:num_missing_heavy:Missing atom OXT in residue GLU I 362
2024-02-28 14:07:17,468 WARNING:biomolecule.py:157:num_missing_heavy:Missing atom CG in residue LYS L 14A
2024-02-28 14:07:17,468 WARNING:biomolecule.py:157:num_missing_heavy:Missing atom CD in residue LYS L 14A
2024-02-28 14:07:17,468 WARNING:biomolecule.py:157:num_missing_heavy:Missing atom CE in residue LYS L 14A
2024-02-28 14:07:17,468 WARNING:biomolecule.py:157:num_missing_heavy:Missing atom NZ in residue LYS L 14A
2024-02-28 14:07:17,468 WARNING:biomolecule.py:157:num_missing_heavy:Missing atom CG in residue ARG L 14D
2024-02-28 14:07:17,469 WARNING:biomolecule.py:157:num_missing_heavy:Missing atom CD in residue ARG L 14D
2024-02-28 14:07:17,469 WARNING:biomolecule.py:157:num_missing_heavy:Missing atom NE in residue ARG L 14D
2024-02-28 14:07:17,469 WARNING:biomolecule.py:157:num_missing_heavy:Missing atom CZ in residue ARG L 14D
2024-02-28 14:07:17,469 WARNING:biomolecule.py:157:num_missing_heavy:Missing atom NH1 in residue ARG L 14D
2024-02-28 14:07:17,469 WARNING:biomolecule.py:157:num_missing_heavy:Missing atom NH2 in residue ARG L 14D
2024-02-28 14:07:17,469 WARNING:biomolecule.py:157:num_missing_heavy:Missing atom CB in residue ILE L 14K
2024-02-28 14:07:17,469 WARNING:biomolecule.py:157:num_missing_heavy:Missing atom CG1 in residue ILE L 14K
2024-02-28 14:07:17,469 WARNING:biomolecule.py:157:num_missing_heavy:Missing atom CG2 in residue ILE L 14K
2024-02-28 14:07:17,469 WARNING:biomolecule.py:157:num_missing_heavy:Missing atom CD1 in residue ILE L 14K
2024-02-28 14:07:17,469 WARNING:biomolecule.py:157:num_missing_heavy:Missing atom OXT in residue ILE L 14K
2024-02-28 14:07:17,470 WARNING:biomolecule.py:157:num_missing_heavy:Missing atom CB in residue ASN H 62
2024-02-28 14:07:17,470 WARNING:biomolecule.py:157:num_missing_heavy:Missing atom CG in residue ASN H 62
2024-02-28 14:07:17,470 WARNING:biomolecule.py:157:num_missing_heavy:Missing atom OD1 in residue ASN H 62
2024-02-28 14:07:17,470 WARNING:biomolecule.py:157:num_missing_heavy:Missing atom ND2 in residue ASN H 62
2024-02-28 14:07:17,470 WARNING:biomolecule.py:157:num_missing_heavy:Missing atom CB in residue ARG H 75
2024-02-28 14:07:17,470 WARNING:biomolecule.py:157:num_missing_heavy:Missing atom CG in residue ARG H 75
2024-02-28 14:07:17,470 WARNING:biomolecule.py:157:num_missing_heavy:Missing atom CD in residue ARG H 75
2024-02-28 14:07:17,470 WARNING:biomolecule.py:157:num_missing_heavy:Missing atom NE in residue ARG H 75
2024-02-28 14:07:17,470 WARNING:biomolecule.py:157:num_missing_heavy:Missing atom CZ in residue ARG H 75
2024-02-28 14:07:17,470 WARNING:biomolecule.py:157:num_missing_heavy:Missing atom NH1 in residue ARG H 75
2024-02-28 14:07:17,470 WARNING:biomolecule.py:157:num_missing_heavy:Missing atom NH2 in residue ARG H 75
2024-02-28 14:07:17,470 WARNING:biomolecule.py:157:num_missing_heavy:Missing atom CB in residue ARG H 77A
2024-02-28 14:07:17,470 WARNING:biomolecule.py:157:num_missing_heavy:Missing atom CG in residue ARG H 77A
2024-02-28 14:07:17,472 WARNING:biomolecule.py:157:num_missing_heavy:Missing atom CD in residue ARG H 77A
2024-02-28 14:07:17,473 WARNING:biomolecule.py:157:num_missing_heavy:Missing atom NE in residue ARG H 77A
2024-02-28 14:07:17,473 WARNING:biomolecule.py:157:num_missing_heavy:Missing atom CZ in residue ARG H 77A
2024-02-28 14:07:17,473 WARNING:biomolecule.py:157:num_missing_heavy:Missing atom NH1 in residue ARG H 77A
2024-02-28 14:07:17,473 WARNING:biomolecule.py:157:num_missing_heavy:Missing atom NH2 in residue ARG H 77A
2024-02-28 14:07:17,473 WARNING:biomolecule.py:157:num_missing_heavy:Missing atom CG in residue LYS H 110
2024-02-28 14:07:17,474 WARNING:biomolecule.py:157:num_missing_heavy:Missing atom CD in residue LYS H 110
2024-02-28 14:07:17,474 WARNING:biomolecule.py:157:num_missing_heavy:Missing atom CE in residue LYS H 110
2024-02-28 14:07:17,474 WARNING:biomolecule.py:157:num_missing_heavy:Missing atom NZ in residue LYS H 110
2024-02-28 14:07:17,474 WARNING:biomolecule.py:157:num_missing_heavy:Missing atom CG in residue ASP H 125
2024-02-28 14:07:17,474 WARNING:biomolecule.py:157:num_missing_heavy:Missing atom OD1 in residue ASP H 125
2024-02-28 14:07:17,474 WARNING:biomolecule.py:157:num_missing_heavy:Missing atom OD2 in residue ASP H 125
2024-02-28 14:07:17,474 WARNING:biomolecule.py:157:num_missing_heavy:Missing atom CG in residue LYS H 145
2024-02-28 14:07:17,474 WARNING:biomolecule.py:157:num_missing_heavy:Missing atom CD in residue LYS H 145
2024-02-28 14:07:17,474 WARNING:biomolecule.py:157:num_missing_heavy:Missing atom CE in residue LYS H 145
2024-02-28 14:07:17,474 WARNING:biomolecule.py:157:num_missing_heavy:Missing atom NZ in residue LYS H 145
2024-02-28 14:07:17,474 WARNING:biomolecule.py:157:num_missing_heavy:Missing atom CB in residue ASP H 186A
2024-02-28 14:07:17,474 WARNING:biomolecule.py:157:num_missing_heavy:Missing atom CG in residue ASP H 186A
2024-02-28 14:07:17,474 WARNING:biomolecule.py:157:num_missing_heavy:Missing atom OD1 in residue ASP H 186A
2024-02-28 14:07:17,474 WARNING:biomolecule.py:157:num_missing_heavy:Missing atom OD2 in residue ASP H 186A
2024-02-28 14:07:17,475 WARNING:biomolecule.py:157:num_missing_heavy:Missing atom CD in residue LYS H 240
2024-02-28 14:07:17,475 WARNING:biomolecule.py:157:num_missing_heavy:Missing atom CE in residue LYS H 240
2024-02-28 14:07:17,475 WARNING:biomolecule.py:157:num_missing_heavy:Missing atom NZ in residue LYS H 240
2024-02-28 14:07:17,475 WARNING:biomolecule.py:157:num_missing_heavy:Missing atom CB in residue GLN H 244
2024-02-28 14:07:17,475 WARNING:biomolecule.py:157:num_missing_heavy:Missing atom CG in residue GLN H 244
2024-02-28 14:07:17,475 WARNING:biomolecule.py:157:num_missing_heavy:Missing atom CD in residue GLN H 244
2024-02-28 14:07:17,475 WARNING:biomolecule.py:157:num_missing_heavy:Missing atom OE1 in residue GLN H 244
2024-02-28 14:07:17,475 WARNING:biomolecule.py:157:num_missing_heavy:Missing atom NE2 in residue GLN H 244
2024-02-28 14:07:17,475 WARNING:biomolecule.py:157:num_missing_heavy:Missing atom OXT in residue GLN H 244
2024-02-28 14:07:17,475 WARNING:biomolecule.py:157:num_missing_heavy:Missing atom CB in residue ASP I 355
2024-02-28 14:07:17,475 WARNING:biomolecule.py:157:num_missing_heavy:Missing atom CG in residue ASP I 355
2024-02-28 14:07:17,475 WARNING:biomolecule.py:157:num_missing_heavy:Missing atom OD1 in residue ASP I 355
2024-02-28 14:07:17,475 WARNING:biomolecule.py:157:num_missing_heavy:Missing atom OD2 in residue ASP I 355
2024-02-28 14:07:17,475 WARNING:biomolecule.py:157:num_missing_heavy:Missing atom CB in residue GLU I 358
2024-02-28 14:07:17,475 WARNING:biomolecule.py:157:num_missing_heavy:Missing atom CG in residue GLU I 358
2024-02-28 14:07:17,475 WARNING:biomolecule.py:157:num_missing_heavy:Missing atom CD in residue GLU I 358
2024-02-28 14:07:17,475 WARNING:biomolecule.py:157:num_missing_heavy:Missing atom OE1 in residue GLU I 358
2024-02-28 14:07:17,475 WARNING:biomolecule.py:157:num_missing_heavy:Missing atom OE2 in residue GLU I 358
2024-02-28 14:07:17,475 WARNING:biomolecule.py:157:num_missing_heavy:Missing atom CG in residue GLU I 361
2024-02-28 14:07:17,476 WARNING:biomolecule.py:157:num_missing_heavy:Missing atom CD in residue GLU I 361
2024-02-28 14:07:17,476 WARNING:biomolecule.py:157:num_missing_heavy:Missing atom OE1 in residue GLU I 361
2024-02-28 14:07:17,476 WARNING:biomolecule.py:157:num_missing_heavy:Missing atom OE2 in residue GLU I 361
2024-02-28 14:07:17,476 WARNING:biomolecule.py:157:num_missing_heavy:Missing atom CG in residue GLU I 362
2024-02-28 14:07:17,476 WARNING:biomolecule.py:157:num_missing_heavy:Missing atom CD in residue GLU I 362
2024-02-28 14:07:17,476 WARNING:biomolecule.py:157:num_missing_heavy:Missing atom OE1 in residue GLU I 362
2024-02-28 14:07:17,476 WARNING:biomolecule.py:157:num_missing_heavy:Missing atom OE2 in residue GLU I 362
2024-02-28 14:07:17,476 WARNING:biomolecule.py:157:num_missing_heavy:Missing atom OXT in residue GLU I 362
2024-02-28 14:07:17,476 WARNING:biomolecule.py:157:num_missing_heavy:Missing atom CG in residue LYS L 14A
2024-02-28 14:07:17,476 WARNING:biomolecule.py:157:num_missing_heavy:Missing atom CD in residue LYS L 14A
2024-02-28 14:07:17,476 WARNING:biomolecule.py:157:num_missing_heavy:Missing atom CE in residue LYS L 14A
2024-02-28 14:07:17,476 WARNING:biomolecule.py:157:num_missing_heavy:Missing atom NZ in residue LYS L 14A
2024-02-28 14:07:17,481 WARNING:biomolecule.py:157:num_missing_heavy:Missing atom CG in residue ARG L 14D
2024-02-28 14:07:17,481 WARNING:biomolecule.py:157:num_missing_heavy:Missing atom CD in residue ARG L 14D
2024-02-28 14:07:17,481 WARNING:biomolecule.py:157:num_missing_heavy:Missing atom NE in residue ARG L 14D
2024-02-28 14:07:17,481 WARNING:biomolecule.py:157:num_missing_heavy:Missing atom CZ in residue ARG L 14D
2024-02-28 14:07:17,481 WARNING:biomolecule.py:157:num_missing_heavy:Missing atom NH1 in residue ARG L 14D
2024-02-28 14:07:17,481 WARNING:biomolecule.py:157:num_missing_heavy:Missing atom NH2 in residue ARG L 14D
2024-02-28 14:07:17,481 WARNING:biomolecule.py:157:num_missing_heavy:Missing atom CB in residue ILE L 14K
2024-02-28 14:07:17,481 WARNING:biomolecule.py:157:num_missing_heavy:Missing atom CG1 in residue ILE L 14K
2024-02-28 14:07:17,481 WARNING:biomolecule.py:157:num_missing_heavy:Missing atom CG2 in residue ILE L 14K
2024-02-28 14:07:17,481 WARNING:biomolecule.py:157:num_missing_heavy:Missing atom CD1 in residue ILE L 14K
2024-02-28 14:07:17,481 WARNING:biomolecule.py:157:num_missing_heavy:Missing atom OXT in residue ILE L 14K
2024-02-28 14:07:17,482 WARNING:biomolecule.py:157:num_missing_heavy:Missing atom CB in residue ASN H 62
2024-02-28 14:07:17,482 WARNING:biomolecule.py:157:num_missing_heavy:Missing atom CG in residue ASN H 62
2024-02-28 14:07:17,482 WARNING:biomolecule.py:157:num_missing_heavy:Missing atom OD1 in residue ASN H 62
2024-02-28 14:07:17,482 WARNING:biomolecule.py:157:num_missing_heavy:Missing atom ND2 in residue ASN H 62
2024-02-28 14:07:17,482 WARNING:biomolecule.py:157:num_missing_heavy:Missing atom CB in residue ARG H 75
2024-02-28 14:07:17,482 WARNING:biomolecule.py:157:num_missing_heavy:Missing atom CG in residue ARG H 75
2024-02-28 14:07:17,482 WARNING:biomolecule.py:157:num_missing_heavy:Missing atom CD in residue ARG H 75
2024-02-28 14:07:17,482 WARNING:biomolecule.py:157:num_missing_heavy:Missing atom NE in residue ARG H 75
2024-02-28 14:07:17,482 WARNING:biomolecule.py:157:num_missing_heavy:Missing atom CZ in residue ARG H 75
2024-02-28 14:07:17,482 WARNING:biomolecule.py:157:num_missing_heavy:Missing atom NH1 in residue ARG H 75
2024-02-28 14:07:17,482 WARNING:biomolecule.py:157:num_missing_heavy:Missing atom NH2 in residue ARG H 75
2024-02-28 14:07:17,482 WARNING:biomolecule.py:157:num_missing_heavy:Missing atom CB in residue ARG H 77A
2024-02-28 14:07:17,482 WARNING:biomolecule.py:157:num_missing_heavy:Missing atom CG in residue ARG H 77A
2024-02-28 14:07:17,482 WARNING:biomolecule.py:157:num_missing_heavy:Missing atom CD in residue ARG H 77A
2024-02-28 14:07:17,482 WARNING:biomolecule.py:157:num_missing_heavy:Missing atom NE in residue ARG H 77A
2024-02-28 14:07:17,482 WARNING:biomolecule.py:157:num_missing_heavy:Missing atom CZ in residue ARG H 77A
2024-02-28 14:07:17,482 WARNING:biomolecule.py:157:num_missing_heavy:Missing atom NH1 in residue ARG H 77A
2024-02-28 14:07:17,482 WARNING:biomolecule.py:157:num_missing_heavy:Missing atom NH2 in residue ARG H 77A
2024-02-28 14:07:17,483 WARNING:biomolecule.py:157:num_missing_heavy:Missing atom CG in residue LYS H 110
2024-02-28 14:07:17,483 WARNING:biomolecule.py:157:num_missing_heavy:Missing atom CD in residue LYS H 110
2024-02-28 14:07:17,483 WARNING:biomolecule.py:157:num_missing_heavy:Missing atom CE in residue LYS H 110
2024-02-28 14:07:17,483 WARNING:biomolecule.py:157:num_missing_heavy:Missing atom NZ in residue LYS H 110
2024-02-28 14:07:17,483 WARNING:biomolecule.py:157:num_missing_heavy:Missing atom CG in residue ASP H 125
2024-02-28 14:07:17,483 WARNING:biomolecule.py:157:num_missing_heavy:Missing atom OD1 in residue ASP H 125
2024-02-28 14:07:17,483 WARNING:biomolecule.py:157:num_missing_heavy:Missing atom OD2 in residue ASP H 125
2024-02-28 14:07:17,483 WARNING:biomolecule.py:157:num_missing_heavy:Missing atom CG in residue LYS H 145
2024-02-28 14:07:17,483 WARNING:biomolecule.py:157:num_missing_heavy:Missing atom CD in residue LYS H 145
2024-02-28 14:07:17,483 WARNING:biomolecule.py:157:num_missing_heavy:Missing atom CE in residue LYS H 145
2024-02-28 14:07:17,483 WARNING:biomolecule.py:157:num_missing_heavy:Missing atom NZ in residue LYS H 145
2024-02-28 14:07:17,483 WARNING:biomolecule.py:157:num_missing_heavy:Missing atom CB in residue ASP H 186A
2024-02-28 14:07:17,483 WARNING:biomolecule.py:157:num_missing_heavy:Missing atom CG in residue ASP H 186A
2024-02-28 14:07:17,483 WARNING:biomolecule.py:157:num_missing_heavy:Missing atom OD1 in residue ASP H 186A
2024-02-28 14:07:17,483 WARNING:biomolecule.py:157:num_missing_heavy:Missing atom OD2 in residue ASP H 186A
2024-02-28 14:07:17,484 WARNING:biomolecule.py:157:num_missing_heavy:Missing atom CD in residue LYS H 240
2024-02-28 14:07:17,484 WARNING:biomolecule.py:157:num_missing_heavy:Missing atom CE in residue LYS H 240
2024-02-28 14:07:17,484 WARNING:biomolecule.py:157:num_missing_heavy:Missing atom NZ in residue LYS H 240
2024-02-28 14:07:17,484 WARNING:biomolecule.py:157:num_missing_heavy:Missing atom CB in residue GLN H 244
2024-02-28 14:07:17,484 WARNING:biomolecule.py:157:num_missing_heavy:Missing atom CG in residue GLN H 244
2024-02-28 14:07:17,484 WARNING:biomolecule.py:157:num_missing_heavy:Missing atom CD in residue GLN H 244
2024-02-28 14:07:17,484 WARNING:biomolecule.py:157:num_missing_heavy:Missing atom OE1 in residue GLN H 244
2024-02-28 14:07:17,484 WARNING:biomolecule.py:157:num_missing_heavy:Missing atom NE2 in residue GLN H 244
2024-02-28 14:07:17,484 WARNING:biomolecule.py:157:num_missing_heavy:Missing atom OXT in residue GLN H 244
2024-02-28 14:07:17,484 WARNING:biomolecule.py:157:num_missing_heavy:Missing atom CB in residue ASP I 355
2024-02-28 14:07:17,484 WARNING:biomolecule.py:157:num_missing_heavy:Missing atom CG in residue ASP I 355
2024-02-28 14:07:17,484 WARNING:biomolecule.py:157:num_missing_heavy:Missing atom OD1 in residue ASP I 355
2024-02-28 14:07:17,484 WARNING:biomolecule.py:157:num_missing_heavy:Missing atom OD2 in residue ASP I 355
2024-02-28 14:07:17,484 WARNING:biomolecule.py:157:num_missing_heavy:Missing atom CB in residue GLU I 358
2024-02-28 14:07:17,484 WARNING:biomolecule.py:157:num_missing_heavy:Missing atom CG in residue GLU I 358
2024-02-28 14:07:17,484 WARNING:biomolecule.py:157:num_missing_heavy:Missing atom CD in residue GLU I 358
2024-02-28 14:07:17,484 WARNING:biomolecule.py:157:num_missing_heavy:Missing atom OE1 in residue GLU I 358
2024-02-28 14:07:17,484 WARNING:biomolecule.py:157:num_missing_heavy:Missing atom OE2 in residue GLU I 358
2024-02-28 14:07:17,484 WARNING:biomolecule.py:157:num_missing_heavy:Missing atom CG in residue GLU I 361
2024-02-28 14:07:17,484 WARNING:biomolecule.py:157:num_missing_heavy:Missing atom CD in residue GLU I 361
2024-02-28 14:07:17,484 WARNING:biomolecule.py:157:num_missing_heavy:Missing atom OE1 in residue GLU I 361
2024-02-28 14:07:17,484 WARNING:biomolecule.py:157:num_missing_heavy:Missing atom OE2 in residue GLU I 361
2024-02-28 14:07:17,484 WARNING:biomolecule.py:157:num_missing_heavy:Missing atom CG in residue GLU I 362
2024-02-28 14:07:17,484 WARNING:biomolecule.py:157:num_missing_heavy:Missing atom CD in residue GLU I 362
2024-02-28 14:07:17,484 WARNING:biomolecule.py:157:num_missing_heavy:Missing atom OE1 in residue GLU I 362
2024-02-28 14:07:17,484 WARNING:biomolecule.py:157:num_missing_heavy:Missing atom OE2 in residue GLU I 362
2024-02-28 14:07:17,484 WARNING:biomolecule.py:157:num_missing_heavy:Missing atom OXT in residue GLU I 362
2024-02-28 14:07:17,484 WARNING:biomolecule.py:157:num_missing_heavy:Missing atom CG in residue LYS L 14A
2024-02-28 14:07:17,484 WARNING:biomolecule.py:157:num_missing_heavy:Missing atom CD in residue LYS L 14A
2024-02-28 14:07:17,485 WARNING:biomolecule.py:157:num_missing_heavy:Missing atom CE in residue LYS L 14A
2024-02-28 14:07:17,485 WARNING:biomolecule.py:157:num_missing_heavy:Missing atom NZ in residue LYS L 14A
2024-02-28 14:07:17,485 WARNING:biomolecule.py:157:num_missing_heavy:Missing atom CG in residue ARG L 14D
2024-02-28 14:07:17,485 WARNING:biomolecule.py:157:num_missing_heavy:Missing atom CD in residue ARG L 14D
2024-02-28 14:07:17,485 WARNING:biomolecule.py:157:num_missing_heavy:Missing atom NE in residue ARG L 14D
2024-02-28 14:07:17,485 WARNING:biomolecule.py:157:num_missing_heavy:Missing atom CZ in residue ARG L 14D
2024-02-28 14:07:17,485 WARNING:biomolecule.py:157:num_missing_heavy:Missing atom NH1 in residue ARG L 14D
2024-02-28 14:07:17,485 WARNING:biomolecule.py:157:num_missing_heavy:Missing atom NH2 in residue ARG L 14D
2024-02-28 14:07:17,485 WARNING:biomolecule.py:157:num_missing_heavy:Missing atom CB in residue ILE L 14K
2024-02-28 14:07:17,485 WARNING:biomolecule.py:157:num_missing_heavy:Missing atom CG1 in residue ILE L 14K
2024-02-28 14:07:17,485 WARNING:biomolecule.py:157:num_missing_heavy:Missing atom CG2 in residue ILE L 14K
2024-02-28 14:07:17,485 WARNING:biomolecule.py:157:num_missing_heavy:Missing atom CD1 in residue ILE L 14K
2024-02-28 14:07:17,485 WARNING:biomolecule.py:157:num_missing_heavy:Missing atom OXT in residue ILE L 14K
2024-02-28 14:07:22,097 WARNING:main.py:311:print_pqr:Ignoring 2754 header lines in output.
2024-02-28 14:07:22,098 WARNING:main.py:315:print_pqr:Ignoring 60 missing lines in output.
