2024-02-28 14:07:17,812 WARNING:biomolecule.py:992:create_residue:Unable to find amino or nucleic acid definition for SB2.  Parsing as new residue.
2024-02-28 14:07:18,228 WARNING:main.py:418:setup_molecule:Multiple occupancies found: N in LEU A 167.
2024-02-28 14:07:18,228 WARNING:main.py:418:setup_molecule:Multiple occupancies found: CA in LEU A 167.
2024-02-28 14:07:18,228 WARNING:main.py:418:setup_molecule:Multiple occupancies found: C in LEU A 167.
2024-02-28 14:07:18,228 WARNING:main.py:418:setup_molecule:Multiple occupancies found: O in LEU A 167.
2024-02-28 14:07:18,228 WARNING:main.py:418:setup_molecule:Multiple occupancies found: CB in LEU A 167.
2024-02-28 14:07:18,228 WARNING:main.py:418:setup_molecule:Multiple occupancies found: CG in LEU A 167.
2024-02-28 14:07:18,228 WARNING:main.py:418:setup_molecule:Multiple occupancies found: CD1 in LEU A 167.
2024-02-28 14:07:18,228 WARNING:main.py:418:setup_molecule:Multiple occupancies found: CD2 in LEU A 167.
2024-02-28 14:07:18,228 WARNING:main.py:424:setup_molecule:Multiple occupancies found in LEU A 167. At least one of the instances is being ignored.
2024-02-28 14:07:18,228 WARNING:main.py:418:setup_molecule:Multiple occupancies found: N in ASP A 168.
2024-02-28 14:07:18,228 WARNING:main.py:418:setup_molecule:Multiple occupancies found: CA in ASP A 168.
2024-02-28 14:07:18,242 WARNING:main.py:418:setup_molecule:Multiple occupancies found: C in ASP A 168.
2024-02-28 14:07:18,242 WARNING:main.py:418:setup_molecule:Multiple occupancies found: O in ASP A 168.
2024-02-28 14:07:18,242 WARNING:main.py:418:setup_molecule:Multiple occupancies found: CB in ASP A 168.
2024-02-28 14:07:18,242 WARNING:main.py:418:setup_molecule:Multiple occupancies found: CG in ASP A 168.
2024-02-28 14:07:18,242 WARNING:main.py:418:setup_molecule:Multiple occupancies found: OD1 in ASP A 168.
2024-02-28 14:07:18,242 WARNING:main.py:418:setup_molecule:Multiple occupancies found: OD2 in ASP A 168.
2024-02-28 14:07:18,242 WARNING:main.py:424:setup_molecule:Multiple occupancies found in ASP A 168. At least one of the instances is being ignored.
2024-02-28 14:07:18,243 WARNING:main.py:418:setup_molecule:Multiple occupancies found: N in PHE A 169.
2024-02-28 14:07:18,243 WARNING:main.py:418:setup_molecule:Multiple occupancies found: CA in PHE A 169.
2024-02-28 14:07:18,243 WARNING:main.py:418:setup_molecule:Multiple occupancies found: C in PHE A 169.
2024-02-28 14:07:18,243 WARNING:main.py:418:setup_molecule:Multiple occupancies found: O in PHE A 169.
2024-02-28 14:07:18,243 WARNING:main.py:418:setup_molecule:Multiple occupancies found: CB in PHE A 169.
2024-02-28 14:07:18,243 WARNING:main.py:418:setup_molecule:Multiple occupancies found: CG in PHE A 169.
2024-02-28 14:07:18,243 WARNING:main.py:418:setup_molecule:Multiple occupancies found: CD1 in PHE A 169.
2024-02-28 14:07:18,243 WARNING:main.py:418:setup_molecule:Multiple occupancies found: CD2 in PHE A 169.
2024-02-28 14:07:18,243 WARNING:main.py:418:setup_molecule:Multiple occupancies found: CE1 in PHE A 169.
2024-02-28 14:07:18,243 WARNING:main.py:418:setup_molecule:Multiple occupancies found: CE2 in PHE A 169.
2024-02-28 14:07:18,243 WARNING:main.py:418:setup_molecule:Multiple occupancies found: CZ in PHE A 169.
2024-02-28 14:07:18,243 WARNING:main.py:424:setup_molecule:Multiple occupancies found in PHE A 169. At least one of the instances is being ignored.
2024-02-28 14:07:18,243 WARNING:main.py:418:setup_molecule:Multiple occupancies found: N in GLY A 170.
2024-02-28 14:07:18,243 WARNING:main.py:418:setup_molecule:Multiple occupancies found: CA in GLY A 170.
2024-02-28 14:07:18,243 WARNING:main.py:418:setup_molecule:Multiple occupancies found: C in GLY A 170.
2024-02-28 14:07:18,243 WARNING:main.py:418:setup_molecule:Multiple occupancies found: O in GLY A 170.
2024-02-28 14:07:18,243 WARNING:main.py:424:setup_molecule:Multiple occupancies found in GLY A 170. At least one of the instances is being ignored.
2024-02-28 14:07:18,250 WARNING:biomolecule.py:615:update_bonds:Gap in backbone detected between ILE A 116 and LEU A 122!
2024-02-28 14:07:18,647 WARNING:biomolecule.py:615:update_bonds:Gap in backbone detected between GLY A 170 and THR A 185!
2024-02-28 14:07:18,647 WARNING:biomolecule.py:615:update_bonds:Gap in backbone detected between ASN A 196 and MET A 198!
2024-02-28 14:07:18,664 WARNING:biomolecule.py:157:num_missing_heavy:Missing atom OXT in residue ASP A 354
2024-02-28 14:07:19,023 WARNING:biomolecule.py:157:num_missing_heavy:Missing atom OXT in residue ASP A 354
2024-02-28 14:07:19,024 WARNING:biomolecule.py:157:num_missing_heavy:Missing atom OXT in residue ASP A 354
2024-02-28 14:07:23,078 WARNING:main.py:311:print_pqr:Ignoring 1674 header lines in output.
2024-02-28 14:07:23,078 WARNING:main.py:315:print_pqr:Ignoring 27 missing lines in output.
