2024-02-28 14:07:05,176 WARNING:biomolecule.py:992:create_residue:Unable to find amino or nucleic acid definition for ZN.  Parsing as new residue.
2024-02-28 14:07:05,176 WARNING:biomolecule.py:992:create_residue:Unable to find amino or nucleic acid definition for ZN.  Parsing as new residue.
2024-02-28 14:07:05,177 WARNING:biomolecule.py:992:create_residue:Unable to find amino or nucleic acid definition for CA.  Parsing as new residue.
2024-02-28 14:07:05,177 WARNING:biomolecule.py:992:create_residue:Unable to find amino or nucleic acid definition for CA.  Parsing as new residue.
2024-02-28 14:07:05,178 WARNING:biomolecule.py:992:create_residue:Unable to find amino or nucleic acid definition for CA.  Parsing as new residue.
2024-02-28 14:07:05,178 WARNING:biomolecule.py:992:create_residue:Unable to find amino or nucleic acid definition for FA4.  Parsing as new residue.
2024-02-28 14:07:05,178 WARNING:biomolecule.py:992:create_residue:Unable to find amino or nucleic acid definition for ZN.  Parsing as new residue.
2024-02-28 14:07:05,178 WARNING:biomolecule.py:992:create_residue:Unable to find amino or nucleic acid definition for ZN.  Parsing as new residue.
2024-02-28 14:07:05,179 WARNING:biomolecule.py:992:create_residue:Unable to find amino or nucleic acid definition for CA.  Parsing as new residue.
2024-02-28 14:07:05,179 WARNING:io.py:40:filter:Suppressing further "Unable to find amino or nucleic acid definition for" messages
2024-02-28 14:07:05,194 WARNING:biomolecule.py:157:num_missing_heavy:Missing atom OXT in residue PRO B 250
2024-02-28 14:07:05,195 WARNING:biomolecule.py:157:num_missing_heavy:Missing atom OXT in residue PRO B 250
2024-02-28 14:07:05,196 WARNING:biomolecule.py:157:num_missing_heavy:Missing atom OXT in residue PRO B 250
2024-02-28 14:07:05,939 WARNING:main.py:311:print_pqr:Ignoring 3372 header lines in output.
2024-02-28 14:07:05,940 WARNING:main.py:315:print_pqr:Ignoring 76 missing lines in output.
2024-02-28 14:58:29,960 WARNING:biomolecule.py:992:create_residue:Unable to find amino or nucleic acid definition for ZN.  Parsing as new residue.
2024-02-28 14:58:29,960 WARNING:biomolecule.py:992:create_residue:Unable to find amino or nucleic acid definition for ZN.  Parsing as new residue.
2024-02-28 14:58:29,961 WARNING:biomolecule.py:992:create_residue:Unable to find amino or nucleic acid definition for CA.  Parsing as new residue.
2024-02-28 14:58:29,961 WARNING:biomolecule.py:992:create_residue:Unable to find amino or nucleic acid definition for CA.  Parsing as new residue.
2024-02-28 14:58:29,961 WARNING:biomolecule.py:992:create_residue:Unable to find amino or nucleic acid definition for CA.  Parsing as new residue.
2024-02-28 14:58:29,961 WARNING:biomolecule.py:992:create_residue:Unable to find amino or nucleic acid definition for FA4.  Parsing as new residue.
2024-02-28 14:58:29,961 WARNING:biomolecule.py:992:create_residue:Unable to find amino or nucleic acid definition for ZN.  Parsing as new residue.
2024-02-28 14:58:29,961 WARNING:biomolecule.py:992:create_residue:Unable to find amino or nucleic acid definition for ZN.  Parsing as new residue.
2024-02-28 14:58:29,961 WARNING:biomolecule.py:992:create_residue:Unable to find amino or nucleic acid definition for CA.  Parsing as new residue.
2024-02-28 14:58:29,961 WARNING:io.py:40:filter:Suppressing further "Unable to find amino or nucleic acid definition for" messages
2024-02-28 14:58:30,019 WARNING:biomolecule.py:157:num_missing_heavy:Missing atom OXT in residue PRO B 250
2024-02-28 14:58:30,020 WARNING:biomolecule.py:157:num_missing_heavy:Missing atom OXT in residue PRO B 250
2024-02-28 14:58:30,021 WARNING:biomolecule.py:157:num_missing_heavy:Missing atom OXT in residue PRO B 250
2024-02-28 14:58:31,057 WARNING:main.py:311:print_pqr:Ignoring 3372 header lines in output.
2024-02-28 14:58:31,057 WARNING:main.py:315:print_pqr:Ignoring 76 missing lines in output.
