2024-02-28 14:07:18,029 WARNING:biomolecule.py:992:create_residue:Unable to find amino or nucleic acid definition for SO4.  Parsing as new residue.
2024-02-28 14:07:18,493 WARNING:biomolecule.py:992:create_residue:Unable to find amino or nucleic acid definition for HAL.  Parsing as new residue.
2024-02-28 14:07:18,493 WARNING:biomolecule.py:992:create_residue:Unable to find amino or nucleic acid definition for SO4.  Parsing as new residue.
2024-02-28 14:07:18,494 WARNING:biomolecule.py:992:create_residue:Unable to find amino or nucleic acid definition for HAL.  Parsing as new residue.
2024-02-28 14:07:18,527 WARNING:biomolecule.py:615:update_bonds:Gap in backbone detected between PRO A 120 and ALA A 130!
2024-02-28 14:07:18,528 WARNING:biomolecule.py:615:update_bonds:Gap in backbone detected between LYS A 183 and ARG A 188!
2024-02-28 14:07:18,528 WARNING:biomolecule.py:615:update_bonds:Gap in backbone detected between THR A 197 and SER A 203!
2024-02-28 14:07:18,529 WARNING:biomolecule.py:615:update_bonds:Gap in backbone detected between VAL B 127 and VAL B 138!
2024-02-28 14:07:18,913 WARNING:biomolecule.py:615:update_bonds:Gap in backbone detected between TRP B 158 and VAL B 171!
2024-02-28 14:07:18,915 WARNING:biomolecule.py:615:update_bonds:Gap in backbone detected between PRO H 126 and SER H 136!
2024-02-28 14:07:18,915 WARNING:biomolecule.py:615:update_bonds:Gap in backbone detected between VAL H 193 and ILE H 205!
2024-02-28 14:07:18,916 WARNING:biomolecule.py:615:update_bonds:Gap in backbone detected between THR L 197 and SER L 203!
2024-02-28 14:07:18,943 WARNING:biomolecule.py:157:num_missing_heavy:Missing atom OXT in residue ASN A 210
2024-02-28 14:07:18,943 WARNING:biomolecule.py:157:num_missing_heavy:Missing atom OXT in residue VAL B 193
2024-02-28 14:07:18,944 WARNING:biomolecule.py:157:num_missing_heavy:Missing atom OXT in residue ALA H 214
2024-02-28 14:07:18,957 WARNING:biomolecule.py:157:num_missing_heavy:Missing atom OXT in residue ASN L 212
2024-02-28 14:07:19,166 WARNING:biomolecule.py:157:num_missing_heavy:Missing atom OXT in residue ASN A 210
2024-02-28 14:07:19,167 WARNING:biomolecule.py:157:num_missing_heavy:Missing atom OXT in residue VAL B 193
2024-02-28 14:07:19,168 WARNING:biomolecule.py:157:num_missing_heavy:Missing atom OXT in residue ALA H 214
2024-02-28 14:07:19,169 WARNING:biomolecule.py:157:num_missing_heavy:Missing atom OXT in residue ASN L 212
2024-02-28 14:07:19,185 WARNING:biomolecule.py:157:num_missing_heavy:Missing atom OXT in residue ASN A 210
2024-02-28 14:07:19,186 WARNING:biomolecule.py:157:num_missing_heavy:Missing atom OXT in residue VAL B 193
2024-02-28 14:07:19,270 WARNING:biomolecule.py:157:num_missing_heavy:Missing atom OXT in residue ALA H 214
2024-02-28 14:07:19,271 WARNING:biomolecule.py:157:num_missing_heavy:Missing atom OXT in residue ASN L 212
2024-02-28 14:07:23,591 WARNING:main.py:311:print_pqr:Ignoring 3290 header lines in output.
2024-02-28 14:07:23,592 WARNING:main.py:315:print_pqr:Ignoring 76 missing lines in output.
