2024-02-28 14:07:17,588 WARNING:biomolecule.py:992:create_residue:Unable to find amino or nucleic acid definition for ABA.  Parsing as new residue.
2024-02-28 14:07:17,625 WARNING:biomolecule.py:992:create_residue:Unable to find amino or nucleic acid definition for ABA.  Parsing as new residue.
2024-02-28 14:07:17,629 WARNING:biomolecule.py:992:create_residue:Unable to find amino or nucleic acid definition for ABA.  Parsing as new residue.
2024-02-28 14:07:17,854 WARNING:biomolecule.py:992:create_residue:Unable to find amino or nucleic acid definition for ABA.  Parsing as new residue.
2024-02-28 14:07:17,855 WARNING:biomolecule.py:992:create_residue:Unable to find amino or nucleic acid definition for SO4.  Parsing as new residue.
2024-02-28 14:07:17,855 WARNING:biomolecule.py:992:create_residue:Unable to find amino or nucleic acid definition for SO4.  Parsing as new residue.
2024-02-28 14:07:17,855 WARNING:biomolecule.py:992:create_residue:Unable to find amino or nucleic acid definition for PI5.  Parsing as new residue.
2024-02-28 14:07:17,855 WARNING:biomolecule.py:992:create_residue:Unable to find amino or nucleic acid definition for SO4.  Parsing as new residue.
2024-02-28 14:07:17,856 WARNING:main.py:418:setup_molecule:Multiple occupancies found: CB in GLU A 21.
2024-02-28 14:07:17,856 WARNING:main.py:418:setup_molecule:Multiple occupancies found: CG in GLU A 21.
2024-02-28 14:07:17,856 WARNING:main.py:418:setup_molecule:Multiple occupancies found: CD in GLU A 21.
2024-02-28 14:07:17,856 WARNING:main.py:418:setup_molecule:Multiple occupancies found: OE1 in GLU A 21.
2024-02-28 14:07:17,856 WARNING:main.py:418:setup_molecule:Multiple occupancies found: OE2 in GLU A 21.
2024-02-28 14:07:17,856 WARNING:main.py:424:setup_molecule:Multiple occupancies found in GLU A 21. At least one of the instances is being ignored.
2024-02-28 14:07:17,856 WARNING:main.py:418:setup_molecule:Multiple occupancies found: CB in GLU A 34.
2024-02-28 14:07:17,856 WARNING:main.py:418:setup_molecule:Multiple occupancies found: CG in GLU A 34.
2024-02-28 14:07:17,856 WARNING:main.py:418:setup_molecule:Multiple occupancies found: CD in GLU A 34.
2024-02-28 14:07:17,856 WARNING:main.py:418:setup_molecule:Multiple occupancies found: OE1 in GLU A 34.
2024-02-28 14:07:17,856 WARNING:main.py:418:setup_molecule:Multiple occupancies found: OE2 in GLU A 34.
2024-02-28 14:07:17,856 WARNING:main.py:424:setup_molecule:Multiple occupancies found in GLU A 34. At least one of the instances is being ignored.
2024-02-28 14:07:17,856 WARNING:main.py:418:setup_molecule:Multiple occupancies found: CA in GLU A 35.
2024-02-28 14:07:17,856 WARNING:main.py:418:setup_molecule:Multiple occupancies found: CB in GLU A 35.
2024-02-28 14:07:17,856 WARNING:main.py:418:setup_molecule:Multiple occupancies found: CG in GLU A 35.
2024-02-28 14:07:17,856 WARNING:main.py:418:setup_molecule:Multiple occupancies found: CD in GLU A 35.
2024-02-28 14:07:17,856 WARNING:main.py:418:setup_molecule:Multiple occupancies found: OE1 in GLU A 35.
2024-02-28 14:07:17,856 WARNING:main.py:418:setup_molecule:Multiple occupancies found: OE2 in GLU A 35.
2024-02-28 14:07:17,856 WARNING:main.py:424:setup_molecule:Multiple occupancies found in GLU A 35. At least one of the instances is being ignored.
2024-02-28 14:07:17,856 WARNING:main.py:418:setup_molecule:Multiple occupancies found: CB in ILE A 50.
2024-02-28 14:07:17,856 WARNING:main.py:418:setup_molecule:Multiple occupancies found: CG1 in ILE A 50.
2024-02-28 14:07:17,856 WARNING:main.py:418:setup_molecule:Multiple occupancies found: CG2 in ILE A 50.
2024-02-28 14:07:17,856 WARNING:main.py:418:setup_molecule:Multiple occupancies found: CD1 in ILE A 50.
2024-02-28 14:07:17,856 WARNING:main.py:424:setup_molecule:Multiple occupancies found in ILE A 50. At least one of the instances is being ignored.
2024-02-28 14:07:17,856 WARNING:main.py:418:setup_molecule:Multiple occupancies found: CB in VAL A 75.
2024-02-28 14:07:17,856 WARNING:main.py:418:setup_molecule:Multiple occupancies found: CG1 in VAL A 75.
2024-02-28 14:07:17,856 WARNING:main.py:418:setup_molecule:Multiple occupancies found: CG2 in VAL A 75.
2024-02-28 14:07:17,856 WARNING:main.py:424:setup_molecule:Multiple occupancies found in VAL A 75. At least one of the instances is being ignored.
2024-02-28 14:07:17,856 WARNING:main.py:418:setup_molecule:Multiple occupancies found: CB in VAL A 82.
2024-02-28 14:07:17,856 WARNING:main.py:418:setup_molecule:Multiple occupancies found: CG1 in VAL A 82.
2024-02-28 14:07:17,856 WARNING:main.py:418:setup_molecule:Multiple occupancies found: CG2 in VAL A 82.
2024-02-28 14:07:17,856 WARNING:main.py:424:setup_molecule:Multiple occupancies found in VAL A 82. At least one of the instances is being ignored.
2024-02-28 14:07:17,857 WARNING:main.py:418:setup_molecule:Multiple occupancies found: CB in GLU B 134.
2024-02-28 14:07:17,857 WARNING:main.py:418:setup_molecule:Multiple occupancies found: CG in GLU B 134.
2024-02-28 14:07:17,857 WARNING:main.py:418:setup_molecule:Multiple occupancies found: CD in GLU B 134.
2024-02-28 14:07:17,857 WARNING:main.py:418:setup_molecule:Multiple occupancies found: OE1 in GLU B 134.
2024-02-28 14:07:17,857 WARNING:main.py:418:setup_molecule:Multiple occupancies found: OE2 in GLU B 134.
2024-02-28 14:07:17,857 WARNING:main.py:424:setup_molecule:Multiple occupancies found in GLU B 134. At least one of the instances is being ignored.
2024-02-28 14:07:17,857 WARNING:main.py:418:setup_molecule:Multiple occupancies found: CB in MET B 146.
2024-02-28 14:07:17,857 WARNING:main.py:418:setup_molecule:Multiple occupancies found: CG in MET B 146.
2024-02-28 14:07:17,857 WARNING:main.py:418:setup_molecule:Multiple occupancies found: SD in MET B 146.
2024-02-28 14:07:17,857 WARNING:main.py:418:setup_molecule:Multiple occupancies found: CE in MET B 146.
2024-02-28 14:07:17,857 WARNING:main.py:424:setup_molecule:Multiple occupancies found in MET B 146. At least one of the instances is being ignored.
2024-02-28 14:07:17,857 WARNING:main.py:418:setup_molecule:Multiple occupancies found: CB in VAL B 182.
2024-02-28 14:07:17,857 WARNING:main.py:418:setup_molecule:Multiple occupancies found: CG1 in VAL B 182.
2024-02-28 14:07:17,857 WARNING:main.py:418:setup_molecule:Multiple occupancies found: CG2 in VAL B 182.
2024-02-28 14:07:17,857 WARNING:main.py:424:setup_molecule:Multiple occupancies found in VAL B 182. At least one of the instances is being ignored.
2024-02-28 14:07:17,926 WARNING:biomolecule.py:157:num_missing_heavy:Missing atom CG in residue LYS A 7
2024-02-28 14:07:18,313 WARNING:biomolecule.py:157:num_missing_heavy:Missing atom CD in residue LYS A 7
2024-02-28 14:07:18,313 WARNING:biomolecule.py:157:num_missing_heavy:Missing atom CE in residue LYS A 7
2024-02-28 14:07:18,313 WARNING:biomolecule.py:157:num_missing_heavy:Missing atom NZ in residue LYS A 7
2024-02-28 14:07:18,314 WARNING:biomolecule.py:157:num_missing_heavy:Missing atom CG in residue ASN A 37
2024-02-28 14:07:18,314 WARNING:biomolecule.py:157:num_missing_heavy:Missing atom OD1 in residue ASN A 37
2024-02-28 14:07:18,314 WARNING:biomolecule.py:157:num_missing_heavy:Missing atom ND2 in residue ASN A 37
2024-02-28 14:07:18,314 WARNING:biomolecule.py:157:num_missing_heavy:Missing atom CG in residue LYS A 41
2024-02-28 14:07:18,314 WARNING:biomolecule.py:157:num_missing_heavy:Missing atom CD in residue LYS A 41
2024-02-28 14:07:18,314 WARNING:biomolecule.py:157:num_missing_heavy:Missing atom CE in residue LYS A 41
2024-02-28 14:07:18,314 WARNING:biomolecule.py:157:num_missing_heavy:Missing atom NZ in residue LYS A 41
2024-02-28 14:07:18,314 WARNING:biomolecule.py:157:num_missing_heavy:Missing atom CG in residue LYS A 43
2024-02-28 14:07:18,314 WARNING:biomolecule.py:157:num_missing_heavy:Missing atom CD in residue LYS A 43
2024-02-28 14:07:18,314 WARNING:biomolecule.py:157:num_missing_heavy:Missing atom CE in residue LYS A 43
2024-02-28 14:07:18,314 WARNING:biomolecule.py:157:num_missing_heavy:Missing atom NZ in residue LYS A 43
2024-02-28 14:07:18,314 WARNING:biomolecule.py:157:num_missing_heavy:Missing atom CG in residue LYS A 45
2024-02-28 14:07:18,314 WARNING:biomolecule.py:157:num_missing_heavy:Missing atom CD in residue LYS A 45
2024-02-28 14:07:18,314 WARNING:biomolecule.py:157:num_missing_heavy:Missing atom CE in residue LYS A 45
2024-02-28 14:07:18,314 WARNING:biomolecule.py:157:num_missing_heavy:Missing atom NZ in residue LYS A 45
2024-02-28 14:07:18,314 WARNING:biomolecule.py:157:num_missing_heavy:Missing atom CG in residue LYS A 55
2024-02-28 14:07:18,314 WARNING:biomolecule.py:157:num_missing_heavy:Missing atom CD in residue LYS A 55
2024-02-28 14:07:18,314 WARNING:biomolecule.py:157:num_missing_heavy:Missing atom CE in residue LYS A 55
2024-02-28 14:07:18,314 WARNING:biomolecule.py:157:num_missing_heavy:Missing atom NZ in residue LYS A 55
2024-02-28 14:07:18,314 WARNING:biomolecule.py:157:num_missing_heavy:Missing atom CG in residue LYS A 70
2024-02-28 14:07:18,314 WARNING:biomolecule.py:157:num_missing_heavy:Missing atom CD in residue LYS A 70
2024-02-28 14:07:18,314 WARNING:biomolecule.py:157:num_missing_heavy:Missing atom CE in residue LYS A 70
2024-02-28 14:07:18,314 WARNING:biomolecule.py:157:num_missing_heavy:Missing atom NZ in residue LYS A 70
2024-02-28 14:07:18,315 WARNING:biomolecule.py:157:num_missing_heavy:Missing atom CG in residue ASN B 137
2024-02-28 14:07:18,315 WARNING:biomolecule.py:157:num_missing_heavy:Missing atom OD1 in residue ASN B 137
2024-02-28 14:07:18,315 WARNING:biomolecule.py:157:num_missing_heavy:Missing atom ND2 in residue ASN B 137
2024-02-28 14:07:18,315 WARNING:biomolecule.py:157:num_missing_heavy:Missing atom CG in residue LYS B 141
2024-02-28 14:07:18,315 WARNING:biomolecule.py:157:num_missing_heavy:Missing atom CD in residue LYS B 141
2024-02-28 14:07:18,315 WARNING:biomolecule.py:157:num_missing_heavy:Missing atom CE in residue LYS B 141
2024-02-28 14:07:18,315 WARNING:biomolecule.py:157:num_missing_heavy:Missing atom NZ in residue LYS B 141
2024-02-28 14:07:18,315 WARNING:biomolecule.py:157:num_missing_heavy:Missing atom CG in residue LYS B 143
2024-02-28 14:07:18,315 WARNING:biomolecule.py:157:num_missing_heavy:Missing atom CD in residue LYS B 143
2024-02-28 14:07:18,315 WARNING:biomolecule.py:157:num_missing_heavy:Missing atom CE in residue LYS B 143
2024-02-28 14:07:18,315 WARNING:biomolecule.py:157:num_missing_heavy:Missing atom NZ in residue LYS B 143
2024-02-28 14:07:18,315 WARNING:biomolecule.py:157:num_missing_heavy:Missing atom CG in residue LYS A 7
2024-02-28 14:07:18,315 WARNING:biomolecule.py:157:num_missing_heavy:Missing atom CD in residue LYS A 7
2024-02-28 14:07:18,315 WARNING:biomolecule.py:157:num_missing_heavy:Missing atom CE in residue LYS A 7
2024-02-28 14:07:18,315 WARNING:biomolecule.py:157:num_missing_heavy:Missing atom NZ in residue LYS A 7
2024-02-28 14:07:18,316 WARNING:biomolecule.py:157:num_missing_heavy:Missing atom CG in residue ASN A 37
2024-02-28 14:07:18,316 WARNING:biomolecule.py:157:num_missing_heavy:Missing atom OD1 in residue ASN A 37
2024-02-28 14:07:18,316 WARNING:biomolecule.py:157:num_missing_heavy:Missing atom ND2 in residue ASN A 37
2024-02-28 14:07:18,316 WARNING:biomolecule.py:157:num_missing_heavy:Missing atom CG in residue LYS A 41
2024-02-28 14:07:18,316 WARNING:biomolecule.py:157:num_missing_heavy:Missing atom CD in residue LYS A 41
2024-02-28 14:07:18,316 WARNING:biomolecule.py:157:num_missing_heavy:Missing atom CE in residue LYS A 41
2024-02-28 14:07:18,316 WARNING:biomolecule.py:157:num_missing_heavy:Missing atom NZ in residue LYS A 41
2024-02-28 14:07:18,316 WARNING:biomolecule.py:157:num_missing_heavy:Missing atom CG in residue LYS A 43
2024-02-28 14:07:18,316 WARNING:biomolecule.py:157:num_missing_heavy:Missing atom CD in residue LYS A 43
2024-02-28 14:07:18,316 WARNING:biomolecule.py:157:num_missing_heavy:Missing atom CE in residue LYS A 43
2024-02-28 14:07:18,316 WARNING:biomolecule.py:157:num_missing_heavy:Missing atom NZ in residue LYS A 43
2024-02-28 14:07:18,316 WARNING:biomolecule.py:157:num_missing_heavy:Missing atom CG in residue LYS A 45
2024-02-28 14:07:18,316 WARNING:biomolecule.py:157:num_missing_heavy:Missing atom CD in residue LYS A 45
2024-02-28 14:07:18,316 WARNING:biomolecule.py:157:num_missing_heavy:Missing atom CE in residue LYS A 45
2024-02-28 14:07:18,316 WARNING:biomolecule.py:157:num_missing_heavy:Missing atom NZ in residue LYS A 45
2024-02-28 14:07:18,316 WARNING:biomolecule.py:157:num_missing_heavy:Missing atom CG in residue LYS A 55
2024-02-28 14:07:18,316 WARNING:biomolecule.py:157:num_missing_heavy:Missing atom CD in residue LYS A 55
2024-02-28 14:07:18,316 WARNING:biomolecule.py:157:num_missing_heavy:Missing atom CE in residue LYS A 55
2024-02-28 14:07:18,316 WARNING:biomolecule.py:157:num_missing_heavy:Missing atom NZ in residue LYS A 55
2024-02-28 14:07:18,316 WARNING:biomolecule.py:157:num_missing_heavy:Missing atom CG in residue LYS A 70
2024-02-28 14:07:18,316 WARNING:biomolecule.py:157:num_missing_heavy:Missing atom CD in residue LYS A 70
2024-02-28 14:07:18,316 WARNING:biomolecule.py:157:num_missing_heavy:Missing atom CE in residue LYS A 70
2024-02-28 14:07:18,316 WARNING:biomolecule.py:157:num_missing_heavy:Missing atom NZ in residue LYS A 70
2024-02-28 14:07:18,317 WARNING:biomolecule.py:157:num_missing_heavy:Missing atom CG in residue ASN B 137
2024-02-28 14:07:18,317 WARNING:biomolecule.py:157:num_missing_heavy:Missing atom OD1 in residue ASN B 137
2024-02-28 14:07:18,317 WARNING:biomolecule.py:157:num_missing_heavy:Missing atom ND2 in residue ASN B 137
2024-02-28 14:07:18,317 WARNING:biomolecule.py:157:num_missing_heavy:Missing atom CG in residue LYS B 141
2024-02-28 14:07:18,317 WARNING:biomolecule.py:157:num_missing_heavy:Missing atom CD in residue LYS B 141
2024-02-28 14:07:18,317 WARNING:biomolecule.py:157:num_missing_heavy:Missing atom CE in residue LYS B 141
2024-02-28 14:07:18,317 WARNING:biomolecule.py:157:num_missing_heavy:Missing atom NZ in residue LYS B 141
2024-02-28 14:07:18,317 WARNING:biomolecule.py:157:num_missing_heavy:Missing atom CG in residue LYS B 143
2024-02-28 14:07:18,317 WARNING:biomolecule.py:157:num_missing_heavy:Missing atom CD in residue LYS B 143
2024-02-28 14:07:18,317 WARNING:biomolecule.py:157:num_missing_heavy:Missing atom CE in residue LYS B 143
2024-02-28 14:07:18,317 WARNING:biomolecule.py:157:num_missing_heavy:Missing atom NZ in residue LYS B 143
2024-02-28 14:07:18,317 WARNING:biomolecule.py:157:num_missing_heavy:Missing atom CG in residue LYS A 7
2024-02-28 14:07:18,317 WARNING:biomolecule.py:157:num_missing_heavy:Missing atom CD in residue LYS A 7
2024-02-28 14:07:18,317 WARNING:biomolecule.py:157:num_missing_heavy:Missing atom CE in residue LYS A 7
2024-02-28 14:07:18,317 WARNING:biomolecule.py:157:num_missing_heavy:Missing atom NZ in residue LYS A 7
2024-02-28 14:07:18,317 WARNING:biomolecule.py:157:num_missing_heavy:Missing atom CG in residue ASN A 37
2024-02-28 14:07:18,318 WARNING:biomolecule.py:157:num_missing_heavy:Missing atom OD1 in residue ASN A 37
2024-02-28 14:07:18,318 WARNING:biomolecule.py:157:num_missing_heavy:Missing atom ND2 in residue ASN A 37
2024-02-28 14:07:18,318 WARNING:biomolecule.py:157:num_missing_heavy:Missing atom CG in residue LYS A 41
2024-02-28 14:07:18,318 WARNING:biomolecule.py:157:num_missing_heavy:Missing atom CD in residue LYS A 41
2024-02-28 14:07:18,318 WARNING:biomolecule.py:157:num_missing_heavy:Missing atom CE in residue LYS A 41
2024-02-28 14:07:18,318 WARNING:biomolecule.py:157:num_missing_heavy:Missing atom NZ in residue LYS A 41
2024-02-28 14:07:18,318 WARNING:biomolecule.py:157:num_missing_heavy:Missing atom CG in residue LYS A 43
2024-02-28 14:07:18,318 WARNING:biomolecule.py:157:num_missing_heavy:Missing atom CD in residue LYS A 43
2024-02-28 14:07:18,318 WARNING:biomolecule.py:157:num_missing_heavy:Missing atom CE in residue LYS A 43
2024-02-28 14:07:18,318 WARNING:biomolecule.py:157:num_missing_heavy:Missing atom NZ in residue LYS A 43
2024-02-28 14:07:18,318 WARNING:biomolecule.py:157:num_missing_heavy:Missing atom CG in residue LYS A 45
2024-02-28 14:07:18,318 WARNING:biomolecule.py:157:num_missing_heavy:Missing atom CD in residue LYS A 45
2024-02-28 14:07:18,318 WARNING:biomolecule.py:157:num_missing_heavy:Missing atom CE in residue LYS A 45
2024-02-28 14:07:18,318 WARNING:biomolecule.py:157:num_missing_heavy:Missing atom NZ in residue LYS A 45
2024-02-28 14:07:18,318 WARNING:biomolecule.py:157:num_missing_heavy:Missing atom CG in residue LYS A 55
2024-02-28 14:07:18,318 WARNING:biomolecule.py:157:num_missing_heavy:Missing atom CD in residue LYS A 55
2024-02-28 14:07:18,318 WARNING:biomolecule.py:157:num_missing_heavy:Missing atom CE in residue LYS A 55
2024-02-28 14:07:18,318 WARNING:biomolecule.py:157:num_missing_heavy:Missing atom NZ in residue LYS A 55
2024-02-28 14:07:18,318 WARNING:biomolecule.py:157:num_missing_heavy:Missing atom CG in residue LYS A 70
2024-02-28 14:07:18,318 WARNING:biomolecule.py:157:num_missing_heavy:Missing atom CD in residue LYS A 70
2024-02-28 14:07:18,318 WARNING:biomolecule.py:157:num_missing_heavy:Missing atom CE in residue LYS A 70
2024-02-28 14:07:18,318 WARNING:biomolecule.py:157:num_missing_heavy:Missing atom NZ in residue LYS A 70
2024-02-28 14:07:18,319 WARNING:biomolecule.py:157:num_missing_heavy:Missing atom CG in residue ASN B 137
2024-02-28 14:07:18,319 WARNING:biomolecule.py:157:num_missing_heavy:Missing atom OD1 in residue ASN B 137
2024-02-28 14:07:18,319 WARNING:biomolecule.py:157:num_missing_heavy:Missing atom ND2 in residue ASN B 137
2024-02-28 14:07:18,319 WARNING:biomolecule.py:157:num_missing_heavy:Missing atom CG in residue LYS B 141
2024-02-28 14:07:18,319 WARNING:biomolecule.py:157:num_missing_heavy:Missing atom CD in residue LYS B 141
2024-02-28 14:07:18,319 WARNING:biomolecule.py:157:num_missing_heavy:Missing atom CE in residue LYS B 141
2024-02-28 14:07:18,319 WARNING:biomolecule.py:157:num_missing_heavy:Missing atom NZ in residue LYS B 141
2024-02-28 14:07:18,319 WARNING:biomolecule.py:157:num_missing_heavy:Missing atom CG in residue LYS B 143
2024-02-28 14:07:18,319 WARNING:biomolecule.py:157:num_missing_heavy:Missing atom CD in residue LYS B 143
2024-02-28 14:07:18,319 WARNING:biomolecule.py:157:num_missing_heavy:Missing atom CE in residue LYS B 143
2024-02-28 14:07:18,319 WARNING:biomolecule.py:157:num_missing_heavy:Missing atom NZ in residue LYS B 143
2024-02-28 14:07:21,756 WARNING:main.py:311:print_pqr:Ignoring 3663 header lines in output.
2024-02-28 14:07:21,756 WARNING:main.py:315:print_pqr:Ignoring 88 missing lines in output.
