2024-02-28 14:07:22,155 WARNING:biomolecule.py:992:create_residue:Unable to find amino or nucleic acid definition for CA.  Parsing as new residue.
2024-02-28 14:07:22,168 WARNING:biomolecule.py:992:create_residue:Unable to find amino or nucleic acid definition for AD3.  Parsing as new residue.
2024-02-28 14:07:22,168 WARNING:biomolecule.py:992:create_residue:Unable to find amino or nucleic acid definition for CA.  Parsing as new residue.
2024-02-28 14:07:22,168 WARNING:biomolecule.py:992:create_residue:Unable to find amino or nucleic acid definition for AD3.  Parsing as new residue.
2024-02-28 14:07:22,169 WARNING:main.py:418:setup_molecule:Multiple occupancies found: CB in MET A 93.
2024-02-28 14:07:22,169 WARNING:main.py:418:setup_molecule:Multiple occupancies found: CG in MET A 93.
2024-02-28 14:07:22,169 WARNING:main.py:418:setup_molecule:Multiple occupancies found: SD in MET A 93.
2024-02-28 14:07:22,169 WARNING:main.py:418:setup_molecule:Multiple occupancies found: CE in MET A 93.
2024-02-28 14:07:22,169 WARNING:main.py:424:setup_molecule:Multiple occupancies found in MET A 93. At least one of the instances is being ignored.
2024-02-28 14:07:22,169 WARNING:main.py:418:setup_molecule:Multiple occupancies found: CB in CYS A 161.
2024-02-28 14:07:22,169 WARNING:main.py:418:setup_molecule:Multiple occupancies found: SG in CYS A 161.
2024-02-28 14:07:22,169 WARNING:main.py:424:setup_molecule:Multiple occupancies found in CYS A 161. At least one of the instances is being ignored.
2024-02-28 14:07:22,169 WARNING:main.py:418:setup_molecule:Multiple occupancies found: CB in GLU A 314.
2024-02-28 14:07:22,169 WARNING:main.py:418:setup_molecule:Multiple occupancies found: CG in GLU A 314.
2024-02-28 14:07:22,169 WARNING:main.py:418:setup_molecule:Multiple occupancies found: CD in GLU A 314.
2024-02-28 14:07:22,169 WARNING:main.py:418:setup_molecule:Multiple occupancies found: OE1 in GLU A 314.
2024-02-28 14:07:22,169 WARNING:main.py:418:setup_molecule:Multiple occupancies found: OE2 in GLU A 314.
2024-02-28 14:07:22,169 WARNING:main.py:424:setup_molecule:Multiple occupancies found in GLU A 314. At least one of the instances is being ignored.
2024-02-28 14:07:22,169 WARNING:main.py:418:setup_molecule:Multiple occupancies found: CB in CYS B 36.
2024-02-28 14:07:22,169 WARNING:main.py:418:setup_molecule:Multiple occupancies found: SG in CYS B 36.
2024-02-28 14:07:22,169 WARNING:main.py:424:setup_molecule:Multiple occupancies found in CYS B 36. At least one of the instances is being ignored.
2024-02-28 14:07:22,169 WARNING:main.py:418:setup_molecule:Multiple occupancies found: CB in MET B 93.
2024-02-28 14:07:22,169 WARNING:main.py:418:setup_molecule:Multiple occupancies found: CG in MET B 93.
2024-02-28 14:07:22,169 WARNING:main.py:418:setup_molecule:Multiple occupancies found: SD in MET B 93.
2024-02-28 14:07:22,169 WARNING:main.py:418:setup_molecule:Multiple occupancies found: CE in MET B 93.
2024-02-28 14:07:22,169 WARNING:main.py:424:setup_molecule:Multiple occupancies found in MET B 93. At least one of the instances is being ignored.
2024-02-28 14:07:22,169 WARNING:main.py:418:setup_molecule:Multiple occupancies found: CB in CYS B 161.
2024-02-28 14:07:22,169 WARNING:main.py:418:setup_molecule:Multiple occupancies found: SG in CYS B 161.
2024-02-28 14:07:22,169 WARNING:main.py:424:setup_molecule:Multiple occupancies found in CYS B 161. At least one of the instances is being ignored.
2024-02-28 14:07:22,170 WARNING:main.py:418:setup_molecule:Multiple occupancies found: CB in ASP B 318.
2024-02-28 14:07:22,170 WARNING:main.py:418:setup_molecule:Multiple occupancies found: CG in ASP B 318.
2024-02-28 14:07:22,170 WARNING:main.py:418:setup_molecule:Multiple occupancies found: OD1 in ASP B 318.
2024-02-28 14:07:22,170 WARNING:main.py:418:setup_molecule:Multiple occupancies found: OD2 in ASP B 318.
2024-02-28 14:07:22,170 WARNING:main.py:424:setup_molecule:Multiple occupancies found in ASP B 318. At least one of the instances is being ignored.
2024-02-28 14:07:22,181 WARNING:biomolecule.py:615:update_bonds:Gap in backbone detected between HIS A 247 and GLY A 256!
2024-02-28 14:07:22,202 WARNING:biomolecule.py:615:update_bonds:Gap in backbone detected between HIS B 247 and ASP B 253!
2024-02-28 14:07:22,213 WARNING:biomolecule.py:157:num_missing_heavy:Missing atom CG in residue LYS A 114
2024-02-28 14:07:22,213 WARNING:biomolecule.py:157:num_missing_heavy:Missing atom CD in residue LYS A 114
2024-02-28 14:07:22,213 WARNING:biomolecule.py:157:num_missing_heavy:Missing atom CE in residue LYS A 114
2024-02-28 14:07:22,213 WARNING:biomolecule.py:157:num_missing_heavy:Missing atom NZ in residue LYS A 114
2024-02-28 14:07:22,214 WARNING:biomolecule.py:157:num_missing_heavy:Missing atom CG in residue ARG A 219
2024-02-28 14:07:22,214 WARNING:biomolecule.py:157:num_missing_heavy:Missing atom CD in residue ARG A 219
2024-02-28 14:07:22,214 WARNING:biomolecule.py:157:num_missing_heavy:Missing atom NE in residue ARG A 219
2024-02-28 14:07:22,214 WARNING:biomolecule.py:157:num_missing_heavy:Missing atom CZ in residue ARG A 219
2024-02-28 14:07:22,214 WARNING:biomolecule.py:157:num_missing_heavy:Missing atom NH1 in residue ARG A 219
2024-02-28 14:07:22,214 WARNING:biomolecule.py:157:num_missing_heavy:Missing atom NH2 in residue ARG A 219
2024-02-28 14:07:22,214 WARNING:biomolecule.py:157:num_missing_heavy:Missing atom OD1 in residue ASN A 301
2024-02-28 14:07:22,214 WARNING:biomolecule.py:157:num_missing_heavy:Missing atom ND2 in residue ASN A 301
2024-02-28 14:07:22,214 WARNING:biomolecule.py:157:num_missing_heavy:Missing atom CG in residue ARG A 322
2024-02-28 14:07:22,214 WARNING:biomolecule.py:157:num_missing_heavy:Missing atom CD in residue ARG A 322
2024-02-28 14:07:22,214 WARNING:biomolecule.py:157:num_missing_heavy:Missing atom NE in residue ARG A 322
2024-02-28 14:07:22,214 WARNING:biomolecule.py:157:num_missing_heavy:Missing atom CZ in residue ARG A 322
2024-02-28 14:07:22,214 WARNING:biomolecule.py:157:num_missing_heavy:Missing atom NH1 in residue ARG A 322
2024-02-28 14:07:22,215 WARNING:biomolecule.py:157:num_missing_heavy:Missing atom NH2 in residue ARG A 322
2024-02-28 14:07:22,215 WARNING:biomolecule.py:157:num_missing_heavy:Missing atom OG in residue SER B 0
2024-02-28 14:07:22,215 WARNING:biomolecule.py:157:num_missing_heavy:Missing atom CG in residue GLU B 27
2024-02-28 14:07:22,215 WARNING:biomolecule.py:157:num_missing_heavy:Missing atom CD in residue GLU B 27
2024-02-28 14:07:22,215 WARNING:biomolecule.py:157:num_missing_heavy:Missing atom OE1 in residue GLU B 27
2024-02-28 14:07:22,215 WARNING:biomolecule.py:157:num_missing_heavy:Missing atom OE2 in residue GLU B 27
2024-02-28 14:07:22,215 WARNING:biomolecule.py:157:num_missing_heavy:Missing atom CE in residue LYS B 28
2024-02-28 14:07:22,215 WARNING:biomolecule.py:157:num_missing_heavy:Missing atom NZ in residue LYS B 28
2024-02-28 14:07:22,215 WARNING:biomolecule.py:157:num_missing_heavy:Missing atom CE in residue LYS B 70
2024-02-28 14:07:22,215 WARNING:biomolecule.py:157:num_missing_heavy:Missing atom NZ in residue LYS B 70
2024-02-28 14:07:22,215 WARNING:biomolecule.py:157:num_missing_heavy:Missing atom CD in residue GLU B 103
2024-02-28 14:07:22,215 WARNING:biomolecule.py:157:num_missing_heavy:Missing atom OE1 in residue GLU B 103
2024-02-28 14:07:22,215 WARNING:biomolecule.py:157:num_missing_heavy:Missing atom OE2 in residue GLU B 103
2024-02-28 14:07:22,215 WARNING:biomolecule.py:157:num_missing_heavy:Missing atom CG in residue LYS B 107
2024-02-28 14:07:22,216 WARNING:biomolecule.py:157:num_missing_heavy:Missing atom CD in residue LYS B 107
2024-02-28 14:07:22,216 WARNING:biomolecule.py:157:num_missing_heavy:Missing atom CE in residue LYS B 107
2024-02-28 14:07:22,216 WARNING:biomolecule.py:157:num_missing_heavy:Missing atom NZ in residue LYS B 107
2024-02-28 14:07:22,216 WARNING:biomolecule.py:157:num_missing_heavy:Missing atom CD in residue LYS B 114
2024-02-28 14:07:22,216 WARNING:biomolecule.py:157:num_missing_heavy:Missing atom CE in residue LYS B 114
2024-02-28 14:07:22,216 WARNING:biomolecule.py:157:num_missing_heavy:Missing atom NZ in residue LYS B 114
2024-02-28 14:07:22,216 WARNING:biomolecule.py:157:num_missing_heavy:Missing atom CG in residue GLU B 116
2024-02-28 14:07:22,216 WARNING:biomolecule.py:157:num_missing_heavy:Missing atom CD in residue GLU B 116
2024-02-28 14:07:22,216 WARNING:biomolecule.py:157:num_missing_heavy:Missing atom OE1 in residue GLU B 116
2024-02-28 14:07:22,216 WARNING:biomolecule.py:157:num_missing_heavy:Missing atom OE2 in residue GLU B 116
2024-02-28 14:07:22,216 WARNING:biomolecule.py:157:num_missing_heavy:Missing atom CD in residue LYS B 153
2024-02-28 14:07:22,217 WARNING:biomolecule.py:157:num_missing_heavy:Missing atom CE in residue LYS B 153
2024-02-28 14:07:22,217 WARNING:biomolecule.py:157:num_missing_heavy:Missing atom NZ in residue LYS B 153
2024-02-28 14:07:22,218 WARNING:biomolecule.py:157:num_missing_heavy:Missing atom CG in residue LYS B 272
2024-02-28 14:07:22,218 WARNING:biomolecule.py:157:num_missing_heavy:Missing atom CD in residue LYS B 272
2024-02-28 14:07:22,218 WARNING:biomolecule.py:157:num_missing_heavy:Missing atom CE in residue LYS B 272
2024-02-28 14:07:22,218 WARNING:biomolecule.py:157:num_missing_heavy:Missing atom NZ in residue LYS B 272
2024-02-28 14:07:22,219 WARNING:biomolecule.py:157:num_missing_heavy:Missing atom CD in residue GLU B 314
2024-02-28 14:07:22,219 WARNING:biomolecule.py:157:num_missing_heavy:Missing atom OE1 in residue GLU B 314
2024-02-28 14:07:22,219 WARNING:biomolecule.py:157:num_missing_heavy:Missing atom OE2 in residue GLU B 314
2024-02-28 14:07:22,220 WARNING:biomolecule.py:157:num_missing_heavy:Missing atom CG in residue LYS A 114
2024-02-28 14:07:22,220 WARNING:biomolecule.py:157:num_missing_heavy:Missing atom CD in residue LYS A 114
2024-02-28 14:07:22,220 WARNING:biomolecule.py:157:num_missing_heavy:Missing atom CE in residue LYS A 114
2024-02-28 14:07:22,220 WARNING:biomolecule.py:157:num_missing_heavy:Missing atom NZ in residue LYS A 114
2024-02-28 14:07:22,221 WARNING:biomolecule.py:157:num_missing_heavy:Missing atom CG in residue ARG A 219
2024-02-28 14:07:22,221 WARNING:biomolecule.py:157:num_missing_heavy:Missing atom CD in residue ARG A 219
2024-02-28 14:07:22,221 WARNING:biomolecule.py:157:num_missing_heavy:Missing atom NE in residue ARG A 219
2024-02-28 14:07:22,221 WARNING:biomolecule.py:157:num_missing_heavy:Missing atom CZ in residue ARG A 219
2024-02-28 14:07:22,221 WARNING:biomolecule.py:157:num_missing_heavy:Missing atom NH1 in residue ARG A 219
2024-02-28 14:07:22,221 WARNING:biomolecule.py:157:num_missing_heavy:Missing atom NH2 in residue ARG A 219
2024-02-28 14:07:22,221 WARNING:biomolecule.py:157:num_missing_heavy:Missing atom OD1 in residue ASN A 301
2024-02-28 14:07:22,229 WARNING:biomolecule.py:157:num_missing_heavy:Missing atom ND2 in residue ASN A 301
2024-02-28 14:07:22,229 WARNING:biomolecule.py:157:num_missing_heavy:Missing atom CG in residue ARG A 322
2024-02-28 14:07:22,230 WARNING:biomolecule.py:157:num_missing_heavy:Missing atom CD in residue ARG A 322
2024-02-28 14:07:22,230 WARNING:biomolecule.py:157:num_missing_heavy:Missing atom NE in residue ARG A 322
2024-02-28 14:07:22,230 WARNING:biomolecule.py:157:num_missing_heavy:Missing atom CZ in residue ARG A 322
2024-02-28 14:07:22,230 WARNING:biomolecule.py:157:num_missing_heavy:Missing atom NH1 in residue ARG A 322
2024-02-28 14:07:22,230 WARNING:biomolecule.py:157:num_missing_heavy:Missing atom NH2 in residue ARG A 322
2024-02-28 14:07:22,230 WARNING:biomolecule.py:157:num_missing_heavy:Missing atom OG in residue SER B 0
2024-02-28 14:07:22,230 WARNING:biomolecule.py:157:num_missing_heavy:Missing atom CG in residue GLU B 27
2024-02-28 14:07:22,230 WARNING:biomolecule.py:157:num_missing_heavy:Missing atom CD in residue GLU B 27
2024-02-28 14:07:22,230 WARNING:biomolecule.py:157:num_missing_heavy:Missing atom OE1 in residue GLU B 27
2024-02-28 14:07:22,231 WARNING:biomolecule.py:157:num_missing_heavy:Missing atom OE2 in residue GLU B 27
2024-02-28 14:07:22,231 WARNING:biomolecule.py:157:num_missing_heavy:Missing atom CE in residue LYS B 28
2024-02-28 14:07:22,231 WARNING:biomolecule.py:157:num_missing_heavy:Missing atom NZ in residue LYS B 28
2024-02-28 14:07:22,232 WARNING:biomolecule.py:157:num_missing_heavy:Missing atom CE in residue LYS B 70
2024-02-28 14:07:22,232 WARNING:biomolecule.py:157:num_missing_heavy:Missing atom NZ in residue LYS B 70
2024-02-28 14:07:22,232 WARNING:biomolecule.py:157:num_missing_heavy:Missing atom CD in residue GLU B 103
2024-02-28 14:07:22,233 WARNING:biomolecule.py:157:num_missing_heavy:Missing atom OE1 in residue GLU B 103
2024-02-28 14:07:22,233 WARNING:biomolecule.py:157:num_missing_heavy:Missing atom OE2 in residue GLU B 103
2024-02-28 14:07:22,233 WARNING:biomolecule.py:157:num_missing_heavy:Missing atom CG in residue LYS B 107
2024-02-28 14:07:22,234 WARNING:biomolecule.py:157:num_missing_heavy:Missing atom CD in residue LYS B 107
2024-02-28 14:07:22,234 WARNING:biomolecule.py:157:num_missing_heavy:Missing atom CE in residue LYS B 107
2024-02-28 14:07:22,234 WARNING:biomolecule.py:157:num_missing_heavy:Missing atom NZ in residue LYS B 107
2024-02-28 14:07:22,235 WARNING:biomolecule.py:157:num_missing_heavy:Missing atom CD in residue LYS B 114
2024-02-28 14:07:22,235 WARNING:biomolecule.py:157:num_missing_heavy:Missing atom CE in residue LYS B 114
2024-02-28 14:07:22,235 WARNING:biomolecule.py:157:num_missing_heavy:Missing atom NZ in residue LYS B 114
2024-02-28 14:07:22,235 WARNING:biomolecule.py:157:num_missing_heavy:Missing atom CG in residue GLU B 116
2024-02-28 14:07:22,236 WARNING:biomolecule.py:157:num_missing_heavy:Missing atom CD in residue GLU B 116
2024-02-28 14:07:22,236 WARNING:biomolecule.py:157:num_missing_heavy:Missing atom OE1 in residue GLU B 116
2024-02-28 14:07:22,236 WARNING:biomolecule.py:157:num_missing_heavy:Missing atom OE2 in residue GLU B 116
2024-02-28 14:07:22,237 WARNING:biomolecule.py:157:num_missing_heavy:Missing atom CD in residue LYS B 153
2024-02-28 14:07:22,237 WARNING:biomolecule.py:157:num_missing_heavy:Missing atom CE in residue LYS B 153
2024-02-28 14:07:22,237 WARNING:biomolecule.py:157:num_missing_heavy:Missing atom NZ in residue LYS B 153
2024-02-28 14:07:22,238 WARNING:biomolecule.py:157:num_missing_heavy:Missing atom CG in residue LYS B 272
2024-02-28 14:07:22,238 WARNING:biomolecule.py:157:num_missing_heavy:Missing atom CD in residue LYS B 272
2024-02-28 14:07:22,239 WARNING:biomolecule.py:157:num_missing_heavy:Missing atom CE in residue LYS B 272
2024-02-28 14:07:22,239 WARNING:biomolecule.py:157:num_missing_heavy:Missing atom NZ in residue LYS B 272
2024-02-28 14:07:22,239 WARNING:biomolecule.py:157:num_missing_heavy:Missing atom CD in residue GLU B 314
2024-02-28 14:07:22,239 WARNING:biomolecule.py:157:num_missing_heavy:Missing atom OE1 in residue GLU B 314
2024-02-28 14:07:22,239 WARNING:biomolecule.py:157:num_missing_heavy:Missing atom OE2 in residue GLU B 314
2024-02-28 14:07:22,239 WARNING:biomolecule.py:157:num_missing_heavy:Missing atom CG in residue LYS A 114
2024-02-28 14:07:22,239 WARNING:biomolecule.py:157:num_missing_heavy:Missing atom CD in residue LYS A 114
2024-02-28 14:07:22,240 WARNING:biomolecule.py:157:num_missing_heavy:Missing atom CE in residue LYS A 114
2024-02-28 14:07:22,240 WARNING:biomolecule.py:157:num_missing_heavy:Missing atom NZ in residue LYS A 114
2024-02-28 14:07:22,240 WARNING:biomolecule.py:157:num_missing_heavy:Missing atom CG in residue ARG A 219
2024-02-28 14:07:22,240 WARNING:biomolecule.py:157:num_missing_heavy:Missing atom CD in residue ARG A 219
2024-02-28 14:07:22,240 WARNING:biomolecule.py:157:num_missing_heavy:Missing atom NE in residue ARG A 219
2024-02-28 14:07:22,240 WARNING:biomolecule.py:157:num_missing_heavy:Missing atom CZ in residue ARG A 219
2024-02-28 14:07:22,240 WARNING:biomolecule.py:157:num_missing_heavy:Missing atom NH1 in residue ARG A 219
2024-02-28 14:07:22,240 WARNING:biomolecule.py:157:num_missing_heavy:Missing atom NH2 in residue ARG A 219
2024-02-28 14:07:22,241 WARNING:biomolecule.py:157:num_missing_heavy:Missing atom OD1 in residue ASN A 301
2024-02-28 14:07:22,241 WARNING:biomolecule.py:157:num_missing_heavy:Missing atom ND2 in residue ASN A 301
2024-02-28 14:07:22,241 WARNING:biomolecule.py:157:num_missing_heavy:Missing atom CG in residue ARG A 322
2024-02-28 14:07:22,241 WARNING:biomolecule.py:157:num_missing_heavy:Missing atom CD in residue ARG A 322
2024-02-28 14:07:22,241 WARNING:biomolecule.py:157:num_missing_heavy:Missing atom NE in residue ARG A 322
2024-02-28 14:07:22,242 WARNING:biomolecule.py:157:num_missing_heavy:Missing atom CZ in residue ARG A 322
2024-02-28 14:07:22,242 WARNING:biomolecule.py:157:num_missing_heavy:Missing atom NH1 in residue ARG A 322
2024-02-28 14:07:22,243 WARNING:biomolecule.py:157:num_missing_heavy:Missing atom NH2 in residue ARG A 322
2024-02-28 14:07:22,243 WARNING:biomolecule.py:157:num_missing_heavy:Missing atom OG in residue SER B 0
2024-02-28 14:07:22,243 WARNING:biomolecule.py:157:num_missing_heavy:Missing atom CG in residue GLU B 27
2024-02-28 14:07:22,243 WARNING:biomolecule.py:157:num_missing_heavy:Missing atom CD in residue GLU B 27
2024-02-28 14:07:22,244 WARNING:biomolecule.py:157:num_missing_heavy:Missing atom OE1 in residue GLU B 27
2024-02-28 14:07:22,245 WARNING:biomolecule.py:157:num_missing_heavy:Missing atom OE2 in residue GLU B 27
2024-02-28 14:07:22,245 WARNING:biomolecule.py:157:num_missing_heavy:Missing atom CE in residue LYS B 28
2024-02-28 14:07:22,245 WARNING:biomolecule.py:157:num_missing_heavy:Missing atom NZ in residue LYS B 28
2024-02-28 14:07:22,246 WARNING:biomolecule.py:157:num_missing_heavy:Missing atom CE in residue LYS B 70
2024-02-28 14:07:22,246 WARNING:biomolecule.py:157:num_missing_heavy:Missing atom NZ in residue LYS B 70
2024-02-28 14:07:22,246 WARNING:biomolecule.py:157:num_missing_heavy:Missing atom CD in residue GLU B 103
2024-02-28 14:07:22,246 WARNING:biomolecule.py:157:num_missing_heavy:Missing atom OE1 in residue GLU B 103
2024-02-28 14:07:22,247 WARNING:biomolecule.py:157:num_missing_heavy:Missing atom OE2 in residue GLU B 103
2024-02-28 14:07:22,248 WARNING:biomolecule.py:157:num_missing_heavy:Missing atom CG in residue LYS B 107
2024-02-28 14:07:22,248 WARNING:biomolecule.py:157:num_missing_heavy:Missing atom CD in residue LYS B 107
2024-02-28 14:07:22,248 WARNING:biomolecule.py:157:num_missing_heavy:Missing atom CE in residue LYS B 107
2024-02-28 14:07:22,248 WARNING:biomolecule.py:157:num_missing_heavy:Missing atom NZ in residue LYS B 107
2024-02-28 14:07:22,249 WARNING:biomolecule.py:157:num_missing_heavy:Missing atom CD in residue LYS B 114
2024-02-28 14:07:22,249 WARNING:biomolecule.py:157:num_missing_heavy:Missing atom CE in residue LYS B 114
2024-02-28 14:07:22,249 WARNING:biomolecule.py:157:num_missing_heavy:Missing atom NZ in residue LYS B 114
2024-02-28 14:07:22,250 WARNING:biomolecule.py:157:num_missing_heavy:Missing atom CG in residue GLU B 116
2024-02-28 14:07:22,250 WARNING:biomolecule.py:157:num_missing_heavy:Missing atom CD in residue GLU B 116
2024-02-28 14:07:22,250 WARNING:biomolecule.py:157:num_missing_heavy:Missing atom OE1 in residue GLU B 116
2024-02-28 14:07:22,251 WARNING:biomolecule.py:157:num_missing_heavy:Missing atom OE2 in residue GLU B 116
2024-02-28 14:07:22,251 WARNING:biomolecule.py:157:num_missing_heavy:Missing atom CD in residue LYS B 153
2024-02-28 14:07:22,252 WARNING:biomolecule.py:157:num_missing_heavy:Missing atom CE in residue LYS B 153
2024-02-28 14:07:22,252 WARNING:biomolecule.py:157:num_missing_heavy:Missing atom NZ in residue LYS B 153
2024-02-28 14:07:22,253 WARNING:biomolecule.py:157:num_missing_heavy:Missing atom CG in residue LYS B 272
2024-02-28 14:07:22,253 WARNING:biomolecule.py:157:num_missing_heavy:Missing atom CD in residue LYS B 272
2024-02-28 14:07:22,253 WARNING:biomolecule.py:157:num_missing_heavy:Missing atom CE in residue LYS B 272
2024-02-28 14:07:22,254 WARNING:biomolecule.py:157:num_missing_heavy:Missing atom NZ in residue LYS B 272
2024-02-28 14:07:22,255 WARNING:biomolecule.py:157:num_missing_heavy:Missing atom CD in residue GLU B 314
2024-02-28 14:07:22,255 WARNING:biomolecule.py:157:num_missing_heavy:Missing atom OE1 in residue GLU B 314
2024-02-28 14:07:22,255 WARNING:biomolecule.py:157:num_missing_heavy:Missing atom OE2 in residue GLU B 314
2024-02-28 14:07:24,087 WARNING:debump.py:172:debump_biomolecule:WARNING: Unable to debump GLU B 44
2024-02-28 14:07:24,530 WARNING:main.py:311:print_pqr:Ignoring 2134 header lines in output.
2024-02-28 14:07:24,531 WARNING:main.py:315:print_pqr:Ignoring 40 missing lines in output.
