2024-02-28 14:07:18,680 WARNING:biomolecule.py:992:create_residue:Unable to find amino or nucleic acid definition for GSJ.  Parsing as new residue.
2024-02-28 14:07:19,041 WARNING:biomolecule.py:992:create_residue:Unable to find amino or nucleic acid definition for CA.  Parsing as new residue.
2024-02-28 14:07:19,048 WARNING:biomolecule.py:615:update_bonds:Gap in backbone detected between GLU A 76 and GLY A 79!
2024-02-28 14:07:19,300 WARNING:biomolecule.py:157:num_missing_heavy:Missing atom OG1 in residue THR A 244
2024-02-28 14:07:19,300 WARNING:biomolecule.py:157:num_missing_heavy:Missing atom CG2 in residue THR A 244
2024-02-28 14:07:19,300 WARNING:biomolecule.py:157:num_missing_heavy:Missing atom OXT in residue THR A 244
2024-02-28 14:07:19,300 WARNING:biomolecule.py:157:num_missing_heavy:Missing atom CG in residue ARG B -2
2024-02-28 14:07:19,300 WARNING:biomolecule.py:157:num_missing_heavy:Missing atom CD in residue ARG B -2
2024-02-28 14:07:19,300 WARNING:biomolecule.py:157:num_missing_heavy:Missing atom NE in residue ARG B -2
2024-02-28 14:07:19,300 WARNING:biomolecule.py:157:num_missing_heavy:Missing atom CZ in residue ARG B -2
2024-02-28 14:07:19,300 WARNING:biomolecule.py:157:num_missing_heavy:Missing atom NH1 in residue ARG B -2
2024-02-28 14:07:19,300 WARNING:biomolecule.py:157:num_missing_heavy:Missing atom NH2 in residue ARG B -2
2024-02-28 14:07:19,300 WARNING:biomolecule.py:157:num_missing_heavy:Missing atom CG in residue LYS B -1
2024-02-28 14:07:19,300 WARNING:biomolecule.py:157:num_missing_heavy:Missing atom CD in residue LYS B -1
2024-02-28 14:07:19,300 WARNING:biomolecule.py:157:num_missing_heavy:Missing atom CE in residue LYS B -1
2024-02-28 14:07:19,300 WARNING:biomolecule.py:157:num_missing_heavy:Missing atom NZ in residue LYS B -1
2024-02-28 14:07:19,300 WARNING:biomolecule.py:157:num_missing_heavy:Missing atom OXT in residue LEU B 49
2024-02-28 14:07:19,301 WARNING:biomolecule.py:157:num_missing_heavy:Missing atom OG1 in residue THR A 244
2024-02-28 14:07:19,301 WARNING:biomolecule.py:157:num_missing_heavy:Missing atom CG2 in residue THR A 244
2024-02-28 14:07:19,301 WARNING:biomolecule.py:157:num_missing_heavy:Missing atom OXT in residue THR A 244
2024-02-28 14:07:19,301 WARNING:biomolecule.py:157:num_missing_heavy:Missing atom CG in residue ARG B -2
2024-02-28 14:07:19,301 WARNING:biomolecule.py:157:num_missing_heavy:Missing atom CD in residue ARG B -2
2024-02-28 14:07:19,301 WARNING:biomolecule.py:157:num_missing_heavy:Missing atom NE in residue ARG B -2
2024-02-28 14:07:19,301 WARNING:biomolecule.py:157:num_missing_heavy:Missing atom CZ in residue ARG B -2
2024-02-28 14:07:19,301 WARNING:biomolecule.py:157:num_missing_heavy:Missing atom NH1 in residue ARG B -2
2024-02-28 14:07:19,301 WARNING:biomolecule.py:157:num_missing_heavy:Missing atom NH2 in residue ARG B -2
2024-02-28 14:07:19,301 WARNING:biomolecule.py:157:num_missing_heavy:Missing atom CG in residue LYS B -1
2024-02-28 14:07:19,301 WARNING:biomolecule.py:157:num_missing_heavy:Missing atom CD in residue LYS B -1
2024-02-28 14:07:19,302 WARNING:biomolecule.py:157:num_missing_heavy:Missing atom CE in residue LYS B -1
2024-02-28 14:07:19,302 WARNING:biomolecule.py:157:num_missing_heavy:Missing atom NZ in residue LYS B -1
2024-02-28 14:07:19,308 WARNING:biomolecule.py:157:num_missing_heavy:Missing atom OXT in residue LEU B 49
2024-02-28 14:07:19,341 WARNING:biomolecule.py:157:num_missing_heavy:Missing atom OG1 in residue THR A 244
2024-02-28 14:07:19,341 WARNING:biomolecule.py:157:num_missing_heavy:Missing atom CG2 in residue THR A 244
2024-02-28 14:07:19,437 WARNING:biomolecule.py:157:num_missing_heavy:Missing atom OXT in residue THR A 244
2024-02-28 14:07:19,437 WARNING:biomolecule.py:157:num_missing_heavy:Missing atom CG in residue ARG B -2
2024-02-28 14:07:19,437 WARNING:biomolecule.py:157:num_missing_heavy:Missing atom CD in residue ARG B -2
2024-02-28 14:07:19,437 WARNING:biomolecule.py:157:num_missing_heavy:Missing atom NE in residue ARG B -2
2024-02-28 14:07:19,437 WARNING:biomolecule.py:157:num_missing_heavy:Missing atom CZ in residue ARG B -2
2024-02-28 14:07:19,437 WARNING:biomolecule.py:157:num_missing_heavy:Missing atom NH1 in residue ARG B -2
2024-02-28 14:07:19,437 WARNING:biomolecule.py:157:num_missing_heavy:Missing atom NH2 in residue ARG B -2
2024-02-28 14:07:19,437 WARNING:biomolecule.py:157:num_missing_heavy:Missing atom CG in residue LYS B -1
2024-02-28 14:07:19,438 WARNING:biomolecule.py:157:num_missing_heavy:Missing atom CD in residue LYS B -1
2024-02-28 14:07:19,438 WARNING:biomolecule.py:157:num_missing_heavy:Missing atom CE in residue LYS B -1
2024-02-28 14:07:19,438 WARNING:biomolecule.py:157:num_missing_heavy:Missing atom NZ in residue LYS B -1
2024-02-28 14:07:19,438 WARNING:biomolecule.py:157:num_missing_heavy:Missing atom OXT in residue LEU B 49
2024-02-28 14:07:22,938 WARNING:main.py:311:print_pqr:Ignoring 2030 header lines in output.
2024-02-28 14:07:22,938 WARNING:main.py:315:print_pqr:Ignoring 37 missing lines in output.
