2024-02-28 14:07:16,908 WARNING:biomolecule.py:992:create_residue:Unable to find amino or nucleic acid definition for SEP.  Parsing as new residue.
2024-02-28 14:07:16,946 WARNING:biomolecule.py:992:create_residue:Unable to find amino or nucleic acid definition for ZN.  Parsing as new residue.
2024-02-28 14:07:16,947 WARNING:biomolecule.py:992:create_residue:Unable to find amino or nucleic acid definition for X1P.  Parsing as new residue.
2024-02-28 14:07:16,947 WARNING:main.py:418:setup_molecule:Multiple occupancies found: N in LEU X 263.
2024-02-28 14:07:16,947 WARNING:main.py:418:setup_molecule:Multiple occupancies found: CA in LEU X 263.
2024-02-28 14:07:16,947 WARNING:main.py:418:setup_molecule:Multiple occupancies found: C in LEU X 263.
2024-02-28 14:07:16,947 WARNING:main.py:418:setup_molecule:Multiple occupancies found: O in LEU X 263.
2024-02-28 14:07:16,947 WARNING:main.py:418:setup_molecule:Multiple occupancies found: CB in LEU X 263.
2024-02-28 14:07:16,947 WARNING:main.py:418:setup_molecule:Multiple occupancies found: CG in LEU X 263.
2024-02-28 14:07:16,947 WARNING:main.py:418:setup_molecule:Multiple occupancies found: CD1 in LEU X 263.
2024-02-28 14:07:16,947 WARNING:main.py:418:setup_molecule:Multiple occupancies found: CD2 in LEU X 263.
2024-02-28 14:07:16,947 WARNING:main.py:424:setup_molecule:Multiple occupancies found in LEU X 263. At least one of the instances is being ignored.
2024-02-28 14:07:16,948 WARNING:main.py:418:setup_molecule:Multiple occupancies found: N in MET X 315.
2024-02-28 14:07:16,948 WARNING:main.py:418:setup_molecule:Multiple occupancies found: CA in MET X 315.
2024-02-28 14:07:16,948 WARNING:main.py:418:setup_molecule:Multiple occupancies found: C in MET X 315.
2024-02-28 14:07:16,948 WARNING:main.py:418:setup_molecule:Multiple occupancies found: O in MET X 315.
2024-02-28 14:07:16,948 WARNING:main.py:418:setup_molecule:Multiple occupancies found: CB in MET X 315.
2024-02-28 14:07:16,948 WARNING:main.py:418:setup_molecule:Multiple occupancies found: CG in MET X 315.
2024-02-28 14:07:16,948 WARNING:main.py:418:setup_molecule:Multiple occupancies found: SD in MET X 315.
2024-02-28 14:07:16,948 WARNING:main.py:418:setup_molecule:Multiple occupancies found: CE in MET X 315.
2024-02-28 14:07:16,948 WARNING:main.py:424:setup_molecule:Multiple occupancies found in MET X 315. At least one of the instances is being ignored.
2024-02-28 14:07:16,948 WARNING:main.py:418:setup_molecule:Multiple occupancies found: N in GLU X 317.
2024-02-28 14:07:16,948 WARNING:main.py:418:setup_molecule:Multiple occupancies found: CA in GLU X 317.
2024-02-28 14:07:16,948 WARNING:main.py:418:setup_molecule:Multiple occupancies found: C in GLU X 317.
2024-02-28 14:07:16,948 WARNING:main.py:418:setup_molecule:Multiple occupancies found: O in GLU X 317.
2024-02-28 14:07:16,948 WARNING:main.py:418:setup_molecule:Multiple occupancies found: CB in GLU X 317.
2024-02-28 14:07:16,948 WARNING:main.py:418:setup_molecule:Multiple occupancies found: CG in GLU X 317.
2024-02-28 14:07:16,948 WARNING:main.py:418:setup_molecule:Multiple occupancies found: CD in GLU X 317.
2024-02-28 14:07:16,948 WARNING:main.py:418:setup_molecule:Multiple occupancies found: OE1 in GLU X 317.
2024-02-28 14:07:16,948 WARNING:main.py:418:setup_molecule:Multiple occupancies found: OE2 in GLU X 317.
2024-02-28 14:07:16,948 WARNING:main.py:424:setup_molecule:Multiple occupancies found in GLU X 317. At least one of the instances is being ignored.
2024-02-28 14:07:16,948 WARNING:main.py:418:setup_molecule:Multiple occupancies found: N in ASP X 436.
2024-02-28 14:07:16,948 WARNING:main.py:418:setup_molecule:Multiple occupancies found: CA in ASP X 436.
2024-02-28 14:07:16,948 WARNING:main.py:418:setup_molecule:Multiple occupancies found: C in ASP X 436.
2024-02-28 14:07:16,948 WARNING:main.py:418:setup_molecule:Multiple occupancies found: O in ASP X 436.
2024-02-28 14:07:16,948 WARNING:main.py:418:setup_molecule:Multiple occupancies found: CB in ASP X 436.
2024-02-28 14:07:16,948 WARNING:main.py:418:setup_molecule:Multiple occupancies found: CG in ASP X 436.
2024-02-28 14:07:16,948 WARNING:main.py:418:setup_molecule:Multiple occupancies found: OD1 in ASP X 436.
2024-02-28 14:07:16,948 WARNING:main.py:418:setup_molecule:Multiple occupancies found: OD2 in ASP X 436.
2024-02-28 14:07:16,948 WARNING:main.py:424:setup_molecule:Multiple occupancies found in ASP X 436. At least one of the instances is being ignored.
2024-02-28 14:07:16,948 WARNING:main.py:418:setup_molecule:Multiple occupancies found: N in ARG X 449.
2024-02-28 14:07:16,948 WARNING:main.py:418:setup_molecule:Multiple occupancies found: CA in ARG X 449.
2024-02-28 14:07:16,949 WARNING:main.py:418:setup_molecule:Multiple occupancies found: C in ARG X 449.
2024-02-28 14:07:16,949 WARNING:main.py:418:setup_molecule:Multiple occupancies found: O in ARG X 449.
2024-02-28 14:07:16,949 WARNING:main.py:418:setup_molecule:Multiple occupancies found: CB in ARG X 449.
2024-02-28 14:07:16,965 WARNING:main.py:418:setup_molecule:Multiple occupancies found: CG in ARG X 449.
2024-02-28 14:07:16,965 WARNING:main.py:418:setup_molecule:Multiple occupancies found: CD in ARG X 449.
2024-02-28 14:07:16,965 WARNING:main.py:418:setup_molecule:Multiple occupancies found: NE in ARG X 449.
2024-02-28 14:07:16,965 WARNING:main.py:418:setup_molecule:Multiple occupancies found: CZ in ARG X 449.
2024-02-28 14:07:16,965 WARNING:main.py:418:setup_molecule:Multiple occupancies found: NH1 in ARG X 449.
2024-02-28 14:07:16,965 WARNING:main.py:418:setup_molecule:Multiple occupancies found: NH2 in ARG X 449.
2024-02-28 14:07:16,965 WARNING:main.py:424:setup_molecule:Multiple occupancies found in ARG X 449. At least one of the instances is being ignored.
2024-02-28 14:07:17,067 WARNING:biomolecule.py:157:num_missing_heavy:Missing atom CG in residue GLU X 151
2024-02-28 14:07:17,067 WARNING:biomolecule.py:157:num_missing_heavy:Missing atom CD in residue GLU X 151
2024-02-28 14:07:17,068 WARNING:biomolecule.py:157:num_missing_heavy:Missing atom OE1 in residue GLU X 151
2024-02-28 14:07:17,068 WARNING:biomolecule.py:157:num_missing_heavy:Missing atom OE2 in residue GLU X 151
2024-02-28 14:07:17,068 WARNING:biomolecule.py:157:num_missing_heavy:Missing atom CG in residue ARG X 158
2024-02-28 14:07:17,068 WARNING:biomolecule.py:157:num_missing_heavy:Missing atom CD in residue ARG X 158
2024-02-28 14:07:17,068 WARNING:biomolecule.py:157:num_missing_heavy:Missing atom NE in residue ARG X 158
2024-02-28 14:07:17,068 WARNING:biomolecule.py:157:num_missing_heavy:Missing atom CZ in residue ARG X 158
2024-02-28 14:07:17,068 WARNING:biomolecule.py:157:num_missing_heavy:Missing atom NH1 in residue ARG X 158
2024-02-28 14:07:17,068 WARNING:biomolecule.py:157:num_missing_heavy:Missing atom NH2 in residue ARG X 158
2024-02-28 14:07:17,068 WARNING:biomolecule.py:157:num_missing_heavy:Missing atom CG in residue HIS X 214
2024-02-28 14:07:17,068 WARNING:biomolecule.py:157:num_missing_heavy:Missing atom ND1 in residue HIS X 214
2024-02-28 14:07:17,068 WARNING:biomolecule.py:157:num_missing_heavy:Missing atom CD2 in residue HIS X 214
2024-02-28 14:07:17,068 WARNING:biomolecule.py:157:num_missing_heavy:Missing atom CE1 in residue HIS X 214
2024-02-28 14:07:17,068 WARNING:biomolecule.py:157:num_missing_heavy:Missing atom NE2 in residue HIS X 214
2024-02-28 14:07:17,068 WARNING:biomolecule.py:157:num_missing_heavy:Missing atom CG in residue LYS X 224
2024-02-28 14:07:17,068 WARNING:biomolecule.py:157:num_missing_heavy:Missing atom CD in residue LYS X 224
2024-02-28 14:07:17,068 WARNING:biomolecule.py:157:num_missing_heavy:Missing atom CE in residue LYS X 224
2024-02-28 14:07:17,068 WARNING:biomolecule.py:157:num_missing_heavy:Missing atom NZ in residue LYS X 224
2024-02-28 14:07:17,069 WARNING:biomolecule.py:157:num_missing_heavy:Missing atom CG in residue ASP X 279
2024-02-28 14:07:17,069 WARNING:biomolecule.py:157:num_missing_heavy:Missing atom OD1 in residue ASP X 279
2024-02-28 14:07:17,069 WARNING:biomolecule.py:157:num_missing_heavy:Missing atom OD2 in residue ASP X 279
2024-02-28 14:07:17,069 WARNING:biomolecule.py:157:num_missing_heavy:Missing atom CG in residue LYS X 316
2024-02-28 14:07:17,069 WARNING:biomolecule.py:157:num_missing_heavy:Missing atom CD in residue LYS X 316
2024-02-28 14:07:17,069 WARNING:biomolecule.py:157:num_missing_heavy:Missing atom CE in residue LYS X 316
2024-02-28 14:07:17,069 WARNING:biomolecule.py:157:num_missing_heavy:Missing atom NZ in residue LYS X 316
2024-02-28 14:07:17,069 WARNING:biomolecule.py:157:num_missing_heavy:Missing atom CG in residue GLN X 357
2024-02-28 14:07:17,069 WARNING:biomolecule.py:157:num_missing_heavy:Missing atom CD in residue GLN X 357
2024-02-28 14:07:17,069 WARNING:biomolecule.py:157:num_missing_heavy:Missing atom OE1 in residue GLN X 357
2024-02-28 14:07:17,069 WARNING:biomolecule.py:157:num_missing_heavy:Missing atom NE2 in residue GLN X 357
2024-02-28 14:07:17,069 WARNING:biomolecule.py:157:num_missing_heavy:Missing atom CG in residue GLU X 382
2024-02-28 14:07:17,069 WARNING:biomolecule.py:157:num_missing_heavy:Missing atom CD in residue GLU X 382
2024-02-28 14:07:17,069 WARNING:biomolecule.py:157:num_missing_heavy:Missing atom OE1 in residue GLU X 382
2024-02-28 14:07:17,069 WARNING:biomolecule.py:157:num_missing_heavy:Missing atom OE2 in residue GLU X 382
2024-02-28 14:07:17,070 WARNING:biomolecule.py:157:num_missing_heavy:Missing atom CG in residue GLU X 439
2024-02-28 14:07:17,070 WARNING:biomolecule.py:157:num_missing_heavy:Missing atom CD in residue GLU X 439
2024-02-28 14:07:17,070 WARNING:biomolecule.py:157:num_missing_heavy:Missing atom OE1 in residue GLU X 439
2024-02-28 14:07:17,070 WARNING:biomolecule.py:157:num_missing_heavy:Missing atom OE2 in residue GLU X 439
2024-02-28 14:07:17,070 WARNING:biomolecule.py:157:num_missing_heavy:Missing atom CG in residue GLU X 151
2024-02-28 14:07:17,070 WARNING:biomolecule.py:157:num_missing_heavy:Missing atom CD in residue GLU X 151
2024-02-28 14:07:17,070 WARNING:biomolecule.py:157:num_missing_heavy:Missing atom OE1 in residue GLU X 151
2024-02-28 14:07:17,071 WARNING:biomolecule.py:157:num_missing_heavy:Missing atom OE2 in residue GLU X 151
2024-02-28 14:07:17,071 WARNING:biomolecule.py:157:num_missing_heavy:Missing atom CG in residue ARG X 158
2024-02-28 14:07:17,081 WARNING:biomolecule.py:157:num_missing_heavy:Missing atom CD in residue ARG X 158
2024-02-28 14:07:17,081 WARNING:biomolecule.py:157:num_missing_heavy:Missing atom NE in residue ARG X 158
2024-02-28 14:07:17,081 WARNING:biomolecule.py:157:num_missing_heavy:Missing atom CZ in residue ARG X 158
2024-02-28 14:07:17,081 WARNING:biomolecule.py:157:num_missing_heavy:Missing atom NH1 in residue ARG X 158
2024-02-28 14:07:17,081 WARNING:biomolecule.py:157:num_missing_heavy:Missing atom NH2 in residue ARG X 158
2024-02-28 14:07:17,082 WARNING:biomolecule.py:157:num_missing_heavy:Missing atom CG in residue HIS X 214
2024-02-28 14:07:17,082 WARNING:biomolecule.py:157:num_missing_heavy:Missing atom ND1 in residue HIS X 214
2024-02-28 14:07:17,082 WARNING:biomolecule.py:157:num_missing_heavy:Missing atom CD2 in residue HIS X 214
2024-02-28 14:07:17,082 WARNING:biomolecule.py:157:num_missing_heavy:Missing atom CE1 in residue HIS X 214
2024-02-28 14:07:17,082 WARNING:biomolecule.py:157:num_missing_heavy:Missing atom NE2 in residue HIS X 214
2024-02-28 14:07:17,082 WARNING:biomolecule.py:157:num_missing_heavy:Missing atom CG in residue LYS X 224
2024-02-28 14:07:17,082 WARNING:biomolecule.py:157:num_missing_heavy:Missing atom CD in residue LYS X 224
2024-02-28 14:07:17,082 WARNING:biomolecule.py:157:num_missing_heavy:Missing atom CE in residue LYS X 224
2024-02-28 14:07:17,082 WARNING:biomolecule.py:157:num_missing_heavy:Missing atom NZ in residue LYS X 224
2024-02-28 14:07:17,082 WARNING:biomolecule.py:157:num_missing_heavy:Missing atom CG in residue ASP X 279
2024-02-28 14:07:17,082 WARNING:biomolecule.py:157:num_missing_heavy:Missing atom OD1 in residue ASP X 279
2024-02-28 14:07:17,082 WARNING:biomolecule.py:157:num_missing_heavy:Missing atom OD2 in residue ASP X 279
2024-02-28 14:07:17,083 WARNING:biomolecule.py:157:num_missing_heavy:Missing atom CG in residue LYS X 316
2024-02-28 14:07:17,083 WARNING:biomolecule.py:157:num_missing_heavy:Missing atom CD in residue LYS X 316
2024-02-28 14:07:17,083 WARNING:biomolecule.py:157:num_missing_heavy:Missing atom CE in residue LYS X 316
2024-02-28 14:07:17,083 WARNING:biomolecule.py:157:num_missing_heavy:Missing atom NZ in residue LYS X 316
2024-02-28 14:07:17,083 WARNING:biomolecule.py:157:num_missing_heavy:Missing atom CG in residue GLN X 357
2024-02-28 14:07:17,083 WARNING:biomolecule.py:157:num_missing_heavy:Missing atom CD in residue GLN X 357
2024-02-28 14:07:17,083 WARNING:biomolecule.py:157:num_missing_heavy:Missing atom OE1 in residue GLN X 357
2024-02-28 14:07:17,083 WARNING:biomolecule.py:157:num_missing_heavy:Missing atom NE2 in residue GLN X 357
2024-02-28 14:07:17,083 WARNING:biomolecule.py:157:num_missing_heavy:Missing atom CG in residue GLU X 382
2024-02-28 14:07:17,083 WARNING:biomolecule.py:157:num_missing_heavy:Missing atom CD in residue GLU X 382
2024-02-28 14:07:17,083 WARNING:biomolecule.py:157:num_missing_heavy:Missing atom OE1 in residue GLU X 382
2024-02-28 14:07:17,083 WARNING:biomolecule.py:157:num_missing_heavy:Missing atom OE2 in residue GLU X 382
2024-02-28 14:07:17,083 WARNING:biomolecule.py:157:num_missing_heavy:Missing atom CG in residue GLU X 439
2024-02-28 14:07:17,083 WARNING:biomolecule.py:157:num_missing_heavy:Missing atom CD in residue GLU X 439
2024-02-28 14:07:17,083 WARNING:biomolecule.py:157:num_missing_heavy:Missing atom OE1 in residue GLU X 439
2024-02-28 14:07:17,083 WARNING:biomolecule.py:157:num_missing_heavy:Missing atom OE2 in residue GLU X 439
2024-02-28 14:07:17,084 WARNING:biomolecule.py:157:num_missing_heavy:Missing atom CG in residue GLU X 151
2024-02-28 14:07:17,084 WARNING:biomolecule.py:157:num_missing_heavy:Missing atom CD in residue GLU X 151
2024-02-28 14:07:17,084 WARNING:biomolecule.py:157:num_missing_heavy:Missing atom OE1 in residue GLU X 151
2024-02-28 14:07:17,084 WARNING:biomolecule.py:157:num_missing_heavy:Missing atom OE2 in residue GLU X 151
2024-02-28 14:07:17,084 WARNING:biomolecule.py:157:num_missing_heavy:Missing atom CG in residue ARG X 158
2024-02-28 14:07:17,084 WARNING:biomolecule.py:157:num_missing_heavy:Missing atom CD in residue ARG X 158
2024-02-28 14:07:17,084 WARNING:biomolecule.py:157:num_missing_heavy:Missing atom NE in residue ARG X 158
2024-02-28 14:07:17,084 WARNING:biomolecule.py:157:num_missing_heavy:Missing atom CZ in residue ARG X 158
2024-02-28 14:07:17,084 WARNING:biomolecule.py:157:num_missing_heavy:Missing atom NH1 in residue ARG X 158
2024-02-28 14:07:17,084 WARNING:biomolecule.py:157:num_missing_heavy:Missing atom NH2 in residue ARG X 158
2024-02-28 14:07:17,085 WARNING:biomolecule.py:157:num_missing_heavy:Missing atom CG in residue HIS X 214
2024-02-28 14:07:17,085 WARNING:biomolecule.py:157:num_missing_heavy:Missing atom ND1 in residue HIS X 214
2024-02-28 14:07:17,085 WARNING:biomolecule.py:157:num_missing_heavy:Missing atom CD2 in residue HIS X 214
2024-02-28 14:07:17,085 WARNING:biomolecule.py:157:num_missing_heavy:Missing atom CE1 in residue HIS X 214
2024-02-28 14:07:17,085 WARNING:biomolecule.py:157:num_missing_heavy:Missing atom NE2 in residue HIS X 214
2024-02-28 14:07:17,085 WARNING:biomolecule.py:157:num_missing_heavy:Missing atom CG in residue LYS X 224
2024-02-28 14:07:17,085 WARNING:biomolecule.py:157:num_missing_heavy:Missing atom CD in residue LYS X 224
2024-02-28 14:07:17,085 WARNING:biomolecule.py:157:num_missing_heavy:Missing atom CE in residue LYS X 224
2024-02-28 14:07:17,085 WARNING:biomolecule.py:157:num_missing_heavy:Missing atom NZ in residue LYS X 224
2024-02-28 14:07:17,085 WARNING:biomolecule.py:157:num_missing_heavy:Missing atom CG in residue ASP X 279
2024-02-28 14:07:17,085 WARNING:biomolecule.py:157:num_missing_heavy:Missing atom OD1 in residue ASP X 279
2024-02-28 14:07:17,085 WARNING:biomolecule.py:157:num_missing_heavy:Missing atom OD2 in residue ASP X 279
2024-02-28 14:07:17,085 WARNING:biomolecule.py:157:num_missing_heavy:Missing atom CG in residue LYS X 316
2024-02-28 14:07:17,085 WARNING:biomolecule.py:157:num_missing_heavy:Missing atom CD in residue LYS X 316
2024-02-28 14:07:17,130 WARNING:biomolecule.py:157:num_missing_heavy:Missing atom CE in residue LYS X 316
2024-02-28 14:07:17,131 WARNING:biomolecule.py:157:num_missing_heavy:Missing atom NZ in residue LYS X 316
2024-02-28 14:07:17,133 WARNING:biomolecule.py:157:num_missing_heavy:Missing atom CG in residue GLN X 357
2024-02-28 14:07:17,133 WARNING:biomolecule.py:157:num_missing_heavy:Missing atom CD in residue GLN X 357
2024-02-28 14:07:17,134 WARNING:biomolecule.py:157:num_missing_heavy:Missing atom OE1 in residue GLN X 357
2024-02-28 14:07:17,135 WARNING:biomolecule.py:157:num_missing_heavy:Missing atom NE2 in residue GLN X 357
2024-02-28 14:07:17,136 WARNING:biomolecule.py:157:num_missing_heavy:Missing atom CG in residue GLU X 382
2024-02-28 14:07:17,136 WARNING:biomolecule.py:157:num_missing_heavy:Missing atom CD in residue GLU X 382
2024-02-28 14:07:17,136 WARNING:biomolecule.py:157:num_missing_heavy:Missing atom OE1 in residue GLU X 382
2024-02-28 14:07:17,137 WARNING:biomolecule.py:157:num_missing_heavy:Missing atom OE2 in residue GLU X 382
2024-02-28 14:07:17,137 WARNING:biomolecule.py:157:num_missing_heavy:Missing atom CG in residue GLU X 439
2024-02-28 14:07:17,138 WARNING:biomolecule.py:157:num_missing_heavy:Missing atom CD in residue GLU X 439
2024-02-28 14:07:17,138 WARNING:biomolecule.py:157:num_missing_heavy:Missing atom OE1 in residue GLU X 439
2024-02-28 14:07:17,139 WARNING:biomolecule.py:157:num_missing_heavy:Missing atom OE2 in residue GLU X 439
2024-02-28 14:07:22,681 WARNING:main.py:311:print_pqr:Ignoring 1575 header lines in output.
2024-02-28 14:07:22,681 WARNING:main.py:315:print_pqr:Ignoring 25 missing lines in output.
