2024-02-28 14:07:18,387 WARNING:biomolecule.py:992:create_residue:Unable to find amino or nucleic acid definition for DGX.  Parsing as new residue.
2024-02-28 14:07:18,393 WARNING:biomolecule.py:992:create_residue:Unable to find amino or nucleic acid definition for DGX.  Parsing as new residue.
2024-02-28 14:07:18,497 WARNING:biomolecule.py:157:num_missing_heavy:Missing atom OXT in residue ARG A 211
2024-02-28 14:07:18,511 WARNING:biomolecule.py:157:num_missing_heavy:Missing atom CG in residue GLU B 226
2024-02-28 14:07:18,511 WARNING:biomolecule.py:157:num_missing_heavy:Missing atom CD in residue GLU B 226
2024-02-28 14:07:18,511 WARNING:biomolecule.py:157:num_missing_heavy:Missing atom OE1 in residue GLU B 226
2024-02-28 14:07:18,511 WARNING:biomolecule.py:157:num_missing_heavy:Missing atom OE2 in residue GLU B 226
2024-02-28 14:07:18,511 WARNING:biomolecule.py:157:num_missing_heavy:Missing atom CG in residue PRO B 227
2024-02-28 14:07:18,511 WARNING:biomolecule.py:157:num_missing_heavy:Missing atom CD in residue PRO B 227
2024-02-28 14:07:18,517 WARNING:biomolecule.py:157:num_missing_heavy:Missing atom OXT in residue ARG C 211
2024-02-28 14:07:18,518 WARNING:biomolecule.py:157:num_missing_heavy:Missing atom CG in residue GLU D 226
2024-02-28 14:07:18,518 WARNING:biomolecule.py:157:num_missing_heavy:Missing atom CD in residue GLU D 226
2024-02-28 14:07:18,518 WARNING:biomolecule.py:157:num_missing_heavy:Missing atom OE1 in residue GLU D 226
2024-02-28 14:07:18,518 WARNING:biomolecule.py:157:num_missing_heavy:Missing atom OE2 in residue GLU D 226
2024-02-28 14:07:18,518 WARNING:biomolecule.py:157:num_missing_heavy:Missing atom CG in residue PRO D 227
2024-02-28 14:07:18,518 WARNING:biomolecule.py:157:num_missing_heavy:Missing atom CD in residue PRO D 227
2024-02-28 14:07:18,519 WARNING:biomolecule.py:157:num_missing_heavy:Missing atom OXT in residue ARG A 211
2024-02-28 14:07:18,520 WARNING:biomolecule.py:157:num_missing_heavy:Missing atom CG in residue GLU B 226
2024-02-28 14:07:18,520 WARNING:biomolecule.py:157:num_missing_heavy:Missing atom CD in residue GLU B 226
2024-02-28 14:07:18,520 WARNING:biomolecule.py:157:num_missing_heavy:Missing atom OE1 in residue GLU B 226
2024-02-28 14:07:18,520 WARNING:biomolecule.py:157:num_missing_heavy:Missing atom OE2 in residue GLU B 226
2024-02-28 14:07:18,520 WARNING:biomolecule.py:157:num_missing_heavy:Missing atom CG in residue PRO B 227
2024-02-28 14:07:18,520 WARNING:biomolecule.py:157:num_missing_heavy:Missing atom CD in residue PRO B 227
2024-02-28 14:07:18,521 WARNING:biomolecule.py:157:num_missing_heavy:Missing atom OXT in residue ARG C 211
2024-02-28 14:07:18,522 WARNING:biomolecule.py:157:num_missing_heavy:Missing atom CG in residue GLU D 226
2024-02-28 14:07:18,522 WARNING:biomolecule.py:157:num_missing_heavy:Missing atom CD in residue GLU D 226
2024-02-28 14:07:18,522 WARNING:biomolecule.py:157:num_missing_heavy:Missing atom OE1 in residue GLU D 226
2024-02-28 14:07:18,522 WARNING:biomolecule.py:157:num_missing_heavy:Missing atom OE2 in residue GLU D 226
2024-02-28 14:07:18,522 WARNING:biomolecule.py:157:num_missing_heavy:Missing atom CG in residue PRO D 227
2024-02-28 14:07:18,901 WARNING:biomolecule.py:157:num_missing_heavy:Missing atom CD in residue PRO D 227
2024-02-28 14:07:18,902 WARNING:biomolecule.py:157:num_missing_heavy:Missing atom OXT in residue ARG A 211
2024-02-28 14:07:18,903 WARNING:biomolecule.py:157:num_missing_heavy:Missing atom CG in residue GLU B 226
2024-02-28 14:07:18,903 WARNING:biomolecule.py:157:num_missing_heavy:Missing atom CD in residue GLU B 226
2024-02-28 14:07:18,903 WARNING:biomolecule.py:157:num_missing_heavy:Missing atom OE1 in residue GLU B 226
2024-02-28 14:07:18,903 WARNING:biomolecule.py:157:num_missing_heavy:Missing atom OE2 in residue GLU B 226
2024-02-28 14:07:18,903 WARNING:biomolecule.py:157:num_missing_heavy:Missing atom CG in residue PRO B 227
2024-02-28 14:07:18,904 WARNING:biomolecule.py:157:num_missing_heavy:Missing atom CD in residue PRO B 227
2024-02-28 14:07:18,905 WARNING:biomolecule.py:157:num_missing_heavy:Missing atom OXT in residue ARG C 211
2024-02-28 14:07:18,922 WARNING:biomolecule.py:157:num_missing_heavy:Missing atom CG in residue GLU D 226
2024-02-28 14:07:18,922 WARNING:biomolecule.py:157:num_missing_heavy:Missing atom CD in residue GLU D 226
2024-02-28 14:07:18,922 WARNING:biomolecule.py:157:num_missing_heavy:Missing atom OE1 in residue GLU D 226
2024-02-28 14:07:18,922 WARNING:biomolecule.py:157:num_missing_heavy:Missing atom OE2 in residue GLU D 226
2024-02-28 14:07:18,922 WARNING:biomolecule.py:157:num_missing_heavy:Missing atom CG in residue PRO D 227
2024-02-28 14:07:18,922 WARNING:biomolecule.py:157:num_missing_heavy:Missing atom CD in residue PRO D 227
2024-02-28 14:07:23,595 WARNING:main.py:311:print_pqr:Ignoring 3254 header lines in output.
2024-02-28 14:07:23,595 WARNING:main.py:315:print_pqr:Ignoring 74 missing lines in output.
