2024-02-28 14:07:17,578 WARNING:biomolecule.py:992:create_residue:Unable to find amino or nucleic acid definition for SO4.  Parsing as new residue.
2024-02-28 14:07:17,579 WARNING:biomolecule.py:992:create_residue:Unable to find amino or nucleic acid definition for STU.  Parsing as new residue.
2024-02-28 14:07:17,585 WARNING:biomolecule.py:615:update_bonds:Gap in backbone detected between LYS A 43 and ASN A 51!
2024-02-28 14:07:17,661 WARNING:biomolecule.py:157:num_missing_heavy:Missing atom CG in residue LYS A 60
2024-02-28 14:07:17,942 WARNING:biomolecule.py:157:num_missing_heavy:Missing atom CD in residue LYS A 60
2024-02-28 14:07:17,942 WARNING:biomolecule.py:157:num_missing_heavy:Missing atom CE in residue LYS A 60
2024-02-28 14:07:17,943 WARNING:biomolecule.py:157:num_missing_heavy:Missing atom NZ in residue LYS A 60
2024-02-28 14:07:17,944 WARNING:biomolecule.py:157:num_missing_heavy:Missing atom OXT in residue ALA A 273
2024-02-28 14:07:17,944 WARNING:biomolecule.py:157:num_missing_heavy:Missing atom OXT in residue ALA B 305
2024-02-28 14:07:17,944 WARNING:biomolecule.py:157:num_missing_heavy:Missing atom CG in residue LYS A 60
2024-02-28 14:07:17,944 WARNING:biomolecule.py:157:num_missing_heavy:Missing atom CD in residue LYS A 60
2024-02-28 14:07:17,944 WARNING:biomolecule.py:157:num_missing_heavy:Missing atom CE in residue LYS A 60
2024-02-28 14:07:17,944 WARNING:biomolecule.py:157:num_missing_heavy:Missing atom NZ in residue LYS A 60
2024-02-28 14:07:17,945 WARNING:biomolecule.py:157:num_missing_heavy:Missing atom OXT in residue ALA A 273
2024-02-28 14:07:17,945 WARNING:biomolecule.py:157:num_missing_heavy:Missing atom OXT in residue ALA B 305
2024-02-28 14:07:17,945 WARNING:biomolecule.py:157:num_missing_heavy:Missing atom CG in residue LYS A 60
2024-02-28 14:07:17,945 WARNING:biomolecule.py:157:num_missing_heavy:Missing atom CD in residue LYS A 60
2024-02-28 14:07:17,945 WARNING:biomolecule.py:157:num_missing_heavy:Missing atom CE in residue LYS A 60
2024-02-28 14:07:17,945 WARNING:biomolecule.py:157:num_missing_heavy:Missing atom NZ in residue LYS A 60
2024-02-28 14:07:17,946 WARNING:biomolecule.py:157:num_missing_heavy:Missing atom OXT in residue ALA A 273
2024-02-28 14:07:17,946 WARNING:biomolecule.py:157:num_missing_heavy:Missing atom OXT in residue ALA B 305
2024-02-28 14:07:20,262 WARNING:main.py:311:print_pqr:Ignoring 2097 header lines in output.
2024-02-28 14:07:20,263 WARNING:main.py:315:print_pqr:Ignoring 40 missing lines in output.
