2024-02-28 14:07:17,246 WARNING:biomolecule.py:992:create_residue:Unable to find amino or nucleic acid definition for CA.  Parsing as new residue.
2024-02-28 14:07:17,430 WARNING:biomolecule.py:992:create_residue:Unable to find amino or nucleic acid definition for SO4.  Parsing as new residue.
2024-02-28 14:07:17,430 WARNING:biomolecule.py:992:create_residue:Unable to find amino or nucleic acid definition for SO4.  Parsing as new residue.
2024-02-28 14:07:17,430 WARNING:biomolecule.py:992:create_residue:Unable to find amino or nucleic acid definition for SO4.  Parsing as new residue.
2024-02-28 14:07:17,430 WARNING:biomolecule.py:992:create_residue:Unable to find amino or nucleic acid definition for SO4.  Parsing as new residue.
2024-02-28 14:07:17,430 WARNING:biomolecule.py:992:create_residue:Unable to find amino or nucleic acid definition for SO4.  Parsing as new residue.
2024-02-28 14:07:17,430 WARNING:biomolecule.py:992:create_residue:Unable to find amino or nucleic acid definition for SO4.  Parsing as new residue.
2024-02-28 14:07:17,430 WARNING:biomolecule.py:992:create_residue:Unable to find amino or nucleic acid definition for ESX.  Parsing as new residue.
2024-02-28 14:07:17,431 WARNING:main.py:418:setup_molecule:Multiple occupancies found: CB in GLN A 50.
2024-02-28 14:07:17,431 WARNING:main.py:418:setup_molecule:Multiple occupancies found: CG in GLN A 50.
2024-02-28 14:07:17,431 WARNING:main.py:418:setup_molecule:Multiple occupancies found: CD in GLN A 50.
2024-02-28 14:07:17,431 WARNING:main.py:418:setup_molecule:Multiple occupancies found: OE1 in GLN A 50.
2024-02-28 14:07:17,431 WARNING:main.py:418:setup_molecule:Multiple occupancies found: NE2 in GLN A 50.
2024-02-28 14:07:17,431 WARNING:main.py:418:setup_molecule:Multiple occupancies found: HB2 in GLN A 50.
2024-02-28 14:07:17,431 WARNING:main.py:418:setup_molecule:Multiple occupancies found: HB3 in GLN A 50.
2024-02-28 14:07:17,431 WARNING:main.py:418:setup_molecule:Multiple occupancies found: HG2 in GLN A 50.
2024-02-28 14:07:17,431 WARNING:main.py:418:setup_molecule:Multiple occupancies found: HG3 in GLN A 50.
2024-02-28 14:07:17,431 WARNING:main.py:418:setup_molecule:Multiple occupancies found: HE21 in GLN A 50.
2024-02-28 14:07:17,431 WARNING:main.py:418:setup_molecule:Multiple occupancies found: HE22 in GLN A 50.
2024-02-28 14:07:17,431 WARNING:main.py:424:setup_molecule:Multiple occupancies found in GLN A 50. At least one of the instances is being ignored.
2024-02-28 14:07:17,431 WARNING:main.py:418:setup_molecule:Multiple occupancies found: CB in MET A 104.
2024-02-28 14:07:17,431 WARNING:main.py:418:setup_molecule:Multiple occupancies found: CG in MET A 104.
2024-02-28 14:07:17,593 WARNING:main.py:418:setup_molecule:Multiple occupancies found: SD in MET A 104.
2024-02-28 14:07:17,593 WARNING:main.py:418:setup_molecule:Multiple occupancies found: CE in MET A 104.
2024-02-28 14:07:17,593 WARNING:main.py:418:setup_molecule:Multiple occupancies found: HB2 in MET A 104.
2024-02-28 14:07:17,593 WARNING:main.py:418:setup_molecule:Multiple occupancies found: HB3 in MET A 104.
2024-02-28 14:07:17,593 WARNING:main.py:418:setup_molecule:Multiple occupancies found: HG2 in MET A 104.
2024-02-28 14:07:17,593 WARNING:main.py:418:setup_molecule:Multiple occupancies found: HG3 in MET A 104.
2024-02-28 14:07:17,593 WARNING:main.py:418:setup_molecule:Multiple occupancies found: HE1 in MET A 104.
2024-02-28 14:07:17,593 WARNING:main.py:418:setup_molecule:Multiple occupancies found: HE2 in MET A 104.
2024-02-28 14:07:17,593 WARNING:main.py:418:setup_molecule:Multiple occupancies found: HE3 in MET A 104.
2024-02-28 14:07:17,593 WARNING:main.py:424:setup_molecule:Multiple occupancies found in MET A 104. At least one of the instances is being ignored.
2024-02-28 14:07:17,593 WARNING:main.py:418:setup_molecule:Multiple occupancies found: CB in SER A 110.
2024-02-28 14:07:17,594 WARNING:main.py:418:setup_molecule:Multiple occupancies found: OG in SER A 110.
2024-02-28 14:07:17,594 WARNING:main.py:418:setup_molecule:Multiple occupancies found: HB2 in SER A 110.
2024-02-28 14:07:17,594 WARNING:main.py:418:setup_molecule:Multiple occupancies found: HB3 in SER A 110.
2024-02-28 14:07:17,594 WARNING:main.py:418:setup_molecule:Multiple occupancies found: HG in SER A 110.
2024-02-28 14:07:17,594 WARNING:main.py:424:setup_molecule:Multiple occupancies found in SER A 110. At least one of the instances is being ignored.
2024-02-28 14:07:17,594 WARNING:main.py:418:setup_molecule:Multiple occupancies found: CB in SER A 170.
2024-02-28 14:07:17,594 WARNING:main.py:418:setup_molecule:Multiple occupancies found: OG in SER A 170.
2024-02-28 14:07:17,594 WARNING:main.py:418:setup_molecule:Multiple occupancies found: HB2 in SER A 170.
2024-02-28 14:07:17,594 WARNING:main.py:418:setup_molecule:Multiple occupancies found: HB3 in SER A 170.
2024-02-28 14:07:17,594 WARNING:main.py:418:setup_molecule:Multiple occupancies found: HG in SER A 170.
2024-02-28 14:07:17,594 WARNING:main.py:424:setup_molecule:Multiple occupancies found in SER A 170. At least one of the instances is being ignored.
2024-02-28 14:07:17,594 WARNING:main.py:418:setup_molecule:Multiple occupancies found: CB in SER A 236.
2024-02-28 14:07:17,594 WARNING:main.py:418:setup_molecule:Multiple occupancies found: OG in SER A 236.
2024-02-28 14:07:17,594 WARNING:main.py:418:setup_molecule:Multiple occupancies found: HB2 in SER A 236.
2024-02-28 14:07:17,594 WARNING:main.py:418:setup_molecule:Multiple occupancies found: HB3 in SER A 236.
2024-02-28 14:07:17,594 WARNING:main.py:418:setup_molecule:Multiple occupancies found: HG in SER A 236.
2024-02-28 14:07:17,594 WARNING:main.py:424:setup_molecule:Multiple occupancies found in SER A 236. At least one of the instances is being ignored.
2024-02-28 14:07:17,594 WARNING:main.py:418:setup_molecule:Multiple occupancies found: CB in ILE A 242.
2024-02-28 14:07:17,594 WARNING:main.py:418:setup_molecule:Multiple occupancies found: CG1 in ILE A 242.
2024-02-28 14:07:17,594 WARNING:main.py:418:setup_molecule:Multiple occupancies found: CG2 in ILE A 242.
2024-02-28 14:07:17,594 WARNING:main.py:418:setup_molecule:Multiple occupancies found: CD1 in ILE A 242.
2024-02-28 14:07:17,594 WARNING:main.py:418:setup_molecule:Multiple occupancies found: HB in ILE A 242.
2024-02-28 14:07:17,594 WARNING:main.py:418:setup_molecule:Multiple occupancies found: HG12 in ILE A 242.
2024-02-28 14:07:17,594 WARNING:main.py:418:setup_molecule:Multiple occupancies found: HG13 in ILE A 242.
2024-02-28 14:07:17,594 WARNING:main.py:418:setup_molecule:Multiple occupancies found: HG21 in ILE A 242.
2024-02-28 14:07:17,594 WARNING:main.py:418:setup_molecule:Multiple occupancies found: HG22 in ILE A 242.
2024-02-28 14:07:17,594 WARNING:main.py:418:setup_molecule:Multiple occupancies found: HG23 in ILE A 242.
2024-02-28 14:07:17,595 WARNING:main.py:418:setup_molecule:Multiple occupancies found: HD11 in ILE A 242.
2024-02-28 14:07:17,595 WARNING:main.py:418:setup_molecule:Multiple occupancies found: HD12 in ILE A 242.
2024-02-28 14:07:17,595 WARNING:main.py:418:setup_molecule:Multiple occupancies found: HD13 in ILE A 242.
2024-02-28 14:07:17,595 WARNING:main.py:424:setup_molecule:Multiple occupancies found in ILE A 242. At least one of the instances is being ignored.
2024-02-28 14:07:18,854 WARNING:main.py:311:print_pqr:Ignoring 2475 header lines in output.
2024-02-28 14:07:18,854 WARNING:main.py:315:print_pqr:Ignoring 52 missing lines in output.
