2024-02-28 14:07:18,627 WARNING:biomolecule.py:992:create_residue:Unable to find amino or nucleic acid definition for CSO.  Parsing as new residue.
2024-02-28 14:07:19,054 WARNING:biomolecule.py:992:create_residue:Unable to find amino or nucleic acid definition for NAG.  Parsing as new residue.
2024-02-28 14:07:19,266 WARNING:biomolecule.py:992:create_residue:Unable to find amino or nucleic acid definition for NAG.  Parsing as new residue.
2024-02-28 14:07:19,295 WARNING:biomolecule.py:992:create_residue:Unable to find amino or nucleic acid definition for FUL.  Parsing as new residue.
2024-02-28 14:07:19,295 WARNING:biomolecule.py:992:create_residue:Unable to find amino or nucleic acid definition for NAG.  Parsing as new residue.
2024-02-28 14:07:19,295 WARNING:biomolecule.py:992:create_residue:Unable to find amino or nucleic acid definition for PO4.  Parsing as new residue.
2024-02-28 14:07:19,295 WARNING:biomolecule.py:992:create_residue:Unable to find amino or nucleic acid definition for MRD.  Parsing as new residue.
2024-02-28 14:07:19,295 WARNING:biomolecule.py:992:create_residue:Unable to find amino or nucleic acid definition for MPD.  Parsing as new residue.
2024-02-28 14:07:19,295 WARNING:biomolecule.py:992:create_residue:Unable to find amino or nucleic acid definition for PO4.  Parsing as new residue.
2024-02-28 14:07:19,295 WARNING:io.py:40:filter:Suppressing further "Unable to find amino or nucleic acid definition for" messages
2024-02-28 14:07:19,296 WARNING:main.py:418:setup_molecule:Multiple occupancies found: N in THR A 10.
2024-02-28 14:07:19,296 WARNING:main.py:418:setup_molecule:Multiple occupancies found: CA in THR A 10.
2024-02-28 14:07:19,296 WARNING:main.py:418:setup_molecule:Multiple occupancies found: C in THR A 10.
2024-02-28 14:07:19,296 WARNING:main.py:418:setup_molecule:Multiple occupancies found: O in THR A 10.
2024-02-28 14:07:19,296 WARNING:main.py:418:setup_molecule:Multiple occupancies found: CB in THR A 10.
2024-02-28 14:07:19,296 WARNING:main.py:418:setup_molecule:Multiple occupancies found: OG1 in THR A 10.
2024-02-28 14:07:19,296 WARNING:main.py:418:setup_molecule:Multiple occupancies found: CG2 in THR A 10.
2024-02-28 14:07:19,296 WARNING:main.py:424:setup_molecule:Multiple occupancies found in THR A 10. At least one of the instances is being ignored.
2024-02-28 14:07:19,296 WARNING:main.py:418:setup_molecule:Multiple occupancies found: N in SER A 24.
2024-02-28 14:07:19,296 WARNING:main.py:418:setup_molecule:Multiple occupancies found: CA in SER A 24.
2024-02-28 14:07:19,296 WARNING:main.py:418:setup_molecule:Multiple occupancies found: C in SER A 24.
2024-02-28 14:07:19,296 WARNING:main.py:418:setup_molecule:Multiple occupancies found: O in SER A 24.
2024-02-28 14:07:19,296 WARNING:main.py:418:setup_molecule:Multiple occupancies found: CB in SER A 24.
2024-02-28 14:07:19,296 WARNING:main.py:418:setup_molecule:Multiple occupancies found: OG in SER A 24.
2024-02-28 14:07:19,296 WARNING:main.py:424:setup_molecule:Multiple occupancies found in SER A 24. At least one of the instances is being ignored.
2024-02-28 14:07:19,296 WARNING:main.py:418:setup_molecule:Multiple occupancies found: N in SER A 73.
2024-02-28 14:07:19,296 WARNING:main.py:418:setup_molecule:Multiple occupancies found: CA in SER A 73.
2024-02-28 14:07:19,297 WARNING:main.py:418:setup_molecule:Multiple occupancies found: C in SER A 73.
2024-02-28 14:07:19,297 WARNING:main.py:418:setup_molecule:Multiple occupancies found: O in SER A 73.
2024-02-28 14:07:19,297 WARNING:main.py:418:setup_molecule:Multiple occupancies found: CB in SER A 73.
2024-02-28 14:07:19,297 WARNING:main.py:418:setup_molecule:Multiple occupancies found: OG in SER A 73.
2024-02-28 14:07:19,297 WARNING:main.py:424:setup_molecule:Multiple occupancies found in SER A 73. At least one of the instances is being ignored.
2024-02-28 14:07:19,297 WARNING:main.py:418:setup_molecule:Multiple occupancies found: N in ILE A 98.
2024-02-28 14:07:19,297 WARNING:main.py:418:setup_molecule:Multiple occupancies found: CA in ILE A 98.
2024-02-28 14:07:19,297 WARNING:main.py:418:setup_molecule:Multiple occupancies found: C in ILE A 98.
2024-02-28 14:07:19,297 WARNING:main.py:418:setup_molecule:Multiple occupancies found: O in ILE A 98.
2024-02-28 14:07:19,297 WARNING:main.py:418:setup_molecule:Multiple occupancies found: CB in ILE A 98.
2024-02-28 14:07:19,297 WARNING:main.py:418:setup_molecule:Multiple occupancies found: CG1 in ILE A 98.
2024-02-28 14:07:19,297 WARNING:main.py:418:setup_molecule:Multiple occupancies found: CG2 in ILE A 98.
2024-02-28 14:07:19,297 WARNING:main.py:418:setup_molecule:Multiple occupancies found: CD1 in ILE A 98.
2024-02-28 14:07:19,297 WARNING:main.py:424:setup_molecule:Multiple occupancies found in ILE A 98. At least one of the instances is being ignored.
2024-02-28 14:07:19,297 WARNING:main.py:418:setup_molecule:Multiple occupancies found: N in SER A 105.
2024-02-28 14:07:19,297 WARNING:main.py:418:setup_molecule:Multiple occupancies found: CA in SER A 105.
2024-02-28 14:07:19,297 WARNING:main.py:418:setup_molecule:Multiple occupancies found: C in SER A 105.
2024-02-28 14:07:19,297 WARNING:main.py:418:setup_molecule:Multiple occupancies found: O in SER A 105.
2024-02-28 14:07:19,297 WARNING:main.py:418:setup_molecule:Multiple occupancies found: CB in SER A 105.
2024-02-28 14:07:19,297 WARNING:main.py:418:setup_molecule:Multiple occupancies found: OG in SER A 105.
2024-02-28 14:07:19,297 WARNING:main.py:424:setup_molecule:Multiple occupancies found in SER A 105. At least one of the instances is being ignored.
2024-02-28 14:07:19,297 WARNING:main.py:418:setup_molecule:Multiple occupancies found: N in ARG A 157.
2024-02-28 14:07:19,297 WARNING:main.py:418:setup_molecule:Multiple occupancies found: CA in ARG A 157.
2024-02-28 14:07:19,297 WARNING:main.py:418:setup_molecule:Multiple occupancies found: C in ARG A 157.
2024-02-28 14:07:19,297 WARNING:main.py:418:setup_molecule:Multiple occupancies found: O in ARG A 157.
2024-02-28 14:07:19,297 WARNING:main.py:418:setup_molecule:Multiple occupancies found: CB in ARG A 157.
2024-02-28 14:07:19,297 WARNING:main.py:418:setup_molecule:Multiple occupancies found: CG in ARG A 157.
2024-02-28 14:07:19,297 WARNING:main.py:418:setup_molecule:Multiple occupancies found: CD in ARG A 157.
2024-02-28 14:07:19,297 WARNING:main.py:418:setup_molecule:Multiple occupancies found: NE in ARG A 157.
2024-02-28 14:07:19,297 WARNING:main.py:418:setup_molecule:Multiple occupancies found: CZ in ARG A 157.
2024-02-28 14:07:19,297 WARNING:main.py:418:setup_molecule:Multiple occupancies found: NH1 in ARG A 157.
2024-02-28 14:07:19,298 WARNING:main.py:418:setup_molecule:Multiple occupancies found: NH2 in ARG A 157.
2024-02-28 14:07:19,298 WARNING:main.py:424:setup_molecule:Multiple occupancies found in ARG A 157. At least one of the instances is being ignored.
2024-02-28 14:07:19,298 WARNING:main.py:418:setup_molecule:Multiple occupancies found: N in HIS B 34.
2024-02-28 14:07:19,298 WARNING:main.py:418:setup_molecule:Multiple occupancies found: CA in HIS B 34.
2024-02-28 14:07:19,298 WARNING:main.py:418:setup_molecule:Multiple occupancies found: C in HIS B 34.
2024-02-28 14:07:19,298 WARNING:main.py:418:setup_molecule:Multiple occupancies found: O in HIS B 34.
2024-02-28 14:07:19,298 WARNING:main.py:418:setup_molecule:Multiple occupancies found: CB in HIS B 34.
2024-02-28 14:07:19,298 WARNING:main.py:418:setup_molecule:Multiple occupancies found: CG in HIS B 34.
2024-02-28 14:07:19,298 WARNING:main.py:418:setup_molecule:Multiple occupancies found: ND1 in HIS B 34.
2024-02-28 14:07:19,298 WARNING:main.py:418:setup_molecule:Multiple occupancies found: CD2 in HIS B 34.
2024-02-28 14:07:19,298 WARNING:main.py:418:setup_molecule:Multiple occupancies found: CE1 in HIS B 34.
2024-02-28 14:07:19,298 WARNING:main.py:418:setup_molecule:Multiple occupancies found: NE2 in HIS B 34.
2024-02-28 14:07:19,298 WARNING:main.py:424:setup_molecule:Multiple occupancies found in HIS B 34. At least one of the instances is being ignored.
2024-02-28 14:07:19,298 WARNING:main.py:418:setup_molecule:Multiple occupancies found: N in SER B 61.
2024-02-28 14:07:19,298 WARNING:main.py:418:setup_molecule:Multiple occupancies found: CA in SER B 61.
2024-02-28 14:07:19,298 WARNING:main.py:418:setup_molecule:Multiple occupancies found: C in SER B 61.
2024-02-28 14:07:19,298 WARNING:main.py:418:setup_molecule:Multiple occupancies found: O in SER B 61.
2024-02-28 14:07:19,298 WARNING:main.py:418:setup_molecule:Multiple occupancies found: CB in SER B 61.
2024-02-28 14:07:19,298 WARNING:main.py:418:setup_molecule:Multiple occupancies found: OG in SER B 61.
2024-02-28 14:07:19,298 WARNING:main.py:424:setup_molecule:Multiple occupancies found in SER B 61. At least one of the instances is being ignored.
2024-02-28 14:07:23,071 WARNING:main.py:311:print_pqr:Ignoring 3747 header lines in output.
2024-02-28 14:07:23,072 WARNING:main.py:315:print_pqr:Ignoring 93 missing lines in output.
