2024-02-28 14:07:17,879 WARNING:biomolecule.py:992:create_residue:Unable to find amino or nucleic acid definition for MK1.  Parsing as new residue.
2024-02-28 14:07:17,901 WARNING:biomolecule.py:992:create_residue:Unable to find amino or nucleic acid definition for ACY.  Parsing as new residue.
2024-02-28 14:07:17,902 WARNING:biomolecule.py:992:create_residue:Unable to find amino or nucleic acid definition for CL.  Parsing as new residue.
2024-02-28 14:07:17,902 WARNING:biomolecule.py:992:create_residue:Unable to find amino or nucleic acid definition for ACY.  Parsing as new residue.
2024-02-28 14:07:17,902 WARNING:biomolecule.py:992:create_residue:Unable to find amino or nucleic acid definition for CL.  Parsing as new residue.
2024-02-28 14:07:17,902 WARNING:biomolecule.py:992:create_residue:Unable to find amino or nucleic acid definition for MK1.  Parsing as new residue.
2024-02-28 14:07:17,902 WARNING:biomolecule.py:992:create_residue:Unable to find amino or nucleic acid definition for ACY.  Parsing as new residue.
2024-02-28 14:07:17,903 WARNING:main.py:418:setup_molecule:Multiple occupancies found: CB in LYS A 14.
2024-02-28 14:07:17,903 WARNING:main.py:418:setup_molecule:Multiple occupancies found: CG in LYS A 14.
2024-02-28 14:07:17,903 WARNING:main.py:418:setup_molecule:Multiple occupancies found: CD in LYS A 14.
2024-02-28 14:07:17,903 WARNING:main.py:418:setup_molecule:Multiple occupancies found: CE in LYS A 14.
2024-02-28 14:07:17,903 WARNING:main.py:418:setup_molecule:Multiple occupancies found: NZ in LYS A 14.
2024-02-28 14:07:17,903 WARNING:main.py:424:setup_molecule:Multiple occupancies found in LYS A 14. At least one of the instances is being ignored.
2024-02-28 14:07:17,903 WARNING:main.py:418:setup_molecule:Multiple occupancies found: CB in ILE A 15.
2024-02-28 14:07:17,903 WARNING:main.py:418:setup_molecule:Multiple occupancies found: CG1 in ILE A 15.
2024-02-28 14:07:17,903 WARNING:main.py:418:setup_molecule:Multiple occupancies found: CG2 in ILE A 15.
2024-02-28 14:07:17,903 WARNING:main.py:418:setup_molecule:Multiple occupancies found: CD1 in ILE A 15.
2024-02-28 14:07:17,903 WARNING:main.py:424:setup_molecule:Multiple occupancies found in ILE A 15. At least one of the instances is being ignored.
2024-02-28 14:07:17,903 WARNING:main.py:418:setup_molecule:Multiple occupancies found: CB in GLU A 21.
2024-02-28 14:07:17,903 WARNING:main.py:418:setup_molecule:Multiple occupancies found: CG in GLU A 21.
2024-02-28 14:07:17,903 WARNING:main.py:418:setup_molecule:Multiple occupancies found: CD in GLU A 21.
2024-02-28 14:07:17,903 WARNING:main.py:418:setup_molecule:Multiple occupancies found: OE1 in GLU A 21.
2024-02-28 14:07:17,904 WARNING:main.py:418:setup_molecule:Multiple occupancies found: OE2 in GLU A 21.
2024-02-28 14:07:18,273 WARNING:main.py:424:setup_molecule:Multiple occupancies found in GLU A 21. At least one of the instances is being ignored.
2024-02-28 14:07:18,273 WARNING:main.py:418:setup_molecule:Multiple occupancies found: CB in GLU A 35.
2024-02-28 14:07:18,273 WARNING:main.py:418:setup_molecule:Multiple occupancies found: CG in GLU A 35.
2024-02-28 14:07:18,273 WARNING:main.py:418:setup_molecule:Multiple occupancies found: CD in GLU A 35.
2024-02-28 14:07:18,273 WARNING:main.py:418:setup_molecule:Multiple occupancies found: OE1 in GLU A 35.
2024-02-28 14:07:18,273 WARNING:main.py:418:setup_molecule:Multiple occupancies found: OE2 in GLU A 35.
2024-02-28 14:07:18,273 WARNING:main.py:424:setup_molecule:Multiple occupancies found in GLU A 35. At least one of the instances is being ignored.
2024-02-28 14:07:18,274 WARNING:main.py:418:setup_molecule:Multiple occupancies found: CB in SER A 37.
2024-02-28 14:07:18,274 WARNING:main.py:418:setup_molecule:Multiple occupancies found: OG in SER A 37.
2024-02-28 14:07:18,274 WARNING:main.py:424:setup_molecule:Multiple occupancies found in SER A 37. At least one of the instances is being ignored.
2024-02-28 14:07:18,274 WARNING:main.py:418:setup_molecule:Multiple occupancies found: CB in LYS A 45.
2024-02-28 14:07:18,274 WARNING:main.py:418:setup_molecule:Multiple occupancies found: CG in LYS A 45.
2024-02-28 14:07:18,274 WARNING:main.py:418:setup_molecule:Multiple occupancies found: CD in LYS A 45.
2024-02-28 14:07:18,274 WARNING:main.py:418:setup_molecule:Multiple occupancies found: CE in LYS A 45.
2024-02-28 14:07:18,274 WARNING:main.py:418:setup_molecule:Multiple occupancies found: NZ in LYS A 45.
2024-02-28 14:07:18,274 WARNING:main.py:424:setup_molecule:Multiple occupancies found in LYS A 45. At least one of the instances is being ignored.
2024-02-28 14:07:18,274 WARNING:main.py:418:setup_molecule:Multiple occupancies found: CB in ILE A 50.
2024-02-28 14:07:18,274 WARNING:main.py:418:setup_molecule:Multiple occupancies found: CG1 in ILE A 50.
2024-02-28 14:07:18,274 WARNING:main.py:418:setup_molecule:Multiple occupancies found: CG2 in ILE A 50.
2024-02-28 14:07:18,274 WARNING:main.py:418:setup_molecule:Multiple occupancies found: CD1 in ILE A 50.
2024-02-28 14:07:18,274 WARNING:main.py:424:setup_molecule:Multiple occupancies found in ILE A 50. At least one of the instances is being ignored.
2024-02-28 14:07:18,274 WARNING:main.py:418:setup_molecule:Multiple occupancies found: CB in LYS A 55.
2024-02-28 14:07:18,274 WARNING:main.py:418:setup_molecule:Multiple occupancies found: CG in LYS A 55.
2024-02-28 14:07:18,274 WARNING:main.py:418:setup_molecule:Multiple occupancies found: CD in LYS A 55.
2024-02-28 14:07:18,274 WARNING:main.py:418:setup_molecule:Multiple occupancies found: CE in LYS A 55.
2024-02-28 14:07:18,274 WARNING:main.py:418:setup_molecule:Multiple occupancies found: NZ in LYS A 55.
2024-02-28 14:07:18,274 WARNING:main.py:424:setup_molecule:Multiple occupancies found in LYS A 55. At least one of the instances is being ignored.
2024-02-28 14:07:18,274 WARNING:main.py:418:setup_molecule:Multiple occupancies found: CB in ARG A 57.
2024-02-28 14:07:18,274 WARNING:main.py:418:setup_molecule:Multiple occupancies found: CG in ARG A 57.
2024-02-28 14:07:18,274 WARNING:main.py:418:setup_molecule:Multiple occupancies found: CD in ARG A 57.
2024-02-28 14:07:18,274 WARNING:main.py:418:setup_molecule:Multiple occupancies found: NE in ARG A 57.
2024-02-28 14:07:18,274 WARNING:main.py:418:setup_molecule:Multiple occupancies found: CZ in ARG A 57.
2024-02-28 14:07:18,274 WARNING:main.py:418:setup_molecule:Multiple occupancies found: NH1 in ARG A 57.
2024-02-28 14:07:18,274 WARNING:main.py:418:setup_molecule:Multiple occupancies found: NH2 in ARG A 57.
2024-02-28 14:07:18,274 WARNING:main.py:424:setup_molecule:Multiple occupancies found in ARG A 57. At least one of the instances is being ignored.
2024-02-28 14:07:18,274 WARNING:main.py:418:setup_molecule:Multiple occupancies found: CB in GLN A 61.
2024-02-28 14:07:18,274 WARNING:main.py:418:setup_molecule:Multiple occupancies found: CG in GLN A 61.
2024-02-28 14:07:18,274 WARNING:main.py:418:setup_molecule:Multiple occupancies found: CD in GLN A 61.
2024-02-28 14:07:18,274 WARNING:main.py:418:setup_molecule:Multiple occupancies found: OE1 in GLN A 61.
2024-02-28 14:07:18,274 WARNING:main.py:418:setup_molecule:Multiple occupancies found: NE2 in GLN A 61.
2024-02-28 14:07:18,274 WARNING:main.py:424:setup_molecule:Multiple occupancies found in GLN A 61. At least one of the instances is being ignored.
2024-02-28 14:07:18,274 WARNING:main.py:418:setup_molecule:Multiple occupancies found: CB in SER A 73.
2024-02-28 14:07:18,275 WARNING:main.py:418:setup_molecule:Multiple occupancies found: OG in SER A 73.
2024-02-28 14:07:18,275 WARNING:main.py:424:setup_molecule:Multiple occupancies found in SER A 73. At least one of the instances is being ignored.
2024-02-28 14:07:18,275 WARNING:main.py:418:setup_molecule:Multiple occupancies found: CB in LEU A 97.
2024-02-28 14:07:18,275 WARNING:main.py:418:setup_molecule:Multiple occupancies found: CG in LEU A 97.
2024-02-28 14:07:18,275 WARNING:main.py:418:setup_molecule:Multiple occupancies found: CD1 in LEU A 97.
2024-02-28 14:07:18,275 WARNING:main.py:418:setup_molecule:Multiple occupancies found: CD2 in LEU A 97.
2024-02-28 14:07:18,275 WARNING:main.py:424:setup_molecule:Multiple occupancies found in LEU A 97. At least one of the instances is being ignored.
2024-02-28 14:07:18,275 WARNING:main.py:418:setup_molecule:Multiple occupancies found: CB in GLN B 2.
2024-02-28 14:07:18,275 WARNING:main.py:418:setup_molecule:Multiple occupancies found: CG in GLN B 2.
2024-02-28 14:07:18,275 WARNING:main.py:418:setup_molecule:Multiple occupancies found: CD in GLN B 2.
2024-02-28 14:07:18,275 WARNING:main.py:418:setup_molecule:Multiple occupancies found: OE1 in GLN B 2.
2024-02-28 14:07:18,824 WARNING:main.py:418:setup_molecule:Multiple occupancies found: NE2 in GLN B 2.
2024-02-28 14:07:18,824 WARNING:main.py:424:setup_molecule:Multiple occupancies found in GLN B 2. At least one of the instances is being ignored.
2024-02-28 14:07:19,093 WARNING:main.py:418:setup_molecule:Multiple occupancies found: CB in ARG B 8.
2024-02-28 14:07:19,093 WARNING:main.py:418:setup_molecule:Multiple occupancies found: CG in ARG B 8.
2024-02-28 14:07:19,093 WARNING:main.py:418:setup_molecule:Multiple occupancies found: CD in ARG B 8.
2024-02-28 14:07:19,093 WARNING:main.py:418:setup_molecule:Multiple occupancies found: NE in ARG B 8.
2024-02-28 14:07:19,093 WARNING:main.py:418:setup_molecule:Multiple occupancies found: CZ in ARG B 8.
2024-02-28 14:07:19,093 WARNING:main.py:418:setup_molecule:Multiple occupancies found: NH1 in ARG B 8.
2024-02-28 14:07:19,093 WARNING:main.py:418:setup_molecule:Multiple occupancies found: NH2 in ARG B 8.
2024-02-28 14:07:19,093 WARNING:main.py:424:setup_molecule:Multiple occupancies found in ARG B 8. At least one of the instances is being ignored.
2024-02-28 14:07:19,094 WARNING:main.py:418:setup_molecule:Multiple occupancies found: CB in LYS B 14.
2024-02-28 14:07:19,094 WARNING:main.py:418:setup_molecule:Multiple occupancies found: CG in LYS B 14.
2024-02-28 14:07:19,094 WARNING:main.py:418:setup_molecule:Multiple occupancies found: CD in LYS B 14.
2024-02-28 14:07:19,094 WARNING:main.py:418:setup_molecule:Multiple occupancies found: CE in LYS B 14.
2024-02-28 14:07:19,094 WARNING:main.py:418:setup_molecule:Multiple occupancies found: NZ in LYS B 14.
2024-02-28 14:07:19,094 WARNING:main.py:424:setup_molecule:Multiple occupancies found in LYS B 14. At least one of the instances is being ignored.
2024-02-28 14:07:19,094 WARNING:main.py:418:setup_molecule:Multiple occupancies found: CB in GLN B 18.
2024-02-28 14:07:19,094 WARNING:main.py:418:setup_molecule:Multiple occupancies found: CG in GLN B 18.
2024-02-28 14:07:19,094 WARNING:main.py:418:setup_molecule:Multiple occupancies found: CD in GLN B 18.
2024-02-28 14:07:19,094 WARNING:main.py:418:setup_molecule:Multiple occupancies found: OE1 in GLN B 18.
2024-02-28 14:07:19,094 WARNING:main.py:418:setup_molecule:Multiple occupancies found: NE2 in GLN B 18.
2024-02-28 14:07:19,094 WARNING:main.py:424:setup_molecule:Multiple occupancies found in GLN B 18. At least one of the instances is being ignored.
2024-02-28 14:07:19,094 WARNING:main.py:418:setup_molecule:Multiple occupancies found: CB in VAL B 32.
2024-02-28 14:07:19,094 WARNING:main.py:418:setup_molecule:Multiple occupancies found: CG1 in VAL B 32.
2024-02-28 14:07:19,094 WARNING:main.py:418:setup_molecule:Multiple occupancies found: CG2 in VAL B 32.
2024-02-28 14:07:19,094 WARNING:main.py:424:setup_molecule:Multiple occupancies found in VAL B 32. At least one of the instances is being ignored.
2024-02-28 14:07:19,094 WARNING:main.py:418:setup_molecule:Multiple occupancies found: CB in LEU B 38.
2024-02-28 14:07:19,094 WARNING:main.py:418:setup_molecule:Multiple occupancies found: CG in LEU B 38.
2024-02-28 14:07:19,094 WARNING:main.py:418:setup_molecule:Multiple occupancies found: CD1 in LEU B 38.
2024-02-28 14:07:19,094 WARNING:main.py:418:setup_molecule:Multiple occupancies found: CD2 in LEU B 38.
2024-02-28 14:07:19,094 WARNING:main.py:424:setup_molecule:Multiple occupancies found in LEU B 38. At least one of the instances is being ignored.
2024-02-28 14:07:19,094 WARNING:main.py:418:setup_molecule:Multiple occupancies found: CB in MET B 46.
2024-02-28 14:07:19,094 WARNING:main.py:418:setup_molecule:Multiple occupancies found: CG in MET B 46.
2024-02-28 14:07:19,094 WARNING:main.py:418:setup_molecule:Multiple occupancies found: SD in MET B 46.
2024-02-28 14:07:19,094 WARNING:main.py:418:setup_molecule:Multiple occupancies found: CE in MET B 46.
2024-02-28 14:07:19,094 WARNING:main.py:424:setup_molecule:Multiple occupancies found in MET B 46. At least one of the instances is being ignored.
2024-02-28 14:07:19,094 WARNING:main.py:418:setup_molecule:Multiple occupancies found: CB in ILE B 63.
2024-02-28 14:07:19,094 WARNING:main.py:418:setup_molecule:Multiple occupancies found: CG1 in ILE B 63.
2024-02-28 14:07:19,094 WARNING:main.py:418:setup_molecule:Multiple occupancies found: CG2 in ILE B 63.
2024-02-28 14:07:19,094 WARNING:main.py:418:setup_molecule:Multiple occupancies found: CD1 in ILE B 63.
2024-02-28 14:07:19,094 WARNING:main.py:424:setup_molecule:Multiple occupancies found in ILE B 63. At least one of the instances is being ignored.
2024-02-28 14:07:19,094 WARNING:main.py:418:setup_molecule:Multiple occupancies found: CB in ILE B 66.
2024-02-28 14:07:19,094 WARNING:main.py:418:setup_molecule:Multiple occupancies found: CG1 in ILE B 66.
2024-02-28 14:07:19,094 WARNING:main.py:418:setup_molecule:Multiple occupancies found: CG2 in ILE B 66.
2024-02-28 14:07:19,095 WARNING:main.py:418:setup_molecule:Multiple occupancies found: CD1 in ILE B 66.
2024-02-28 14:07:19,095 WARNING:main.py:424:setup_molecule:Multiple occupancies found in ILE B 66. At least one of the instances is being ignored.
2024-02-28 14:07:19,095 WARNING:main.py:418:setup_molecule:Multiple occupancies found: CB in SER B 73.
2024-02-28 14:07:19,095 WARNING:main.py:418:setup_molecule:Multiple occupancies found: OG in SER B 73.
2024-02-28 14:07:19,095 WARNING:main.py:424:setup_molecule:Multiple occupancies found in SER B 73. At least one of the instances is being ignored.
2024-02-28 14:07:19,095 WARNING:main.py:418:setup_molecule:Multiple occupancies found: CB in VAL B 82.
2024-02-28 14:07:19,095 WARNING:main.py:418:setup_molecule:Multiple occupancies found: CG1 in VAL B 82.
2024-02-28 14:07:19,095 WARNING:main.py:418:setup_molecule:Multiple occupancies found: CG2 in VAL B 82.
2024-02-28 14:07:19,095 WARNING:main.py:424:setup_molecule:Multiple occupancies found in VAL B 82. At least one of the instances is being ignored.
2024-02-28 14:07:19,095 WARNING:main.py:418:setup_molecule:Multiple occupancies found: CB in THR B 91.
2024-02-28 14:07:19,095 WARNING:main.py:418:setup_molecule:Multiple occupancies found: OG1 in THR B 91.
2024-02-28 14:07:19,095 WARNING:main.py:418:setup_molecule:Multiple occupancies found: CG2 in THR B 91.
2024-02-28 14:07:19,095 WARNING:main.py:424:setup_molecule:Multiple occupancies found in THR B 91. At least one of the instances is being ignored.
2024-02-28 14:07:19,095 WARNING:main.py:418:setup_molecule:Multiple occupancies found: CB in LEU B 97.
2024-02-28 14:07:19,095 WARNING:main.py:418:setup_molecule:Multiple occupancies found: CG in LEU B 97.
2024-02-28 14:07:19,095 WARNING:main.py:418:setup_molecule:Multiple occupancies found: CD1 in LEU B 97.
2024-02-28 14:07:19,095 WARNING:main.py:418:setup_molecule:Multiple occupancies found: CD2 in LEU B 97.
2024-02-28 14:07:19,095 WARNING:main.py:424:setup_molecule:Multiple occupancies found in LEU B 97. At least one of the instances is being ignored.
2024-02-28 14:07:19,095 WARNING:main.py:418:setup_molecule:Multiple occupancies found: CB in GLN D 2.
2024-02-28 14:07:19,095 WARNING:main.py:418:setup_molecule:Multiple occupancies found: CG in GLN D 2.
2024-02-28 14:07:19,095 WARNING:main.py:418:setup_molecule:Multiple occupancies found: CD in GLN D 2.
2024-02-28 14:07:19,095 WARNING:main.py:418:setup_molecule:Multiple occupancies found: OE1 in GLN D 2.
2024-02-28 14:07:19,095 WARNING:main.py:418:setup_molecule:Multiple occupancies found: NE2 in GLN D 2.
2024-02-28 14:07:19,095 WARNING:main.py:424:setup_molecule:Multiple occupancies found in GLN D 2. At least one of the instances is being ignored.
2024-02-28 14:07:19,095 WARNING:main.py:418:setup_molecule:Multiple occupancies found: CB in LYS D 14.
2024-02-28 14:07:19,095 WARNING:main.py:418:setup_molecule:Multiple occupancies found: CG in LYS D 14.
2024-02-28 14:07:19,095 WARNING:main.py:418:setup_molecule:Multiple occupancies found: CD in LYS D 14.
2024-02-28 14:07:19,095 WARNING:main.py:418:setup_molecule:Multiple occupancies found: CE in LYS D 14.
2024-02-28 14:07:19,095 WARNING:main.py:418:setup_molecule:Multiple occupancies found: NZ in LYS D 14.
2024-02-28 14:07:19,095 WARNING:main.py:424:setup_molecule:Multiple occupancies found in LYS D 14. At least one of the instances is being ignored.
2024-02-28 14:07:19,095 WARNING:main.py:418:setup_molecule:Multiple occupancies found: CB in GLN D 18.
2024-02-28 14:07:19,095 WARNING:main.py:418:setup_molecule:Multiple occupancies found: CG in GLN D 18.
2024-02-28 14:07:19,095 WARNING:main.py:418:setup_molecule:Multiple occupancies found: CD in GLN D 18.
2024-02-28 14:07:19,095 WARNING:main.py:418:setup_molecule:Multiple occupancies found: OE1 in GLN D 18.
2024-02-28 14:07:19,095 WARNING:main.py:418:setup_molecule:Multiple occupancies found: NE2 in GLN D 18.
2024-02-28 14:07:19,096 WARNING:main.py:424:setup_molecule:Multiple occupancies found in GLN D 18. At least one of the instances is being ignored.
2024-02-28 14:07:19,096 WARNING:main.py:418:setup_molecule:Multiple occupancies found: CB in LEU D 24.
2024-02-28 14:07:19,096 WARNING:main.py:418:setup_molecule:Multiple occupancies found: CG in LEU D 24.
2024-02-28 14:07:19,096 WARNING:main.py:418:setup_molecule:Multiple occupancies found: CD1 in LEU D 24.
2024-02-28 14:07:19,096 WARNING:main.py:418:setup_molecule:Multiple occupancies found: CD2 in LEU D 24.
2024-02-28 14:07:19,096 WARNING:main.py:424:setup_molecule:Multiple occupancies found in LEU D 24. At least one of the instances is being ignored.
2024-02-28 14:07:19,096 WARNING:main.py:418:setup_molecule:Multiple occupancies found: CB in VAL D 32.
2024-02-28 14:07:19,096 WARNING:main.py:418:setup_molecule:Multiple occupancies found: CG1 in VAL D 32.
2024-02-28 14:07:19,096 WARNING:main.py:418:setup_molecule:Multiple occupancies found: CG2 in VAL D 32.
2024-02-28 14:07:19,096 WARNING:main.py:424:setup_molecule:Multiple occupancies found in VAL D 32. At least one of the instances is being ignored.
2024-02-28 14:07:19,096 WARNING:main.py:418:setup_molecule:Multiple occupancies found: CB in LYS D 45.
2024-02-28 14:07:19,096 WARNING:main.py:418:setup_molecule:Multiple occupancies found: CG in LYS D 45.
2024-02-28 14:07:19,096 WARNING:main.py:418:setup_molecule:Multiple occupancies found: CD in LYS D 45.
2024-02-28 14:07:19,096 WARNING:main.py:418:setup_molecule:Multiple occupancies found: CE in LYS D 45.
2024-02-28 14:07:19,096 WARNING:main.py:418:setup_molecule:Multiple occupancies found: NZ in LYS D 45.
2024-02-28 14:07:19,096 WARNING:main.py:424:setup_molecule:Multiple occupancies found in LYS D 45. At least one of the instances is being ignored.
2024-02-28 14:07:19,096 WARNING:main.py:418:setup_molecule:Multiple occupancies found: CB in LYS D 55.
2024-02-28 14:07:19,096 WARNING:main.py:418:setup_molecule:Multiple occupancies found: CG in LYS D 55.
2024-02-28 14:07:19,096 WARNING:main.py:418:setup_molecule:Multiple occupancies found: CD in LYS D 55.
2024-02-28 14:07:19,096 WARNING:main.py:418:setup_molecule:Multiple occupancies found: CE in LYS D 55.
2024-02-28 14:07:19,096 WARNING:main.py:418:setup_molecule:Multiple occupancies found: NZ in LYS D 55.
2024-02-28 14:07:19,096 WARNING:main.py:424:setup_molecule:Multiple occupancies found in LYS D 55. At least one of the instances is being ignored.
2024-02-28 14:07:19,096 WARNING:main.py:418:setup_molecule:Multiple occupancies found: CB in ARG D 57.
2024-02-28 14:07:19,096 WARNING:main.py:418:setup_molecule:Multiple occupancies found: CG in ARG D 57.
2024-02-28 14:07:19,096 WARNING:main.py:418:setup_molecule:Multiple occupancies found: CD in ARG D 57.
2024-02-28 14:07:19,096 WARNING:main.py:418:setup_molecule:Multiple occupancies found: NE in ARG D 57.
2024-02-28 14:07:19,096 WARNING:main.py:418:setup_molecule:Multiple occupancies found: CZ in ARG D 57.
2024-02-28 14:07:19,096 WARNING:main.py:418:setup_molecule:Multiple occupancies found: NH1 in ARG D 57.
2024-02-28 14:07:19,096 WARNING:main.py:418:setup_molecule:Multiple occupancies found: NH2 in ARG D 57.
2024-02-28 14:07:19,096 WARNING:main.py:424:setup_molecule:Multiple occupancies found in ARG D 57. At least one of the instances is being ignored.
2024-02-28 14:07:19,096 WARNING:main.py:418:setup_molecule:Multiple occupancies found: CB in VAL D 82.
2024-02-28 14:07:19,096 WARNING:main.py:418:setup_molecule:Multiple occupancies found: CG1 in VAL D 82.
2024-02-28 14:07:19,096 WARNING:main.py:418:setup_molecule:Multiple occupancies found: CG2 in VAL D 82.
2024-02-28 14:07:19,096 WARNING:main.py:424:setup_molecule:Multiple occupancies found in VAL D 82. At least one of the instances is being ignored.
2024-02-28 14:07:19,097 WARNING:main.py:418:setup_molecule:Multiple occupancies found: CB in GLN E 18.
2024-02-28 14:07:19,097 WARNING:main.py:418:setup_molecule:Multiple occupancies found: CG in GLN E 18.
2024-02-28 14:07:19,097 WARNING:main.py:418:setup_molecule:Multiple occupancies found: CD in GLN E 18.
2024-02-28 14:07:19,097 WARNING:main.py:418:setup_molecule:Multiple occupancies found: OE1 in GLN E 18.
2024-02-28 14:07:19,097 WARNING:main.py:418:setup_molecule:Multiple occupancies found: NE2 in GLN E 18.
2024-02-28 14:07:19,097 WARNING:main.py:424:setup_molecule:Multiple occupancies found in GLN E 18. At least one of the instances is being ignored.
2024-02-28 14:07:19,097 WARNING:main.py:418:setup_molecule:Multiple occupancies found: CB in GLU E 21.
2024-02-28 14:07:19,097 WARNING:main.py:418:setup_molecule:Multiple occupancies found: CG in GLU E 21.
2024-02-28 14:07:19,097 WARNING:main.py:418:setup_molecule:Multiple occupancies found: CD in GLU E 21.
2024-02-28 14:07:19,097 WARNING:main.py:418:setup_molecule:Multiple occupancies found: OE1 in GLU E 21.
2024-02-28 14:07:19,097 WARNING:main.py:418:setup_molecule:Multiple occupancies found: OE2 in GLU E 21.
2024-02-28 14:07:19,097 WARNING:main.py:424:setup_molecule:Multiple occupancies found in GLU E 21. At least one of the instances is being ignored.
2024-02-28 14:07:19,097 WARNING:main.py:418:setup_molecule:Multiple occupancies found: CB in VAL E 32.
2024-02-28 14:07:19,097 WARNING:main.py:418:setup_molecule:Multiple occupancies found: CG1 in VAL E 32.
2024-02-28 14:07:19,097 WARNING:main.py:418:setup_molecule:Multiple occupancies found: CG2 in VAL E 32.
2024-02-28 14:07:19,097 WARNING:main.py:424:setup_molecule:Multiple occupancies found in VAL E 32. At least one of the instances is being ignored.
2024-02-28 14:07:19,097 WARNING:main.py:418:setup_molecule:Multiple occupancies found: CB in GLU E 34.
2024-02-28 14:07:19,097 WARNING:main.py:418:setup_molecule:Multiple occupancies found: CG in GLU E 34.
2024-02-28 14:07:19,097 WARNING:main.py:418:setup_molecule:Multiple occupancies found: CD in GLU E 34.
2024-02-28 14:07:19,097 WARNING:main.py:418:setup_molecule:Multiple occupancies found: OE1 in GLU E 34.
2024-02-28 14:07:19,097 WARNING:main.py:418:setup_molecule:Multiple occupancies found: OE2 in GLU E 34.
2024-02-28 14:07:19,097 WARNING:main.py:424:setup_molecule:Multiple occupancies found in GLU E 34. At least one of the instances is being ignored.
2024-02-28 14:07:19,097 WARNING:main.py:418:setup_molecule:Multiple occupancies found: CB in LEU E 38.
2024-02-28 14:07:19,097 WARNING:main.py:418:setup_molecule:Multiple occupancies found: CG in LEU E 38.
2024-02-28 14:07:19,097 WARNING:main.py:418:setup_molecule:Multiple occupancies found: CD1 in LEU E 38.
2024-02-28 14:07:19,097 WARNING:main.py:418:setup_molecule:Multiple occupancies found: CD2 in LEU E 38.
2024-02-28 14:07:19,097 WARNING:main.py:424:setup_molecule:Multiple occupancies found in LEU E 38. At least one of the instances is being ignored.
2024-02-28 14:07:19,097 WARNING:main.py:418:setup_molecule:Multiple occupancies found: CB in LYS E 45.
2024-02-28 14:07:19,097 WARNING:main.py:418:setup_molecule:Multiple occupancies found: CG in LYS E 45.
2024-02-28 14:07:19,097 WARNING:main.py:418:setup_molecule:Multiple occupancies found: CD in LYS E 45.
2024-02-28 14:07:19,097 WARNING:main.py:418:setup_molecule:Multiple occupancies found: CE in LYS E 45.
2024-02-28 14:07:19,097 WARNING:main.py:418:setup_molecule:Multiple occupancies found: NZ in LYS E 45.
2024-02-28 14:07:19,097 WARNING:main.py:424:setup_molecule:Multiple occupancies found in LYS E 45. At least one of the instances is being ignored.
2024-02-28 14:07:19,097 WARNING:main.py:418:setup_molecule:Multiple occupancies found: CB in ARG E 57.
2024-02-28 14:07:19,097 WARNING:main.py:418:setup_molecule:Multiple occupancies found: CG in ARG E 57.
2024-02-28 14:07:19,098 WARNING:main.py:418:setup_molecule:Multiple occupancies found: CD in ARG E 57.
2024-02-28 14:07:19,098 WARNING:main.py:418:setup_molecule:Multiple occupancies found: NE in ARG E 57.
2024-02-28 14:07:19,098 WARNING:main.py:418:setup_molecule:Multiple occupancies found: CZ in ARG E 57.
2024-02-28 14:07:19,098 WARNING:main.py:418:setup_molecule:Multiple occupancies found: NH1 in ARG E 57.
2024-02-28 14:07:19,098 WARNING:main.py:418:setup_molecule:Multiple occupancies found: NH2 in ARG E 57.
2024-02-28 14:07:19,098 WARNING:main.py:424:setup_molecule:Multiple occupancies found in ARG E 57. At least one of the instances is being ignored.
2024-02-28 14:07:19,098 WARNING:main.py:418:setup_molecule:Multiple occupancies found: CB in ILE E 66.
2024-02-28 14:07:19,098 WARNING:main.py:418:setup_molecule:Multiple occupancies found: CG1 in ILE E 66.
2024-02-28 14:07:19,098 WARNING:main.py:418:setup_molecule:Multiple occupancies found: CG2 in ILE E 66.
2024-02-28 14:07:19,098 WARNING:main.py:418:setup_molecule:Multiple occupancies found: CD1 in ILE E 66.
2024-02-28 14:07:19,098 WARNING:main.py:424:setup_molecule:Multiple occupancies found in ILE E 66. At least one of the instances is being ignored.
2024-02-28 14:07:19,098 WARNING:main.py:418:setup_molecule:Multiple occupancies found: CB in SER E 73.
2024-02-28 14:07:19,098 WARNING:main.py:418:setup_molecule:Multiple occupancies found: OG in SER E 73.
2024-02-28 14:07:19,098 WARNING:main.py:424:setup_molecule:Multiple occupancies found in SER E 73. At least one of the instances is being ignored.
2024-02-28 14:07:19,098 WARNING:main.py:418:setup_molecule:Multiple occupancies found: CB in VAL E 82.
2024-02-28 14:07:19,098 WARNING:main.py:418:setup_molecule:Multiple occupancies found: CG1 in VAL E 82.
2024-02-28 14:07:19,098 WARNING:main.py:418:setup_molecule:Multiple occupancies found: CG2 in VAL E 82.
2024-02-28 14:07:19,098 WARNING:main.py:424:setup_molecule:Multiple occupancies found in VAL E 82. At least one of the instances is being ignored.
2024-02-28 14:07:22,950 WARNING:main.py:311:print_pqr:Ignoring 4243 header lines in output.
2024-02-28 14:07:22,951 WARNING:main.py:315:print_pqr:Ignoring 104 missing lines in output.
