2024-02-28 14:07:08,729 WARNING:biomolecule.py:992:create_residue:Unable to find amino or nucleic acid definition for CL.  Parsing as new residue.
2024-02-28 14:07:08,729 WARNING:biomolecule.py:992:create_residue:Unable to find amino or nucleic acid definition for MTX.  Parsing as new residue.
2024-02-28 14:07:08,730 WARNING:biomolecule.py:992:create_residue:Unable to find amino or nucleic acid definition for CL.  Parsing as new residue.
2024-02-28 14:07:08,730 WARNING:biomolecule.py:992:create_residue:Unable to find amino or nucleic acid definition for CA.  Parsing as new residue.
2024-02-28 14:07:08,730 WARNING:biomolecule.py:992:create_residue:Unable to find amino or nucleic acid definition for MTX.  Parsing as new residue.
2024-02-28 14:07:08,745 WARNING:biomolecule.py:157:num_missing_heavy:Missing atom CB in residue PRO A 66
2024-02-28 14:07:08,745 WARNING:biomolecule.py:157:num_missing_heavy:Missing atom CG in residue PRO A 66
2024-02-28 14:07:08,746 WARNING:biomolecule.py:157:num_missing_heavy:Missing atom CD in residue PRO A 66
2024-02-28 14:07:08,746 WARNING:biomolecule.py:157:num_missing_heavy:Missing atom OG1 in residue THR A 68
2024-02-28 14:07:08,746 WARNING:biomolecule.py:157:num_missing_heavy:Missing atom CG2 in residue THR A 68
2024-02-28 14:07:08,746 WARNING:biomolecule.py:157:num_missing_heavy:Missing atom CG in residue LYS A 76
2024-02-28 14:07:08,747 WARNING:biomolecule.py:157:num_missing_heavy:Missing atom CD in residue LYS A 76
2024-02-28 14:07:08,747 WARNING:biomolecule.py:157:num_missing_heavy:Missing atom CE in residue LYS A 76
2024-02-28 14:07:08,747 WARNING:biomolecule.py:157:num_missing_heavy:Missing atom NZ in residue LYS A 76
2024-02-28 14:07:08,747 WARNING:biomolecule.py:157:num_missing_heavy:Missing atom CE in residue LYS A 106
2024-02-28 14:07:08,747 WARNING:biomolecule.py:157:num_missing_heavy:Missing atom NZ in residue LYS A 106
2024-02-28 14:07:08,747 WARNING:biomolecule.py:157:num_missing_heavy:Missing atom CD in residue GLU A 129
2024-02-28 14:07:08,747 WARNING:biomolecule.py:157:num_missing_heavy:Missing atom OE1 in residue GLU A 129
2024-02-28 14:07:08,747 WARNING:biomolecule.py:157:num_missing_heavy:Missing atom OE2 in residue GLU A 129
2024-02-28 14:07:08,747 WARNING:biomolecule.py:157:num_missing_heavy:Missing atom CG in residue ASP A 131
2024-02-28 14:07:08,747 WARNING:biomolecule.py:157:num_missing_heavy:Missing atom OD1 in residue ASP A 131
2024-02-28 14:07:08,747 WARNING:biomolecule.py:157:num_missing_heavy:Missing atom OD2 in residue ASP A 131
2024-02-28 14:07:08,748 WARNING:biomolecule.py:157:num_missing_heavy:Missing atom CD in residue ARG A 159
2024-02-28 14:07:08,748 WARNING:biomolecule.py:157:num_missing_heavy:Missing atom NE in residue ARG A 159
2024-02-28 14:07:08,748 WARNING:biomolecule.py:157:num_missing_heavy:Missing atom CZ in residue ARG A 159
2024-02-28 14:07:08,748 WARNING:biomolecule.py:157:num_missing_heavy:Missing atom NH1 in residue ARG A 159
2024-02-28 14:07:08,748 WARNING:biomolecule.py:157:num_missing_heavy:Missing atom NH2 in residue ARG A 159
2024-02-28 14:07:08,748 WARNING:biomolecule.py:157:num_missing_heavy:Missing atom CD in residue GLU B 129
2024-02-28 14:07:08,748 WARNING:biomolecule.py:157:num_missing_heavy:Missing atom OE1 in residue GLU B 129
2024-02-28 14:07:08,748 WARNING:biomolecule.py:157:num_missing_heavy:Missing atom OE2 in residue GLU B 129
2024-02-28 14:07:08,748 WARNING:biomolecule.py:157:num_missing_heavy:Missing atom CG in residue ASP B 131
2024-02-28 14:07:08,748 WARNING:biomolecule.py:157:num_missing_heavy:Missing atom OD1 in residue ASP B 131
2024-02-28 14:07:08,748 WARNING:biomolecule.py:157:num_missing_heavy:Missing atom OD2 in residue ASP B 131
2024-02-28 14:07:08,749 WARNING:biomolecule.py:157:num_missing_heavy:Missing atom CB in residue PRO A 66
2024-02-28 14:07:08,749 WARNING:biomolecule.py:157:num_missing_heavy:Missing atom CG in residue PRO A 66
2024-02-28 14:07:08,749 WARNING:biomolecule.py:157:num_missing_heavy:Missing atom CD in residue PRO A 66
2024-02-28 14:07:08,749 WARNING:biomolecule.py:157:num_missing_heavy:Missing atom OG1 in residue THR A 68
2024-02-28 14:07:08,749 WARNING:biomolecule.py:157:num_missing_heavy:Missing atom CG2 in residue THR A 68
2024-02-28 14:07:08,749 WARNING:biomolecule.py:157:num_missing_heavy:Missing atom CG in residue LYS A 76
2024-02-28 14:07:08,750 WARNING:biomolecule.py:157:num_missing_heavy:Missing atom CD in residue LYS A 76
2024-02-28 14:07:08,750 WARNING:biomolecule.py:157:num_missing_heavy:Missing atom CE in residue LYS A 76
2024-02-28 14:07:08,750 WARNING:biomolecule.py:157:num_missing_heavy:Missing atom NZ in residue LYS A 76
2024-02-28 14:07:08,750 WARNING:biomolecule.py:157:num_missing_heavy:Missing atom CE in residue LYS A 106
2024-02-28 14:07:08,751 WARNING:biomolecule.py:157:num_missing_heavy:Missing atom NZ in residue LYS A 106
2024-02-28 14:07:08,751 WARNING:biomolecule.py:157:num_missing_heavy:Missing atom CD in residue GLU A 129
2024-02-28 14:07:08,751 WARNING:biomolecule.py:157:num_missing_heavy:Missing atom OE1 in residue GLU A 129
2024-02-28 14:07:08,752 WARNING:biomolecule.py:157:num_missing_heavy:Missing atom OE2 in residue GLU A 129
2024-02-28 14:07:08,752 WARNING:biomolecule.py:157:num_missing_heavy:Missing atom CG in residue ASP A 131
2024-02-28 14:07:08,752 WARNING:biomolecule.py:157:num_missing_heavy:Missing atom OD1 in residue ASP A 131
2024-02-28 14:07:08,752 WARNING:biomolecule.py:157:num_missing_heavy:Missing atom OD2 in residue ASP A 131
2024-02-28 14:07:08,753 WARNING:biomolecule.py:157:num_missing_heavy:Missing atom CD in residue ARG A 159
2024-02-28 14:07:08,753 WARNING:biomolecule.py:157:num_missing_heavy:Missing atom NE in residue ARG A 159
2024-02-28 14:07:08,753 WARNING:biomolecule.py:157:num_missing_heavy:Missing atom CZ in residue ARG A 159
2024-02-28 14:07:08,753 WARNING:biomolecule.py:157:num_missing_heavy:Missing atom NH1 in residue ARG A 159
2024-02-28 14:07:08,754 WARNING:biomolecule.py:157:num_missing_heavy:Missing atom NH2 in residue ARG A 159
2024-02-28 14:07:08,754 WARNING:biomolecule.py:157:num_missing_heavy:Missing atom CD in residue GLU B 129
2024-02-28 14:07:08,754 WARNING:biomolecule.py:157:num_missing_heavy:Missing atom OE1 in residue GLU B 129
2024-02-28 14:07:08,754 WARNING:biomolecule.py:157:num_missing_heavy:Missing atom OE2 in residue GLU B 129
2024-02-28 14:07:08,755 WARNING:biomolecule.py:157:num_missing_heavy:Missing atom CG in residue ASP B 131
2024-02-28 14:07:08,755 WARNING:biomolecule.py:157:num_missing_heavy:Missing atom OD1 in residue ASP B 131
2024-02-28 14:07:08,755 WARNING:biomolecule.py:157:num_missing_heavy:Missing atom OD2 in residue ASP B 131
2024-02-28 14:07:08,756 WARNING:biomolecule.py:157:num_missing_heavy:Missing atom CB in residue PRO A 66
2024-02-28 14:07:08,756 WARNING:biomolecule.py:157:num_missing_heavy:Missing atom CG in residue PRO A 66
2024-02-28 14:07:08,756 WARNING:biomolecule.py:157:num_missing_heavy:Missing atom CD in residue PRO A 66
2024-02-28 14:07:08,756 WARNING:biomolecule.py:157:num_missing_heavy:Missing atom OG1 in residue THR A 68
2024-02-28 14:07:08,757 WARNING:biomolecule.py:157:num_missing_heavy:Missing atom CG2 in residue THR A 68
2024-02-28 14:07:08,757 WARNING:biomolecule.py:157:num_missing_heavy:Missing atom CG in residue LYS A 76
2024-02-28 14:07:08,757 WARNING:biomolecule.py:157:num_missing_heavy:Missing atom CD in residue LYS A 76
2024-02-28 14:07:08,758 WARNING:biomolecule.py:157:num_missing_heavy:Missing atom CE in residue LYS A 76
2024-02-28 14:07:08,758 WARNING:biomolecule.py:157:num_missing_heavy:Missing atom NZ in residue LYS A 76
2024-02-28 14:07:08,758 WARNING:biomolecule.py:157:num_missing_heavy:Missing atom CE in residue LYS A 106
2024-02-28 14:07:08,759 WARNING:biomolecule.py:157:num_missing_heavy:Missing atom NZ in residue LYS A 106
2024-02-28 14:07:08,759 WARNING:biomolecule.py:157:num_missing_heavy:Missing atom CD in residue GLU A 129
2024-02-28 14:07:08,759 WARNING:biomolecule.py:157:num_missing_heavy:Missing atom OE1 in residue GLU A 129
2024-02-28 14:07:08,759 WARNING:biomolecule.py:157:num_missing_heavy:Missing atom OE2 in residue GLU A 129
2024-02-28 14:07:08,760 WARNING:biomolecule.py:157:num_missing_heavy:Missing atom CG in residue ASP A 131
2024-02-28 14:07:08,760 WARNING:biomolecule.py:157:num_missing_heavy:Missing atom OD1 in residue ASP A 131
2024-02-28 14:07:08,760 WARNING:biomolecule.py:157:num_missing_heavy:Missing atom OD2 in residue ASP A 131
2024-02-28 14:07:08,761 WARNING:biomolecule.py:157:num_missing_heavy:Missing atom CD in residue ARG A 159
2024-02-28 14:07:08,761 WARNING:biomolecule.py:157:num_missing_heavy:Missing atom NE in residue ARG A 159
2024-02-28 14:07:08,761 WARNING:biomolecule.py:157:num_missing_heavy:Missing atom CZ in residue ARG A 159
2024-02-28 14:07:08,761 WARNING:biomolecule.py:157:num_missing_heavy:Missing atom NH1 in residue ARG A 159
2024-02-28 14:07:08,761 WARNING:biomolecule.py:157:num_missing_heavy:Missing atom NH2 in residue ARG A 159
2024-02-28 14:07:08,762 WARNING:biomolecule.py:157:num_missing_heavy:Missing atom CD in residue GLU B 129
2024-02-28 14:07:08,762 WARNING:biomolecule.py:157:num_missing_heavy:Missing atom OE1 in residue GLU B 129
2024-02-28 14:07:08,762 WARNING:biomolecule.py:157:num_missing_heavy:Missing atom OE2 in residue GLU B 129
2024-02-28 14:07:08,762 WARNING:biomolecule.py:157:num_missing_heavy:Missing atom CG in residue ASP B 131
2024-02-28 14:07:08,762 WARNING:biomolecule.py:157:num_missing_heavy:Missing atom OD1 in residue ASP B 131
2024-02-28 14:07:08,763 WARNING:biomolecule.py:157:num_missing_heavy:Missing atom OD2 in residue ASP B 131
2024-02-28 14:07:09,533 WARNING:main.py:311:print_pqr:Ignoring 3054 header lines in output.
2024-02-28 14:07:09,534 WARNING:main.py:315:print_pqr:Ignoring 69 missing lines in output.
2024-02-28 14:58:34,733 WARNING:biomolecule.py:992:create_residue:Unable to find amino or nucleic acid definition for CL.  Parsing as new residue.
2024-02-28 14:58:34,735 WARNING:biomolecule.py:992:create_residue:Unable to find amino or nucleic acid definition for MTX.  Parsing as new residue.
2024-02-28 14:58:34,735 WARNING:biomolecule.py:992:create_residue:Unable to find amino or nucleic acid definition for CL.  Parsing as new residue.
2024-02-28 14:58:34,735 WARNING:biomolecule.py:992:create_residue:Unable to find amino or nucleic acid definition for CA.  Parsing as new residue.
2024-02-28 14:58:34,735 WARNING:biomolecule.py:992:create_residue:Unable to find amino or nucleic acid definition for MTX.  Parsing as new residue.
2024-02-28 14:58:34,755 WARNING:biomolecule.py:157:num_missing_heavy:Missing atom CB in residue PRO A 66
2024-02-28 14:58:34,755 WARNING:biomolecule.py:157:num_missing_heavy:Missing atom CG in residue PRO A 66
2024-02-28 14:58:34,755 WARNING:biomolecule.py:157:num_missing_heavy:Missing atom CD in residue PRO A 66
2024-02-28 14:58:34,755 WARNING:biomolecule.py:157:num_missing_heavy:Missing atom OG1 in residue THR A 68
2024-02-28 14:58:34,755 WARNING:biomolecule.py:157:num_missing_heavy:Missing atom CG2 in residue THR A 68
2024-02-28 14:58:34,755 WARNING:biomolecule.py:157:num_missing_heavy:Missing atom CG in residue LYS A 76
2024-02-28 14:58:34,755 WARNING:biomolecule.py:157:num_missing_heavy:Missing atom CD in residue LYS A 76
2024-02-28 14:58:34,755 WARNING:biomolecule.py:157:num_missing_heavy:Missing atom CE in residue LYS A 76
2024-02-28 14:58:34,755 WARNING:biomolecule.py:157:num_missing_heavy:Missing atom NZ in residue LYS A 76
2024-02-28 14:58:34,755 WARNING:biomolecule.py:157:num_missing_heavy:Missing atom CE in residue LYS A 106
2024-02-28 14:58:34,755 WARNING:biomolecule.py:157:num_missing_heavy:Missing atom NZ in residue LYS A 106
2024-02-28 14:58:34,755 WARNING:biomolecule.py:157:num_missing_heavy:Missing atom CD in residue GLU A 129
2024-02-28 14:58:34,756 WARNING:biomolecule.py:157:num_missing_heavy:Missing atom OE1 in residue GLU A 129
2024-02-28 14:58:34,756 WARNING:biomolecule.py:157:num_missing_heavy:Missing atom OE2 in residue GLU A 129
2024-02-28 14:58:34,756 WARNING:biomolecule.py:157:num_missing_heavy:Missing atom CG in residue ASP A 131
2024-02-28 14:58:34,756 WARNING:biomolecule.py:157:num_missing_heavy:Missing atom OD1 in residue ASP A 131
2024-02-28 14:58:34,756 WARNING:biomolecule.py:157:num_missing_heavy:Missing atom OD2 in residue ASP A 131
2024-02-28 14:58:34,756 WARNING:biomolecule.py:157:num_missing_heavy:Missing atom CD in residue ARG A 159
2024-02-28 14:58:34,756 WARNING:biomolecule.py:157:num_missing_heavy:Missing atom NE in residue ARG A 159
2024-02-28 14:58:34,756 WARNING:biomolecule.py:157:num_missing_heavy:Missing atom CZ in residue ARG A 159
2024-02-28 14:58:34,756 WARNING:biomolecule.py:157:num_missing_heavy:Missing atom NH1 in residue ARG A 159
2024-02-28 14:58:34,756 WARNING:biomolecule.py:157:num_missing_heavy:Missing atom NH2 in residue ARG A 159
2024-02-28 14:58:34,756 WARNING:biomolecule.py:157:num_missing_heavy:Missing atom CD in residue GLU B 129
2024-02-28 14:58:34,756 WARNING:biomolecule.py:157:num_missing_heavy:Missing atom OE1 in residue GLU B 129
2024-02-28 14:58:34,756 WARNING:biomolecule.py:157:num_missing_heavy:Missing atom OE2 in residue GLU B 129
2024-02-28 14:58:34,756 WARNING:biomolecule.py:157:num_missing_heavy:Missing atom CG in residue ASP B 131
2024-02-28 14:58:34,756 WARNING:biomolecule.py:157:num_missing_heavy:Missing atom OD1 in residue ASP B 131
2024-02-28 14:58:34,757 WARNING:biomolecule.py:157:num_missing_heavy:Missing atom OD2 in residue ASP B 131
2024-02-28 14:58:34,757 WARNING:biomolecule.py:157:num_missing_heavy:Missing atom CB in residue PRO A 66
2024-02-28 14:58:34,757 WARNING:biomolecule.py:157:num_missing_heavy:Missing atom CG in residue PRO A 66
2024-02-28 14:58:34,757 WARNING:biomolecule.py:157:num_missing_heavy:Missing atom CD in residue PRO A 66
2024-02-28 14:58:34,757 WARNING:biomolecule.py:157:num_missing_heavy:Missing atom OG1 in residue THR A 68
2024-02-28 14:58:34,757 WARNING:biomolecule.py:157:num_missing_heavy:Missing atom CG2 in residue THR A 68
2024-02-28 14:58:34,757 WARNING:biomolecule.py:157:num_missing_heavy:Missing atom CG in residue LYS A 76
2024-02-28 14:58:34,758 WARNING:biomolecule.py:157:num_missing_heavy:Missing atom CD in residue LYS A 76
2024-02-28 14:58:34,758 WARNING:biomolecule.py:157:num_missing_heavy:Missing atom CE in residue LYS A 76
2024-02-28 14:58:34,758 WARNING:biomolecule.py:157:num_missing_heavy:Missing atom NZ in residue LYS A 76
2024-02-28 14:58:34,759 WARNING:biomolecule.py:157:num_missing_heavy:Missing atom CE in residue LYS A 106
2024-02-28 14:58:34,759 WARNING:biomolecule.py:157:num_missing_heavy:Missing atom NZ in residue LYS A 106
2024-02-28 14:58:34,759 WARNING:biomolecule.py:157:num_missing_heavy:Missing atom CD in residue GLU A 129
2024-02-28 14:58:34,759 WARNING:biomolecule.py:157:num_missing_heavy:Missing atom OE1 in residue GLU A 129
2024-02-28 14:58:34,759 WARNING:biomolecule.py:157:num_missing_heavy:Missing atom OE2 in residue GLU A 129
2024-02-28 14:58:34,759 WARNING:biomolecule.py:157:num_missing_heavy:Missing atom CG in residue ASP A 131
2024-02-28 14:58:34,759 WARNING:biomolecule.py:157:num_missing_heavy:Missing atom OD1 in residue ASP A 131
2024-02-28 14:58:34,759 WARNING:biomolecule.py:157:num_missing_heavy:Missing atom OD2 in residue ASP A 131
2024-02-28 14:58:34,759 WARNING:biomolecule.py:157:num_missing_heavy:Missing atom CD in residue ARG A 159
2024-02-28 14:58:34,759 WARNING:biomolecule.py:157:num_missing_heavy:Missing atom NE in residue ARG A 159
2024-02-28 14:58:34,759 WARNING:biomolecule.py:157:num_missing_heavy:Missing atom CZ in residue ARG A 159
2024-02-28 14:58:34,759 WARNING:biomolecule.py:157:num_missing_heavy:Missing atom NH1 in residue ARG A 159
2024-02-28 14:58:34,759 WARNING:biomolecule.py:157:num_missing_heavy:Missing atom NH2 in residue ARG A 159
2024-02-28 14:58:34,760 WARNING:biomolecule.py:157:num_missing_heavy:Missing atom CD in residue GLU B 129
2024-02-28 14:58:34,760 WARNING:biomolecule.py:157:num_missing_heavy:Missing atom OE1 in residue GLU B 129
2024-02-28 14:58:34,760 WARNING:biomolecule.py:157:num_missing_heavy:Missing atom OE2 in residue GLU B 129
2024-02-28 14:58:34,760 WARNING:biomolecule.py:157:num_missing_heavy:Missing atom CG in residue ASP B 131
2024-02-28 14:58:34,760 WARNING:biomolecule.py:157:num_missing_heavy:Missing atom OD1 in residue ASP B 131
2024-02-28 14:58:34,760 WARNING:biomolecule.py:157:num_missing_heavy:Missing atom OD2 in residue ASP B 131
2024-02-28 14:58:34,760 WARNING:biomolecule.py:157:num_missing_heavy:Missing atom CB in residue PRO A 66
2024-02-28 14:58:34,760 WARNING:biomolecule.py:157:num_missing_heavy:Missing atom CG in residue PRO A 66
2024-02-28 14:58:34,760 WARNING:biomolecule.py:157:num_missing_heavy:Missing atom CD in residue PRO A 66
2024-02-28 14:58:34,760 WARNING:biomolecule.py:157:num_missing_heavy:Missing atom OG1 in residue THR A 68
2024-02-28 14:58:34,760 WARNING:biomolecule.py:157:num_missing_heavy:Missing atom CG2 in residue THR A 68
2024-02-28 14:58:34,760 WARNING:biomolecule.py:157:num_missing_heavy:Missing atom CG in residue LYS A 76
2024-02-28 14:58:34,760 WARNING:biomolecule.py:157:num_missing_heavy:Missing atom CD in residue LYS A 76
2024-02-28 14:58:34,760 WARNING:biomolecule.py:157:num_missing_heavy:Missing atom CE in residue LYS A 76
2024-02-28 14:58:34,760 WARNING:biomolecule.py:157:num_missing_heavy:Missing atom NZ in residue LYS A 76
2024-02-28 14:58:34,761 WARNING:biomolecule.py:157:num_missing_heavy:Missing atom CE in residue LYS A 106
2024-02-28 14:58:34,761 WARNING:biomolecule.py:157:num_missing_heavy:Missing atom NZ in residue LYS A 106
2024-02-28 14:58:34,761 WARNING:biomolecule.py:157:num_missing_heavy:Missing atom CD in residue GLU A 129
2024-02-28 14:58:34,761 WARNING:biomolecule.py:157:num_missing_heavy:Missing atom OE1 in residue GLU A 129
2024-02-28 14:58:34,761 WARNING:biomolecule.py:157:num_missing_heavy:Missing atom OE2 in residue GLU A 129
2024-02-28 14:58:34,761 WARNING:biomolecule.py:157:num_missing_heavy:Missing atom CG in residue ASP A 131
2024-02-28 14:58:34,761 WARNING:biomolecule.py:157:num_missing_heavy:Missing atom OD1 in residue ASP A 131
2024-02-28 14:58:34,761 WARNING:biomolecule.py:157:num_missing_heavy:Missing atom OD2 in residue ASP A 131
2024-02-28 14:58:34,761 WARNING:biomolecule.py:157:num_missing_heavy:Missing atom CD in residue ARG A 159
2024-02-28 14:58:34,761 WARNING:biomolecule.py:157:num_missing_heavy:Missing atom NE in residue ARG A 159
2024-02-28 14:58:34,761 WARNING:biomolecule.py:157:num_missing_heavy:Missing atom CZ in residue ARG A 159
2024-02-28 14:58:34,761 WARNING:biomolecule.py:157:num_missing_heavy:Missing atom NH1 in residue ARG A 159
2024-02-28 14:58:34,761 WARNING:biomolecule.py:157:num_missing_heavy:Missing atom NH2 in residue ARG A 159
2024-02-28 14:58:34,762 WARNING:biomolecule.py:157:num_missing_heavy:Missing atom CD in residue GLU B 129
2024-02-28 14:58:34,762 WARNING:biomolecule.py:157:num_missing_heavy:Missing atom OE1 in residue GLU B 129
2024-02-28 14:58:34,762 WARNING:biomolecule.py:157:num_missing_heavy:Missing atom OE2 in residue GLU B 129
2024-02-28 14:58:34,762 WARNING:biomolecule.py:157:num_missing_heavy:Missing atom CG in residue ASP B 131
2024-02-28 14:58:34,762 WARNING:biomolecule.py:157:num_missing_heavy:Missing atom OD1 in residue ASP B 131
2024-02-28 14:58:34,763 WARNING:biomolecule.py:157:num_missing_heavy:Missing atom OD2 in residue ASP B 131
2024-02-28 14:58:35,981 WARNING:main.py:311:print_pqr:Ignoring 3054 header lines in output.
2024-02-28 14:58:35,981 WARNING:main.py:315:print_pqr:Ignoring 69 missing lines in output.
