2024-02-28 14:07:19,535 WARNING:biomolecule.py:992:create_residue:Unable to find amino or nucleic acid definition for HG.  Parsing as new residue.
2024-02-28 14:07:19,553 WARNING:biomolecule.py:992:create_residue:Unable to find amino or nucleic acid definition for ZN.  Parsing as new residue.
2024-02-28 14:07:19,553 WARNING:biomolecule.py:992:create_residue:Unable to find amino or nucleic acid definition for AL6.  Parsing as new residue.
2024-02-28 14:07:19,626 WARNING:biomolecule.py:157:num_missing_heavy:Missing atom CB in residue HIS A 4
2024-02-28 14:07:19,638 WARNING:biomolecule.py:157:num_missing_heavy:Missing atom CG in residue HIS A 4
2024-02-28 14:07:19,638 WARNING:biomolecule.py:157:num_missing_heavy:Missing atom ND1 in residue HIS A 4
2024-02-28 14:07:19,638 WARNING:biomolecule.py:157:num_missing_heavy:Missing atom CD2 in residue HIS A 4
2024-02-28 14:07:19,638 WARNING:biomolecule.py:157:num_missing_heavy:Missing atom CE1 in residue HIS A 4
2024-02-28 14:07:19,638 WARNING:biomolecule.py:157:num_missing_heavy:Missing atom NE2 in residue HIS A 4
2024-02-28 14:07:19,640 WARNING:biomolecule.py:157:num_missing_heavy:Missing atom O in residue LYS A 261
2024-02-28 14:07:19,640 WARNING:biomolecule.py:157:num_missing_heavy:Missing atom OXT in residue LYS A 261
2024-02-28 14:07:19,640 WARNING:biomolecule.py:157:num_missing_heavy:Missing atom CB in residue HIS A 4
2024-02-28 14:07:19,640 WARNING:biomolecule.py:157:num_missing_heavy:Missing atom CG in residue HIS A 4
2024-02-28 14:07:19,640 WARNING:biomolecule.py:157:num_missing_heavy:Missing atom ND1 in residue HIS A 4
2024-02-28 14:07:19,640 WARNING:biomolecule.py:157:num_missing_heavy:Missing atom CD2 in residue HIS A 4
2024-02-28 14:07:19,640 WARNING:biomolecule.py:157:num_missing_heavy:Missing atom CE1 in residue HIS A 4
2024-02-28 14:07:19,640 WARNING:biomolecule.py:157:num_missing_heavy:Missing atom NE2 in residue HIS A 4
2024-02-28 14:07:19,641 WARNING:biomolecule.py:157:num_missing_heavy:Missing atom O in residue LYS A 261
2024-02-28 14:07:19,641 WARNING:biomolecule.py:157:num_missing_heavy:Missing atom OXT in residue LYS A 261
2024-02-28 14:07:19,641 WARNING:biomolecule.py:157:num_missing_heavy:Missing atom CB in residue HIS A 4
2024-02-28 14:07:19,641 WARNING:biomolecule.py:157:num_missing_heavy:Missing atom CG in residue HIS A 4
2024-02-28 14:07:19,641 WARNING:biomolecule.py:157:num_missing_heavy:Missing atom ND1 in residue HIS A 4
2024-02-28 14:07:19,641 WARNING:biomolecule.py:157:num_missing_heavy:Missing atom CD2 in residue HIS A 4
2024-02-28 14:07:19,641 WARNING:biomolecule.py:157:num_missing_heavy:Missing atom CE1 in residue HIS A 4
2024-02-28 14:07:19,641 WARNING:biomolecule.py:157:num_missing_heavy:Missing atom NE2 in residue HIS A 4
2024-02-28 14:07:19,642 WARNING:biomolecule.py:157:num_missing_heavy:Missing atom O in residue LYS A 261
2024-02-28 14:07:19,642 WARNING:biomolecule.py:157:num_missing_heavy:Missing atom OXT in residue LYS A 261
2024-02-28 14:07:21,818 WARNING:main.py:311:print_pqr:Ignoring 1595 header lines in output.
2024-02-28 14:07:21,818 WARNING:main.py:315:print_pqr:Ignoring 25 missing lines in output.
