2024-02-28 14:07:18,599 WARNING:biomolecule.py:992:create_residue:Unable to find amino or nucleic acid definition for OLA.  Parsing as new residue.
2024-02-28 14:07:18,996 WARNING:main.py:418:setup_molecule:Multiple occupancies found: CB in HIS A 14.
2024-02-28 14:07:19,231 WARNING:main.py:418:setup_molecule:Multiple occupancies found: CG in HIS A 14.
2024-02-28 14:07:19,231 WARNING:main.py:418:setup_molecule:Multiple occupancies found: ND1 in HIS A 14.
2024-02-28 14:07:19,231 WARNING:main.py:418:setup_molecule:Multiple occupancies found: CD2 in HIS A 14.
2024-02-28 14:07:19,231 WARNING:main.py:418:setup_molecule:Multiple occupancies found: CE1 in HIS A 14.
2024-02-28 14:07:19,231 WARNING:main.py:418:setup_molecule:Multiple occupancies found: NE2 in HIS A 14.
2024-02-28 14:07:19,231 WARNING:main.py:424:setup_molecule:Multiple occupancies found in HIS A 14. At least one of the instances is being ignored.
2024-02-28 14:07:19,231 WARNING:main.py:418:setup_molecule:Multiple occupancies found: CB in MET A 20.
2024-02-28 14:07:19,231 WARNING:main.py:418:setup_molecule:Multiple occupancies found: CG in MET A 20.
2024-02-28 14:07:19,231 WARNING:main.py:418:setup_molecule:Multiple occupancies found: SD in MET A 20.
2024-02-28 14:07:19,231 WARNING:main.py:418:setup_molecule:Multiple occupancies found: CE in MET A 20.
2024-02-28 14:07:19,231 WARNING:main.py:424:setup_molecule:Multiple occupancies found in MET A 20. At least one of the instances is being ignored.
2024-02-28 14:07:19,231 WARNING:main.py:418:setup_molecule:Multiple occupancies found: CB in GLU A 108.
2024-02-28 14:07:19,231 WARNING:main.py:418:setup_molecule:Multiple occupancies found: CG in GLU A 108.
2024-02-28 14:07:19,231 WARNING:main.py:418:setup_molecule:Multiple occupancies found: CD in GLU A 108.
2024-02-28 14:07:19,231 WARNING:main.py:418:setup_molecule:Multiple occupancies found: OE1 in GLU A 108.
2024-02-28 14:07:19,231 WARNING:main.py:418:setup_molecule:Multiple occupancies found: OE2 in GLU A 108.
2024-02-28 14:07:19,231 WARNING:main.py:424:setup_molecule:Multiple occupancies found in GLU A 108. At least one of the instances is being ignored.
2024-02-28 14:07:19,232 WARNING:main.py:418:setup_molecule:Multiple occupancies found: CB in ASP A 122.
2024-02-28 14:07:19,232 WARNING:main.py:418:setup_molecule:Multiple occupancies found: CG in ASP A 122.
2024-02-28 14:07:19,232 WARNING:main.py:418:setup_molecule:Multiple occupancies found: OD1 in ASP A 122.
2024-02-28 14:07:19,232 WARNING:main.py:418:setup_molecule:Multiple occupancies found: OD2 in ASP A 122.
2024-02-28 14:07:19,232 WARNING:main.py:424:setup_molecule:Multiple occupancies found in ASP A 122. At least one of the instances is being ignored.
2024-02-28 14:07:19,232 WARNING:main.py:418:setup_molecule:Multiple occupancies found: CB in LYS A 130.
2024-02-28 14:07:19,232 WARNING:main.py:418:setup_molecule:Multiple occupancies found: CG in LYS A 130.
2024-02-28 14:07:19,232 WARNING:main.py:418:setup_molecule:Multiple occupancies found: CD in LYS A 130.
2024-02-28 14:07:19,232 WARNING:main.py:418:setup_molecule:Multiple occupancies found: CE in LYS A 130.
2024-02-28 14:07:19,232 WARNING:main.py:418:setup_molecule:Multiple occupancies found: NZ in LYS A 130.
2024-02-28 14:07:19,232 WARNING:main.py:424:setup_molecule:Multiple occupancies found in LYS A 130. At least one of the instances is being ignored.
2024-02-28 14:07:19,359 WARNING:biomolecule.py:157:num_missing_heavy:Missing atom OXT in residue SER A 133
2024-02-28 14:07:19,359 WARNING:biomolecule.py:157:num_missing_heavy:Missing atom OXT in residue SER A 133
2024-02-28 14:07:19,360 WARNING:biomolecule.py:157:num_missing_heavy:Missing atom OXT in residue SER A 133
2024-02-28 14:07:21,489 WARNING:main.py:311:print_pqr:Ignoring 1447 header lines in output.
2024-02-28 14:07:21,489 WARNING:main.py:315:print_pqr:Ignoring 20 missing lines in output.
