2024-02-28 14:07:17,260 WARNING:biomolecule.py:992:create_residue:Unable to find amino or nucleic acid definition for DSE.  Parsing as new residue.
2024-02-28 14:07:17,430 WARNING:biomolecule.py:992:create_residue:Unable to find amino or nucleic acid definition for DAL.  Parsing as new residue.
2024-02-28 14:07:17,430 WARNING:biomolecule.py:992:create_residue:Unable to find amino or nucleic acid definition for 5PG.  Parsing as new residue.
2024-02-28 14:07:17,430 WARNING:biomolecule.py:992:create_residue:Unable to find amino or nucleic acid definition for DSE.  Parsing as new residue.
2024-02-28 14:07:17,585 WARNING:biomolecule.py:992:create_residue:Unable to find amino or nucleic acid definition for DAL.  Parsing as new residue.
2024-02-28 14:07:17,585 WARNING:biomolecule.py:992:create_residue:Unable to find amino or nucleic acid definition for 5PG.  Parsing as new residue.
2024-02-28 14:07:17,586 WARNING:biomolecule.py:992:create_residue:Unable to find amino or nucleic acid definition for M12.  Parsing as new residue.
2024-02-28 14:07:17,586 WARNING:biomolecule.py:992:create_residue:Unable to find amino or nucleic acid definition for M12.  Parsing as new residue.
2024-02-28 14:07:17,638 WARNING:biomolecule.py:615:update_bonds:Gap in backbone detected between PHE A 106 and HIS A 124!
2024-02-28 14:07:17,639 WARNING:biomolecule.py:615:update_bonds:Gap in backbone detected between CYS A 170 and ASN A 178!
2024-02-28 14:07:17,639 WARNING:biomolecule.py:615:update_bonds:Gap in backbone detected between ARG A 199 and GLU A 203!
2024-02-28 14:07:17,640 WARNING:biomolecule.py:615:update_bonds:Gap in backbone detected between ASP A 304 and LEU A 314!
2024-02-28 14:07:17,640 WARNING:biomolecule.py:615:update_bonds:Gap in backbone detected between ALA B 107 and GLU B 121!
2024-02-28 14:07:17,641 WARNING:biomolecule.py:615:update_bonds:Gap in backbone detected between SER B 197 and SER B 206!
2024-02-28 14:07:17,695 WARNING:biomolecule.py:157:num_missing_heavy:Missing atom CG in residue ARG A 198
2024-02-28 14:07:17,695 WARNING:biomolecule.py:157:num_missing_heavy:Missing atom CD in residue ARG A 198
2024-02-28 14:07:17,695 WARNING:biomolecule.py:157:num_missing_heavy:Missing atom NE in residue ARG A 198
2024-02-28 14:07:17,695 WARNING:biomolecule.py:157:num_missing_heavy:Missing atom CZ in residue ARG A 198
2024-02-28 14:07:17,695 WARNING:biomolecule.py:157:num_missing_heavy:Missing atom NH1 in residue ARG A 198
2024-02-28 14:07:17,695 WARNING:biomolecule.py:157:num_missing_heavy:Missing atom NH2 in residue ARG A 198
2024-02-28 14:07:17,695 WARNING:biomolecule.py:157:num_missing_heavy:Missing atom CG in residue ARG A 199
2024-02-28 14:07:17,695 WARNING:biomolecule.py:157:num_missing_heavy:Missing atom CD in residue ARG A 199
2024-02-28 14:07:17,695 WARNING:biomolecule.py:157:num_missing_heavy:Missing atom NE in residue ARG A 199
2024-02-28 14:07:17,695 WARNING:biomolecule.py:157:num_missing_heavy:Missing atom CZ in residue ARG A 199
2024-02-28 14:07:17,695 WARNING:biomolecule.py:157:num_missing_heavy:Missing atom NH1 in residue ARG A 199
2024-02-28 14:07:17,695 WARNING:biomolecule.py:157:num_missing_heavy:Missing atom NH2 in residue ARG A 199
2024-02-28 14:07:17,696 WARNING:biomolecule.py:157:num_missing_heavy:Missing atom CG in residue GLU B 121
2024-02-28 14:07:17,696 WARNING:biomolecule.py:157:num_missing_heavy:Missing atom CD in residue GLU B 121
2024-02-28 14:07:17,696 WARNING:biomolecule.py:157:num_missing_heavy:Missing atom OE1 in residue GLU B 121
2024-02-28 14:07:17,696 WARNING:biomolecule.py:157:num_missing_heavy:Missing atom OE2 in residue GLU B 121
2024-02-28 14:07:17,697 WARNING:biomolecule.py:157:num_missing_heavy:Missing atom CG in residue ARG A 198
2024-02-28 14:07:17,697 WARNING:biomolecule.py:157:num_missing_heavy:Missing atom CD in residue ARG A 198
2024-02-28 14:07:17,697 WARNING:biomolecule.py:157:num_missing_heavy:Missing atom NE in residue ARG A 198
2024-02-28 14:07:17,697 WARNING:biomolecule.py:157:num_missing_heavy:Missing atom CZ in residue ARG A 198
2024-02-28 14:07:17,697 WARNING:biomolecule.py:157:num_missing_heavy:Missing atom NH1 in residue ARG A 198
2024-02-28 14:07:17,697 WARNING:biomolecule.py:157:num_missing_heavy:Missing atom NH2 in residue ARG A 198
2024-02-28 14:07:17,697 WARNING:biomolecule.py:157:num_missing_heavy:Missing atom CG in residue ARG A 199
2024-02-28 14:07:17,697 WARNING:biomolecule.py:157:num_missing_heavy:Missing atom CD in residue ARG A 199
2024-02-28 14:07:17,697 WARNING:biomolecule.py:157:num_missing_heavy:Missing atom NE in residue ARG A 199
2024-02-28 14:07:17,697 WARNING:biomolecule.py:157:num_missing_heavy:Missing atom CZ in residue ARG A 199
2024-02-28 14:07:17,697 WARNING:biomolecule.py:157:num_missing_heavy:Missing atom NH1 in residue ARG A 199
2024-02-28 14:07:17,698 WARNING:biomolecule.py:157:num_missing_heavy:Missing atom NH2 in residue ARG A 199
2024-02-28 14:07:17,698 WARNING:biomolecule.py:157:num_missing_heavy:Missing atom CG in residue GLU B 121
2024-02-28 14:07:17,698 WARNING:biomolecule.py:157:num_missing_heavy:Missing atom CD in residue GLU B 121
2024-02-28 14:07:17,698 WARNING:biomolecule.py:157:num_missing_heavy:Missing atom OE1 in residue GLU B 121
2024-02-28 14:07:17,698 WARNING:biomolecule.py:157:num_missing_heavy:Missing atom OE2 in residue GLU B 121
2024-02-28 14:07:17,699 WARNING:biomolecule.py:157:num_missing_heavy:Missing atom CG in residue ARG A 198
2024-02-28 14:07:18,088 WARNING:biomolecule.py:157:num_missing_heavy:Missing atom CD in residue ARG A 198
2024-02-28 14:07:18,089 WARNING:biomolecule.py:157:num_missing_heavy:Missing atom NE in residue ARG A 198
2024-02-28 14:07:18,089 WARNING:biomolecule.py:157:num_missing_heavy:Missing atom CZ in residue ARG A 198
2024-02-28 14:07:18,089 WARNING:biomolecule.py:157:num_missing_heavy:Missing atom NH1 in residue ARG A 198
2024-02-28 14:07:18,089 WARNING:biomolecule.py:157:num_missing_heavy:Missing atom NH2 in residue ARG A 198
2024-02-28 14:07:18,089 WARNING:biomolecule.py:157:num_missing_heavy:Missing atom CG in residue ARG A 199
2024-02-28 14:07:18,089 WARNING:biomolecule.py:157:num_missing_heavy:Missing atom CD in residue ARG A 199
2024-02-28 14:07:18,089 WARNING:biomolecule.py:157:num_missing_heavy:Missing atom NE in residue ARG A 199
2024-02-28 14:07:18,089 WARNING:biomolecule.py:157:num_missing_heavy:Missing atom CZ in residue ARG A 199
2024-02-28 14:07:18,089 WARNING:biomolecule.py:157:num_missing_heavy:Missing atom NH1 in residue ARG A 199
2024-02-28 14:07:18,089 WARNING:biomolecule.py:157:num_missing_heavy:Missing atom NH2 in residue ARG A 199
2024-02-28 14:07:18,090 WARNING:biomolecule.py:157:num_missing_heavy:Missing atom CG in residue GLU B 121
2024-02-28 14:07:18,090 WARNING:biomolecule.py:157:num_missing_heavy:Missing atom CD in residue GLU B 121
2024-02-28 14:07:18,090 WARNING:biomolecule.py:157:num_missing_heavy:Missing atom OE1 in residue GLU B 121
2024-02-28 14:07:18,090 WARNING:biomolecule.py:157:num_missing_heavy:Missing atom OE2 in residue GLU B 121
2024-02-28 14:07:23,229 WARNING:main.py:311:print_pqr:Ignoring 2424 header lines in output.
2024-02-28 14:07:23,230 WARNING:main.py:315:print_pqr:Ignoring 54 missing lines in output.
