2024-02-28 14:07:18,695 WARNING:biomolecule.py:992:create_residue:Unable to find amino or nucleic acid definition for CSO.  Parsing as new residue.
2024-02-28 14:07:19,076 WARNING:biomolecule.py:992:create_residue:Unable to find amino or nucleic acid definition for NAG.  Parsing as new residue.
2024-02-28 14:07:19,268 WARNING:biomolecule.py:992:create_residue:Unable to find amino or nucleic acid definition for NAG.  Parsing as new residue.
2024-02-28 14:07:19,268 WARNING:biomolecule.py:992:create_residue:Unable to find amino or nucleic acid definition for FUL.  Parsing as new residue.
2024-02-28 14:07:19,268 WARNING:biomolecule.py:992:create_residue:Unable to find amino or nucleic acid definition for NAG.  Parsing as new residue.
2024-02-28 14:07:19,268 WARNING:biomolecule.py:992:create_residue:Unable to find amino or nucleic acid definition for PO4.  Parsing as new residue.
2024-02-28 14:07:19,268 WARNING:biomolecule.py:992:create_residue:Unable to find amino or nucleic acid definition for PO4.  Parsing as new residue.
2024-02-28 14:07:19,268 WARNING:biomolecule.py:992:create_residue:Unable to find amino or nucleic acid definition for MPD.  Parsing as new residue.
2024-02-28 14:07:19,269 WARNING:biomolecule.py:992:create_residue:Unable to find amino or nucleic acid definition for MPD.  Parsing as new residue.
2024-02-28 14:07:19,321 WARNING:io.py:40:filter:Suppressing further "Unable to find amino or nucleic acid definition for" messages
2024-02-28 14:07:19,322 WARNING:main.py:418:setup_molecule:Multiple occupancies found: N in SER A 4.
2024-02-28 14:07:19,322 WARNING:main.py:418:setup_molecule:Multiple occupancies found: CA in SER A 4.
2024-02-28 14:07:19,322 WARNING:main.py:418:setup_molecule:Multiple occupancies found: C in SER A 4.
2024-02-28 14:07:19,322 WARNING:main.py:418:setup_molecule:Multiple occupancies found: O in SER A 4.
2024-02-28 14:07:19,322 WARNING:main.py:418:setup_molecule:Multiple occupancies found: CB in SER A 4.
2024-02-28 14:07:19,322 WARNING:main.py:418:setup_molecule:Multiple occupancies found: OG in SER A 4.
2024-02-28 14:07:19,322 WARNING:main.py:424:setup_molecule:Multiple occupancies found in SER A 4. At least one of the instances is being ignored.
2024-02-28 14:07:19,322 WARNING:main.py:418:setup_molecule:Multiple occupancies found: N in MET A 23.
2024-02-28 14:07:19,322 WARNING:main.py:418:setup_molecule:Multiple occupancies found: CA in MET A 23.
2024-02-28 14:07:19,322 WARNING:main.py:418:setup_molecule:Multiple occupancies found: C in MET A 23.
2024-02-28 14:07:19,322 WARNING:main.py:418:setup_molecule:Multiple occupancies found: O in MET A 23.
2024-02-28 14:07:19,322 WARNING:main.py:418:setup_molecule:Multiple occupancies found: CB in MET A 23.
2024-02-28 14:07:19,322 WARNING:main.py:418:setup_molecule:Multiple occupancies found: CG in MET A 23.
2024-02-28 14:07:19,322 WARNING:main.py:418:setup_molecule:Multiple occupancies found: SD in MET A 23.
2024-02-28 14:07:19,322 WARNING:main.py:418:setup_molecule:Multiple occupancies found: CE in MET A 23.
2024-02-28 14:07:19,322 WARNING:main.py:424:setup_molecule:Multiple occupancies found in MET A 23. At least one of the instances is being ignored.
2024-02-28 14:07:19,323 WARNING:main.py:418:setup_molecule:Multiple occupancies found: N in SER A 73.
2024-02-28 14:07:19,323 WARNING:main.py:418:setup_molecule:Multiple occupancies found: CA in SER A 73.
2024-02-28 14:07:19,323 WARNING:main.py:418:setup_molecule:Multiple occupancies found: C in SER A 73.
2024-02-28 14:07:19,323 WARNING:main.py:418:setup_molecule:Multiple occupancies found: O in SER A 73.
2024-02-28 14:07:19,323 WARNING:main.py:418:setup_molecule:Multiple occupancies found: CB in SER A 73.
2024-02-28 14:07:19,323 WARNING:main.py:418:setup_molecule:Multiple occupancies found: OG in SER A 73.
2024-02-28 14:07:19,323 WARNING:main.py:424:setup_molecule:Multiple occupancies found in SER A 73. At least one of the instances is being ignored.
2024-02-28 14:07:19,323 WARNING:main.py:418:setup_molecule:Multiple occupancies found: N in ILE A 98.
2024-02-28 14:07:19,323 WARNING:main.py:418:setup_molecule:Multiple occupancies found: CA in ILE A 98.
2024-02-28 14:07:19,323 WARNING:main.py:418:setup_molecule:Multiple occupancies found: C in ILE A 98.
2024-02-28 14:07:19,323 WARNING:main.py:418:setup_molecule:Multiple occupancies found: O in ILE A 98.
2024-02-28 14:07:19,323 WARNING:main.py:418:setup_molecule:Multiple occupancies found: CB in ILE A 98.
2024-02-28 14:07:19,323 WARNING:main.py:418:setup_molecule:Multiple occupancies found: CG1 in ILE A 98.
2024-02-28 14:07:19,323 WARNING:main.py:418:setup_molecule:Multiple occupancies found: CG2 in ILE A 98.
2024-02-28 14:07:19,323 WARNING:main.py:418:setup_molecule:Multiple occupancies found: CD1 in ILE A 98.
2024-02-28 14:07:19,323 WARNING:main.py:424:setup_molecule:Multiple occupancies found in ILE A 98. At least one of the instances is being ignored.
2024-02-28 14:07:19,323 WARNING:main.py:418:setup_molecule:Multiple occupancies found: N in GLU A 102.
2024-02-28 14:07:19,323 WARNING:main.py:418:setup_molecule:Multiple occupancies found: CA in GLU A 102.
2024-02-28 14:07:19,323 WARNING:main.py:418:setup_molecule:Multiple occupancies found: C in GLU A 102.
2024-02-28 14:07:19,323 WARNING:main.py:418:setup_molecule:Multiple occupancies found: O in GLU A 102.
2024-02-28 14:07:19,323 WARNING:main.py:418:setup_molecule:Multiple occupancies found: CB in GLU A 102.
2024-02-28 14:07:19,323 WARNING:main.py:418:setup_molecule:Multiple occupancies found: CG in GLU A 102.
2024-02-28 14:07:19,323 WARNING:main.py:418:setup_molecule:Multiple occupancies found: CD in GLU A 102.
2024-02-28 14:07:19,323 WARNING:main.py:418:setup_molecule:Multiple occupancies found: OE1 in GLU A 102.
2024-02-28 14:07:19,323 WARNING:main.py:418:setup_molecule:Multiple occupancies found: OE2 in GLU A 102.
2024-02-28 14:07:19,323 WARNING:main.py:424:setup_molecule:Multiple occupancies found in GLU A 102. At least one of the instances is being ignored.
2024-02-28 14:07:19,323 WARNING:main.py:418:setup_molecule:Multiple occupancies found: N in SER A 105.
2024-02-28 14:07:19,323 WARNING:main.py:418:setup_molecule:Multiple occupancies found: CA in SER A 105.
2024-02-28 14:07:19,323 WARNING:main.py:418:setup_molecule:Multiple occupancies found: C in SER A 105.
2024-02-28 14:07:19,323 WARNING:main.py:418:setup_molecule:Multiple occupancies found: O in SER A 105.
2024-02-28 14:07:19,323 WARNING:main.py:418:setup_molecule:Multiple occupancies found: CB in SER A 105.
2024-02-28 14:07:19,323 WARNING:main.py:418:setup_molecule:Multiple occupancies found: OG in SER A 105.
2024-02-28 14:07:19,323 WARNING:main.py:424:setup_molecule:Multiple occupancies found in SER A 105. At least one of the instances is being ignored.
2024-02-28 14:07:19,324 WARNING:main.py:418:setup_molecule:Multiple occupancies found: N in THR A 134.
2024-02-28 14:07:19,324 WARNING:main.py:418:setup_molecule:Multiple occupancies found: CA in THR A 134.
2024-02-28 14:07:19,324 WARNING:main.py:418:setup_molecule:Multiple occupancies found: C in THR A 134.
2024-02-28 14:07:19,324 WARNING:main.py:418:setup_molecule:Multiple occupancies found: O in THR A 134.
2024-02-28 14:07:19,324 WARNING:main.py:418:setup_molecule:Multiple occupancies found: CB in THR A 134.
2024-02-28 14:07:19,324 WARNING:main.py:418:setup_molecule:Multiple occupancies found: OG1 in THR A 134.
2024-02-28 14:07:19,324 WARNING:main.py:418:setup_molecule:Multiple occupancies found: CG2 in THR A 134.
2024-02-28 14:07:19,324 WARNING:main.py:424:setup_molecule:Multiple occupancies found in THR A 134. At least one of the instances is being ignored.
2024-02-28 14:07:19,324 WARNING:main.py:418:setup_molecule:Multiple occupancies found: N in THR A 182.
2024-02-28 14:07:19,324 WARNING:main.py:418:setup_molecule:Multiple occupancies found: CA in THR A 182.
2024-02-28 14:07:19,324 WARNING:main.py:418:setup_molecule:Multiple occupancies found: C in THR A 182.
2024-02-28 14:07:19,324 WARNING:main.py:418:setup_molecule:Multiple occupancies found: O in THR A 182.
2024-02-28 14:07:19,324 WARNING:main.py:418:setup_molecule:Multiple occupancies found: CB in THR A 182.
2024-02-28 14:07:19,324 WARNING:main.py:418:setup_molecule:Multiple occupancies found: OG1 in THR A 182.
2024-02-28 14:07:19,329 WARNING:main.py:418:setup_molecule:Multiple occupancies found: CG2 in THR A 182.
2024-02-28 14:07:19,329 WARNING:main.py:424:setup_molecule:Multiple occupancies found in THR A 182. At least one of the instances is being ignored.
2024-02-28 14:07:19,329 WARNING:main.py:418:setup_molecule:Multiple occupancies found: N in HIS A 188.
2024-02-28 14:07:19,329 WARNING:main.py:418:setup_molecule:Multiple occupancies found: CA in HIS A 188.
2024-02-28 14:07:19,329 WARNING:main.py:418:setup_molecule:Multiple occupancies found: C in HIS A 188.
2024-02-28 14:07:19,329 WARNING:main.py:418:setup_molecule:Multiple occupancies found: O in HIS A 188.
2024-02-28 14:07:19,329 WARNING:main.py:418:setup_molecule:Multiple occupancies found: CB in HIS A 188.
2024-02-28 14:07:19,329 WARNING:main.py:418:setup_molecule:Multiple occupancies found: CG in HIS A 188.
2024-02-28 14:07:19,329 WARNING:main.py:418:setup_molecule:Multiple occupancies found: ND1 in HIS A 188.
2024-02-28 14:07:19,330 WARNING:main.py:418:setup_molecule:Multiple occupancies found: CD2 in HIS A 188.
2024-02-28 14:07:19,330 WARNING:main.py:418:setup_molecule:Multiple occupancies found: CE1 in HIS A 188.
2024-02-28 14:07:19,330 WARNING:main.py:418:setup_molecule:Multiple occupancies found: NE2 in HIS A 188.
2024-02-28 14:07:19,330 WARNING:main.py:424:setup_molecule:Multiple occupancies found in HIS A 188. At least one of the instances is being ignored.
2024-02-28 14:07:19,330 WARNING:main.py:418:setup_molecule:Multiple occupancies found: N in SER B 61.
2024-02-28 14:07:19,330 WARNING:main.py:418:setup_molecule:Multiple occupancies found: CA in SER B 61.
2024-02-28 14:07:19,330 WARNING:main.py:418:setup_molecule:Multiple occupancies found: C in SER B 61.
2024-02-28 14:07:19,330 WARNING:main.py:418:setup_molecule:Multiple occupancies found: O in SER B 61.
2024-02-28 14:07:19,330 WARNING:main.py:418:setup_molecule:Multiple occupancies found: CB in SER B 61.
2024-02-28 14:07:19,330 WARNING:main.py:418:setup_molecule:Multiple occupancies found: OG in SER B 61.
2024-02-28 14:07:19,330 WARNING:main.py:424:setup_molecule:Multiple occupancies found in SER B 61. At least one of the instances is being ignored.
2024-02-28 14:07:22,642 WARNING:main.py:311:print_pqr:Ignoring 3747 header lines in output.
2024-02-28 14:07:22,642 WARNING:main.py:315:print_pqr:Ignoring 93 missing lines in output.
