2024-02-28 14:07:18,158 WARNING:biomolecule.py:992:create_residue:Unable to find amino or nucleic acid definition for ZN.  Parsing as new residue.
2024-02-28 14:07:18,582 WARNING:biomolecule.py:992:create_residue:Unable to find amino or nucleic acid definition for ZN.  Parsing as new residue.
2024-02-28 14:07:18,582 WARNING:biomolecule.py:992:create_residue:Unable to find amino or nucleic acid definition for ZN.  Parsing as new residue.
2024-02-28 14:07:18,583 WARNING:biomolecule.py:992:create_residue:Unable to find amino or nucleic acid definition for HEP.  Parsing as new residue.
2024-02-28 14:07:18,614 WARNING:biomolecule.py:615:update_bonds:Gap in backbone detected between TYR H 97 and VAL H 100B!
2024-02-28 14:07:18,996 WARNING:biomolecule.py:615:update_bonds:Gap in backbone detected between PRO H 126 and SER H 134!
2024-02-28 14:07:19,011 WARNING:biomolecule.py:157:num_missing_heavy:Missing atom CG in residue TYR H 96
2024-02-28 14:07:19,012 WARNING:biomolecule.py:157:num_missing_heavy:Missing atom CD1 in residue TYR H 96
2024-02-28 14:07:19,012 WARNING:biomolecule.py:157:num_missing_heavy:Missing atom CD2 in residue TYR H 96
2024-02-28 14:07:19,013 WARNING:biomolecule.py:157:num_missing_heavy:Missing atom CE1 in residue TYR H 96
2024-02-28 14:07:19,013 WARNING:biomolecule.py:157:num_missing_heavy:Missing atom CE2 in residue TYR H 96
2024-02-28 14:07:19,013 WARNING:biomolecule.py:157:num_missing_heavy:Missing atom CZ in residue TYR H 96
2024-02-28 14:07:19,014 WARNING:biomolecule.py:157:num_missing_heavy:Missing atom OH in residue TYR H 96
2024-02-28 14:07:19,014 WARNING:biomolecule.py:157:num_missing_heavy:Missing atom CG in residue TYR H 97
2024-02-28 14:07:19,014 WARNING:biomolecule.py:157:num_missing_heavy:Missing atom CD1 in residue TYR H 97
2024-02-28 14:07:19,015 WARNING:biomolecule.py:157:num_missing_heavy:Missing atom CD2 in residue TYR H 97
2024-02-28 14:07:19,015 WARNING:biomolecule.py:157:num_missing_heavy:Missing atom CE1 in residue TYR H 97
2024-02-28 14:07:19,037 WARNING:biomolecule.py:157:num_missing_heavy:Missing atom CE2 in residue TYR H 97
2024-02-28 14:07:19,265 WARNING:biomolecule.py:157:num_missing_heavy:Missing atom CZ in residue TYR H 97
2024-02-28 14:07:19,268 WARNING:biomolecule.py:157:num_missing_heavy:Missing atom OH in residue TYR H 97
2024-02-28 14:07:19,269 WARNING:biomolecule.py:157:num_missing_heavy:Missing atom CG1 in residue VAL H 100B
2024-02-28 14:07:19,269 WARNING:biomolecule.py:157:num_missing_heavy:Missing atom CG2 in residue VAL H 100B
2024-02-28 14:07:19,270 WARNING:biomolecule.py:157:num_missing_heavy:Missing atom CG in residue GLU H 211
2024-02-28 14:07:19,270 WARNING:biomolecule.py:157:num_missing_heavy:Missing atom CD in residue GLU H 211
2024-02-28 14:07:19,270 WARNING:biomolecule.py:157:num_missing_heavy:Missing atom OE1 in residue GLU H 211
2024-02-28 14:07:19,270 WARNING:biomolecule.py:157:num_missing_heavy:Missing atom OE2 in residue GLU H 211
2024-02-28 14:07:19,271 WARNING:biomolecule.py:157:num_missing_heavy:Missing atom CG in residue ARG L 63
2024-02-28 14:07:19,271 WARNING:biomolecule.py:157:num_missing_heavy:Missing atom CD in residue ARG L 63
2024-02-28 14:07:19,271 WARNING:biomolecule.py:157:num_missing_heavy:Missing atom NE in residue ARG L 63
2024-02-28 14:07:19,271 WARNING:biomolecule.py:157:num_missing_heavy:Missing atom CZ in residue ARG L 63
2024-02-28 14:07:19,271 WARNING:biomolecule.py:157:num_missing_heavy:Missing atom NH1 in residue ARG L 63
2024-02-28 14:07:19,271 WARNING:biomolecule.py:157:num_missing_heavy:Missing atom NH2 in residue ARG L 63
2024-02-28 14:07:19,271 WARNING:biomolecule.py:157:num_missing_heavy:Missing atom CG in residue ASN L 212
2024-02-28 14:07:19,271 WARNING:biomolecule.py:157:num_missing_heavy:Missing atom OD1 in residue ASN L 212
2024-02-28 14:07:19,272 WARNING:biomolecule.py:157:num_missing_heavy:Missing atom ND2 in residue ASN L 212
2024-02-28 14:07:19,272 WARNING:biomolecule.py:157:num_missing_heavy:Missing atom CG in residue GLU L 213
2024-02-28 14:07:19,272 WARNING:biomolecule.py:157:num_missing_heavy:Missing atom CD in residue GLU L 213
2024-02-28 14:07:19,272 WARNING:biomolecule.py:157:num_missing_heavy:Missing atom OE1 in residue GLU L 213
2024-02-28 14:07:19,272 WARNING:biomolecule.py:157:num_missing_heavy:Missing atom OE2 in residue GLU L 213
2024-02-28 14:07:19,272 WARNING:biomolecule.py:157:num_missing_heavy:Missing atom CG in residue TYR H 96
2024-02-28 14:07:19,272 WARNING:biomolecule.py:157:num_missing_heavy:Missing atom CD1 in residue TYR H 96
2024-02-28 14:07:19,272 WARNING:biomolecule.py:157:num_missing_heavy:Missing atom CD2 in residue TYR H 96
2024-02-28 14:07:19,272 WARNING:biomolecule.py:157:num_missing_heavy:Missing atom CE1 in residue TYR H 96
2024-02-28 14:07:19,272 WARNING:biomolecule.py:157:num_missing_heavy:Missing atom CE2 in residue TYR H 96
2024-02-28 14:07:19,272 WARNING:biomolecule.py:157:num_missing_heavy:Missing atom CZ in residue TYR H 96
2024-02-28 14:07:19,272 WARNING:biomolecule.py:157:num_missing_heavy:Missing atom OH in residue TYR H 96
2024-02-28 14:07:19,272 WARNING:biomolecule.py:157:num_missing_heavy:Missing atom CG in residue TYR H 97
2024-02-28 14:07:19,272 WARNING:biomolecule.py:157:num_missing_heavy:Missing atom CD1 in residue TYR H 97
2024-02-28 14:07:19,272 WARNING:biomolecule.py:157:num_missing_heavy:Missing atom CD2 in residue TYR H 97
2024-02-28 14:07:19,272 WARNING:biomolecule.py:157:num_missing_heavy:Missing atom CE1 in residue TYR H 97
2024-02-28 14:07:19,273 WARNING:biomolecule.py:157:num_missing_heavy:Missing atom CE2 in residue TYR H 97
2024-02-28 14:07:19,273 WARNING:biomolecule.py:157:num_missing_heavy:Missing atom CZ in residue TYR H 97
2024-02-28 14:07:19,273 WARNING:biomolecule.py:157:num_missing_heavy:Missing atom OH in residue TYR H 97
2024-02-28 14:07:19,273 WARNING:biomolecule.py:157:num_missing_heavy:Missing atom CG1 in residue VAL H 100B
2024-02-28 14:07:19,273 WARNING:biomolecule.py:157:num_missing_heavy:Missing atom CG2 in residue VAL H 100B
2024-02-28 14:07:19,275 WARNING:biomolecule.py:157:num_missing_heavy:Missing atom CG in residue GLU H 211
2024-02-28 14:07:19,275 WARNING:biomolecule.py:157:num_missing_heavy:Missing atom CD in residue GLU H 211
2024-02-28 14:07:19,275 WARNING:biomolecule.py:157:num_missing_heavy:Missing atom OE1 in residue GLU H 211
2024-02-28 14:07:19,275 WARNING:biomolecule.py:157:num_missing_heavy:Missing atom OE2 in residue GLU H 211
2024-02-28 14:07:19,275 WARNING:biomolecule.py:157:num_missing_heavy:Missing atom CG in residue ARG L 63
2024-02-28 14:07:19,275 WARNING:biomolecule.py:157:num_missing_heavy:Missing atom CD in residue ARG L 63
2024-02-28 14:07:19,275 WARNING:biomolecule.py:157:num_missing_heavy:Missing atom NE in residue ARG L 63
2024-02-28 14:07:19,275 WARNING:biomolecule.py:157:num_missing_heavy:Missing atom CZ in residue ARG L 63
2024-02-28 14:07:19,275 WARNING:biomolecule.py:157:num_missing_heavy:Missing atom NH1 in residue ARG L 63
2024-02-28 14:07:19,275 WARNING:biomolecule.py:157:num_missing_heavy:Missing atom NH2 in residue ARG L 63
2024-02-28 14:07:19,276 WARNING:biomolecule.py:157:num_missing_heavy:Missing atom CG in residue ASN L 212
2024-02-28 14:07:19,276 WARNING:biomolecule.py:157:num_missing_heavy:Missing atom OD1 in residue ASN L 212
2024-02-28 14:07:19,276 WARNING:biomolecule.py:157:num_missing_heavy:Missing atom ND2 in residue ASN L 212
2024-02-28 14:07:19,276 WARNING:biomolecule.py:157:num_missing_heavy:Missing atom CG in residue GLU L 213
2024-02-28 14:07:19,276 WARNING:biomolecule.py:157:num_missing_heavy:Missing atom CD in residue GLU L 213
2024-02-28 14:07:19,276 WARNING:biomolecule.py:157:num_missing_heavy:Missing atom OE1 in residue GLU L 213
2024-02-28 14:07:19,276 WARNING:biomolecule.py:157:num_missing_heavy:Missing atom OE2 in residue GLU L 213
2024-02-28 14:07:19,277 WARNING:biomolecule.py:157:num_missing_heavy:Missing atom CG in residue TYR H 96
2024-02-28 14:07:19,277 WARNING:biomolecule.py:157:num_missing_heavy:Missing atom CD1 in residue TYR H 96
2024-02-28 14:07:19,277 WARNING:biomolecule.py:157:num_missing_heavy:Missing atom CD2 in residue TYR H 96
2024-02-28 14:07:19,277 WARNING:biomolecule.py:157:num_missing_heavy:Missing atom CE1 in residue TYR H 96
2024-02-28 14:07:19,277 WARNING:biomolecule.py:157:num_missing_heavy:Missing atom CE2 in residue TYR H 96
2024-02-28 14:07:19,277 WARNING:biomolecule.py:157:num_missing_heavy:Missing atom CZ in residue TYR H 96
2024-02-28 14:07:19,277 WARNING:biomolecule.py:157:num_missing_heavy:Missing atom OH in residue TYR H 96
2024-02-28 14:07:19,277 WARNING:biomolecule.py:157:num_missing_heavy:Missing atom CG in residue TYR H 97
2024-02-28 14:07:19,277 WARNING:biomolecule.py:157:num_missing_heavy:Missing atom CD1 in residue TYR H 97
2024-02-28 14:07:19,277 WARNING:biomolecule.py:157:num_missing_heavy:Missing atom CD2 in residue TYR H 97
2024-02-28 14:07:19,277 WARNING:biomolecule.py:157:num_missing_heavy:Missing atom CE1 in residue TYR H 97
2024-02-28 14:07:19,277 WARNING:biomolecule.py:157:num_missing_heavy:Missing atom CE2 in residue TYR H 97
2024-02-28 14:07:19,277 WARNING:biomolecule.py:157:num_missing_heavy:Missing atom CZ in residue TYR H 97
2024-02-28 14:07:19,277 WARNING:biomolecule.py:157:num_missing_heavy:Missing atom OH in residue TYR H 97
2024-02-28 14:07:19,277 WARNING:biomolecule.py:157:num_missing_heavy:Missing atom CG1 in residue VAL H 100B
2024-02-28 14:07:19,277 WARNING:biomolecule.py:157:num_missing_heavy:Missing atom CG2 in residue VAL H 100B
2024-02-28 14:07:19,278 WARNING:biomolecule.py:157:num_missing_heavy:Missing atom CG in residue GLU H 211
2024-02-28 14:07:19,278 WARNING:biomolecule.py:157:num_missing_heavy:Missing atom CD in residue GLU H 211
2024-02-28 14:07:19,278 WARNING:biomolecule.py:157:num_missing_heavy:Missing atom OE1 in residue GLU H 211
2024-02-28 14:07:19,278 WARNING:biomolecule.py:157:num_missing_heavy:Missing atom OE2 in residue GLU H 211
2024-02-28 14:07:19,278 WARNING:biomolecule.py:157:num_missing_heavy:Missing atom CG in residue ARG L 63
2024-02-28 14:07:19,278 WARNING:biomolecule.py:157:num_missing_heavy:Missing atom CD in residue ARG L 63
2024-02-28 14:07:19,278 WARNING:biomolecule.py:157:num_missing_heavy:Missing atom NE in residue ARG L 63
2024-02-28 14:07:19,278 WARNING:biomolecule.py:157:num_missing_heavy:Missing atom CZ in residue ARG L 63
2024-02-28 14:07:19,278 WARNING:biomolecule.py:157:num_missing_heavy:Missing atom NH1 in residue ARG L 63
2024-02-28 14:07:19,278 WARNING:biomolecule.py:157:num_missing_heavy:Missing atom NH2 in residue ARG L 63
2024-02-28 14:07:19,279 WARNING:biomolecule.py:157:num_missing_heavy:Missing atom CG in residue ASN L 212
2024-02-28 14:07:19,279 WARNING:biomolecule.py:157:num_missing_heavy:Missing atom OD1 in residue ASN L 212
2024-02-28 14:07:19,279 WARNING:biomolecule.py:157:num_missing_heavy:Missing atom ND2 in residue ASN L 212
2024-02-28 14:07:19,279 WARNING:biomolecule.py:157:num_missing_heavy:Missing atom CG in residue GLU L 213
2024-02-28 14:07:19,279 WARNING:biomolecule.py:157:num_missing_heavy:Missing atom CD in residue GLU L 213
2024-02-28 14:07:19,279 WARNING:biomolecule.py:157:num_missing_heavy:Missing atom OE1 in residue GLU L 213
2024-02-28 14:07:19,279 WARNING:biomolecule.py:157:num_missing_heavy:Missing atom OE2 in residue GLU L 213
2024-02-28 14:07:23,118 WARNING:main.py:311:print_pqr:Ignoring 1621 header lines in output.
2024-02-28 14:07:23,118 WARNING:main.py:315:print_pqr:Ignoring 26 missing lines in output.
