2024-02-28 14:07:14,549 WARNING:biomolecule.py:992:create_residue:Unable to find amino or nucleic acid definition for BGC.  Parsing as new residue.
2024-02-28 14:07:14,549 WARNING:biomolecule.py:992:create_residue:Unable to find amino or nucleic acid definition for GAL.  Parsing as new residue.
2024-02-28 14:07:14,550 WARNING:biomolecule.py:992:create_residue:Unable to find amino or nucleic acid definition for MN.  Parsing as new residue.
2024-02-28 14:07:14,550 WARNING:biomolecule.py:992:create_residue:Unable to find amino or nucleic acid definition for CA.  Parsing as new residue.
2024-02-28 14:07:14,550 WARNING:main.py:418:setup_molecule:Multiple occupancies found: CB in SER A 9.
2024-02-28 14:07:14,550 WARNING:main.py:418:setup_molecule:Multiple occupancies found: OG in SER A 9.
2024-02-28 14:07:14,550 WARNING:main.py:424:setup_molecule:Multiple occupancies found in SER A 9. At least one of the instances is being ignored.
2024-02-28 14:07:14,550 WARNING:main.py:418:setup_molecule:Multiple occupancies found: CB in GLU A 10.
2024-02-28 14:07:14,551 WARNING:main.py:418:setup_molecule:Multiple occupancies found: CG in GLU A 10.
2024-02-28 14:07:14,551 WARNING:main.py:418:setup_molecule:Multiple occupancies found: CD in GLU A 10.
2024-02-28 14:07:14,551 WARNING:main.py:418:setup_molecule:Multiple occupancies found: OE1 in GLU A 10.
2024-02-28 14:07:14,551 WARNING:main.py:418:setup_molecule:Multiple occupancies found: OE2 in GLU A 10.
2024-02-28 14:07:14,551 WARNING:main.py:424:setup_molecule:Multiple occupancies found in GLU A 10. At least one of the instances is being ignored.
2024-02-28 14:07:14,551 WARNING:main.py:418:setup_molecule:Multiple occupancies found: CB in GLU A 12.
2024-02-28 14:07:14,551 WARNING:main.py:418:setup_molecule:Multiple occupancies found: CG in GLU A 12.
2024-02-28 14:07:14,551 WARNING:main.py:418:setup_molecule:Multiple occupancies found: CD in GLU A 12.
2024-02-28 14:07:14,551 WARNING:main.py:418:setup_molecule:Multiple occupancies found: OE1 in GLU A 12.
2024-02-28 14:07:14,551 WARNING:main.py:418:setup_molecule:Multiple occupancies found: OE2 in GLU A 12.
2024-02-28 14:07:14,552 WARNING:main.py:424:setup_molecule:Multiple occupancies found in GLU A 12. At least one of the instances is being ignored.
2024-02-28 14:07:14,552 WARNING:main.py:418:setup_molecule:Multiple occupancies found: CB in MET A 95.
2024-02-28 14:07:14,552 WARNING:main.py:418:setup_molecule:Multiple occupancies found: CG in MET A 95.
2024-02-28 14:07:14,552 WARNING:main.py:418:setup_molecule:Multiple occupancies found: SD in MET A 95.
2024-02-28 14:07:14,552 WARNING:main.py:418:setup_molecule:Multiple occupancies found: CE in MET A 95.
2024-02-28 14:07:14,552 WARNING:main.py:424:setup_molecule:Multiple occupancies found in MET A 95. At least one of the instances is being ignored.
2024-02-28 14:07:14,552 WARNING:main.py:418:setup_molecule:Multiple occupancies found: CB in GLN A 159.
2024-02-28 14:07:14,552 WARNING:main.py:418:setup_molecule:Multiple occupancies found: CG in GLN A 159.
2024-02-28 14:07:14,552 WARNING:main.py:418:setup_molecule:Multiple occupancies found: CD in GLN A 159.
2024-02-28 14:07:14,552 WARNING:main.py:418:setup_molecule:Multiple occupancies found: OE1 in GLN A 159.
2024-02-28 14:07:14,552 WARNING:main.py:418:setup_molecule:Multiple occupancies found: NE2 in GLN A 159.
2024-02-28 14:07:14,553 WARNING:main.py:424:setup_molecule:Multiple occupancies found in GLN A 159. At least one of the instances is being ignored.
2024-02-28 14:07:14,553 WARNING:main.py:418:setup_molecule:Multiple occupancies found: CB in ASP A 173.
2024-02-28 14:07:14,553 WARNING:main.py:418:setup_molecule:Multiple occupancies found: CG in ASP A 173.
2024-02-28 14:07:14,553 WARNING:main.py:418:setup_molecule:Multiple occupancies found: OD1 in ASP A 173.
2024-02-28 14:07:14,553 WARNING:main.py:418:setup_molecule:Multiple occupancies found: OD2 in ASP A 173.
2024-02-28 14:07:14,553 WARNING:main.py:424:setup_molecule:Multiple occupancies found in ASP A 173. At least one of the instances is being ignored.
2024-02-28 14:07:14,553 WARNING:main.py:418:setup_molecule:Multiple occupancies found: CB in HIS A 180.
2024-02-28 14:07:14,553 WARNING:main.py:418:setup_molecule:Multiple occupancies found: CG in HIS A 180.
2024-02-28 14:07:14,553 WARNING:main.py:418:setup_molecule:Multiple occupancies found: ND1 in HIS A 180.
2024-02-28 14:07:14,553 WARNING:main.py:418:setup_molecule:Multiple occupancies found: CD2 in HIS A 180.
2024-02-28 14:07:14,553 WARNING:main.py:418:setup_molecule:Multiple occupancies found: CE1 in HIS A 180.
2024-02-28 14:07:14,553 WARNING:main.py:418:setup_molecule:Multiple occupancies found: NE2 in HIS A 180.
2024-02-28 14:07:14,553 WARNING:main.py:424:setup_molecule:Multiple occupancies found in HIS A 180. At least one of the instances is being ignored.
2024-02-28 14:07:14,553 WARNING:main.py:418:setup_molecule:Multiple occupancies found: CB in GLN A 234.
2024-02-28 14:07:14,553 WARNING:main.py:418:setup_molecule:Multiple occupancies found: CG in GLN A 234.
2024-02-28 14:07:14,553 WARNING:main.py:418:setup_molecule:Multiple occupancies found: CD in GLN A 234.
2024-02-28 14:07:14,553 WARNING:main.py:418:setup_molecule:Multiple occupancies found: OE1 in GLN A 234.
2024-02-28 14:07:14,554 WARNING:main.py:418:setup_molecule:Multiple occupancies found: NE2 in GLN A 234.
2024-02-28 14:07:14,554 WARNING:main.py:424:setup_molecule:Multiple occupancies found in GLN A 234. At least one of the instances is being ignored.
2024-02-28 14:07:14,566 WARNING:biomolecule.py:157:num_missing_heavy:Missing atom CD in residue GLU A 79
2024-02-28 14:07:14,567 WARNING:biomolecule.py:157:num_missing_heavy:Missing atom OE1 in residue GLU A 79
2024-02-28 14:07:14,567 WARNING:biomolecule.py:157:num_missing_heavy:Missing atom OE2 in residue GLU A 79
2024-02-28 14:07:14,567 WARNING:biomolecule.py:157:num_missing_heavy:Missing atom OXT in residue GLU A 239
2024-02-28 14:07:14,568 WARNING:biomolecule.py:157:num_missing_heavy:Missing atom CD in residue GLU A 79
2024-02-28 14:07:14,568 WARNING:biomolecule.py:157:num_missing_heavy:Missing atom OE1 in residue GLU A 79
2024-02-28 14:07:14,568 WARNING:biomolecule.py:157:num_missing_heavy:Missing atom OE2 in residue GLU A 79
2024-02-28 14:07:14,568 WARNING:biomolecule.py:157:num_missing_heavy:Missing atom OXT in residue GLU A 239
2024-02-28 14:07:14,569 WARNING:biomolecule.py:157:num_missing_heavy:Missing atom CD in residue GLU A 79
2024-02-28 14:07:14,569 WARNING:biomolecule.py:157:num_missing_heavy:Missing atom OE1 in residue GLU A 79
2024-02-28 14:07:14,569 WARNING:biomolecule.py:157:num_missing_heavy:Missing atom OE2 in residue GLU A 79
2024-02-28 14:07:14,570 WARNING:biomolecule.py:157:num_missing_heavy:Missing atom OXT in residue GLU A 239
2024-02-28 14:07:15,624 WARNING:debump.py:172:debump_biomolecule:WARNING: Unable to debump GLN A 234
2024-02-28 14:07:15,712 WARNING:main.py:311:print_pqr:Ignoring 1537 header lines in output.
2024-02-28 14:07:15,712 WARNING:main.py:315:print_pqr:Ignoring 25 missing lines in output.
2024-02-28 14:58:32,204 WARNING:biomolecule.py:992:create_residue:Unable to find amino or nucleic acid definition for BGC.  Parsing as new residue.
2024-02-28 14:58:32,204 WARNING:biomolecule.py:992:create_residue:Unable to find amino or nucleic acid definition for GAL.  Parsing as new residue.
2024-02-28 14:58:32,205 WARNING:biomolecule.py:992:create_residue:Unable to find amino or nucleic acid definition for MN.  Parsing as new residue.
2024-02-28 14:58:32,205 WARNING:biomolecule.py:992:create_residue:Unable to find amino or nucleic acid definition for CA.  Parsing as new residue.
2024-02-28 14:58:32,205 WARNING:main.py:418:setup_molecule:Multiple occupancies found: CB in SER A 9.
2024-02-28 14:58:32,205 WARNING:main.py:418:setup_molecule:Multiple occupancies found: OG in SER A 9.
2024-02-28 14:58:32,205 WARNING:main.py:424:setup_molecule:Multiple occupancies found in SER A 9. At least one of the instances is being ignored.
2024-02-28 14:58:32,205 WARNING:main.py:418:setup_molecule:Multiple occupancies found: CB in GLU A 10.
2024-02-28 14:58:32,205 WARNING:main.py:418:setup_molecule:Multiple occupancies found: CG in GLU A 10.
2024-02-28 14:58:32,205 WARNING:main.py:418:setup_molecule:Multiple occupancies found: CD in GLU A 10.
2024-02-28 14:58:32,205 WARNING:main.py:418:setup_molecule:Multiple occupancies found: OE1 in GLU A 10.
2024-02-28 14:58:32,205 WARNING:main.py:418:setup_molecule:Multiple occupancies found: OE2 in GLU A 10.
2024-02-28 14:58:32,205 WARNING:main.py:424:setup_molecule:Multiple occupancies found in GLU A 10. At least one of the instances is being ignored.
2024-02-28 14:58:32,205 WARNING:main.py:418:setup_molecule:Multiple occupancies found: CB in GLU A 12.
2024-02-28 14:58:32,205 WARNING:main.py:418:setup_molecule:Multiple occupancies found: CG in GLU A 12.
2024-02-28 14:58:32,205 WARNING:main.py:418:setup_molecule:Multiple occupancies found: CD in GLU A 12.
2024-02-28 14:58:32,205 WARNING:main.py:418:setup_molecule:Multiple occupancies found: OE1 in GLU A 12.
2024-02-28 14:58:32,205 WARNING:main.py:418:setup_molecule:Multiple occupancies found: OE2 in GLU A 12.
2024-02-28 14:58:32,205 WARNING:main.py:424:setup_molecule:Multiple occupancies found in GLU A 12. At least one of the instances is being ignored.
2024-02-28 14:58:32,206 WARNING:main.py:418:setup_molecule:Multiple occupancies found: CB in MET A 95.
2024-02-28 14:58:32,206 WARNING:main.py:418:setup_molecule:Multiple occupancies found: CG in MET A 95.
2024-02-28 14:58:32,206 WARNING:main.py:418:setup_molecule:Multiple occupancies found: SD in MET A 95.
2024-02-28 14:58:32,206 WARNING:main.py:418:setup_molecule:Multiple occupancies found: CE in MET A 95.
2024-02-28 14:58:32,206 WARNING:main.py:424:setup_molecule:Multiple occupancies found in MET A 95. At least one of the instances is being ignored.
2024-02-28 14:58:32,206 WARNING:main.py:418:setup_molecule:Multiple occupancies found: CB in GLN A 159.
2024-02-28 14:58:32,206 WARNING:main.py:418:setup_molecule:Multiple occupancies found: CG in GLN A 159.
2024-02-28 14:58:32,206 WARNING:main.py:418:setup_molecule:Multiple occupancies found: CD in GLN A 159.
2024-02-28 14:58:32,206 WARNING:main.py:418:setup_molecule:Multiple occupancies found: OE1 in GLN A 159.
2024-02-28 14:58:32,206 WARNING:main.py:418:setup_molecule:Multiple occupancies found: NE2 in GLN A 159.
2024-02-28 14:58:32,206 WARNING:main.py:424:setup_molecule:Multiple occupancies found in GLN A 159. At least one of the instances is being ignored.
2024-02-28 14:58:32,206 WARNING:main.py:418:setup_molecule:Multiple occupancies found: CB in ASP A 173.
2024-02-28 14:58:32,206 WARNING:main.py:418:setup_molecule:Multiple occupancies found: CG in ASP A 173.
2024-02-28 14:58:32,206 WARNING:main.py:418:setup_molecule:Multiple occupancies found: OD1 in ASP A 173.
2024-02-28 14:58:32,206 WARNING:main.py:418:setup_molecule:Multiple occupancies found: OD2 in ASP A 173.
2024-02-28 14:58:32,206 WARNING:main.py:424:setup_molecule:Multiple occupancies found in ASP A 173. At least one of the instances is being ignored.
2024-02-28 14:58:32,206 WARNING:main.py:418:setup_molecule:Multiple occupancies found: CB in HIS A 180.
2024-02-28 14:58:32,206 WARNING:main.py:418:setup_molecule:Multiple occupancies found: CG in HIS A 180.
2024-02-28 14:58:32,206 WARNING:main.py:418:setup_molecule:Multiple occupancies found: ND1 in HIS A 180.
2024-02-28 14:58:32,206 WARNING:main.py:418:setup_molecule:Multiple occupancies found: CD2 in HIS A 180.
2024-02-28 14:58:32,206 WARNING:main.py:418:setup_molecule:Multiple occupancies found: CE1 in HIS A 180.
2024-02-28 14:58:32,206 WARNING:main.py:418:setup_molecule:Multiple occupancies found: NE2 in HIS A 180.
2024-02-28 14:58:32,206 WARNING:main.py:424:setup_molecule:Multiple occupancies found in HIS A 180. At least one of the instances is being ignored.
2024-02-28 14:58:32,206 WARNING:main.py:418:setup_molecule:Multiple occupancies found: CB in GLN A 234.
2024-02-28 14:58:32,206 WARNING:main.py:418:setup_molecule:Multiple occupancies found: CG in GLN A 234.
2024-02-28 14:58:32,206 WARNING:main.py:418:setup_molecule:Multiple occupancies found: CD in GLN A 234.
2024-02-28 14:58:32,206 WARNING:main.py:418:setup_molecule:Multiple occupancies found: OE1 in GLN A 234.
2024-02-28 14:58:32,206 WARNING:main.py:418:setup_molecule:Multiple occupancies found: NE2 in GLN A 234.
2024-02-28 14:58:32,206 WARNING:main.py:424:setup_molecule:Multiple occupancies found in GLN A 234. At least one of the instances is being ignored.
2024-02-28 14:58:32,238 WARNING:biomolecule.py:157:num_missing_heavy:Missing atom CD in residue GLU A 79
2024-02-28 14:58:32,238 WARNING:biomolecule.py:157:num_missing_heavy:Missing atom OE1 in residue GLU A 79
2024-02-28 14:58:32,238 WARNING:biomolecule.py:157:num_missing_heavy:Missing atom OE2 in residue GLU A 79
2024-02-28 14:58:32,238 WARNING:biomolecule.py:157:num_missing_heavy:Missing atom OXT in residue GLU A 239
2024-02-28 14:58:32,242 WARNING:biomolecule.py:157:num_missing_heavy:Missing atom CD in residue GLU A 79
2024-02-28 14:58:32,242 WARNING:biomolecule.py:157:num_missing_heavy:Missing atom OE1 in residue GLU A 79
2024-02-28 14:58:32,242 WARNING:biomolecule.py:157:num_missing_heavy:Missing atom OE2 in residue GLU A 79
2024-02-28 14:58:32,243 WARNING:biomolecule.py:157:num_missing_heavy:Missing atom OXT in residue GLU A 239
2024-02-28 14:58:32,243 WARNING:biomolecule.py:157:num_missing_heavy:Missing atom CD in residue GLU A 79
2024-02-28 14:58:32,243 WARNING:biomolecule.py:157:num_missing_heavy:Missing atom OE1 in residue GLU A 79
2024-02-28 14:58:32,243 WARNING:biomolecule.py:157:num_missing_heavy:Missing atom OE2 in residue GLU A 79
2024-02-28 14:58:32,244 WARNING:biomolecule.py:157:num_missing_heavy:Missing atom OXT in residue GLU A 239
2024-02-28 14:58:34,516 WARNING:debump.py:172:debump_biomolecule:WARNING: Unable to debump GLN A 234
2024-02-28 14:58:34,767 WARNING:main.py:311:print_pqr:Ignoring 1537 header lines in output.
2024-02-28 14:58:34,767 WARNING:main.py:315:print_pqr:Ignoring 25 missing lines in output.
