2024-02-28 14:07:16,786 WARNING:biomolecule.py:992:create_residue:Unable to find amino or nucleic acid definition for ORN.  Parsing as new residue.
2024-02-28 14:07:16,786 WARNING:biomolecule.py:992:create_residue:Unable to find amino or nucleic acid definition for ACT.  Parsing as new residue.
2024-02-28 14:07:16,786 WARNING:biomolecule.py:992:create_residue:Unable to find amino or nucleic acid definition for U1.  Parsing as new residue.
2024-02-28 14:07:16,786 WARNING:biomolecule.py:992:create_residue:Unable to find amino or nucleic acid definition for U1.  Parsing as new residue.
2024-02-28 14:07:16,786 WARNING:biomolecule.py:992:create_residue:Unable to find amino or nucleic acid definition for U1.  Parsing as new residue.
2024-02-28 14:07:16,787 WARNING:biomolecule.py:992:create_residue:Unable to find amino or nucleic acid definition for U1.  Parsing as new residue.
2024-02-28 14:07:16,787 WARNING:biomolecule.py:992:create_residue:Unable to find amino or nucleic acid definition for U1.  Parsing as new residue.
2024-02-28 14:07:16,787 WARNING:biomolecule.py:992:create_residue:Unable to find amino or nucleic acid definition for U1.  Parsing as new residue.
2024-02-28 14:07:16,787 WARNING:biomolecule.py:992:create_residue:Unable to find amino or nucleic acid definition for U1.  Parsing as new residue.
2024-02-28 14:07:16,787 WARNING:io.py:40:filter:Suppressing further "Unable to find amino or nucleic acid definition for" messages
2024-02-28 14:07:16,787 WARNING:main.py:418:setup_molecule:Multiple occupancies found: OG in SER A 21.
2024-02-28 14:07:16,787 WARNING:main.py:424:setup_molecule:Multiple occupancies found in SER A 21. At least one of the instances is being ignored.
2024-02-28 14:07:16,787 WARNING:main.py:418:setup_molecule:Multiple occupancies found: OG in SER A 57.
2024-02-28 14:07:16,787 WARNING:main.py:424:setup_molecule:Multiple occupancies found in SER A 57. At least one of the instances is being ignored.
2024-02-28 14:07:16,788 WARNING:main.py:418:setup_molecule:Multiple occupancies found: CG in ASP A 402.
2024-02-28 14:07:16,788 WARNING:main.py:418:setup_molecule:Multiple occupancies found: OD1 in ASP A 402.
2024-02-28 14:07:16,788 WARNING:main.py:418:setup_molecule:Multiple occupancies found: OD2 in ASP A 402.
2024-02-28 14:07:16,788 WARNING:main.py:424:setup_molecule:Multiple occupancies found in ASP A 402. At least one of the instances is being ignored.
2024-02-28 14:07:22,903 WARNING:main.py:311:print_pqr:Ignoring 1384 header lines in output.
2024-02-28 14:07:22,903 WARNING:main.py:315:print_pqr:Ignoring 20 missing lines in output.
