2024-02-28 14:07:17,372 WARNING:biomolecule.py:992:create_residue:Unable to find amino or nucleic acid definition for SO4.  Parsing as new residue.
2024-02-28 14:07:17,381 WARNING:biomolecule.py:992:create_residue:Unable to find amino or nucleic acid definition for SO4.  Parsing as new residue.
2024-02-28 14:07:17,381 WARNING:biomolecule.py:992:create_residue:Unable to find amino or nucleic acid definition for SO4.  Parsing as new residue.
2024-02-28 14:07:17,381 WARNING:biomolecule.py:992:create_residue:Unable to find amino or nucleic acid definition for SO4.  Parsing as new residue.
2024-02-28 14:07:17,381 WARNING:biomolecule.py:992:create_residue:Unable to find amino or nucleic acid definition for SO4.  Parsing as new residue.
2024-02-28 14:07:17,382 WARNING:biomolecule.py:992:create_residue:Unable to find amino or nucleic acid definition for KAI.  Parsing as new residue.
2024-02-28 14:07:17,382 WARNING:main.py:418:setup_molecule:Multiple occupancies found: N in ILE A 40.
2024-02-28 14:07:17,382 WARNING:main.py:418:setup_molecule:Multiple occupancies found: CA in ILE A 40.
2024-02-28 14:07:17,382 WARNING:main.py:418:setup_molecule:Multiple occupancies found: C in ILE A 40.
2024-02-28 14:07:17,382 WARNING:main.py:418:setup_molecule:Multiple occupancies found: O in ILE A 40.
2024-02-28 14:07:17,382 WARNING:main.py:418:setup_molecule:Multiple occupancies found: CB in ILE A 40.
2024-02-28 14:07:17,382 WARNING:main.py:418:setup_molecule:Multiple occupancies found: CG1 in ILE A 40.
2024-02-28 14:07:17,382 WARNING:main.py:418:setup_molecule:Multiple occupancies found: CG2 in ILE A 40.
2024-02-28 14:07:17,382 WARNING:main.py:418:setup_molecule:Multiple occupancies found: CD1 in ILE A 40.
2024-02-28 14:07:17,382 WARNING:main.py:424:setup_molecule:Multiple occupancies found in ILE A 40. At least one of the instances is being ignored.
2024-02-28 14:07:17,382 WARNING:main.py:418:setup_molecule:Multiple occupancies found: N in SER A 105.
2024-02-28 14:07:17,382 WARNING:main.py:418:setup_molecule:Multiple occupancies found: CA in SER A 105.
2024-02-28 14:07:17,382 WARNING:main.py:418:setup_molecule:Multiple occupancies found: C in SER A 105.
2024-02-28 14:07:17,382 WARNING:main.py:418:setup_molecule:Multiple occupancies found: O in SER A 105.
2024-02-28 14:07:17,382 WARNING:main.py:418:setup_molecule:Multiple occupancies found: CB in SER A 105.
2024-02-28 14:07:17,382 WARNING:main.py:418:setup_molecule:Multiple occupancies found: OG in SER A 105.
2024-02-28 14:07:17,382 WARNING:main.py:424:setup_molecule:Multiple occupancies found in SER A 105. At least one of the instances is being ignored.
2024-02-28 14:07:17,383 WARNING:main.py:418:setup_molecule:Multiple occupancies found: N in SER A 139.
2024-02-28 14:07:17,383 WARNING:main.py:418:setup_molecule:Multiple occupancies found: CA in SER A 139.
2024-02-28 14:07:17,383 WARNING:main.py:418:setup_molecule:Multiple occupancies found: C in SER A 139.
2024-02-28 14:07:17,383 WARNING:main.py:418:setup_molecule:Multiple occupancies found: O in SER A 139.
2024-02-28 14:07:17,383 WARNING:main.py:418:setup_molecule:Multiple occupancies found: CB in SER A 139.
2024-02-28 14:07:17,383 WARNING:main.py:418:setup_molecule:Multiple occupancies found: OG in SER A 139.
2024-02-28 14:07:17,383 WARNING:main.py:424:setup_molecule:Multiple occupancies found in SER A 139. At least one of the instances is being ignored.
2024-02-28 14:07:17,383 WARNING:main.py:418:setup_molecule:Multiple occupancies found: N in SER A 214.
2024-02-28 14:07:17,383 WARNING:main.py:418:setup_molecule:Multiple occupancies found: CA in SER A 214.
2024-02-28 14:07:17,383 WARNING:main.py:418:setup_molecule:Multiple occupancies found: C in SER A 214.
2024-02-28 14:07:17,383 WARNING:main.py:418:setup_molecule:Multiple occupancies found: O in SER A 214.
2024-02-28 14:07:17,383 WARNING:main.py:418:setup_molecule:Multiple occupancies found: CB in SER A 214.
2024-02-28 14:07:17,383 WARNING:main.py:418:setup_molecule:Multiple occupancies found: OG in SER A 214.
2024-02-28 14:07:17,383 WARNING:main.py:424:setup_molecule:Multiple occupancies found in SER A 214. At least one of the instances is being ignored.
2024-02-28 14:07:17,383 WARNING:main.py:418:setup_molecule:Multiple occupancies found: N in VAL A 231.
2024-02-28 14:07:17,383 WARNING:main.py:418:setup_molecule:Multiple occupancies found: CA in VAL A 231.
2024-02-28 14:07:17,383 WARNING:main.py:418:setup_molecule:Multiple occupancies found: C in VAL A 231.
2024-02-28 14:07:17,383 WARNING:main.py:418:setup_molecule:Multiple occupancies found: O in VAL A 231.
2024-02-28 14:07:17,383 WARNING:main.py:418:setup_molecule:Multiple occupancies found: CB in VAL A 231.
2024-02-28 14:07:17,383 WARNING:main.py:418:setup_molecule:Multiple occupancies found: CG1 in VAL A 231.
2024-02-28 14:07:17,383 WARNING:main.py:418:setup_molecule:Multiple occupancies found: CG2 in VAL A 231.
2024-02-28 14:07:17,383 WARNING:main.py:424:setup_molecule:Multiple occupancies found in VAL A 231. At least one of the instances is being ignored.
2024-02-28 14:07:17,435 WARNING:biomolecule.py:157:num_missing_heavy:Missing atom OXT in residue GLY A 259
2024-02-28 14:07:17,436 WARNING:biomolecule.py:157:num_missing_heavy:Missing atom OXT in residue GLY A 259
2024-02-28 14:07:17,437 WARNING:biomolecule.py:157:num_missing_heavy:Missing atom OXT in residue GLY A 259
2024-02-28 14:07:20,413 WARNING:main.py:311:print_pqr:Ignoring 2118 header lines in output.
2024-02-28 14:07:20,413 WARNING:main.py:315:print_pqr:Ignoring 40 missing lines in output.
