2024-02-28 14:07:17,993 WARNING:biomolecule.py:992:create_residue:Unable to find amino or nucleic acid definition for HYF.  Parsing as new residue.
2024-02-28 14:07:18,386 WARNING:main.py:418:setup_molecule:Multiple occupancies found: N in CYS A 284.
2024-02-28 14:07:18,386 WARNING:main.py:418:setup_molecule:Multiple occupancies found: CA in CYS A 284.
2024-02-28 14:07:18,386 WARNING:main.py:418:setup_molecule:Multiple occupancies found: C in CYS A 284.
2024-02-28 14:07:18,386 WARNING:main.py:418:setup_molecule:Multiple occupancies found: O in CYS A 284.
2024-02-28 14:07:18,386 WARNING:main.py:418:setup_molecule:Multiple occupancies found: CB in CYS A 284.
2024-02-28 14:07:18,386 WARNING:main.py:418:setup_molecule:Multiple occupancies found: SG in CYS A 284.
2024-02-28 14:07:18,386 WARNING:main.py:424:setup_molecule:Multiple occupancies found in CYS A 284. At least one of the instances is being ignored.
2024-02-28 14:07:18,392 WARNING:biomolecule.py:615:update_bonds:Gap in backbone detected between VAL A 177 and LYS A 198!
2024-02-28 14:07:18,450 WARNING:biomolecule.py:157:num_missing_heavy:Missing atom CG in residue GLU A 146
2024-02-28 14:07:18,451 WARNING:biomolecule.py:157:num_missing_heavy:Missing atom CD in residue GLU A 146
2024-02-28 14:07:18,451 WARNING:biomolecule.py:157:num_missing_heavy:Missing atom OE1 in residue GLU A 146
2024-02-28 14:07:18,451 WARNING:biomolecule.py:157:num_missing_heavy:Missing atom OE2 in residue GLU A 146
2024-02-28 14:07:18,451 WARNING:biomolecule.py:157:num_missing_heavy:Missing atom CD in residue LYS A 170
2024-02-28 14:07:18,451 WARNING:biomolecule.py:157:num_missing_heavy:Missing atom CE in residue LYS A 170
2024-02-28 14:07:18,451 WARNING:biomolecule.py:157:num_missing_heavy:Missing atom NZ in residue LYS A 170
2024-02-28 14:07:18,451 WARNING:biomolecule.py:157:num_missing_heavy:Missing atom CG1 in residue VAL A 177
2024-02-28 14:07:18,451 WARNING:biomolecule.py:157:num_missing_heavy:Missing atom CG2 in residue VAL A 177
2024-02-28 14:07:18,451 WARNING:biomolecule.py:157:num_missing_heavy:Missing atom CG in residue LYS A 198
2024-02-28 14:07:18,451 WARNING:biomolecule.py:157:num_missing_heavy:Missing atom CD in residue LYS A 198
2024-02-28 14:07:18,451 WARNING:biomolecule.py:157:num_missing_heavy:Missing atom CE in residue LYS A 198
2024-02-28 14:07:18,451 WARNING:biomolecule.py:157:num_missing_heavy:Missing atom NZ in residue LYS A 198
2024-02-28 14:07:18,451 WARNING:biomolecule.py:157:num_missing_heavy:Missing atom CG in residue TRP A 199
2024-02-28 14:07:18,451 WARNING:biomolecule.py:157:num_missing_heavy:Missing atom CD1 in residue TRP A 199
2024-02-28 14:07:18,451 WARNING:biomolecule.py:157:num_missing_heavy:Missing atom CD2 in residue TRP A 199
2024-02-28 14:07:18,451 WARNING:biomolecule.py:157:num_missing_heavy:Missing atom NE1 in residue TRP A 199
2024-02-28 14:07:18,451 WARNING:biomolecule.py:157:num_missing_heavy:Missing atom CE2 in residue TRP A 199
2024-02-28 14:07:18,451 WARNING:biomolecule.py:157:num_missing_heavy:Missing atom CE3 in residue TRP A 199
2024-02-28 14:07:18,451 WARNING:biomolecule.py:157:num_missing_heavy:Missing atom CZ2 in residue TRP A 199
2024-02-28 14:07:18,451 WARNING:biomolecule.py:157:num_missing_heavy:Missing atom CZ3 in residue TRP A 199
2024-02-28 14:07:18,451 WARNING:biomolecule.py:157:num_missing_heavy:Missing atom CH2 in residue TRP A 199
2024-02-28 14:07:18,451 WARNING:biomolecule.py:157:num_missing_heavy:Missing atom OG in residue SER A 200
2024-02-28 14:07:18,452 WARNING:biomolecule.py:157:num_missing_heavy:Missing atom CG in residue GLN A 201
2024-02-28 14:07:18,452 WARNING:biomolecule.py:157:num_missing_heavy:Missing atom CD in residue GLN A 201
2024-02-28 14:07:18,452 WARNING:biomolecule.py:157:num_missing_heavy:Missing atom OE1 in residue GLN A 201
2024-02-28 14:07:18,452 WARNING:biomolecule.py:157:num_missing_heavy:Missing atom NE2 in residue GLN A 201
2024-02-28 14:07:18,452 WARNING:biomolecule.py:157:num_missing_heavy:Missing atom CG1 in residue VAL A 202
2024-02-28 14:07:18,452 WARNING:biomolecule.py:157:num_missing_heavy:Missing atom CG2 in residue VAL A 202
2024-02-28 14:07:18,452 WARNING:biomolecule.py:157:num_missing_heavy:Missing atom CG in residue ARG A 203
2024-02-28 14:07:18,452 WARNING:biomolecule.py:157:num_missing_heavy:Missing atom CD in residue ARG A 203
2024-02-28 14:07:18,452 WARNING:biomolecule.py:157:num_missing_heavy:Missing atom NE in residue ARG A 203
2024-02-28 14:07:18,452 WARNING:biomolecule.py:157:num_missing_heavy:Missing atom CZ in residue ARG A 203
2024-02-28 14:07:18,452 WARNING:biomolecule.py:157:num_missing_heavy:Missing atom NH1 in residue ARG A 203
2024-02-28 14:07:18,452 WARNING:biomolecule.py:157:num_missing_heavy:Missing atom NH2 in residue ARG A 203
2024-02-28 14:07:18,452 WARNING:biomolecule.py:157:num_missing_heavy:Missing atom CG in residue LYS A 204
2024-02-28 14:07:18,452 WARNING:biomolecule.py:157:num_missing_heavy:Missing atom CD in residue LYS A 204
2024-02-28 14:07:18,452 WARNING:biomolecule.py:157:num_missing_heavy:Missing atom CE in residue LYS A 204
2024-02-28 14:07:18,452 WARNING:biomolecule.py:157:num_missing_heavy:Missing atom NZ in residue LYS A 204
2024-02-28 14:07:18,452 WARNING:biomolecule.py:157:num_missing_heavy:Missing atom SG in residue CYS A 207
2024-02-28 14:07:18,452 WARNING:biomolecule.py:157:num_missing_heavy:Missing atom CG in residue GLU A 218
2024-02-28 14:07:18,452 WARNING:biomolecule.py:157:num_missing_heavy:Missing atom CD in residue GLU A 218
2024-02-28 14:07:18,452 WARNING:biomolecule.py:157:num_missing_heavy:Missing atom OE1 in residue GLU A 218
2024-02-28 14:07:18,452 WARNING:biomolecule.py:157:num_missing_heavy:Missing atom OE2 in residue GLU A 218
2024-02-28 14:07:18,452 WARNING:biomolecule.py:157:num_missing_heavy:Missing atom CD in residue LYS A 226
2024-02-28 14:07:18,452 WARNING:biomolecule.py:157:num_missing_heavy:Missing atom CE in residue LYS A 226
2024-02-28 14:07:18,452 WARNING:biomolecule.py:157:num_missing_heavy:Missing atom NZ in residue LYS A 226
2024-02-28 14:07:18,452 WARNING:biomolecule.py:157:num_missing_heavy:Missing atom OG in residue SER A 231
2024-02-28 14:07:18,452 WARNING:biomolecule.py:157:num_missing_heavy:Missing atom CG in residue LYS A 234
2024-02-28 14:07:18,452 WARNING:biomolecule.py:157:num_missing_heavy:Missing atom CD in residue LYS A 234
2024-02-28 14:07:18,452 WARNING:biomolecule.py:157:num_missing_heavy:Missing atom CE in residue LYS A 234
2024-02-28 14:07:18,453 WARNING:biomolecule.py:157:num_missing_heavy:Missing atom NZ in residue LYS A 234
2024-02-28 14:07:18,453 WARNING:biomolecule.py:157:num_missing_heavy:Missing atom CG in residue GLU A 235
2024-02-28 14:07:18,453 WARNING:biomolecule.py:157:num_missing_heavy:Missing atom CD in residue GLU A 235
2024-02-28 14:07:18,453 WARNING:biomolecule.py:157:num_missing_heavy:Missing atom OE1 in residue GLU A 235
2024-02-28 14:07:18,453 WARNING:biomolecule.py:157:num_missing_heavy:Missing atom OE2 in residue GLU A 235
2024-02-28 14:07:18,453 WARNING:biomolecule.py:157:num_missing_heavy:Missing atom CG in residue ASP A 310
2024-02-28 14:07:18,453 WARNING:biomolecule.py:157:num_missing_heavy:Missing atom OD1 in residue ASP A 310
2024-02-28 14:07:18,453 WARNING:biomolecule.py:157:num_missing_heavy:Missing atom OD2 in residue ASP A 310
2024-02-28 14:07:18,453 WARNING:biomolecule.py:157:num_missing_heavy:Missing atom OG1 in residue THR A 311
2024-02-28 14:07:18,453 WARNING:biomolecule.py:157:num_missing_heavy:Missing atom CG2 in residue THR A 311
2024-02-28 14:07:18,453 WARNING:biomolecule.py:157:num_missing_heavy:Missing atom CG in residue PHE A 315
2024-02-28 14:07:18,453 WARNING:biomolecule.py:157:num_missing_heavy:Missing atom CD1 in residue PHE A 315
2024-02-28 14:07:18,453 WARNING:biomolecule.py:157:num_missing_heavy:Missing atom CD2 in residue PHE A 315
2024-02-28 14:07:18,453 WARNING:biomolecule.py:157:num_missing_heavy:Missing atom CE1 in residue PHE A 315
2024-02-28 14:07:18,453 WARNING:biomolecule.py:157:num_missing_heavy:Missing atom CE2 in residue PHE A 315
2024-02-28 14:07:18,453 WARNING:biomolecule.py:157:num_missing_heavy:Missing atom CZ in residue PHE A 315
2024-02-28 14:07:18,453 WARNING:biomolecule.py:157:num_missing_heavy:Missing atom CG in residue GLN A 316
2024-02-28 14:07:18,453 WARNING:biomolecule.py:157:num_missing_heavy:Missing atom CD in residue GLN A 316
2024-02-28 14:07:18,453 WARNING:biomolecule.py:157:num_missing_heavy:Missing atom OE1 in residue GLN A 316
2024-02-28 14:07:18,453 WARNING:biomolecule.py:157:num_missing_heavy:Missing atom NE2 in residue GLN A 316
2024-02-28 14:07:18,454 WARNING:biomolecule.py:157:num_missing_heavy:Missing atom CG in residue GLN A 317
2024-02-28 14:07:18,454 WARNING:biomolecule.py:157:num_missing_heavy:Missing atom CD in residue GLN A 317
2024-02-28 14:07:18,454 WARNING:biomolecule.py:157:num_missing_heavy:Missing atom OE1 in residue GLN A 317
2024-02-28 14:07:18,454 WARNING:biomolecule.py:157:num_missing_heavy:Missing atom NE2 in residue GLN A 317
2024-02-28 14:07:18,454 WARNING:biomolecule.py:157:num_missing_heavy:Missing atom CD in residue LYS A 332
2024-02-28 14:07:18,454 WARNING:biomolecule.py:157:num_missing_heavy:Missing atom CE in residue LYS A 332
2024-02-28 14:07:18,454 WARNING:biomolecule.py:157:num_missing_heavy:Missing atom NZ in residue LYS A 332
2024-02-28 14:07:18,454 WARNING:biomolecule.py:157:num_missing_heavy:Missing atom OXT in residue SER A 434
2024-02-28 14:07:18,454 WARNING:biomolecule.py:157:num_missing_heavy:Missing atom CG in residue GLU A 146
2024-02-28 14:07:18,454 WARNING:biomolecule.py:157:num_missing_heavy:Missing atom CD in residue GLU A 146
2024-02-28 14:07:18,454 WARNING:biomolecule.py:157:num_missing_heavy:Missing atom OE1 in residue GLU A 146
2024-02-28 14:07:18,454 WARNING:biomolecule.py:157:num_missing_heavy:Missing atom OE2 in residue GLU A 146
2024-02-28 14:07:18,454 WARNING:biomolecule.py:157:num_missing_heavy:Missing atom CD in residue LYS A 170
2024-02-28 14:07:18,455 WARNING:biomolecule.py:157:num_missing_heavy:Missing atom CE in residue LYS A 170
2024-02-28 14:07:18,455 WARNING:biomolecule.py:157:num_missing_heavy:Missing atom NZ in residue LYS A 170
2024-02-28 14:07:18,455 WARNING:biomolecule.py:157:num_missing_heavy:Missing atom CG1 in residue VAL A 177
2024-02-28 14:07:18,455 WARNING:biomolecule.py:157:num_missing_heavy:Missing atom CG2 in residue VAL A 177
2024-02-28 14:07:18,455 WARNING:biomolecule.py:157:num_missing_heavy:Missing atom CG in residue LYS A 198
2024-02-28 14:07:18,455 WARNING:biomolecule.py:157:num_missing_heavy:Missing atom CD in residue LYS A 198
2024-02-28 14:07:18,455 WARNING:biomolecule.py:157:num_missing_heavy:Missing atom CE in residue LYS A 198
2024-02-28 14:07:18,455 WARNING:biomolecule.py:157:num_missing_heavy:Missing atom NZ in residue LYS A 198
2024-02-28 14:07:18,455 WARNING:biomolecule.py:157:num_missing_heavy:Missing atom CG in residue TRP A 199
2024-02-28 14:07:18,455 WARNING:biomolecule.py:157:num_missing_heavy:Missing atom CD1 in residue TRP A 199
2024-02-28 14:07:18,455 WARNING:biomolecule.py:157:num_missing_heavy:Missing atom CD2 in residue TRP A 199
2024-02-28 14:07:18,455 WARNING:biomolecule.py:157:num_missing_heavy:Missing atom NE1 in residue TRP A 199
2024-02-28 14:07:18,455 WARNING:biomolecule.py:157:num_missing_heavy:Missing atom CE2 in residue TRP A 199
2024-02-28 14:07:18,455 WARNING:biomolecule.py:157:num_missing_heavy:Missing atom CE3 in residue TRP A 199
2024-02-28 14:07:18,455 WARNING:biomolecule.py:157:num_missing_heavy:Missing atom CZ2 in residue TRP A 199
2024-02-28 14:07:18,455 WARNING:biomolecule.py:157:num_missing_heavy:Missing atom CZ3 in residue TRP A 199
2024-02-28 14:07:18,455 WARNING:biomolecule.py:157:num_missing_heavy:Missing atom CH2 in residue TRP A 199
2024-02-28 14:07:18,455 WARNING:biomolecule.py:157:num_missing_heavy:Missing atom OG in residue SER A 200
2024-02-28 14:07:18,455 WARNING:biomolecule.py:157:num_missing_heavy:Missing atom CG in residue GLN A 201
2024-02-28 14:07:18,455 WARNING:biomolecule.py:157:num_missing_heavy:Missing atom CD in residue GLN A 201
2024-02-28 14:07:18,455 WARNING:biomolecule.py:157:num_missing_heavy:Missing atom OE1 in residue GLN A 201
2024-02-28 14:07:18,455 WARNING:biomolecule.py:157:num_missing_heavy:Missing atom NE2 in residue GLN A 201
2024-02-28 14:07:18,455 WARNING:biomolecule.py:157:num_missing_heavy:Missing atom CG1 in residue VAL A 202
2024-02-28 14:07:18,455 WARNING:biomolecule.py:157:num_missing_heavy:Missing atom CG2 in residue VAL A 202
2024-02-28 14:07:18,455 WARNING:biomolecule.py:157:num_missing_heavy:Missing atom CG in residue ARG A 203
2024-02-28 14:07:18,455 WARNING:biomolecule.py:157:num_missing_heavy:Missing atom CD in residue ARG A 203
2024-02-28 14:07:18,455 WARNING:biomolecule.py:157:num_missing_heavy:Missing atom NE in residue ARG A 203
2024-02-28 14:07:18,455 WARNING:biomolecule.py:157:num_missing_heavy:Missing atom CZ in residue ARG A 203
2024-02-28 14:07:18,455 WARNING:biomolecule.py:157:num_missing_heavy:Missing atom NH1 in residue ARG A 203
2024-02-28 14:07:18,455 WARNING:biomolecule.py:157:num_missing_heavy:Missing atom NH2 in residue ARG A 203
2024-02-28 14:07:18,455 WARNING:biomolecule.py:157:num_missing_heavy:Missing atom CG in residue LYS A 204
2024-02-28 14:07:18,456 WARNING:biomolecule.py:157:num_missing_heavy:Missing atom CD in residue LYS A 204
2024-02-28 14:07:18,456 WARNING:biomolecule.py:157:num_missing_heavy:Missing atom CE in residue LYS A 204
2024-02-28 14:07:18,456 WARNING:biomolecule.py:157:num_missing_heavy:Missing atom NZ in residue LYS A 204
2024-02-28 14:07:18,456 WARNING:biomolecule.py:157:num_missing_heavy:Missing atom SG in residue CYS A 207
2024-02-28 14:07:18,456 WARNING:biomolecule.py:157:num_missing_heavy:Missing atom CG in residue GLU A 218
2024-02-28 14:07:18,456 WARNING:biomolecule.py:157:num_missing_heavy:Missing atom CD in residue GLU A 218
2024-02-28 14:07:18,456 WARNING:biomolecule.py:157:num_missing_heavy:Missing atom OE1 in residue GLU A 218
2024-02-28 14:07:18,456 WARNING:biomolecule.py:157:num_missing_heavy:Missing atom OE2 in residue GLU A 218
2024-02-28 14:07:18,456 WARNING:biomolecule.py:157:num_missing_heavy:Missing atom CD in residue LYS A 226
2024-02-28 14:07:18,456 WARNING:biomolecule.py:157:num_missing_heavy:Missing atom CE in residue LYS A 226
2024-02-28 14:07:18,456 WARNING:biomolecule.py:157:num_missing_heavy:Missing atom NZ in residue LYS A 226
2024-02-28 14:07:18,456 WARNING:biomolecule.py:157:num_missing_heavy:Missing atom OG in residue SER A 231
2024-02-28 14:07:18,456 WARNING:biomolecule.py:157:num_missing_heavy:Missing atom CG in residue LYS A 234
2024-02-28 14:07:18,456 WARNING:biomolecule.py:157:num_missing_heavy:Missing atom CD in residue LYS A 234
2024-02-28 14:07:18,456 WARNING:biomolecule.py:157:num_missing_heavy:Missing atom CE in residue LYS A 234
2024-02-28 14:07:18,456 WARNING:biomolecule.py:157:num_missing_heavy:Missing atom NZ in residue LYS A 234
2024-02-28 14:07:18,456 WARNING:biomolecule.py:157:num_missing_heavy:Missing atom CG in residue GLU A 235
2024-02-28 14:07:18,456 WARNING:biomolecule.py:157:num_missing_heavy:Missing atom CD in residue GLU A 235
2024-02-28 14:07:18,456 WARNING:biomolecule.py:157:num_missing_heavy:Missing atom OE1 in residue GLU A 235
2024-02-28 14:07:18,456 WARNING:biomolecule.py:157:num_missing_heavy:Missing atom OE2 in residue GLU A 235
2024-02-28 14:07:18,457 WARNING:biomolecule.py:157:num_missing_heavy:Missing atom CG in residue ASP A 310
2024-02-28 14:07:18,457 WARNING:biomolecule.py:157:num_missing_heavy:Missing atom OD1 in residue ASP A 310
2024-02-28 14:07:18,457 WARNING:biomolecule.py:157:num_missing_heavy:Missing atom OD2 in residue ASP A 310
2024-02-28 14:07:18,457 WARNING:biomolecule.py:157:num_missing_heavy:Missing atom OG1 in residue THR A 311
2024-02-28 14:07:18,457 WARNING:biomolecule.py:157:num_missing_heavy:Missing atom CG2 in residue THR A 311
2024-02-28 14:07:18,457 WARNING:biomolecule.py:157:num_missing_heavy:Missing atom CG in residue PHE A 315
2024-02-28 14:07:18,457 WARNING:biomolecule.py:157:num_missing_heavy:Missing atom CD1 in residue PHE A 315
2024-02-28 14:07:18,457 WARNING:biomolecule.py:157:num_missing_heavy:Missing atom CD2 in residue PHE A 315
2024-02-28 14:07:18,457 WARNING:biomolecule.py:157:num_missing_heavy:Missing atom CE1 in residue PHE A 315
2024-02-28 14:07:18,457 WARNING:biomolecule.py:157:num_missing_heavy:Missing atom CE2 in residue PHE A 315
2024-02-28 14:07:18,457 WARNING:biomolecule.py:157:num_missing_heavy:Missing atom CZ in residue PHE A 315
2024-02-28 14:07:18,457 WARNING:biomolecule.py:157:num_missing_heavy:Missing atom CG in residue GLN A 316
2024-02-28 14:07:18,457 WARNING:biomolecule.py:157:num_missing_heavy:Missing atom CD in residue GLN A 316
2024-02-28 14:07:18,457 WARNING:biomolecule.py:157:num_missing_heavy:Missing atom OE1 in residue GLN A 316
2024-02-28 14:07:18,457 WARNING:biomolecule.py:157:num_missing_heavy:Missing atom NE2 in residue GLN A 316
2024-02-28 14:07:18,457 WARNING:biomolecule.py:157:num_missing_heavy:Missing atom CG in residue GLN A 317
2024-02-28 14:07:18,457 WARNING:biomolecule.py:157:num_missing_heavy:Missing atom CD in residue GLN A 317
2024-02-28 14:07:18,457 WARNING:biomolecule.py:157:num_missing_heavy:Missing atom OE1 in residue GLN A 317
2024-02-28 14:07:18,457 WARNING:biomolecule.py:157:num_missing_heavy:Missing atom NE2 in residue GLN A 317
2024-02-28 14:07:18,457 WARNING:biomolecule.py:157:num_missing_heavy:Missing atom CD in residue LYS A 332
2024-02-28 14:07:18,457 WARNING:biomolecule.py:157:num_missing_heavy:Missing atom CE in residue LYS A 332
2024-02-28 14:07:18,457 WARNING:biomolecule.py:157:num_missing_heavy:Missing atom NZ in residue LYS A 332
2024-02-28 14:07:18,458 WARNING:biomolecule.py:157:num_missing_heavy:Missing atom OXT in residue SER A 434
2024-02-28 14:07:18,458 WARNING:biomolecule.py:157:num_missing_heavy:Missing atom CG in residue GLU A 146
2024-02-28 14:07:18,458 WARNING:biomolecule.py:157:num_missing_heavy:Missing atom CD in residue GLU A 146
2024-02-28 14:07:18,458 WARNING:biomolecule.py:157:num_missing_heavy:Missing atom OE1 in residue GLU A 146
2024-02-28 14:07:18,458 WARNING:biomolecule.py:157:num_missing_heavy:Missing atom OE2 in residue GLU A 146
2024-02-28 14:07:18,458 WARNING:biomolecule.py:157:num_missing_heavy:Missing atom CD in residue LYS A 170
2024-02-28 14:07:18,458 WARNING:biomolecule.py:157:num_missing_heavy:Missing atom CE in residue LYS A 170
2024-02-28 14:07:18,458 WARNING:biomolecule.py:157:num_missing_heavy:Missing atom NZ in residue LYS A 170
2024-02-28 14:07:18,458 WARNING:biomolecule.py:157:num_missing_heavy:Missing atom CG1 in residue VAL A 177
2024-02-28 14:07:18,458 WARNING:biomolecule.py:157:num_missing_heavy:Missing atom CG2 in residue VAL A 177
2024-02-28 14:07:18,458 WARNING:biomolecule.py:157:num_missing_heavy:Missing atom CG in residue LYS A 198
2024-02-28 14:07:18,458 WARNING:biomolecule.py:157:num_missing_heavy:Missing atom CD in residue LYS A 198
2024-02-28 14:07:18,458 WARNING:biomolecule.py:157:num_missing_heavy:Missing atom CE in residue LYS A 198
2024-02-28 14:07:18,458 WARNING:biomolecule.py:157:num_missing_heavy:Missing atom NZ in residue LYS A 198
2024-02-28 14:07:18,458 WARNING:biomolecule.py:157:num_missing_heavy:Missing atom CG in residue TRP A 199
2024-02-28 14:07:18,458 WARNING:biomolecule.py:157:num_missing_heavy:Missing atom CD1 in residue TRP A 199
2024-02-28 14:07:18,458 WARNING:biomolecule.py:157:num_missing_heavy:Missing atom CD2 in residue TRP A 199
2024-02-28 14:07:18,458 WARNING:biomolecule.py:157:num_missing_heavy:Missing atom NE1 in residue TRP A 199
2024-02-28 14:07:18,458 WARNING:biomolecule.py:157:num_missing_heavy:Missing atom CE2 in residue TRP A 199
2024-02-28 14:07:18,458 WARNING:biomolecule.py:157:num_missing_heavy:Missing atom CE3 in residue TRP A 199
2024-02-28 14:07:18,458 WARNING:biomolecule.py:157:num_missing_heavy:Missing atom CZ2 in residue TRP A 199
2024-02-28 14:07:18,458 WARNING:biomolecule.py:157:num_missing_heavy:Missing atom CZ3 in residue TRP A 199
2024-02-28 14:07:18,459 WARNING:biomolecule.py:157:num_missing_heavy:Missing atom CH2 in residue TRP A 199
2024-02-28 14:07:18,459 WARNING:biomolecule.py:157:num_missing_heavy:Missing atom OG in residue SER A 200
2024-02-28 14:07:18,459 WARNING:biomolecule.py:157:num_missing_heavy:Missing atom CG in residue GLN A 201
2024-02-28 14:07:18,459 WARNING:biomolecule.py:157:num_missing_heavy:Missing atom CD in residue GLN A 201
2024-02-28 14:07:18,459 WARNING:biomolecule.py:157:num_missing_heavy:Missing atom OE1 in residue GLN A 201
2024-02-28 14:07:18,459 WARNING:biomolecule.py:157:num_missing_heavy:Missing atom NE2 in residue GLN A 201
2024-02-28 14:07:18,459 WARNING:biomolecule.py:157:num_missing_heavy:Missing atom CG1 in residue VAL A 202
2024-02-28 14:07:18,459 WARNING:biomolecule.py:157:num_missing_heavy:Missing atom CG2 in residue VAL A 202
2024-02-28 14:07:18,459 WARNING:biomolecule.py:157:num_missing_heavy:Missing atom CG in residue ARG A 203
2024-02-28 14:07:18,459 WARNING:biomolecule.py:157:num_missing_heavy:Missing atom CD in residue ARG A 203
2024-02-28 14:07:18,459 WARNING:biomolecule.py:157:num_missing_heavy:Missing atom NE in residue ARG A 203
2024-02-28 14:07:18,459 WARNING:biomolecule.py:157:num_missing_heavy:Missing atom CZ in residue ARG A 203
2024-02-28 14:07:18,459 WARNING:biomolecule.py:157:num_missing_heavy:Missing atom NH1 in residue ARG A 203
2024-02-28 14:07:18,459 WARNING:biomolecule.py:157:num_missing_heavy:Missing atom NH2 in residue ARG A 203
2024-02-28 14:07:18,459 WARNING:biomolecule.py:157:num_missing_heavy:Missing atom CG in residue LYS A 204
2024-02-28 14:07:18,459 WARNING:biomolecule.py:157:num_missing_heavy:Missing atom CD in residue LYS A 204
2024-02-28 14:07:18,459 WARNING:biomolecule.py:157:num_missing_heavy:Missing atom CE in residue LYS A 204
2024-02-28 14:07:18,459 WARNING:biomolecule.py:157:num_missing_heavy:Missing atom NZ in residue LYS A 204
2024-02-28 14:07:18,459 WARNING:biomolecule.py:157:num_missing_heavy:Missing atom SG in residue CYS A 207
2024-02-28 14:07:18,459 WARNING:biomolecule.py:157:num_missing_heavy:Missing atom CG in residue GLU A 218
2024-02-28 14:07:18,459 WARNING:biomolecule.py:157:num_missing_heavy:Missing atom CD in residue GLU A 218
2024-02-28 14:07:18,459 WARNING:biomolecule.py:157:num_missing_heavy:Missing atom OE1 in residue GLU A 218
2024-02-28 14:07:18,459 WARNING:biomolecule.py:157:num_missing_heavy:Missing atom OE2 in residue GLU A 218
2024-02-28 14:07:18,459 WARNING:biomolecule.py:157:num_missing_heavy:Missing atom CD in residue LYS A 226
2024-02-28 14:07:18,459 WARNING:biomolecule.py:157:num_missing_heavy:Missing atom CE in residue LYS A 226
2024-02-28 14:07:18,459 WARNING:biomolecule.py:157:num_missing_heavy:Missing atom NZ in residue LYS A 226
2024-02-28 14:07:18,459 WARNING:biomolecule.py:157:num_missing_heavy:Missing atom OG in residue SER A 231
2024-02-28 14:07:18,460 WARNING:biomolecule.py:157:num_missing_heavy:Missing atom CG in residue LYS A 234
2024-02-28 14:07:18,460 WARNING:biomolecule.py:157:num_missing_heavy:Missing atom CD in residue LYS A 234
2024-02-28 14:07:18,460 WARNING:biomolecule.py:157:num_missing_heavy:Missing atom CE in residue LYS A 234
2024-02-28 14:07:18,460 WARNING:biomolecule.py:157:num_missing_heavy:Missing atom NZ in residue LYS A 234
2024-02-28 14:07:18,460 WARNING:biomolecule.py:157:num_missing_heavy:Missing atom CG in residue GLU A 235
2024-02-28 14:07:18,460 WARNING:biomolecule.py:157:num_missing_heavy:Missing atom CD in residue GLU A 235
2024-02-28 14:07:18,460 WARNING:biomolecule.py:157:num_missing_heavy:Missing atom OE1 in residue GLU A 235
2024-02-28 14:07:18,460 WARNING:biomolecule.py:157:num_missing_heavy:Missing atom OE2 in residue GLU A 235
2024-02-28 14:07:18,460 WARNING:biomolecule.py:157:num_missing_heavy:Missing atom CG in residue ASP A 310
2024-02-28 14:07:18,460 WARNING:biomolecule.py:157:num_missing_heavy:Missing atom OD1 in residue ASP A 310
2024-02-28 14:07:18,460 WARNING:biomolecule.py:157:num_missing_heavy:Missing atom OD2 in residue ASP A 310
2024-02-28 14:07:18,460 WARNING:biomolecule.py:157:num_missing_heavy:Missing atom OG1 in residue THR A 311
2024-02-28 14:07:18,460 WARNING:biomolecule.py:157:num_missing_heavy:Missing atom CG2 in residue THR A 311
2024-02-28 14:07:18,460 WARNING:biomolecule.py:157:num_missing_heavy:Missing atom CG in residue PHE A 315
2024-02-28 14:07:18,460 WARNING:biomolecule.py:157:num_missing_heavy:Missing atom CD1 in residue PHE A 315
2024-02-28 14:07:18,460 WARNING:biomolecule.py:157:num_missing_heavy:Missing atom CD2 in residue PHE A 315
2024-02-28 14:07:18,460 WARNING:biomolecule.py:157:num_missing_heavy:Missing atom CE1 in residue PHE A 315
2024-02-28 14:07:18,460 WARNING:biomolecule.py:157:num_missing_heavy:Missing atom CE2 in residue PHE A 315
2024-02-28 14:07:18,460 WARNING:biomolecule.py:157:num_missing_heavy:Missing atom CZ in residue PHE A 315
2024-02-28 14:07:18,460 WARNING:biomolecule.py:157:num_missing_heavy:Missing atom CG in residue GLN A 316
2024-02-28 14:07:18,460 WARNING:biomolecule.py:157:num_missing_heavy:Missing atom CD in residue GLN A 316
2024-02-28 14:07:18,460 WARNING:biomolecule.py:157:num_missing_heavy:Missing atom OE1 in residue GLN A 316
2024-02-28 14:07:18,461 WARNING:biomolecule.py:157:num_missing_heavy:Missing atom NE2 in residue GLN A 316
2024-02-28 14:07:18,461 WARNING:biomolecule.py:157:num_missing_heavy:Missing atom CG in residue GLN A 317
2024-02-28 14:07:18,461 WARNING:biomolecule.py:157:num_missing_heavy:Missing atom CD in residue GLN A 317
2024-02-28 14:07:18,461 WARNING:biomolecule.py:157:num_missing_heavy:Missing atom OE1 in residue GLN A 317
2024-02-28 14:07:18,461 WARNING:biomolecule.py:157:num_missing_heavy:Missing atom NE2 in residue GLN A 317
2024-02-28 14:07:18,461 WARNING:biomolecule.py:157:num_missing_heavy:Missing atom CD in residue LYS A 332
2024-02-28 14:07:18,461 WARNING:biomolecule.py:157:num_missing_heavy:Missing atom CE in residue LYS A 332
2024-02-28 14:07:18,461 WARNING:biomolecule.py:157:num_missing_heavy:Missing atom NZ in residue LYS A 332
2024-02-28 14:07:18,493 WARNING:biomolecule.py:157:num_missing_heavy:Missing atom OXT in residue SER A 434
2024-02-28 14:07:22,833 WARNING:main.py:311:print_pqr:Ignoring 2075 header lines in output.
2024-02-28 14:07:22,834 WARNING:main.py:315:print_pqr:Ignoring 39 missing lines in output.
