2024-02-28 14:06:48,487 WARNING:biomolecule.py:992:create_residue:Unable to find amino or nucleic acid definition for MYR.  Parsing as new residue.
2024-02-28 14:06:48,491 WARNING:biomolecule.py:992:create_residue:Unable to find amino or nucleic acid definition for MYR.  Parsing as new residue.
2024-02-28 14:06:48,492 WARNING:biomolecule.py:992:create_residue:Unable to find amino or nucleic acid definition for MYR.  Parsing as new residue.
2024-02-28 14:06:48,492 WARNING:biomolecule.py:992:create_residue:Unable to find amino or nucleic acid definition for MYR.  Parsing as new residue.
2024-02-28 14:06:48,492 WARNING:biomolecule.py:992:create_residue:Unable to find amino or nucleic acid definition for MYR.  Parsing as new residue.
2024-02-28 14:06:48,492 WARNING:biomolecule.py:992:create_residue:Unable to find amino or nucleic acid definition for MYR.  Parsing as new residue.
2024-02-28 14:06:48,492 WARNING:biomolecule.py:992:create_residue:Unable to find amino or nucleic acid definition for MYR.  Parsing as new residue.
2024-02-28 14:06:48,493 WARNING:biomolecule.py:992:create_residue:Unable to find amino or nucleic acid definition for T44.  Parsing as new residue.
2024-02-28 14:06:48,565 WARNING:biomolecule.py:157:num_missing_heavy:Missing atom CE in residue LYS A 41
2024-02-28 14:06:48,565 WARNING:biomolecule.py:157:num_missing_heavy:Missing atom NZ in residue LYS A 41
2024-02-28 14:06:48,565 WARNING:biomolecule.py:157:num_missing_heavy:Missing atom CG in residue GLU A 82
2024-02-28 14:06:48,565 WARNING:biomolecule.py:157:num_missing_heavy:Missing atom CD in residue GLU A 82
2024-02-28 14:06:48,565 WARNING:biomolecule.py:157:num_missing_heavy:Missing atom OE1 in residue GLU A 82
2024-02-28 14:06:48,565 WARNING:biomolecule.py:157:num_missing_heavy:Missing atom OE2 in residue GLU A 82
2024-02-28 14:06:48,565 WARNING:biomolecule.py:157:num_missing_heavy:Missing atom CG in residue ASP A 108
2024-02-28 14:06:48,565 WARNING:biomolecule.py:157:num_missing_heavy:Missing atom OD1 in residue ASP A 108
2024-02-28 14:06:48,566 WARNING:biomolecule.py:157:num_missing_heavy:Missing atom OD2 in residue ASP A 108
2024-02-28 14:06:48,566 WARNING:biomolecule.py:157:num_missing_heavy:Missing atom CG in residue ASN A 109
2024-02-28 14:06:48,566 WARNING:biomolecule.py:157:num_missing_heavy:Missing atom OD1 in residue ASN A 109
2024-02-28 14:06:48,566 WARNING:biomolecule.py:157:num_missing_heavy:Missing atom ND2 in residue ASN A 109
2024-02-28 14:06:48,566 WARNING:biomolecule.py:157:num_missing_heavy:Missing atom CG in residue GLN A 170
2024-02-28 14:06:48,566 WARNING:biomolecule.py:157:num_missing_heavy:Missing atom CD in residue GLN A 170
2024-02-28 14:06:48,566 WARNING:biomolecule.py:157:num_missing_heavy:Missing atom OE1 in residue GLN A 170
2024-02-28 14:06:48,566 WARNING:biomolecule.py:157:num_missing_heavy:Missing atom NE2 in residue GLN A 170
2024-02-28 14:06:48,566 WARNING:biomolecule.py:157:num_missing_heavy:Missing atom CG in residue ARG A 197
2024-02-28 14:06:48,566 WARNING:biomolecule.py:157:num_missing_heavy:Missing atom CD in residue ARG A 197
2024-02-28 14:06:48,566 WARNING:biomolecule.py:157:num_missing_heavy:Missing atom NE in residue ARG A 197
2024-02-28 14:06:48,566 WARNING:biomolecule.py:157:num_missing_heavy:Missing atom CZ in residue ARG A 197
2024-02-28 14:06:48,566 WARNING:biomolecule.py:157:num_missing_heavy:Missing atom NH1 in residue ARG A 197
2024-02-28 14:06:48,566 WARNING:biomolecule.py:157:num_missing_heavy:Missing atom NH2 in residue ARG A 197
2024-02-28 14:06:48,566 WARNING:biomolecule.py:157:num_missing_heavy:Missing atom CG in residue GLN A 204
2024-02-28 14:06:48,566 WARNING:biomolecule.py:157:num_missing_heavy:Missing atom CD in residue GLN A 204
2024-02-28 14:06:48,566 WARNING:biomolecule.py:157:num_missing_heavy:Missing atom OE1 in residue GLN A 204
2024-02-28 14:06:48,566 WARNING:biomolecule.py:157:num_missing_heavy:Missing atom NE2 in residue GLN A 204
2024-02-28 14:06:48,566 WARNING:biomolecule.py:157:num_missing_heavy:Missing atom CD in residue LYS A 240
2024-02-28 14:06:48,567 WARNING:biomolecule.py:157:num_missing_heavy:Missing atom CE in residue LYS A 240
2024-02-28 14:06:48,567 WARNING:biomolecule.py:157:num_missing_heavy:Missing atom NZ in residue LYS A 240
2024-02-28 14:06:48,567 WARNING:biomolecule.py:157:num_missing_heavy:Missing atom CD in residue GLU A 244
2024-02-28 14:06:48,567 WARNING:biomolecule.py:157:num_missing_heavy:Missing atom OE1 in residue GLU A 244
2024-02-28 14:06:48,567 WARNING:biomolecule.py:157:num_missing_heavy:Missing atom OE2 in residue GLU A 244
2024-02-28 14:06:48,567 WARNING:biomolecule.py:157:num_missing_heavy:Missing atom CG in residue LYS A 276
2024-02-28 14:06:48,567 WARNING:biomolecule.py:157:num_missing_heavy:Missing atom CD in residue LYS A 276
2024-02-28 14:06:48,567 WARNING:biomolecule.py:157:num_missing_heavy:Missing atom CE in residue LYS A 276
2024-02-28 14:06:48,567 WARNING:biomolecule.py:157:num_missing_heavy:Missing atom NZ in residue LYS A 276
2024-02-28 14:06:48,567 WARNING:biomolecule.py:157:num_missing_heavy:Missing atom CG in residue GLU A 277
2024-02-28 14:06:48,567 WARNING:biomolecule.py:157:num_missing_heavy:Missing atom CD in residue GLU A 277
2024-02-28 14:06:48,567 WARNING:biomolecule.py:157:num_missing_heavy:Missing atom OE1 in residue GLU A 277
2024-02-28 14:06:48,567 WARNING:biomolecule.py:157:num_missing_heavy:Missing atom OE2 in residue GLU A 277
2024-02-28 14:06:48,567 WARNING:biomolecule.py:157:num_missing_heavy:Missing atom CG in residue GLU A 280
2024-02-28 14:06:48,567 WARNING:biomolecule.py:157:num_missing_heavy:Missing atom CD in residue GLU A 280
2024-02-28 14:06:48,567 WARNING:biomolecule.py:157:num_missing_heavy:Missing atom OE1 in residue GLU A 280
2024-02-28 14:06:48,567 WARNING:biomolecule.py:157:num_missing_heavy:Missing atom OE2 in residue GLU A 280
2024-02-28 14:06:48,567 WARNING:biomolecule.py:157:num_missing_heavy:Missing atom CD in residue GLU A 292
2024-02-28 14:06:48,567 WARNING:biomolecule.py:157:num_missing_heavy:Missing atom OE1 in residue GLU A 292
2024-02-28 14:06:48,567 WARNING:biomolecule.py:157:num_missing_heavy:Missing atom OE2 in residue GLU A 292
2024-02-28 14:06:48,567 WARNING:biomolecule.py:157:num_missing_heavy:Missing atom CG in residue ASP A 301
2024-02-28 14:06:48,567 WARNING:biomolecule.py:157:num_missing_heavy:Missing atom OD1 in residue ASP A 301
2024-02-28 14:06:48,567 WARNING:biomolecule.py:157:num_missing_heavy:Missing atom OD2 in residue ASP A 301
2024-02-28 14:06:48,567 WARNING:biomolecule.py:157:num_missing_heavy:Missing atom CG in residue LYS A 313
2024-02-28 14:06:48,567 WARNING:biomolecule.py:157:num_missing_heavy:Missing atom CD in residue LYS A 313
2024-02-28 14:06:48,567 WARNING:biomolecule.py:157:num_missing_heavy:Missing atom CE in residue LYS A 313
2024-02-28 14:06:48,568 WARNING:biomolecule.py:157:num_missing_heavy:Missing atom NZ in residue LYS A 313
2024-02-28 14:06:48,568 WARNING:biomolecule.py:157:num_missing_heavy:Missing atom CG in residue LYS A 317
2024-02-28 14:06:48,568 WARNING:biomolecule.py:157:num_missing_heavy:Missing atom CD in residue LYS A 317
2024-02-28 14:06:48,568 WARNING:biomolecule.py:157:num_missing_heavy:Missing atom CE in residue LYS A 317
2024-02-28 14:06:48,568 WARNING:biomolecule.py:157:num_missing_heavy:Missing atom NZ in residue LYS A 317
2024-02-28 14:06:48,568 WARNING:biomolecule.py:157:num_missing_heavy:Missing atom CG in residue LYS A 359
2024-02-28 14:06:48,568 WARNING:biomolecule.py:157:num_missing_heavy:Missing atom CD in residue LYS A 359
2024-02-28 14:06:48,568 WARNING:biomolecule.py:157:num_missing_heavy:Missing atom CE in residue LYS A 359
2024-02-28 14:06:48,568 WARNING:biomolecule.py:157:num_missing_heavy:Missing atom NZ in residue LYS A 359
2024-02-28 14:06:48,568 WARNING:biomolecule.py:157:num_missing_heavy:Missing atom CG in residue GLU A 368
2024-02-28 14:06:48,568 WARNING:biomolecule.py:157:num_missing_heavy:Missing atom CD in residue GLU A 368
2024-02-28 14:06:48,568 WARNING:biomolecule.py:157:num_missing_heavy:Missing atom OE1 in residue GLU A 368
2024-02-28 14:06:48,568 WARNING:biomolecule.py:157:num_missing_heavy:Missing atom OE2 in residue GLU A 368
2024-02-28 14:06:48,568 WARNING:biomolecule.py:157:num_missing_heavy:Missing atom CG in residue LYS A 372
2024-02-28 14:06:48,568 WARNING:biomolecule.py:157:num_missing_heavy:Missing atom CD in residue LYS A 372
2024-02-28 14:06:48,568 WARNING:biomolecule.py:157:num_missing_heavy:Missing atom CE in residue LYS A 372
2024-02-28 14:06:48,568 WARNING:biomolecule.py:157:num_missing_heavy:Missing atom NZ in residue LYS A 372
2024-02-28 14:06:48,568 WARNING:biomolecule.py:157:num_missing_heavy:Missing atom CG in residue LYS A 389
2024-02-28 14:06:48,568 WARNING:biomolecule.py:157:num_missing_heavy:Missing atom CD in residue LYS A 389
2024-02-28 14:06:48,568 WARNING:biomolecule.py:157:num_missing_heavy:Missing atom CE in residue LYS A 389
2024-02-28 14:06:48,568 WARNING:biomolecule.py:157:num_missing_heavy:Missing atom NZ in residue LYS A 389
2024-02-28 14:06:48,568 WARNING:biomolecule.py:157:num_missing_heavy:Missing atom CD in residue LYS A 402
2024-02-28 14:06:48,568 WARNING:biomolecule.py:157:num_missing_heavy:Missing atom CE in residue LYS A 402
2024-02-28 14:06:48,568 WARNING:biomolecule.py:157:num_missing_heavy:Missing atom NZ in residue LYS A 402
2024-02-28 14:06:48,569 WARNING:biomolecule.py:157:num_missing_heavy:Missing atom CG in residue LYS A 439
2024-02-28 14:06:48,569 WARNING:biomolecule.py:157:num_missing_heavy:Missing atom CD in residue LYS A 439
2024-02-28 14:06:48,569 WARNING:biomolecule.py:157:num_missing_heavy:Missing atom CE in residue LYS A 439
2024-02-28 14:06:48,569 WARNING:biomolecule.py:157:num_missing_heavy:Missing atom NZ in residue LYS A 439
2024-02-28 14:06:48,569 WARNING:biomolecule.py:157:num_missing_heavy:Missing atom CD in residue LYS A 444
2024-02-28 14:06:48,569 WARNING:biomolecule.py:157:num_missing_heavy:Missing atom CE in residue LYS A 444
2024-02-28 14:06:48,569 WARNING:biomolecule.py:157:num_missing_heavy:Missing atom NZ in residue LYS A 444
2024-02-28 14:06:48,569 WARNING:biomolecule.py:157:num_missing_heavy:Missing atom CE in residue LYS A 466
2024-02-28 14:06:48,569 WARNING:biomolecule.py:157:num_missing_heavy:Missing atom NZ in residue LYS A 466
2024-02-28 14:06:48,594 WARNING:biomolecule.py:157:num_missing_heavy:Missing atom CG in residue GLU A 501
2024-02-28 14:06:48,594 WARNING:biomolecule.py:157:num_missing_heavy:Missing atom CD in residue GLU A 501
2024-02-28 14:06:48,594 WARNING:biomolecule.py:157:num_missing_heavy:Missing atom OE1 in residue GLU A 501
2024-02-28 14:06:48,594 WARNING:biomolecule.py:157:num_missing_heavy:Missing atom OE2 in residue GLU A 501
2024-02-28 14:06:48,594 WARNING:biomolecule.py:157:num_missing_heavy:Missing atom CG in residue GLU A 505
2024-02-28 14:06:48,594 WARNING:biomolecule.py:157:num_missing_heavy:Missing atom CD in residue GLU A 505
2024-02-28 14:06:48,594 WARNING:biomolecule.py:157:num_missing_heavy:Missing atom OE1 in residue GLU A 505
2024-02-28 14:06:48,594 WARNING:biomolecule.py:157:num_missing_heavy:Missing atom OE2 in residue GLU A 505
2024-02-28 14:06:48,594 WARNING:biomolecule.py:157:num_missing_heavy:Missing atom CG in residue LYS A 519
2024-02-28 14:06:48,597 WARNING:biomolecule.py:157:num_missing_heavy:Missing atom CD in residue LYS A 519
2024-02-28 14:06:48,597 WARNING:biomolecule.py:157:num_missing_heavy:Missing atom CE in residue LYS A 519
2024-02-28 14:06:48,597 WARNING:biomolecule.py:157:num_missing_heavy:Missing atom NZ in residue LYS A 519
2024-02-28 14:06:48,598 WARNING:biomolecule.py:157:num_missing_heavy:Missing atom CE in residue LYS A 524
2024-02-28 14:06:48,598 WARNING:biomolecule.py:157:num_missing_heavy:Missing atom NZ in residue LYS A 524
2024-02-28 14:06:48,600 WARNING:biomolecule.py:157:num_missing_heavy:Missing atom CD in residue LYS A 536
2024-02-28 14:06:48,600 WARNING:biomolecule.py:157:num_missing_heavy:Missing atom CE in residue LYS A 536
2024-02-28 14:06:48,601 WARNING:biomolecule.py:157:num_missing_heavy:Missing atom NZ in residue LYS A 536
2024-02-28 14:06:48,601 WARNING:biomolecule.py:157:num_missing_heavy:Missing atom CG in residue LYS A 541
2024-02-28 14:06:48,604 WARNING:biomolecule.py:157:num_missing_heavy:Missing atom CD in residue LYS A 541
2024-02-28 14:06:48,605 WARNING:biomolecule.py:157:num_missing_heavy:Missing atom CE in residue LYS A 541
2024-02-28 14:06:48,605 WARNING:biomolecule.py:157:num_missing_heavy:Missing atom NZ in residue LYS A 541
2024-02-28 14:06:48,607 WARNING:biomolecule.py:157:num_missing_heavy:Missing atom CG in residue ASP A 549
2024-02-28 14:06:48,614 WARNING:biomolecule.py:157:num_missing_heavy:Missing atom OD1 in residue ASP A 549
2024-02-28 14:06:48,614 WARNING:biomolecule.py:157:num_missing_heavy:Missing atom OD2 in residue ASP A 549
2024-02-28 14:06:48,615 WARNING:biomolecule.py:157:num_missing_heavy:Missing atom CG in residue GLU A 556
2024-02-28 14:06:48,616 WARNING:biomolecule.py:157:num_missing_heavy:Missing atom CD in residue GLU A 556
2024-02-28 14:06:48,616 WARNING:biomolecule.py:157:num_missing_heavy:Missing atom OE1 in residue GLU A 556
2024-02-28 14:06:48,617 WARNING:biomolecule.py:157:num_missing_heavy:Missing atom OE2 in residue GLU A 556
2024-02-28 14:06:48,617 WARNING:biomolecule.py:157:num_missing_heavy:Missing atom CD in residue LYS A 557
2024-02-28 14:06:48,619 WARNING:biomolecule.py:157:num_missing_heavy:Missing atom CE in residue LYS A 557
2024-02-28 14:06:48,619 WARNING:biomolecule.py:157:num_missing_heavy:Missing atom NZ in residue LYS A 557
2024-02-28 14:06:48,625 WARNING:biomolecule.py:157:num_missing_heavy:Missing atom CG in residue ASP A 562
2024-02-28 14:06:48,625 WARNING:biomolecule.py:157:num_missing_heavy:Missing atom OD1 in residue ASP A 562
2024-02-28 14:06:48,627 WARNING:biomolecule.py:157:num_missing_heavy:Missing atom OD2 in residue ASP A 562
2024-02-28 14:06:48,637 WARNING:biomolecule.py:157:num_missing_heavy:Missing atom CG in residue LYS A 564
2024-02-28 14:06:48,641 WARNING:biomolecule.py:157:num_missing_heavy:Missing atom CD in residue LYS A 564
2024-02-28 14:06:48,641 WARNING:biomolecule.py:157:num_missing_heavy:Missing atom CE in residue LYS A 564
2024-02-28 14:06:48,645 WARNING:biomolecule.py:157:num_missing_heavy:Missing atom NZ in residue LYS A 564
2024-02-28 14:06:48,645 WARNING:biomolecule.py:157:num_missing_heavy:Missing atom CG in residue PHE A 568
2024-02-28 14:06:48,646 WARNING:biomolecule.py:157:num_missing_heavy:Missing atom CD1 in residue PHE A 568
2024-02-28 14:06:48,647 WARNING:biomolecule.py:157:num_missing_heavy:Missing atom CD2 in residue PHE A 568
2024-02-28 14:06:48,648 WARNING:biomolecule.py:157:num_missing_heavy:Missing atom CE1 in residue PHE A 568
2024-02-28 14:06:48,649 WARNING:biomolecule.py:157:num_missing_heavy:Missing atom CE2 in residue PHE A 568
2024-02-28 14:06:48,649 WARNING:biomolecule.py:157:num_missing_heavy:Missing atom CZ in residue PHE A 568
2024-02-28 14:06:48,649 WARNING:biomolecule.py:157:num_missing_heavy:Missing atom CG in residue GLU A 570
2024-02-28 14:06:48,649 WARNING:biomolecule.py:157:num_missing_heavy:Missing atom CD in residue GLU A 570
2024-02-28 14:06:48,650 WARNING:biomolecule.py:157:num_missing_heavy:Missing atom OE1 in residue GLU A 570
2024-02-28 14:06:48,650 WARNING:biomolecule.py:157:num_missing_heavy:Missing atom OE2 in residue GLU A 570
2024-02-28 14:06:48,650 WARNING:biomolecule.py:157:num_missing_heavy:Missing atom CD in residue LYS A 573
2024-02-28 14:06:48,650 WARNING:biomolecule.py:157:num_missing_heavy:Missing atom CE in residue LYS A 573
2024-02-28 14:06:48,650 WARNING:biomolecule.py:157:num_missing_heavy:Missing atom NZ in residue LYS A 573
2024-02-28 14:06:48,650 WARNING:biomolecule.py:157:num_missing_heavy:Missing atom CD in residue GLN A 580
2024-02-28 14:06:48,650 WARNING:biomolecule.py:157:num_missing_heavy:Missing atom OE1 in residue GLN A 580
2024-02-28 14:06:48,650 WARNING:biomolecule.py:157:num_missing_heavy:Missing atom NE2 in residue GLN A 580
2024-02-28 14:06:48,650 WARNING:biomolecule.py:157:num_missing_heavy:Missing atom OXT in residue GLY A 584
2024-02-28 14:06:48,650 WARNING:biomolecule.py:157:num_missing_heavy:Missing atom CE in residue LYS A 41
2024-02-28 14:06:48,650 WARNING:biomolecule.py:157:num_missing_heavy:Missing atom NZ in residue LYS A 41
2024-02-28 14:06:48,650 WARNING:biomolecule.py:157:num_missing_heavy:Missing atom CG in residue GLU A 82
2024-02-28 14:06:48,650 WARNING:biomolecule.py:157:num_missing_heavy:Missing atom CD in residue GLU A 82
2024-02-28 14:06:48,650 WARNING:biomolecule.py:157:num_missing_heavy:Missing atom OE1 in residue GLU A 82
2024-02-28 14:06:48,651 WARNING:biomolecule.py:157:num_missing_heavy:Missing atom OE2 in residue GLU A 82
2024-02-28 14:06:48,651 WARNING:biomolecule.py:157:num_missing_heavy:Missing atom CG in residue ASP A 108
2024-02-28 14:06:48,651 WARNING:biomolecule.py:157:num_missing_heavy:Missing atom OD1 in residue ASP A 108
2024-02-28 14:06:48,651 WARNING:biomolecule.py:157:num_missing_heavy:Missing atom OD2 in residue ASP A 108
2024-02-28 14:06:48,651 WARNING:biomolecule.py:157:num_missing_heavy:Missing atom CG in residue ASN A 109
2024-02-28 14:06:48,651 WARNING:biomolecule.py:157:num_missing_heavy:Missing atom OD1 in residue ASN A 109
2024-02-28 14:06:48,651 WARNING:biomolecule.py:157:num_missing_heavy:Missing atom ND2 in residue ASN A 109
2024-02-28 14:06:48,651 WARNING:biomolecule.py:157:num_missing_heavy:Missing atom CG in residue GLN A 170
2024-02-28 14:06:48,651 WARNING:biomolecule.py:157:num_missing_heavy:Missing atom CD in residue GLN A 170
2024-02-28 14:06:48,651 WARNING:biomolecule.py:157:num_missing_heavy:Missing atom OE1 in residue GLN A 170
2024-02-28 14:06:48,651 WARNING:biomolecule.py:157:num_missing_heavy:Missing atom NE2 in residue GLN A 170
2024-02-28 14:06:48,651 WARNING:biomolecule.py:157:num_missing_heavy:Missing atom CG in residue ARG A 197
2024-02-28 14:06:48,651 WARNING:biomolecule.py:157:num_missing_heavy:Missing atom CD in residue ARG A 197
2024-02-28 14:06:48,651 WARNING:biomolecule.py:157:num_missing_heavy:Missing atom NE in residue ARG A 197
2024-02-28 14:06:48,652 WARNING:biomolecule.py:157:num_missing_heavy:Missing atom CZ in residue ARG A 197
2024-02-28 14:06:48,652 WARNING:biomolecule.py:157:num_missing_heavy:Missing atom NH1 in residue ARG A 197
2024-02-28 14:06:48,652 WARNING:biomolecule.py:157:num_missing_heavy:Missing atom NH2 in residue ARG A 197
2024-02-28 14:06:48,652 WARNING:biomolecule.py:157:num_missing_heavy:Missing atom CG in residue GLN A 204
2024-02-28 14:06:48,652 WARNING:biomolecule.py:157:num_missing_heavy:Missing atom CD in residue GLN A 204
2024-02-28 14:06:48,652 WARNING:biomolecule.py:157:num_missing_heavy:Missing atom OE1 in residue GLN A 204
2024-02-28 14:06:48,652 WARNING:biomolecule.py:157:num_missing_heavy:Missing atom NE2 in residue GLN A 204
2024-02-28 14:06:48,652 WARNING:biomolecule.py:157:num_missing_heavy:Missing atom CD in residue LYS A 240
2024-02-28 14:06:48,652 WARNING:biomolecule.py:157:num_missing_heavy:Missing atom CE in residue LYS A 240
2024-02-28 14:06:48,652 WARNING:biomolecule.py:157:num_missing_heavy:Missing atom NZ in residue LYS A 240
2024-02-28 14:06:48,652 WARNING:biomolecule.py:157:num_missing_heavy:Missing atom CD in residue GLU A 244
2024-02-28 14:06:48,652 WARNING:biomolecule.py:157:num_missing_heavy:Missing atom OE1 in residue GLU A 244
2024-02-28 14:06:48,652 WARNING:biomolecule.py:157:num_missing_heavy:Missing atom OE2 in residue GLU A 244
2024-02-28 14:06:48,652 WARNING:biomolecule.py:157:num_missing_heavy:Missing atom CG in residue LYS A 276
2024-02-28 14:06:48,652 WARNING:biomolecule.py:157:num_missing_heavy:Missing atom CD in residue LYS A 276
2024-02-28 14:06:48,653 WARNING:biomolecule.py:157:num_missing_heavy:Missing atom CE in residue LYS A 276
2024-02-28 14:06:48,653 WARNING:biomolecule.py:157:num_missing_heavy:Missing atom NZ in residue LYS A 276
2024-02-28 14:06:48,653 WARNING:biomolecule.py:157:num_missing_heavy:Missing atom CG in residue GLU A 277
2024-02-28 14:06:48,653 WARNING:biomolecule.py:157:num_missing_heavy:Missing atom CD in residue GLU A 277
2024-02-28 14:06:48,653 WARNING:biomolecule.py:157:num_missing_heavy:Missing atom OE1 in residue GLU A 277
2024-02-28 14:06:48,653 WARNING:biomolecule.py:157:num_missing_heavy:Missing atom OE2 in residue GLU A 277
2024-02-28 14:06:48,653 WARNING:biomolecule.py:157:num_missing_heavy:Missing atom CG in residue GLU A 280
2024-02-28 14:06:48,653 WARNING:biomolecule.py:157:num_missing_heavy:Missing atom CD in residue GLU A 280
2024-02-28 14:06:48,653 WARNING:biomolecule.py:157:num_missing_heavy:Missing atom OE1 in residue GLU A 280
2024-02-28 14:06:48,653 WARNING:biomolecule.py:157:num_missing_heavy:Missing atom OE2 in residue GLU A 280
2024-02-28 14:06:48,653 WARNING:biomolecule.py:157:num_missing_heavy:Missing atom CD in residue GLU A 292
2024-02-28 14:06:48,653 WARNING:biomolecule.py:157:num_missing_heavy:Missing atom OE1 in residue GLU A 292
2024-02-28 14:06:48,653 WARNING:biomolecule.py:157:num_missing_heavy:Missing atom OE2 in residue GLU A 292
2024-02-28 14:06:48,653 WARNING:biomolecule.py:157:num_missing_heavy:Missing atom CG in residue ASP A 301
2024-02-28 14:06:48,653 WARNING:biomolecule.py:157:num_missing_heavy:Missing atom OD1 in residue ASP A 301
2024-02-28 14:06:48,653 WARNING:biomolecule.py:157:num_missing_heavy:Missing atom OD2 in residue ASP A 301
2024-02-28 14:06:48,653 WARNING:biomolecule.py:157:num_missing_heavy:Missing atom CG in residue LYS A 313
2024-02-28 14:06:48,653 WARNING:biomolecule.py:157:num_missing_heavy:Missing atom CD in residue LYS A 313
2024-02-28 14:06:48,653 WARNING:biomolecule.py:157:num_missing_heavy:Missing atom CE in residue LYS A 313
2024-02-28 14:06:48,653 WARNING:biomolecule.py:157:num_missing_heavy:Missing atom NZ in residue LYS A 313
2024-02-28 14:06:48,653 WARNING:biomolecule.py:157:num_missing_heavy:Missing atom CG in residue LYS A 317
2024-02-28 14:06:48,654 WARNING:biomolecule.py:157:num_missing_heavy:Missing atom CD in residue LYS A 317
2024-02-28 14:06:48,654 WARNING:biomolecule.py:157:num_missing_heavy:Missing atom CE in residue LYS A 317
2024-02-28 14:06:48,654 WARNING:biomolecule.py:157:num_missing_heavy:Missing atom NZ in residue LYS A 317
2024-02-28 14:06:48,654 WARNING:biomolecule.py:157:num_missing_heavy:Missing atom CG in residue LYS A 359
2024-02-28 14:06:48,655 WARNING:biomolecule.py:157:num_missing_heavy:Missing atom CD in residue LYS A 359
2024-02-28 14:06:48,657 WARNING:biomolecule.py:157:num_missing_heavy:Missing atom CE in residue LYS A 359
2024-02-28 14:06:48,658 WARNING:biomolecule.py:157:num_missing_heavy:Missing atom NZ in residue LYS A 359
2024-02-28 14:06:48,676 WARNING:biomolecule.py:157:num_missing_heavy:Missing atom CG in residue GLU A 368
2024-02-28 14:06:48,676 WARNING:biomolecule.py:157:num_missing_heavy:Missing atom CD in residue GLU A 368
2024-02-28 14:06:48,676 WARNING:biomolecule.py:157:num_missing_heavy:Missing atom OE1 in residue GLU A 368
2024-02-28 14:06:48,676 WARNING:biomolecule.py:157:num_missing_heavy:Missing atom OE2 in residue GLU A 368
2024-02-28 14:06:48,676 WARNING:biomolecule.py:157:num_missing_heavy:Missing atom CG in residue LYS A 372
2024-02-28 14:06:48,676 WARNING:biomolecule.py:157:num_missing_heavy:Missing atom CD in residue LYS A 372
2024-02-28 14:06:48,676 WARNING:biomolecule.py:157:num_missing_heavy:Missing atom CE in residue LYS A 372
2024-02-28 14:06:48,676 WARNING:biomolecule.py:157:num_missing_heavy:Missing atom NZ in residue LYS A 372
2024-02-28 14:06:48,676 WARNING:biomolecule.py:157:num_missing_heavy:Missing atom CG in residue LYS A 389
2024-02-28 14:06:48,676 WARNING:biomolecule.py:157:num_missing_heavy:Missing atom CD in residue LYS A 389
2024-02-28 14:06:48,676 WARNING:biomolecule.py:157:num_missing_heavy:Missing atom CE in residue LYS A 389
2024-02-28 14:06:48,677 WARNING:biomolecule.py:157:num_missing_heavy:Missing atom NZ in residue LYS A 389
2024-02-28 14:06:48,677 WARNING:biomolecule.py:157:num_missing_heavy:Missing atom CD in residue LYS A 402
2024-02-28 14:06:48,679 WARNING:biomolecule.py:157:num_missing_heavy:Missing atom CE in residue LYS A 402
2024-02-28 14:06:48,679 WARNING:biomolecule.py:157:num_missing_heavy:Missing atom NZ in residue LYS A 402
2024-02-28 14:06:48,680 WARNING:biomolecule.py:157:num_missing_heavy:Missing atom CG in residue LYS A 439
2024-02-28 14:06:48,680 WARNING:biomolecule.py:157:num_missing_heavy:Missing atom CD in residue LYS A 439
2024-02-28 14:06:48,680 WARNING:biomolecule.py:157:num_missing_heavy:Missing atom CE in residue LYS A 439
2024-02-28 14:06:48,680 WARNING:biomolecule.py:157:num_missing_heavy:Missing atom NZ in residue LYS A 439
2024-02-28 14:06:48,680 WARNING:biomolecule.py:157:num_missing_heavy:Missing atom CD in residue LYS A 444
2024-02-28 14:06:48,680 WARNING:biomolecule.py:157:num_missing_heavy:Missing atom CE in residue LYS A 444
2024-02-28 14:06:48,680 WARNING:biomolecule.py:157:num_missing_heavy:Missing atom NZ in residue LYS A 444
2024-02-28 14:06:48,680 WARNING:biomolecule.py:157:num_missing_heavy:Missing atom CE in residue LYS A 466
2024-02-28 14:06:48,680 WARNING:biomolecule.py:157:num_missing_heavy:Missing atom NZ in residue LYS A 466
2024-02-28 14:06:48,680 WARNING:biomolecule.py:157:num_missing_heavy:Missing atom CG in residue GLU A 501
2024-02-28 14:06:48,681 WARNING:biomolecule.py:157:num_missing_heavy:Missing atom CD in residue GLU A 501
2024-02-28 14:06:48,682 WARNING:biomolecule.py:157:num_missing_heavy:Missing atom OE1 in residue GLU A 501
2024-02-28 14:06:48,682 WARNING:biomolecule.py:157:num_missing_heavy:Missing atom OE2 in residue GLU A 501
2024-02-28 14:06:48,682 WARNING:biomolecule.py:157:num_missing_heavy:Missing atom CG in residue GLU A 505
2024-02-28 14:06:48,683 WARNING:biomolecule.py:157:num_missing_heavy:Missing atom CD in residue GLU A 505
2024-02-28 14:06:48,692 WARNING:biomolecule.py:157:num_missing_heavy:Missing atom OE1 in residue GLU A 505
2024-02-28 14:06:48,692 WARNING:biomolecule.py:157:num_missing_heavy:Missing atom OE2 in residue GLU A 505
2024-02-28 14:06:48,696 WARNING:biomolecule.py:157:num_missing_heavy:Missing atom CG in residue LYS A 519
2024-02-28 14:06:48,696 WARNING:biomolecule.py:157:num_missing_heavy:Missing atom CD in residue LYS A 519
2024-02-28 14:06:48,701 WARNING:biomolecule.py:157:num_missing_heavy:Missing atom CE in residue LYS A 519
2024-02-28 14:06:48,703 WARNING:biomolecule.py:157:num_missing_heavy:Missing atom NZ in residue LYS A 519
2024-02-28 14:06:48,703 WARNING:biomolecule.py:157:num_missing_heavy:Missing atom CE in residue LYS A 524
2024-02-28 14:06:48,703 WARNING:biomolecule.py:157:num_missing_heavy:Missing atom NZ in residue LYS A 524
2024-02-28 14:06:48,703 WARNING:biomolecule.py:157:num_missing_heavy:Missing atom CD in residue LYS A 536
2024-02-28 14:06:48,703 WARNING:biomolecule.py:157:num_missing_heavy:Missing atom CE in residue LYS A 536
2024-02-28 14:06:48,703 WARNING:biomolecule.py:157:num_missing_heavy:Missing atom NZ in residue LYS A 536
2024-02-28 14:06:48,704 WARNING:biomolecule.py:157:num_missing_heavy:Missing atom CG in residue LYS A 541
2024-02-28 14:06:48,704 WARNING:biomolecule.py:157:num_missing_heavy:Missing atom CD in residue LYS A 541
2024-02-28 14:06:48,705 WARNING:biomolecule.py:157:num_missing_heavy:Missing atom CE in residue LYS A 541
2024-02-28 14:06:48,705 WARNING:biomolecule.py:157:num_missing_heavy:Missing atom NZ in residue LYS A 541
2024-02-28 14:06:48,705 WARNING:biomolecule.py:157:num_missing_heavy:Missing atom CG in residue ASP A 549
2024-02-28 14:06:48,705 WARNING:biomolecule.py:157:num_missing_heavy:Missing atom OD1 in residue ASP A 549
2024-02-28 14:06:48,705 WARNING:biomolecule.py:157:num_missing_heavy:Missing atom OD2 in residue ASP A 549
2024-02-28 14:06:48,705 WARNING:biomolecule.py:157:num_missing_heavy:Missing atom CG in residue GLU A 556
2024-02-28 14:06:48,705 WARNING:biomolecule.py:157:num_missing_heavy:Missing atom CD in residue GLU A 556
2024-02-28 14:06:48,705 WARNING:biomolecule.py:157:num_missing_heavy:Missing atom OE1 in residue GLU A 556
2024-02-28 14:06:48,705 WARNING:biomolecule.py:157:num_missing_heavy:Missing atom OE2 in residue GLU A 556
2024-02-28 14:06:48,705 WARNING:biomolecule.py:157:num_missing_heavy:Missing atom CD in residue LYS A 557
2024-02-28 14:06:48,705 WARNING:biomolecule.py:157:num_missing_heavy:Missing atom CE in residue LYS A 557
2024-02-28 14:06:48,706 WARNING:biomolecule.py:157:num_missing_heavy:Missing atom NZ in residue LYS A 557
2024-02-28 14:06:48,706 WARNING:biomolecule.py:157:num_missing_heavy:Missing atom CG in residue ASP A 562
2024-02-28 14:06:48,706 WARNING:biomolecule.py:157:num_missing_heavy:Missing atom OD1 in residue ASP A 562
2024-02-28 14:06:48,706 WARNING:biomolecule.py:157:num_missing_heavy:Missing atom OD2 in residue ASP A 562
2024-02-28 14:06:48,706 WARNING:biomolecule.py:157:num_missing_heavy:Missing atom CG in residue LYS A 564
2024-02-28 14:06:48,706 WARNING:biomolecule.py:157:num_missing_heavy:Missing atom CD in residue LYS A 564
2024-02-28 14:06:48,706 WARNING:biomolecule.py:157:num_missing_heavy:Missing atom CE in residue LYS A 564
2024-02-28 14:06:48,707 WARNING:biomolecule.py:157:num_missing_heavy:Missing atom NZ in residue LYS A 564
2024-02-28 14:06:48,708 WARNING:biomolecule.py:157:num_missing_heavy:Missing atom CG in residue PHE A 568
2024-02-28 14:06:48,708 WARNING:biomolecule.py:157:num_missing_heavy:Missing atom CD1 in residue PHE A 568
2024-02-28 14:06:48,708 WARNING:biomolecule.py:157:num_missing_heavy:Missing atom CD2 in residue PHE A 568
2024-02-28 14:06:48,708 WARNING:biomolecule.py:157:num_missing_heavy:Missing atom CE1 in residue PHE A 568
2024-02-28 14:06:48,709 WARNING:biomolecule.py:157:num_missing_heavy:Missing atom CE2 in residue PHE A 568
2024-02-28 14:06:48,709 WARNING:biomolecule.py:157:num_missing_heavy:Missing atom CZ in residue PHE A 568
2024-02-28 14:06:48,709 WARNING:biomolecule.py:157:num_missing_heavy:Missing atom CG in residue GLU A 570
2024-02-28 14:06:48,709 WARNING:biomolecule.py:157:num_missing_heavy:Missing atom CD in residue GLU A 570
2024-02-28 14:06:48,709 WARNING:biomolecule.py:157:num_missing_heavy:Missing atom OE1 in residue GLU A 570
2024-02-28 14:06:48,709 WARNING:biomolecule.py:157:num_missing_heavy:Missing atom OE2 in residue GLU A 570
2024-02-28 14:06:48,709 WARNING:biomolecule.py:157:num_missing_heavy:Missing atom CD in residue LYS A 573
2024-02-28 14:06:48,709 WARNING:biomolecule.py:157:num_missing_heavy:Missing atom CE in residue LYS A 573
2024-02-28 14:06:48,709 WARNING:biomolecule.py:157:num_missing_heavy:Missing atom NZ in residue LYS A 573
2024-02-28 14:06:48,709 WARNING:biomolecule.py:157:num_missing_heavy:Missing atom CD in residue GLN A 580
2024-02-28 14:06:48,709 WARNING:biomolecule.py:157:num_missing_heavy:Missing atom OE1 in residue GLN A 580
2024-02-28 14:06:48,709 WARNING:biomolecule.py:157:num_missing_heavy:Missing atom NE2 in residue GLN A 580
2024-02-28 14:06:48,709 WARNING:biomolecule.py:157:num_missing_heavy:Missing atom OXT in residue GLY A 584
2024-02-28 14:06:48,709 WARNING:biomolecule.py:157:num_missing_heavy:Missing atom CE in residue LYS A 41
2024-02-28 14:06:48,709 WARNING:biomolecule.py:157:num_missing_heavy:Missing atom NZ in residue LYS A 41
2024-02-28 14:06:48,710 WARNING:biomolecule.py:157:num_missing_heavy:Missing atom CG in residue GLU A 82
2024-02-28 14:06:48,710 WARNING:biomolecule.py:157:num_missing_heavy:Missing atom CD in residue GLU A 82
2024-02-28 14:06:48,710 WARNING:biomolecule.py:157:num_missing_heavy:Missing atom OE1 in residue GLU A 82
2024-02-28 14:06:48,710 WARNING:biomolecule.py:157:num_missing_heavy:Missing atom OE2 in residue GLU A 82
2024-02-28 14:06:48,710 WARNING:biomolecule.py:157:num_missing_heavy:Missing atom CG in residue ASP A 108
2024-02-28 14:06:48,710 WARNING:biomolecule.py:157:num_missing_heavy:Missing atom OD1 in residue ASP A 108
2024-02-28 14:06:48,710 WARNING:biomolecule.py:157:num_missing_heavy:Missing atom OD2 in residue ASP A 108
2024-02-28 14:06:48,710 WARNING:biomolecule.py:157:num_missing_heavy:Missing atom CG in residue ASN A 109
2024-02-28 14:06:48,710 WARNING:biomolecule.py:157:num_missing_heavy:Missing atom OD1 in residue ASN A 109
2024-02-28 14:06:48,710 WARNING:biomolecule.py:157:num_missing_heavy:Missing atom ND2 in residue ASN A 109
2024-02-28 14:06:48,710 WARNING:biomolecule.py:157:num_missing_heavy:Missing atom CG in residue GLN A 170
2024-02-28 14:06:48,710 WARNING:biomolecule.py:157:num_missing_heavy:Missing atom CD in residue GLN A 170
2024-02-28 14:06:48,710 WARNING:biomolecule.py:157:num_missing_heavy:Missing atom OE1 in residue GLN A 170
2024-02-28 14:06:48,710 WARNING:biomolecule.py:157:num_missing_heavy:Missing atom NE2 in residue GLN A 170
2024-02-28 14:06:48,710 WARNING:biomolecule.py:157:num_missing_heavy:Missing atom CG in residue ARG A 197
2024-02-28 14:06:48,710 WARNING:biomolecule.py:157:num_missing_heavy:Missing atom CD in residue ARG A 197
2024-02-28 14:06:48,711 WARNING:biomolecule.py:157:num_missing_heavy:Missing atom NE in residue ARG A 197
2024-02-28 14:06:48,711 WARNING:biomolecule.py:157:num_missing_heavy:Missing atom CZ in residue ARG A 197
2024-02-28 14:06:48,711 WARNING:biomolecule.py:157:num_missing_heavy:Missing atom NH1 in residue ARG A 197
2024-02-28 14:06:48,711 WARNING:biomolecule.py:157:num_missing_heavy:Missing atom NH2 in residue ARG A 197
2024-02-28 14:06:48,711 WARNING:biomolecule.py:157:num_missing_heavy:Missing atom CG in residue GLN A 204
2024-02-28 14:06:48,711 WARNING:biomolecule.py:157:num_missing_heavy:Missing atom CD in residue GLN A 204
2024-02-28 14:06:48,711 WARNING:biomolecule.py:157:num_missing_heavy:Missing atom OE1 in residue GLN A 204
2024-02-28 14:06:48,711 WARNING:biomolecule.py:157:num_missing_heavy:Missing atom NE2 in residue GLN A 204
2024-02-28 14:06:48,711 WARNING:biomolecule.py:157:num_missing_heavy:Missing atom CD in residue LYS A 240
2024-02-28 14:06:48,711 WARNING:biomolecule.py:157:num_missing_heavy:Missing atom CE in residue LYS A 240
2024-02-28 14:06:48,711 WARNING:biomolecule.py:157:num_missing_heavy:Missing atom NZ in residue LYS A 240
2024-02-28 14:06:48,711 WARNING:biomolecule.py:157:num_missing_heavy:Missing atom CD in residue GLU A 244
2024-02-28 14:06:48,711 WARNING:biomolecule.py:157:num_missing_heavy:Missing atom OE1 in residue GLU A 244
2024-02-28 14:06:48,711 WARNING:biomolecule.py:157:num_missing_heavy:Missing atom OE2 in residue GLU A 244
2024-02-28 14:06:48,711 WARNING:biomolecule.py:157:num_missing_heavy:Missing atom CG in residue LYS A 276
2024-02-28 14:06:48,711 WARNING:biomolecule.py:157:num_missing_heavy:Missing atom CD in residue LYS A 276
2024-02-28 14:06:48,711 WARNING:biomolecule.py:157:num_missing_heavy:Missing atom CE in residue LYS A 276
2024-02-28 14:06:48,711 WARNING:biomolecule.py:157:num_missing_heavy:Missing atom NZ in residue LYS A 276
2024-02-28 14:06:48,711 WARNING:biomolecule.py:157:num_missing_heavy:Missing atom CG in residue GLU A 277
2024-02-28 14:06:48,711 WARNING:biomolecule.py:157:num_missing_heavy:Missing atom CD in residue GLU A 277
2024-02-28 14:06:48,711 WARNING:biomolecule.py:157:num_missing_heavy:Missing atom OE1 in residue GLU A 277
2024-02-28 14:06:48,712 WARNING:biomolecule.py:157:num_missing_heavy:Missing atom OE2 in residue GLU A 277
2024-02-28 14:06:48,712 WARNING:biomolecule.py:157:num_missing_heavy:Missing atom CG in residue GLU A 280
2024-02-28 14:06:48,712 WARNING:biomolecule.py:157:num_missing_heavy:Missing atom CD in residue GLU A 280
2024-02-28 14:06:48,712 WARNING:biomolecule.py:157:num_missing_heavy:Missing atom OE1 in residue GLU A 280
2024-02-28 14:06:48,712 WARNING:biomolecule.py:157:num_missing_heavy:Missing atom OE2 in residue GLU A 280
2024-02-28 14:06:48,712 WARNING:biomolecule.py:157:num_missing_heavy:Missing atom CD in residue GLU A 292
2024-02-28 14:06:48,712 WARNING:biomolecule.py:157:num_missing_heavy:Missing atom OE1 in residue GLU A 292
2024-02-28 14:06:48,712 WARNING:biomolecule.py:157:num_missing_heavy:Missing atom OE2 in residue GLU A 292
2024-02-28 14:06:48,712 WARNING:biomolecule.py:157:num_missing_heavy:Missing atom CG in residue ASP A 301
2024-02-28 14:06:48,712 WARNING:biomolecule.py:157:num_missing_heavy:Missing atom OD1 in residue ASP A 301
2024-02-28 14:06:48,712 WARNING:biomolecule.py:157:num_missing_heavy:Missing atom OD2 in residue ASP A 301
2024-02-28 14:06:48,712 WARNING:biomolecule.py:157:num_missing_heavy:Missing atom CG in residue LYS A 313
2024-02-28 14:06:48,712 WARNING:biomolecule.py:157:num_missing_heavy:Missing atom CD in residue LYS A 313
2024-02-28 14:06:48,712 WARNING:biomolecule.py:157:num_missing_heavy:Missing atom CE in residue LYS A 313
2024-02-28 14:06:48,712 WARNING:biomolecule.py:157:num_missing_heavy:Missing atom NZ in residue LYS A 313
2024-02-28 14:06:48,712 WARNING:biomolecule.py:157:num_missing_heavy:Missing atom CG in residue LYS A 317
2024-02-28 14:06:48,712 WARNING:biomolecule.py:157:num_missing_heavy:Missing atom CD in residue LYS A 317
2024-02-28 14:06:48,712 WARNING:biomolecule.py:157:num_missing_heavy:Missing atom CE in residue LYS A 317
2024-02-28 14:06:48,712 WARNING:biomolecule.py:157:num_missing_heavy:Missing atom NZ in residue LYS A 317
2024-02-28 14:06:48,712 WARNING:biomolecule.py:157:num_missing_heavy:Missing atom CG in residue LYS A 359
2024-02-28 14:06:48,713 WARNING:biomolecule.py:157:num_missing_heavy:Missing atom CD in residue LYS A 359
2024-02-28 14:06:48,713 WARNING:biomolecule.py:157:num_missing_heavy:Missing atom CE in residue LYS A 359
2024-02-28 14:06:48,713 WARNING:biomolecule.py:157:num_missing_heavy:Missing atom NZ in residue LYS A 359
2024-02-28 14:06:48,713 WARNING:biomolecule.py:157:num_missing_heavy:Missing atom CG in residue GLU A 368
2024-02-28 14:06:48,713 WARNING:biomolecule.py:157:num_missing_heavy:Missing atom CD in residue GLU A 368
2024-02-28 14:06:48,713 WARNING:biomolecule.py:157:num_missing_heavy:Missing atom OE1 in residue GLU A 368
2024-02-28 14:06:48,713 WARNING:biomolecule.py:157:num_missing_heavy:Missing atom OE2 in residue GLU A 368
2024-02-28 14:06:48,713 WARNING:biomolecule.py:157:num_missing_heavy:Missing atom CG in residue LYS A 372
2024-02-28 14:06:48,713 WARNING:biomolecule.py:157:num_missing_heavy:Missing atom CD in residue LYS A 372
2024-02-28 14:06:48,713 WARNING:biomolecule.py:157:num_missing_heavy:Missing atom CE in residue LYS A 372
2024-02-28 14:06:48,713 WARNING:biomolecule.py:157:num_missing_heavy:Missing atom NZ in residue LYS A 372
2024-02-28 14:06:48,713 WARNING:biomolecule.py:157:num_missing_heavy:Missing atom CG in residue LYS A 389
2024-02-28 14:06:48,714 WARNING:biomolecule.py:157:num_missing_heavy:Missing atom CD in residue LYS A 389
2024-02-28 14:06:48,715 WARNING:biomolecule.py:157:num_missing_heavy:Missing atom CE in residue LYS A 389
2024-02-28 14:06:48,716 WARNING:biomolecule.py:157:num_missing_heavy:Missing atom NZ in residue LYS A 389
2024-02-28 14:06:48,716 WARNING:biomolecule.py:157:num_missing_heavy:Missing atom CD in residue LYS A 402
2024-02-28 14:06:48,716 WARNING:biomolecule.py:157:num_missing_heavy:Missing atom CE in residue LYS A 402
2024-02-28 14:06:48,716 WARNING:biomolecule.py:157:num_missing_heavy:Missing atom NZ in residue LYS A 402
2024-02-28 14:06:48,717 WARNING:biomolecule.py:157:num_missing_heavy:Missing atom CG in residue LYS A 439
2024-02-28 14:06:48,717 WARNING:biomolecule.py:157:num_missing_heavy:Missing atom CD in residue LYS A 439
2024-02-28 14:06:48,718 WARNING:biomolecule.py:157:num_missing_heavy:Missing atom CE in residue LYS A 439
2024-02-28 14:06:48,719 WARNING:biomolecule.py:157:num_missing_heavy:Missing atom NZ in residue LYS A 439
2024-02-28 14:06:48,721 WARNING:biomolecule.py:157:num_missing_heavy:Missing atom CD in residue LYS A 444
2024-02-28 14:06:48,725 WARNING:biomolecule.py:157:num_missing_heavy:Missing atom CE in residue LYS A 444
2024-02-28 14:06:48,726 WARNING:biomolecule.py:157:num_missing_heavy:Missing atom NZ in residue LYS A 444
2024-02-28 14:06:48,726 WARNING:biomolecule.py:157:num_missing_heavy:Missing atom CE in residue LYS A 466
2024-02-28 14:06:48,726 WARNING:biomolecule.py:157:num_missing_heavy:Missing atom NZ in residue LYS A 466
2024-02-28 14:06:48,727 WARNING:biomolecule.py:157:num_missing_heavy:Missing atom CG in residue GLU A 501
2024-02-28 14:06:48,728 WARNING:biomolecule.py:157:num_missing_heavy:Missing atom CD in residue GLU A 501
2024-02-28 14:06:48,728 WARNING:biomolecule.py:157:num_missing_heavy:Missing atom OE1 in residue GLU A 501
2024-02-28 14:06:48,729 WARNING:biomolecule.py:157:num_missing_heavy:Missing atom OE2 in residue GLU A 501
2024-02-28 14:06:48,738 WARNING:biomolecule.py:157:num_missing_heavy:Missing atom CG in residue GLU A 505
2024-02-28 14:06:48,738 WARNING:biomolecule.py:157:num_missing_heavy:Missing atom CD in residue GLU A 505
2024-02-28 14:06:48,738 WARNING:biomolecule.py:157:num_missing_heavy:Missing atom OE1 in residue GLU A 505
2024-02-28 14:06:48,738 WARNING:biomolecule.py:157:num_missing_heavy:Missing atom OE2 in residue GLU A 505
2024-02-28 14:06:48,738 WARNING:biomolecule.py:157:num_missing_heavy:Missing atom CG in residue LYS A 519
2024-02-28 14:06:48,738 WARNING:biomolecule.py:157:num_missing_heavy:Missing atom CD in residue LYS A 519
2024-02-28 14:06:48,738 WARNING:biomolecule.py:157:num_missing_heavy:Missing atom CE in residue LYS A 519
2024-02-28 14:06:48,738 WARNING:biomolecule.py:157:num_missing_heavy:Missing atom NZ in residue LYS A 519
2024-02-28 14:06:48,738 WARNING:biomolecule.py:157:num_missing_heavy:Missing atom CE in residue LYS A 524
2024-02-28 14:06:48,738 WARNING:biomolecule.py:157:num_missing_heavy:Missing atom NZ in residue LYS A 524
2024-02-28 14:06:48,738 WARNING:biomolecule.py:157:num_missing_heavy:Missing atom CD in residue LYS A 536
2024-02-28 14:06:48,738 WARNING:biomolecule.py:157:num_missing_heavy:Missing atom CE in residue LYS A 536
2024-02-28 14:06:48,738 WARNING:biomolecule.py:157:num_missing_heavy:Missing atom NZ in residue LYS A 536
2024-02-28 14:06:48,738 WARNING:biomolecule.py:157:num_missing_heavy:Missing atom CG in residue LYS A 541
2024-02-28 14:06:48,738 WARNING:biomolecule.py:157:num_missing_heavy:Missing atom CD in residue LYS A 541
2024-02-28 14:06:48,738 WARNING:biomolecule.py:157:num_missing_heavy:Missing atom CE in residue LYS A 541
2024-02-28 14:06:48,738 WARNING:biomolecule.py:157:num_missing_heavy:Missing atom NZ in residue LYS A 541
2024-02-28 14:06:48,738 WARNING:biomolecule.py:157:num_missing_heavy:Missing atom CG in residue ASP A 549
2024-02-28 14:06:48,738 WARNING:biomolecule.py:157:num_missing_heavy:Missing atom OD1 in residue ASP A 549
2024-02-28 14:06:48,738 WARNING:biomolecule.py:157:num_missing_heavy:Missing atom OD2 in residue ASP A 549
2024-02-28 14:06:48,738 WARNING:biomolecule.py:157:num_missing_heavy:Missing atom CG in residue GLU A 556
2024-02-28 14:06:48,739 WARNING:biomolecule.py:157:num_missing_heavy:Missing atom CD in residue GLU A 556
2024-02-28 14:06:48,739 WARNING:biomolecule.py:157:num_missing_heavy:Missing atom OE1 in residue GLU A 556
2024-02-28 14:06:48,739 WARNING:biomolecule.py:157:num_missing_heavy:Missing atom OE2 in residue GLU A 556
2024-02-28 14:06:48,739 WARNING:biomolecule.py:157:num_missing_heavy:Missing atom CD in residue LYS A 557
2024-02-28 14:06:48,739 WARNING:biomolecule.py:157:num_missing_heavy:Missing atom CE in residue LYS A 557
2024-02-28 14:06:48,739 WARNING:biomolecule.py:157:num_missing_heavy:Missing atom NZ in residue LYS A 557
2024-02-28 14:06:48,739 WARNING:biomolecule.py:157:num_missing_heavy:Missing atom CG in residue ASP A 562
2024-02-28 14:06:48,739 WARNING:biomolecule.py:157:num_missing_heavy:Missing atom OD1 in residue ASP A 562
2024-02-28 14:06:48,739 WARNING:biomolecule.py:157:num_missing_heavy:Missing atom OD2 in residue ASP A 562
2024-02-28 14:06:48,739 WARNING:biomolecule.py:157:num_missing_heavy:Missing atom CG in residue LYS A 564
2024-02-28 14:06:48,739 WARNING:biomolecule.py:157:num_missing_heavy:Missing atom CD in residue LYS A 564
2024-02-28 14:06:48,739 WARNING:biomolecule.py:157:num_missing_heavy:Missing atom CE in residue LYS A 564
2024-02-28 14:06:48,739 WARNING:biomolecule.py:157:num_missing_heavy:Missing atom NZ in residue LYS A 564
2024-02-28 14:06:48,739 WARNING:biomolecule.py:157:num_missing_heavy:Missing atom CG in residue PHE A 568
2024-02-28 14:06:48,739 WARNING:biomolecule.py:157:num_missing_heavy:Missing atom CD1 in residue PHE A 568
2024-02-28 14:06:48,739 WARNING:biomolecule.py:157:num_missing_heavy:Missing atom CD2 in residue PHE A 568
2024-02-28 14:06:48,739 WARNING:biomolecule.py:157:num_missing_heavy:Missing atom CE1 in residue PHE A 568
2024-02-28 14:06:48,739 WARNING:biomolecule.py:157:num_missing_heavy:Missing atom CE2 in residue PHE A 568
2024-02-28 14:06:48,741 WARNING:biomolecule.py:157:num_missing_heavy:Missing atom CZ in residue PHE A 568
2024-02-28 14:06:48,741 WARNING:biomolecule.py:157:num_missing_heavy:Missing atom CG in residue GLU A 570
2024-02-28 14:06:48,741 WARNING:biomolecule.py:157:num_missing_heavy:Missing atom CD in residue GLU A 570
2024-02-28 14:06:48,741 WARNING:biomolecule.py:157:num_missing_heavy:Missing atom OE1 in residue GLU A 570
2024-02-28 14:06:48,742 WARNING:biomolecule.py:157:num_missing_heavy:Missing atom OE2 in residue GLU A 570
2024-02-28 14:06:48,742 WARNING:biomolecule.py:157:num_missing_heavy:Missing atom CD in residue LYS A 573
2024-02-28 14:06:48,744 WARNING:biomolecule.py:157:num_missing_heavy:Missing atom CE in residue LYS A 573
2024-02-28 14:06:48,745 WARNING:biomolecule.py:157:num_missing_heavy:Missing atom NZ in residue LYS A 573
2024-02-28 14:06:48,746 WARNING:biomolecule.py:157:num_missing_heavy:Missing atom CD in residue GLN A 580
2024-02-28 14:06:48,746 WARNING:biomolecule.py:157:num_missing_heavy:Missing atom OE1 in residue GLN A 580
2024-02-28 14:06:48,747 WARNING:biomolecule.py:157:num_missing_heavy:Missing atom NE2 in residue GLN A 580
2024-02-28 14:06:48,748 WARNING:biomolecule.py:157:num_missing_heavy:Missing atom OXT in residue GLY A 584
2024-02-28 14:06:52,223 WARNING:main.py:311:print_pqr:Ignoring 5076 header lines in output.
2024-02-28 14:06:52,224 WARNING:main.py:315:print_pqr:Ignoring 126 missing lines in output.
2024-02-28 14:58:40,391 WARNING:biomolecule.py:992:create_residue:Unable to find amino or nucleic acid definition for MYR.  Parsing as new residue.
2024-02-28 14:58:40,392 WARNING:biomolecule.py:992:create_residue:Unable to find amino or nucleic acid definition for MYR.  Parsing as new residue.
2024-02-28 14:58:40,392 WARNING:biomolecule.py:992:create_residue:Unable to find amino or nucleic acid definition for MYR.  Parsing as new residue.
2024-02-28 14:58:40,392 WARNING:biomolecule.py:992:create_residue:Unable to find amino or nucleic acid definition for MYR.  Parsing as new residue.
2024-02-28 14:58:40,392 WARNING:biomolecule.py:992:create_residue:Unable to find amino or nucleic acid definition for MYR.  Parsing as new residue.
2024-02-28 14:58:40,392 WARNING:biomolecule.py:992:create_residue:Unable to find amino or nucleic acid definition for MYR.  Parsing as new residue.
2024-02-28 14:58:40,392 WARNING:biomolecule.py:992:create_residue:Unable to find amino or nucleic acid definition for MYR.  Parsing as new residue.
2024-02-28 14:58:40,392 WARNING:biomolecule.py:992:create_residue:Unable to find amino or nucleic acid definition for T44.  Parsing as new residue.
2024-02-28 14:58:40,427 WARNING:biomolecule.py:157:num_missing_heavy:Missing atom CE in residue LYS A 41
2024-02-28 14:58:40,435 WARNING:biomolecule.py:157:num_missing_heavy:Missing atom NZ in residue LYS A 41
2024-02-28 14:58:40,435 WARNING:biomolecule.py:157:num_missing_heavy:Missing atom CG in residue GLU A 82
2024-02-28 14:58:40,435 WARNING:biomolecule.py:157:num_missing_heavy:Missing atom CD in residue GLU A 82
2024-02-28 14:58:40,435 WARNING:biomolecule.py:157:num_missing_heavy:Missing atom OE1 in residue GLU A 82
2024-02-28 14:58:40,435 WARNING:biomolecule.py:157:num_missing_heavy:Missing atom OE2 in residue GLU A 82
2024-02-28 14:58:40,436 WARNING:biomolecule.py:157:num_missing_heavy:Missing atom CG in residue ASP A 108
2024-02-28 14:58:40,437 WARNING:biomolecule.py:157:num_missing_heavy:Missing atom OD1 in residue ASP A 108
2024-02-28 14:58:40,437 WARNING:biomolecule.py:157:num_missing_heavy:Missing atom OD2 in residue ASP A 108
2024-02-28 14:58:40,437 WARNING:biomolecule.py:157:num_missing_heavy:Missing atom CG in residue ASN A 109
2024-02-28 14:58:40,438 WARNING:biomolecule.py:157:num_missing_heavy:Missing atom OD1 in residue ASN A 109
2024-02-28 14:58:40,438 WARNING:biomolecule.py:157:num_missing_heavy:Missing atom ND2 in residue ASN A 109
2024-02-28 14:58:40,438 WARNING:biomolecule.py:157:num_missing_heavy:Missing atom CG in residue GLN A 170
2024-02-28 14:58:40,438 WARNING:biomolecule.py:157:num_missing_heavy:Missing atom CD in residue GLN A 170
2024-02-28 14:58:40,438 WARNING:biomolecule.py:157:num_missing_heavy:Missing atom OE1 in residue GLN A 170
2024-02-28 14:58:40,438 WARNING:biomolecule.py:157:num_missing_heavy:Missing atom NE2 in residue GLN A 170
2024-02-28 14:58:40,438 WARNING:biomolecule.py:157:num_missing_heavy:Missing atom CG in residue ARG A 197
2024-02-28 14:58:40,438 WARNING:biomolecule.py:157:num_missing_heavy:Missing atom CD in residue ARG A 197
2024-02-28 14:58:40,438 WARNING:biomolecule.py:157:num_missing_heavy:Missing atom NE in residue ARG A 197
2024-02-28 14:58:40,438 WARNING:biomolecule.py:157:num_missing_heavy:Missing atom CZ in residue ARG A 197
2024-02-28 14:58:40,438 WARNING:biomolecule.py:157:num_missing_heavy:Missing atom NH1 in residue ARG A 197
2024-02-28 14:58:40,438 WARNING:biomolecule.py:157:num_missing_heavy:Missing atom NH2 in residue ARG A 197
2024-02-28 14:58:40,438 WARNING:biomolecule.py:157:num_missing_heavy:Missing atom CG in residue GLN A 204
2024-02-28 14:58:40,438 WARNING:biomolecule.py:157:num_missing_heavy:Missing atom CD in residue GLN A 204
2024-02-28 14:58:40,438 WARNING:biomolecule.py:157:num_missing_heavy:Missing atom OE1 in residue GLN A 204
2024-02-28 14:58:40,438 WARNING:biomolecule.py:157:num_missing_heavy:Missing atom NE2 in residue GLN A 204
2024-02-28 14:58:40,439 WARNING:biomolecule.py:157:num_missing_heavy:Missing atom CD in residue LYS A 240
2024-02-28 14:58:40,439 WARNING:biomolecule.py:157:num_missing_heavy:Missing atom CE in residue LYS A 240
2024-02-28 14:58:40,439 WARNING:biomolecule.py:157:num_missing_heavy:Missing atom NZ in residue LYS A 240
2024-02-28 14:58:40,439 WARNING:biomolecule.py:157:num_missing_heavy:Missing atom CD in residue GLU A 244
2024-02-28 14:58:40,439 WARNING:biomolecule.py:157:num_missing_heavy:Missing atom OE1 in residue GLU A 244
2024-02-28 14:58:40,439 WARNING:biomolecule.py:157:num_missing_heavy:Missing atom OE2 in residue GLU A 244
2024-02-28 14:58:40,439 WARNING:biomolecule.py:157:num_missing_heavy:Missing atom CG in residue LYS A 276
2024-02-28 14:58:40,439 WARNING:biomolecule.py:157:num_missing_heavy:Missing atom CD in residue LYS A 276
2024-02-28 14:58:40,439 WARNING:biomolecule.py:157:num_missing_heavy:Missing atom CE in residue LYS A 276
2024-02-28 14:58:40,439 WARNING:biomolecule.py:157:num_missing_heavy:Missing atom NZ in residue LYS A 276
2024-02-28 14:58:40,439 WARNING:biomolecule.py:157:num_missing_heavy:Missing atom CG in residue GLU A 277
2024-02-28 14:58:40,439 WARNING:biomolecule.py:157:num_missing_heavy:Missing atom CD in residue GLU A 277
2024-02-28 14:58:40,439 WARNING:biomolecule.py:157:num_missing_heavy:Missing atom OE1 in residue GLU A 277
2024-02-28 14:58:40,439 WARNING:biomolecule.py:157:num_missing_heavy:Missing atom OE2 in residue GLU A 277
2024-02-28 14:58:40,439 WARNING:biomolecule.py:157:num_missing_heavy:Missing atom CG in residue GLU A 280
2024-02-28 14:58:40,439 WARNING:biomolecule.py:157:num_missing_heavy:Missing atom CD in residue GLU A 280
2024-02-28 14:58:40,439 WARNING:biomolecule.py:157:num_missing_heavy:Missing atom OE1 in residue GLU A 280
2024-02-28 14:58:40,439 WARNING:biomolecule.py:157:num_missing_heavy:Missing atom OE2 in residue GLU A 280
2024-02-28 14:58:40,439 WARNING:biomolecule.py:157:num_missing_heavy:Missing atom CD in residue GLU A 292
2024-02-28 14:58:40,439 WARNING:biomolecule.py:157:num_missing_heavy:Missing atom OE1 in residue GLU A 292
2024-02-28 14:58:40,439 WARNING:biomolecule.py:157:num_missing_heavy:Missing atom OE2 in residue GLU A 292
2024-02-28 14:58:40,439 WARNING:biomolecule.py:157:num_missing_heavy:Missing atom CG in residue ASP A 301
2024-02-28 14:58:40,439 WARNING:biomolecule.py:157:num_missing_heavy:Missing atom OD1 in residue ASP A 301
2024-02-28 14:58:40,440 WARNING:biomolecule.py:157:num_missing_heavy:Missing atom OD2 in residue ASP A 301
2024-02-28 14:58:40,440 WARNING:biomolecule.py:157:num_missing_heavy:Missing atom CG in residue LYS A 313
2024-02-28 14:58:40,440 WARNING:biomolecule.py:157:num_missing_heavy:Missing atom CD in residue LYS A 313
2024-02-28 14:58:40,440 WARNING:biomolecule.py:157:num_missing_heavy:Missing atom CE in residue LYS A 313
2024-02-28 14:58:40,440 WARNING:biomolecule.py:157:num_missing_heavy:Missing atom NZ in residue LYS A 313
2024-02-28 14:58:40,441 WARNING:biomolecule.py:157:num_missing_heavy:Missing atom CG in residue LYS A 317
2024-02-28 14:58:40,441 WARNING:biomolecule.py:157:num_missing_heavy:Missing atom CD in residue LYS A 317
2024-02-28 14:58:40,443 WARNING:biomolecule.py:157:num_missing_heavy:Missing atom CE in residue LYS A 317
2024-02-28 14:58:40,443 WARNING:biomolecule.py:157:num_missing_heavy:Missing atom NZ in residue LYS A 317
2024-02-28 14:58:40,443 WARNING:biomolecule.py:157:num_missing_heavy:Missing atom CG in residue LYS A 359
2024-02-28 14:58:40,444 WARNING:biomolecule.py:157:num_missing_heavy:Missing atom CD in residue LYS A 359
2024-02-28 14:58:40,444 WARNING:biomolecule.py:157:num_missing_heavy:Missing atom CE in residue LYS A 359
2024-02-28 14:58:40,444 WARNING:biomolecule.py:157:num_missing_heavy:Missing atom NZ in residue LYS A 359
2024-02-28 14:58:40,444 WARNING:biomolecule.py:157:num_missing_heavy:Missing atom CG in residue GLU A 368
2024-02-28 14:58:40,444 WARNING:biomolecule.py:157:num_missing_heavy:Missing atom CD in residue GLU A 368
2024-02-28 14:58:40,444 WARNING:biomolecule.py:157:num_missing_heavy:Missing atom OE1 in residue GLU A 368
2024-02-28 14:58:40,444 WARNING:biomolecule.py:157:num_missing_heavy:Missing atom OE2 in residue GLU A 368
2024-02-28 14:58:40,444 WARNING:biomolecule.py:157:num_missing_heavy:Missing atom CG in residue LYS A 372
2024-02-28 14:58:40,444 WARNING:biomolecule.py:157:num_missing_heavy:Missing atom CD in residue LYS A 372
2024-02-28 14:58:40,444 WARNING:biomolecule.py:157:num_missing_heavy:Missing atom CE in residue LYS A 372
2024-02-28 14:58:40,444 WARNING:biomolecule.py:157:num_missing_heavy:Missing atom NZ in residue LYS A 372
2024-02-28 14:58:40,444 WARNING:biomolecule.py:157:num_missing_heavy:Missing atom CG in residue LYS A 389
2024-02-28 14:58:40,444 WARNING:biomolecule.py:157:num_missing_heavy:Missing atom CD in residue LYS A 389
2024-02-28 14:58:40,444 WARNING:biomolecule.py:157:num_missing_heavy:Missing atom CE in residue LYS A 389
2024-02-28 14:58:40,444 WARNING:biomolecule.py:157:num_missing_heavy:Missing atom NZ in residue LYS A 389
2024-02-28 14:58:40,444 WARNING:biomolecule.py:157:num_missing_heavy:Missing atom CD in residue LYS A 402
2024-02-28 14:58:40,444 WARNING:biomolecule.py:157:num_missing_heavy:Missing atom CE in residue LYS A 402
2024-02-28 14:58:40,444 WARNING:biomolecule.py:157:num_missing_heavy:Missing atom NZ in residue LYS A 402
2024-02-28 14:58:40,444 WARNING:biomolecule.py:157:num_missing_heavy:Missing atom CG in residue LYS A 439
2024-02-28 14:58:40,445 WARNING:biomolecule.py:157:num_missing_heavy:Missing atom CD in residue LYS A 439
2024-02-28 14:58:40,445 WARNING:biomolecule.py:157:num_missing_heavy:Missing atom CE in residue LYS A 439
2024-02-28 14:58:40,445 WARNING:biomolecule.py:157:num_missing_heavy:Missing atom NZ in residue LYS A 439
2024-02-28 14:58:40,445 WARNING:biomolecule.py:157:num_missing_heavy:Missing atom CD in residue LYS A 444
2024-02-28 14:58:40,445 WARNING:biomolecule.py:157:num_missing_heavy:Missing atom CE in residue LYS A 444
2024-02-28 14:58:40,445 WARNING:biomolecule.py:157:num_missing_heavy:Missing atom NZ in residue LYS A 444
2024-02-28 14:58:40,445 WARNING:biomolecule.py:157:num_missing_heavy:Missing atom CE in residue LYS A 466
2024-02-28 14:58:40,445 WARNING:biomolecule.py:157:num_missing_heavy:Missing atom NZ in residue LYS A 466
2024-02-28 14:58:40,445 WARNING:biomolecule.py:157:num_missing_heavy:Missing atom CG in residue GLU A 501
2024-02-28 14:58:40,445 WARNING:biomolecule.py:157:num_missing_heavy:Missing atom CD in residue GLU A 501
2024-02-28 14:58:40,445 WARNING:biomolecule.py:157:num_missing_heavy:Missing atom OE1 in residue GLU A 501
2024-02-28 14:58:40,445 WARNING:biomolecule.py:157:num_missing_heavy:Missing atom OE2 in residue GLU A 501
2024-02-28 14:58:40,445 WARNING:biomolecule.py:157:num_missing_heavy:Missing atom CG in residue GLU A 505
2024-02-28 14:58:40,445 WARNING:biomolecule.py:157:num_missing_heavy:Missing atom CD in residue GLU A 505
2024-02-28 14:58:40,445 WARNING:biomolecule.py:157:num_missing_heavy:Missing atom OE1 in residue GLU A 505
2024-02-28 14:58:40,445 WARNING:biomolecule.py:157:num_missing_heavy:Missing atom OE2 in residue GLU A 505
2024-02-28 14:58:40,445 WARNING:biomolecule.py:157:num_missing_heavy:Missing atom CG in residue LYS A 519
2024-02-28 14:58:40,445 WARNING:biomolecule.py:157:num_missing_heavy:Missing atom CD in residue LYS A 519
2024-02-28 14:58:40,445 WARNING:biomolecule.py:157:num_missing_heavy:Missing atom CE in residue LYS A 519
2024-02-28 14:58:40,445 WARNING:biomolecule.py:157:num_missing_heavy:Missing atom NZ in residue LYS A 519
2024-02-28 14:58:40,446 WARNING:biomolecule.py:157:num_missing_heavy:Missing atom CE in residue LYS A 524
2024-02-28 14:58:40,446 WARNING:biomolecule.py:157:num_missing_heavy:Missing atom NZ in residue LYS A 524
2024-02-28 14:58:40,446 WARNING:biomolecule.py:157:num_missing_heavy:Missing atom CD in residue LYS A 536
2024-02-28 14:58:40,446 WARNING:biomolecule.py:157:num_missing_heavy:Missing atom CE in residue LYS A 536
2024-02-28 14:58:40,446 WARNING:biomolecule.py:157:num_missing_heavy:Missing atom NZ in residue LYS A 536
2024-02-28 14:58:40,446 WARNING:biomolecule.py:157:num_missing_heavy:Missing atom CG in residue LYS A 541
2024-02-28 14:58:40,446 WARNING:biomolecule.py:157:num_missing_heavy:Missing atom CD in residue LYS A 541
2024-02-28 14:58:40,446 WARNING:biomolecule.py:157:num_missing_heavy:Missing atom CE in residue LYS A 541
2024-02-28 14:58:40,446 WARNING:biomolecule.py:157:num_missing_heavy:Missing atom NZ in residue LYS A 541
2024-02-28 14:58:40,446 WARNING:biomolecule.py:157:num_missing_heavy:Missing atom CG in residue ASP A 549
2024-02-28 14:58:40,446 WARNING:biomolecule.py:157:num_missing_heavy:Missing atom OD1 in residue ASP A 549
2024-02-28 14:58:40,446 WARNING:biomolecule.py:157:num_missing_heavy:Missing atom OD2 in residue ASP A 549
2024-02-28 14:58:40,446 WARNING:biomolecule.py:157:num_missing_heavy:Missing atom CG in residue GLU A 556
2024-02-28 14:58:40,446 WARNING:biomolecule.py:157:num_missing_heavy:Missing atom CD in residue GLU A 556
2024-02-28 14:58:40,446 WARNING:biomolecule.py:157:num_missing_heavy:Missing atom OE1 in residue GLU A 556
2024-02-28 14:58:40,446 WARNING:biomolecule.py:157:num_missing_heavy:Missing atom OE2 in residue GLU A 556
2024-02-28 14:58:40,446 WARNING:biomolecule.py:157:num_missing_heavy:Missing atom CD in residue LYS A 557
2024-02-28 14:58:40,446 WARNING:biomolecule.py:157:num_missing_heavy:Missing atom CE in residue LYS A 557
2024-02-28 14:58:40,446 WARNING:biomolecule.py:157:num_missing_heavy:Missing atom NZ in residue LYS A 557
2024-02-28 14:58:40,446 WARNING:biomolecule.py:157:num_missing_heavy:Missing atom CG in residue ASP A 562
2024-02-28 14:58:40,446 WARNING:biomolecule.py:157:num_missing_heavy:Missing atom OD1 in residue ASP A 562
2024-02-28 14:58:40,446 WARNING:biomolecule.py:157:num_missing_heavy:Missing atom OD2 in residue ASP A 562
2024-02-28 14:58:40,446 WARNING:biomolecule.py:157:num_missing_heavy:Missing atom CG in residue LYS A 564
2024-02-28 14:58:40,446 WARNING:biomolecule.py:157:num_missing_heavy:Missing atom CD in residue LYS A 564
2024-02-28 14:58:40,446 WARNING:biomolecule.py:157:num_missing_heavy:Missing atom CE in residue LYS A 564
2024-02-28 14:58:40,446 WARNING:biomolecule.py:157:num_missing_heavy:Missing atom NZ in residue LYS A 564
2024-02-28 14:58:40,446 WARNING:biomolecule.py:157:num_missing_heavy:Missing atom CG in residue PHE A 568
2024-02-28 14:58:40,447 WARNING:biomolecule.py:157:num_missing_heavy:Missing atom CD1 in residue PHE A 568
2024-02-28 14:58:40,447 WARNING:biomolecule.py:157:num_missing_heavy:Missing atom CD2 in residue PHE A 568
2024-02-28 14:58:40,447 WARNING:biomolecule.py:157:num_missing_heavy:Missing atom CE1 in residue PHE A 568
2024-02-28 14:58:40,447 WARNING:biomolecule.py:157:num_missing_heavy:Missing atom CE2 in residue PHE A 568
2024-02-28 14:58:40,447 WARNING:biomolecule.py:157:num_missing_heavy:Missing atom CZ in residue PHE A 568
2024-02-28 14:58:40,447 WARNING:biomolecule.py:157:num_missing_heavy:Missing atom CG in residue GLU A 570
2024-02-28 14:58:40,447 WARNING:biomolecule.py:157:num_missing_heavy:Missing atom CD in residue GLU A 570
2024-02-28 14:58:40,447 WARNING:biomolecule.py:157:num_missing_heavy:Missing atom OE1 in residue GLU A 570
2024-02-28 14:58:40,447 WARNING:biomolecule.py:157:num_missing_heavy:Missing atom OE2 in residue GLU A 570
2024-02-28 14:58:40,447 WARNING:biomolecule.py:157:num_missing_heavy:Missing atom CD in residue LYS A 573
2024-02-28 14:58:40,447 WARNING:biomolecule.py:157:num_missing_heavy:Missing atom CE in residue LYS A 573
2024-02-28 14:58:40,447 WARNING:biomolecule.py:157:num_missing_heavy:Missing atom NZ in residue LYS A 573
2024-02-28 14:58:40,447 WARNING:biomolecule.py:157:num_missing_heavy:Missing atom CD in residue GLN A 580
2024-02-28 14:58:40,447 WARNING:biomolecule.py:157:num_missing_heavy:Missing atom OE1 in residue GLN A 580
2024-02-28 14:58:40,447 WARNING:biomolecule.py:157:num_missing_heavy:Missing atom NE2 in residue GLN A 580
2024-02-28 14:58:40,447 WARNING:biomolecule.py:157:num_missing_heavy:Missing atom OXT in residue GLY A 584
2024-02-28 14:58:40,447 WARNING:biomolecule.py:157:num_missing_heavy:Missing atom CE in residue LYS A 41
2024-02-28 14:58:40,447 WARNING:biomolecule.py:157:num_missing_heavy:Missing atom NZ in residue LYS A 41
2024-02-28 14:58:40,447 WARNING:biomolecule.py:157:num_missing_heavy:Missing atom CG in residue GLU A 82
2024-02-28 14:58:40,448 WARNING:biomolecule.py:157:num_missing_heavy:Missing atom CD in residue GLU A 82
2024-02-28 14:58:40,448 WARNING:biomolecule.py:157:num_missing_heavy:Missing atom OE1 in residue GLU A 82
2024-02-28 14:58:40,448 WARNING:biomolecule.py:157:num_missing_heavy:Missing atom OE2 in residue GLU A 82
2024-02-28 14:58:40,448 WARNING:biomolecule.py:157:num_missing_heavy:Missing atom CG in residue ASP A 108
2024-02-28 14:58:40,448 WARNING:biomolecule.py:157:num_missing_heavy:Missing atom OD1 in residue ASP A 108
2024-02-28 14:58:40,448 WARNING:biomolecule.py:157:num_missing_heavy:Missing atom OD2 in residue ASP A 108
2024-02-28 14:58:40,448 WARNING:biomolecule.py:157:num_missing_heavy:Missing atom CG in residue ASN A 109
2024-02-28 14:58:40,448 WARNING:biomolecule.py:157:num_missing_heavy:Missing atom OD1 in residue ASN A 109
2024-02-28 14:58:40,448 WARNING:biomolecule.py:157:num_missing_heavy:Missing atom ND2 in residue ASN A 109
2024-02-28 14:58:40,448 WARNING:biomolecule.py:157:num_missing_heavy:Missing atom CG in residue GLN A 170
2024-02-28 14:58:40,448 WARNING:biomolecule.py:157:num_missing_heavy:Missing atom CD in residue GLN A 170
2024-02-28 14:58:40,448 WARNING:biomolecule.py:157:num_missing_heavy:Missing atom OE1 in residue GLN A 170
2024-02-28 14:58:40,448 WARNING:biomolecule.py:157:num_missing_heavy:Missing atom NE2 in residue GLN A 170
2024-02-28 14:58:40,448 WARNING:biomolecule.py:157:num_missing_heavy:Missing atom CG in residue ARG A 197
2024-02-28 14:58:40,448 WARNING:biomolecule.py:157:num_missing_heavy:Missing atom CD in residue ARG A 197
2024-02-28 14:58:40,449 WARNING:biomolecule.py:157:num_missing_heavy:Missing atom NE in residue ARG A 197
2024-02-28 14:58:40,449 WARNING:biomolecule.py:157:num_missing_heavy:Missing atom CZ in residue ARG A 197
2024-02-28 14:58:40,449 WARNING:biomolecule.py:157:num_missing_heavy:Missing atom NH1 in residue ARG A 197
2024-02-28 14:58:40,449 WARNING:biomolecule.py:157:num_missing_heavy:Missing atom NH2 in residue ARG A 197
2024-02-28 14:58:40,449 WARNING:biomolecule.py:157:num_missing_heavy:Missing atom CG in residue GLN A 204
2024-02-28 14:58:40,449 WARNING:biomolecule.py:157:num_missing_heavy:Missing atom CD in residue GLN A 204
2024-02-28 14:58:40,449 WARNING:biomolecule.py:157:num_missing_heavy:Missing atom OE1 in residue GLN A 204
2024-02-28 14:58:40,449 WARNING:biomolecule.py:157:num_missing_heavy:Missing atom NE2 in residue GLN A 204
2024-02-28 14:58:40,449 WARNING:biomolecule.py:157:num_missing_heavy:Missing atom CD in residue LYS A 240
2024-02-28 14:58:40,449 WARNING:biomolecule.py:157:num_missing_heavy:Missing atom CE in residue LYS A 240
2024-02-28 14:58:40,449 WARNING:biomolecule.py:157:num_missing_heavy:Missing atom NZ in residue LYS A 240
2024-02-28 14:58:40,449 WARNING:biomolecule.py:157:num_missing_heavy:Missing atom CD in residue GLU A 244
2024-02-28 14:58:40,449 WARNING:biomolecule.py:157:num_missing_heavy:Missing atom OE1 in residue GLU A 244
2024-02-28 14:58:40,449 WARNING:biomolecule.py:157:num_missing_heavy:Missing atom OE2 in residue GLU A 244
2024-02-28 14:58:40,449 WARNING:biomolecule.py:157:num_missing_heavy:Missing atom CG in residue LYS A 276
2024-02-28 14:58:40,449 WARNING:biomolecule.py:157:num_missing_heavy:Missing atom CD in residue LYS A 276
2024-02-28 14:58:40,449 WARNING:biomolecule.py:157:num_missing_heavy:Missing atom CE in residue LYS A 276
2024-02-28 14:58:40,449 WARNING:biomolecule.py:157:num_missing_heavy:Missing atom NZ in residue LYS A 276
2024-02-28 14:58:40,449 WARNING:biomolecule.py:157:num_missing_heavy:Missing atom CG in residue GLU A 277
2024-02-28 14:58:40,449 WARNING:biomolecule.py:157:num_missing_heavy:Missing atom CD in residue GLU A 277
2024-02-28 14:58:40,449 WARNING:biomolecule.py:157:num_missing_heavy:Missing atom OE1 in residue GLU A 277
2024-02-28 14:58:40,449 WARNING:biomolecule.py:157:num_missing_heavy:Missing atom OE2 in residue GLU A 277
2024-02-28 14:58:40,450 WARNING:biomolecule.py:157:num_missing_heavy:Missing atom CG in residue GLU A 280
2024-02-28 14:58:40,450 WARNING:biomolecule.py:157:num_missing_heavy:Missing atom CD in residue GLU A 280
2024-02-28 14:58:40,450 WARNING:biomolecule.py:157:num_missing_heavy:Missing atom OE1 in residue GLU A 280
2024-02-28 14:58:40,450 WARNING:biomolecule.py:157:num_missing_heavy:Missing atom OE2 in residue GLU A 280
2024-02-28 14:58:40,450 WARNING:biomolecule.py:157:num_missing_heavy:Missing atom CD in residue GLU A 292
2024-02-28 14:58:40,450 WARNING:biomolecule.py:157:num_missing_heavy:Missing atom OE1 in residue GLU A 292
2024-02-28 14:58:40,450 WARNING:biomolecule.py:157:num_missing_heavy:Missing atom OE2 in residue GLU A 292
2024-02-28 14:58:40,450 WARNING:biomolecule.py:157:num_missing_heavy:Missing atom CG in residue ASP A 301
2024-02-28 14:58:40,450 WARNING:biomolecule.py:157:num_missing_heavy:Missing atom OD1 in residue ASP A 301
2024-02-28 14:58:40,450 WARNING:biomolecule.py:157:num_missing_heavy:Missing atom OD2 in residue ASP A 301
2024-02-28 14:58:40,450 WARNING:biomolecule.py:157:num_missing_heavy:Missing atom CG in residue LYS A 313
2024-02-28 14:58:40,450 WARNING:biomolecule.py:157:num_missing_heavy:Missing atom CD in residue LYS A 313
2024-02-28 14:58:40,450 WARNING:biomolecule.py:157:num_missing_heavy:Missing atom CE in residue LYS A 313
2024-02-28 14:58:40,450 WARNING:biomolecule.py:157:num_missing_heavy:Missing atom NZ in residue LYS A 313
2024-02-28 14:58:40,450 WARNING:biomolecule.py:157:num_missing_heavy:Missing atom CG in residue LYS A 317
2024-02-28 14:58:40,450 WARNING:biomolecule.py:157:num_missing_heavy:Missing atom CD in residue LYS A 317
2024-02-28 14:58:40,450 WARNING:biomolecule.py:157:num_missing_heavy:Missing atom CE in residue LYS A 317
2024-02-28 14:58:40,450 WARNING:biomolecule.py:157:num_missing_heavy:Missing atom NZ in residue LYS A 317
2024-02-28 14:58:40,450 WARNING:biomolecule.py:157:num_missing_heavy:Missing atom CG in residue LYS A 359
2024-02-28 14:58:40,450 WARNING:biomolecule.py:157:num_missing_heavy:Missing atom CD in residue LYS A 359
2024-02-28 14:58:40,450 WARNING:biomolecule.py:157:num_missing_heavy:Missing atom CE in residue LYS A 359
2024-02-28 14:58:40,450 WARNING:biomolecule.py:157:num_missing_heavy:Missing atom NZ in residue LYS A 359
2024-02-28 14:58:40,450 WARNING:biomolecule.py:157:num_missing_heavy:Missing atom CG in residue GLU A 368
2024-02-28 14:58:40,451 WARNING:biomolecule.py:157:num_missing_heavy:Missing atom CD in residue GLU A 368
2024-02-28 14:58:40,451 WARNING:biomolecule.py:157:num_missing_heavy:Missing atom OE1 in residue GLU A 368
2024-02-28 14:58:40,451 WARNING:biomolecule.py:157:num_missing_heavy:Missing atom OE2 in residue GLU A 368
2024-02-28 14:58:40,451 WARNING:biomolecule.py:157:num_missing_heavy:Missing atom CG in residue LYS A 372
2024-02-28 14:58:40,451 WARNING:biomolecule.py:157:num_missing_heavy:Missing atom CD in residue LYS A 372
2024-02-28 14:58:40,451 WARNING:biomolecule.py:157:num_missing_heavy:Missing atom CE in residue LYS A 372
2024-02-28 14:58:40,451 WARNING:biomolecule.py:157:num_missing_heavy:Missing atom NZ in residue LYS A 372
2024-02-28 14:58:40,451 WARNING:biomolecule.py:157:num_missing_heavy:Missing atom CG in residue LYS A 389
2024-02-28 14:58:40,451 WARNING:biomolecule.py:157:num_missing_heavy:Missing atom CD in residue LYS A 389
2024-02-28 14:58:40,451 WARNING:biomolecule.py:157:num_missing_heavy:Missing atom CE in residue LYS A 389
2024-02-28 14:58:40,451 WARNING:biomolecule.py:157:num_missing_heavy:Missing atom NZ in residue LYS A 389
2024-02-28 14:58:40,451 WARNING:biomolecule.py:157:num_missing_heavy:Missing atom CD in residue LYS A 402
2024-02-28 14:58:40,451 WARNING:biomolecule.py:157:num_missing_heavy:Missing atom CE in residue LYS A 402
2024-02-28 14:58:40,451 WARNING:biomolecule.py:157:num_missing_heavy:Missing atom NZ in residue LYS A 402
2024-02-28 14:58:40,451 WARNING:biomolecule.py:157:num_missing_heavy:Missing atom CG in residue LYS A 439
2024-02-28 14:58:40,451 WARNING:biomolecule.py:157:num_missing_heavy:Missing atom CD in residue LYS A 439
2024-02-28 14:58:40,451 WARNING:biomolecule.py:157:num_missing_heavy:Missing atom CE in residue LYS A 439
2024-02-28 14:58:40,451 WARNING:biomolecule.py:157:num_missing_heavy:Missing atom NZ in residue LYS A 439
2024-02-28 14:58:40,451 WARNING:biomolecule.py:157:num_missing_heavy:Missing atom CD in residue LYS A 444
2024-02-28 14:58:40,451 WARNING:biomolecule.py:157:num_missing_heavy:Missing atom CE in residue LYS A 444
2024-02-28 14:58:40,451 WARNING:biomolecule.py:157:num_missing_heavy:Missing atom NZ in residue LYS A 444
2024-02-28 14:58:40,451 WARNING:biomolecule.py:157:num_missing_heavy:Missing atom CE in residue LYS A 466
2024-02-28 14:58:40,451 WARNING:biomolecule.py:157:num_missing_heavy:Missing atom NZ in residue LYS A 466
2024-02-28 14:58:40,452 WARNING:biomolecule.py:157:num_missing_heavy:Missing atom CG in residue GLU A 501
2024-02-28 14:58:40,452 WARNING:biomolecule.py:157:num_missing_heavy:Missing atom CD in residue GLU A 501
2024-02-28 14:58:40,452 WARNING:biomolecule.py:157:num_missing_heavy:Missing atom OE1 in residue GLU A 501
2024-02-28 14:58:40,452 WARNING:biomolecule.py:157:num_missing_heavy:Missing atom OE2 in residue GLU A 501
2024-02-28 14:58:40,452 WARNING:biomolecule.py:157:num_missing_heavy:Missing atom CG in residue GLU A 505
2024-02-28 14:58:40,452 WARNING:biomolecule.py:157:num_missing_heavy:Missing atom CD in residue GLU A 505
2024-02-28 14:58:40,452 WARNING:biomolecule.py:157:num_missing_heavy:Missing atom OE1 in residue GLU A 505
2024-02-28 14:58:40,452 WARNING:biomolecule.py:157:num_missing_heavy:Missing atom OE2 in residue GLU A 505
2024-02-28 14:58:40,452 WARNING:biomolecule.py:157:num_missing_heavy:Missing atom CG in residue LYS A 519
2024-02-28 14:58:40,452 WARNING:biomolecule.py:157:num_missing_heavy:Missing atom CD in residue LYS A 519
2024-02-28 14:58:40,452 WARNING:biomolecule.py:157:num_missing_heavy:Missing atom CE in residue LYS A 519
2024-02-28 14:58:40,452 WARNING:biomolecule.py:157:num_missing_heavy:Missing atom NZ in residue LYS A 519
2024-02-28 14:58:40,452 WARNING:biomolecule.py:157:num_missing_heavy:Missing atom CE in residue LYS A 524
2024-02-28 14:58:40,452 WARNING:biomolecule.py:157:num_missing_heavy:Missing atom NZ in residue LYS A 524
2024-02-28 14:58:40,452 WARNING:biomolecule.py:157:num_missing_heavy:Missing atom CD in residue LYS A 536
2024-02-28 14:58:40,452 WARNING:biomolecule.py:157:num_missing_heavy:Missing atom CE in residue LYS A 536
2024-02-28 14:58:40,452 WARNING:biomolecule.py:157:num_missing_heavy:Missing atom NZ in residue LYS A 536
2024-02-28 14:58:40,452 WARNING:biomolecule.py:157:num_missing_heavy:Missing atom CG in residue LYS A 541
2024-02-28 14:58:40,452 WARNING:biomolecule.py:157:num_missing_heavy:Missing atom CD in residue LYS A 541
2024-02-28 14:58:40,452 WARNING:biomolecule.py:157:num_missing_heavy:Missing atom CE in residue LYS A 541
2024-02-28 14:58:40,452 WARNING:biomolecule.py:157:num_missing_heavy:Missing atom NZ in residue LYS A 541
2024-02-28 14:58:40,452 WARNING:biomolecule.py:157:num_missing_heavy:Missing atom CG in residue ASP A 549
2024-02-28 14:58:40,452 WARNING:biomolecule.py:157:num_missing_heavy:Missing atom OD1 in residue ASP A 549
2024-02-28 14:58:40,452 WARNING:biomolecule.py:157:num_missing_heavy:Missing atom OD2 in residue ASP A 549
2024-02-28 14:58:40,452 WARNING:biomolecule.py:157:num_missing_heavy:Missing atom CG in residue GLU A 556
2024-02-28 14:58:40,452 WARNING:biomolecule.py:157:num_missing_heavy:Missing atom CD in residue GLU A 556
2024-02-28 14:58:40,453 WARNING:biomolecule.py:157:num_missing_heavy:Missing atom OE1 in residue GLU A 556
2024-02-28 14:58:40,453 WARNING:biomolecule.py:157:num_missing_heavy:Missing atom OE2 in residue GLU A 556
2024-02-28 14:58:40,453 WARNING:biomolecule.py:157:num_missing_heavy:Missing atom CD in residue LYS A 557
2024-02-28 14:58:40,453 WARNING:biomolecule.py:157:num_missing_heavy:Missing atom CE in residue LYS A 557
2024-02-28 14:58:40,453 WARNING:biomolecule.py:157:num_missing_heavy:Missing atom NZ in residue LYS A 557
2024-02-28 14:58:40,453 WARNING:biomolecule.py:157:num_missing_heavy:Missing atom CG in residue ASP A 562
2024-02-28 14:58:40,453 WARNING:biomolecule.py:157:num_missing_heavy:Missing atom OD1 in residue ASP A 562
2024-02-28 14:58:40,453 WARNING:biomolecule.py:157:num_missing_heavy:Missing atom OD2 in residue ASP A 562
2024-02-28 14:58:40,453 WARNING:biomolecule.py:157:num_missing_heavy:Missing atom CG in residue LYS A 564
2024-02-28 14:58:40,453 WARNING:biomolecule.py:157:num_missing_heavy:Missing atom CD in residue LYS A 564
2024-02-28 14:58:40,453 WARNING:biomolecule.py:157:num_missing_heavy:Missing atom CE in residue LYS A 564
2024-02-28 14:58:40,453 WARNING:biomolecule.py:157:num_missing_heavy:Missing atom NZ in residue LYS A 564
2024-02-28 14:58:40,453 WARNING:biomolecule.py:157:num_missing_heavy:Missing atom CG in residue PHE A 568
2024-02-28 14:58:40,453 WARNING:biomolecule.py:157:num_missing_heavy:Missing atom CD1 in residue PHE A 568
2024-02-28 14:58:40,453 WARNING:biomolecule.py:157:num_missing_heavy:Missing atom CD2 in residue PHE A 568
2024-02-28 14:58:40,453 WARNING:biomolecule.py:157:num_missing_heavy:Missing atom CE1 in residue PHE A 568
2024-02-28 14:58:40,453 WARNING:biomolecule.py:157:num_missing_heavy:Missing atom CE2 in residue PHE A 568
2024-02-28 14:58:40,453 WARNING:biomolecule.py:157:num_missing_heavy:Missing atom CZ in residue PHE A 568
2024-02-28 14:58:40,453 WARNING:biomolecule.py:157:num_missing_heavy:Missing atom CG in residue GLU A 570
2024-02-28 14:58:40,453 WARNING:biomolecule.py:157:num_missing_heavy:Missing atom CD in residue GLU A 570
2024-02-28 14:58:40,453 WARNING:biomolecule.py:157:num_missing_heavy:Missing atom OE1 in residue GLU A 570
2024-02-28 14:58:40,453 WARNING:biomolecule.py:157:num_missing_heavy:Missing atom OE2 in residue GLU A 570
2024-02-28 14:58:40,453 WARNING:biomolecule.py:157:num_missing_heavy:Missing atom CD in residue LYS A 573
2024-02-28 14:58:40,453 WARNING:biomolecule.py:157:num_missing_heavy:Missing atom CE in residue LYS A 573
2024-02-28 14:58:40,453 WARNING:biomolecule.py:157:num_missing_heavy:Missing atom NZ in residue LYS A 573
2024-02-28 14:58:40,453 WARNING:biomolecule.py:157:num_missing_heavy:Missing atom CD in residue GLN A 580
2024-02-28 14:58:40,453 WARNING:biomolecule.py:157:num_missing_heavy:Missing atom OE1 in residue GLN A 580
2024-02-28 14:58:40,453 WARNING:biomolecule.py:157:num_missing_heavy:Missing atom NE2 in residue GLN A 580
2024-02-28 14:58:40,453 WARNING:biomolecule.py:157:num_missing_heavy:Missing atom OXT in residue GLY A 584
2024-02-28 14:58:40,454 WARNING:biomolecule.py:157:num_missing_heavy:Missing atom CE in residue LYS A 41
2024-02-28 14:58:40,454 WARNING:biomolecule.py:157:num_missing_heavy:Missing atom NZ in residue LYS A 41
2024-02-28 14:58:40,454 WARNING:biomolecule.py:157:num_missing_heavy:Missing atom CG in residue GLU A 82
2024-02-28 14:58:40,454 WARNING:biomolecule.py:157:num_missing_heavy:Missing atom CD in residue GLU A 82
2024-02-28 14:58:40,454 WARNING:biomolecule.py:157:num_missing_heavy:Missing atom OE1 in residue GLU A 82
2024-02-28 14:58:40,454 WARNING:biomolecule.py:157:num_missing_heavy:Missing atom OE2 in residue GLU A 82
2024-02-28 14:58:40,454 WARNING:biomolecule.py:157:num_missing_heavy:Missing atom CG in residue ASP A 108
2024-02-28 14:58:40,454 WARNING:biomolecule.py:157:num_missing_heavy:Missing atom OD1 in residue ASP A 108
2024-02-28 14:58:40,454 WARNING:biomolecule.py:157:num_missing_heavy:Missing atom OD2 in residue ASP A 108
2024-02-28 14:58:40,454 WARNING:biomolecule.py:157:num_missing_heavy:Missing atom CG in residue ASN A 109
2024-02-28 14:58:40,454 WARNING:biomolecule.py:157:num_missing_heavy:Missing atom OD1 in residue ASN A 109
2024-02-28 14:58:40,454 WARNING:biomolecule.py:157:num_missing_heavy:Missing atom ND2 in residue ASN A 109
2024-02-28 14:58:40,454 WARNING:biomolecule.py:157:num_missing_heavy:Missing atom CG in residue GLN A 170
2024-02-28 14:58:40,454 WARNING:biomolecule.py:157:num_missing_heavy:Missing atom CD in residue GLN A 170
2024-02-28 14:58:40,454 WARNING:biomolecule.py:157:num_missing_heavy:Missing atom OE1 in residue GLN A 170
2024-02-28 14:58:40,454 WARNING:biomolecule.py:157:num_missing_heavy:Missing atom NE2 in residue GLN A 170
2024-02-28 14:58:40,455 WARNING:biomolecule.py:157:num_missing_heavy:Missing atom CG in residue ARG A 197
2024-02-28 14:58:40,455 WARNING:biomolecule.py:157:num_missing_heavy:Missing atom CD in residue ARG A 197
2024-02-28 14:58:40,455 WARNING:biomolecule.py:157:num_missing_heavy:Missing atom NE in residue ARG A 197
2024-02-28 14:58:40,455 WARNING:biomolecule.py:157:num_missing_heavy:Missing atom CZ in residue ARG A 197
2024-02-28 14:58:40,455 WARNING:biomolecule.py:157:num_missing_heavy:Missing atom NH1 in residue ARG A 197
2024-02-28 14:58:40,455 WARNING:biomolecule.py:157:num_missing_heavy:Missing atom NH2 in residue ARG A 197
2024-02-28 14:58:40,455 WARNING:biomolecule.py:157:num_missing_heavy:Missing atom CG in residue GLN A 204
2024-02-28 14:58:40,455 WARNING:biomolecule.py:157:num_missing_heavy:Missing atom CD in residue GLN A 204
2024-02-28 14:58:40,455 WARNING:biomolecule.py:157:num_missing_heavy:Missing atom OE1 in residue GLN A 204
2024-02-28 14:58:40,455 WARNING:biomolecule.py:157:num_missing_heavy:Missing atom NE2 in residue GLN A 204
2024-02-28 14:58:40,455 WARNING:biomolecule.py:157:num_missing_heavy:Missing atom CD in residue LYS A 240
2024-02-28 14:58:40,455 WARNING:biomolecule.py:157:num_missing_heavy:Missing atom CE in residue LYS A 240
2024-02-28 14:58:40,455 WARNING:biomolecule.py:157:num_missing_heavy:Missing atom NZ in residue LYS A 240
2024-02-28 14:58:40,455 WARNING:biomolecule.py:157:num_missing_heavy:Missing atom CD in residue GLU A 244
2024-02-28 14:58:40,455 WARNING:biomolecule.py:157:num_missing_heavy:Missing atom OE1 in residue GLU A 244
2024-02-28 14:58:40,455 WARNING:biomolecule.py:157:num_missing_heavy:Missing atom OE2 in residue GLU A 244
2024-02-28 14:58:40,455 WARNING:biomolecule.py:157:num_missing_heavy:Missing atom CG in residue LYS A 276
2024-02-28 14:58:40,455 WARNING:biomolecule.py:157:num_missing_heavy:Missing atom CD in residue LYS A 276
2024-02-28 14:58:40,455 WARNING:biomolecule.py:157:num_missing_heavy:Missing atom CE in residue LYS A 276
2024-02-28 14:58:40,455 WARNING:biomolecule.py:157:num_missing_heavy:Missing atom NZ in residue LYS A 276
2024-02-28 14:58:40,455 WARNING:biomolecule.py:157:num_missing_heavy:Missing atom CG in residue GLU A 277
2024-02-28 14:58:40,455 WARNING:biomolecule.py:157:num_missing_heavy:Missing atom CD in residue GLU A 277
2024-02-28 14:58:40,455 WARNING:biomolecule.py:157:num_missing_heavy:Missing atom OE1 in residue GLU A 277
2024-02-28 14:58:40,455 WARNING:biomolecule.py:157:num_missing_heavy:Missing atom OE2 in residue GLU A 277
2024-02-28 14:58:40,456 WARNING:biomolecule.py:157:num_missing_heavy:Missing atom CG in residue GLU A 280
2024-02-28 14:58:40,456 WARNING:biomolecule.py:157:num_missing_heavy:Missing atom CD in residue GLU A 280
2024-02-28 14:58:40,456 WARNING:biomolecule.py:157:num_missing_heavy:Missing atom OE1 in residue GLU A 280
2024-02-28 14:58:40,456 WARNING:biomolecule.py:157:num_missing_heavy:Missing atom OE2 in residue GLU A 280
2024-02-28 14:58:40,456 WARNING:biomolecule.py:157:num_missing_heavy:Missing atom CD in residue GLU A 292
2024-02-28 14:58:40,456 WARNING:biomolecule.py:157:num_missing_heavy:Missing atom OE1 in residue GLU A 292
2024-02-28 14:58:40,456 WARNING:biomolecule.py:157:num_missing_heavy:Missing atom OE2 in residue GLU A 292
2024-02-28 14:58:40,456 WARNING:biomolecule.py:157:num_missing_heavy:Missing atom CG in residue ASP A 301
2024-02-28 14:58:40,456 WARNING:biomolecule.py:157:num_missing_heavy:Missing atom OD1 in residue ASP A 301
2024-02-28 14:58:40,456 WARNING:biomolecule.py:157:num_missing_heavy:Missing atom OD2 in residue ASP A 301
2024-02-28 14:58:40,456 WARNING:biomolecule.py:157:num_missing_heavy:Missing atom CG in residue LYS A 313
2024-02-28 14:58:40,456 WARNING:biomolecule.py:157:num_missing_heavy:Missing atom CD in residue LYS A 313
2024-02-28 14:58:40,456 WARNING:biomolecule.py:157:num_missing_heavy:Missing atom CE in residue LYS A 313
2024-02-28 14:58:40,456 WARNING:biomolecule.py:157:num_missing_heavy:Missing atom NZ in residue LYS A 313
2024-02-28 14:58:40,456 WARNING:biomolecule.py:157:num_missing_heavy:Missing atom CG in residue LYS A 317
2024-02-28 14:58:40,456 WARNING:biomolecule.py:157:num_missing_heavy:Missing atom CD in residue LYS A 317
2024-02-28 14:58:40,456 WARNING:biomolecule.py:157:num_missing_heavy:Missing atom CE in residue LYS A 317
2024-02-28 14:58:40,456 WARNING:biomolecule.py:157:num_missing_heavy:Missing atom NZ in residue LYS A 317
2024-02-28 14:58:40,456 WARNING:biomolecule.py:157:num_missing_heavy:Missing atom CG in residue LYS A 359
2024-02-28 14:58:40,456 WARNING:biomolecule.py:157:num_missing_heavy:Missing atom CD in residue LYS A 359
2024-02-28 14:58:40,456 WARNING:biomolecule.py:157:num_missing_heavy:Missing atom CE in residue LYS A 359
2024-02-28 14:58:40,456 WARNING:biomolecule.py:157:num_missing_heavy:Missing atom NZ in residue LYS A 359
2024-02-28 14:58:40,456 WARNING:biomolecule.py:157:num_missing_heavy:Missing atom CG in residue GLU A 368
2024-02-28 14:58:40,456 WARNING:biomolecule.py:157:num_missing_heavy:Missing atom CD in residue GLU A 368
2024-02-28 14:58:40,456 WARNING:biomolecule.py:157:num_missing_heavy:Missing atom OE1 in residue GLU A 368
2024-02-28 14:58:40,457 WARNING:biomolecule.py:157:num_missing_heavy:Missing atom OE2 in residue GLU A 368
2024-02-28 14:58:40,457 WARNING:biomolecule.py:157:num_missing_heavy:Missing atom CG in residue LYS A 372
2024-02-28 14:58:40,457 WARNING:biomolecule.py:157:num_missing_heavy:Missing atom CD in residue LYS A 372
2024-02-28 14:58:40,457 WARNING:biomolecule.py:157:num_missing_heavy:Missing atom CE in residue LYS A 372
2024-02-28 14:58:40,457 WARNING:biomolecule.py:157:num_missing_heavy:Missing atom NZ in residue LYS A 372
2024-02-28 14:58:40,457 WARNING:biomolecule.py:157:num_missing_heavy:Missing atom CG in residue LYS A 389
2024-02-28 14:58:40,457 WARNING:biomolecule.py:157:num_missing_heavy:Missing atom CD in residue LYS A 389
2024-02-28 14:58:40,457 WARNING:biomolecule.py:157:num_missing_heavy:Missing atom CE in residue LYS A 389
2024-02-28 14:58:40,457 WARNING:biomolecule.py:157:num_missing_heavy:Missing atom NZ in residue LYS A 389
2024-02-28 14:58:40,457 WARNING:biomolecule.py:157:num_missing_heavy:Missing atom CD in residue LYS A 402
2024-02-28 14:58:40,457 WARNING:biomolecule.py:157:num_missing_heavy:Missing atom CE in residue LYS A 402
2024-02-28 14:58:40,457 WARNING:biomolecule.py:157:num_missing_heavy:Missing atom NZ in residue LYS A 402
2024-02-28 14:58:40,457 WARNING:biomolecule.py:157:num_missing_heavy:Missing atom CG in residue LYS A 439
2024-02-28 14:58:40,457 WARNING:biomolecule.py:157:num_missing_heavy:Missing atom CD in residue LYS A 439
2024-02-28 14:58:40,457 WARNING:biomolecule.py:157:num_missing_heavy:Missing atom CE in residue LYS A 439
2024-02-28 14:58:40,457 WARNING:biomolecule.py:157:num_missing_heavy:Missing atom NZ in residue LYS A 439
2024-02-28 14:58:40,457 WARNING:biomolecule.py:157:num_missing_heavy:Missing atom CD in residue LYS A 444
2024-02-28 14:58:40,457 WARNING:biomolecule.py:157:num_missing_heavy:Missing atom CE in residue LYS A 444
2024-02-28 14:58:40,457 WARNING:biomolecule.py:157:num_missing_heavy:Missing atom NZ in residue LYS A 444
2024-02-28 14:58:40,457 WARNING:biomolecule.py:157:num_missing_heavy:Missing atom CE in residue LYS A 466
2024-02-28 14:58:40,457 WARNING:biomolecule.py:157:num_missing_heavy:Missing atom NZ in residue LYS A 466
2024-02-28 14:58:40,458 WARNING:biomolecule.py:157:num_missing_heavy:Missing atom CG in residue GLU A 501
2024-02-28 14:58:40,458 WARNING:biomolecule.py:157:num_missing_heavy:Missing atom CD in residue GLU A 501
2024-02-28 14:58:40,458 WARNING:biomolecule.py:157:num_missing_heavy:Missing atom OE1 in residue GLU A 501
2024-02-28 14:58:40,458 WARNING:biomolecule.py:157:num_missing_heavy:Missing atom OE2 in residue GLU A 501
2024-02-28 14:58:40,458 WARNING:biomolecule.py:157:num_missing_heavy:Missing atom CG in residue GLU A 505
2024-02-28 14:58:40,458 WARNING:biomolecule.py:157:num_missing_heavy:Missing atom CD in residue GLU A 505
2024-02-28 14:58:40,458 WARNING:biomolecule.py:157:num_missing_heavy:Missing atom OE1 in residue GLU A 505
2024-02-28 14:58:40,459 WARNING:biomolecule.py:157:num_missing_heavy:Missing atom OE2 in residue GLU A 505
2024-02-28 14:58:40,459 WARNING:biomolecule.py:157:num_missing_heavy:Missing atom CG in residue LYS A 519
2024-02-28 14:58:40,460 WARNING:biomolecule.py:157:num_missing_heavy:Missing atom CD in residue LYS A 519
2024-02-28 14:58:40,460 WARNING:biomolecule.py:157:num_missing_heavy:Missing atom CE in residue LYS A 519
2024-02-28 14:58:40,460 WARNING:biomolecule.py:157:num_missing_heavy:Missing atom NZ in residue LYS A 519
2024-02-28 14:58:40,460 WARNING:biomolecule.py:157:num_missing_heavy:Missing atom CE in residue LYS A 524
2024-02-28 14:58:40,460 WARNING:biomolecule.py:157:num_missing_heavy:Missing atom NZ in residue LYS A 524
2024-02-28 14:58:40,460 WARNING:biomolecule.py:157:num_missing_heavy:Missing atom CD in residue LYS A 536
2024-02-28 14:58:40,460 WARNING:biomolecule.py:157:num_missing_heavy:Missing atom CE in residue LYS A 536
2024-02-28 14:58:40,460 WARNING:biomolecule.py:157:num_missing_heavy:Missing atom NZ in residue LYS A 536
2024-02-28 14:58:40,460 WARNING:biomolecule.py:157:num_missing_heavy:Missing atom CG in residue LYS A 541
2024-02-28 14:58:40,460 WARNING:biomolecule.py:157:num_missing_heavy:Missing atom CD in residue LYS A 541
2024-02-28 14:58:40,460 WARNING:biomolecule.py:157:num_missing_heavy:Missing atom CE in residue LYS A 541
2024-02-28 14:58:40,460 WARNING:biomolecule.py:157:num_missing_heavy:Missing atom NZ in residue LYS A 541
2024-02-28 14:58:40,460 WARNING:biomolecule.py:157:num_missing_heavy:Missing atom CG in residue ASP A 549
2024-02-28 14:58:40,460 WARNING:biomolecule.py:157:num_missing_heavy:Missing atom OD1 in residue ASP A 549
2024-02-28 14:58:40,460 WARNING:biomolecule.py:157:num_missing_heavy:Missing atom OD2 in residue ASP A 549
2024-02-28 14:58:40,460 WARNING:biomolecule.py:157:num_missing_heavy:Missing atom CG in residue GLU A 556
2024-02-28 14:58:40,460 WARNING:biomolecule.py:157:num_missing_heavy:Missing atom CD in residue GLU A 556
2024-02-28 14:58:40,460 WARNING:biomolecule.py:157:num_missing_heavy:Missing atom OE1 in residue GLU A 556
2024-02-28 14:58:40,460 WARNING:biomolecule.py:157:num_missing_heavy:Missing atom OE2 in residue GLU A 556
2024-02-28 14:58:40,460 WARNING:biomolecule.py:157:num_missing_heavy:Missing atom CD in residue LYS A 557
2024-02-28 14:58:40,460 WARNING:biomolecule.py:157:num_missing_heavy:Missing atom CE in residue LYS A 557
2024-02-28 14:58:40,460 WARNING:biomolecule.py:157:num_missing_heavy:Missing atom NZ in residue LYS A 557
2024-02-28 14:58:40,460 WARNING:biomolecule.py:157:num_missing_heavy:Missing atom CG in residue ASP A 562
2024-02-28 14:58:40,460 WARNING:biomolecule.py:157:num_missing_heavy:Missing atom OD1 in residue ASP A 562
2024-02-28 14:58:40,460 WARNING:biomolecule.py:157:num_missing_heavy:Missing atom OD2 in residue ASP A 562
2024-02-28 14:58:40,460 WARNING:biomolecule.py:157:num_missing_heavy:Missing atom CG in residue LYS A 564
2024-02-28 14:58:40,460 WARNING:biomolecule.py:157:num_missing_heavy:Missing atom CD in residue LYS A 564
2024-02-28 14:58:40,460 WARNING:biomolecule.py:157:num_missing_heavy:Missing atom CE in residue LYS A 564
2024-02-28 14:58:40,460 WARNING:biomolecule.py:157:num_missing_heavy:Missing atom NZ in residue LYS A 564
2024-02-28 14:58:40,460 WARNING:biomolecule.py:157:num_missing_heavy:Missing atom CG in residue PHE A 568
2024-02-28 14:58:40,461 WARNING:biomolecule.py:157:num_missing_heavy:Missing atom CD1 in residue PHE A 568
2024-02-28 14:58:40,461 WARNING:biomolecule.py:157:num_missing_heavy:Missing atom CD2 in residue PHE A 568
2024-02-28 14:58:40,461 WARNING:biomolecule.py:157:num_missing_heavy:Missing atom CE1 in residue PHE A 568
2024-02-28 14:58:40,461 WARNING:biomolecule.py:157:num_missing_heavy:Missing atom CE2 in residue PHE A 568
2024-02-28 14:58:40,461 WARNING:biomolecule.py:157:num_missing_heavy:Missing atom CZ in residue PHE A 568
2024-02-28 14:58:40,461 WARNING:biomolecule.py:157:num_missing_heavy:Missing atom CG in residue GLU A 570
2024-02-28 14:58:40,461 WARNING:biomolecule.py:157:num_missing_heavy:Missing atom CD in residue GLU A 570
2024-02-28 14:58:40,461 WARNING:biomolecule.py:157:num_missing_heavy:Missing atom OE1 in residue GLU A 570
2024-02-28 14:58:40,461 WARNING:biomolecule.py:157:num_missing_heavy:Missing atom OE2 in residue GLU A 570
2024-02-28 14:58:40,461 WARNING:biomolecule.py:157:num_missing_heavy:Missing atom CD in residue LYS A 573
2024-02-28 14:58:40,461 WARNING:biomolecule.py:157:num_missing_heavy:Missing atom CE in residue LYS A 573
2024-02-28 14:58:40,461 WARNING:biomolecule.py:157:num_missing_heavy:Missing atom NZ in residue LYS A 573
2024-02-28 14:58:40,461 WARNING:biomolecule.py:157:num_missing_heavy:Missing atom CD in residue GLN A 580
2024-02-28 14:58:40,461 WARNING:biomolecule.py:157:num_missing_heavy:Missing atom OE1 in residue GLN A 580
2024-02-28 14:58:40,461 WARNING:biomolecule.py:157:num_missing_heavy:Missing atom NE2 in residue GLN A 580
2024-02-28 14:58:40,461 WARNING:biomolecule.py:157:num_missing_heavy:Missing atom OXT in residue GLY A 584
