2024-02-28 14:06:46,172 WARNING:biomolecule.py:992:create_residue:Unable to find amino or nucleic acid definition for NOJ.  Parsing as new residue.
2024-02-28 14:06:46,172 WARNING:biomolecule.py:992:create_residue:Unable to find amino or nucleic acid definition for ACT.  Parsing as new residue.
2024-02-28 14:06:46,175 WARNING:biomolecule.py:992:create_residue:Unable to find amino or nucleic acid definition for NOJ.  Parsing as new residue.
2024-02-28 14:06:46,177 WARNING:biomolecule.py:992:create_residue:Unable to find amino or nucleic acid definition for CA.  Parsing as new residue.
2024-02-28 14:06:46,186 WARNING:main.py:418:setup_molecule:Multiple occupancies found: CA in LYS A 131.
2024-02-28 14:06:46,186 WARNING:main.py:418:setup_molecule:Multiple occupancies found: CB in LYS A 131.
2024-02-28 14:06:46,191 WARNING:main.py:418:setup_molecule:Multiple occupancies found: CG in LYS A 131.
2024-02-28 14:06:46,191 WARNING:main.py:418:setup_molecule:Multiple occupancies found: CD in LYS A 131.
2024-02-28 14:06:46,191 WARNING:main.py:418:setup_molecule:Multiple occupancies found: CE in LYS A 131.
2024-02-28 14:06:46,191 WARNING:main.py:418:setup_molecule:Multiple occupancies found: NZ in LYS A 131.
2024-02-28 14:06:46,191 WARNING:main.py:424:setup_molecule:Multiple occupancies found in LYS A 131. At least one of the instances is being ignored.
2024-02-28 14:06:46,191 WARNING:main.py:418:setup_molecule:Multiple occupancies found: N in ARG A 148.
2024-02-28 14:06:46,191 WARNING:main.py:418:setup_molecule:Multiple occupancies found: CA in ARG A 148.
2024-02-28 14:06:46,191 WARNING:main.py:418:setup_molecule:Multiple occupancies found: C in ARG A 148.
2024-02-28 14:06:46,192 WARNING:main.py:418:setup_molecule:Multiple occupancies found: O in ARG A 148.
2024-02-28 14:06:46,192 WARNING:main.py:418:setup_molecule:Multiple occupancies found: CB in ARG A 148.
2024-02-28 14:06:46,194 WARNING:main.py:418:setup_molecule:Multiple occupancies found: CG in ARG A 148.
2024-02-28 14:06:46,196 WARNING:main.py:418:setup_molecule:Multiple occupancies found: CD in ARG A 148.
2024-02-28 14:06:46,196 WARNING:main.py:418:setup_molecule:Multiple occupancies found: NE in ARG A 148.
2024-02-28 14:06:46,196 WARNING:main.py:418:setup_molecule:Multiple occupancies found: CZ in ARG A 148.
2024-02-28 14:06:46,196 WARNING:main.py:418:setup_molecule:Multiple occupancies found: NH1 in ARG A 148.
2024-02-28 14:06:46,196 WARNING:main.py:418:setup_molecule:Multiple occupancies found: NH2 in ARG A 148.
2024-02-28 14:06:46,196 WARNING:main.py:424:setup_molecule:Multiple occupancies found in ARG A 148. At least one of the instances is being ignored.
2024-02-28 14:06:46,197 WARNING:main.py:418:setup_molecule:Multiple occupancies found: CA in MET A 184.
2024-02-28 14:06:46,197 WARNING:main.py:418:setup_molecule:Multiple occupancies found: CB in MET A 184.
2024-02-28 14:06:46,197 WARNING:main.py:418:setup_molecule:Multiple occupancies found: CG in MET A 184.
2024-02-28 14:06:46,197 WARNING:main.py:418:setup_molecule:Multiple occupancies found: SD in MET A 184.
2024-02-28 14:06:46,197 WARNING:main.py:418:setup_molecule:Multiple occupancies found: CE in MET A 184.
2024-02-28 14:06:46,197 WARNING:main.py:424:setup_molecule:Multiple occupancies found in MET A 184. At least one of the instances is being ignored.
2024-02-28 14:06:46,197 WARNING:main.py:418:setup_molecule:Multiple occupancies found: CA in ARG A 192.
2024-02-28 14:06:46,197 WARNING:main.py:418:setup_molecule:Multiple occupancies found: CB in ARG A 192.
2024-02-28 14:06:46,197 WARNING:main.py:418:setup_molecule:Multiple occupancies found: CG in ARG A 192.
2024-02-28 14:06:46,197 WARNING:main.py:418:setup_molecule:Multiple occupancies found: CD in ARG A 192.
2024-02-28 14:06:46,197 WARNING:main.py:418:setup_molecule:Multiple occupancies found: NE in ARG A 192.
2024-02-28 14:06:46,197 WARNING:main.py:418:setup_molecule:Multiple occupancies found: CZ in ARG A 192.
2024-02-28 14:06:46,197 WARNING:main.py:418:setup_molecule:Multiple occupancies found: NH1 in ARG A 192.
2024-02-28 14:06:46,197 WARNING:main.py:418:setup_molecule:Multiple occupancies found: NH2 in ARG A 192.
2024-02-28 14:06:46,197 WARNING:main.py:424:setup_molecule:Multiple occupancies found in ARG A 192. At least one of the instances is being ignored.
2024-02-28 14:06:46,198 WARNING:main.py:418:setup_molecule:Multiple occupancies found: CA in THR A 211.
2024-02-28 14:06:46,198 WARNING:main.py:418:setup_molecule:Multiple occupancies found: CB in THR A 211.
2024-02-28 14:06:46,206 WARNING:main.py:418:setup_molecule:Multiple occupancies found: OG1 in THR A 211.
2024-02-28 14:06:46,210 WARNING:main.py:418:setup_molecule:Multiple occupancies found: CG2 in THR A 211.
2024-02-28 14:06:46,212 WARNING:main.py:424:setup_molecule:Multiple occupancies found in THR A 211. At least one of the instances is being ignored.
2024-02-28 14:06:46,213 WARNING:main.py:418:setup_molecule:Multiple occupancies found: CA in ARG A 240.
2024-02-28 14:06:46,213 WARNING:main.py:418:setup_molecule:Multiple occupancies found: CB in ARG A 240.
2024-02-28 14:06:46,213 WARNING:main.py:418:setup_molecule:Multiple occupancies found: CG in ARG A 240.
2024-02-28 14:06:46,213 WARNING:main.py:418:setup_molecule:Multiple occupancies found: CD in ARG A 240.
2024-02-28 14:06:46,213 WARNING:main.py:418:setup_molecule:Multiple occupancies found: NE in ARG A 240.
2024-02-28 14:06:46,215 WARNING:main.py:418:setup_molecule:Multiple occupancies found: CZ in ARG A 240.
2024-02-28 14:06:46,215 WARNING:main.py:418:setup_molecule:Multiple occupancies found: NH1 in ARG A 240.
2024-02-28 14:06:46,215 WARNING:main.py:418:setup_molecule:Multiple occupancies found: NH2 in ARG A 240.
2024-02-28 14:06:46,215 WARNING:main.py:424:setup_molecule:Multiple occupancies found in ARG A 240. At least one of the instances is being ignored.
2024-02-28 14:06:46,215 WARNING:main.py:418:setup_molecule:Multiple occupancies found: CA in ASN A 246.
2024-02-28 14:06:46,215 WARNING:main.py:418:setup_molecule:Multiple occupancies found: CB in ASN A 246.
2024-02-28 14:06:46,215 WARNING:main.py:418:setup_molecule:Multiple occupancies found: CG in ASN A 246.
2024-02-28 14:06:46,215 WARNING:main.py:418:setup_molecule:Multiple occupancies found: OD1 in ASN A 246.
2024-02-28 14:06:46,215 WARNING:main.py:418:setup_molecule:Multiple occupancies found: ND2 in ASN A 246.
2024-02-28 14:06:46,215 WARNING:main.py:424:setup_molecule:Multiple occupancies found in ASN A 246. At least one of the instances is being ignored.
2024-02-28 14:06:46,215 WARNING:main.py:418:setup_molecule:Multiple occupancies found: CA in GLU A 282.
2024-02-28 14:06:46,215 WARNING:main.py:418:setup_molecule:Multiple occupancies found: CB in GLU A 282.
2024-02-28 14:06:46,215 WARNING:main.py:418:setup_molecule:Multiple occupancies found: CG in GLU A 282.
2024-02-28 14:06:46,215 WARNING:main.py:418:setup_molecule:Multiple occupancies found: CD in GLU A 282.
2024-02-28 14:06:46,215 WARNING:main.py:418:setup_molecule:Multiple occupancies found: OE1 in GLU A 282.
2024-02-28 14:06:46,215 WARNING:main.py:418:setup_molecule:Multiple occupancies found: OE2 in GLU A 282.
2024-02-28 14:06:46,215 WARNING:main.py:424:setup_molecule:Multiple occupancies found in GLU A 282. At least one of the instances is being ignored.
2024-02-28 14:06:46,215 WARNING:main.py:418:setup_molecule:Multiple occupancies found: CA in GLU A 340.
2024-02-28 14:06:46,216 WARNING:main.py:418:setup_molecule:Multiple occupancies found: CB in GLU A 340.
2024-02-28 14:06:46,216 WARNING:main.py:418:setup_molecule:Multiple occupancies found: CG in GLU A 340.
2024-02-28 14:06:46,216 WARNING:main.py:418:setup_molecule:Multiple occupancies found: CD in GLU A 340.
2024-02-28 14:06:46,216 WARNING:main.py:418:setup_molecule:Multiple occupancies found: OE1 in GLU A 340.
2024-02-28 14:06:46,216 WARNING:main.py:418:setup_molecule:Multiple occupancies found: OE2 in GLU A 340.
2024-02-28 14:06:46,216 WARNING:main.py:424:setup_molecule:Multiple occupancies found in GLU A 340. At least one of the instances is being ignored.
2024-02-28 14:06:46,216 WARNING:main.py:418:setup_molecule:Multiple occupancies found: CA in GLU B 88.
2024-02-28 14:06:46,216 WARNING:main.py:418:setup_molecule:Multiple occupancies found: CB in GLU B 88.
2024-02-28 14:06:46,216 WARNING:main.py:418:setup_molecule:Multiple occupancies found: CG in GLU B 88.
2024-02-28 14:06:46,216 WARNING:main.py:418:setup_molecule:Multiple occupancies found: CD in GLU B 88.
2024-02-28 14:06:46,216 WARNING:main.py:418:setup_molecule:Multiple occupancies found: OE1 in GLU B 88.
2024-02-28 14:06:46,216 WARNING:main.py:418:setup_molecule:Multiple occupancies found: OE2 in GLU B 88.
2024-02-28 14:06:46,216 WARNING:main.py:424:setup_molecule:Multiple occupancies found in GLU B 88. At least one of the instances is being ignored.
2024-02-28 14:06:46,216 WARNING:main.py:418:setup_molecule:Multiple occupancies found: CA in GLU B 138.
2024-02-28 14:06:46,216 WARNING:main.py:418:setup_molecule:Multiple occupancies found: CB in GLU B 138.
2024-02-28 14:06:46,216 WARNING:main.py:418:setup_molecule:Multiple occupancies found: CG in GLU B 138.
2024-02-28 14:06:46,216 WARNING:main.py:418:setup_molecule:Multiple occupancies found: CD in GLU B 138.
2024-02-28 14:06:46,216 WARNING:main.py:418:setup_molecule:Multiple occupancies found: OE1 in GLU B 138.
2024-02-28 14:06:46,216 WARNING:main.py:418:setup_molecule:Multiple occupancies found: OE2 in GLU B 138.
2024-02-28 14:06:46,216 WARNING:main.py:424:setup_molecule:Multiple occupancies found in GLU B 138. At least one of the instances is being ignored.
2024-02-28 14:06:46,216 WARNING:main.py:418:setup_molecule:Multiple occupancies found: CA in MET B 184.
2024-02-28 14:06:46,217 WARNING:main.py:418:setup_molecule:Multiple occupancies found: CB in MET B 184.
2024-02-28 14:06:46,217 WARNING:main.py:418:setup_molecule:Multiple occupancies found: CG in MET B 184.
2024-02-28 14:06:46,217 WARNING:main.py:418:setup_molecule:Multiple occupancies found: SD in MET B 184.
2024-02-28 14:06:46,217 WARNING:main.py:418:setup_molecule:Multiple occupancies found: CE in MET B 184.
2024-02-28 14:06:46,217 WARNING:main.py:424:setup_molecule:Multiple occupancies found in MET B 184. At least one of the instances is being ignored.
2024-02-28 14:06:46,217 WARNING:main.py:418:setup_molecule:Multiple occupancies found: CA in ARG B 185.
2024-02-28 14:06:46,217 WARNING:main.py:418:setup_molecule:Multiple occupancies found: CB in ARG B 185.
2024-02-28 14:06:46,217 WARNING:main.py:418:setup_molecule:Multiple occupancies found: CG in ARG B 185.
2024-02-28 14:06:46,217 WARNING:main.py:418:setup_molecule:Multiple occupancies found: CD in ARG B 185.
2024-02-28 14:06:46,217 WARNING:main.py:418:setup_molecule:Multiple occupancies found: NE in ARG B 185.
2024-02-28 14:06:46,217 WARNING:main.py:418:setup_molecule:Multiple occupancies found: CZ in ARG B 185.
2024-02-28 14:06:46,217 WARNING:main.py:418:setup_molecule:Multiple occupancies found: NH1 in ARG B 185.
2024-02-28 14:06:46,217 WARNING:main.py:418:setup_molecule:Multiple occupancies found: NH2 in ARG B 185.
2024-02-28 14:06:46,217 WARNING:main.py:424:setup_molecule:Multiple occupancies found in ARG B 185. At least one of the instances is being ignored.
2024-02-28 14:06:46,217 WARNING:main.py:418:setup_molecule:Multiple occupancies found: CB in ARG B 203.
2024-02-28 14:06:46,217 WARNING:main.py:418:setup_molecule:Multiple occupancies found: CG in ARG B 203.
2024-02-28 14:06:46,217 WARNING:main.py:418:setup_molecule:Multiple occupancies found: CD in ARG B 203.
2024-02-28 14:06:46,217 WARNING:main.py:418:setup_molecule:Multiple occupancies found: NE in ARG B 203.
2024-02-28 14:06:46,217 WARNING:main.py:418:setup_molecule:Multiple occupancies found: CZ in ARG B 203.
2024-02-28 14:06:46,217 WARNING:main.py:418:setup_molecule:Multiple occupancies found: NH1 in ARG B 203.
2024-02-28 14:06:46,217 WARNING:main.py:418:setup_molecule:Multiple occupancies found: NH2 in ARG B 203.
2024-02-28 14:06:46,217 WARNING:main.py:424:setup_molecule:Multiple occupancies found in ARG B 203. At least one of the instances is being ignored.
2024-02-28 14:06:46,217 WARNING:main.py:418:setup_molecule:Multiple occupancies found: CA in ARG B 269.
2024-02-28 14:06:46,217 WARNING:main.py:418:setup_molecule:Multiple occupancies found: CB in ARG B 269.
2024-02-28 14:06:46,217 WARNING:main.py:418:setup_molecule:Multiple occupancies found: CG in ARG B 269.
2024-02-28 14:06:46,217 WARNING:main.py:418:setup_molecule:Multiple occupancies found: CD in ARG B 269.
2024-02-28 14:06:46,217 WARNING:main.py:418:setup_molecule:Multiple occupancies found: NE in ARG B 269.
2024-02-28 14:06:46,217 WARNING:main.py:418:setup_molecule:Multiple occupancies found: CZ in ARG B 269.
2024-02-28 14:06:46,218 WARNING:main.py:418:setup_molecule:Multiple occupancies found: NH1 in ARG B 269.
2024-02-28 14:06:46,218 WARNING:main.py:418:setup_molecule:Multiple occupancies found: NH2 in ARG B 269.
2024-02-28 14:06:46,218 WARNING:main.py:424:setup_molecule:Multiple occupancies found in ARG B 269. At least one of the instances is being ignored.
2024-02-28 14:06:46,218 WARNING:main.py:418:setup_molecule:Multiple occupancies found: CA in GLU B 270.
2024-02-28 14:06:46,218 WARNING:main.py:418:setup_molecule:Multiple occupancies found: CB in GLU B 270.
2024-02-28 14:06:46,218 WARNING:main.py:418:setup_molecule:Multiple occupancies found: CG in GLU B 270.
2024-02-28 14:06:46,218 WARNING:main.py:418:setup_molecule:Multiple occupancies found: CD in GLU B 270.
2024-02-28 14:06:46,218 WARNING:main.py:418:setup_molecule:Multiple occupancies found: OE1 in GLU B 270.
2024-02-28 14:06:46,218 WARNING:main.py:418:setup_molecule:Multiple occupancies found: OE2 in GLU B 270.
2024-02-28 14:06:46,218 WARNING:main.py:424:setup_molecule:Multiple occupancies found in GLU B 270. At least one of the instances is being ignored.
2024-02-28 14:06:46,218 WARNING:main.py:418:setup_molecule:Multiple occupancies found: CA in ASP B 357.
2024-02-28 14:06:46,218 WARNING:main.py:418:setup_molecule:Multiple occupancies found: CB in ASP B 357.
2024-02-28 14:06:46,218 WARNING:main.py:418:setup_molecule:Multiple occupancies found: CG in ASP B 357.
2024-02-28 14:06:46,218 WARNING:main.py:418:setup_molecule:Multiple occupancies found: OD1 in ASP B 357.
2024-02-28 14:06:46,218 WARNING:main.py:418:setup_molecule:Multiple occupancies found: OD2 in ASP B 357.
2024-02-28 14:06:46,218 WARNING:main.py:424:setup_molecule:Multiple occupancies found in ASP B 357. At least one of the instances is being ignored.
2024-02-28 14:06:46,218 WARNING:main.py:418:setup_molecule:Multiple occupancies found: CA in ARG B 365.
2024-02-28 14:06:46,218 WARNING:main.py:418:setup_molecule:Multiple occupancies found: CB in ARG B 365.
2024-02-28 14:06:46,218 WARNING:main.py:418:setup_molecule:Multiple occupancies found: CG in ARG B 365.
2024-02-28 14:06:46,218 WARNING:main.py:418:setup_molecule:Multiple occupancies found: CD in ARG B 365.
2024-02-28 14:06:46,218 WARNING:main.py:418:setup_molecule:Multiple occupancies found: NE in ARG B 365.
2024-02-28 14:06:46,218 WARNING:main.py:418:setup_molecule:Multiple occupancies found: CZ in ARG B 365.
2024-02-28 14:06:46,218 WARNING:main.py:418:setup_molecule:Multiple occupancies found: NH1 in ARG B 365.
2024-02-28 14:06:46,218 WARNING:main.py:418:setup_molecule:Multiple occupancies found: NH2 in ARG B 365.
2024-02-28 14:06:46,218 WARNING:main.py:424:setup_molecule:Multiple occupancies found in ARG B 365. At least one of the instances is being ignored.
2024-02-28 14:06:46,239 WARNING:biomolecule.py:615:update_bonds:Gap in backbone detected between GLU A 231 and ILE A 236!
2024-02-28 14:06:46,240 WARNING:biomolecule.py:615:update_bonds:Gap in backbone detected between PRO A 304 and ALA A 308!
2024-02-28 14:06:46,243 WARNING:biomolecule.py:615:update_bonds:Gap in backbone detected between ALA B 306 and ALA B 308!
2024-02-28 14:06:46,276 WARNING:biomolecule.py:157:num_missing_heavy:Missing atom CE in residue LYS A 301
2024-02-28 14:06:46,281 WARNING:biomolecule.py:157:num_missing_heavy:Missing atom NZ in residue LYS A 301
2024-02-28 14:06:46,281 WARNING:biomolecule.py:157:num_missing_heavy:Missing atom CD in residue LYS A 309
2024-02-28 14:06:46,281 WARNING:biomolecule.py:157:num_missing_heavy:Missing atom CE in residue LYS A 309
2024-02-28 14:06:46,281 WARNING:biomolecule.py:157:num_missing_heavy:Missing atom NZ in residue LYS A 309
2024-02-28 14:06:46,282 WARNING:biomolecule.py:157:num_missing_heavy:Missing atom CD in residue LYS A 440
2024-02-28 14:06:46,282 WARNING:biomolecule.py:157:num_missing_heavy:Missing atom CE in residue LYS A 440
2024-02-28 14:06:46,282 WARNING:biomolecule.py:157:num_missing_heavy:Missing atom NZ in residue LYS A 440
2024-02-28 14:06:46,282 WARNING:biomolecule.py:157:num_missing_heavy:Missing atom OXT in residue GLU A 445
2024-02-28 14:06:46,282 WARNING:biomolecule.py:157:num_missing_heavy:Missing atom CG in residue LYS B 62
2024-02-28 14:06:46,284 WARNING:biomolecule.py:157:num_missing_heavy:Missing atom CD in residue LYS B 62
2024-02-28 14:06:46,284 WARNING:biomolecule.py:157:num_missing_heavy:Missing atom CE in residue LYS B 62
2024-02-28 14:06:46,287 WARNING:biomolecule.py:157:num_missing_heavy:Missing atom NZ in residue LYS B 62
2024-02-28 14:06:46,287 WARNING:biomolecule.py:157:num_missing_heavy:Missing atom CG in residue LYS B 70
2024-02-28 14:06:46,288 WARNING:biomolecule.py:157:num_missing_heavy:Missing atom CD in residue LYS B 70
2024-02-28 14:06:46,289 WARNING:biomolecule.py:157:num_missing_heavy:Missing atom CE in residue LYS B 70
2024-02-28 14:06:46,289 WARNING:biomolecule.py:157:num_missing_heavy:Missing atom NZ in residue LYS B 70
2024-02-28 14:06:46,290 WARNING:biomolecule.py:157:num_missing_heavy:Missing atom CG in residue LYS B 74
2024-02-28 14:06:46,291 WARNING:biomolecule.py:157:num_missing_heavy:Missing atom CD in residue LYS B 74
2024-02-28 14:06:46,292 WARNING:biomolecule.py:157:num_missing_heavy:Missing atom CE in residue LYS B 74
2024-02-28 14:06:46,293 WARNING:biomolecule.py:157:num_missing_heavy:Missing atom NZ in residue LYS B 74
2024-02-28 14:06:46,296 WARNING:biomolecule.py:157:num_missing_heavy:Missing atom CD in residue ARG B 92
2024-02-28 14:06:46,297 WARNING:biomolecule.py:157:num_missing_heavy:Missing atom NE in residue ARG B 92
2024-02-28 14:06:46,298 WARNING:biomolecule.py:157:num_missing_heavy:Missing atom CZ in residue ARG B 92
2024-02-28 14:06:46,300 WARNING:biomolecule.py:157:num_missing_heavy:Missing atom NH1 in residue ARG B 92
2024-02-28 14:06:46,301 WARNING:biomolecule.py:157:num_missing_heavy:Missing atom NH2 in residue ARG B 92
2024-02-28 14:06:46,304 WARNING:biomolecule.py:157:num_missing_heavy:Missing atom CG in residue LYS B 206
2024-02-28 14:06:46,304 WARNING:biomolecule.py:157:num_missing_heavy:Missing atom CD in residue LYS B 206
2024-02-28 14:06:46,305 WARNING:biomolecule.py:157:num_missing_heavy:Missing atom CE in residue LYS B 206
2024-02-28 14:06:46,306 WARNING:biomolecule.py:157:num_missing_heavy:Missing atom NZ in residue LYS B 206
2024-02-28 14:06:46,307 WARNING:biomolecule.py:157:num_missing_heavy:Missing atom CB in residue LYS B 213
2024-02-28 14:06:46,308 WARNING:biomolecule.py:157:num_missing_heavy:Missing atom CG in residue LYS B 213
2024-02-28 14:06:46,309 WARNING:biomolecule.py:157:num_missing_heavy:Missing atom CD in residue LYS B 213
2024-02-28 14:06:46,309 WARNING:biomolecule.py:157:num_missing_heavy:Missing atom CE in residue LYS B 213
2024-02-28 14:06:46,314 WARNING:biomolecule.py:157:num_missing_heavy:Missing atom NZ in residue LYS B 213
2024-02-28 14:06:46,314 WARNING:biomolecule.py:157:num_missing_heavy:Missing atom CB in residue ASP B 214
2024-02-28 14:06:46,315 WARNING:biomolecule.py:157:num_missing_heavy:Missing atom CG in residue ASP B 214
2024-02-28 14:06:46,318 WARNING:biomolecule.py:157:num_missing_heavy:Missing atom OD1 in residue ASP B 214
2024-02-28 14:06:46,321 WARNING:biomolecule.py:157:num_missing_heavy:Missing atom OD2 in residue ASP B 214
2024-02-28 14:06:46,323 WARNING:biomolecule.py:157:num_missing_heavy:Missing atom CD in residue LYS B 216
2024-02-28 14:06:46,324 WARNING:biomolecule.py:157:num_missing_heavy:Missing atom CE in residue LYS B 216
2024-02-28 14:06:46,327 WARNING:biomolecule.py:157:num_missing_heavy:Missing atom NZ in residue LYS B 216
2024-02-28 14:06:46,327 WARNING:biomolecule.py:157:num_missing_heavy:Missing atom CG in residue GLU B 231
2024-02-28 14:06:46,328 WARNING:biomolecule.py:157:num_missing_heavy:Missing atom CD in residue GLU B 231
2024-02-28 14:06:46,328 WARNING:biomolecule.py:157:num_missing_heavy:Missing atom OE1 in residue GLU B 231
2024-02-28 14:06:46,328 WARNING:biomolecule.py:157:num_missing_heavy:Missing atom OE2 in residue GLU B 231
2024-02-28 14:06:46,328 WARNING:biomolecule.py:157:num_missing_heavy:Missing atom CG in residue LYS B 232
2024-02-28 14:06:46,328 WARNING:biomolecule.py:157:num_missing_heavy:Missing atom CD in residue LYS B 232
2024-02-28 14:06:46,328 WARNING:biomolecule.py:157:num_missing_heavy:Missing atom CE in residue LYS B 232
2024-02-28 14:06:46,328 WARNING:biomolecule.py:157:num_missing_heavy:Missing atom NZ in residue LYS B 232
2024-02-28 14:06:46,329 WARNING:biomolecule.py:157:num_missing_heavy:Missing atom CE in residue LYS B 309
2024-02-28 14:06:46,329 WARNING:biomolecule.py:157:num_missing_heavy:Missing atom NZ in residue LYS B 309
2024-02-28 14:06:46,329 WARNING:biomolecule.py:157:num_missing_heavy:Missing atom CG in residue GLU B 314
2024-02-28 14:06:46,329 WARNING:biomolecule.py:157:num_missing_heavy:Missing atom CD in residue GLU B 314
2024-02-28 14:06:46,329 WARNING:biomolecule.py:157:num_missing_heavy:Missing atom OE1 in residue GLU B 314
2024-02-28 14:06:46,329 WARNING:biomolecule.py:157:num_missing_heavy:Missing atom OE2 in residue GLU B 314
2024-02-28 14:06:46,330 WARNING:biomolecule.py:157:num_missing_heavy:Missing atom CD in residue LYS B 425
2024-02-28 14:06:46,330 WARNING:biomolecule.py:157:num_missing_heavy:Missing atom CE in residue LYS B 425
2024-02-28 14:06:46,330 WARNING:biomolecule.py:157:num_missing_heavy:Missing atom NZ in residue LYS B 425
2024-02-28 14:06:46,330 WARNING:biomolecule.py:157:num_missing_heavy:Missing atom CB in residue ASN B 437
2024-02-28 14:06:46,330 WARNING:biomolecule.py:157:num_missing_heavy:Missing atom CG in residue ASN B 437
2024-02-28 14:06:46,330 WARNING:biomolecule.py:157:num_missing_heavy:Missing atom OD1 in residue ASN B 437
2024-02-28 14:06:46,330 WARNING:biomolecule.py:157:num_missing_heavy:Missing atom ND2 in residue ASN B 437
2024-02-28 14:06:46,330 WARNING:biomolecule.py:157:num_missing_heavy:Missing atom CB in residue LYS B 440
2024-02-28 14:06:46,330 WARNING:biomolecule.py:157:num_missing_heavy:Missing atom CG in residue LYS B 440
2024-02-28 14:06:46,330 WARNING:biomolecule.py:157:num_missing_heavy:Missing atom CD in residue LYS B 440
2024-02-28 14:06:46,330 WARNING:biomolecule.py:157:num_missing_heavy:Missing atom CE in residue LYS B 440
2024-02-28 14:06:46,330 WARNING:biomolecule.py:157:num_missing_heavy:Missing atom NZ in residue LYS B 440
2024-02-28 14:06:46,330 WARNING:biomolecule.py:157:num_missing_heavy:Missing atom OXT in residue GLU B 445
2024-02-28 14:06:46,332 WARNING:biomolecule.py:157:num_missing_heavy:Missing atom CE in residue LYS A 301
2024-02-28 14:06:46,332 WARNING:biomolecule.py:157:num_missing_heavy:Missing atom NZ in residue LYS A 301
2024-02-28 14:06:46,332 WARNING:biomolecule.py:157:num_missing_heavy:Missing atom CD in residue LYS A 309
2024-02-28 14:06:46,332 WARNING:biomolecule.py:157:num_missing_heavy:Missing atom CE in residue LYS A 309
2024-02-28 14:06:46,332 WARNING:biomolecule.py:157:num_missing_heavy:Missing atom NZ in residue LYS A 309
2024-02-28 14:06:46,333 WARNING:biomolecule.py:157:num_missing_heavy:Missing atom CD in residue LYS A 440
2024-02-28 14:06:46,334 WARNING:biomolecule.py:157:num_missing_heavy:Missing atom CE in residue LYS A 440
2024-02-28 14:06:46,336 WARNING:biomolecule.py:157:num_missing_heavy:Missing atom NZ in residue LYS A 440
2024-02-28 14:06:46,344 WARNING:biomolecule.py:157:num_missing_heavy:Missing atom OXT in residue GLU A 445
2024-02-28 14:06:46,346 WARNING:biomolecule.py:157:num_missing_heavy:Missing atom CG in residue LYS B 62
2024-02-28 14:06:46,346 WARNING:biomolecule.py:157:num_missing_heavy:Missing atom CD in residue LYS B 62
2024-02-28 14:06:46,348 WARNING:biomolecule.py:157:num_missing_heavy:Missing atom CE in residue LYS B 62
2024-02-28 14:06:46,350 WARNING:biomolecule.py:157:num_missing_heavy:Missing atom NZ in residue LYS B 62
2024-02-28 14:06:46,352 WARNING:biomolecule.py:157:num_missing_heavy:Missing atom CG in residue LYS B 70
2024-02-28 14:06:46,356 WARNING:biomolecule.py:157:num_missing_heavy:Missing atom CD in residue LYS B 70
2024-02-28 14:06:46,358 WARNING:biomolecule.py:157:num_missing_heavy:Missing atom CE in residue LYS B 70
2024-02-28 14:06:46,359 WARNING:biomolecule.py:157:num_missing_heavy:Missing atom NZ in residue LYS B 70
2024-02-28 14:06:46,360 WARNING:biomolecule.py:157:num_missing_heavy:Missing atom CG in residue LYS B 74
2024-02-28 14:06:46,361 WARNING:biomolecule.py:157:num_missing_heavy:Missing atom CD in residue LYS B 74
2024-02-28 14:06:46,367 WARNING:biomolecule.py:157:num_missing_heavy:Missing atom CE in residue LYS B 74
2024-02-28 14:06:46,367 WARNING:biomolecule.py:157:num_missing_heavy:Missing atom NZ in residue LYS B 74
2024-02-28 14:06:46,367 WARNING:biomolecule.py:157:num_missing_heavy:Missing atom CD in residue ARG B 92
2024-02-28 14:06:46,367 WARNING:biomolecule.py:157:num_missing_heavy:Missing atom NE in residue ARG B 92
2024-02-28 14:06:46,367 WARNING:biomolecule.py:157:num_missing_heavy:Missing atom CZ in residue ARG B 92
2024-02-28 14:06:46,367 WARNING:biomolecule.py:157:num_missing_heavy:Missing atom NH1 in residue ARG B 92
2024-02-28 14:06:46,367 WARNING:biomolecule.py:157:num_missing_heavy:Missing atom NH2 in residue ARG B 92
2024-02-28 14:06:46,368 WARNING:biomolecule.py:157:num_missing_heavy:Missing atom CG in residue LYS B 206
2024-02-28 14:06:46,369 WARNING:biomolecule.py:157:num_missing_heavy:Missing atom CD in residue LYS B 206
2024-02-28 14:06:46,369 WARNING:biomolecule.py:157:num_missing_heavy:Missing atom CE in residue LYS B 206
2024-02-28 14:06:46,370 WARNING:biomolecule.py:157:num_missing_heavy:Missing atom NZ in residue LYS B 206
2024-02-28 14:06:46,371 WARNING:biomolecule.py:157:num_missing_heavy:Missing atom CB in residue LYS B 213
2024-02-28 14:06:46,371 WARNING:biomolecule.py:157:num_missing_heavy:Missing atom CG in residue LYS B 213
2024-02-28 14:06:46,371 WARNING:biomolecule.py:157:num_missing_heavy:Missing atom CD in residue LYS B 213
2024-02-28 14:06:46,371 WARNING:biomolecule.py:157:num_missing_heavy:Missing atom CE in residue LYS B 213
2024-02-28 14:06:46,371 WARNING:biomolecule.py:157:num_missing_heavy:Missing atom NZ in residue LYS B 213
2024-02-28 14:06:46,371 WARNING:biomolecule.py:157:num_missing_heavy:Missing atom CB in residue ASP B 214
2024-02-28 14:06:46,371 WARNING:biomolecule.py:157:num_missing_heavy:Missing atom CG in residue ASP B 214
2024-02-28 14:06:46,371 WARNING:biomolecule.py:157:num_missing_heavy:Missing atom OD1 in residue ASP B 214
2024-02-28 14:06:46,372 WARNING:biomolecule.py:157:num_missing_heavy:Missing atom OD2 in residue ASP B 214
2024-02-28 14:06:46,372 WARNING:biomolecule.py:157:num_missing_heavy:Missing atom CD in residue LYS B 216
2024-02-28 14:06:46,372 WARNING:biomolecule.py:157:num_missing_heavy:Missing atom CE in residue LYS B 216
2024-02-28 14:06:46,372 WARNING:biomolecule.py:157:num_missing_heavy:Missing atom NZ in residue LYS B 216
2024-02-28 14:06:46,372 WARNING:biomolecule.py:157:num_missing_heavy:Missing atom CG in residue GLU B 231
2024-02-28 14:06:46,372 WARNING:biomolecule.py:157:num_missing_heavy:Missing atom CD in residue GLU B 231
2024-02-28 14:06:46,374 WARNING:biomolecule.py:157:num_missing_heavy:Missing atom OE1 in residue GLU B 231
2024-02-28 14:06:46,375 WARNING:biomolecule.py:157:num_missing_heavy:Missing atom OE2 in residue GLU B 231
2024-02-28 14:06:46,376 WARNING:biomolecule.py:157:num_missing_heavy:Missing atom CG in residue LYS B 232
2024-02-28 14:06:46,379 WARNING:biomolecule.py:157:num_missing_heavy:Missing atom CD in residue LYS B 232
2024-02-28 14:06:46,379 WARNING:biomolecule.py:157:num_missing_heavy:Missing atom CE in residue LYS B 232
2024-02-28 14:06:46,380 WARNING:biomolecule.py:157:num_missing_heavy:Missing atom NZ in residue LYS B 232
2024-02-28 14:06:46,381 WARNING:biomolecule.py:157:num_missing_heavy:Missing atom CE in residue LYS B 309
2024-02-28 14:06:46,386 WARNING:biomolecule.py:157:num_missing_heavy:Missing atom NZ in residue LYS B 309
2024-02-28 14:06:46,387 WARNING:biomolecule.py:157:num_missing_heavy:Missing atom CG in residue GLU B 314
2024-02-28 14:06:46,389 WARNING:biomolecule.py:157:num_missing_heavy:Missing atom CD in residue GLU B 314
2024-02-28 14:06:46,389 WARNING:biomolecule.py:157:num_missing_heavy:Missing atom OE1 in residue GLU B 314
2024-02-28 14:06:46,391 WARNING:biomolecule.py:157:num_missing_heavy:Missing atom OE2 in residue GLU B 314
2024-02-28 14:06:46,391 WARNING:biomolecule.py:157:num_missing_heavy:Missing atom CD in residue LYS B 425
2024-02-28 14:06:46,392 WARNING:biomolecule.py:157:num_missing_heavy:Missing atom CE in residue LYS B 425
2024-02-28 14:06:46,393 WARNING:biomolecule.py:157:num_missing_heavy:Missing atom NZ in residue LYS B 425
2024-02-28 14:06:46,393 WARNING:biomolecule.py:157:num_missing_heavy:Missing atom CB in residue ASN B 437
2024-02-28 14:06:46,394 WARNING:biomolecule.py:157:num_missing_heavy:Missing atom CG in residue ASN B 437
2024-02-28 14:06:46,394 WARNING:biomolecule.py:157:num_missing_heavy:Missing atom OD1 in residue ASN B 437
2024-02-28 14:06:46,402 WARNING:biomolecule.py:157:num_missing_heavy:Missing atom ND2 in residue ASN B 437
2024-02-28 14:06:46,403 WARNING:biomolecule.py:157:num_missing_heavy:Missing atom CB in residue LYS B 440
2024-02-28 14:06:46,404 WARNING:biomolecule.py:157:num_missing_heavy:Missing atom CG in residue LYS B 440
2024-02-28 14:06:46,404 WARNING:biomolecule.py:157:num_missing_heavy:Missing atom CD in residue LYS B 440
2024-02-28 14:06:46,406 WARNING:biomolecule.py:157:num_missing_heavy:Missing atom CE in residue LYS B 440
2024-02-28 14:06:46,406 WARNING:biomolecule.py:157:num_missing_heavy:Missing atom NZ in residue LYS B 440
2024-02-28 14:06:46,407 WARNING:biomolecule.py:157:num_missing_heavy:Missing atom OXT in residue GLU B 445
2024-02-28 14:06:46,409 WARNING:biomolecule.py:157:num_missing_heavy:Missing atom CE in residue LYS A 301
2024-02-28 14:06:46,410 WARNING:biomolecule.py:157:num_missing_heavy:Missing atom NZ in residue LYS A 301
2024-02-28 14:06:46,410 WARNING:biomolecule.py:157:num_missing_heavy:Missing atom CD in residue LYS A 309
2024-02-28 14:06:46,410 WARNING:biomolecule.py:157:num_missing_heavy:Missing atom CE in residue LYS A 309
2024-02-28 14:06:46,410 WARNING:biomolecule.py:157:num_missing_heavy:Missing atom NZ in residue LYS A 309
2024-02-28 14:06:46,411 WARNING:biomolecule.py:157:num_missing_heavy:Missing atom CD in residue LYS A 440
2024-02-28 14:06:46,411 WARNING:biomolecule.py:157:num_missing_heavy:Missing atom CE in residue LYS A 440
2024-02-28 14:06:46,412 WARNING:biomolecule.py:157:num_missing_heavy:Missing atom NZ in residue LYS A 440
2024-02-28 14:06:46,412 WARNING:biomolecule.py:157:num_missing_heavy:Missing atom OXT in residue GLU A 445
2024-02-28 14:06:46,412 WARNING:biomolecule.py:157:num_missing_heavy:Missing atom CG in residue LYS B 62
2024-02-28 14:06:46,414 WARNING:biomolecule.py:157:num_missing_heavy:Missing atom CD in residue LYS B 62
2024-02-28 14:06:46,421 WARNING:biomolecule.py:157:num_missing_heavy:Missing atom CE in residue LYS B 62
2024-02-28 14:06:46,421 WARNING:biomolecule.py:157:num_missing_heavy:Missing atom NZ in residue LYS B 62
2024-02-28 14:06:46,421 WARNING:biomolecule.py:157:num_missing_heavy:Missing atom CG in residue LYS B 70
2024-02-28 14:06:46,422 WARNING:biomolecule.py:157:num_missing_heavy:Missing atom CD in residue LYS B 70
2024-02-28 14:06:46,428 WARNING:biomolecule.py:157:num_missing_heavy:Missing atom CE in residue LYS B 70
2024-02-28 14:06:46,428 WARNING:biomolecule.py:157:num_missing_heavy:Missing atom NZ in residue LYS B 70
2024-02-28 14:06:46,430 WARNING:biomolecule.py:157:num_missing_heavy:Missing atom CG in residue LYS B 74
2024-02-28 14:06:46,433 WARNING:biomolecule.py:157:num_missing_heavy:Missing atom CD in residue LYS B 74
2024-02-28 14:06:46,448 WARNING:biomolecule.py:157:num_missing_heavy:Missing atom CE in residue LYS B 74
2024-02-28 14:06:46,450 WARNING:biomolecule.py:157:num_missing_heavy:Missing atom NZ in residue LYS B 74
2024-02-28 14:06:46,451 WARNING:biomolecule.py:157:num_missing_heavy:Missing atom CD in residue ARG B 92
2024-02-28 14:06:46,452 WARNING:biomolecule.py:157:num_missing_heavy:Missing atom NE in residue ARG B 92
2024-02-28 14:06:46,453 WARNING:biomolecule.py:157:num_missing_heavy:Missing atom CZ in residue ARG B 92
2024-02-28 14:06:46,454 WARNING:biomolecule.py:157:num_missing_heavy:Missing atom NH1 in residue ARG B 92
2024-02-28 14:06:46,454 WARNING:biomolecule.py:157:num_missing_heavy:Missing atom NH2 in residue ARG B 92
2024-02-28 14:06:46,455 WARNING:biomolecule.py:157:num_missing_heavy:Missing atom CG in residue LYS B 206
2024-02-28 14:06:46,456 WARNING:biomolecule.py:157:num_missing_heavy:Missing atom CD in residue LYS B 206
2024-02-28 14:06:46,467 WARNING:biomolecule.py:157:num_missing_heavy:Missing atom CE in residue LYS B 206
2024-02-28 14:06:46,467 WARNING:biomolecule.py:157:num_missing_heavy:Missing atom NZ in residue LYS B 206
2024-02-28 14:06:46,474 WARNING:biomolecule.py:157:num_missing_heavy:Missing atom CB in residue LYS B 213
2024-02-28 14:06:46,475 WARNING:biomolecule.py:157:num_missing_heavy:Missing atom CG in residue LYS B 213
2024-02-28 14:06:46,475 WARNING:biomolecule.py:157:num_missing_heavy:Missing atom CD in residue LYS B 213
2024-02-28 14:06:46,475 WARNING:biomolecule.py:157:num_missing_heavy:Missing atom CE in residue LYS B 213
2024-02-28 14:06:46,476 WARNING:biomolecule.py:157:num_missing_heavy:Missing atom NZ in residue LYS B 213
2024-02-28 14:06:46,477 WARNING:biomolecule.py:157:num_missing_heavy:Missing atom CB in residue ASP B 214
2024-02-28 14:06:46,477 WARNING:biomolecule.py:157:num_missing_heavy:Missing atom CG in residue ASP B 214
2024-02-28 14:06:46,478 WARNING:biomolecule.py:157:num_missing_heavy:Missing atom OD1 in residue ASP B 214
2024-02-28 14:06:46,479 WARNING:biomolecule.py:157:num_missing_heavy:Missing atom OD2 in residue ASP B 214
2024-02-28 14:06:46,481 WARNING:biomolecule.py:157:num_missing_heavy:Missing atom CD in residue LYS B 216
2024-02-28 14:06:46,482 WARNING:biomolecule.py:157:num_missing_heavy:Missing atom CE in residue LYS B 216
2024-02-28 14:06:46,482 WARNING:biomolecule.py:157:num_missing_heavy:Missing atom NZ in residue LYS B 216
2024-02-28 14:06:46,486 WARNING:biomolecule.py:157:num_missing_heavy:Missing atom CG in residue GLU B 231
2024-02-28 14:06:46,488 WARNING:biomolecule.py:157:num_missing_heavy:Missing atom CD in residue GLU B 231
2024-02-28 14:06:46,489 WARNING:biomolecule.py:157:num_missing_heavy:Missing atom OE1 in residue GLU B 231
2024-02-28 14:06:46,489 WARNING:biomolecule.py:157:num_missing_heavy:Missing atom OE2 in residue GLU B 231
2024-02-28 14:06:46,489 WARNING:biomolecule.py:157:num_missing_heavy:Missing atom CG in residue LYS B 232
2024-02-28 14:06:46,489 WARNING:biomolecule.py:157:num_missing_heavy:Missing atom CD in residue LYS B 232
2024-02-28 14:06:46,489 WARNING:biomolecule.py:157:num_missing_heavy:Missing atom CE in residue LYS B 232
2024-02-28 14:06:46,489 WARNING:biomolecule.py:157:num_missing_heavy:Missing atom NZ in residue LYS B 232
2024-02-28 14:06:46,489 WARNING:biomolecule.py:157:num_missing_heavy:Missing atom CE in residue LYS B 309
2024-02-28 14:06:46,492 WARNING:biomolecule.py:157:num_missing_heavy:Missing atom NZ in residue LYS B 309
2024-02-28 14:06:46,492 WARNING:biomolecule.py:157:num_missing_heavy:Missing atom CG in residue GLU B 314
2024-02-28 14:06:46,492 WARNING:biomolecule.py:157:num_missing_heavy:Missing atom CD in residue GLU B 314
2024-02-28 14:06:46,492 WARNING:biomolecule.py:157:num_missing_heavy:Missing atom OE1 in residue GLU B 314
2024-02-28 14:06:46,492 WARNING:biomolecule.py:157:num_missing_heavy:Missing atom OE2 in residue GLU B 314
2024-02-28 14:06:46,493 WARNING:biomolecule.py:157:num_missing_heavy:Missing atom CD in residue LYS B 425
2024-02-28 14:06:46,493 WARNING:biomolecule.py:157:num_missing_heavy:Missing atom CE in residue LYS B 425
2024-02-28 14:06:46,493 WARNING:biomolecule.py:157:num_missing_heavy:Missing atom NZ in residue LYS B 425
2024-02-28 14:06:46,493 WARNING:biomolecule.py:157:num_missing_heavy:Missing atom CB in residue ASN B 437
2024-02-28 14:06:46,493 WARNING:biomolecule.py:157:num_missing_heavy:Missing atom CG in residue ASN B 437
2024-02-28 14:06:46,494 WARNING:biomolecule.py:157:num_missing_heavy:Missing atom OD1 in residue ASN B 437
2024-02-28 14:06:46,494 WARNING:biomolecule.py:157:num_missing_heavy:Missing atom ND2 in residue ASN B 437
2024-02-28 14:06:46,495 WARNING:biomolecule.py:157:num_missing_heavy:Missing atom CB in residue LYS B 440
2024-02-28 14:06:46,506 WARNING:biomolecule.py:157:num_missing_heavy:Missing atom CG in residue LYS B 440
2024-02-28 14:06:46,506 WARNING:biomolecule.py:157:num_missing_heavy:Missing atom CD in residue LYS B 440
2024-02-28 14:06:46,539 WARNING:biomolecule.py:157:num_missing_heavy:Missing atom CE in residue LYS B 440
2024-02-28 14:06:46,539 WARNING:biomolecule.py:157:num_missing_heavy:Missing atom NZ in residue LYS B 440
2024-02-28 14:06:46,539 WARNING:biomolecule.py:157:num_missing_heavy:Missing atom OXT in residue GLU B 445
2024-02-28 14:06:51,851 WARNING:main.py:311:print_pqr:Ignoring 1677 header lines in output.
2024-02-28 14:06:51,853 WARNING:main.py:315:print_pqr:Ignoring 27 missing lines in output.
