2024-02-28 14:07:16,915 WARNING:biomolecule.py:992:create_residue:Unable to find amino or nucleic acid definition for STI.  Parsing as new residue.
2024-02-28 14:07:16,918 WARNING:main.py:418:setup_molecule:Multiple occupancies found: CD in LYS A 387.
2024-02-28 14:07:16,918 WARNING:main.py:418:setup_molecule:Multiple occupancies found: CE in LYS A 387.
2024-02-28 14:07:16,918 WARNING:main.py:418:setup_molecule:Multiple occupancies found: NZ in LYS A 387.
2024-02-28 14:07:16,918 WARNING:main.py:424:setup_molecule:Multiple occupancies found in LYS A 387. At least one of the instances is being ignored.
2024-02-28 14:07:16,918 WARNING:main.py:418:setup_molecule:Multiple occupancies found: CB in VAL A 491.
2024-02-28 14:07:16,918 WARNING:main.py:418:setup_molecule:Multiple occupancies found: CG1 in VAL A 491.
2024-02-28 14:07:16,918 WARNING:main.py:418:setup_molecule:Multiple occupancies found: CG2 in VAL A 491.
2024-02-28 14:07:16,918 WARNING:main.py:424:setup_molecule:Multiple occupancies found in VAL A 491. At least one of the instances is being ignored.
2024-02-28 14:07:16,929 WARNING:main.py:418:setup_molecule:Multiple occupancies found: CB in SER A 516.
2024-02-28 14:07:16,929 WARNING:main.py:418:setup_molecule:Multiple occupancies found: OG in SER A 516.
2024-02-28 14:07:16,929 WARNING:main.py:424:setup_molecule:Multiple occupancies found in SER A 516. At least one of the instances is being ignored.
2024-02-28 14:07:16,941 WARNING:main.py:418:setup_molecule:Multiple occupancies found: CB in SER A 557.
2024-02-28 14:07:16,941 WARNING:main.py:418:setup_molecule:Multiple occupancies found: OG in SER A 557.
2024-02-28 14:07:16,941 WARNING:main.py:424:setup_molecule:Multiple occupancies found in SER A 557. At least one of the instances is being ignored.
2024-02-28 14:07:16,941 WARNING:main.py:418:setup_molecule:Multiple occupancies found: SD in MET A 562.
2024-02-28 14:07:16,941 WARNING:main.py:418:setup_molecule:Multiple occupancies found: CE in MET A 562.
2024-02-28 14:07:16,941 WARNING:main.py:424:setup_molecule:Multiple occupancies found in MET A 562. At least one of the instances is being ignored.
2024-02-28 14:07:16,947 WARNING:biomolecule.py:615:update_bonds:Gap in backbone detected between LYS A 405 and PRO A 411!
2024-02-28 14:07:16,947 WARNING:biomolecule.py:615:update_bonds:Gap in backbone detected between ALA A 528 and LYS A 533!
2024-02-28 14:07:16,978 WARNING:biomolecule.py:157:num_missing_heavy:Missing atom CG1 in residue VAL A 363
2024-02-28 14:07:16,979 WARNING:biomolecule.py:157:num_missing_heavy:Missing atom CG2 in residue VAL A 363
2024-02-28 14:07:16,979 WARNING:biomolecule.py:157:num_missing_heavy:Missing atom CD in residue LYS A 368
2024-02-28 14:07:16,979 WARNING:biomolecule.py:157:num_missing_heavy:Missing atom CE in residue LYS A 368
2024-02-28 14:07:16,979 WARNING:biomolecule.py:157:num_missing_heavy:Missing atom NZ in residue LYS A 368
2024-02-28 14:07:16,979 WARNING:biomolecule.py:157:num_missing_heavy:Missing atom CG in residue ASP A 374
2024-02-28 14:07:16,979 WARNING:biomolecule.py:157:num_missing_heavy:Missing atom OD1 in residue ASP A 374
2024-02-28 14:07:16,979 WARNING:biomolecule.py:157:num_missing_heavy:Missing atom OD2 in residue ASP A 374
2024-02-28 14:07:16,979 WARNING:biomolecule.py:157:num_missing_heavy:Missing atom CG in residue LYS A 375
2024-02-28 14:07:16,980 WARNING:biomolecule.py:157:num_missing_heavy:Missing atom CD in residue LYS A 375
2024-02-28 14:07:16,980 WARNING:biomolecule.py:157:num_missing_heavy:Missing atom CE in residue LYS A 375
2024-02-28 14:07:16,980 WARNING:biomolecule.py:157:num_missing_heavy:Missing atom NZ in residue LYS A 375
2024-02-28 14:07:16,980 WARNING:biomolecule.py:157:num_missing_heavy:Missing atom CG in residue GLU A 376
2024-02-28 14:07:16,980 WARNING:biomolecule.py:157:num_missing_heavy:Missing atom CD in residue GLU A 376
2024-02-28 14:07:16,980 WARNING:biomolecule.py:157:num_missing_heavy:Missing atom OE1 in residue GLU A 376
2024-02-28 14:07:16,980 WARNING:biomolecule.py:157:num_missing_heavy:Missing atom OE2 in residue GLU A 376
2024-02-28 14:07:16,996 WARNING:biomolecule.py:157:num_missing_heavy:Missing atom CG in residue ASN A 381
2024-02-28 14:07:16,996 WARNING:biomolecule.py:157:num_missing_heavy:Missing atom OD1 in residue ASN A 381
2024-02-28 14:07:17,005 WARNING:biomolecule.py:157:num_missing_heavy:Missing atom ND2 in residue ASN A 381
2024-02-28 14:07:17,005 WARNING:biomolecule.py:157:num_missing_heavy:Missing atom CG in residue PHE A 382
2024-02-28 14:07:17,005 WARNING:biomolecule.py:157:num_missing_heavy:Missing atom CD1 in residue PHE A 382
2024-02-28 14:07:17,005 WARNING:biomolecule.py:157:num_missing_heavy:Missing atom CD2 in residue PHE A 382
2024-02-28 14:07:17,005 WARNING:biomolecule.py:157:num_missing_heavy:Missing atom CE1 in residue PHE A 382
2024-02-28 14:07:17,005 WARNING:biomolecule.py:157:num_missing_heavy:Missing atom CE2 in residue PHE A 382
2024-02-28 14:07:17,005 WARNING:biomolecule.py:157:num_missing_heavy:Missing atom CZ in residue PHE A 382
2024-02-28 14:07:17,006 WARNING:biomolecule.py:157:num_missing_heavy:Missing atom CG in residue LYS A 393
2024-02-28 14:07:17,006 WARNING:biomolecule.py:157:num_missing_heavy:Missing atom CD in residue LYS A 393
2024-02-28 14:07:17,006 WARNING:biomolecule.py:157:num_missing_heavy:Missing atom CE in residue LYS A 393
2024-02-28 14:07:17,006 WARNING:biomolecule.py:157:num_missing_heavy:Missing atom NZ in residue LYS A 393
2024-02-28 14:07:17,006 WARNING:biomolecule.py:157:num_missing_heavy:Missing atom CG in residue LYS A 405
2024-02-28 14:07:17,006 WARNING:biomolecule.py:157:num_missing_heavy:Missing atom CD in residue LYS A 405
2024-02-28 14:07:17,006 WARNING:biomolecule.py:157:num_missing_heavy:Missing atom CE in residue LYS A 405
2024-02-28 14:07:17,006 WARNING:biomolecule.py:157:num_missing_heavy:Missing atom NZ in residue LYS A 405
2024-02-28 14:07:17,006 WARNING:biomolecule.py:157:num_missing_heavy:Missing atom CD in residue LYS A 414
2024-02-28 14:07:17,006 WARNING:biomolecule.py:157:num_missing_heavy:Missing atom CE in residue LYS A 414
2024-02-28 14:07:17,006 WARNING:biomolecule.py:157:num_missing_heavy:Missing atom NZ in residue LYS A 414
2024-02-28 14:07:17,006 WARNING:biomolecule.py:157:num_missing_heavy:Missing atom OG in residue SER A 443
2024-02-28 14:07:17,006 WARNING:biomolecule.py:157:num_missing_heavy:Missing atom CE in residue LYS A 458
2024-02-28 14:07:17,006 WARNING:biomolecule.py:157:num_missing_heavy:Missing atom NZ in residue LYS A 458
2024-02-28 14:07:17,006 WARNING:biomolecule.py:157:num_missing_heavy:Missing atom NE in residue ARG A 464
2024-02-28 14:07:17,007 WARNING:biomolecule.py:157:num_missing_heavy:Missing atom CZ in residue ARG A 464
2024-02-28 14:07:17,007 WARNING:biomolecule.py:157:num_missing_heavy:Missing atom NH1 in residue ARG A 464
2024-02-28 14:07:17,007 WARNING:biomolecule.py:157:num_missing_heavy:Missing atom NH2 in residue ARG A 464
2024-02-28 14:07:17,007 WARNING:biomolecule.py:157:num_missing_heavy:Missing atom CG in residue LYS A 533
2024-02-28 14:07:17,007 WARNING:biomolecule.py:157:num_missing_heavy:Missing atom CD in residue LYS A 533
2024-02-28 14:07:17,007 WARNING:biomolecule.py:157:num_missing_heavy:Missing atom CE in residue LYS A 533
2024-02-28 14:07:17,007 WARNING:biomolecule.py:157:num_missing_heavy:Missing atom NZ in residue LYS A 533
2024-02-28 14:07:17,017 WARNING:biomolecule.py:157:num_missing_heavy:Missing atom CG in residue GLN A 570
2024-02-28 14:07:17,018 WARNING:biomolecule.py:157:num_missing_heavy:Missing atom CD in residue GLN A 570
2024-02-28 14:07:17,018 WARNING:biomolecule.py:157:num_missing_heavy:Missing atom OE1 in residue GLN A 570
2024-02-28 14:07:17,018 WARNING:biomolecule.py:157:num_missing_heavy:Missing atom NE2 in residue GLN A 570
2024-02-28 14:07:17,018 WARNING:biomolecule.py:157:num_missing_heavy:Missing atom CD in residue LYS A 571
2024-02-28 14:07:17,018 WARNING:biomolecule.py:157:num_missing_heavy:Missing atom CE in residue LYS A 571
2024-02-28 14:07:17,018 WARNING:biomolecule.py:157:num_missing_heavy:Missing atom NZ in residue LYS A 571
2024-02-28 14:07:17,018 WARNING:biomolecule.py:157:num_missing_heavy:Missing atom CE in residue LYS A 577
2024-02-28 14:07:17,018 WARNING:biomolecule.py:157:num_missing_heavy:Missing atom NZ in residue LYS A 577
2024-02-28 14:07:17,018 WARNING:biomolecule.py:157:num_missing_heavy:Missing atom CG in residue GLU A 600
2024-02-28 14:07:17,018 WARNING:biomolecule.py:157:num_missing_heavy:Missing atom CD in residue GLU A 600
2024-02-28 14:07:17,018 WARNING:biomolecule.py:157:num_missing_heavy:Missing atom OE1 in residue GLU A 600
2024-02-28 14:07:17,018 WARNING:biomolecule.py:157:num_missing_heavy:Missing atom OE2 in residue GLU A 600
2024-02-28 14:07:17,018 WARNING:biomolecule.py:157:num_missing_heavy:Missing atom CG in residue GLU A 614
2024-02-28 14:07:17,018 WARNING:biomolecule.py:157:num_missing_heavy:Missing atom CD in residue GLU A 614
2024-02-28 14:07:17,018 WARNING:biomolecule.py:157:num_missing_heavy:Missing atom OE1 in residue GLU A 614
2024-02-28 14:07:17,018 WARNING:biomolecule.py:157:num_missing_heavy:Missing atom OE2 in residue GLU A 614
2024-02-28 14:07:17,018 WARNING:biomolecule.py:157:num_missing_heavy:Missing atom CD in residue ARG A 625
2024-02-28 14:07:17,018 WARNING:biomolecule.py:157:num_missing_heavy:Missing atom NE in residue ARG A 625
2024-02-28 14:07:17,018 WARNING:biomolecule.py:157:num_missing_heavy:Missing atom CZ in residue ARG A 625
2024-02-28 14:07:17,019 WARNING:biomolecule.py:157:num_missing_heavy:Missing atom NH1 in residue ARG A 625
2024-02-28 14:07:17,019 WARNING:biomolecule.py:157:num_missing_heavy:Missing atom NH2 in residue ARG A 625
2024-02-28 14:07:17,019 WARNING:biomolecule.py:157:num_missing_heavy:Missing atom CD in residue GLU A 636
2024-02-28 14:07:17,019 WARNING:biomolecule.py:157:num_missing_heavy:Missing atom OE1 in residue GLU A 636
2024-02-28 14:07:17,019 WARNING:biomolecule.py:157:num_missing_heavy:Missing atom OE2 in residue GLU A 636
2024-02-28 14:07:17,019 WARNING:biomolecule.py:157:num_missing_heavy:Missing atom OXT in residue HIS A 639
2024-02-28 14:07:17,019 WARNING:biomolecule.py:157:num_missing_heavy:Missing atom CG1 in residue VAL A 363
2024-02-28 14:07:17,019 WARNING:biomolecule.py:157:num_missing_heavy:Missing atom CG2 in residue VAL A 363
2024-02-28 14:07:17,019 WARNING:biomolecule.py:157:num_missing_heavy:Missing atom CD in residue LYS A 368
2024-02-28 14:07:17,019 WARNING:biomolecule.py:157:num_missing_heavy:Missing atom CE in residue LYS A 368
2024-02-28 14:07:17,019 WARNING:biomolecule.py:157:num_missing_heavy:Missing atom NZ in residue LYS A 368
2024-02-28 14:07:17,019 WARNING:biomolecule.py:157:num_missing_heavy:Missing atom CG in residue ASP A 374
2024-02-28 14:07:17,019 WARNING:biomolecule.py:157:num_missing_heavy:Missing atom OD1 in residue ASP A 374
2024-02-28 14:07:17,019 WARNING:biomolecule.py:157:num_missing_heavy:Missing atom OD2 in residue ASP A 374
2024-02-28 14:07:17,019 WARNING:biomolecule.py:157:num_missing_heavy:Missing atom CG in residue LYS A 375
2024-02-28 14:07:17,019 WARNING:biomolecule.py:157:num_missing_heavy:Missing atom CD in residue LYS A 375
2024-02-28 14:07:17,019 WARNING:biomolecule.py:157:num_missing_heavy:Missing atom CE in residue LYS A 375
2024-02-28 14:07:17,019 WARNING:biomolecule.py:157:num_missing_heavy:Missing atom NZ in residue LYS A 375
2024-02-28 14:07:17,019 WARNING:biomolecule.py:157:num_missing_heavy:Missing atom CG in residue GLU A 376
2024-02-28 14:07:17,019 WARNING:biomolecule.py:157:num_missing_heavy:Missing atom CD in residue GLU A 376
2024-02-28 14:07:17,019 WARNING:biomolecule.py:157:num_missing_heavy:Missing atom OE1 in residue GLU A 376
2024-02-28 14:07:17,019 WARNING:biomolecule.py:157:num_missing_heavy:Missing atom OE2 in residue GLU A 376
2024-02-28 14:07:17,019 WARNING:biomolecule.py:157:num_missing_heavy:Missing atom CG in residue ASN A 381
2024-02-28 14:07:17,019 WARNING:biomolecule.py:157:num_missing_heavy:Missing atom OD1 in residue ASN A 381
2024-02-28 14:07:17,019 WARNING:biomolecule.py:157:num_missing_heavy:Missing atom ND2 in residue ASN A 381
2024-02-28 14:07:17,019 WARNING:biomolecule.py:157:num_missing_heavy:Missing atom CG in residue PHE A 382
2024-02-28 14:07:17,019 WARNING:biomolecule.py:157:num_missing_heavy:Missing atom CD1 in residue PHE A 382
2024-02-28 14:07:17,020 WARNING:biomolecule.py:157:num_missing_heavy:Missing atom CD2 in residue PHE A 382
2024-02-28 14:07:17,020 WARNING:biomolecule.py:157:num_missing_heavy:Missing atom CE1 in residue PHE A 382
2024-02-28 14:07:17,020 WARNING:biomolecule.py:157:num_missing_heavy:Missing atom CE2 in residue PHE A 382
2024-02-28 14:07:17,020 WARNING:biomolecule.py:157:num_missing_heavy:Missing atom CZ in residue PHE A 382
2024-02-28 14:07:17,020 WARNING:biomolecule.py:157:num_missing_heavy:Missing atom CG in residue LYS A 393
2024-02-28 14:07:17,020 WARNING:biomolecule.py:157:num_missing_heavy:Missing atom CD in residue LYS A 393
2024-02-28 14:07:17,020 WARNING:biomolecule.py:157:num_missing_heavy:Missing atom CE in residue LYS A 393
2024-02-28 14:07:17,020 WARNING:biomolecule.py:157:num_missing_heavy:Missing atom NZ in residue LYS A 393
2024-02-28 14:07:17,020 WARNING:biomolecule.py:157:num_missing_heavy:Missing atom CG in residue LYS A 405
2024-02-28 14:07:17,020 WARNING:biomolecule.py:157:num_missing_heavy:Missing atom CD in residue LYS A 405
2024-02-28 14:07:17,020 WARNING:biomolecule.py:157:num_missing_heavy:Missing atom CE in residue LYS A 405
2024-02-28 14:07:17,020 WARNING:biomolecule.py:157:num_missing_heavy:Missing atom NZ in residue LYS A 405
2024-02-28 14:07:17,020 WARNING:biomolecule.py:157:num_missing_heavy:Missing atom CD in residue LYS A 414
2024-02-28 14:07:17,020 WARNING:biomolecule.py:157:num_missing_heavy:Missing atom CE in residue LYS A 414
2024-02-28 14:07:17,020 WARNING:biomolecule.py:157:num_missing_heavy:Missing atom NZ in residue LYS A 414
2024-02-28 14:07:17,020 WARNING:biomolecule.py:157:num_missing_heavy:Missing atom OG in residue SER A 443
2024-02-28 14:07:17,020 WARNING:biomolecule.py:157:num_missing_heavy:Missing atom CE in residue LYS A 458
2024-02-28 14:07:17,020 WARNING:biomolecule.py:157:num_missing_heavy:Missing atom NZ in residue LYS A 458
2024-02-28 14:07:17,020 WARNING:biomolecule.py:157:num_missing_heavy:Missing atom NE in residue ARG A 464
2024-02-28 14:07:17,020 WARNING:biomolecule.py:157:num_missing_heavy:Missing atom CZ in residue ARG A 464
2024-02-28 14:07:17,020 WARNING:biomolecule.py:157:num_missing_heavy:Missing atom NH1 in residue ARG A 464
2024-02-28 14:07:17,021 WARNING:biomolecule.py:157:num_missing_heavy:Missing atom NH2 in residue ARG A 464
2024-02-28 14:07:17,021 WARNING:biomolecule.py:157:num_missing_heavy:Missing atom CG in residue LYS A 533
2024-02-28 14:07:17,021 WARNING:biomolecule.py:157:num_missing_heavy:Missing atom CD in residue LYS A 533
2024-02-28 14:07:17,021 WARNING:biomolecule.py:157:num_missing_heavy:Missing atom CE in residue LYS A 533
2024-02-28 14:07:17,021 WARNING:biomolecule.py:157:num_missing_heavy:Missing atom NZ in residue LYS A 533
2024-02-28 14:07:17,021 WARNING:biomolecule.py:157:num_missing_heavy:Missing atom CG in residue GLN A 570
2024-02-28 14:07:17,021 WARNING:biomolecule.py:157:num_missing_heavy:Missing atom CD in residue GLN A 570
2024-02-28 14:07:17,021 WARNING:biomolecule.py:157:num_missing_heavy:Missing atom OE1 in residue GLN A 570
2024-02-28 14:07:17,021 WARNING:biomolecule.py:157:num_missing_heavy:Missing atom NE2 in residue GLN A 570
2024-02-28 14:07:17,021 WARNING:biomolecule.py:157:num_missing_heavy:Missing atom CD in residue LYS A 571
2024-02-28 14:07:17,021 WARNING:biomolecule.py:157:num_missing_heavy:Missing atom CE in residue LYS A 571
2024-02-28 14:07:17,021 WARNING:biomolecule.py:157:num_missing_heavy:Missing atom NZ in residue LYS A 571
2024-02-28 14:07:17,021 WARNING:biomolecule.py:157:num_missing_heavy:Missing atom CE in residue LYS A 577
2024-02-28 14:07:17,021 WARNING:biomolecule.py:157:num_missing_heavy:Missing atom NZ in residue LYS A 577
2024-02-28 14:07:17,022 WARNING:biomolecule.py:157:num_missing_heavy:Missing atom CG in residue GLU A 600
2024-02-28 14:07:17,022 WARNING:biomolecule.py:157:num_missing_heavy:Missing atom CD in residue GLU A 600
2024-02-28 14:07:17,022 WARNING:biomolecule.py:157:num_missing_heavy:Missing atom OE1 in residue GLU A 600
2024-02-28 14:07:17,022 WARNING:biomolecule.py:157:num_missing_heavy:Missing atom OE2 in residue GLU A 600
2024-02-28 14:07:17,022 WARNING:biomolecule.py:157:num_missing_heavy:Missing atom CG in residue GLU A 614
2024-02-28 14:07:17,022 WARNING:biomolecule.py:157:num_missing_heavy:Missing atom CD in residue GLU A 614
2024-02-28 14:07:17,022 WARNING:biomolecule.py:157:num_missing_heavy:Missing atom OE1 in residue GLU A 614
2024-02-28 14:07:17,022 WARNING:biomolecule.py:157:num_missing_heavy:Missing atom OE2 in residue GLU A 614
2024-02-28 14:07:17,022 WARNING:biomolecule.py:157:num_missing_heavy:Missing atom CD in residue ARG A 625
2024-02-28 14:07:17,022 WARNING:biomolecule.py:157:num_missing_heavy:Missing atom NE in residue ARG A 625
2024-02-28 14:07:17,022 WARNING:biomolecule.py:157:num_missing_heavy:Missing atom CZ in residue ARG A 625
2024-02-28 14:07:17,022 WARNING:biomolecule.py:157:num_missing_heavy:Missing atom NH1 in residue ARG A 625
2024-02-28 14:07:17,022 WARNING:biomolecule.py:157:num_missing_heavy:Missing atom NH2 in residue ARG A 625
2024-02-28 14:07:17,022 WARNING:biomolecule.py:157:num_missing_heavy:Missing atom CD in residue GLU A 636
2024-02-28 14:07:17,022 WARNING:biomolecule.py:157:num_missing_heavy:Missing atom OE1 in residue GLU A 636
2024-02-28 14:07:17,022 WARNING:biomolecule.py:157:num_missing_heavy:Missing atom OE2 in residue GLU A 636
2024-02-28 14:07:17,022 WARNING:biomolecule.py:157:num_missing_heavy:Missing atom OXT in residue HIS A 639
2024-02-28 14:07:17,022 WARNING:biomolecule.py:157:num_missing_heavy:Missing atom CG1 in residue VAL A 363
2024-02-28 14:07:17,022 WARNING:biomolecule.py:157:num_missing_heavy:Missing atom CG2 in residue VAL A 363
2024-02-28 14:07:17,022 WARNING:biomolecule.py:157:num_missing_heavy:Missing atom CD in residue LYS A 368
2024-02-28 14:07:17,022 WARNING:biomolecule.py:157:num_missing_heavy:Missing atom CE in residue LYS A 368
2024-02-28 14:07:17,022 WARNING:biomolecule.py:157:num_missing_heavy:Missing atom NZ in residue LYS A 368
2024-02-28 14:07:17,023 WARNING:biomolecule.py:157:num_missing_heavy:Missing atom CG in residue ASP A 374
2024-02-28 14:07:17,023 WARNING:biomolecule.py:157:num_missing_heavy:Missing atom OD1 in residue ASP A 374
2024-02-28 14:07:17,023 WARNING:biomolecule.py:157:num_missing_heavy:Missing atom OD2 in residue ASP A 374
2024-02-28 14:07:17,023 WARNING:biomolecule.py:157:num_missing_heavy:Missing atom CG in residue LYS A 375
2024-02-28 14:07:17,023 WARNING:biomolecule.py:157:num_missing_heavy:Missing atom CD in residue LYS A 375
2024-02-28 14:07:17,023 WARNING:biomolecule.py:157:num_missing_heavy:Missing atom CE in residue LYS A 375
2024-02-28 14:07:17,023 WARNING:biomolecule.py:157:num_missing_heavy:Missing atom NZ in residue LYS A 375
2024-02-28 14:07:17,023 WARNING:biomolecule.py:157:num_missing_heavy:Missing atom CG in residue GLU A 376
2024-02-28 14:07:17,023 WARNING:biomolecule.py:157:num_missing_heavy:Missing atom CD in residue GLU A 376
2024-02-28 14:07:17,023 WARNING:biomolecule.py:157:num_missing_heavy:Missing atom OE1 in residue GLU A 376
2024-02-28 14:07:17,023 WARNING:biomolecule.py:157:num_missing_heavy:Missing atom OE2 in residue GLU A 376
2024-02-28 14:07:17,023 WARNING:biomolecule.py:157:num_missing_heavy:Missing atom CG in residue ASN A 381
2024-02-28 14:07:17,023 WARNING:biomolecule.py:157:num_missing_heavy:Missing atom OD1 in residue ASN A 381
2024-02-28 14:07:17,023 WARNING:biomolecule.py:157:num_missing_heavy:Missing atom ND2 in residue ASN A 381
2024-02-28 14:07:17,023 WARNING:biomolecule.py:157:num_missing_heavy:Missing atom CG in residue PHE A 382
2024-02-28 14:07:17,023 WARNING:biomolecule.py:157:num_missing_heavy:Missing atom CD1 in residue PHE A 382
2024-02-28 14:07:17,023 WARNING:biomolecule.py:157:num_missing_heavy:Missing atom CD2 in residue PHE A 382
2024-02-28 14:07:17,023 WARNING:biomolecule.py:157:num_missing_heavy:Missing atom CE1 in residue PHE A 382
2024-02-28 14:07:17,023 WARNING:biomolecule.py:157:num_missing_heavy:Missing atom CE2 in residue PHE A 382
2024-02-28 14:07:17,023 WARNING:biomolecule.py:157:num_missing_heavy:Missing atom CZ in residue PHE A 382
2024-02-28 14:07:17,023 WARNING:biomolecule.py:157:num_missing_heavy:Missing atom CG in residue LYS A 393
2024-02-28 14:07:17,023 WARNING:biomolecule.py:157:num_missing_heavy:Missing atom CD in residue LYS A 393
2024-02-28 14:07:17,023 WARNING:biomolecule.py:157:num_missing_heavy:Missing atom CE in residue LYS A 393
2024-02-28 14:07:17,023 WARNING:biomolecule.py:157:num_missing_heavy:Missing atom NZ in residue LYS A 393
2024-02-28 14:07:17,023 WARNING:biomolecule.py:157:num_missing_heavy:Missing atom CG in residue LYS A 405
2024-02-28 14:07:17,023 WARNING:biomolecule.py:157:num_missing_heavy:Missing atom CD in residue LYS A 405
2024-02-28 14:07:17,023 WARNING:biomolecule.py:157:num_missing_heavy:Missing atom CE in residue LYS A 405
2024-02-28 14:07:17,023 WARNING:biomolecule.py:157:num_missing_heavy:Missing atom NZ in residue LYS A 405
2024-02-28 14:07:17,023 WARNING:biomolecule.py:157:num_missing_heavy:Missing atom CD in residue LYS A 414
2024-02-28 14:07:17,024 WARNING:biomolecule.py:157:num_missing_heavy:Missing atom CE in residue LYS A 414
2024-02-28 14:07:17,024 WARNING:biomolecule.py:157:num_missing_heavy:Missing atom NZ in residue LYS A 414
2024-02-28 14:07:17,024 WARNING:biomolecule.py:157:num_missing_heavy:Missing atom OG in residue SER A 443
2024-02-28 14:07:17,024 WARNING:biomolecule.py:157:num_missing_heavy:Missing atom CE in residue LYS A 458
2024-02-28 14:07:17,024 WARNING:biomolecule.py:157:num_missing_heavy:Missing atom NZ in residue LYS A 458
2024-02-28 14:07:17,024 WARNING:biomolecule.py:157:num_missing_heavy:Missing atom NE in residue ARG A 464
2024-02-28 14:07:17,024 WARNING:biomolecule.py:157:num_missing_heavy:Missing atom CZ in residue ARG A 464
2024-02-28 14:07:17,024 WARNING:biomolecule.py:157:num_missing_heavy:Missing atom NH1 in residue ARG A 464
2024-02-28 14:07:17,024 WARNING:biomolecule.py:157:num_missing_heavy:Missing atom NH2 in residue ARG A 464
2024-02-28 14:07:17,024 WARNING:biomolecule.py:157:num_missing_heavy:Missing atom CG in residue LYS A 533
2024-02-28 14:07:17,024 WARNING:biomolecule.py:157:num_missing_heavy:Missing atom CD in residue LYS A 533
2024-02-28 14:07:17,024 WARNING:biomolecule.py:157:num_missing_heavy:Missing atom CE in residue LYS A 533
2024-02-28 14:07:17,024 WARNING:biomolecule.py:157:num_missing_heavy:Missing atom NZ in residue LYS A 533
2024-02-28 14:07:17,025 WARNING:biomolecule.py:157:num_missing_heavy:Missing atom CG in residue GLN A 570
2024-02-28 14:07:17,025 WARNING:biomolecule.py:157:num_missing_heavy:Missing atom CD in residue GLN A 570
2024-02-28 14:07:17,025 WARNING:biomolecule.py:157:num_missing_heavy:Missing atom OE1 in residue GLN A 570
2024-02-28 14:07:17,025 WARNING:biomolecule.py:157:num_missing_heavy:Missing atom NE2 in residue GLN A 570
2024-02-28 14:07:17,025 WARNING:biomolecule.py:157:num_missing_heavy:Missing atom CD in residue LYS A 571
2024-02-28 14:07:17,025 WARNING:biomolecule.py:157:num_missing_heavy:Missing atom CE in residue LYS A 571
2024-02-28 14:07:17,025 WARNING:biomolecule.py:157:num_missing_heavy:Missing atom NZ in residue LYS A 571
2024-02-28 14:07:17,025 WARNING:biomolecule.py:157:num_missing_heavy:Missing atom CE in residue LYS A 577
2024-02-28 14:07:17,025 WARNING:biomolecule.py:157:num_missing_heavy:Missing atom NZ in residue LYS A 577
2024-02-28 14:07:17,025 WARNING:biomolecule.py:157:num_missing_heavy:Missing atom CG in residue GLU A 600
2024-02-28 14:07:17,025 WARNING:biomolecule.py:157:num_missing_heavy:Missing atom CD in residue GLU A 600
2024-02-28 14:07:17,025 WARNING:biomolecule.py:157:num_missing_heavy:Missing atom OE1 in residue GLU A 600
2024-02-28 14:07:17,025 WARNING:biomolecule.py:157:num_missing_heavy:Missing atom OE2 in residue GLU A 600
2024-02-28 14:07:17,025 WARNING:biomolecule.py:157:num_missing_heavy:Missing atom CG in residue GLU A 614
2024-02-28 14:07:17,025 WARNING:biomolecule.py:157:num_missing_heavy:Missing atom CD in residue GLU A 614
2024-02-28 14:07:17,025 WARNING:biomolecule.py:157:num_missing_heavy:Missing atom OE1 in residue GLU A 614
2024-02-28 14:07:17,025 WARNING:biomolecule.py:157:num_missing_heavy:Missing atom OE2 in residue GLU A 614
2024-02-28 14:07:17,025 WARNING:biomolecule.py:157:num_missing_heavy:Missing atom CD in residue ARG A 625
2024-02-28 14:07:17,025 WARNING:biomolecule.py:157:num_missing_heavy:Missing atom NE in residue ARG A 625
2024-02-28 14:07:17,025 WARNING:biomolecule.py:157:num_missing_heavy:Missing atom CZ in residue ARG A 625
2024-02-28 14:07:17,025 WARNING:biomolecule.py:157:num_missing_heavy:Missing atom NH1 in residue ARG A 625
2024-02-28 14:07:17,025 WARNING:biomolecule.py:157:num_missing_heavy:Missing atom NH2 in residue ARG A 625
2024-02-28 14:07:17,026 WARNING:biomolecule.py:157:num_missing_heavy:Missing atom CD in residue GLU A 636
2024-02-28 14:07:17,026 WARNING:biomolecule.py:157:num_missing_heavy:Missing atom OE1 in residue GLU A 636
2024-02-28 14:07:17,026 WARNING:biomolecule.py:157:num_missing_heavy:Missing atom OE2 in residue GLU A 636
2024-02-28 14:07:17,026 WARNING:biomolecule.py:157:num_missing_heavy:Missing atom OXT in residue HIS A 639
2024-02-28 14:07:19,609 WARNING:debump.py:172:debump_biomolecule:WARNING: Unable to debump ASN A 381
2024-02-28 14:07:22,169 WARNING:main.py:311:print_pqr:Ignoring 1933 header lines in output.
2024-02-28 14:07:22,170 WARNING:main.py:315:print_pqr:Ignoring 37 missing lines in output.
