2024-02-28 14:07:13,742 WARNING:biomolecule.py:992:create_residue:Unable to find amino or nucleic acid definition for MSE.  Parsing as new residue.
2024-02-28 14:07:13,745 WARNING:biomolecule.py:992:create_residue:Unable to find amino or nucleic acid definition for MSE.  Parsing as new residue.
2024-02-28 14:07:13,748 WARNING:biomolecule.py:992:create_residue:Unable to find amino or nucleic acid definition for MSE.  Parsing as new residue.
2024-02-28 14:07:13,753 WARNING:biomolecule.py:992:create_residue:Unable to find amino or nucleic acid definition for MSE.  Parsing as new residue.
2024-02-28 14:07:13,756 WARNING:biomolecule.py:992:create_residue:Unable to find amino or nucleic acid definition for MSE.  Parsing as new residue.
2024-02-28 14:07:13,758 WARNING:biomolecule.py:992:create_residue:Unable to find amino or nucleic acid definition for MSE.  Parsing as new residue.
2024-02-28 14:07:13,762 WARNING:biomolecule.py:992:create_residue:Unable to find amino or nucleic acid definition for MSE.  Parsing as new residue.
2024-02-28 14:07:13,765 WARNING:biomolecule.py:992:create_residue:Unable to find amino or nucleic acid definition for MSE.  Parsing as new residue.
2024-02-28 14:07:13,768 WARNING:biomolecule.py:992:create_residue:Unable to find amino or nucleic acid definition for MSE.  Parsing as new residue.
2024-02-28 14:07:13,772 WARNING:io.py:40:filter:Suppressing further "Unable to find amino or nucleic acid definition for" messages
2024-02-28 14:07:13,799 WARNING:biomolecule.py:615:update_bonds:Gap in backbone detected between PHE B 155 and GLN B 168!
2024-02-28 14:07:13,799 WARNING:biomolecule.py:615:update_bonds:Gap in backbone detected between PHE B 178 and HIS B 188!
2024-02-28 14:07:13,801 WARNING:biomolecule.py:615:update_bonds:Gap in backbone detected between TYR C 156 and SER C 161!
2024-02-28 14:07:13,801 WARNING:biomolecule.py:615:update_bonds:Gap in backbone detected between PRO C 176 and GLY C 187!
2024-02-28 14:07:13,802 WARNING:biomolecule.py:615:update_bonds:Gap in backbone detected between TYR D 156 and GLN D 168!
2024-02-28 14:07:13,802 WARNING:biomolecule.py:615:update_bonds:Gap in backbone detected between PRO D 176 and ILE D 186!
2024-02-28 14:07:13,813 WARNING:biomolecule.py:157:num_missing_heavy:Missing atom OXT in residue ILE A 258
2024-02-28 14:07:13,814 WARNING:biomolecule.py:157:num_missing_heavy:Missing atom OXT in residue ILE B 258
2024-02-28 14:07:13,814 WARNING:biomolecule.py:157:num_missing_heavy:Missing atom OXT in residue ASN C 257
2024-02-28 14:07:13,815 WARNING:biomolecule.py:157:num_missing_heavy:Missing atom OXT in residue ILE D 258
2024-02-28 14:07:13,816 WARNING:biomolecule.py:157:num_missing_heavy:Missing atom OXT in residue ILE A 258
2024-02-28 14:07:13,817 WARNING:biomolecule.py:157:num_missing_heavy:Missing atom OXT in residue ILE B 258
2024-02-28 14:07:13,817 WARNING:biomolecule.py:157:num_missing_heavy:Missing atom OXT in residue ASN C 257
2024-02-28 14:07:13,818 WARNING:biomolecule.py:157:num_missing_heavy:Missing atom OXT in residue ILE D 258
2024-02-28 14:07:13,819 WARNING:biomolecule.py:157:num_missing_heavy:Missing atom OXT in residue ILE A 258
2024-02-28 14:07:13,820 WARNING:biomolecule.py:157:num_missing_heavy:Missing atom OXT in residue ILE B 258
2024-02-28 14:07:13,820 WARNING:biomolecule.py:157:num_missing_heavy:Missing atom OXT in residue ASN C 257
2024-02-28 14:07:13,821 WARNING:biomolecule.py:157:num_missing_heavy:Missing atom OXT in residue ILE D 258
2024-02-28 14:07:16,450 WARNING:main.py:311:print_pqr:Ignoring 9870 header lines in output.
2024-02-28 14:07:16,450 WARNING:main.py:315:print_pqr:Ignoring 272 missing lines in output.
2024-02-28 14:58:39,755 WARNING:biomolecule.py:992:create_residue:Unable to find amino or nucleic acid definition for MSE.  Parsing as new residue.
2024-02-28 14:58:39,760 WARNING:biomolecule.py:992:create_residue:Unable to find amino or nucleic acid definition for MSE.  Parsing as new residue.
2024-02-28 14:58:39,763 WARNING:biomolecule.py:992:create_residue:Unable to find amino or nucleic acid definition for MSE.  Parsing as new residue.
2024-02-28 14:58:39,769 WARNING:biomolecule.py:992:create_residue:Unable to find amino or nucleic acid definition for MSE.  Parsing as new residue.
2024-02-28 14:58:39,772 WARNING:biomolecule.py:992:create_residue:Unable to find amino or nucleic acid definition for MSE.  Parsing as new residue.
2024-02-28 14:58:39,775 WARNING:biomolecule.py:992:create_residue:Unable to find amino or nucleic acid definition for MSE.  Parsing as new residue.
2024-02-28 14:58:39,780 WARNING:biomolecule.py:992:create_residue:Unable to find amino or nucleic acid definition for MSE.  Parsing as new residue.
2024-02-28 14:58:39,784 WARNING:biomolecule.py:992:create_residue:Unable to find amino or nucleic acid definition for MSE.  Parsing as new residue.
2024-02-28 14:58:39,789 WARNING:biomolecule.py:992:create_residue:Unable to find amino or nucleic acid definition for MSE.  Parsing as new residue.
2024-02-28 14:58:39,800 WARNING:io.py:40:filter:Suppressing further "Unable to find amino or nucleic acid definition for" messages
2024-02-28 14:58:39,858 WARNING:biomolecule.py:615:update_bonds:Gap in backbone detected between PHE B 155 and GLN B 168!
2024-02-28 14:58:39,858 WARNING:biomolecule.py:615:update_bonds:Gap in backbone detected between PHE B 178 and HIS B 188!
2024-02-28 14:58:39,860 WARNING:biomolecule.py:615:update_bonds:Gap in backbone detected between TYR C 156 and SER C 161!
2024-02-28 14:58:39,860 WARNING:biomolecule.py:615:update_bonds:Gap in backbone detected between PRO C 176 and GLY C 187!
2024-02-28 14:58:39,861 WARNING:biomolecule.py:615:update_bonds:Gap in backbone detected between TYR D 156 and GLN D 168!
2024-02-28 14:58:39,861 WARNING:biomolecule.py:615:update_bonds:Gap in backbone detected between PRO D 176 and ILE D 186!
2024-02-28 14:58:39,894 WARNING:biomolecule.py:157:num_missing_heavy:Missing atom OXT in residue ILE A 258
2024-02-28 14:58:39,896 WARNING:biomolecule.py:157:num_missing_heavy:Missing atom OXT in residue ILE B 258
2024-02-28 14:58:39,897 WARNING:biomolecule.py:157:num_missing_heavy:Missing atom OXT in residue ASN C 257
2024-02-28 14:58:39,898 WARNING:biomolecule.py:157:num_missing_heavy:Missing atom OXT in residue ILE D 258
2024-02-28 14:58:39,899 WARNING:biomolecule.py:157:num_missing_heavy:Missing atom OXT in residue ILE A 258
2024-02-28 14:58:39,900 WARNING:biomolecule.py:157:num_missing_heavy:Missing atom OXT in residue ILE B 258
2024-02-28 14:58:39,901 WARNING:biomolecule.py:157:num_missing_heavy:Missing atom OXT in residue ASN C 257
2024-02-28 14:58:39,902 WARNING:biomolecule.py:157:num_missing_heavy:Missing atom OXT in residue ILE D 258
2024-02-28 14:58:39,903 WARNING:biomolecule.py:157:num_missing_heavy:Missing atom OXT in residue ILE A 258
2024-02-28 14:58:39,904 WARNING:biomolecule.py:157:num_missing_heavy:Missing atom OXT in residue ILE B 258
2024-02-28 14:58:39,906 WARNING:biomolecule.py:157:num_missing_heavy:Missing atom OXT in residue ASN C 257
2024-02-28 14:58:39,907 WARNING:biomolecule.py:157:num_missing_heavy:Missing atom OXT in residue ILE D 258
