2024-02-28 14:07:00,884 WARNING:biomolecule.py:992:create_residue:Unable to find amino or nucleic acid definition for NAG.  Parsing as new residue.
2024-02-28 14:07:00,885 WARNING:biomolecule.py:992:create_residue:Unable to find amino or nucleic acid definition for NAG.  Parsing as new residue.
2024-02-28 14:07:00,885 WARNING:biomolecule.py:992:create_residue:Unable to find amino or nucleic acid definition for NAG.  Parsing as new residue.
2024-02-28 14:07:00,885 WARNING:biomolecule.py:992:create_residue:Unable to find amino or nucleic acid definition for NAG.  Parsing as new residue.
2024-02-28 14:07:00,886 WARNING:biomolecule.py:992:create_residue:Unable to find amino or nucleic acid definition for HUP.  Parsing as new residue.
2024-02-28 14:07:00,886 WARNING:main.py:418:setup_molecule:Multiple occupancies found: N in MET A 16.
2024-02-28 14:07:00,886 WARNING:main.py:418:setup_molecule:Multiple occupancies found: CA in MET A 16.
2024-02-28 14:07:00,886 WARNING:main.py:418:setup_molecule:Multiple occupancies found: C in MET A 16.
2024-02-28 14:07:00,887 WARNING:main.py:418:setup_molecule:Multiple occupancies found: CB in MET A 16.
2024-02-28 14:07:00,887 WARNING:main.py:418:setup_molecule:Multiple occupancies found: CG in MET A 16.
2024-02-28 14:07:00,887 WARNING:main.py:418:setup_molecule:Multiple occupancies found: SD in MET A 16.
2024-02-28 14:07:00,887 WARNING:main.py:418:setup_molecule:Multiple occupancies found: CE in MET A 16.
2024-02-28 14:07:00,887 WARNING:main.py:424:setup_molecule:Multiple occupancies found in MET A 16. At least one of the instances is being ignored.
2024-02-28 14:07:00,887 WARNING:main.py:418:setup_molecule:Multiple occupancies found: N in GLU A 49.
2024-02-28 14:07:00,887 WARNING:main.py:418:setup_molecule:Multiple occupancies found: CA in GLU A 49.
2024-02-28 14:07:00,887 WARNING:main.py:418:setup_molecule:Multiple occupancies found: C in GLU A 49.
2024-02-28 14:07:00,887 WARNING:main.py:418:setup_molecule:Multiple occupancies found: O in GLU A 49.
2024-02-28 14:07:00,887 WARNING:main.py:418:setup_molecule:Multiple occupancies found: CB in GLU A 49.
2024-02-28 14:07:00,887 WARNING:main.py:418:setup_molecule:Multiple occupancies found: CG in GLU A 49.
2024-02-28 14:07:00,887 WARNING:main.py:418:setup_molecule:Multiple occupancies found: CD in GLU A 49.
2024-02-28 14:07:00,887 WARNING:main.py:418:setup_molecule:Multiple occupancies found: OE1 in GLU A 49.
2024-02-28 14:07:00,887 WARNING:main.py:418:setup_molecule:Multiple occupancies found: OE2 in GLU A 49.
2024-02-28 14:07:00,887 WARNING:main.py:424:setup_molecule:Multiple occupancies found in GLU A 49. At least one of the instances is being ignored.
2024-02-28 14:07:00,888 WARNING:main.py:418:setup_molecule:Multiple occupancies found: N in VAL A 129.
2024-02-28 14:07:00,888 WARNING:main.py:418:setup_molecule:Multiple occupancies found: CA in VAL A 129.
2024-02-28 14:07:00,888 WARNING:main.py:418:setup_molecule:Multiple occupancies found: C in VAL A 129.
2024-02-28 14:07:00,888 WARNING:main.py:418:setup_molecule:Multiple occupancies found: O in VAL A 129.
2024-02-28 14:07:00,888 WARNING:main.py:418:setup_molecule:Multiple occupancies found: CB in VAL A 129.
2024-02-28 14:07:00,888 WARNING:main.py:418:setup_molecule:Multiple occupancies found: CG1 in VAL A 129.
2024-02-28 14:07:00,888 WARNING:main.py:418:setup_molecule:Multiple occupancies found: CG2 in VAL A 129.
2024-02-28 14:07:00,888 WARNING:main.py:424:setup_molecule:Multiple occupancies found in VAL A 129. At least one of the instances is being ignored.
2024-02-28 14:07:00,888 WARNING:main.py:418:setup_molecule:Multiple occupancies found: N in MET A 175.
2024-02-28 14:07:00,888 WARNING:main.py:418:setup_molecule:Multiple occupancies found: CA in MET A 175.
2024-02-28 14:07:00,888 WARNING:main.py:418:setup_molecule:Multiple occupancies found: C in MET A 175.
2024-02-28 14:07:00,888 WARNING:main.py:418:setup_molecule:Multiple occupancies found: O in MET A 175.
2024-02-28 14:07:00,888 WARNING:main.py:418:setup_molecule:Multiple occupancies found: CB in MET A 175.
2024-02-28 14:07:00,888 WARNING:main.py:418:setup_molecule:Multiple occupancies found: CG in MET A 175.
2024-02-28 14:07:00,888 WARNING:main.py:418:setup_molecule:Multiple occupancies found: SD in MET A 175.
2024-02-28 14:07:00,888 WARNING:main.py:418:setup_molecule:Multiple occupancies found: CE in MET A 175.
2024-02-28 14:07:00,888 WARNING:main.py:424:setup_molecule:Multiple occupancies found in MET A 175. At least one of the instances is being ignored.
2024-02-28 14:07:00,888 WARNING:main.py:418:setup_molecule:Multiple occupancies found: N in SER A 228.
2024-02-28 14:07:00,888 WARNING:main.py:418:setup_molecule:Multiple occupancies found: CA in SER A 228.
2024-02-28 14:07:00,888 WARNING:main.py:418:setup_molecule:Multiple occupancies found: C in SER A 228.
2024-02-28 14:07:00,888 WARNING:main.py:418:setup_molecule:Multiple occupancies found: O in SER A 228.
2024-02-28 14:07:00,888 WARNING:main.py:418:setup_molecule:Multiple occupancies found: CB in SER A 228.
2024-02-28 14:07:00,888 WARNING:main.py:418:setup_molecule:Multiple occupancies found: OG in SER A 228.
2024-02-28 14:07:00,888 WARNING:main.py:424:setup_molecule:Multiple occupancies found in SER A 228. At least one of the instances is being ignored.
2024-02-28 14:07:00,888 WARNING:main.py:418:setup_molecule:Multiple occupancies found: N in GLU A 455.
2024-02-28 14:07:00,888 WARNING:main.py:418:setup_molecule:Multiple occupancies found: CA in GLU A 455.
2024-02-28 14:07:00,888 WARNING:main.py:418:setup_molecule:Multiple occupancies found: C in GLU A 455.
2024-02-28 14:07:00,888 WARNING:main.py:418:setup_molecule:Multiple occupancies found: O in GLU A 455.
2024-02-28 14:07:00,889 WARNING:main.py:418:setup_molecule:Multiple occupancies found: CB in GLU A 455.
2024-02-28 14:07:00,889 WARNING:main.py:418:setup_molecule:Multiple occupancies found: CG in GLU A 455.
2024-02-28 14:07:00,889 WARNING:main.py:418:setup_molecule:Multiple occupancies found: CD in GLU A 455.
2024-02-28 14:07:00,889 WARNING:main.py:418:setup_molecule:Multiple occupancies found: OE1 in GLU A 455.
2024-02-28 14:07:00,889 WARNING:main.py:418:setup_molecule:Multiple occupancies found: OE2 in GLU A 455.
2024-02-28 14:07:00,889 WARNING:main.py:424:setup_molecule:Multiple occupancies found in GLU A 455. At least one of the instances is being ignored.
2024-02-28 14:07:00,889 WARNING:main.py:418:setup_molecule:Multiple occupancies found: N in ARG A 468.
2024-02-28 14:07:00,889 WARNING:main.py:418:setup_molecule:Multiple occupancies found: CA in ARG A 468.
2024-02-28 14:07:00,889 WARNING:main.py:418:setup_molecule:Multiple occupancies found: C in ARG A 468.
2024-02-28 14:07:00,889 WARNING:main.py:418:setup_molecule:Multiple occupancies found: O in ARG A 468.
2024-02-28 14:07:00,889 WARNING:main.py:418:setup_molecule:Multiple occupancies found: CB in ARG A 468.
2024-02-28 14:07:00,889 WARNING:main.py:418:setup_molecule:Multiple occupancies found: CG in ARG A 468.
2024-02-28 14:07:00,889 WARNING:main.py:418:setup_molecule:Multiple occupancies found: CD in ARG A 468.
2024-02-28 14:07:00,889 WARNING:main.py:418:setup_molecule:Multiple occupancies found: NE in ARG A 468.
2024-02-28 14:07:00,889 WARNING:main.py:418:setup_molecule:Multiple occupancies found: CZ in ARG A 468.
2024-02-28 14:07:00,889 WARNING:main.py:418:setup_molecule:Multiple occupancies found: NH1 in ARG A 468.
2024-02-28 14:07:00,889 WARNING:main.py:418:setup_molecule:Multiple occupancies found: NH2 in ARG A 468.
2024-02-28 14:07:00,889 WARNING:main.py:424:setup_molecule:Multiple occupancies found in ARG A 468. At least one of the instances is being ignored.
2024-02-28 14:07:00,889 WARNING:main.py:418:setup_molecule:Multiple occupancies found: N in GLU A 499.
2024-02-28 14:07:00,889 WARNING:main.py:418:setup_molecule:Multiple occupancies found: CA in GLU A 499.
2024-02-28 14:07:00,889 WARNING:main.py:418:setup_molecule:Multiple occupancies found: C in GLU A 499.
2024-02-28 14:07:00,889 WARNING:main.py:418:setup_molecule:Multiple occupancies found: O in GLU A 499.
2024-02-28 14:07:00,890 WARNING:main.py:418:setup_molecule:Multiple occupancies found: CB in GLU A 499.
2024-02-28 14:07:00,890 WARNING:main.py:418:setup_molecule:Multiple occupancies found: CG in GLU A 499.
2024-02-28 14:07:00,890 WARNING:main.py:418:setup_molecule:Multiple occupancies found: CD in GLU A 499.
2024-02-28 14:07:00,890 WARNING:main.py:418:setup_molecule:Multiple occupancies found: OE1 in GLU A 499.
2024-02-28 14:07:00,890 WARNING:main.py:418:setup_molecule:Multiple occupancies found: OE2 in GLU A 499.
2024-02-28 14:07:00,891 WARNING:main.py:424:setup_molecule:Multiple occupancies found in GLU A 499. At least one of the instances is being ignored.
2024-02-28 14:07:00,891 WARNING:main.py:418:setup_molecule:Multiple occupancies found: N in ASP A 504.
2024-02-28 14:07:00,891 WARNING:main.py:418:setup_molecule:Multiple occupancies found: CA in ASP A 504.
2024-02-28 14:07:00,891 WARNING:main.py:418:setup_molecule:Multiple occupancies found: C in ASP A 504.
2024-02-28 14:07:00,891 WARNING:main.py:418:setup_molecule:Multiple occupancies found: O in ASP A 504.
2024-02-28 14:07:00,891 WARNING:main.py:418:setup_molecule:Multiple occupancies found: CB in ASP A 504.
2024-02-28 14:07:00,891 WARNING:main.py:418:setup_molecule:Multiple occupancies found: CG in ASP A 504.
2024-02-28 14:07:00,892 WARNING:main.py:418:setup_molecule:Multiple occupancies found: OD1 in ASP A 504.
2024-02-28 14:07:00,892 WARNING:main.py:418:setup_molecule:Multiple occupancies found: OD2 in ASP A 504.
2024-02-28 14:07:00,892 WARNING:main.py:424:setup_molecule:Multiple occupancies found in ASP A 504. At least one of the instances is being ignored.
2024-02-28 14:07:00,892 WARNING:main.py:418:setup_molecule:Multiple occupancies found: N in MET A 520.
2024-02-28 14:07:00,892 WARNING:main.py:418:setup_molecule:Multiple occupancies found: CA in MET A 520.
2024-02-28 14:07:00,892 WARNING:main.py:418:setup_molecule:Multiple occupancies found: C in MET A 520.
2024-02-28 14:07:00,892 WARNING:main.py:418:setup_molecule:Multiple occupancies found: O in MET A 520.
2024-02-28 14:07:00,892 WARNING:main.py:418:setup_molecule:Multiple occupancies found: CB in MET A 520.
2024-02-28 14:07:00,893 WARNING:main.py:418:setup_molecule:Multiple occupancies found: CG in MET A 520.
2024-02-28 14:07:00,893 WARNING:main.py:418:setup_molecule:Multiple occupancies found: SD in MET A 520.
2024-02-28 14:07:00,893 WARNING:main.py:418:setup_molecule:Multiple occupancies found: CE in MET A 520.
2024-02-28 14:07:00,893 WARNING:main.py:424:setup_molecule:Multiple occupancies found in MET A 520. At least one of the instances is being ignored.
2024-02-28 14:07:00,893 WARNING:main.py:418:setup_molecule:Multiple occupancies found: N in GLN A 526.
2024-02-28 14:07:00,894 WARNING:main.py:418:setup_molecule:Multiple occupancies found: CA in GLN A 526.
2024-02-28 14:07:00,894 WARNING:main.py:418:setup_molecule:Multiple occupancies found: C in GLN A 526.
2024-02-28 14:07:00,894 WARNING:main.py:418:setup_molecule:Multiple occupancies found: O in GLN A 526.
2024-02-28 14:07:00,894 WARNING:main.py:418:setup_molecule:Multiple occupancies found: CB in GLN A 526.
2024-02-28 14:07:00,894 WARNING:main.py:418:setup_molecule:Multiple occupancies found: CG in GLN A 526.
2024-02-28 14:07:00,894 WARNING:main.py:418:setup_molecule:Multiple occupancies found: CD in GLN A 526.
2024-02-28 14:07:00,895 WARNING:main.py:418:setup_molecule:Multiple occupancies found: OE1 in GLN A 526.
2024-02-28 14:07:00,895 WARNING:main.py:418:setup_molecule:Multiple occupancies found: NE2 in GLN A 526.
2024-02-28 14:07:00,895 WARNING:main.py:424:setup_molecule:Multiple occupancies found in GLN A 526. At least one of the instances is being ignored.
2024-02-28 14:07:00,905 WARNING:biomolecule.py:615:update_bonds:Gap in backbone detected between PRO A 485 and GLU A 489!
2024-02-28 14:07:00,913 WARNING:biomolecule.py:157:num_missing_heavy:Missing atom CD1 in residue LEU A 7
2024-02-28 14:07:00,913 WARNING:biomolecule.py:157:num_missing_heavy:Missing atom CD2 in residue LEU A 7
2024-02-28 14:07:00,913 WARNING:biomolecule.py:157:num_missing_heavy:Missing atom OG in residue SER A 24
2024-02-28 14:07:00,914 WARNING:biomolecule.py:157:num_missing_heavy:Missing atom CG in residue ASN A 42
2024-02-28 14:07:00,914 WARNING:biomolecule.py:157:num_missing_heavy:Missing atom OD1 in residue ASN A 42
2024-02-28 14:07:00,914 WARNING:biomolecule.py:157:num_missing_heavy:Missing atom ND2 in residue ASN A 42
2024-02-28 14:07:00,915 WARNING:biomolecule.py:157:num_missing_heavy:Missing atom CZ in residue ARG A 46
2024-02-28 14:07:00,915 WARNING:biomolecule.py:157:num_missing_heavy:Missing atom NH1 in residue ARG A 46
2024-02-28 14:07:00,915 WARNING:biomolecule.py:157:num_missing_heavy:Missing atom NH2 in residue ARG A 46
2024-02-28 14:07:00,915 WARNING:biomolecule.py:157:num_missing_heavy:Missing atom CE in residue LYS A 52
2024-02-28 14:07:00,916 WARNING:biomolecule.py:157:num_missing_heavy:Missing atom NZ in residue LYS A 52
2024-02-28 14:07:00,916 WARNING:biomolecule.py:157:num_missing_heavy:Missing atom CG in residue GLU A 89
2024-02-28 14:07:00,916 WARNING:biomolecule.py:157:num_missing_heavy:Missing atom CD in residue GLU A 89
2024-02-28 14:07:00,917 WARNING:biomolecule.py:157:num_missing_heavy:Missing atom OE1 in residue GLU A 89
2024-02-28 14:07:00,917 WARNING:biomolecule.py:157:num_missing_heavy:Missing atom OE2 in residue GLU A 89
2024-02-28 14:07:00,917 WARNING:biomolecule.py:157:num_missing_heavy:Missing atom CG in residue GLU A 140
2024-02-28 14:07:00,917 WARNING:biomolecule.py:157:num_missing_heavy:Missing atom CD in residue GLU A 140
2024-02-28 14:07:00,918 WARNING:biomolecule.py:157:num_missing_heavy:Missing atom OE1 in residue GLU A 140
2024-02-28 14:07:00,918 WARNING:biomolecule.py:157:num_missing_heavy:Missing atom OE2 in residue GLU A 140
2024-02-28 14:07:00,918 WARNING:biomolecule.py:157:num_missing_heavy:Missing atom CD in residue LYS A 192
2024-02-28 14:07:00,919 WARNING:biomolecule.py:157:num_missing_heavy:Missing atom CE in residue LYS A 192
2024-02-28 14:07:00,919 WARNING:biomolecule.py:157:num_missing_heavy:Missing atom NZ in residue LYS A 192
2024-02-28 14:07:00,919 WARNING:biomolecule.py:157:num_missing_heavy:Missing atom CG in residue ASN A 257
2024-02-28 14:07:00,919 WARNING:biomolecule.py:157:num_missing_heavy:Missing atom OD1 in residue ASN A 257
2024-02-28 14:07:00,920 WARNING:biomolecule.py:157:num_missing_heavy:Missing atom ND2 in residue ASN A 257
2024-02-28 14:07:00,920 WARNING:biomolecule.py:157:num_missing_heavy:Missing atom CD in residue GLU A 260
2024-02-28 14:07:00,920 WARNING:biomolecule.py:157:num_missing_heavy:Missing atom OE1 in residue GLU A 260
2024-02-28 14:07:00,921 WARNING:biomolecule.py:157:num_missing_heavy:Missing atom OE2 in residue GLU A 260
2024-02-28 14:07:00,921 WARNING:biomolecule.py:157:num_missing_heavy:Missing atom CD in residue GLU A 268
2024-02-28 14:07:00,921 WARNING:biomolecule.py:157:num_missing_heavy:Missing atom OE1 in residue GLU A 268
2024-02-28 14:07:00,921 WARNING:biomolecule.py:157:num_missing_heavy:Missing atom OE2 in residue GLU A 268
2024-02-28 14:07:00,922 WARNING:biomolecule.py:157:num_missing_heavy:Missing atom CE in residue LYS A 270
2024-02-28 14:07:00,922 WARNING:biomolecule.py:157:num_missing_heavy:Missing atom NZ in residue LYS A 270
2024-02-28 14:07:00,922 WARNING:biomolecule.py:157:num_missing_heavy:Missing atom CD in residue GLU A 299
2024-02-28 14:07:00,922 WARNING:biomolecule.py:157:num_missing_heavy:Missing atom OE1 in residue GLU A 299
2024-02-28 14:07:00,923 WARNING:biomolecule.py:157:num_missing_heavy:Missing atom OE2 in residue GLU A 299
2024-02-28 14:07:00,923 WARNING:biomolecule.py:157:num_missing_heavy:Missing atom CD in residue GLU A 344
2024-02-28 14:07:00,923 WARNING:biomolecule.py:157:num_missing_heavy:Missing atom OE1 in residue GLU A 344
2024-02-28 14:07:00,924 WARNING:biomolecule.py:157:num_missing_heavy:Missing atom OE2 in residue GLU A 344
2024-02-28 14:07:00,924 WARNING:biomolecule.py:157:num_missing_heavy:Missing atom CD in residue LYS A 413
2024-02-28 14:07:00,924 WARNING:biomolecule.py:157:num_missing_heavy:Missing atom CE in residue LYS A 413
2024-02-28 14:07:00,925 WARNING:biomolecule.py:157:num_missing_heavy:Missing atom NZ in residue LYS A 413
2024-02-28 14:07:00,925 WARNING:biomolecule.py:157:num_missing_heavy:Missing atom OE1 in residue GLU A 434
2024-02-28 14:07:00,925 WARNING:biomolecule.py:157:num_missing_heavy:Missing atom OE2 in residue GLU A 434
2024-02-28 14:07:00,926 WARNING:biomolecule.py:157:num_missing_heavy:Missing atom CD in residue LYS A 454
2024-02-28 14:07:00,926 WARNING:biomolecule.py:157:num_missing_heavy:Missing atom CE in residue LYS A 454
2024-02-28 14:07:00,926 WARNING:biomolecule.py:157:num_missing_heavy:Missing atom NZ in residue LYS A 454
2024-02-28 14:07:00,927 WARNING:biomolecule.py:157:num_missing_heavy:Missing atom CD in residue GLU A 489
2024-02-28 14:07:00,927 WARNING:biomolecule.py:157:num_missing_heavy:Missing atom OE1 in residue GLU A 489
2024-02-28 14:07:00,927 WARNING:biomolecule.py:157:num_missing_heavy:Missing atom OE2 in residue GLU A 489
2024-02-28 14:07:00,927 WARNING:biomolecule.py:157:num_missing_heavy:Missing atom OE1 in residue GLU A 508
2024-02-28 14:07:00,928 WARNING:biomolecule.py:157:num_missing_heavy:Missing atom OE2 in residue GLU A 508
2024-02-28 14:07:00,928 WARNING:biomolecule.py:157:num_missing_heavy:Missing atom CD in residue LYS A 511
2024-02-28 14:07:00,928 WARNING:biomolecule.py:157:num_missing_heavy:Missing atom CE in residue LYS A 511
2024-02-28 14:07:00,929 WARNING:biomolecule.py:157:num_missing_heavy:Missing atom NZ in residue LYS A 511
2024-02-28 14:07:00,929 WARNING:biomolecule.py:157:num_missing_heavy:Missing atom NH1 in residue ARG A 515
2024-02-28 14:07:00,929 WARNING:biomolecule.py:157:num_missing_heavy:Missing atom NH2 in residue ARG A 515
2024-02-28 14:07:00,929 WARNING:biomolecule.py:157:num_missing_heavy:Missing atom OXT in residue THR A 535
2024-02-28 14:07:00,930 WARNING:biomolecule.py:157:num_missing_heavy:Missing atom CD1 in residue LEU A 7
2024-02-28 14:07:00,930 WARNING:biomolecule.py:157:num_missing_heavy:Missing atom CD2 in residue LEU A 7
2024-02-28 14:07:00,930 WARNING:biomolecule.py:157:num_missing_heavy:Missing atom OG in residue SER A 24
2024-02-28 14:07:00,931 WARNING:biomolecule.py:157:num_missing_heavy:Missing atom CG in residue ASN A 42
2024-02-28 14:07:00,931 WARNING:biomolecule.py:157:num_missing_heavy:Missing atom OD1 in residue ASN A 42
2024-02-28 14:07:00,931 WARNING:biomolecule.py:157:num_missing_heavy:Missing atom ND2 in residue ASN A 42
2024-02-28 14:07:00,931 WARNING:biomolecule.py:157:num_missing_heavy:Missing atom CZ in residue ARG A 46
2024-02-28 14:07:00,932 WARNING:biomolecule.py:157:num_missing_heavy:Missing atom NH1 in residue ARG A 46
2024-02-28 14:07:00,932 WARNING:biomolecule.py:157:num_missing_heavy:Missing atom NH2 in residue ARG A 46
2024-02-28 14:07:00,932 WARNING:biomolecule.py:157:num_missing_heavy:Missing atom CE in residue LYS A 52
2024-02-28 14:07:00,932 WARNING:biomolecule.py:157:num_missing_heavy:Missing atom NZ in residue LYS A 52
2024-02-28 14:07:00,933 WARNING:biomolecule.py:157:num_missing_heavy:Missing atom CG in residue GLU A 89
2024-02-28 14:07:00,933 WARNING:biomolecule.py:157:num_missing_heavy:Missing atom CD in residue GLU A 89
2024-02-28 14:07:00,933 WARNING:biomolecule.py:157:num_missing_heavy:Missing atom OE1 in residue GLU A 89
2024-02-28 14:07:00,933 WARNING:biomolecule.py:157:num_missing_heavy:Missing atom OE2 in residue GLU A 89
2024-02-28 14:07:00,934 WARNING:biomolecule.py:157:num_missing_heavy:Missing atom CG in residue GLU A 140
2024-02-28 14:07:00,934 WARNING:biomolecule.py:157:num_missing_heavy:Missing atom CD in residue GLU A 140
2024-02-28 14:07:00,934 WARNING:biomolecule.py:157:num_missing_heavy:Missing atom OE1 in residue GLU A 140
2024-02-28 14:07:00,934 WARNING:biomolecule.py:157:num_missing_heavy:Missing atom OE2 in residue GLU A 140
2024-02-28 14:07:00,934 WARNING:biomolecule.py:157:num_missing_heavy:Missing atom CD in residue LYS A 192
2024-02-28 14:07:00,935 WARNING:biomolecule.py:157:num_missing_heavy:Missing atom CE in residue LYS A 192
2024-02-28 14:07:00,935 WARNING:biomolecule.py:157:num_missing_heavy:Missing atom NZ in residue LYS A 192
2024-02-28 14:07:00,935 WARNING:biomolecule.py:157:num_missing_heavy:Missing atom CG in residue ASN A 257
2024-02-28 14:07:00,935 WARNING:biomolecule.py:157:num_missing_heavy:Missing atom OD1 in residue ASN A 257
2024-02-28 14:07:00,936 WARNING:biomolecule.py:157:num_missing_heavy:Missing atom ND2 in residue ASN A 257
2024-02-28 14:07:00,936 WARNING:biomolecule.py:157:num_missing_heavy:Missing atom CD in residue GLU A 260
2024-02-28 14:07:00,936 WARNING:biomolecule.py:157:num_missing_heavy:Missing atom OE1 in residue GLU A 260
2024-02-28 14:07:00,936 WARNING:biomolecule.py:157:num_missing_heavy:Missing atom OE2 in residue GLU A 260
2024-02-28 14:07:00,937 WARNING:biomolecule.py:157:num_missing_heavy:Missing atom CD in residue GLU A 268
2024-02-28 14:07:00,937 WARNING:biomolecule.py:157:num_missing_heavy:Missing atom OE1 in residue GLU A 268
2024-02-28 14:07:00,937 WARNING:biomolecule.py:157:num_missing_heavy:Missing atom OE2 in residue GLU A 268
2024-02-28 14:07:00,937 WARNING:biomolecule.py:157:num_missing_heavy:Missing atom CE in residue LYS A 270
2024-02-28 14:07:00,937 WARNING:biomolecule.py:157:num_missing_heavy:Missing atom NZ in residue LYS A 270
2024-02-28 14:07:00,937 WARNING:biomolecule.py:157:num_missing_heavy:Missing atom CD in residue GLU A 299
2024-02-28 14:07:00,938 WARNING:biomolecule.py:157:num_missing_heavy:Missing atom OE1 in residue GLU A 299
2024-02-28 14:07:00,938 WARNING:biomolecule.py:157:num_missing_heavy:Missing atom OE2 in residue GLU A 299
2024-02-28 14:07:00,938 WARNING:biomolecule.py:157:num_missing_heavy:Missing atom CD in residue GLU A 344
2024-02-28 14:07:00,938 WARNING:biomolecule.py:157:num_missing_heavy:Missing atom OE1 in residue GLU A 344
2024-02-28 14:07:00,938 WARNING:biomolecule.py:157:num_missing_heavy:Missing atom OE2 in residue GLU A 344
2024-02-28 14:07:00,939 WARNING:biomolecule.py:157:num_missing_heavy:Missing atom CD in residue LYS A 413
2024-02-28 14:07:00,939 WARNING:biomolecule.py:157:num_missing_heavy:Missing atom CE in residue LYS A 413
2024-02-28 14:07:00,939 WARNING:biomolecule.py:157:num_missing_heavy:Missing atom NZ in residue LYS A 413
2024-02-28 14:07:00,939 WARNING:biomolecule.py:157:num_missing_heavy:Missing atom OE1 in residue GLU A 434
2024-02-28 14:07:00,939 WARNING:biomolecule.py:157:num_missing_heavy:Missing atom OE2 in residue GLU A 434
2024-02-28 14:07:00,939 WARNING:biomolecule.py:157:num_missing_heavy:Missing atom CD in residue LYS A 454
2024-02-28 14:07:00,939 WARNING:biomolecule.py:157:num_missing_heavy:Missing atom CE in residue LYS A 454
2024-02-28 14:07:00,939 WARNING:biomolecule.py:157:num_missing_heavy:Missing atom NZ in residue LYS A 454
2024-02-28 14:07:00,939 WARNING:biomolecule.py:157:num_missing_heavy:Missing atom CD in residue GLU A 489
2024-02-28 14:07:00,940 WARNING:biomolecule.py:157:num_missing_heavy:Missing atom OE1 in residue GLU A 489
2024-02-28 14:07:00,940 WARNING:biomolecule.py:157:num_missing_heavy:Missing atom OE2 in residue GLU A 489
2024-02-28 14:07:00,940 WARNING:biomolecule.py:157:num_missing_heavy:Missing atom OE1 in residue GLU A 508
2024-02-28 14:07:00,940 WARNING:biomolecule.py:157:num_missing_heavy:Missing atom OE2 in residue GLU A 508
2024-02-28 14:07:00,940 WARNING:biomolecule.py:157:num_missing_heavy:Missing atom CD in residue LYS A 511
2024-02-28 14:07:00,940 WARNING:biomolecule.py:157:num_missing_heavy:Missing atom CE in residue LYS A 511
2024-02-28 14:07:00,940 WARNING:biomolecule.py:157:num_missing_heavy:Missing atom NZ in residue LYS A 511
2024-02-28 14:07:00,940 WARNING:biomolecule.py:157:num_missing_heavy:Missing atom NH1 in residue ARG A 515
2024-02-28 14:07:00,940 WARNING:biomolecule.py:157:num_missing_heavy:Missing atom NH2 in residue ARG A 515
2024-02-28 14:07:00,941 WARNING:biomolecule.py:157:num_missing_heavy:Missing atom OXT in residue THR A 535
2024-02-28 14:07:00,941 WARNING:biomolecule.py:157:num_missing_heavy:Missing atom CD1 in residue LEU A 7
2024-02-28 14:07:00,941 WARNING:biomolecule.py:157:num_missing_heavy:Missing atom CD2 in residue LEU A 7
2024-02-28 14:07:00,941 WARNING:biomolecule.py:157:num_missing_heavy:Missing atom OG in residue SER A 24
2024-02-28 14:07:00,941 WARNING:biomolecule.py:157:num_missing_heavy:Missing atom CG in residue ASN A 42
2024-02-28 14:07:00,941 WARNING:biomolecule.py:157:num_missing_heavy:Missing atom OD1 in residue ASN A 42
2024-02-28 14:07:00,941 WARNING:biomolecule.py:157:num_missing_heavy:Missing atom ND2 in residue ASN A 42
2024-02-28 14:07:00,941 WARNING:biomolecule.py:157:num_missing_heavy:Missing atom CZ in residue ARG A 46
2024-02-28 14:07:00,941 WARNING:biomolecule.py:157:num_missing_heavy:Missing atom NH1 in residue ARG A 46
2024-02-28 14:07:00,941 WARNING:biomolecule.py:157:num_missing_heavy:Missing atom NH2 in residue ARG A 46
2024-02-28 14:07:00,941 WARNING:biomolecule.py:157:num_missing_heavy:Missing atom CE in residue LYS A 52
2024-02-28 14:07:00,941 WARNING:biomolecule.py:157:num_missing_heavy:Missing atom NZ in residue LYS A 52
2024-02-28 14:07:00,942 WARNING:biomolecule.py:157:num_missing_heavy:Missing atom CG in residue GLU A 89
2024-02-28 14:07:00,942 WARNING:biomolecule.py:157:num_missing_heavy:Missing atom CD in residue GLU A 89
2024-02-28 14:07:00,942 WARNING:biomolecule.py:157:num_missing_heavy:Missing atom OE1 in residue GLU A 89
2024-02-28 14:07:00,942 WARNING:biomolecule.py:157:num_missing_heavy:Missing atom OE2 in residue GLU A 89
2024-02-28 14:07:00,942 WARNING:biomolecule.py:157:num_missing_heavy:Missing atom CG in residue GLU A 140
2024-02-28 14:07:00,942 WARNING:biomolecule.py:157:num_missing_heavy:Missing atom CD in residue GLU A 140
2024-02-28 14:07:00,942 WARNING:biomolecule.py:157:num_missing_heavy:Missing atom OE1 in residue GLU A 140
2024-02-28 14:07:00,942 WARNING:biomolecule.py:157:num_missing_heavy:Missing atom OE2 in residue GLU A 140
2024-02-28 14:07:00,942 WARNING:biomolecule.py:157:num_missing_heavy:Missing atom CD in residue LYS A 192
2024-02-28 14:07:00,942 WARNING:biomolecule.py:157:num_missing_heavy:Missing atom CE in residue LYS A 192
2024-02-28 14:07:00,942 WARNING:biomolecule.py:157:num_missing_heavy:Missing atom NZ in residue LYS A 192
2024-02-28 14:07:00,942 WARNING:biomolecule.py:157:num_missing_heavy:Missing atom CG in residue ASN A 257
2024-02-28 14:07:00,943 WARNING:biomolecule.py:157:num_missing_heavy:Missing atom OD1 in residue ASN A 257
2024-02-28 14:07:00,943 WARNING:biomolecule.py:157:num_missing_heavy:Missing atom ND2 in residue ASN A 257
2024-02-28 14:07:00,943 WARNING:biomolecule.py:157:num_missing_heavy:Missing atom CD in residue GLU A 260
2024-02-28 14:07:00,943 WARNING:biomolecule.py:157:num_missing_heavy:Missing atom OE1 in residue GLU A 260
2024-02-28 14:07:00,944 WARNING:biomolecule.py:157:num_missing_heavy:Missing atom OE2 in residue GLU A 260
2024-02-28 14:07:00,944 WARNING:biomolecule.py:157:num_missing_heavy:Missing atom CD in residue GLU A 268
2024-02-28 14:07:00,944 WARNING:biomolecule.py:157:num_missing_heavy:Missing atom OE1 in residue GLU A 268
2024-02-28 14:07:00,944 WARNING:biomolecule.py:157:num_missing_heavy:Missing atom OE2 in residue GLU A 268
2024-02-28 14:07:00,944 WARNING:biomolecule.py:157:num_missing_heavy:Missing atom CE in residue LYS A 270
2024-02-28 14:07:00,944 WARNING:biomolecule.py:157:num_missing_heavy:Missing atom NZ in residue LYS A 270
2024-02-28 14:07:00,945 WARNING:biomolecule.py:157:num_missing_heavy:Missing atom CD in residue GLU A 299
2024-02-28 14:07:00,945 WARNING:biomolecule.py:157:num_missing_heavy:Missing atom OE1 in residue GLU A 299
2024-02-28 14:07:00,945 WARNING:biomolecule.py:157:num_missing_heavy:Missing atom OE2 in residue GLU A 299
2024-02-28 14:07:00,946 WARNING:biomolecule.py:157:num_missing_heavy:Missing atom CD in residue GLU A 344
2024-02-28 14:07:00,946 WARNING:biomolecule.py:157:num_missing_heavy:Missing atom OE1 in residue GLU A 344
2024-02-28 14:07:00,946 WARNING:biomolecule.py:157:num_missing_heavy:Missing atom OE2 in residue GLU A 344
2024-02-28 14:07:00,946 WARNING:biomolecule.py:157:num_missing_heavy:Missing atom CD in residue LYS A 413
2024-02-28 14:07:00,946 WARNING:biomolecule.py:157:num_missing_heavy:Missing atom CE in residue LYS A 413
2024-02-28 14:07:00,946 WARNING:biomolecule.py:157:num_missing_heavy:Missing atom NZ in residue LYS A 413
2024-02-28 14:07:00,946 WARNING:biomolecule.py:157:num_missing_heavy:Missing atom OE1 in residue GLU A 434
2024-02-28 14:07:00,946 WARNING:biomolecule.py:157:num_missing_heavy:Missing atom OE2 in residue GLU A 434
2024-02-28 14:07:00,947 WARNING:biomolecule.py:157:num_missing_heavy:Missing atom CD in residue LYS A 454
2024-02-28 14:07:00,947 WARNING:biomolecule.py:157:num_missing_heavy:Missing atom CE in residue LYS A 454
2024-02-28 14:07:00,947 WARNING:biomolecule.py:157:num_missing_heavy:Missing atom NZ in residue LYS A 454
2024-02-28 14:07:00,947 WARNING:biomolecule.py:157:num_missing_heavy:Missing atom CD in residue GLU A 489
2024-02-28 14:07:00,947 WARNING:biomolecule.py:157:num_missing_heavy:Missing atom OE1 in residue GLU A 489
2024-02-28 14:07:00,948 WARNING:biomolecule.py:157:num_missing_heavy:Missing atom OE2 in residue GLU A 489
2024-02-28 14:07:00,948 WARNING:biomolecule.py:157:num_missing_heavy:Missing atom OE1 in residue GLU A 508
2024-02-28 14:07:00,948 WARNING:biomolecule.py:157:num_missing_heavy:Missing atom OE2 in residue GLU A 508
2024-02-28 14:07:00,948 WARNING:biomolecule.py:157:num_missing_heavy:Missing atom CD in residue LYS A 511
2024-02-28 14:07:00,949 WARNING:biomolecule.py:157:num_missing_heavy:Missing atom CE in residue LYS A 511
2024-02-28 14:07:00,949 WARNING:biomolecule.py:157:num_missing_heavy:Missing atom NZ in residue LYS A 511
2024-02-28 14:07:00,949 WARNING:biomolecule.py:157:num_missing_heavy:Missing atom NH1 in residue ARG A 515
2024-02-28 14:07:00,949 WARNING:biomolecule.py:157:num_missing_heavy:Missing atom NH2 in residue ARG A 515
2024-02-28 14:07:00,950 WARNING:biomolecule.py:157:num_missing_heavy:Missing atom OXT in residue THR A 535
2024-02-28 14:07:02,244 WARNING:main.py:311:print_pqr:Ignoring 3197 header lines in output.
2024-02-28 14:07:02,244 WARNING:main.py:315:print_pqr:Ignoring 74 missing lines in output.
