2024-02-28 14:07:18,229 WARNING:biomolecule.py:992:create_residue:Unable to find amino or nucleic acid definition for U1.  Parsing as new residue.
2024-02-28 14:07:18,824 WARNING:biomolecule.py:992:create_residue:Unable to find amino or nucleic acid definition for U1.  Parsing as new residue.
2024-02-28 14:07:18,824 WARNING:biomolecule.py:992:create_residue:Unable to find amino or nucleic acid definition for U1.  Parsing as new residue.
2024-02-28 14:07:18,824 WARNING:biomolecule.py:992:create_residue:Unable to find amino or nucleic acid definition for U1.  Parsing as new residue.
2024-02-28 14:07:19,093 WARNING:biomolecule.py:992:create_residue:Unable to find amino or nucleic acid definition for U1.  Parsing as new residue.
2024-02-28 14:07:19,093 WARNING:biomolecule.py:992:create_residue:Unable to find amino or nucleic acid definition for U1.  Parsing as new residue.
2024-02-28 14:07:19,093 WARNING:biomolecule.py:992:create_residue:Unable to find amino or nucleic acid definition for U1.  Parsing as new residue.
2024-02-28 14:07:19,093 WARNING:biomolecule.py:992:create_residue:Unable to find amino or nucleic acid definition for U1.  Parsing as new residue.
2024-02-28 14:07:19,261 WARNING:biomolecule.py:157:num_missing_heavy:Missing atom CB in residue ASP A 356
2024-02-28 14:07:19,261 WARNING:biomolecule.py:157:num_missing_heavy:Missing atom CG in residue ASP A 356
2024-02-28 14:07:19,261 WARNING:biomolecule.py:157:num_missing_heavy:Missing atom OD1 in residue ASP A 356
2024-02-28 14:07:19,261 WARNING:biomolecule.py:157:num_missing_heavy:Missing atom OD2 in residue ASP A 356
2024-02-28 14:07:19,261 WARNING:biomolecule.py:157:num_missing_heavy:Missing atom CB in residue LYS A 357
2024-02-28 14:07:19,261 WARNING:biomolecule.py:157:num_missing_heavy:Missing atom CG in residue LYS A 357
2024-02-28 14:07:19,261 WARNING:biomolecule.py:157:num_missing_heavy:Missing atom CD in residue LYS A 357
2024-02-28 14:07:19,261 WARNING:biomolecule.py:157:num_missing_heavy:Missing atom CE in residue LYS A 357
2024-02-28 14:07:19,261 WARNING:biomolecule.py:157:num_missing_heavy:Missing atom NZ in residue LYS A 357
2024-02-28 14:07:19,263 WARNING:biomolecule.py:157:num_missing_heavy:Missing atom CB in residue ASP A 356
2024-02-28 14:07:19,263 WARNING:biomolecule.py:157:num_missing_heavy:Missing atom CG in residue ASP A 356
2024-02-28 14:07:19,263 WARNING:biomolecule.py:157:num_missing_heavy:Missing atom OD1 in residue ASP A 356
2024-02-28 14:07:19,263 WARNING:biomolecule.py:157:num_missing_heavy:Missing atom OD2 in residue ASP A 356
2024-02-28 14:07:19,263 WARNING:biomolecule.py:157:num_missing_heavy:Missing atom CB in residue LYS A 357
2024-02-28 14:07:19,297 WARNING:biomolecule.py:157:num_missing_heavy:Missing atom CG in residue LYS A 357
2024-02-28 14:07:19,297 WARNING:biomolecule.py:157:num_missing_heavy:Missing atom CD in residue LYS A 357
2024-02-28 14:07:19,297 WARNING:biomolecule.py:157:num_missing_heavy:Missing atom CE in residue LYS A 357
2024-02-28 14:07:19,297 WARNING:biomolecule.py:157:num_missing_heavy:Missing atom NZ in residue LYS A 357
2024-02-28 14:07:19,300 WARNING:biomolecule.py:157:num_missing_heavy:Missing atom CB in residue ASP A 356
2024-02-28 14:07:19,300 WARNING:biomolecule.py:157:num_missing_heavy:Missing atom CG in residue ASP A 356
2024-02-28 14:07:19,300 WARNING:biomolecule.py:157:num_missing_heavy:Missing atom OD1 in residue ASP A 356
2024-02-28 14:07:19,300 WARNING:biomolecule.py:157:num_missing_heavy:Missing atom OD2 in residue ASP A 356
2024-02-28 14:07:19,300 WARNING:biomolecule.py:157:num_missing_heavy:Missing atom CB in residue LYS A 357
2024-02-28 14:07:19,300 WARNING:biomolecule.py:157:num_missing_heavy:Missing atom CG in residue LYS A 357
2024-02-28 14:07:19,300 WARNING:biomolecule.py:157:num_missing_heavy:Missing atom CD in residue LYS A 357
2024-02-28 14:07:19,300 WARNING:biomolecule.py:157:num_missing_heavy:Missing atom CE in residue LYS A 357
2024-02-28 14:07:19,300 WARNING:biomolecule.py:157:num_missing_heavy:Missing atom NZ in residue LYS A 357
2024-02-28 14:07:23,090 WARNING:main.py:311:print_pqr:Ignoring 1007 header lines in output.
2024-02-28 14:07:23,091 WARNING:main.py:315:print_pqr:Ignoring 8 missing lines in output.
