2024-02-28 14:07:17,031 WARNING:biomolecule.py:992:create_residue:Unable to find amino or nucleic acid definition for PO4.  Parsing as new residue.
2024-02-28 14:07:17,041 WARNING:biomolecule.py:992:create_residue:Unable to find amino or nucleic acid definition for FMB.  Parsing as new residue.
2024-02-28 14:07:17,041 WARNING:biomolecule.py:992:create_residue:Unable to find amino or nucleic acid definition for PO4.  Parsing as new residue.
2024-02-28 14:07:17,042 WARNING:biomolecule.py:992:create_residue:Unable to find amino or nucleic acid definition for FMB.  Parsing as new residue.
2024-02-28 14:07:17,042 WARNING:biomolecule.py:992:create_residue:Unable to find amino or nucleic acid definition for PO4.  Parsing as new residue.
2024-02-28 14:07:17,042 WARNING:biomolecule.py:992:create_residue:Unable to find amino or nucleic acid definition for FMB.  Parsing as new residue.
2024-02-28 14:07:17,113 WARNING:biomolecule.py:615:update_bonds:Gap in backbone detected between HIS A 205 and ARG A 217!
2024-02-28 14:07:17,217 WARNING:biomolecule.py:157:num_missing_heavy:Missing atom O in residue LYS A 237
2024-02-28 14:07:17,369 WARNING:biomolecule.py:157:num_missing_heavy:Missing atom CG in residue LYS A 237
2024-02-28 14:07:17,369 WARNING:biomolecule.py:157:num_missing_heavy:Missing atom CD in residue LYS A 237
2024-02-28 14:07:17,369 WARNING:biomolecule.py:157:num_missing_heavy:Missing atom CE in residue LYS A 237
2024-02-28 14:07:17,369 WARNING:biomolecule.py:157:num_missing_heavy:Missing atom NZ in residue LYS A 237
2024-02-28 14:07:17,369 WARNING:biomolecule.py:157:num_missing_heavy:Missing atom OXT in residue LYS A 237
2024-02-28 14:07:17,370 WARNING:biomolecule.py:157:num_missing_heavy:Missing atom O in residue LYS B 237
2024-02-28 14:07:17,371 WARNING:biomolecule.py:157:num_missing_heavy:Missing atom CG in residue LYS B 237
2024-02-28 14:07:17,371 WARNING:biomolecule.py:157:num_missing_heavy:Missing atom CD in residue LYS B 237
2024-02-28 14:07:17,371 WARNING:biomolecule.py:157:num_missing_heavy:Missing atom CE in residue LYS B 237
2024-02-28 14:07:17,371 WARNING:biomolecule.py:157:num_missing_heavy:Missing atom NZ in residue LYS B 237
2024-02-28 14:07:17,371 WARNING:biomolecule.py:157:num_missing_heavy:Missing atom OXT in residue LYS B 237
2024-02-28 14:07:17,372 WARNING:biomolecule.py:157:num_missing_heavy:Missing atom O in residue LYS C 237
2024-02-28 14:07:17,372 WARNING:biomolecule.py:157:num_missing_heavy:Missing atom CG in residue LYS C 237
2024-02-28 14:07:17,372 WARNING:biomolecule.py:157:num_missing_heavy:Missing atom CD in residue LYS C 237
2024-02-28 14:07:17,372 WARNING:biomolecule.py:157:num_missing_heavy:Missing atom CE in residue LYS C 237
2024-02-28 14:07:17,372 WARNING:biomolecule.py:157:num_missing_heavy:Missing atom NZ in residue LYS C 237
2024-02-28 14:07:17,372 WARNING:biomolecule.py:157:num_missing_heavy:Missing atom OXT in residue LYS C 237
2024-02-28 14:07:17,373 WARNING:biomolecule.py:157:num_missing_heavy:Missing atom O in residue LYS A 237
2024-02-28 14:07:17,373 WARNING:biomolecule.py:157:num_missing_heavy:Missing atom CG in residue LYS A 237
2024-02-28 14:07:17,373 WARNING:biomolecule.py:157:num_missing_heavy:Missing atom CD in residue LYS A 237
2024-02-28 14:07:17,373 WARNING:biomolecule.py:157:num_missing_heavy:Missing atom CE in residue LYS A 237
2024-02-28 14:07:17,373 WARNING:biomolecule.py:157:num_missing_heavy:Missing atom NZ in residue LYS A 237
2024-02-28 14:07:17,373 WARNING:biomolecule.py:157:num_missing_heavy:Missing atom OXT in residue LYS A 237
2024-02-28 14:07:17,374 WARNING:biomolecule.py:157:num_missing_heavy:Missing atom O in residue LYS B 237
2024-02-28 14:07:17,374 WARNING:biomolecule.py:157:num_missing_heavy:Missing atom CG in residue LYS B 237
2024-02-28 14:07:17,374 WARNING:biomolecule.py:157:num_missing_heavy:Missing atom CD in residue LYS B 237
2024-02-28 14:07:17,374 WARNING:biomolecule.py:157:num_missing_heavy:Missing atom CE in residue LYS B 237
2024-02-28 14:07:17,374 WARNING:biomolecule.py:157:num_missing_heavy:Missing atom NZ in residue LYS B 237
2024-02-28 14:07:17,374 WARNING:biomolecule.py:157:num_missing_heavy:Missing atom OXT in residue LYS B 237
2024-02-28 14:07:17,375 WARNING:biomolecule.py:157:num_missing_heavy:Missing atom O in residue LYS C 237
2024-02-28 14:07:17,375 WARNING:biomolecule.py:157:num_missing_heavy:Missing atom CG in residue LYS C 237
2024-02-28 14:07:17,375 WARNING:biomolecule.py:157:num_missing_heavy:Missing atom CD in residue LYS C 237
2024-02-28 14:07:17,375 WARNING:biomolecule.py:157:num_missing_heavy:Missing atom CE in residue LYS C 237
2024-02-28 14:07:17,375 WARNING:biomolecule.py:157:num_missing_heavy:Missing atom NZ in residue LYS C 237
2024-02-28 14:07:17,375 WARNING:biomolecule.py:157:num_missing_heavy:Missing atom OXT in residue LYS C 237
2024-02-28 14:07:17,376 WARNING:biomolecule.py:157:num_missing_heavy:Missing atom O in residue LYS A 237
2024-02-28 14:07:17,376 WARNING:biomolecule.py:157:num_missing_heavy:Missing atom CG in residue LYS A 237
2024-02-28 14:07:17,376 WARNING:biomolecule.py:157:num_missing_heavy:Missing atom CD in residue LYS A 237
2024-02-28 14:07:17,376 WARNING:biomolecule.py:157:num_missing_heavy:Missing atom CE in residue LYS A 237
2024-02-28 14:07:17,376 WARNING:biomolecule.py:157:num_missing_heavy:Missing atom NZ in residue LYS A 237
2024-02-28 14:07:17,376 WARNING:biomolecule.py:157:num_missing_heavy:Missing atom OXT in residue LYS A 237
2024-02-28 14:07:17,388 WARNING:biomolecule.py:157:num_missing_heavy:Missing atom O in residue LYS B 237
2024-02-28 14:07:17,397 WARNING:biomolecule.py:157:num_missing_heavy:Missing atom CG in residue LYS B 237
2024-02-28 14:07:17,397 WARNING:biomolecule.py:157:num_missing_heavy:Missing atom CD in residue LYS B 237
2024-02-28 14:07:17,397 WARNING:biomolecule.py:157:num_missing_heavy:Missing atom CE in residue LYS B 237
2024-02-28 14:07:17,397 WARNING:biomolecule.py:157:num_missing_heavy:Missing atom NZ in residue LYS B 237
2024-02-28 14:07:17,397 WARNING:biomolecule.py:157:num_missing_heavy:Missing atom OXT in residue LYS B 237
2024-02-28 14:07:17,398 WARNING:biomolecule.py:157:num_missing_heavy:Missing atom O in residue LYS C 237
2024-02-28 14:07:17,398 WARNING:biomolecule.py:157:num_missing_heavy:Missing atom CG in residue LYS C 237
2024-02-28 14:07:17,398 WARNING:biomolecule.py:157:num_missing_heavy:Missing atom CD in residue LYS C 237
2024-02-28 14:07:17,398 WARNING:biomolecule.py:157:num_missing_heavy:Missing atom CE in residue LYS C 237
2024-02-28 14:07:17,399 WARNING:biomolecule.py:157:num_missing_heavy:Missing atom NZ in residue LYS C 237
2024-02-28 14:07:17,399 WARNING:biomolecule.py:157:num_missing_heavy:Missing atom OXT in residue LYS C 237
2024-02-28 14:07:22,326 WARNING:main.py:311:print_pqr:Ignoring 3160 header lines in output.
2024-02-28 14:07:22,326 WARNING:main.py:315:print_pqr:Ignoring 72 missing lines in output.
