2024-02-28 14:07:18,078 WARNING:biomolecule.py:992:create_residue:Unable to find amino or nucleic acid definition for ZN.  Parsing as new residue.
2024-02-28 14:07:18,093 WARNING:biomolecule.py:992:create_residue:Unable to find amino or nucleic acid definition for DQU.  Parsing as new residue.
2024-02-28 14:07:18,094 WARNING:main.py:418:setup_molecule:Multiple occupancies found: N in SER A 17.
2024-02-28 14:07:18,094 WARNING:main.py:418:setup_molecule:Multiple occupancies found: CA in SER A 17.
2024-02-28 14:07:18,094 WARNING:main.py:418:setup_molecule:Multiple occupancies found: C in SER A 17.
2024-02-28 14:07:18,094 WARNING:main.py:418:setup_molecule:Multiple occupancies found: O in SER A 17.
2024-02-28 14:07:18,094 WARNING:main.py:418:setup_molecule:Multiple occupancies found: CB in SER A 17.
2024-02-28 14:07:18,094 WARNING:main.py:418:setup_molecule:Multiple occupancies found: OG in SER A 17.
2024-02-28 14:07:18,094 WARNING:main.py:424:setup_molecule:Multiple occupancies found in SER A 17. At least one of the instances is being ignored.
2024-02-28 14:07:18,094 WARNING:main.py:418:setup_molecule:Multiple occupancies found: N in ARG A 34.
2024-02-28 14:07:18,094 WARNING:main.py:418:setup_molecule:Multiple occupancies found: CA in ARG A 34.
2024-02-28 14:07:18,094 WARNING:main.py:418:setup_molecule:Multiple occupancies found: C in ARG A 34.
2024-02-28 14:07:18,094 WARNING:main.py:418:setup_molecule:Multiple occupancies found: O in ARG A 34.
2024-02-28 14:07:18,094 WARNING:main.py:418:setup_molecule:Multiple occupancies found: CB in ARG A 34.
2024-02-28 14:07:18,094 WARNING:main.py:418:setup_molecule:Multiple occupancies found: CG in ARG A 34.
2024-02-28 14:07:18,094 WARNING:main.py:418:setup_molecule:Multiple occupancies found: CD in ARG A 34.
2024-02-28 14:07:18,094 WARNING:main.py:418:setup_molecule:Multiple occupancies found: NE in ARG A 34.
2024-02-28 14:07:18,094 WARNING:main.py:418:setup_molecule:Multiple occupancies found: CZ in ARG A 34.
2024-02-28 14:07:18,094 WARNING:main.py:418:setup_molecule:Multiple occupancies found: NH1 in ARG A 34.
2024-02-28 14:07:18,094 WARNING:main.py:418:setup_molecule:Multiple occupancies found: NH2 in ARG A 34.
2024-02-28 14:07:18,094 WARNING:main.py:424:setup_molecule:Multiple occupancies found in ARG A 34. At least one of the instances is being ignored.
2024-02-28 14:07:18,095 WARNING:main.py:418:setup_molecule:Multiple occupancies found: N in GLY A 69.
2024-02-28 14:07:18,095 WARNING:main.py:418:setup_molecule:Multiple occupancies found: CA in GLY A 69.
2024-02-28 14:07:18,095 WARNING:main.py:418:setup_molecule:Multiple occupancies found: C in GLY A 69.
2024-02-28 14:07:18,095 WARNING:main.py:418:setup_molecule:Multiple occupancies found: O in GLY A 69.
2024-02-28 14:07:18,095 WARNING:main.py:424:setup_molecule:Multiple occupancies found in GLY A 69. At least one of the instances is being ignored.
2024-02-28 14:07:18,095 WARNING:main.py:418:setup_molecule:Multiple occupancies found: N in ASN A 70.
2024-02-28 14:07:18,095 WARNING:main.py:418:setup_molecule:Multiple occupancies found: CA in ASN A 70.
2024-02-28 14:07:18,095 WARNING:main.py:418:setup_molecule:Multiple occupancies found: C in ASN A 70.
2024-02-28 14:07:18,095 WARNING:main.py:418:setup_molecule:Multiple occupancies found: O in ASN A 70.
2024-02-28 14:07:18,095 WARNING:main.py:418:setup_molecule:Multiple occupancies found: CB in ASN A 70.
2024-02-28 14:07:18,095 WARNING:main.py:418:setup_molecule:Multiple occupancies found: CG in ASN A 70.
2024-02-28 14:07:18,095 WARNING:main.py:418:setup_molecule:Multiple occupancies found: OD1 in ASN A 70.
2024-02-28 14:07:18,095 WARNING:main.py:418:setup_molecule:Multiple occupancies found: ND2 in ASN A 70.
2024-02-28 14:07:18,095 WARNING:main.py:424:setup_molecule:Multiple occupancies found in ASN A 70. At least one of the instances is being ignored.
2024-02-28 14:07:18,095 WARNING:main.py:418:setup_molecule:Multiple occupancies found: N in THR A 71.
2024-02-28 14:07:18,095 WARNING:main.py:418:setup_molecule:Multiple occupancies found: CA in THR A 71.
2024-02-28 14:07:18,095 WARNING:main.py:418:setup_molecule:Multiple occupancies found: C in THR A 71.
2024-02-28 14:07:18,095 WARNING:main.py:418:setup_molecule:Multiple occupancies found: O in THR A 71.
2024-02-28 14:07:18,095 WARNING:main.py:418:setup_molecule:Multiple occupancies found: CB in THR A 71.
2024-02-28 14:07:18,095 WARNING:main.py:418:setup_molecule:Multiple occupancies found: OG1 in THR A 71.
2024-02-28 14:07:18,095 WARNING:main.py:418:setup_molecule:Multiple occupancies found: CG2 in THR A 71.
2024-02-28 14:07:18,095 WARNING:main.py:424:setup_molecule:Multiple occupancies found in THR A 71. At least one of the instances is being ignored.
2024-02-28 14:07:18,095 WARNING:main.py:418:setup_molecule:Multiple occupancies found: N in TYR A 72.
2024-02-28 14:07:18,095 WARNING:main.py:418:setup_molecule:Multiple occupancies found: CA in TYR A 72.
2024-02-28 14:07:18,095 WARNING:main.py:418:setup_molecule:Multiple occupancies found: C in TYR A 72.
2024-02-28 14:07:18,095 WARNING:main.py:418:setup_molecule:Multiple occupancies found: O in TYR A 72.
2024-02-28 14:07:18,095 WARNING:main.py:418:setup_molecule:Multiple occupancies found: CB in TYR A 72.
2024-02-28 14:07:18,095 WARNING:main.py:418:setup_molecule:Multiple occupancies found: CG in TYR A 72.
2024-02-28 14:07:18,095 WARNING:main.py:418:setup_molecule:Multiple occupancies found: CD1 in TYR A 72.
2024-02-28 14:07:18,095 WARNING:main.py:418:setup_molecule:Multiple occupancies found: CD2 in TYR A 72.
2024-02-28 14:07:18,095 WARNING:main.py:418:setup_molecule:Multiple occupancies found: CE1 in TYR A 72.
2024-02-28 14:07:18,095 WARNING:main.py:418:setup_molecule:Multiple occupancies found: CE2 in TYR A 72.
2024-02-28 14:07:18,095 WARNING:main.py:418:setup_molecule:Multiple occupancies found: CZ in TYR A 72.
2024-02-28 14:07:18,095 WARNING:main.py:418:setup_molecule:Multiple occupancies found: OH in TYR A 72.
2024-02-28 14:07:18,095 WARNING:main.py:424:setup_molecule:Multiple occupancies found in TYR A 72. At least one of the instances is being ignored.
2024-02-28 14:07:18,095 WARNING:main.py:418:setup_molecule:Multiple occupancies found: N in LYS A 85.
2024-02-28 14:07:18,096 WARNING:main.py:418:setup_molecule:Multiple occupancies found: CA in LYS A 85.
2024-02-28 14:07:18,096 WARNING:main.py:418:setup_molecule:Multiple occupancies found: C in LYS A 85.
2024-02-28 14:07:18,096 WARNING:main.py:418:setup_molecule:Multiple occupancies found: O in LYS A 85.
2024-02-28 14:07:18,096 WARNING:main.py:418:setup_molecule:Multiple occupancies found: CB in LYS A 85.
2024-02-28 14:07:18,096 WARNING:main.py:418:setup_molecule:Multiple occupancies found: CG in LYS A 85.
2024-02-28 14:07:18,096 WARNING:main.py:418:setup_molecule:Multiple occupancies found: CD in LYS A 85.
2024-02-28 14:07:18,096 WARNING:main.py:418:setup_molecule:Multiple occupancies found: CE in LYS A 85.
2024-02-28 14:07:18,096 WARNING:main.py:418:setup_molecule:Multiple occupancies found: NZ in LYS A 85.
2024-02-28 14:07:18,096 WARNING:main.py:424:setup_molecule:Multiple occupancies found in LYS A 85. At least one of the instances is being ignored.
2024-02-28 14:07:18,096 WARNING:main.py:418:setup_molecule:Multiple occupancies found: N in SER A 91.
2024-02-28 14:07:18,096 WARNING:main.py:418:setup_molecule:Multiple occupancies found: CA in SER A 91.
2024-02-28 14:07:18,096 WARNING:main.py:418:setup_molecule:Multiple occupancies found: C in SER A 91.
2024-02-28 14:07:18,096 WARNING:main.py:418:setup_molecule:Multiple occupancies found: O in SER A 91.
2024-02-28 14:07:18,096 WARNING:main.py:418:setup_molecule:Multiple occupancies found: CB in SER A 91.
2024-02-28 14:07:18,096 WARNING:main.py:418:setup_molecule:Multiple occupancies found: OG in SER A 91.
2024-02-28 14:07:18,096 WARNING:main.py:424:setup_molecule:Multiple occupancies found in SER A 91. At least one of the instances is being ignored.
2024-02-28 14:07:18,096 WARNING:main.py:418:setup_molecule:Multiple occupancies found: N in ARG A 97.
2024-02-28 14:07:18,096 WARNING:main.py:418:setup_molecule:Multiple occupancies found: CA in ARG A 97.
2024-02-28 14:07:18,096 WARNING:main.py:418:setup_molecule:Multiple occupancies found: C in ARG A 97.
2024-02-28 14:07:18,513 WARNING:main.py:418:setup_molecule:Multiple occupancies found: O in ARG A 97.
2024-02-28 14:07:18,513 WARNING:main.py:418:setup_molecule:Multiple occupancies found: CB in ARG A 97.
2024-02-28 14:07:18,513 WARNING:main.py:418:setup_molecule:Multiple occupancies found: CG in ARG A 97.
2024-02-28 14:07:18,513 WARNING:main.py:418:setup_molecule:Multiple occupancies found: CD in ARG A 97.
2024-02-28 14:07:18,513 WARNING:main.py:418:setup_molecule:Multiple occupancies found: NE in ARG A 97.
2024-02-28 14:07:18,513 WARNING:main.py:418:setup_molecule:Multiple occupancies found: CZ in ARG A 97.
2024-02-28 14:07:18,513 WARNING:main.py:418:setup_molecule:Multiple occupancies found: NH1 in ARG A 97.
2024-02-28 14:07:18,513 WARNING:main.py:418:setup_molecule:Multiple occupancies found: NH2 in ARG A 97.
2024-02-28 14:07:18,513 WARNING:main.py:424:setup_molecule:Multiple occupancies found in ARG A 97. At least one of the instances is being ignored.
2024-02-28 14:07:18,513 WARNING:main.py:418:setup_molecule:Multiple occupancies found: N in ASP A 102.
2024-02-28 14:07:18,513 WARNING:main.py:418:setup_molecule:Multiple occupancies found: CA in ASP A 102.
2024-02-28 14:07:18,514 WARNING:main.py:418:setup_molecule:Multiple occupancies found: C in ASP A 102.
2024-02-28 14:07:18,514 WARNING:main.py:418:setup_molecule:Multiple occupancies found: O in ASP A 102.
2024-02-28 14:07:18,514 WARNING:main.py:418:setup_molecule:Multiple occupancies found: CB in ASP A 102.
2024-02-28 14:07:18,514 WARNING:main.py:418:setup_molecule:Multiple occupancies found: CG in ASP A 102.
2024-02-28 14:07:18,514 WARNING:main.py:418:setup_molecule:Multiple occupancies found: OD1 in ASP A 102.
2024-02-28 14:07:18,514 WARNING:main.py:418:setup_molecule:Multiple occupancies found: OD2 in ASP A 102.
2024-02-28 14:07:18,514 WARNING:main.py:424:setup_molecule:Multiple occupancies found in ASP A 102. At least one of the instances is being ignored.
2024-02-28 14:07:18,514 WARNING:main.py:418:setup_molecule:Multiple occupancies found: N in SER A 149.
2024-02-28 14:07:18,514 WARNING:main.py:418:setup_molecule:Multiple occupancies found: CA in SER A 149.
2024-02-28 14:07:18,514 WARNING:main.py:418:setup_molecule:Multiple occupancies found: C in SER A 149.
2024-02-28 14:07:18,514 WARNING:main.py:418:setup_molecule:Multiple occupancies found: O in SER A 149.
2024-02-28 14:07:18,514 WARNING:main.py:418:setup_molecule:Multiple occupancies found: CB in SER A 149.
2024-02-28 14:07:18,514 WARNING:main.py:418:setup_molecule:Multiple occupancies found: OG in SER A 149.
2024-02-28 14:07:18,514 WARNING:main.py:424:setup_molecule:Multiple occupancies found in SER A 149. At least one of the instances is being ignored.
2024-02-28 14:07:18,514 WARNING:main.py:418:setup_molecule:Multiple occupancies found: N in SER A 175.
2024-02-28 14:07:18,514 WARNING:main.py:418:setup_molecule:Multiple occupancies found: CA in SER A 175.
2024-02-28 14:07:18,514 WARNING:main.py:418:setup_molecule:Multiple occupancies found: C in SER A 175.
2024-02-28 14:07:18,514 WARNING:main.py:418:setup_molecule:Multiple occupancies found: O in SER A 175.
2024-02-28 14:07:18,514 WARNING:main.py:418:setup_molecule:Multiple occupancies found: CB in SER A 175.
2024-02-28 14:07:18,514 WARNING:main.py:418:setup_molecule:Multiple occupancies found: OG in SER A 175.
2024-02-28 14:07:18,514 WARNING:main.py:424:setup_molecule:Multiple occupancies found in SER A 175. At least one of the instances is being ignored.
2024-02-28 14:07:18,514 WARNING:main.py:418:setup_molecule:Multiple occupancies found: N in LEU A 231.
2024-02-28 14:07:18,514 WARNING:main.py:418:setup_molecule:Multiple occupancies found: CA in LEU A 231.
2024-02-28 14:07:18,514 WARNING:main.py:418:setup_molecule:Multiple occupancies found: C in LEU A 231.
2024-02-28 14:07:18,514 WARNING:main.py:418:setup_molecule:Multiple occupancies found: O in LEU A 231.
2024-02-28 14:07:18,514 WARNING:main.py:418:setup_molecule:Multiple occupancies found: CB in LEU A 231.
2024-02-28 14:07:18,514 WARNING:main.py:418:setup_molecule:Multiple occupancies found: CG in LEU A 231.
2024-02-28 14:07:18,514 WARNING:main.py:418:setup_molecule:Multiple occupancies found: CD1 in LEU A 231.
2024-02-28 14:07:18,514 WARNING:main.py:418:setup_molecule:Multiple occupancies found: CD2 in LEU A 231.
2024-02-28 14:07:18,514 WARNING:main.py:424:setup_molecule:Multiple occupancies found in LEU A 231. At least one of the instances is being ignored.
2024-02-28 14:07:18,515 WARNING:main.py:418:setup_molecule:Multiple occupancies found: N in ALA A 232.
2024-02-28 14:07:18,515 WARNING:main.py:418:setup_molecule:Multiple occupancies found: CA in ALA A 232.
2024-02-28 14:07:18,515 WARNING:main.py:418:setup_molecule:Multiple occupancies found: C in ALA A 232.
2024-02-28 14:07:18,515 WARNING:main.py:418:setup_molecule:Multiple occupancies found: O in ALA A 232.
2024-02-28 14:07:18,515 WARNING:main.py:418:setup_molecule:Multiple occupancies found: CB in ALA A 232.
2024-02-28 14:07:18,515 WARNING:main.py:424:setup_molecule:Multiple occupancies found in ALA A 232. At least one of the instances is being ignored.
2024-02-28 14:07:18,515 WARNING:main.py:418:setup_molecule:Multiple occupancies found: N in VAL A 233.
2024-02-28 14:07:18,515 WARNING:main.py:418:setup_molecule:Multiple occupancies found: CA in VAL A 233.
2024-02-28 14:07:18,515 WARNING:main.py:418:setup_molecule:Multiple occupancies found: C in VAL A 233.
2024-02-28 14:07:18,515 WARNING:main.py:418:setup_molecule:Multiple occupancies found: O in VAL A 233.
2024-02-28 14:07:18,515 WARNING:main.py:418:setup_molecule:Multiple occupancies found: CB in VAL A 233.
2024-02-28 14:07:18,515 WARNING:main.py:418:setup_molecule:Multiple occupancies found: CG1 in VAL A 233.
2024-02-28 14:07:18,515 WARNING:main.py:418:setup_molecule:Multiple occupancies found: CG2 in VAL A 233.
2024-02-28 14:07:18,515 WARNING:main.py:424:setup_molecule:Multiple occupancies found in VAL A 233. At least one of the instances is being ignored.
2024-02-28 14:07:18,515 WARNING:main.py:418:setup_molecule:Multiple occupancies found: N in MET A 240.
2024-02-28 14:07:18,515 WARNING:main.py:418:setup_molecule:Multiple occupancies found: CA in MET A 240.
2024-02-28 14:07:18,515 WARNING:main.py:418:setup_molecule:Multiple occupancies found: C in MET A 240.
2024-02-28 14:07:18,515 WARNING:main.py:418:setup_molecule:Multiple occupancies found: O in MET A 240.
2024-02-28 14:07:18,515 WARNING:main.py:418:setup_molecule:Multiple occupancies found: CB in MET A 240.
2024-02-28 14:07:18,515 WARNING:main.py:418:setup_molecule:Multiple occupancies found: CG in MET A 240.
2024-02-28 14:07:18,515 WARNING:main.py:418:setup_molecule:Multiple occupancies found: SD in MET A 240.
2024-02-28 14:07:18,515 WARNING:main.py:418:setup_molecule:Multiple occupancies found: CE in MET A 240.
2024-02-28 14:07:18,515 WARNING:main.py:424:setup_molecule:Multiple occupancies found in MET A 240. At least one of the instances is being ignored.
2024-02-28 14:07:18,515 WARNING:main.py:418:setup_molecule:Multiple occupancies found: N in PHE A 246.
2024-02-28 14:07:18,515 WARNING:main.py:418:setup_molecule:Multiple occupancies found: CA in PHE A 246.
2024-02-28 14:07:18,515 WARNING:main.py:418:setup_molecule:Multiple occupancies found: C in PHE A 246.
2024-02-28 14:07:18,515 WARNING:main.py:418:setup_molecule:Multiple occupancies found: O in PHE A 246.
2024-02-28 14:07:18,515 WARNING:main.py:418:setup_molecule:Multiple occupancies found: CB in PHE A 246.
2024-02-28 14:07:18,515 WARNING:main.py:418:setup_molecule:Multiple occupancies found: CG in PHE A 246.
2024-02-28 14:07:18,515 WARNING:main.py:418:setup_molecule:Multiple occupancies found: CD1 in PHE A 246.
2024-02-28 14:07:18,515 WARNING:main.py:418:setup_molecule:Multiple occupancies found: CD2 in PHE A 246.
2024-02-28 14:07:18,515 WARNING:main.py:418:setup_molecule:Multiple occupancies found: CE1 in PHE A 246.
2024-02-28 14:07:18,515 WARNING:main.py:418:setup_molecule:Multiple occupancies found: CE2 in PHE A 246.
2024-02-28 14:07:18,515 WARNING:main.py:418:setup_molecule:Multiple occupancies found: CZ in PHE A 246.
2024-02-28 14:07:18,515 WARNING:main.py:424:setup_molecule:Multiple occupancies found in PHE A 246. At least one of the instances is being ignored.
2024-02-28 14:07:18,516 WARNING:main.py:418:setup_molecule:Multiple occupancies found: N in ASP A 266.
2024-02-28 14:07:18,516 WARNING:main.py:418:setup_molecule:Multiple occupancies found: CA in ASP A 266.
2024-02-28 14:07:18,516 WARNING:main.py:418:setup_molecule:Multiple occupancies found: C in ASP A 266.
2024-02-28 14:07:18,516 WARNING:main.py:418:setup_molecule:Multiple occupancies found: O in ASP A 266.
2024-02-28 14:07:18,516 WARNING:main.py:418:setup_molecule:Multiple occupancies found: CB in ASP A 266.
2024-02-28 14:07:18,516 WARNING:main.py:418:setup_molecule:Multiple occupancies found: CG in ASP A 266.
2024-02-28 14:07:18,516 WARNING:main.py:418:setup_molecule:Multiple occupancies found: OD1 in ASP A 266.
2024-02-28 14:07:18,516 WARNING:main.py:418:setup_molecule:Multiple occupancies found: OD2 in ASP A 266.
2024-02-28 14:07:18,516 WARNING:main.py:424:setup_molecule:Multiple occupancies found in ASP A 266. At least one of the instances is being ignored.
2024-02-28 14:07:18,516 WARNING:main.py:418:setup_molecule:Multiple occupancies found: N in CYS A 281.
2024-02-28 14:07:18,516 WARNING:main.py:418:setup_molecule:Multiple occupancies found: CA in CYS A 281.
2024-02-28 14:07:18,516 WARNING:main.py:418:setup_molecule:Multiple occupancies found: C in CYS A 281.
2024-02-28 14:07:18,516 WARNING:main.py:418:setup_molecule:Multiple occupancies found: O in CYS A 281.
2024-02-28 14:07:18,516 WARNING:main.py:418:setup_molecule:Multiple occupancies found: CB in CYS A 281.
2024-02-28 14:07:18,516 WARNING:main.py:418:setup_molecule:Multiple occupancies found: SG in CYS A 281.
2024-02-28 14:07:18,516 WARNING:main.py:424:setup_molecule:Multiple occupancies found in CYS A 281. At least one of the instances is being ignored.
2024-02-28 14:07:18,516 WARNING:main.py:418:setup_molecule:Multiple occupancies found: N in SER A 287.
2024-02-28 14:07:18,516 WARNING:main.py:418:setup_molecule:Multiple occupancies found: CA in SER A 287.
2024-02-28 14:07:18,516 WARNING:main.py:418:setup_molecule:Multiple occupancies found: C in SER A 287.
2024-02-28 14:07:18,517 WARNING:main.py:418:setup_molecule:Multiple occupancies found: O in SER A 287.
2024-02-28 14:07:18,885 WARNING:main.py:418:setup_molecule:Multiple occupancies found: CB in SER A 287.
2024-02-28 14:07:18,885 WARNING:main.py:418:setup_molecule:Multiple occupancies found: OG in SER A 287.
2024-02-28 14:07:18,885 WARNING:main.py:424:setup_molecule:Multiple occupancies found in SER A 287. At least one of the instances is being ignored.
2024-02-28 14:07:18,885 WARNING:main.py:418:setup_molecule:Multiple occupancies found: N in ARG A 303.
2024-02-28 14:07:18,893 WARNING:main.py:418:setup_molecule:Multiple occupancies found: CA in ARG A 303.
2024-02-28 14:07:18,893 WARNING:main.py:418:setup_molecule:Multiple occupancies found: C in ARG A 303.
2024-02-28 14:07:18,893 WARNING:main.py:418:setup_molecule:Multiple occupancies found: O in ARG A 303.
2024-02-28 14:07:18,893 WARNING:main.py:418:setup_molecule:Multiple occupancies found: CB in ARG A 303.
2024-02-28 14:07:18,893 WARNING:main.py:418:setup_molecule:Multiple occupancies found: CG in ARG A 303.
2024-02-28 14:07:18,893 WARNING:main.py:418:setup_molecule:Multiple occupancies found: CD in ARG A 303.
2024-02-28 14:07:18,893 WARNING:main.py:418:setup_molecule:Multiple occupancies found: NE in ARG A 303.
2024-02-28 14:07:18,893 WARNING:main.py:418:setup_molecule:Multiple occupancies found: CZ in ARG A 303.
2024-02-28 14:07:18,893 WARNING:main.py:418:setup_molecule:Multiple occupancies found: NH1 in ARG A 303.
2024-02-28 14:07:18,893 WARNING:main.py:418:setup_molecule:Multiple occupancies found: NH2 in ARG A 303.
2024-02-28 14:07:18,893 WARNING:main.py:424:setup_molecule:Multiple occupancies found in ARG A 303. At least one of the instances is being ignored.
2024-02-28 14:07:18,893 WARNING:main.py:418:setup_molecule:Multiple occupancies found: N in LYS A 325.
2024-02-28 14:07:18,893 WARNING:main.py:418:setup_molecule:Multiple occupancies found: CA in LYS A 325.
2024-02-28 14:07:18,893 WARNING:main.py:418:setup_molecule:Multiple occupancies found: C in LYS A 325.
2024-02-28 14:07:18,894 WARNING:main.py:418:setup_molecule:Multiple occupancies found: O in LYS A 325.
2024-02-28 14:07:18,894 WARNING:main.py:418:setup_molecule:Multiple occupancies found: CB in LYS A 325.
2024-02-28 14:07:18,894 WARNING:main.py:418:setup_molecule:Multiple occupancies found: CG in LYS A 325.
2024-02-28 14:07:18,894 WARNING:main.py:418:setup_molecule:Multiple occupancies found: CD in LYS A 325.
2024-02-28 14:07:18,894 WARNING:main.py:418:setup_molecule:Multiple occupancies found: CE in LYS A 325.
2024-02-28 14:07:18,894 WARNING:main.py:418:setup_molecule:Multiple occupancies found: NZ in LYS A 325.
2024-02-28 14:07:18,894 WARNING:main.py:424:setup_molecule:Multiple occupancies found in LYS A 325. At least one of the instances is being ignored.
2024-02-28 14:07:18,894 WARNING:main.py:418:setup_molecule:Multiple occupancies found: N in SER A 366.
2024-02-28 14:07:18,894 WARNING:main.py:418:setup_molecule:Multiple occupancies found: CA in SER A 366.
2024-02-28 14:07:18,894 WARNING:main.py:418:setup_molecule:Multiple occupancies found: C in SER A 366.
2024-02-28 14:07:18,894 WARNING:main.py:418:setup_molecule:Multiple occupancies found: O in SER A 366.
2024-02-28 14:07:18,894 WARNING:main.py:418:setup_molecule:Multiple occupancies found: CB in SER A 366.
2024-02-28 14:07:18,894 WARNING:main.py:418:setup_molecule:Multiple occupancies found: OG in SER A 366.
2024-02-28 14:07:18,894 WARNING:main.py:424:setup_molecule:Multiple occupancies found in SER A 366. At least one of the instances is being ignored.
2024-02-28 14:07:18,901 WARNING:biomolecule.py:615:update_bonds:Gap in backbone detected between MET A 109 and LEU A 111!
2024-02-28 14:07:18,906 WARNING:biomolecule.py:615:update_bonds:Gap in backbone detected between SER A 112 and LEU A 114!
2024-02-28 14:07:18,906 WARNING:biomolecule.py:615:update_bonds:Gap in backbone detected between PHE A 124 and MET A 134!
2024-02-28 14:07:18,975 WARNING:biomolecule.py:157:num_missing_heavy:Missing atom NE in residue ARG A 11
2024-02-28 14:07:19,172 WARNING:biomolecule.py:157:num_missing_heavy:Missing atom CZ in residue ARG A 11
2024-02-28 14:07:19,172 WARNING:biomolecule.py:157:num_missing_heavy:Missing atom NH1 in residue ARG A 11
2024-02-28 14:07:19,172 WARNING:biomolecule.py:157:num_missing_heavy:Missing atom NH2 in residue ARG A 11
2024-02-28 14:07:19,172 WARNING:biomolecule.py:157:num_missing_heavy:Missing atom ND1 in residue HIS A 73
2024-02-28 14:07:19,172 WARNING:biomolecule.py:157:num_missing_heavy:Missing atom CD2 in residue HIS A 73
2024-02-28 14:07:19,172 WARNING:biomolecule.py:157:num_missing_heavy:Missing atom CE1 in residue HIS A 73
2024-02-28 14:07:19,172 WARNING:biomolecule.py:157:num_missing_heavy:Missing atom NE2 in residue HIS A 73
2024-02-28 14:07:19,172 WARNING:biomolecule.py:157:num_missing_heavy:Missing atom CD in residue ARG A 77
2024-02-28 14:07:19,172 WARNING:biomolecule.py:157:num_missing_heavy:Missing atom NE in residue ARG A 77
2024-02-28 14:07:19,173 WARNING:biomolecule.py:157:num_missing_heavy:Missing atom CZ in residue ARG A 77
2024-02-28 14:07:19,173 WARNING:biomolecule.py:157:num_missing_heavy:Missing atom NH1 in residue ARG A 77
2024-02-28 14:07:19,173 WARNING:biomolecule.py:157:num_missing_heavy:Missing atom NH2 in residue ARG A 77
2024-02-28 14:07:19,173 WARNING:biomolecule.py:157:num_missing_heavy:Missing atom SD in residue MET A 109
2024-02-28 14:07:19,173 WARNING:biomolecule.py:157:num_missing_heavy:Missing atom CE in residue MET A 109
2024-02-28 14:07:19,173 WARNING:biomolecule.py:157:num_missing_heavy:Missing atom CG in residue LEU A 114
2024-02-28 14:07:19,173 WARNING:biomolecule.py:157:num_missing_heavy:Missing atom CD1 in residue LEU A 114
2024-02-28 14:07:19,173 WARNING:biomolecule.py:157:num_missing_heavy:Missing atom CD2 in residue LEU A 114
2024-02-28 14:07:19,173 WARNING:biomolecule.py:157:num_missing_heavy:Missing atom CG in residue LYS A 116
2024-02-28 14:07:19,173 WARNING:biomolecule.py:157:num_missing_heavy:Missing atom CD in residue LYS A 116
2024-02-28 14:07:19,173 WARNING:biomolecule.py:157:num_missing_heavy:Missing atom CE in residue LYS A 116
2024-02-28 14:07:19,173 WARNING:biomolecule.py:157:num_missing_heavy:Missing atom NZ in residue LYS A 116
2024-02-28 14:07:19,173 WARNING:biomolecule.py:157:num_missing_heavy:Missing atom CG in residue LYS A 190
2024-02-28 14:07:19,173 WARNING:biomolecule.py:157:num_missing_heavy:Missing atom CD in residue LYS A 190
2024-02-28 14:07:19,173 WARNING:biomolecule.py:157:num_missing_heavy:Missing atom CE in residue LYS A 190
2024-02-28 14:07:19,173 WARNING:biomolecule.py:157:num_missing_heavy:Missing atom NZ in residue LYS A 190
2024-02-28 14:07:19,174 WARNING:biomolecule.py:157:num_missing_heavy:Missing atom OE1 in residue GLU A 191
2024-02-28 14:07:19,174 WARNING:biomolecule.py:157:num_missing_heavy:Missing atom OE2 in residue GLU A 191
2024-02-28 14:07:19,174 WARNING:biomolecule.py:157:num_missing_heavy:Missing atom CD in residue GLU A 220
2024-02-28 14:07:19,174 WARNING:biomolecule.py:157:num_missing_heavy:Missing atom OE1 in residue GLU A 220
2024-02-28 14:07:19,174 WARNING:biomolecule.py:157:num_missing_heavy:Missing atom OE2 in residue GLU A 220
2024-02-28 14:07:19,174 WARNING:biomolecule.py:157:num_missing_heavy:Missing atom CE in residue LYS A 360
2024-02-28 14:07:19,174 WARNING:biomolecule.py:157:num_missing_heavy:Missing atom NZ in residue LYS A 360
2024-02-28 14:07:19,174 WARNING:biomolecule.py:157:num_missing_heavy:Missing atom CD in residue GLN A 375
2024-02-28 14:07:19,174 WARNING:biomolecule.py:157:num_missing_heavy:Missing atom OE1 in residue GLN A 375
2024-02-28 14:07:19,175 WARNING:biomolecule.py:157:num_missing_heavy:Missing atom NE2 in residue GLN A 375
2024-02-28 14:07:19,175 WARNING:biomolecule.py:157:num_missing_heavy:Missing atom OXT in residue PHE A 382
2024-02-28 14:07:19,175 WARNING:biomolecule.py:157:num_missing_heavy:Missing atom NE in residue ARG A 11
2024-02-28 14:07:19,175 WARNING:biomolecule.py:157:num_missing_heavy:Missing atom CZ in residue ARG A 11
2024-02-28 14:07:19,175 WARNING:biomolecule.py:157:num_missing_heavy:Missing atom NH1 in residue ARG A 11
2024-02-28 14:07:19,175 WARNING:biomolecule.py:157:num_missing_heavy:Missing atom NH2 in residue ARG A 11
2024-02-28 14:07:19,175 WARNING:biomolecule.py:157:num_missing_heavy:Missing atom ND1 in residue HIS A 73
2024-02-28 14:07:19,175 WARNING:biomolecule.py:157:num_missing_heavy:Missing atom CD2 in residue HIS A 73
2024-02-28 14:07:19,175 WARNING:biomolecule.py:157:num_missing_heavy:Missing atom CE1 in residue HIS A 73
2024-02-28 14:07:19,175 WARNING:biomolecule.py:157:num_missing_heavy:Missing atom NE2 in residue HIS A 73
2024-02-28 14:07:19,175 WARNING:biomolecule.py:157:num_missing_heavy:Missing atom CD in residue ARG A 77
2024-02-28 14:07:19,175 WARNING:biomolecule.py:157:num_missing_heavy:Missing atom NE in residue ARG A 77
2024-02-28 14:07:19,175 WARNING:biomolecule.py:157:num_missing_heavy:Missing atom CZ in residue ARG A 77
2024-02-28 14:07:19,175 WARNING:biomolecule.py:157:num_missing_heavy:Missing atom NH1 in residue ARG A 77
2024-02-28 14:07:19,175 WARNING:biomolecule.py:157:num_missing_heavy:Missing atom NH2 in residue ARG A 77
2024-02-28 14:07:19,175 WARNING:biomolecule.py:157:num_missing_heavy:Missing atom SD in residue MET A 109
2024-02-28 14:07:19,175 WARNING:biomolecule.py:157:num_missing_heavy:Missing atom CE in residue MET A 109
2024-02-28 14:07:19,176 WARNING:biomolecule.py:157:num_missing_heavy:Missing atom CG in residue LEU A 114
2024-02-28 14:07:19,176 WARNING:biomolecule.py:157:num_missing_heavy:Missing atom CD1 in residue LEU A 114
2024-02-28 14:07:19,176 WARNING:biomolecule.py:157:num_missing_heavy:Missing atom CD2 in residue LEU A 114
2024-02-28 14:07:19,176 WARNING:biomolecule.py:157:num_missing_heavy:Missing atom CG in residue LYS A 116
2024-02-28 14:07:19,176 WARNING:biomolecule.py:157:num_missing_heavy:Missing atom CD in residue LYS A 116
2024-02-28 14:07:19,176 WARNING:biomolecule.py:157:num_missing_heavy:Missing atom CE in residue LYS A 116
2024-02-28 14:07:19,176 WARNING:biomolecule.py:157:num_missing_heavy:Missing atom NZ in residue LYS A 116
2024-02-28 14:07:19,176 WARNING:biomolecule.py:157:num_missing_heavy:Missing atom CG in residue LYS A 190
2024-02-28 14:07:19,176 WARNING:biomolecule.py:157:num_missing_heavy:Missing atom CD in residue LYS A 190
2024-02-28 14:07:19,176 WARNING:biomolecule.py:157:num_missing_heavy:Missing atom CE in residue LYS A 190
2024-02-28 14:07:19,176 WARNING:biomolecule.py:157:num_missing_heavy:Missing atom NZ in residue LYS A 190
2024-02-28 14:07:19,176 WARNING:biomolecule.py:157:num_missing_heavy:Missing atom OE1 in residue GLU A 191
2024-02-28 14:07:19,176 WARNING:biomolecule.py:157:num_missing_heavy:Missing atom OE2 in residue GLU A 191
2024-02-28 14:07:19,176 WARNING:biomolecule.py:157:num_missing_heavy:Missing atom CD in residue GLU A 220
2024-02-28 14:07:19,176 WARNING:biomolecule.py:157:num_missing_heavy:Missing atom OE1 in residue GLU A 220
2024-02-28 14:07:19,176 WARNING:biomolecule.py:157:num_missing_heavy:Missing atom OE2 in residue GLU A 220
2024-02-28 14:07:19,177 WARNING:biomolecule.py:157:num_missing_heavy:Missing atom CE in residue LYS A 360
2024-02-28 14:07:19,177 WARNING:biomolecule.py:157:num_missing_heavy:Missing atom NZ in residue LYS A 360
2024-02-28 14:07:19,273 WARNING:biomolecule.py:157:num_missing_heavy:Missing atom CD in residue GLN A 375
2024-02-28 14:07:19,273 WARNING:biomolecule.py:157:num_missing_heavy:Missing atom OE1 in residue GLN A 375
2024-02-28 14:07:19,273 WARNING:biomolecule.py:157:num_missing_heavy:Missing atom NE2 in residue GLN A 375
2024-02-28 14:07:19,273 WARNING:biomolecule.py:157:num_missing_heavy:Missing atom OXT in residue PHE A 382
2024-02-28 14:07:19,273 WARNING:biomolecule.py:157:num_missing_heavy:Missing atom NE in residue ARG A 11
2024-02-28 14:07:19,273 WARNING:biomolecule.py:157:num_missing_heavy:Missing atom CZ in residue ARG A 11
2024-02-28 14:07:19,274 WARNING:biomolecule.py:157:num_missing_heavy:Missing atom NH1 in residue ARG A 11
2024-02-28 14:07:19,274 WARNING:biomolecule.py:157:num_missing_heavy:Missing atom NH2 in residue ARG A 11
2024-02-28 14:07:19,274 WARNING:biomolecule.py:157:num_missing_heavy:Missing atom ND1 in residue HIS A 73
2024-02-28 14:07:19,274 WARNING:biomolecule.py:157:num_missing_heavy:Missing atom CD2 in residue HIS A 73
2024-02-28 14:07:19,274 WARNING:biomolecule.py:157:num_missing_heavy:Missing atom CE1 in residue HIS A 73
2024-02-28 14:07:19,274 WARNING:biomolecule.py:157:num_missing_heavy:Missing atom NE2 in residue HIS A 73
2024-02-28 14:07:19,274 WARNING:biomolecule.py:157:num_missing_heavy:Missing atom CD in residue ARG A 77
2024-02-28 14:07:19,274 WARNING:biomolecule.py:157:num_missing_heavy:Missing atom NE in residue ARG A 77
2024-02-28 14:07:19,274 WARNING:biomolecule.py:157:num_missing_heavy:Missing atom CZ in residue ARG A 77
2024-02-28 14:07:19,274 WARNING:biomolecule.py:157:num_missing_heavy:Missing atom NH1 in residue ARG A 77
2024-02-28 14:07:19,274 WARNING:biomolecule.py:157:num_missing_heavy:Missing atom NH2 in residue ARG A 77
2024-02-28 14:07:19,274 WARNING:biomolecule.py:157:num_missing_heavy:Missing atom SD in residue MET A 109
2024-02-28 14:07:19,274 WARNING:biomolecule.py:157:num_missing_heavy:Missing atom CE in residue MET A 109
2024-02-28 14:07:19,274 WARNING:biomolecule.py:157:num_missing_heavy:Missing atom CG in residue LEU A 114
2024-02-28 14:07:19,274 WARNING:biomolecule.py:157:num_missing_heavy:Missing atom CD1 in residue LEU A 114
2024-02-28 14:07:19,275 WARNING:biomolecule.py:157:num_missing_heavy:Missing atom CD2 in residue LEU A 114
2024-02-28 14:07:19,275 WARNING:biomolecule.py:157:num_missing_heavy:Missing atom CG in residue LYS A 116
2024-02-28 14:07:19,275 WARNING:biomolecule.py:157:num_missing_heavy:Missing atom CD in residue LYS A 116
2024-02-28 14:07:19,275 WARNING:biomolecule.py:157:num_missing_heavy:Missing atom CE in residue LYS A 116
2024-02-28 14:07:19,275 WARNING:biomolecule.py:157:num_missing_heavy:Missing atom NZ in residue LYS A 116
2024-02-28 14:07:19,275 WARNING:biomolecule.py:157:num_missing_heavy:Missing atom CG in residue LYS A 190
2024-02-28 14:07:19,275 WARNING:biomolecule.py:157:num_missing_heavy:Missing atom CD in residue LYS A 190
2024-02-28 14:07:19,275 WARNING:biomolecule.py:157:num_missing_heavy:Missing atom CE in residue LYS A 190
2024-02-28 14:07:19,275 WARNING:biomolecule.py:157:num_missing_heavy:Missing atom NZ in residue LYS A 190
2024-02-28 14:07:19,275 WARNING:biomolecule.py:157:num_missing_heavy:Missing atom OE1 in residue GLU A 191
2024-02-28 14:07:19,275 WARNING:biomolecule.py:157:num_missing_heavy:Missing atom OE2 in residue GLU A 191
2024-02-28 14:07:19,275 WARNING:biomolecule.py:157:num_missing_heavy:Missing atom CD in residue GLU A 220
2024-02-28 14:07:19,275 WARNING:biomolecule.py:157:num_missing_heavy:Missing atom OE1 in residue GLU A 220
2024-02-28 14:07:19,275 WARNING:biomolecule.py:157:num_missing_heavy:Missing atom OE2 in residue GLU A 220
2024-02-28 14:07:19,330 WARNING:biomolecule.py:157:num_missing_heavy:Missing atom CE in residue LYS A 360
2024-02-28 14:07:19,330 WARNING:biomolecule.py:157:num_missing_heavy:Missing atom NZ in residue LYS A 360
2024-02-28 14:07:19,330 WARNING:biomolecule.py:157:num_missing_heavy:Missing atom CD in residue GLN A 375
2024-02-28 14:07:19,330 WARNING:biomolecule.py:157:num_missing_heavy:Missing atom OE1 in residue GLN A 375
2024-02-28 14:07:19,330 WARNING:biomolecule.py:157:num_missing_heavy:Missing atom NE2 in residue GLN A 375
2024-02-28 14:07:19,330 WARNING:biomolecule.py:157:num_missing_heavy:Missing atom OXT in residue PHE A 382
2024-02-28 14:07:23,404 WARNING:main.py:311:print_pqr:Ignoring 1220 header lines in output.
2024-02-28 14:07:23,404 WARNING:main.py:315:print_pqr:Ignoring 14 missing lines in output.
