2024-02-28 14:07:17,134 WARNING:biomolecule.py:992:create_residue:Unable to find amino or nucleic acid definition for MGS.  Parsing as new residue.
2024-02-28 14:07:17,207 WARNING:biomolecule.py:157:num_missing_heavy:Missing atom CG in residue GLU H 5
2024-02-28 14:07:17,321 WARNING:biomolecule.py:157:num_missing_heavy:Missing atom CD in residue GLU H 5
2024-02-28 14:07:17,321 WARNING:biomolecule.py:157:num_missing_heavy:Missing atom OE1 in residue GLU H 5
2024-02-28 14:07:17,321 WARNING:biomolecule.py:157:num_missing_heavy:Missing atom OE2 in residue GLU H 5
2024-02-28 14:07:17,322 WARNING:biomolecule.py:157:num_missing_heavy:Missing atom CG in residue ARG H 44
2024-02-28 14:07:17,322 WARNING:biomolecule.py:157:num_missing_heavy:Missing atom CD in residue ARG H 44
2024-02-28 14:07:17,322 WARNING:biomolecule.py:157:num_missing_heavy:Missing atom NE in residue ARG H 44
2024-02-28 14:07:17,322 WARNING:biomolecule.py:157:num_missing_heavy:Missing atom CZ in residue ARG H 44
2024-02-28 14:07:17,322 WARNING:biomolecule.py:157:num_missing_heavy:Missing atom NH1 in residue ARG H 44
2024-02-28 14:07:17,322 WARNING:biomolecule.py:157:num_missing_heavy:Missing atom NH2 in residue ARG H 44
2024-02-28 14:07:17,322 WARNING:biomolecule.py:157:num_missing_heavy:Missing atom CG in residue ARG H 57
2024-02-28 14:07:17,322 WARNING:biomolecule.py:157:num_missing_heavy:Missing atom CD in residue ARG H 57
2024-02-28 14:07:17,322 WARNING:biomolecule.py:157:num_missing_heavy:Missing atom NE in residue ARG H 57
2024-02-28 14:07:17,322 WARNING:biomolecule.py:157:num_missing_heavy:Missing atom CZ in residue ARG H 57
2024-02-28 14:07:17,322 WARNING:biomolecule.py:157:num_missing_heavy:Missing atom NH1 in residue ARG H 57
2024-02-28 14:07:17,322 WARNING:biomolecule.py:157:num_missing_heavy:Missing atom NH2 in residue ARG H 57
2024-02-28 14:07:17,322 WARNING:biomolecule.py:157:num_missing_heavy:Missing atom CG in residue LYS H 65
2024-02-28 14:07:17,322 WARNING:biomolecule.py:157:num_missing_heavy:Missing atom CD in residue LYS H 65
2024-02-28 14:07:17,322 WARNING:biomolecule.py:157:num_missing_heavy:Missing atom CE in residue LYS H 65
2024-02-28 14:07:17,322 WARNING:biomolecule.py:157:num_missing_heavy:Missing atom NZ in residue LYS H 65
2024-02-28 14:07:17,322 WARNING:biomolecule.py:157:num_missing_heavy:Missing atom CG in residue ARG H 109
2024-02-28 14:07:17,322 WARNING:biomolecule.py:157:num_missing_heavy:Missing atom CD in residue ARG H 109
2024-02-28 14:07:17,323 WARNING:biomolecule.py:157:num_missing_heavy:Missing atom NE in residue ARG H 109
2024-02-28 14:07:17,323 WARNING:biomolecule.py:157:num_missing_heavy:Missing atom CZ in residue ARG H 109
2024-02-28 14:07:17,323 WARNING:biomolecule.py:157:num_missing_heavy:Missing atom NH1 in residue ARG H 109
2024-02-28 14:07:17,323 WARNING:biomolecule.py:157:num_missing_heavy:Missing atom NH2 in residue ARG H 109
2024-02-28 14:07:17,323 WARNING:biomolecule.py:157:num_missing_heavy:Missing atom CG in residue LYS H 119
2024-02-28 14:07:17,323 WARNING:biomolecule.py:157:num_missing_heavy:Missing atom CD in residue LYS H 119
2024-02-28 14:07:17,323 WARNING:biomolecule.py:157:num_missing_heavy:Missing atom CE in residue LYS H 119
2024-02-28 14:07:17,323 WARNING:biomolecule.py:157:num_missing_heavy:Missing atom NZ in residue LYS H 119
2024-02-28 14:07:17,323 WARNING:biomolecule.py:157:num_missing_heavy:Missing atom CG in residue GLU H 195
2024-02-28 14:07:17,323 WARNING:biomolecule.py:157:num_missing_heavy:Missing atom CD in residue GLU H 195
2024-02-28 14:07:17,323 WARNING:biomolecule.py:157:num_missing_heavy:Missing atom OE1 in residue GLU H 195
2024-02-28 14:07:17,323 WARNING:biomolecule.py:157:num_missing_heavy:Missing atom OE2 in residue GLU H 195
2024-02-28 14:07:17,323 WARNING:biomolecule.py:157:num_missing_heavy:Missing atom CG in residue LYS H 209
2024-02-28 14:07:17,323 WARNING:biomolecule.py:157:num_missing_heavy:Missing atom CD in residue LYS H 209
2024-02-28 14:07:17,323 WARNING:biomolecule.py:157:num_missing_heavy:Missing atom CE in residue LYS H 209
2024-02-28 14:07:17,323 WARNING:biomolecule.py:157:num_missing_heavy:Missing atom NZ in residue LYS H 209
2024-02-28 14:07:17,324 WARNING:biomolecule.py:157:num_missing_heavy:Missing atom CG in residue ARG L 23
2024-02-28 14:07:17,324 WARNING:biomolecule.py:157:num_missing_heavy:Missing atom CD in residue ARG L 23
2024-02-28 14:07:17,324 WARNING:biomolecule.py:157:num_missing_heavy:Missing atom NE in residue ARG L 23
2024-02-28 14:07:17,324 WARNING:biomolecule.py:157:num_missing_heavy:Missing atom CZ in residue ARG L 23
2024-02-28 14:07:17,324 WARNING:biomolecule.py:157:num_missing_heavy:Missing atom NH1 in residue ARG L 23
2024-02-28 14:07:17,324 WARNING:biomolecule.py:157:num_missing_heavy:Missing atom NH2 in residue ARG L 23
2024-02-28 14:07:17,325 WARNING:biomolecule.py:157:num_missing_heavy:Missing atom CG in residue ARG L 186
2024-02-28 14:07:17,325 WARNING:biomolecule.py:157:num_missing_heavy:Missing atom CD in residue ARG L 186
2024-02-28 14:07:17,325 WARNING:biomolecule.py:157:num_missing_heavy:Missing atom NE in residue ARG L 186
2024-02-28 14:07:17,325 WARNING:biomolecule.py:157:num_missing_heavy:Missing atom CZ in residue ARG L 186
2024-02-28 14:07:17,325 WARNING:biomolecule.py:157:num_missing_heavy:Missing atom NH1 in residue ARG L 186
2024-02-28 14:07:17,325 WARNING:biomolecule.py:157:num_missing_heavy:Missing atom NH2 in residue ARG L 186
2024-02-28 14:07:17,325 WARNING:biomolecule.py:157:num_missing_heavy:Missing atom CG in residue GLU L 189
2024-02-28 14:07:17,325 WARNING:biomolecule.py:157:num_missing_heavy:Missing atom CD in residue GLU L 189
2024-02-28 14:07:17,325 WARNING:biomolecule.py:157:num_missing_heavy:Missing atom OE1 in residue GLU L 189
2024-02-28 14:07:17,325 WARNING:biomolecule.py:157:num_missing_heavy:Missing atom OE2 in residue GLU L 189
2024-02-28 14:07:17,325 WARNING:biomolecule.py:157:num_missing_heavy:Missing atom CG in residue ARG L 190
2024-02-28 14:07:17,325 WARNING:biomolecule.py:157:num_missing_heavy:Missing atom CD in residue ARG L 190
2024-02-28 14:07:17,325 WARNING:biomolecule.py:157:num_missing_heavy:Missing atom NE in residue ARG L 190
2024-02-28 14:07:17,325 WARNING:biomolecule.py:157:num_missing_heavy:Missing atom CZ in residue ARG L 190
2024-02-28 14:07:17,325 WARNING:biomolecule.py:157:num_missing_heavy:Missing atom NH1 in residue ARG L 190
2024-02-28 14:07:17,325 WARNING:biomolecule.py:157:num_missing_heavy:Missing atom NH2 in residue ARG L 190
2024-02-28 14:07:17,325 WARNING:biomolecule.py:157:num_missing_heavy:Missing atom CG in residue HIS L 203
2024-02-28 14:07:17,325 WARNING:biomolecule.py:157:num_missing_heavy:Missing atom ND1 in residue HIS L 203
2024-02-28 14:07:17,325 WARNING:biomolecule.py:157:num_missing_heavy:Missing atom CD2 in residue HIS L 203
2024-02-28 14:07:17,325 WARNING:biomolecule.py:157:num_missing_heavy:Missing atom CE1 in residue HIS L 203
2024-02-28 14:07:17,325 WARNING:biomolecule.py:157:num_missing_heavy:Missing atom NE2 in residue HIS L 203
2024-02-28 14:07:17,325 WARNING:biomolecule.py:157:num_missing_heavy:Missing atom CG in residue GLU H 5
2024-02-28 14:07:17,326 WARNING:biomolecule.py:157:num_missing_heavy:Missing atom CD in residue GLU H 5
2024-02-28 14:07:17,326 WARNING:biomolecule.py:157:num_missing_heavy:Missing atom OE1 in residue GLU H 5
2024-02-28 14:07:17,326 WARNING:biomolecule.py:157:num_missing_heavy:Missing atom OE2 in residue GLU H 5
2024-02-28 14:07:17,326 WARNING:biomolecule.py:157:num_missing_heavy:Missing atom CG in residue ARG H 44
2024-02-28 14:07:17,326 WARNING:biomolecule.py:157:num_missing_heavy:Missing atom CD in residue ARG H 44
2024-02-28 14:07:17,326 WARNING:biomolecule.py:157:num_missing_heavy:Missing atom NE in residue ARG H 44
2024-02-28 14:07:17,326 WARNING:biomolecule.py:157:num_missing_heavy:Missing atom CZ in residue ARG H 44
2024-02-28 14:07:17,326 WARNING:biomolecule.py:157:num_missing_heavy:Missing atom NH1 in residue ARG H 44
2024-02-28 14:07:17,326 WARNING:biomolecule.py:157:num_missing_heavy:Missing atom NH2 in residue ARG H 44
2024-02-28 14:07:17,326 WARNING:biomolecule.py:157:num_missing_heavy:Missing atom CG in residue ARG H 57
2024-02-28 14:07:17,326 WARNING:biomolecule.py:157:num_missing_heavy:Missing atom CD in residue ARG H 57
2024-02-28 14:07:17,326 WARNING:biomolecule.py:157:num_missing_heavy:Missing atom NE in residue ARG H 57
2024-02-28 14:07:17,326 WARNING:biomolecule.py:157:num_missing_heavy:Missing atom CZ in residue ARG H 57
2024-02-28 14:07:17,326 WARNING:biomolecule.py:157:num_missing_heavy:Missing atom NH1 in residue ARG H 57
2024-02-28 14:07:17,326 WARNING:biomolecule.py:157:num_missing_heavy:Missing atom NH2 in residue ARG H 57
2024-02-28 14:07:17,326 WARNING:biomolecule.py:157:num_missing_heavy:Missing atom CG in residue LYS H 65
2024-02-28 14:07:17,326 WARNING:biomolecule.py:157:num_missing_heavy:Missing atom CD in residue LYS H 65
2024-02-28 14:07:17,326 WARNING:biomolecule.py:157:num_missing_heavy:Missing atom CE in residue LYS H 65
2024-02-28 14:07:17,326 WARNING:biomolecule.py:157:num_missing_heavy:Missing atom NZ in residue LYS H 65
2024-02-28 14:07:17,327 WARNING:biomolecule.py:157:num_missing_heavy:Missing atom CG in residue ARG H 109
2024-02-28 14:07:17,327 WARNING:biomolecule.py:157:num_missing_heavy:Missing atom CD in residue ARG H 109
2024-02-28 14:07:17,327 WARNING:biomolecule.py:157:num_missing_heavy:Missing atom NE in residue ARG H 109
2024-02-28 14:07:17,327 WARNING:biomolecule.py:157:num_missing_heavy:Missing atom CZ in residue ARG H 109
2024-02-28 14:07:17,327 WARNING:biomolecule.py:157:num_missing_heavy:Missing atom NH1 in residue ARG H 109
2024-02-28 14:07:17,327 WARNING:biomolecule.py:157:num_missing_heavy:Missing atom NH2 in residue ARG H 109
2024-02-28 14:07:17,327 WARNING:biomolecule.py:157:num_missing_heavy:Missing atom CG in residue LYS H 119
2024-02-28 14:07:17,327 WARNING:biomolecule.py:157:num_missing_heavy:Missing atom CD in residue LYS H 119
2024-02-28 14:07:17,327 WARNING:biomolecule.py:157:num_missing_heavy:Missing atom CE in residue LYS H 119
2024-02-28 14:07:17,327 WARNING:biomolecule.py:157:num_missing_heavy:Missing atom NZ in residue LYS H 119
2024-02-28 14:07:17,327 WARNING:biomolecule.py:157:num_missing_heavy:Missing atom CG in residue GLU H 195
2024-02-28 14:07:17,327 WARNING:biomolecule.py:157:num_missing_heavy:Missing atom CD in residue GLU H 195
2024-02-28 14:07:17,327 WARNING:biomolecule.py:157:num_missing_heavy:Missing atom OE1 in residue GLU H 195
2024-02-28 14:07:17,327 WARNING:biomolecule.py:157:num_missing_heavy:Missing atom OE2 in residue GLU H 195
2024-02-28 14:07:17,327 WARNING:biomolecule.py:157:num_missing_heavy:Missing atom CG in residue LYS H 209
2024-02-28 14:07:17,328 WARNING:biomolecule.py:157:num_missing_heavy:Missing atom CD in residue LYS H 209
2024-02-28 14:07:17,328 WARNING:biomolecule.py:157:num_missing_heavy:Missing atom CE in residue LYS H 209
2024-02-28 14:07:17,328 WARNING:biomolecule.py:157:num_missing_heavy:Missing atom NZ in residue LYS H 209
2024-02-28 14:07:17,328 WARNING:biomolecule.py:157:num_missing_heavy:Missing atom CG in residue ARG L 23
2024-02-28 14:07:17,328 WARNING:biomolecule.py:157:num_missing_heavy:Missing atom CD in residue ARG L 23
2024-02-28 14:07:17,328 WARNING:biomolecule.py:157:num_missing_heavy:Missing atom NE in residue ARG L 23
2024-02-28 14:07:17,328 WARNING:biomolecule.py:157:num_missing_heavy:Missing atom CZ in residue ARG L 23
2024-02-28 14:07:17,328 WARNING:biomolecule.py:157:num_missing_heavy:Missing atom NH1 in residue ARG L 23
2024-02-28 14:07:17,328 WARNING:biomolecule.py:157:num_missing_heavy:Missing atom NH2 in residue ARG L 23
2024-02-28 14:07:17,329 WARNING:biomolecule.py:157:num_missing_heavy:Missing atom CG in residue ARG L 186
2024-02-28 14:07:17,329 WARNING:biomolecule.py:157:num_missing_heavy:Missing atom CD in residue ARG L 186
2024-02-28 14:07:17,329 WARNING:biomolecule.py:157:num_missing_heavy:Missing atom NE in residue ARG L 186
2024-02-28 14:07:17,329 WARNING:biomolecule.py:157:num_missing_heavy:Missing atom CZ in residue ARG L 186
2024-02-28 14:07:17,329 WARNING:biomolecule.py:157:num_missing_heavy:Missing atom NH1 in residue ARG L 186
2024-02-28 14:07:17,329 WARNING:biomolecule.py:157:num_missing_heavy:Missing atom NH2 in residue ARG L 186
2024-02-28 14:07:17,329 WARNING:biomolecule.py:157:num_missing_heavy:Missing atom CG in residue GLU L 189
2024-02-28 14:07:17,329 WARNING:biomolecule.py:157:num_missing_heavy:Missing atom CD in residue GLU L 189
2024-02-28 14:07:17,329 WARNING:biomolecule.py:157:num_missing_heavy:Missing atom OE1 in residue GLU L 189
2024-02-28 14:07:17,329 WARNING:biomolecule.py:157:num_missing_heavy:Missing atom OE2 in residue GLU L 189
2024-02-28 14:07:17,329 WARNING:biomolecule.py:157:num_missing_heavy:Missing atom CG in residue ARG L 190
2024-02-28 14:07:17,345 WARNING:biomolecule.py:157:num_missing_heavy:Missing atom CD in residue ARG L 190
2024-02-28 14:07:17,345 WARNING:biomolecule.py:157:num_missing_heavy:Missing atom NE in residue ARG L 190
2024-02-28 14:07:17,345 WARNING:biomolecule.py:157:num_missing_heavy:Missing atom CZ in residue ARG L 190
2024-02-28 14:07:17,345 WARNING:biomolecule.py:157:num_missing_heavy:Missing atom NH1 in residue ARG L 190
2024-02-28 14:07:17,345 WARNING:biomolecule.py:157:num_missing_heavy:Missing atom NH2 in residue ARG L 190
2024-02-28 14:07:17,345 WARNING:biomolecule.py:157:num_missing_heavy:Missing atom CG in residue HIS L 203
2024-02-28 14:07:17,345 WARNING:biomolecule.py:157:num_missing_heavy:Missing atom ND1 in residue HIS L 203
2024-02-28 14:07:17,346 WARNING:biomolecule.py:157:num_missing_heavy:Missing atom CD2 in residue HIS L 203
2024-02-28 14:07:17,346 WARNING:biomolecule.py:157:num_missing_heavy:Missing atom CE1 in residue HIS L 203
2024-02-28 14:07:17,346 WARNING:biomolecule.py:157:num_missing_heavy:Missing atom NE2 in residue HIS L 203
2024-02-28 14:07:17,346 WARNING:biomolecule.py:157:num_missing_heavy:Missing atom CG in residue GLU H 5
2024-02-28 14:07:17,346 WARNING:biomolecule.py:157:num_missing_heavy:Missing atom CD in residue GLU H 5
2024-02-28 14:07:17,346 WARNING:biomolecule.py:157:num_missing_heavy:Missing atom OE1 in residue GLU H 5
2024-02-28 14:07:17,346 WARNING:biomolecule.py:157:num_missing_heavy:Missing atom OE2 in residue GLU H 5
2024-02-28 14:07:17,346 WARNING:biomolecule.py:157:num_missing_heavy:Missing atom CG in residue ARG H 44
2024-02-28 14:07:17,346 WARNING:biomolecule.py:157:num_missing_heavy:Missing atom CD in residue ARG H 44
2024-02-28 14:07:17,346 WARNING:biomolecule.py:157:num_missing_heavy:Missing atom NE in residue ARG H 44
2024-02-28 14:07:17,346 WARNING:biomolecule.py:157:num_missing_heavy:Missing atom CZ in residue ARG H 44
2024-02-28 14:07:17,347 WARNING:biomolecule.py:157:num_missing_heavy:Missing atom NH1 in residue ARG H 44
2024-02-28 14:07:17,347 WARNING:biomolecule.py:157:num_missing_heavy:Missing atom NH2 in residue ARG H 44
2024-02-28 14:07:17,347 WARNING:biomolecule.py:157:num_missing_heavy:Missing atom CG in residue ARG H 57
2024-02-28 14:07:17,347 WARNING:biomolecule.py:157:num_missing_heavy:Missing atom CD in residue ARG H 57
2024-02-28 14:07:17,347 WARNING:biomolecule.py:157:num_missing_heavy:Missing atom NE in residue ARG H 57
2024-02-28 14:07:17,347 WARNING:biomolecule.py:157:num_missing_heavy:Missing atom CZ in residue ARG H 57
2024-02-28 14:07:17,347 WARNING:biomolecule.py:157:num_missing_heavy:Missing atom NH1 in residue ARG H 57
2024-02-28 14:07:17,347 WARNING:biomolecule.py:157:num_missing_heavy:Missing atom NH2 in residue ARG H 57
2024-02-28 14:07:17,347 WARNING:biomolecule.py:157:num_missing_heavy:Missing atom CG in residue LYS H 65
2024-02-28 14:07:17,347 WARNING:biomolecule.py:157:num_missing_heavy:Missing atom CD in residue LYS H 65
2024-02-28 14:07:17,347 WARNING:biomolecule.py:157:num_missing_heavy:Missing atom CE in residue LYS H 65
2024-02-28 14:07:17,347 WARNING:biomolecule.py:157:num_missing_heavy:Missing atom NZ in residue LYS H 65
2024-02-28 14:07:17,347 WARNING:biomolecule.py:157:num_missing_heavy:Missing atom CG in residue ARG H 109
2024-02-28 14:07:17,347 WARNING:biomolecule.py:157:num_missing_heavy:Missing atom CD in residue ARG H 109
2024-02-28 14:07:17,347 WARNING:biomolecule.py:157:num_missing_heavy:Missing atom NE in residue ARG H 109
2024-02-28 14:07:17,347 WARNING:biomolecule.py:157:num_missing_heavy:Missing atom CZ in residue ARG H 109
2024-02-28 14:07:17,347 WARNING:biomolecule.py:157:num_missing_heavy:Missing atom NH1 in residue ARG H 109
2024-02-28 14:07:17,347 WARNING:biomolecule.py:157:num_missing_heavy:Missing atom NH2 in residue ARG H 109
2024-02-28 14:07:17,348 WARNING:biomolecule.py:157:num_missing_heavy:Missing atom CG in residue LYS H 119
2024-02-28 14:07:17,348 WARNING:biomolecule.py:157:num_missing_heavy:Missing atom CD in residue LYS H 119
2024-02-28 14:07:17,348 WARNING:biomolecule.py:157:num_missing_heavy:Missing atom CE in residue LYS H 119
2024-02-28 14:07:17,348 WARNING:biomolecule.py:157:num_missing_heavy:Missing atom NZ in residue LYS H 119
2024-02-28 14:07:17,348 WARNING:biomolecule.py:157:num_missing_heavy:Missing atom CG in residue GLU H 195
2024-02-28 14:07:17,348 WARNING:biomolecule.py:157:num_missing_heavy:Missing atom CD in residue GLU H 195
2024-02-28 14:07:17,348 WARNING:biomolecule.py:157:num_missing_heavy:Missing atom OE1 in residue GLU H 195
2024-02-28 14:07:17,348 WARNING:biomolecule.py:157:num_missing_heavy:Missing atom OE2 in residue GLU H 195
2024-02-28 14:07:17,348 WARNING:biomolecule.py:157:num_missing_heavy:Missing atom CG in residue LYS H 209
2024-02-28 14:07:17,348 WARNING:biomolecule.py:157:num_missing_heavy:Missing atom CD in residue LYS H 209
2024-02-28 14:07:17,348 WARNING:biomolecule.py:157:num_missing_heavy:Missing atom CE in residue LYS H 209
2024-02-28 14:07:17,348 WARNING:biomolecule.py:157:num_missing_heavy:Missing atom NZ in residue LYS H 209
2024-02-28 14:07:17,349 WARNING:biomolecule.py:157:num_missing_heavy:Missing atom CG in residue ARG L 23
2024-02-28 14:07:17,349 WARNING:biomolecule.py:157:num_missing_heavy:Missing atom CD in residue ARG L 23
2024-02-28 14:07:17,349 WARNING:biomolecule.py:157:num_missing_heavy:Missing atom NE in residue ARG L 23
2024-02-28 14:07:17,349 WARNING:biomolecule.py:157:num_missing_heavy:Missing atom CZ in residue ARG L 23
2024-02-28 14:07:17,349 WARNING:biomolecule.py:157:num_missing_heavy:Missing atom NH1 in residue ARG L 23
2024-02-28 14:07:17,349 WARNING:biomolecule.py:157:num_missing_heavy:Missing atom NH2 in residue ARG L 23
2024-02-28 14:07:17,349 WARNING:biomolecule.py:157:num_missing_heavy:Missing atom CG in residue ARG L 186
2024-02-28 14:07:17,350 WARNING:biomolecule.py:157:num_missing_heavy:Missing atom CD in residue ARG L 186
2024-02-28 14:07:17,350 WARNING:biomolecule.py:157:num_missing_heavy:Missing atom NE in residue ARG L 186
2024-02-28 14:07:17,350 WARNING:biomolecule.py:157:num_missing_heavy:Missing atom CZ in residue ARG L 186
2024-02-28 14:07:17,350 WARNING:biomolecule.py:157:num_missing_heavy:Missing atom NH1 in residue ARG L 186
2024-02-28 14:07:17,350 WARNING:biomolecule.py:157:num_missing_heavy:Missing atom NH2 in residue ARG L 186
2024-02-28 14:07:17,350 WARNING:biomolecule.py:157:num_missing_heavy:Missing atom CG in residue GLU L 189
2024-02-28 14:07:17,350 WARNING:biomolecule.py:157:num_missing_heavy:Missing atom CD in residue GLU L 189
2024-02-28 14:07:17,350 WARNING:biomolecule.py:157:num_missing_heavy:Missing atom OE1 in residue GLU L 189
2024-02-28 14:07:17,350 WARNING:biomolecule.py:157:num_missing_heavy:Missing atom OE2 in residue GLU L 189
2024-02-28 14:07:17,350 WARNING:biomolecule.py:157:num_missing_heavy:Missing atom CG in residue ARG L 190
2024-02-28 14:07:17,350 WARNING:biomolecule.py:157:num_missing_heavy:Missing atom CD in residue ARG L 190
2024-02-28 14:07:17,350 WARNING:biomolecule.py:157:num_missing_heavy:Missing atom NE in residue ARG L 190
2024-02-28 14:07:17,350 WARNING:biomolecule.py:157:num_missing_heavy:Missing atom CZ in residue ARG L 190
2024-02-28 14:07:17,350 WARNING:biomolecule.py:157:num_missing_heavy:Missing atom NH1 in residue ARG L 190
2024-02-28 14:07:17,350 WARNING:biomolecule.py:157:num_missing_heavy:Missing atom NH2 in residue ARG L 190
2024-02-28 14:07:17,350 WARNING:biomolecule.py:157:num_missing_heavy:Missing atom CG in residue HIS L 203
2024-02-28 14:07:17,350 WARNING:biomolecule.py:157:num_missing_heavy:Missing atom ND1 in residue HIS L 203
2024-02-28 14:07:17,350 WARNING:biomolecule.py:157:num_missing_heavy:Missing atom CD2 in residue HIS L 203
2024-02-28 14:07:17,350 WARNING:biomolecule.py:157:num_missing_heavy:Missing atom CE1 in residue HIS L 203
2024-02-28 14:07:17,350 WARNING:biomolecule.py:157:num_missing_heavy:Missing atom NE2 in residue HIS L 203
2024-02-28 14:07:19,714 WARNING:main.py:311:print_pqr:Ignoring 1424 header lines in output.
2024-02-28 14:07:19,714 WARNING:main.py:315:print_pqr:Ignoring 20 missing lines in output.
