2024-02-28 14:07:17,763 WARNING:biomolecule.py:992:create_residue:Unable to find amino or nucleic acid definition for JCL.  Parsing as new residue.
2024-02-28 14:07:18,185 WARNING:biomolecule.py:992:create_residue:Unable to find amino or nucleic acid definition for K.  Parsing as new residue.
2024-02-28 14:07:18,185 WARNING:biomolecule.py:992:create_residue:Unable to find amino or nucleic acid definition for K.  Parsing as new residue.
2024-02-28 14:07:18,185 WARNING:biomolecule.py:992:create_residue:Unable to find amino or nucleic acid definition for K.  Parsing as new residue.
2024-02-28 14:07:18,185 WARNING:biomolecule.py:992:create_residue:Unable to find amino or nucleic acid definition for K.  Parsing as new residue.
2024-02-28 14:07:18,186 WARNING:biomolecule.py:992:create_residue:Unable to find amino or nucleic acid definition for ACT.  Parsing as new residue.
2024-02-28 14:07:18,186 WARNING:biomolecule.py:992:create_residue:Unable to find amino or nucleic acid definition for MPD.  Parsing as new residue.
2024-02-28 14:07:18,186 WARNING:biomolecule.py:992:create_residue:Unable to find amino or nucleic acid definition for MPD.  Parsing as new residue.
2024-02-28 14:07:18,186 WARNING:biomolecule.py:992:create_residue:Unable to find amino or nucleic acid definition for ACT.  Parsing as new residue.
2024-02-28 14:07:18,186 WARNING:io.py:40:filter:Suppressing further "Unable to find amino or nucleic acid definition for" messages
2024-02-28 14:07:18,290 WARNING:biomolecule.py:157:num_missing_heavy:Missing atom OXT in residue SER A 160
2024-02-28 14:07:18,291 WARNING:biomolecule.py:157:num_missing_heavy:Missing atom OXT in residue SER B 160
2024-02-28 14:07:18,291 WARNING:biomolecule.py:157:num_missing_heavy:Missing atom OXT in residue SER C 160
2024-02-28 14:07:18,834 WARNING:biomolecule.py:157:num_missing_heavy:Missing atom OXT in residue SER D 160
2024-02-28 14:07:18,836 WARNING:biomolecule.py:157:num_missing_heavy:Missing atom OXT in residue SER E 160
2024-02-28 14:07:19,110 WARNING:biomolecule.py:157:num_missing_heavy:Missing atom OXT in residue SER A 160
2024-02-28 14:07:19,111 WARNING:biomolecule.py:157:num_missing_heavy:Missing atom OXT in residue SER B 160
2024-02-28 14:07:19,111 WARNING:biomolecule.py:157:num_missing_heavy:Missing atom OXT in residue SER C 160
2024-02-28 14:07:19,112 WARNING:biomolecule.py:157:num_missing_heavy:Missing atom OXT in residue SER D 160
2024-02-28 14:07:19,113 WARNING:biomolecule.py:157:num_missing_heavy:Missing atom OXT in residue SER E 160
2024-02-28 14:07:19,113 WARNING:biomolecule.py:157:num_missing_heavy:Missing atom OXT in residue SER A 160
2024-02-28 14:07:19,114 WARNING:biomolecule.py:157:num_missing_heavy:Missing atom OXT in residue SER B 160
2024-02-28 14:07:19,114 WARNING:biomolecule.py:157:num_missing_heavy:Missing atom OXT in residue SER C 160
2024-02-28 14:07:19,115 WARNING:biomolecule.py:157:num_missing_heavy:Missing atom OXT in residue SER D 160
2024-02-28 14:07:19,115 WARNING:biomolecule.py:157:num_missing_heavy:Missing atom OXT in residue SER E 160
2024-02-28 14:07:23,032 WARNING:main.py:311:print_pqr:Ignoring 6826 header lines in output.
2024-02-28 14:07:23,032 WARNING:main.py:315:print_pqr:Ignoring 182 missing lines in output.
