2024-02-28 14:07:13,400 WARNING:biomolecule.py:992:create_residue:Unable to find amino or nucleic acid definition for KCX.  Parsing as new residue.
2024-02-28 14:07:13,408 WARNING:biomolecule.py:992:create_residue:Unable to find amino or nucleic acid definition for KCX.  Parsing as new residue.
2024-02-28 14:07:13,409 WARNING:biomolecule.py:992:create_residue:Unable to find amino or nucleic acid definition for EA1.  Parsing as new residue.
2024-02-28 14:07:13,409 WARNING:biomolecule.py:992:create_residue:Unable to find amino or nucleic acid definition for BME.  Parsing as new residue.
2024-02-28 14:07:13,409 WARNING:biomolecule.py:992:create_residue:Unable to find amino or nucleic acid definition for EA1.  Parsing as new residue.
2024-02-28 14:07:13,409 WARNING:biomolecule.py:992:create_residue:Unable to find amino or nucleic acid definition for BME.  Parsing as new residue.
2024-02-28 14:07:13,426 WARNING:biomolecule.py:157:num_missing_heavy:Missing atom N in residue VAL A 1
2024-02-28 14:07:13,427 WARNING:biomolecule.py:157:num_missing_heavy:Missing atom CA in residue VAL A 1
2024-02-28 14:07:13,427 WARNING:biomolecule.py:157:num_missing_heavy:Missing atom CB in residue VAL A 1
2024-02-28 14:07:13,427 WARNING:biomolecule.py:157:num_missing_heavy:Missing atom CG1 in residue VAL A 1
2024-02-28 14:07:13,427 WARNING:biomolecule.py:157:num_missing_heavy:Missing atom CG2 in residue VAL A 1
2024-02-28 14:07:13,427 WARNING:biomolecule.py:157:num_missing_heavy:Missing atom CG in residue LYS A 18
2024-02-28 14:07:13,428 WARNING:biomolecule.py:157:num_missing_heavy:Missing atom CD in residue LYS A 18
2024-02-28 14:07:13,428 WARNING:biomolecule.py:157:num_missing_heavy:Missing atom CE in residue LYS A 18
2024-02-28 14:07:13,428 WARNING:biomolecule.py:157:num_missing_heavy:Missing atom NZ in residue LYS A 18
2024-02-28 14:07:13,429 WARNING:biomolecule.py:157:num_missing_heavy:Missing atom CE in residue LYS A 30
2024-02-28 14:07:13,429 WARNING:biomolecule.py:157:num_missing_heavy:Missing atom NZ in residue LYS A 30
2024-02-28 14:07:13,429 WARNING:biomolecule.py:157:num_missing_heavy:Missing atom CD in residue LYS A 44
2024-02-28 14:07:13,429 WARNING:biomolecule.py:157:num_missing_heavy:Missing atom CE in residue LYS A 44
2024-02-28 14:07:13,430 WARNING:biomolecule.py:157:num_missing_heavy:Missing atom NZ in residue LYS A 44
2024-02-28 14:07:13,430 WARNING:biomolecule.py:157:num_missing_heavy:Missing atom CD in residue LYS A 50
2024-02-28 14:07:13,430 WARNING:biomolecule.py:157:num_missing_heavy:Missing atom CE in residue LYS A 50
2024-02-28 14:07:13,430 WARNING:biomolecule.py:157:num_missing_heavy:Missing atom NZ in residue LYS A 50
2024-02-28 14:07:13,430 WARNING:biomolecule.py:157:num_missing_heavy:Missing atom NZ in residue LYS A 71
2024-02-28 14:07:13,431 WARNING:biomolecule.py:157:num_missing_heavy:Missing atom OE1 in residue GLU A 76
2024-02-28 14:07:13,431 WARNING:biomolecule.py:157:num_missing_heavy:Missing atom OE2 in residue GLU A 76
2024-02-28 14:07:13,431 WARNING:biomolecule.py:157:num_missing_heavy:Missing atom CE in residue LYS A 106
2024-02-28 14:07:13,431 WARNING:biomolecule.py:157:num_missing_heavy:Missing atom NZ in residue LYS A 106
2024-02-28 14:07:13,432 WARNING:biomolecule.py:157:num_missing_heavy:Missing atom CD in residue LYS A 151
2024-02-28 14:07:13,432 WARNING:biomolecule.py:157:num_missing_heavy:Missing atom CE in residue LYS A 151
2024-02-28 14:07:13,432 WARNING:biomolecule.py:157:num_missing_heavy:Missing atom NZ in residue LYS A 151
2024-02-28 14:07:13,432 WARNING:biomolecule.py:157:num_missing_heavy:Missing atom CD in residue LYS A 159
2024-02-28 14:07:13,432 WARNING:biomolecule.py:157:num_missing_heavy:Missing atom CE in residue LYS A 159
2024-02-28 14:07:13,432 WARNING:biomolecule.py:157:num_missing_heavy:Missing atom NZ in residue LYS A 159
2024-02-28 14:07:13,432 WARNING:biomolecule.py:157:num_missing_heavy:Missing atom OXT in residue LEU A 216
2024-02-28 14:07:13,433 WARNING:biomolecule.py:157:num_missing_heavy:Missing atom CG in residue LYS B 44
2024-02-28 14:07:13,433 WARNING:biomolecule.py:157:num_missing_heavy:Missing atom CD in residue LYS B 44
2024-02-28 14:07:13,433 WARNING:biomolecule.py:157:num_missing_heavy:Missing atom CE in residue LYS B 44
2024-02-28 14:07:13,433 WARNING:biomolecule.py:157:num_missing_heavy:Missing atom NZ in residue LYS B 44
2024-02-28 14:07:13,434 WARNING:biomolecule.py:157:num_missing_heavy:Missing atom OE1 in residue GLU B 76
2024-02-28 14:07:13,434 WARNING:biomolecule.py:157:num_missing_heavy:Missing atom OE2 in residue GLU B 76
2024-02-28 14:07:13,434 WARNING:biomolecule.py:157:num_missing_heavy:Missing atom NZ in residue LYS B 106
2024-02-28 14:07:13,434 WARNING:biomolecule.py:157:num_missing_heavy:Missing atom CD in residue LYS B 127
2024-02-28 14:07:13,435 WARNING:biomolecule.py:157:num_missing_heavy:Missing atom CE in residue LYS B 127
2024-02-28 14:07:13,435 WARNING:biomolecule.py:157:num_missing_heavy:Missing atom NZ in residue LYS B 127
2024-02-28 14:07:13,435 WARNING:biomolecule.py:157:num_missing_heavy:Missing atom CD in residue LYS B 159
2024-02-28 14:07:13,435 WARNING:biomolecule.py:157:num_missing_heavy:Missing atom CE in residue LYS B 159
2024-02-28 14:07:13,435 WARNING:biomolecule.py:157:num_missing_heavy:Missing atom NZ in residue LYS B 159
2024-02-28 14:07:13,435 WARNING:biomolecule.py:157:num_missing_heavy:Missing atom CG in residue GLU B 165
2024-02-28 14:07:13,436 WARNING:biomolecule.py:157:num_missing_heavy:Missing atom CD in residue GLU B 165
2024-02-28 14:07:13,436 WARNING:biomolecule.py:157:num_missing_heavy:Missing atom OE1 in residue GLU B 165
2024-02-28 14:07:13,436 WARNING:biomolecule.py:157:num_missing_heavy:Missing atom OE2 in residue GLU B 165
2024-02-28 14:07:13,436 WARNING:biomolecule.py:157:num_missing_heavy:Missing atom CG in residue GLU B 190
2024-02-28 14:07:13,436 WARNING:biomolecule.py:157:num_missing_heavy:Missing atom CD in residue GLU B 190
2024-02-28 14:07:13,437 WARNING:biomolecule.py:157:num_missing_heavy:Missing atom OE1 in residue GLU B 190
2024-02-28 14:07:13,437 WARNING:biomolecule.py:157:num_missing_heavy:Missing atom OE2 in residue GLU B 190
2024-02-28 14:07:13,437 WARNING:biomolecule.py:157:num_missing_heavy:Missing atom CG in residue ASN B 191
2024-02-28 14:07:13,437 WARNING:biomolecule.py:157:num_missing_heavy:Missing atom OD1 in residue ASN B 191
2024-02-28 14:07:13,437 WARNING:biomolecule.py:157:num_missing_heavy:Missing atom ND2 in residue ASN B 191
2024-02-28 14:07:13,437 WARNING:biomolecule.py:157:num_missing_heavy:Missing atom OXT in residue LEU B 216
2024-02-28 14:07:13,437 WARNING:biomolecule.py:157:num_missing_heavy:Missing atom N in residue VAL A 1
2024-02-28 14:07:13,437 WARNING:biomolecule.py:157:num_missing_heavy:Missing atom CA in residue VAL A 1
2024-02-28 14:07:13,437 WARNING:biomolecule.py:157:num_missing_heavy:Missing atom CB in residue VAL A 1
2024-02-28 14:07:13,437 WARNING:biomolecule.py:157:num_missing_heavy:Missing atom CG1 in residue VAL A 1
2024-02-28 14:07:13,437 WARNING:biomolecule.py:157:num_missing_heavy:Missing atom CG2 in residue VAL A 1
2024-02-28 14:07:13,437 WARNING:biomolecule.py:157:num_missing_heavy:Missing atom CG in residue LYS A 18
2024-02-28 14:07:13,437 WARNING:biomolecule.py:157:num_missing_heavy:Missing atom CD in residue LYS A 18
2024-02-28 14:07:13,438 WARNING:biomolecule.py:157:num_missing_heavy:Missing atom CE in residue LYS A 18
2024-02-28 14:07:13,438 WARNING:biomolecule.py:157:num_missing_heavy:Missing atom NZ in residue LYS A 18
2024-02-28 14:07:13,438 WARNING:biomolecule.py:157:num_missing_heavy:Missing atom CE in residue LYS A 30
2024-02-28 14:07:13,438 WARNING:biomolecule.py:157:num_missing_heavy:Missing atom NZ in residue LYS A 30
2024-02-28 14:07:13,438 WARNING:biomolecule.py:157:num_missing_heavy:Missing atom CD in residue LYS A 44
2024-02-28 14:07:13,438 WARNING:biomolecule.py:157:num_missing_heavy:Missing atom CE in residue LYS A 44
2024-02-28 14:07:13,439 WARNING:biomolecule.py:157:num_missing_heavy:Missing atom NZ in residue LYS A 44
2024-02-28 14:07:13,439 WARNING:biomolecule.py:157:num_missing_heavy:Missing atom CD in residue LYS A 50
2024-02-28 14:07:13,439 WARNING:biomolecule.py:157:num_missing_heavy:Missing atom CE in residue LYS A 50
2024-02-28 14:07:13,439 WARNING:biomolecule.py:157:num_missing_heavy:Missing atom NZ in residue LYS A 50
2024-02-28 14:07:13,439 WARNING:biomolecule.py:157:num_missing_heavy:Missing atom NZ in residue LYS A 71
2024-02-28 14:07:13,439 WARNING:biomolecule.py:157:num_missing_heavy:Missing atom OE1 in residue GLU A 76
2024-02-28 14:07:13,439 WARNING:biomolecule.py:157:num_missing_heavy:Missing atom OE2 in residue GLU A 76
2024-02-28 14:07:13,439 WARNING:biomolecule.py:157:num_missing_heavy:Missing atom CE in residue LYS A 106
2024-02-28 14:07:13,440 WARNING:biomolecule.py:157:num_missing_heavy:Missing atom NZ in residue LYS A 106
2024-02-28 14:07:13,440 WARNING:biomolecule.py:157:num_missing_heavy:Missing atom CD in residue LYS A 151
2024-02-28 14:07:13,440 WARNING:biomolecule.py:157:num_missing_heavy:Missing atom CE in residue LYS A 151
2024-02-28 14:07:13,440 WARNING:biomolecule.py:157:num_missing_heavy:Missing atom NZ in residue LYS A 151
2024-02-28 14:07:13,440 WARNING:biomolecule.py:157:num_missing_heavy:Missing atom CD in residue LYS A 159
2024-02-28 14:07:13,440 WARNING:biomolecule.py:157:num_missing_heavy:Missing atom CE in residue LYS A 159
2024-02-28 14:07:13,441 WARNING:biomolecule.py:157:num_missing_heavy:Missing atom NZ in residue LYS A 159
2024-02-28 14:07:13,441 WARNING:biomolecule.py:157:num_missing_heavy:Missing atom OXT in residue LEU A 216
2024-02-28 14:07:13,441 WARNING:biomolecule.py:157:num_missing_heavy:Missing atom CG in residue LYS B 44
2024-02-28 14:07:13,441 WARNING:biomolecule.py:157:num_missing_heavy:Missing atom CD in residue LYS B 44
2024-02-28 14:07:13,442 WARNING:biomolecule.py:157:num_missing_heavy:Missing atom CE in residue LYS B 44
2024-02-28 14:07:13,442 WARNING:biomolecule.py:157:num_missing_heavy:Missing atom NZ in residue LYS B 44
2024-02-28 14:07:13,442 WARNING:biomolecule.py:157:num_missing_heavy:Missing atom OE1 in residue GLU B 76
2024-02-28 14:07:13,442 WARNING:biomolecule.py:157:num_missing_heavy:Missing atom OE2 in residue GLU B 76
2024-02-28 14:07:13,442 WARNING:biomolecule.py:157:num_missing_heavy:Missing atom NZ in residue LYS B 106
2024-02-28 14:07:13,443 WARNING:biomolecule.py:157:num_missing_heavy:Missing atom CD in residue LYS B 127
2024-02-28 14:07:13,443 WARNING:biomolecule.py:157:num_missing_heavy:Missing atom CE in residue LYS B 127
2024-02-28 14:07:13,443 WARNING:biomolecule.py:157:num_missing_heavy:Missing atom NZ in residue LYS B 127
2024-02-28 14:07:13,443 WARNING:biomolecule.py:157:num_missing_heavy:Missing atom CD in residue LYS B 159
2024-02-28 14:07:13,444 WARNING:biomolecule.py:157:num_missing_heavy:Missing atom CE in residue LYS B 159
2024-02-28 14:07:13,444 WARNING:biomolecule.py:157:num_missing_heavy:Missing atom NZ in residue LYS B 159
2024-02-28 14:07:13,444 WARNING:biomolecule.py:157:num_missing_heavy:Missing atom CG in residue GLU B 165
2024-02-28 14:07:13,444 WARNING:biomolecule.py:157:num_missing_heavy:Missing atom CD in residue GLU B 165
2024-02-28 14:07:13,445 WARNING:biomolecule.py:157:num_missing_heavy:Missing atom OE1 in residue GLU B 165
2024-02-28 14:07:13,445 WARNING:biomolecule.py:157:num_missing_heavy:Missing atom OE2 in residue GLU B 165
2024-02-28 14:07:13,445 WARNING:biomolecule.py:157:num_missing_heavy:Missing atom CG in residue GLU B 190
2024-02-28 14:07:13,445 WARNING:biomolecule.py:157:num_missing_heavy:Missing atom CD in residue GLU B 190
2024-02-28 14:07:13,446 WARNING:biomolecule.py:157:num_missing_heavy:Missing atom OE1 in residue GLU B 190
2024-02-28 14:07:13,446 WARNING:biomolecule.py:157:num_missing_heavy:Missing atom OE2 in residue GLU B 190
2024-02-28 14:07:13,446 WARNING:biomolecule.py:157:num_missing_heavy:Missing atom CG in residue ASN B 191
2024-02-28 14:07:13,446 WARNING:biomolecule.py:157:num_missing_heavy:Missing atom OD1 in residue ASN B 191
2024-02-28 14:07:13,446 WARNING:biomolecule.py:157:num_missing_heavy:Missing atom ND2 in residue ASN B 191
2024-02-28 14:07:13,447 WARNING:biomolecule.py:157:num_missing_heavy:Missing atom OXT in residue LEU B 216
2024-02-28 14:07:13,447 WARNING:biomolecule.py:157:num_missing_heavy:Missing atom N in residue VAL A 1
2024-02-28 14:07:13,447 WARNING:biomolecule.py:157:num_missing_heavy:Missing atom CA in residue VAL A 1
2024-02-28 14:07:13,447 WARNING:biomolecule.py:157:num_missing_heavy:Missing atom CB in residue VAL A 1
2024-02-28 14:07:13,447 WARNING:biomolecule.py:157:num_missing_heavy:Missing atom CG1 in residue VAL A 1
2024-02-28 14:07:13,448 WARNING:biomolecule.py:157:num_missing_heavy:Missing atom CG2 in residue VAL A 1
2024-02-28 14:07:13,448 WARNING:biomolecule.py:157:num_missing_heavy:Missing atom CG in residue LYS A 18
2024-02-28 14:07:13,448 WARNING:biomolecule.py:157:num_missing_heavy:Missing atom CD in residue LYS A 18
2024-02-28 14:07:13,448 WARNING:biomolecule.py:157:num_missing_heavy:Missing atom CE in residue LYS A 18
2024-02-28 14:07:13,449 WARNING:biomolecule.py:157:num_missing_heavy:Missing atom NZ in residue LYS A 18
2024-02-28 14:07:13,449 WARNING:biomolecule.py:157:num_missing_heavy:Missing atom CE in residue LYS A 30
2024-02-28 14:07:13,449 WARNING:biomolecule.py:157:num_missing_heavy:Missing atom NZ in residue LYS A 30
2024-02-28 14:07:13,449 WARNING:biomolecule.py:157:num_missing_heavy:Missing atom CD in residue LYS A 44
2024-02-28 14:07:13,450 WARNING:biomolecule.py:157:num_missing_heavy:Missing atom CE in residue LYS A 44
2024-02-28 14:07:13,450 WARNING:biomolecule.py:157:num_missing_heavy:Missing atom NZ in residue LYS A 44
2024-02-28 14:07:13,450 WARNING:biomolecule.py:157:num_missing_heavy:Missing atom CD in residue LYS A 50
2024-02-28 14:07:13,450 WARNING:biomolecule.py:157:num_missing_heavy:Missing atom CE in residue LYS A 50
2024-02-28 14:07:13,450 WARNING:biomolecule.py:157:num_missing_heavy:Missing atom NZ in residue LYS A 50
2024-02-28 14:07:13,451 WARNING:biomolecule.py:157:num_missing_heavy:Missing atom NZ in residue LYS A 71
2024-02-28 14:07:13,451 WARNING:biomolecule.py:157:num_missing_heavy:Missing atom OE1 in residue GLU A 76
2024-02-28 14:07:13,451 WARNING:biomolecule.py:157:num_missing_heavy:Missing atom OE2 in residue GLU A 76
2024-02-28 14:07:13,451 WARNING:biomolecule.py:157:num_missing_heavy:Missing atom CE in residue LYS A 106
2024-02-28 14:07:13,451 WARNING:biomolecule.py:157:num_missing_heavy:Missing atom NZ in residue LYS A 106
2024-02-28 14:07:13,452 WARNING:biomolecule.py:157:num_missing_heavy:Missing atom CD in residue LYS A 151
2024-02-28 14:07:13,452 WARNING:biomolecule.py:157:num_missing_heavy:Missing atom CE in residue LYS A 151
2024-02-28 14:07:13,452 WARNING:biomolecule.py:157:num_missing_heavy:Missing atom NZ in residue LYS A 151
2024-02-28 14:07:13,452 WARNING:biomolecule.py:157:num_missing_heavy:Missing atom CD in residue LYS A 159
2024-02-28 14:07:13,452 WARNING:biomolecule.py:157:num_missing_heavy:Missing atom CE in residue LYS A 159
2024-02-28 14:07:13,453 WARNING:biomolecule.py:157:num_missing_heavy:Missing atom NZ in residue LYS A 159
2024-02-28 14:07:13,453 WARNING:biomolecule.py:157:num_missing_heavy:Missing atom OXT in residue LEU A 216
2024-02-28 14:07:13,453 WARNING:biomolecule.py:157:num_missing_heavy:Missing atom CG in residue LYS B 44
2024-02-28 14:07:13,453 WARNING:biomolecule.py:157:num_missing_heavy:Missing atom CD in residue LYS B 44
2024-02-28 14:07:13,454 WARNING:biomolecule.py:157:num_missing_heavy:Missing atom CE in residue LYS B 44
2024-02-28 14:07:13,454 WARNING:biomolecule.py:157:num_missing_heavy:Missing atom NZ in residue LYS B 44
2024-02-28 14:07:13,454 WARNING:biomolecule.py:157:num_missing_heavy:Missing atom OE1 in residue GLU B 76
2024-02-28 14:07:13,454 WARNING:biomolecule.py:157:num_missing_heavy:Missing atom OE2 in residue GLU B 76
2024-02-28 14:07:13,455 WARNING:biomolecule.py:157:num_missing_heavy:Missing atom NZ in residue LYS B 106
2024-02-28 14:07:13,455 WARNING:biomolecule.py:157:num_missing_heavy:Missing atom CD in residue LYS B 127
2024-02-28 14:07:13,455 WARNING:biomolecule.py:157:num_missing_heavy:Missing atom CE in residue LYS B 127
2024-02-28 14:07:13,455 WARNING:biomolecule.py:157:num_missing_heavy:Missing atom NZ in residue LYS B 127
2024-02-28 14:07:13,456 WARNING:biomolecule.py:157:num_missing_heavy:Missing atom CD in residue LYS B 159
2024-02-28 14:07:13,456 WARNING:biomolecule.py:157:num_missing_heavy:Missing atom CE in residue LYS B 159
2024-02-28 14:07:13,456 WARNING:biomolecule.py:157:num_missing_heavy:Missing atom NZ in residue LYS B 159
2024-02-28 14:07:13,456 WARNING:biomolecule.py:157:num_missing_heavy:Missing atom CG in residue GLU B 165
2024-02-28 14:07:13,457 WARNING:biomolecule.py:157:num_missing_heavy:Missing atom CD in residue GLU B 165
2024-02-28 14:07:13,457 WARNING:biomolecule.py:157:num_missing_heavy:Missing atom OE1 in residue GLU B 165
2024-02-28 14:07:13,457 WARNING:biomolecule.py:157:num_missing_heavy:Missing atom OE2 in residue GLU B 165
2024-02-28 14:07:13,458 WARNING:biomolecule.py:157:num_missing_heavy:Missing atom CG in residue GLU B 190
2024-02-28 14:07:13,458 WARNING:biomolecule.py:157:num_missing_heavy:Missing atom CD in residue GLU B 190
2024-02-28 14:07:13,458 WARNING:biomolecule.py:157:num_missing_heavy:Missing atom OE1 in residue GLU B 190
2024-02-28 14:07:13,459 WARNING:biomolecule.py:157:num_missing_heavy:Missing atom OE2 in residue GLU B 190
2024-02-28 14:07:13,459 WARNING:biomolecule.py:157:num_missing_heavy:Missing atom CG in residue ASN B 191
2024-02-28 14:07:13,459 WARNING:biomolecule.py:157:num_missing_heavy:Missing atom OD1 in residue ASN B 191
2024-02-28 14:07:13,459 WARNING:biomolecule.py:157:num_missing_heavy:Missing atom ND2 in residue ASN B 191
2024-02-28 14:07:13,460 WARNING:biomolecule.py:157:num_missing_heavy:Missing atom OXT in residue LEU B 216
2024-02-28 14:07:14,615 WARNING:main.py:311:print_pqr:Ignoring 2610 header lines in output.
2024-02-28 14:07:14,615 WARNING:main.py:315:print_pqr:Ignoring 56 missing lines in output.
