2024-02-28 14:07:09,006 WARNING:biomolecule.py:992:create_residue:Unable to find amino or nucleic acid definition for PBN.  Parsing as new residue.
2024-02-28 14:07:09,006 WARNING:biomolecule.py:992:create_residue:Unable to find amino or nucleic acid definition for GOL.  Parsing as new residue.
2024-02-28 14:07:09,006 WARNING:biomolecule.py:992:create_residue:Unable to find amino or nucleic acid definition for CA.  Parsing as new residue.
2024-02-28 14:07:09,007 WARNING:main.py:418:setup_molecule:Multiple occupancies found: N in VAL A 53.
2024-02-28 14:07:09,007 WARNING:main.py:418:setup_molecule:Multiple occupancies found: CA in VAL A 53.
2024-02-28 14:07:09,007 WARNING:main.py:418:setup_molecule:Multiple occupancies found: C in VAL A 53.
2024-02-28 14:07:09,007 WARNING:main.py:418:setup_molecule:Multiple occupancies found: O in VAL A 53.
2024-02-28 14:07:09,007 WARNING:main.py:418:setup_molecule:Multiple occupancies found: CB in VAL A 53.
2024-02-28 14:07:09,008 WARNING:main.py:418:setup_molecule:Multiple occupancies found: CG1 in VAL A 53.
2024-02-28 14:07:09,008 WARNING:main.py:418:setup_molecule:Multiple occupancies found: CG2 in VAL A 53.
2024-02-28 14:07:09,008 WARNING:main.py:418:setup_molecule:Multiple occupancies found: H in VAL A 53.
2024-02-28 14:07:09,008 WARNING:main.py:418:setup_molecule:Multiple occupancies found: HA in VAL A 53.
2024-02-28 14:07:09,008 WARNING:main.py:418:setup_molecule:Multiple occupancies found: HB in VAL A 53.
2024-02-28 14:07:09,008 WARNING:main.py:418:setup_molecule:Multiple occupancies found: HG11 in VAL A 53.
2024-02-28 14:07:09,008 WARNING:main.py:418:setup_molecule:Multiple occupancies found: HG12 in VAL A 53.
2024-02-28 14:07:09,008 WARNING:main.py:418:setup_molecule:Multiple occupancies found: HG13 in VAL A 53.
2024-02-28 14:07:09,008 WARNING:main.py:418:setup_molecule:Multiple occupancies found: HG21 in VAL A 53.
2024-02-28 14:07:09,008 WARNING:main.py:418:setup_molecule:Multiple occupancies found: HG22 in VAL A 53.
2024-02-28 14:07:09,008 WARNING:main.py:418:setup_molecule:Multiple occupancies found: HG23 in VAL A 53.
2024-02-28 14:07:09,008 WARNING:main.py:424:setup_molecule:Multiple occupancies found in VAL A 53. At least one of the instances is being ignored.
2024-02-28 14:07:09,008 WARNING:main.py:418:setup_molecule:Multiple occupancies found: H in SER A 54.
2024-02-28 14:07:09,008 WARNING:main.py:424:setup_molecule:Multiple occupancies found in SER A 54. At least one of the instances is being ignored.
2024-02-28 14:07:09,008 WARNING:main.py:418:setup_molecule:Multiple occupancies found: N in LEU A 67.
2024-02-28 14:07:09,009 WARNING:main.py:418:setup_molecule:Multiple occupancies found: CA in LEU A 67.
2024-02-28 14:07:09,009 WARNING:main.py:418:setup_molecule:Multiple occupancies found: C in LEU A 67.
2024-02-28 14:07:09,009 WARNING:main.py:418:setup_molecule:Multiple occupancies found: O in LEU A 67.
2024-02-28 14:07:09,009 WARNING:main.py:418:setup_molecule:Multiple occupancies found: CB in LEU A 67.
2024-02-28 14:07:09,009 WARNING:main.py:418:setup_molecule:Multiple occupancies found: CG in LEU A 67.
2024-02-28 14:07:09,010 WARNING:main.py:418:setup_molecule:Multiple occupancies found: CD1 in LEU A 67.
2024-02-28 14:07:09,010 WARNING:main.py:418:setup_molecule:Multiple occupancies found: CD2 in LEU A 67.
2024-02-28 14:07:09,010 WARNING:main.py:418:setup_molecule:Multiple occupancies found: H in LEU A 67.
2024-02-28 14:07:09,010 WARNING:main.py:418:setup_molecule:Multiple occupancies found: HA in LEU A 67.
2024-02-28 14:07:09,011 WARNING:main.py:418:setup_molecule:Multiple occupancies found: HB2 in LEU A 67.
2024-02-28 14:07:09,011 WARNING:main.py:418:setup_molecule:Multiple occupancies found: HB3 in LEU A 67.
2024-02-28 14:07:09,011 WARNING:main.py:418:setup_molecule:Multiple occupancies found: HG in LEU A 67.
2024-02-28 14:07:09,011 WARNING:main.py:418:setup_molecule:Multiple occupancies found: HD11 in LEU A 67.
2024-02-28 14:07:09,012 WARNING:main.py:418:setup_molecule:Multiple occupancies found: HD12 in LEU A 67.
2024-02-28 14:07:09,012 WARNING:main.py:418:setup_molecule:Multiple occupancies found: HD13 in LEU A 67.
2024-02-28 14:07:09,012 WARNING:main.py:418:setup_molecule:Multiple occupancies found: HD21 in LEU A 67.
2024-02-28 14:07:09,012 WARNING:main.py:418:setup_molecule:Multiple occupancies found: HD22 in LEU A 67.
2024-02-28 14:07:09,012 WARNING:main.py:418:setup_molecule:Multiple occupancies found: HD23 in LEU A 67.
2024-02-28 14:07:09,013 WARNING:main.py:424:setup_molecule:Multiple occupancies found in LEU A 67. At least one of the instances is being ignored.
2024-02-28 14:07:09,013 WARNING:main.py:418:setup_molecule:Multiple occupancies found: H in GLY A 69.
2024-02-28 14:07:09,013 WARNING:main.py:424:setup_molecule:Multiple occupancies found in GLY A 69. At least one of the instances is being ignored.
2024-02-28 14:07:09,014 WARNING:main.py:418:setup_molecule:Multiple occupancies found: N in MET A 104.
2024-02-28 14:07:09,014 WARNING:main.py:418:setup_molecule:Multiple occupancies found: CA in MET A 104.
2024-02-28 14:07:09,014 WARNING:main.py:418:setup_molecule:Multiple occupancies found: C in MET A 104.
2024-02-28 14:07:09,014 WARNING:main.py:418:setup_molecule:Multiple occupancies found: O in MET A 104.
2024-02-28 14:07:09,014 WARNING:main.py:418:setup_molecule:Multiple occupancies found: CB in MET A 104.
2024-02-28 14:07:09,015 WARNING:main.py:418:setup_molecule:Multiple occupancies found: CG in MET A 104.
2024-02-28 14:07:09,015 WARNING:main.py:418:setup_molecule:Multiple occupancies found: SD in MET A 104.
2024-02-28 14:07:09,015 WARNING:main.py:418:setup_molecule:Multiple occupancies found: CE in MET A 104.
2024-02-28 14:07:09,015 WARNING:main.py:418:setup_molecule:Multiple occupancies found: H in MET A 104.
2024-02-28 14:07:09,016 WARNING:main.py:418:setup_molecule:Multiple occupancies found: HA in MET A 104.
2024-02-28 14:07:09,016 WARNING:main.py:418:setup_molecule:Multiple occupancies found: HB2 in MET A 104.
2024-02-28 14:07:09,016 WARNING:main.py:418:setup_molecule:Multiple occupancies found: HB3 in MET A 104.
2024-02-28 14:07:09,016 WARNING:main.py:418:setup_molecule:Multiple occupancies found: HG2 in MET A 104.
2024-02-28 14:07:09,017 WARNING:main.py:418:setup_molecule:Multiple occupancies found: HG3 in MET A 104.
2024-02-28 14:07:09,017 WARNING:main.py:418:setup_molecule:Multiple occupancies found: HE1 in MET A 104.
2024-02-28 14:07:09,017 WARNING:main.py:418:setup_molecule:Multiple occupancies found: HE2 in MET A 104.
2024-02-28 14:07:09,017 WARNING:main.py:418:setup_molecule:Multiple occupancies found: HE3 in MET A 104.
2024-02-28 14:07:09,018 WARNING:main.py:424:setup_molecule:Multiple occupancies found in MET A 104. At least one of the instances is being ignored.
2024-02-28 14:07:09,018 WARNING:main.py:418:setup_molecule:Multiple occupancies found: H in LEU A 105.
2024-02-28 14:07:09,018 WARNING:main.py:424:setup_molecule:Multiple occupancies found in LEU A 105. At least one of the instances is being ignored.
2024-02-28 14:07:09,018 WARNING:main.py:418:setup_molecule:Multiple occupancies found: N in SER A 167.
2024-02-28 14:07:09,018 WARNING:main.py:418:setup_molecule:Multiple occupancies found: CA in SER A 167.
2024-02-28 14:07:09,018 WARNING:main.py:418:setup_molecule:Multiple occupancies found: C in SER A 167.
2024-02-28 14:07:09,019 WARNING:main.py:418:setup_molecule:Multiple occupancies found: O in SER A 167.
2024-02-28 14:07:09,019 WARNING:main.py:418:setup_molecule:Multiple occupancies found: CB in SER A 167.
2024-02-28 14:07:09,019 WARNING:main.py:418:setup_molecule:Multiple occupancies found: OG in SER A 167.
2024-02-28 14:07:09,019 WARNING:main.py:418:setup_molecule:Multiple occupancies found: H in SER A 167.
2024-02-28 14:07:09,019 WARNING:main.py:418:setup_molecule:Multiple occupancies found: HA in SER A 167.
2024-02-28 14:07:09,019 WARNING:main.py:418:setup_molecule:Multiple occupancies found: HB2 in SER A 167.
2024-02-28 14:07:09,019 WARNING:main.py:418:setup_molecule:Multiple occupancies found: HB3 in SER A 167.
2024-02-28 14:07:09,019 WARNING:main.py:424:setup_molecule:Multiple occupancies found in SER A 167. At least one of the instances is being ignored.
2024-02-28 14:07:09,019 WARNING:main.py:418:setup_molecule:Multiple occupancies found: H in CYS A 168.
2024-02-28 14:07:09,019 WARNING:main.py:424:setup_molecule:Multiple occupancies found in CYS A 168. At least one of the instances is being ignored.
2024-02-28 14:07:09,019 WARNING:main.py:418:setup_molecule:Multiple occupancies found: N in CYS A 220.
2024-02-28 14:07:09,019 WARNING:main.py:418:setup_molecule:Multiple occupancies found: CA in CYS A 220.
2024-02-28 14:07:09,019 WARNING:main.py:418:setup_molecule:Multiple occupancies found: C in CYS A 220.
2024-02-28 14:07:09,019 WARNING:main.py:418:setup_molecule:Multiple occupancies found: O in CYS A 220.
2024-02-28 14:07:09,019 WARNING:main.py:418:setup_molecule:Multiple occupancies found: CB in CYS A 220.
2024-02-28 14:07:09,019 WARNING:main.py:418:setup_molecule:Multiple occupancies found: SG in CYS A 220.
2024-02-28 14:07:09,019 WARNING:main.py:418:setup_molecule:Multiple occupancies found: H in CYS A 220.
2024-02-28 14:07:09,019 WARNING:main.py:418:setup_molecule:Multiple occupancies found: HA in CYS A 220.
2024-02-28 14:07:09,019 WARNING:main.py:418:setup_molecule:Multiple occupancies found: HB2 in CYS A 220.
2024-02-28 14:07:09,020 WARNING:main.py:418:setup_molecule:Multiple occupancies found: HB3 in CYS A 220.
2024-02-28 14:07:09,020 WARNING:main.py:424:setup_molecule:Multiple occupancies found in CYS A 220. At least one of the instances is being ignored.
2024-02-28 14:07:09,020 WARNING:main.py:418:setup_molecule:Multiple occupancies found: H in ALA A 220A.
2024-02-28 14:07:09,020 WARNING:main.py:424:setup_molecule:Multiple occupancies found in ALA A 220A. At least one of the instances is being ignored.
2024-02-28 14:07:09,020 WARNING:main.py:418:setup_molecule:Multiple occupancies found: N in SER A 236.
2024-02-28 14:07:09,020 WARNING:main.py:418:setup_molecule:Multiple occupancies found: CA in SER A 236.
2024-02-28 14:07:09,020 WARNING:main.py:418:setup_molecule:Multiple occupancies found: C in SER A 236.
2024-02-28 14:07:09,020 WARNING:main.py:418:setup_molecule:Multiple occupancies found: O in SER A 236.
2024-02-28 14:07:09,020 WARNING:main.py:418:setup_molecule:Multiple occupancies found: CB in SER A 236.
2024-02-28 14:07:09,020 WARNING:main.py:418:setup_molecule:Multiple occupancies found: OG in SER A 236.
2024-02-28 14:07:09,020 WARNING:main.py:418:setup_molecule:Multiple occupancies found: H in SER A 236.
2024-02-28 14:07:09,020 WARNING:main.py:418:setup_molecule:Multiple occupancies found: HA in SER A 236.
2024-02-28 14:07:09,020 WARNING:main.py:418:setup_molecule:Multiple occupancies found: HB2 in SER A 236.
2024-02-28 14:07:09,020 WARNING:main.py:418:setup_molecule:Multiple occupancies found: HB3 in SER A 236.
2024-02-28 14:07:09,020 WARNING:main.py:424:setup_molecule:Multiple occupancies found in SER A 236. At least one of the instances is being ignored.
2024-02-28 14:07:09,020 WARNING:main.py:418:setup_molecule:Multiple occupancies found: H in TRP A 237.
2024-02-28 14:07:09,020 WARNING:main.py:424:setup_molecule:Multiple occupancies found in TRP A 237. At least one of the instances is being ignored.
2024-02-28 14:07:09,219 WARNING:main.py:311:print_pqr:Ignoring 1374 header lines in output.
2024-02-28 14:07:09,219 WARNING:main.py:315:print_pqr:Ignoring 18 missing lines in output.
2024-02-28 14:58:31,764 WARNING:biomolecule.py:992:create_residue:Unable to find amino or nucleic acid definition for PBN.  Parsing as new residue.
2024-02-28 14:58:31,764 WARNING:biomolecule.py:992:create_residue:Unable to find amino or nucleic acid definition for GOL.  Parsing as new residue.
2024-02-28 14:58:31,764 WARNING:biomolecule.py:992:create_residue:Unable to find amino or nucleic acid definition for CA.  Parsing as new residue.
2024-02-28 14:58:31,765 WARNING:main.py:418:setup_molecule:Multiple occupancies found: N in VAL A 53.
2024-02-28 14:58:31,765 WARNING:main.py:418:setup_molecule:Multiple occupancies found: CA in VAL A 53.
2024-02-28 14:58:31,765 WARNING:main.py:418:setup_molecule:Multiple occupancies found: C in VAL A 53.
2024-02-28 14:58:31,765 WARNING:main.py:418:setup_molecule:Multiple occupancies found: O in VAL A 53.
2024-02-28 14:58:31,765 WARNING:main.py:418:setup_molecule:Multiple occupancies found: CB in VAL A 53.
2024-02-28 14:58:31,765 WARNING:main.py:418:setup_molecule:Multiple occupancies found: CG1 in VAL A 53.
2024-02-28 14:58:31,765 WARNING:main.py:418:setup_molecule:Multiple occupancies found: CG2 in VAL A 53.
2024-02-28 14:58:31,765 WARNING:main.py:418:setup_molecule:Multiple occupancies found: H in VAL A 53.
2024-02-28 14:58:31,765 WARNING:main.py:418:setup_molecule:Multiple occupancies found: HA in VAL A 53.
2024-02-28 14:58:31,765 WARNING:main.py:418:setup_molecule:Multiple occupancies found: HB in VAL A 53.
2024-02-28 14:58:31,765 WARNING:main.py:418:setup_molecule:Multiple occupancies found: HG11 in VAL A 53.
2024-02-28 14:58:31,765 WARNING:main.py:418:setup_molecule:Multiple occupancies found: HG12 in VAL A 53.
2024-02-28 14:58:31,765 WARNING:main.py:418:setup_molecule:Multiple occupancies found: HG13 in VAL A 53.
2024-02-28 14:58:31,765 WARNING:main.py:418:setup_molecule:Multiple occupancies found: HG21 in VAL A 53.
2024-02-28 14:58:31,765 WARNING:main.py:418:setup_molecule:Multiple occupancies found: HG22 in VAL A 53.
2024-02-28 14:58:31,765 WARNING:main.py:418:setup_molecule:Multiple occupancies found: HG23 in VAL A 53.
2024-02-28 14:58:31,765 WARNING:main.py:424:setup_molecule:Multiple occupancies found in VAL A 53. At least one of the instances is being ignored.
2024-02-28 14:58:31,765 WARNING:main.py:418:setup_molecule:Multiple occupancies found: H in SER A 54.
2024-02-28 14:58:31,765 WARNING:main.py:424:setup_molecule:Multiple occupancies found in SER A 54. At least one of the instances is being ignored.
2024-02-28 14:58:31,765 WARNING:main.py:418:setup_molecule:Multiple occupancies found: N in LEU A 67.
2024-02-28 14:58:31,765 WARNING:main.py:418:setup_molecule:Multiple occupancies found: CA in LEU A 67.
2024-02-28 14:58:31,765 WARNING:main.py:418:setup_molecule:Multiple occupancies found: C in LEU A 67.
2024-02-28 14:58:31,765 WARNING:main.py:418:setup_molecule:Multiple occupancies found: O in LEU A 67.
2024-02-28 14:58:31,765 WARNING:main.py:418:setup_molecule:Multiple occupancies found: CB in LEU A 67.
2024-02-28 14:58:31,765 WARNING:main.py:418:setup_molecule:Multiple occupancies found: CG in LEU A 67.
2024-02-28 14:58:31,765 WARNING:main.py:418:setup_molecule:Multiple occupancies found: CD1 in LEU A 67.
2024-02-28 14:58:31,765 WARNING:main.py:418:setup_molecule:Multiple occupancies found: CD2 in LEU A 67.
2024-02-28 14:58:31,765 WARNING:main.py:418:setup_molecule:Multiple occupancies found: H in LEU A 67.
2024-02-28 14:58:31,765 WARNING:main.py:418:setup_molecule:Multiple occupancies found: HA in LEU A 67.
2024-02-28 14:58:31,765 WARNING:main.py:418:setup_molecule:Multiple occupancies found: HB2 in LEU A 67.
2024-02-28 14:58:31,765 WARNING:main.py:418:setup_molecule:Multiple occupancies found: HB3 in LEU A 67.
2024-02-28 14:58:31,766 WARNING:main.py:418:setup_molecule:Multiple occupancies found: HG in LEU A 67.
2024-02-28 14:58:31,766 WARNING:main.py:418:setup_molecule:Multiple occupancies found: HD11 in LEU A 67.
2024-02-28 14:58:31,766 WARNING:main.py:418:setup_molecule:Multiple occupancies found: HD12 in LEU A 67.
2024-02-28 14:58:31,766 WARNING:main.py:418:setup_molecule:Multiple occupancies found: HD13 in LEU A 67.
2024-02-28 14:58:31,766 WARNING:main.py:418:setup_molecule:Multiple occupancies found: HD21 in LEU A 67.
2024-02-28 14:58:31,766 WARNING:main.py:418:setup_molecule:Multiple occupancies found: HD22 in LEU A 67.
2024-02-28 14:58:31,766 WARNING:main.py:418:setup_molecule:Multiple occupancies found: HD23 in LEU A 67.
2024-02-28 14:58:31,766 WARNING:main.py:424:setup_molecule:Multiple occupancies found in LEU A 67. At least one of the instances is being ignored.
2024-02-28 14:58:31,766 WARNING:main.py:418:setup_molecule:Multiple occupancies found: H in GLY A 69.
2024-02-28 14:58:31,766 WARNING:main.py:424:setup_molecule:Multiple occupancies found in GLY A 69. At least one of the instances is being ignored.
2024-02-28 14:58:31,783 WARNING:main.py:418:setup_molecule:Multiple occupancies found: N in MET A 104.
2024-02-28 14:58:31,783 WARNING:main.py:418:setup_molecule:Multiple occupancies found: CA in MET A 104.
2024-02-28 14:58:31,783 WARNING:main.py:418:setup_molecule:Multiple occupancies found: C in MET A 104.
2024-02-28 14:58:31,783 WARNING:main.py:418:setup_molecule:Multiple occupancies found: O in MET A 104.
2024-02-28 14:58:31,783 WARNING:main.py:418:setup_molecule:Multiple occupancies found: CB in MET A 104.
2024-02-28 14:58:31,783 WARNING:main.py:418:setup_molecule:Multiple occupancies found: CG in MET A 104.
2024-02-28 14:58:31,783 WARNING:main.py:418:setup_molecule:Multiple occupancies found: SD in MET A 104.
2024-02-28 14:58:31,783 WARNING:main.py:418:setup_molecule:Multiple occupancies found: CE in MET A 104.
2024-02-28 14:58:31,783 WARNING:main.py:418:setup_molecule:Multiple occupancies found: H in MET A 104.
2024-02-28 14:58:31,783 WARNING:main.py:418:setup_molecule:Multiple occupancies found: HA in MET A 104.
2024-02-28 14:58:31,783 WARNING:main.py:418:setup_molecule:Multiple occupancies found: HB2 in MET A 104.
2024-02-28 14:58:31,783 WARNING:main.py:418:setup_molecule:Multiple occupancies found: HB3 in MET A 104.
2024-02-28 14:58:31,783 WARNING:main.py:418:setup_molecule:Multiple occupancies found: HG2 in MET A 104.
2024-02-28 14:58:31,783 WARNING:main.py:418:setup_molecule:Multiple occupancies found: HG3 in MET A 104.
2024-02-28 14:58:31,783 WARNING:main.py:418:setup_molecule:Multiple occupancies found: HE1 in MET A 104.
2024-02-28 14:58:31,783 WARNING:main.py:418:setup_molecule:Multiple occupancies found: HE2 in MET A 104.
2024-02-28 14:58:31,783 WARNING:main.py:418:setup_molecule:Multiple occupancies found: HE3 in MET A 104.
2024-02-28 14:58:31,783 WARNING:main.py:424:setup_molecule:Multiple occupancies found in MET A 104. At least one of the instances is being ignored.
2024-02-28 14:58:31,783 WARNING:main.py:418:setup_molecule:Multiple occupancies found: H in LEU A 105.
2024-02-28 14:58:31,783 WARNING:main.py:424:setup_molecule:Multiple occupancies found in LEU A 105. At least one of the instances is being ignored.
2024-02-28 14:58:31,783 WARNING:main.py:418:setup_molecule:Multiple occupancies found: N in SER A 167.
2024-02-28 14:58:31,783 WARNING:main.py:418:setup_molecule:Multiple occupancies found: CA in SER A 167.
2024-02-28 14:58:31,783 WARNING:main.py:418:setup_molecule:Multiple occupancies found: C in SER A 167.
2024-02-28 14:58:31,784 WARNING:main.py:418:setup_molecule:Multiple occupancies found: O in SER A 167.
2024-02-28 14:58:31,784 WARNING:main.py:418:setup_molecule:Multiple occupancies found: CB in SER A 167.
2024-02-28 14:58:31,784 WARNING:main.py:418:setup_molecule:Multiple occupancies found: OG in SER A 167.
2024-02-28 14:58:31,784 WARNING:main.py:418:setup_molecule:Multiple occupancies found: H in SER A 167.
2024-02-28 14:58:31,784 WARNING:main.py:418:setup_molecule:Multiple occupancies found: HA in SER A 167.
2024-02-28 14:58:31,784 WARNING:main.py:418:setup_molecule:Multiple occupancies found: HB2 in SER A 167.
2024-02-28 14:58:31,784 WARNING:main.py:418:setup_molecule:Multiple occupancies found: HB3 in SER A 167.
2024-02-28 14:58:31,784 WARNING:main.py:424:setup_molecule:Multiple occupancies found in SER A 167. At least one of the instances is being ignored.
2024-02-28 14:58:31,784 WARNING:main.py:418:setup_molecule:Multiple occupancies found: H in CYS A 168.
2024-02-28 14:58:31,784 WARNING:main.py:424:setup_molecule:Multiple occupancies found in CYS A 168. At least one of the instances is being ignored.
2024-02-28 14:58:31,784 WARNING:main.py:418:setup_molecule:Multiple occupancies found: N in CYS A 220.
2024-02-28 14:58:31,784 WARNING:main.py:418:setup_molecule:Multiple occupancies found: CA in CYS A 220.
2024-02-28 14:58:31,784 WARNING:main.py:418:setup_molecule:Multiple occupancies found: C in CYS A 220.
2024-02-28 14:58:31,784 WARNING:main.py:418:setup_molecule:Multiple occupancies found: O in CYS A 220.
2024-02-28 14:58:31,784 WARNING:main.py:418:setup_molecule:Multiple occupancies found: CB in CYS A 220.
2024-02-28 14:58:31,784 WARNING:main.py:418:setup_molecule:Multiple occupancies found: SG in CYS A 220.
2024-02-28 14:58:31,784 WARNING:main.py:418:setup_molecule:Multiple occupancies found: H in CYS A 220.
2024-02-28 14:58:31,784 WARNING:main.py:418:setup_molecule:Multiple occupancies found: HA in CYS A 220.
2024-02-28 14:58:31,784 WARNING:main.py:418:setup_molecule:Multiple occupancies found: HB2 in CYS A 220.
2024-02-28 14:58:31,784 WARNING:main.py:418:setup_molecule:Multiple occupancies found: HB3 in CYS A 220.
2024-02-28 14:58:31,784 WARNING:main.py:424:setup_molecule:Multiple occupancies found in CYS A 220. At least one of the instances is being ignored.
2024-02-28 14:58:31,784 WARNING:main.py:418:setup_molecule:Multiple occupancies found: H in ALA A 220A.
2024-02-28 14:58:31,784 WARNING:main.py:424:setup_molecule:Multiple occupancies found in ALA A 220A. At least one of the instances is being ignored.
2024-02-28 14:58:31,784 WARNING:main.py:418:setup_molecule:Multiple occupancies found: N in SER A 236.
2024-02-28 14:58:31,784 WARNING:main.py:418:setup_molecule:Multiple occupancies found: CA in SER A 236.
2024-02-28 14:58:31,784 WARNING:main.py:418:setup_molecule:Multiple occupancies found: C in SER A 236.
2024-02-28 14:58:31,784 WARNING:main.py:418:setup_molecule:Multiple occupancies found: O in SER A 236.
2024-02-28 14:58:31,784 WARNING:main.py:418:setup_molecule:Multiple occupancies found: CB in SER A 236.
2024-02-28 14:58:31,784 WARNING:main.py:418:setup_molecule:Multiple occupancies found: OG in SER A 236.
2024-02-28 14:58:31,784 WARNING:main.py:418:setup_molecule:Multiple occupancies found: H in SER A 236.
2024-02-28 14:58:31,784 WARNING:main.py:418:setup_molecule:Multiple occupancies found: HA in SER A 236.
2024-02-28 14:58:31,784 WARNING:main.py:418:setup_molecule:Multiple occupancies found: HB2 in SER A 236.
2024-02-28 14:58:31,784 WARNING:main.py:418:setup_molecule:Multiple occupancies found: HB3 in SER A 236.
2024-02-28 14:58:31,784 WARNING:main.py:424:setup_molecule:Multiple occupancies found in SER A 236. At least one of the instances is being ignored.
2024-02-28 14:58:31,784 WARNING:main.py:418:setup_molecule:Multiple occupancies found: H in TRP A 237.
2024-02-28 14:58:31,784 WARNING:main.py:424:setup_molecule:Multiple occupancies found in TRP A 237. At least one of the instances is being ignored.
2024-02-28 14:58:32,235 WARNING:main.py:311:print_pqr:Ignoring 1374 header lines in output.
2024-02-28 14:58:32,236 WARNING:main.py:315:print_pqr:Ignoring 18 missing lines in output.
