2024-02-28 14:07:05,941 WARNING:biomolecule.py:992:create_residue:Unable to find amino or nucleic acid definition for SAH.  Parsing as new residue.
2024-02-28 14:07:05,942 WARNING:biomolecule.py:992:create_residue:Unable to find amino or nucleic acid definition for QUN.  Parsing as new residue.
2024-02-28 14:07:05,942 WARNING:biomolecule.py:992:create_residue:Unable to find amino or nucleic acid definition for SAH.  Parsing as new residue.
2024-02-28 14:07:05,942 WARNING:biomolecule.py:992:create_residue:Unable to find amino or nucleic acid definition for UNX.  Parsing as new residue.
2024-02-28 14:07:05,942 WARNING:biomolecule.py:992:create_residue:Unable to find amino or nucleic acid definition for UNX.  Parsing as new residue.
2024-02-28 14:07:05,942 WARNING:biomolecule.py:992:create_residue:Unable to find amino or nucleic acid definition for UNX.  Parsing as new residue.
2024-02-28 14:07:05,942 WARNING:biomolecule.py:992:create_residue:Unable to find amino or nucleic acid definition for UNX.  Parsing as new residue.
2024-02-28 14:07:05,942 WARNING:biomolecule.py:992:create_residue:Unable to find amino or nucleic acid definition for UNX.  Parsing as new residue.
2024-02-28 14:07:05,942 WARNING:biomolecule.py:992:create_residue:Unable to find amino or nucleic acid definition for UNX.  Parsing as new residue.
2024-02-28 14:07:05,942 WARNING:io.py:40:filter:Suppressing further "Unable to find amino or nucleic acid definition for" messages
2024-02-28 14:07:05,962 WARNING:biomolecule.py:157:num_missing_heavy:Missing atom CG in residue GLU A 17
2024-02-28 14:07:05,962 WARNING:biomolecule.py:157:num_missing_heavy:Missing atom CD in residue GLU A 17
2024-02-28 14:07:05,962 WARNING:biomolecule.py:157:num_missing_heavy:Missing atom OE1 in residue GLU A 17
2024-02-28 14:07:05,963 WARNING:biomolecule.py:157:num_missing_heavy:Missing atom OE2 in residue GLU A 17
2024-02-28 14:07:05,963 WARNING:biomolecule.py:157:num_missing_heavy:Missing atom CB in residue GLU A 109
2024-02-28 14:07:05,963 WARNING:biomolecule.py:157:num_missing_heavy:Missing atom CG in residue GLU A 109
2024-02-28 14:07:05,963 WARNING:biomolecule.py:157:num_missing_heavy:Missing atom CD in residue GLU A 109
2024-02-28 14:07:05,964 WARNING:biomolecule.py:157:num_missing_heavy:Missing atom OE1 in residue GLU A 109
2024-02-28 14:07:05,964 WARNING:biomolecule.py:157:num_missing_heavy:Missing atom OE2 in residue GLU A 109
2024-02-28 14:07:05,964 WARNING:biomolecule.py:157:num_missing_heavy:Missing atom CB in residue GLU A 129
2024-02-28 14:07:05,965 WARNING:biomolecule.py:157:num_missing_heavy:Missing atom CG in residue GLU A 129
2024-02-28 14:07:05,965 WARNING:biomolecule.py:157:num_missing_heavy:Missing atom CD in residue GLU A 129
2024-02-28 14:07:05,965 WARNING:biomolecule.py:157:num_missing_heavy:Missing atom OE1 in residue GLU A 129
2024-02-28 14:07:05,966 WARNING:biomolecule.py:157:num_missing_heavy:Missing atom OE2 in residue GLU A 129
2024-02-28 14:07:05,966 WARNING:biomolecule.py:157:num_missing_heavy:Missing atom CG in residue LYS A 131
2024-02-28 14:07:05,966 WARNING:biomolecule.py:157:num_missing_heavy:Missing atom CD in residue LYS A 131
2024-02-28 14:07:05,966 WARNING:biomolecule.py:157:num_missing_heavy:Missing atom CE in residue LYS A 131
2024-02-28 14:07:05,967 WARNING:biomolecule.py:157:num_missing_heavy:Missing atom NZ in residue LYS A 131
2024-02-28 14:07:05,967 WARNING:biomolecule.py:157:num_missing_heavy:Missing atom CG in residue GLU A 132
2024-02-28 14:07:05,967 WARNING:biomolecule.py:157:num_missing_heavy:Missing atom CD in residue GLU A 132
2024-02-28 14:07:05,968 WARNING:biomolecule.py:157:num_missing_heavy:Missing atom OE1 in residue GLU A 132
2024-02-28 14:07:05,968 WARNING:biomolecule.py:157:num_missing_heavy:Missing atom OE2 in residue GLU A 132
2024-02-28 14:07:05,968 WARNING:biomolecule.py:157:num_missing_heavy:Missing atom CG in residue LEU A 133
2024-02-28 14:07:05,968 WARNING:biomolecule.py:157:num_missing_heavy:Missing atom CD1 in residue LEU A 133
2024-02-28 14:07:05,968 WARNING:biomolecule.py:157:num_missing_heavy:Missing atom CD2 in residue LEU A 133
2024-02-28 14:07:05,969 WARNING:biomolecule.py:157:num_missing_heavy:Missing atom CB in residue GLN A 192
2024-02-28 14:07:05,969 WARNING:biomolecule.py:157:num_missing_heavy:Missing atom CG in residue GLN A 192
2024-02-28 14:07:05,969 WARNING:biomolecule.py:157:num_missing_heavy:Missing atom CD in residue GLN A 192
2024-02-28 14:07:05,970 WARNING:biomolecule.py:157:num_missing_heavy:Missing atom OE1 in residue GLN A 192
2024-02-28 14:07:05,970 WARNING:biomolecule.py:157:num_missing_heavy:Missing atom NE2 in residue GLN A 192
2024-02-28 14:07:05,970 WARNING:biomolecule.py:157:num_missing_heavy:Missing atom CB in residue ASP A 194
2024-02-28 14:07:05,971 WARNING:biomolecule.py:157:num_missing_heavy:Missing atom CG in residue ASP A 194
2024-02-28 14:07:05,971 WARNING:biomolecule.py:157:num_missing_heavy:Missing atom OD1 in residue ASP A 194
2024-02-28 14:07:05,971 WARNING:biomolecule.py:157:num_missing_heavy:Missing atom OD2 in residue ASP A 194
2024-02-28 14:07:05,971 WARNING:biomolecule.py:157:num_missing_heavy:Missing atom CG in residue LEU A 195
2024-02-28 14:07:05,972 WARNING:biomolecule.py:157:num_missing_heavy:Missing atom CD1 in residue LEU A 195
2024-02-28 14:07:05,972 WARNING:biomolecule.py:157:num_missing_heavy:Missing atom CD2 in residue LEU A 195
2024-02-28 14:07:05,972 WARNING:biomolecule.py:157:num_missing_heavy:Missing atom CG in residue LYS A 214
2024-02-28 14:07:05,972 WARNING:biomolecule.py:157:num_missing_heavy:Missing atom CD in residue LYS A 214
2024-02-28 14:07:05,973 WARNING:biomolecule.py:157:num_missing_heavy:Missing atom CE in residue LYS A 214
2024-02-28 14:07:05,973 WARNING:biomolecule.py:157:num_missing_heavy:Missing atom NZ in residue LYS A 214
2024-02-28 14:07:05,973 WARNING:biomolecule.py:157:num_missing_heavy:Missing atom OG1 in residue THR A 253
2024-02-28 14:07:05,973 WARNING:biomolecule.py:157:num_missing_heavy:Missing atom CG2 in residue THR A 253
2024-02-28 14:07:05,974 WARNING:biomolecule.py:157:num_missing_heavy:Missing atom CG in residue LYS A 264
2024-02-28 14:07:05,974 WARNING:biomolecule.py:157:num_missing_heavy:Missing atom CD in residue LYS A 264
2024-02-28 14:07:05,974 WARNING:biomolecule.py:157:num_missing_heavy:Missing atom CE in residue LYS A 264
2024-02-28 14:07:05,974 WARNING:biomolecule.py:157:num_missing_heavy:Missing atom NZ in residue LYS A 264
2024-02-28 14:07:05,975 WARNING:biomolecule.py:157:num_missing_heavy:Missing atom CG in residue GLU A 268
2024-02-28 14:07:05,975 WARNING:biomolecule.py:157:num_missing_heavy:Missing atom CD in residue GLU A 268
2024-02-28 14:07:05,975 WARNING:biomolecule.py:157:num_missing_heavy:Missing atom OE1 in residue GLU A 268
2024-02-28 14:07:05,976 WARNING:biomolecule.py:157:num_missing_heavy:Missing atom OE2 in residue GLU A 268
2024-02-28 14:07:05,976 WARNING:biomolecule.py:157:num_missing_heavy:Missing atom CG in residue GLU A 270
2024-02-28 14:07:05,976 WARNING:biomolecule.py:157:num_missing_heavy:Missing atom CD in residue GLU A 270
2024-02-28 14:07:05,977 WARNING:biomolecule.py:157:num_missing_heavy:Missing atom OE1 in residue GLU A 270
2024-02-28 14:07:05,977 WARNING:biomolecule.py:157:num_missing_heavy:Missing atom OE2 in residue GLU A 270
2024-02-28 14:07:05,977 WARNING:biomolecule.py:157:num_missing_heavy:Missing atom CG in residue LYS A 274
2024-02-28 14:07:05,977 WARNING:biomolecule.py:157:num_missing_heavy:Missing atom CD in residue LYS A 274
2024-02-28 14:07:05,978 WARNING:biomolecule.py:157:num_missing_heavy:Missing atom CE in residue LYS A 274
2024-02-28 14:07:05,978 WARNING:biomolecule.py:157:num_missing_heavy:Missing atom NZ in residue LYS A 274
2024-02-28 14:07:05,978 WARNING:biomolecule.py:157:num_missing_heavy:Missing atom CB in residue LYS A 275
2024-02-28 14:07:05,979 WARNING:biomolecule.py:157:num_missing_heavy:Missing atom CG in residue LYS A 275
2024-02-28 14:07:05,979 WARNING:biomolecule.py:157:num_missing_heavy:Missing atom CD in residue LYS A 275
2024-02-28 14:07:05,979 WARNING:biomolecule.py:157:num_missing_heavy:Missing atom CE in residue LYS A 275
2024-02-28 14:07:05,979 WARNING:biomolecule.py:157:num_missing_heavy:Missing atom NZ in residue LYS A 275
2024-02-28 14:07:05,980 WARNING:biomolecule.py:157:num_missing_heavy:Missing atom CB in residue GLU A 276
2024-02-28 14:07:05,980 WARNING:biomolecule.py:157:num_missing_heavy:Missing atom CG in residue GLU A 276
2024-02-28 14:07:05,980 WARNING:biomolecule.py:157:num_missing_heavy:Missing atom CD in residue GLU A 276
2024-02-28 14:07:05,981 WARNING:biomolecule.py:157:num_missing_heavy:Missing atom OE1 in residue GLU A 276
2024-02-28 14:07:05,981 WARNING:biomolecule.py:157:num_missing_heavy:Missing atom OE2 in residue GLU A 276
2024-02-28 14:07:05,981 WARNING:biomolecule.py:157:num_missing_heavy:Missing atom CG in residue LYS A 278
2024-02-28 14:07:05,981 WARNING:biomolecule.py:157:num_missing_heavy:Missing atom CD in residue LYS A 278
2024-02-28 14:07:05,982 WARNING:biomolecule.py:157:num_missing_heavy:Missing atom CE in residue LYS A 278
2024-02-28 14:07:05,982 WARNING:biomolecule.py:157:num_missing_heavy:Missing atom NZ in residue LYS A 278
2024-02-28 14:07:05,982 WARNING:biomolecule.py:157:num_missing_heavy:Missing atom CB in residue LYS B 14
2024-02-28 14:07:05,983 WARNING:biomolecule.py:157:num_missing_heavy:Missing atom CG in residue LYS B 14
2024-02-28 14:07:05,983 WARNING:biomolecule.py:157:num_missing_heavy:Missing atom CD in residue LYS B 14
2024-02-28 14:07:05,983 WARNING:biomolecule.py:157:num_missing_heavy:Missing atom CE in residue LYS B 14
2024-02-28 14:07:05,983 WARNING:biomolecule.py:157:num_missing_heavy:Missing atom NZ in residue LYS B 14
2024-02-28 14:07:05,984 WARNING:biomolecule.py:157:num_missing_heavy:Missing atom CB in residue TYR B 15
2024-02-28 14:07:05,984 WARNING:biomolecule.py:157:num_missing_heavy:Missing atom CG in residue TYR B 15
2024-02-28 14:07:05,984 WARNING:biomolecule.py:157:num_missing_heavy:Missing atom CD1 in residue TYR B 15
2024-02-28 14:07:05,985 WARNING:biomolecule.py:157:num_missing_heavy:Missing atom CD2 in residue TYR B 15
2024-02-28 14:07:05,985 WARNING:biomolecule.py:157:num_missing_heavy:Missing atom CE1 in residue TYR B 15
2024-02-28 14:07:05,985 WARNING:biomolecule.py:157:num_missing_heavy:Missing atom CE2 in residue TYR B 15
2024-02-28 14:07:05,986 WARNING:biomolecule.py:157:num_missing_heavy:Missing atom CZ in residue TYR B 15
2024-02-28 14:07:05,986 WARNING:biomolecule.py:157:num_missing_heavy:Missing atom OH in residue TYR B 15
2024-02-28 14:07:05,986 WARNING:biomolecule.py:157:num_missing_heavy:Missing atom CB in residue VAL B 16
2024-02-28 14:07:05,986 WARNING:biomolecule.py:157:num_missing_heavy:Missing atom CG1 in residue VAL B 16
2024-02-28 14:07:05,987 WARNING:biomolecule.py:157:num_missing_heavy:Missing atom CG2 in residue VAL B 16
2024-02-28 14:07:05,987 WARNING:biomolecule.py:157:num_missing_heavy:Missing atom CB in residue GLU B 17
2024-02-28 14:07:05,987 WARNING:biomolecule.py:157:num_missing_heavy:Missing atom CG in residue GLU B 17
2024-02-28 14:07:05,988 WARNING:biomolecule.py:157:num_missing_heavy:Missing atom CD in residue GLU B 17
2024-02-28 14:07:05,988 WARNING:biomolecule.py:157:num_missing_heavy:Missing atom OE1 in residue GLU B 17
2024-02-28 14:07:05,988 WARNING:biomolecule.py:157:num_missing_heavy:Missing atom OE2 in residue GLU B 17
2024-02-28 14:07:05,988 WARNING:biomolecule.py:157:num_missing_heavy:Missing atom CB in residue SER B 18
2024-02-28 14:07:05,988 WARNING:biomolecule.py:157:num_missing_heavy:Missing atom OG in residue SER B 18
2024-02-28 14:07:05,989 WARNING:biomolecule.py:157:num_missing_heavy:Missing atom CG in residue PHE B 19
2024-02-28 14:07:05,989 WARNING:biomolecule.py:157:num_missing_heavy:Missing atom CD1 in residue PHE B 19
2024-02-28 14:07:05,989 WARNING:biomolecule.py:157:num_missing_heavy:Missing atom CD2 in residue PHE B 19
2024-02-28 14:07:05,989 WARNING:biomolecule.py:157:num_missing_heavy:Missing atom CE1 in residue PHE B 19
2024-02-28 14:07:05,990 WARNING:biomolecule.py:157:num_missing_heavy:Missing atom CE2 in residue PHE B 19
2024-02-28 14:07:05,990 WARNING:biomolecule.py:157:num_missing_heavy:Missing atom CZ in residue PHE B 19
2024-02-28 14:07:05,990 WARNING:biomolecule.py:157:num_missing_heavy:Missing atom CB in residue ARG B 20
2024-02-28 14:07:05,990 WARNING:biomolecule.py:157:num_missing_heavy:Missing atom CG in residue ARG B 20
2024-02-28 14:07:05,991 WARNING:biomolecule.py:157:num_missing_heavy:Missing atom CD in residue ARG B 20
2024-02-28 14:07:05,991 WARNING:biomolecule.py:157:num_missing_heavy:Missing atom NE in residue ARG B 20
2024-02-28 14:07:05,991 WARNING:biomolecule.py:157:num_missing_heavy:Missing atom CZ in residue ARG B 20
2024-02-28 14:07:05,992 WARNING:biomolecule.py:157:num_missing_heavy:Missing atom NH1 in residue ARG B 20
2024-02-28 14:07:05,992 WARNING:biomolecule.py:157:num_missing_heavy:Missing atom NH2 in residue ARG B 20
2024-02-28 14:07:05,992 WARNING:biomolecule.py:157:num_missing_heavy:Missing atom CB in residue ARG B 21
2024-02-28 14:07:05,993 WARNING:biomolecule.py:157:num_missing_heavy:Missing atom CG in residue ARG B 21
2024-02-28 14:07:05,993 WARNING:biomolecule.py:157:num_missing_heavy:Missing atom CD in residue ARG B 21
2024-02-28 14:07:05,993 WARNING:biomolecule.py:157:num_missing_heavy:Missing atom NE in residue ARG B 21
2024-02-28 14:07:05,993 WARNING:biomolecule.py:157:num_missing_heavy:Missing atom CZ in residue ARG B 21
2024-02-28 14:07:05,993 WARNING:biomolecule.py:157:num_missing_heavy:Missing atom NH1 in residue ARG B 21
2024-02-28 14:07:05,994 WARNING:biomolecule.py:157:num_missing_heavy:Missing atom NH2 in residue ARG B 21
2024-02-28 14:07:05,994 WARNING:biomolecule.py:157:num_missing_heavy:Missing atom CB in residue PHE B 22
2024-02-28 14:07:05,994 WARNING:biomolecule.py:157:num_missing_heavy:Missing atom CG in residue PHE B 22
2024-02-28 14:07:05,995 WARNING:biomolecule.py:157:num_missing_heavy:Missing atom CD1 in residue PHE B 22
2024-02-28 14:07:05,995 WARNING:biomolecule.py:157:num_missing_heavy:Missing atom CD2 in residue PHE B 22
2024-02-28 14:07:05,995 WARNING:biomolecule.py:157:num_missing_heavy:Missing atom CE1 in residue PHE B 22
2024-02-28 14:07:05,995 WARNING:biomolecule.py:157:num_missing_heavy:Missing atom CE2 in residue PHE B 22
2024-02-28 14:07:05,995 WARNING:biomolecule.py:157:num_missing_heavy:Missing atom CZ in residue PHE B 22
2024-02-28 14:07:05,995 WARNING:biomolecule.py:157:num_missing_heavy:Missing atom CB in residue ASN B 24
2024-02-28 14:07:05,996 WARNING:biomolecule.py:157:num_missing_heavy:Missing atom CG in residue ASN B 24
2024-02-28 14:07:05,996 WARNING:biomolecule.py:157:num_missing_heavy:Missing atom OD1 in residue ASN B 24
2024-02-28 14:07:05,996 WARNING:biomolecule.py:157:num_missing_heavy:Missing atom ND2 in residue ASN B 24
2024-02-28 14:07:05,996 WARNING:biomolecule.py:157:num_missing_heavy:Missing atom CB in residue HIS B 25
2024-02-28 14:07:05,996 WARNING:biomolecule.py:157:num_missing_heavy:Missing atom CG in residue HIS B 25
2024-02-28 14:07:05,997 WARNING:biomolecule.py:157:num_missing_heavy:Missing atom ND1 in residue HIS B 25
2024-02-28 14:07:05,997 WARNING:biomolecule.py:157:num_missing_heavy:Missing atom CD2 in residue HIS B 25
2024-02-28 14:07:05,997 WARNING:biomolecule.py:157:num_missing_heavy:Missing atom CE1 in residue HIS B 25
2024-02-28 14:07:05,997 WARNING:biomolecule.py:157:num_missing_heavy:Missing atom NE2 in residue HIS B 25
2024-02-28 14:07:05,998 WARNING:biomolecule.py:157:num_missing_heavy:Missing atom CG in residue GLN B 30
2024-02-28 14:07:05,998 WARNING:biomolecule.py:157:num_missing_heavy:Missing atom CD in residue GLN B 30
2024-02-28 14:07:05,998 WARNING:biomolecule.py:157:num_missing_heavy:Missing atom OE1 in residue GLN B 30
2024-02-28 14:07:05,999 WARNING:biomolecule.py:157:num_missing_heavy:Missing atom NE2 in residue GLN B 30
2024-02-28 14:07:05,999 WARNING:biomolecule.py:157:num_missing_heavy:Missing atom CG in residue GLU B 93
2024-02-28 14:07:05,999 WARNING:biomolecule.py:157:num_missing_heavy:Missing atom CD in residue GLU B 93
2024-02-28 14:07:05,999 WARNING:biomolecule.py:157:num_missing_heavy:Missing atom OE1 in residue GLU B 93
2024-02-28 14:07:06,000 WARNING:biomolecule.py:157:num_missing_heavy:Missing atom OE2 in residue GLU B 93
2024-02-28 14:07:06,000 WARNING:biomolecule.py:157:num_missing_heavy:Missing atom CB in residue ASN B 107
2024-02-28 14:07:06,000 WARNING:biomolecule.py:157:num_missing_heavy:Missing atom CG in residue ASN B 107
2024-02-28 14:07:06,000 WARNING:biomolecule.py:157:num_missing_heavy:Missing atom OD1 in residue ASN B 107
2024-02-28 14:07:06,001 WARNING:biomolecule.py:157:num_missing_heavy:Missing atom ND2 in residue ASN B 107
2024-02-28 14:07:06,001 WARNING:biomolecule.py:157:num_missing_heavy:Missing atom CB in residue GLU B 109
2024-02-28 14:07:06,001 WARNING:biomolecule.py:157:num_missing_heavy:Missing atom CG in residue GLU B 109
2024-02-28 14:07:06,002 WARNING:biomolecule.py:157:num_missing_heavy:Missing atom CD in residue GLU B 109
2024-02-28 14:07:06,002 WARNING:biomolecule.py:157:num_missing_heavy:Missing atom OE1 in residue GLU B 109
2024-02-28 14:07:06,002 WARNING:biomolecule.py:157:num_missing_heavy:Missing atom OE2 in residue GLU B 109
2024-02-28 14:07:06,002 WARNING:biomolecule.py:157:num_missing_heavy:Missing atom CG in residue LYS B 112
2024-02-28 14:07:06,003 WARNING:biomolecule.py:157:num_missing_heavy:Missing atom CD in residue LYS B 112
2024-02-28 14:07:06,003 WARNING:biomolecule.py:157:num_missing_heavy:Missing atom CE in residue LYS B 112
2024-02-28 14:07:06,003 WARNING:biomolecule.py:157:num_missing_heavy:Missing atom NZ in residue LYS B 112
2024-02-28 14:07:06,003 WARNING:biomolecule.py:157:num_missing_heavy:Missing atom CB in residue LYS B 130
2024-02-28 14:07:06,003 WARNING:biomolecule.py:157:num_missing_heavy:Missing atom CG in residue LYS B 130
2024-02-28 14:07:06,003 WARNING:biomolecule.py:157:num_missing_heavy:Missing atom CD in residue LYS B 130
2024-02-28 14:07:06,004 WARNING:biomolecule.py:157:num_missing_heavy:Missing atom CE in residue LYS B 130
2024-02-28 14:07:06,004 WARNING:biomolecule.py:157:num_missing_heavy:Missing atom NZ in residue LYS B 130
2024-02-28 14:07:06,004 WARNING:biomolecule.py:157:num_missing_heavy:Missing atom CB in residue LYS B 131
2024-02-28 14:07:06,004 WARNING:biomolecule.py:157:num_missing_heavy:Missing atom CG in residue LYS B 131
2024-02-28 14:07:06,004 WARNING:biomolecule.py:157:num_missing_heavy:Missing atom CD in residue LYS B 131
2024-02-28 14:07:06,005 WARNING:biomolecule.py:157:num_missing_heavy:Missing atom CE in residue LYS B 131
2024-02-28 14:07:06,005 WARNING:biomolecule.py:157:num_missing_heavy:Missing atom NZ in residue LYS B 131
2024-02-28 14:07:06,005 WARNING:biomolecule.py:157:num_missing_heavy:Missing atom CB in residue GLU B 132
2024-02-28 14:07:06,005 WARNING:biomolecule.py:157:num_missing_heavy:Missing atom CG in residue GLU B 132
2024-02-28 14:07:06,005 WARNING:biomolecule.py:157:num_missing_heavy:Missing atom CD in residue GLU B 132
2024-02-28 14:07:06,006 WARNING:biomolecule.py:157:num_missing_heavy:Missing atom OE1 in residue GLU B 132
2024-02-28 14:07:06,006 WARNING:biomolecule.py:157:num_missing_heavy:Missing atom OE2 in residue GLU B 132
2024-02-28 14:07:06,006 WARNING:biomolecule.py:157:num_missing_heavy:Missing atom CB in residue LEU B 133
2024-02-28 14:07:06,007 WARNING:biomolecule.py:157:num_missing_heavy:Missing atom CG in residue LEU B 133
2024-02-28 14:07:06,007 WARNING:biomolecule.py:157:num_missing_heavy:Missing atom CD1 in residue LEU B 133
2024-02-28 14:07:06,007 WARNING:biomolecule.py:157:num_missing_heavy:Missing atom CD2 in residue LEU B 133
2024-02-28 14:07:06,008 WARNING:biomolecule.py:157:num_missing_heavy:Missing atom CG in residue LYS B 149
2024-02-28 14:07:06,008 WARNING:biomolecule.py:157:num_missing_heavy:Missing atom CD in residue LYS B 149
2024-02-28 14:07:06,008 WARNING:biomolecule.py:157:num_missing_heavy:Missing atom CE in residue LYS B 149
2024-02-28 14:07:06,008 WARNING:biomolecule.py:157:num_missing_heavy:Missing atom NZ in residue LYS B 149
2024-02-28 14:07:06,008 WARNING:biomolecule.py:157:num_missing_heavy:Missing atom CG in residue ARG B 189
2024-02-28 14:07:06,008 WARNING:biomolecule.py:157:num_missing_heavy:Missing atom CD in residue ARG B 189
2024-02-28 14:07:06,009 WARNING:biomolecule.py:157:num_missing_heavy:Missing atom NE in residue ARG B 189
2024-02-28 14:07:06,009 WARNING:biomolecule.py:157:num_missing_heavy:Missing atom CZ in residue ARG B 189
2024-02-28 14:07:06,009 WARNING:biomolecule.py:157:num_missing_heavy:Missing atom NH1 in residue ARG B 189
2024-02-28 14:07:06,009 WARNING:biomolecule.py:157:num_missing_heavy:Missing atom NH2 in residue ARG B 189
2024-02-28 14:07:06,010 WARNING:biomolecule.py:157:num_missing_heavy:Missing atom CG in residue PHE B 190
2024-02-28 14:07:06,010 WARNING:biomolecule.py:157:num_missing_heavy:Missing atom CD1 in residue PHE B 190
2024-02-28 14:07:06,010 WARNING:biomolecule.py:157:num_missing_heavy:Missing atom CD2 in residue PHE B 190
2024-02-28 14:07:06,010 WARNING:biomolecule.py:157:num_missing_heavy:Missing atom CE1 in residue PHE B 190
2024-02-28 14:07:06,010 WARNING:biomolecule.py:157:num_missing_heavy:Missing atom CE2 in residue PHE B 190
2024-02-28 14:07:06,010 WARNING:biomolecule.py:157:num_missing_heavy:Missing atom CZ in residue PHE B 190
2024-02-28 14:07:06,010 WARNING:biomolecule.py:157:num_missing_heavy:Missing atom CG in residue GLN B 192
2024-02-28 14:07:06,010 WARNING:biomolecule.py:157:num_missing_heavy:Missing atom CD in residue GLN B 192
2024-02-28 14:07:06,010 WARNING:biomolecule.py:157:num_missing_heavy:Missing atom OE1 in residue GLN B 192
2024-02-28 14:07:06,010 WARNING:biomolecule.py:157:num_missing_heavy:Missing atom NE2 in residue GLN B 192
2024-02-28 14:07:06,010 WARNING:biomolecule.py:157:num_missing_heavy:Missing atom CG in residue ASP B 193
2024-02-28 14:07:06,010 WARNING:biomolecule.py:157:num_missing_heavy:Missing atom OD1 in residue ASP B 193
2024-02-28 14:07:06,010 WARNING:biomolecule.py:157:num_missing_heavy:Missing atom OD2 in residue ASP B 193
2024-02-28 14:07:06,010 WARNING:biomolecule.py:157:num_missing_heavy:Missing atom CG in residue LYS B 214
2024-02-28 14:07:06,010 WARNING:biomolecule.py:157:num_missing_heavy:Missing atom CD in residue LYS B 214
2024-02-28 14:07:06,010 WARNING:biomolecule.py:157:num_missing_heavy:Missing atom CE in residue LYS B 214
2024-02-28 14:07:06,011 WARNING:biomolecule.py:157:num_missing_heavy:Missing atom NZ in residue LYS B 214
2024-02-28 14:07:06,011 WARNING:biomolecule.py:157:num_missing_heavy:Missing atom CB in residue PHE B 230
2024-02-28 14:07:06,011 WARNING:biomolecule.py:157:num_missing_heavy:Missing atom CG in residue PHE B 230
2024-02-28 14:07:06,011 WARNING:biomolecule.py:157:num_missing_heavy:Missing atom CD1 in residue PHE B 230
2024-02-28 14:07:06,011 WARNING:biomolecule.py:157:num_missing_heavy:Missing atom CD2 in residue PHE B 230
2024-02-28 14:07:06,011 WARNING:biomolecule.py:157:num_missing_heavy:Missing atom CE1 in residue PHE B 230
2024-02-28 14:07:06,011 WARNING:biomolecule.py:157:num_missing_heavy:Missing atom CE2 in residue PHE B 230
2024-02-28 14:07:06,011 WARNING:biomolecule.py:157:num_missing_heavy:Missing atom CZ in residue PHE B 230
2024-02-28 14:07:06,011 WARNING:biomolecule.py:157:num_missing_heavy:Missing atom CB in residue ASP B 232
2024-02-28 14:07:06,011 WARNING:biomolecule.py:157:num_missing_heavy:Missing atom CG in residue ASP B 232
2024-02-28 14:07:06,011 WARNING:biomolecule.py:157:num_missing_heavy:Missing atom OD1 in residue ASP B 232
2024-02-28 14:07:06,011 WARNING:biomolecule.py:157:num_missing_heavy:Missing atom OD2 in residue ASP B 232
2024-02-28 14:07:06,011 WARNING:biomolecule.py:157:num_missing_heavy:Missing atom CB in residue ASN B 234
2024-02-28 14:07:06,011 WARNING:biomolecule.py:157:num_missing_heavy:Missing atom CG in residue ASN B 234
2024-02-28 14:07:06,011 WARNING:biomolecule.py:157:num_missing_heavy:Missing atom OD1 in residue ASN B 234
2024-02-28 14:07:06,011 WARNING:biomolecule.py:157:num_missing_heavy:Missing atom ND2 in residue ASN B 234
2024-02-28 14:07:06,011 WARNING:biomolecule.py:157:num_missing_heavy:Missing atom CB in residue GLU B 235
2024-02-28 14:07:06,011 WARNING:biomolecule.py:157:num_missing_heavy:Missing atom CG in residue GLU B 235
2024-02-28 14:07:06,011 WARNING:biomolecule.py:157:num_missing_heavy:Missing atom CD in residue GLU B 235
2024-02-28 14:07:06,011 WARNING:biomolecule.py:157:num_missing_heavy:Missing atom OE1 in residue GLU B 235
2024-02-28 14:07:06,011 WARNING:biomolecule.py:157:num_missing_heavy:Missing atom OE2 in residue GLU B 235
2024-02-28 14:07:06,011 WARNING:biomolecule.py:157:num_missing_heavy:Missing atom CG in residue ASN B 236
2024-02-28 14:07:06,011 WARNING:biomolecule.py:157:num_missing_heavy:Missing atom OD1 in residue ASN B 236
2024-02-28 14:07:06,011 WARNING:biomolecule.py:157:num_missing_heavy:Missing atom ND2 in residue ASN B 236
2024-02-28 14:07:06,011 WARNING:biomolecule.py:157:num_missing_heavy:Missing atom CB in residue ASP B 238
2024-02-28 14:07:06,011 WARNING:biomolecule.py:157:num_missing_heavy:Missing atom CG in residue ASP B 238
2024-02-28 14:07:06,011 WARNING:biomolecule.py:157:num_missing_heavy:Missing atom OD1 in residue ASP B 238
2024-02-28 14:07:06,011 WARNING:biomolecule.py:157:num_missing_heavy:Missing atom OD2 in residue ASP B 238
2024-02-28 14:07:06,011 WARNING:biomolecule.py:157:num_missing_heavy:Missing atom CG in residue LEU B 239
2024-02-28 14:07:06,011 WARNING:biomolecule.py:157:num_missing_heavy:Missing atom CD1 in residue LEU B 239
2024-02-28 14:07:06,011 WARNING:biomolecule.py:157:num_missing_heavy:Missing atom CD2 in residue LEU B 239
2024-02-28 14:07:06,011 WARNING:biomolecule.py:157:num_missing_heavy:Missing atom CB in residue ASN B 249
2024-02-28 14:07:06,012 WARNING:biomolecule.py:157:num_missing_heavy:Missing atom CG in residue ASN B 249
2024-02-28 14:07:06,012 WARNING:biomolecule.py:157:num_missing_heavy:Missing atom OD1 in residue ASN B 249
2024-02-28 14:07:06,012 WARNING:biomolecule.py:157:num_missing_heavy:Missing atom ND2 in residue ASN B 249
2024-02-28 14:07:06,012 WARNING:biomolecule.py:157:num_missing_heavy:Missing atom CB in residue ASN B 251
2024-02-28 14:07:06,012 WARNING:biomolecule.py:157:num_missing_heavy:Missing atom CG in residue ASN B 251
2024-02-28 14:07:06,012 WARNING:biomolecule.py:157:num_missing_heavy:Missing atom OD1 in residue ASN B 251
2024-02-28 14:07:06,012 WARNING:biomolecule.py:157:num_missing_heavy:Missing atom ND2 in residue ASN B 251
2024-02-28 14:07:06,012 WARNING:biomolecule.py:157:num_missing_heavy:Missing atom CB in residue ALA B 252
2024-02-28 14:07:06,012 WARNING:biomolecule.py:157:num_missing_heavy:Missing atom CB in residue ALA B 254
2024-02-28 14:07:06,012 WARNING:biomolecule.py:157:num_missing_heavy:Missing atom CG in residue ASP B 257
2024-02-28 14:07:06,012 WARNING:biomolecule.py:157:num_missing_heavy:Missing atom OD1 in residue ASP B 257
2024-02-28 14:07:06,012 WARNING:biomolecule.py:157:num_missing_heavy:Missing atom OD2 in residue ASP B 257
2024-02-28 14:07:06,012 WARNING:biomolecule.py:157:num_missing_heavy:Missing atom CB in residue ALA B 260
2024-02-28 14:07:06,012 WARNING:biomolecule.py:157:num_missing_heavy:Missing atom CG in residue LYS B 264
2024-02-28 14:07:06,012 WARNING:biomolecule.py:157:num_missing_heavy:Missing atom CD in residue LYS B 264
2024-02-28 14:07:06,012 WARNING:biomolecule.py:157:num_missing_heavy:Missing atom CE in residue LYS B 264
2024-02-28 14:07:06,012 WARNING:biomolecule.py:157:num_missing_heavy:Missing atom NZ in residue LYS B 264
2024-02-28 14:07:06,012 WARNING:biomolecule.py:157:num_missing_heavy:Missing atom CG in residue LYS B 274
2024-02-28 14:07:06,012 WARNING:biomolecule.py:157:num_missing_heavy:Missing atom CD in residue LYS B 274
2024-02-28 14:07:06,012 WARNING:biomolecule.py:157:num_missing_heavy:Missing atom CE in residue LYS B 274
2024-02-28 14:07:06,012 WARNING:biomolecule.py:157:num_missing_heavy:Missing atom NZ in residue LYS B 274
2024-02-28 14:07:06,012 WARNING:biomolecule.py:157:num_missing_heavy:Missing atom CB in residue LYS B 275
2024-02-28 14:07:06,012 WARNING:biomolecule.py:157:num_missing_heavy:Missing atom CG in residue LYS B 275
2024-02-28 14:07:06,012 WARNING:biomolecule.py:157:num_missing_heavy:Missing atom CD in residue LYS B 275
2024-02-28 14:07:06,012 WARNING:biomolecule.py:157:num_missing_heavy:Missing atom CE in residue LYS B 275
2024-02-28 14:07:06,012 WARNING:biomolecule.py:157:num_missing_heavy:Missing atom NZ in residue LYS B 275
2024-02-28 14:07:06,012 WARNING:biomolecule.py:157:num_missing_heavy:Missing atom CB in residue GLU B 276
2024-02-28 14:07:06,012 WARNING:biomolecule.py:157:num_missing_heavy:Missing atom CG in residue GLU B 276
2024-02-28 14:07:06,013 WARNING:biomolecule.py:157:num_missing_heavy:Missing atom CD in residue GLU B 276
2024-02-28 14:07:06,013 WARNING:biomolecule.py:157:num_missing_heavy:Missing atom OE1 in residue GLU B 276
2024-02-28 14:07:06,013 WARNING:biomolecule.py:157:num_missing_heavy:Missing atom OE2 in residue GLU B 276
2024-02-28 14:07:06,013 WARNING:biomolecule.py:157:num_missing_heavy:Missing atom CB in residue LYS B 278
2024-02-28 14:07:06,013 WARNING:biomolecule.py:157:num_missing_heavy:Missing atom CG in residue LYS B 278
2024-02-28 14:07:06,013 WARNING:biomolecule.py:157:num_missing_heavy:Missing atom CD in residue LYS B 278
2024-02-28 14:07:06,014 WARNING:biomolecule.py:157:num_missing_heavy:Missing atom CE in residue LYS B 278
2024-02-28 14:07:06,014 WARNING:biomolecule.py:157:num_missing_heavy:Missing atom NZ in residue LYS B 278
2024-02-28 14:07:06,014 WARNING:biomolecule.py:157:num_missing_heavy:Missing atom CG in residue GLU A 17
2024-02-28 14:07:06,014 WARNING:biomolecule.py:157:num_missing_heavy:Missing atom CD in residue GLU A 17
2024-02-28 14:07:06,014 WARNING:biomolecule.py:157:num_missing_heavy:Missing atom OE1 in residue GLU A 17
2024-02-28 14:07:06,014 WARNING:biomolecule.py:157:num_missing_heavy:Missing atom OE2 in residue GLU A 17
2024-02-28 14:07:06,015 WARNING:biomolecule.py:157:num_missing_heavy:Missing atom CB in residue GLU A 109
2024-02-28 14:07:06,015 WARNING:biomolecule.py:157:num_missing_heavy:Missing atom CG in residue GLU A 109
2024-02-28 14:07:06,015 WARNING:biomolecule.py:157:num_missing_heavy:Missing atom CD in residue GLU A 109
2024-02-28 14:07:06,015 WARNING:biomolecule.py:157:num_missing_heavy:Missing atom OE1 in residue GLU A 109
2024-02-28 14:07:06,015 WARNING:biomolecule.py:157:num_missing_heavy:Missing atom OE2 in residue GLU A 109
2024-02-28 14:07:06,015 WARNING:biomolecule.py:157:num_missing_heavy:Missing atom CB in residue GLU A 129
2024-02-28 14:07:06,015 WARNING:biomolecule.py:157:num_missing_heavy:Missing atom CG in residue GLU A 129
2024-02-28 14:07:06,015 WARNING:biomolecule.py:157:num_missing_heavy:Missing atom CD in residue GLU A 129
2024-02-28 14:07:06,016 WARNING:biomolecule.py:157:num_missing_heavy:Missing atom OE1 in residue GLU A 129
2024-02-28 14:07:06,016 WARNING:biomolecule.py:157:num_missing_heavy:Missing atom OE2 in residue GLU A 129
2024-02-28 14:07:06,016 WARNING:biomolecule.py:157:num_missing_heavy:Missing atom CG in residue LYS A 131
2024-02-28 14:07:06,016 WARNING:biomolecule.py:157:num_missing_heavy:Missing atom CD in residue LYS A 131
2024-02-28 14:07:06,016 WARNING:biomolecule.py:157:num_missing_heavy:Missing atom CE in residue LYS A 131
2024-02-28 14:07:06,016 WARNING:biomolecule.py:157:num_missing_heavy:Missing atom NZ in residue LYS A 131
2024-02-28 14:07:06,017 WARNING:biomolecule.py:157:num_missing_heavy:Missing atom CG in residue GLU A 132
2024-02-28 14:07:06,017 WARNING:biomolecule.py:157:num_missing_heavy:Missing atom CD in residue GLU A 132
2024-02-28 14:07:06,017 WARNING:biomolecule.py:157:num_missing_heavy:Missing atom OE1 in residue GLU A 132
2024-02-28 14:07:06,017 WARNING:biomolecule.py:157:num_missing_heavy:Missing atom OE2 in residue GLU A 132
2024-02-28 14:07:06,017 WARNING:biomolecule.py:157:num_missing_heavy:Missing atom CG in residue LEU A 133
2024-02-28 14:07:06,017 WARNING:biomolecule.py:157:num_missing_heavy:Missing atom CD1 in residue LEU A 133
2024-02-28 14:07:06,018 WARNING:biomolecule.py:157:num_missing_heavy:Missing atom CD2 in residue LEU A 133
2024-02-28 14:07:06,018 WARNING:biomolecule.py:157:num_missing_heavy:Missing atom CB in residue GLN A 192
2024-02-28 14:07:06,018 WARNING:biomolecule.py:157:num_missing_heavy:Missing atom CG in residue GLN A 192
2024-02-28 14:07:06,018 WARNING:biomolecule.py:157:num_missing_heavy:Missing atom CD in residue GLN A 192
2024-02-28 14:07:06,018 WARNING:biomolecule.py:157:num_missing_heavy:Missing atom OE1 in residue GLN A 192
2024-02-28 14:07:06,018 WARNING:biomolecule.py:157:num_missing_heavy:Missing atom NE2 in residue GLN A 192
2024-02-28 14:07:06,019 WARNING:biomolecule.py:157:num_missing_heavy:Missing atom CB in residue ASP A 194
2024-02-28 14:07:06,019 WARNING:biomolecule.py:157:num_missing_heavy:Missing atom CG in residue ASP A 194
2024-02-28 14:07:06,019 WARNING:biomolecule.py:157:num_missing_heavy:Missing atom OD1 in residue ASP A 194
2024-02-28 14:07:06,019 WARNING:biomolecule.py:157:num_missing_heavy:Missing atom OD2 in residue ASP A 194
2024-02-28 14:07:06,020 WARNING:biomolecule.py:157:num_missing_heavy:Missing atom CG in residue LEU A 195
2024-02-28 14:07:06,020 WARNING:biomolecule.py:157:num_missing_heavy:Missing atom CD1 in residue LEU A 195
2024-02-28 14:07:06,020 WARNING:biomolecule.py:157:num_missing_heavy:Missing atom CD2 in residue LEU A 195
2024-02-28 14:07:06,021 WARNING:biomolecule.py:157:num_missing_heavy:Missing atom CG in residue LYS A 214
2024-02-28 14:07:06,021 WARNING:biomolecule.py:157:num_missing_heavy:Missing atom CD in residue LYS A 214
2024-02-28 14:07:06,021 WARNING:biomolecule.py:157:num_missing_heavy:Missing atom CE in residue LYS A 214
2024-02-28 14:07:06,021 WARNING:biomolecule.py:157:num_missing_heavy:Missing atom NZ in residue LYS A 214
2024-02-28 14:07:06,022 WARNING:biomolecule.py:157:num_missing_heavy:Missing atom OG1 in residue THR A 253
2024-02-28 14:07:06,022 WARNING:biomolecule.py:157:num_missing_heavy:Missing atom CG2 in residue THR A 253
2024-02-28 14:07:06,022 WARNING:biomolecule.py:157:num_missing_heavy:Missing atom CG in residue LYS A 264
2024-02-28 14:07:06,022 WARNING:biomolecule.py:157:num_missing_heavy:Missing atom CD in residue LYS A 264
2024-02-28 14:07:06,023 WARNING:biomolecule.py:157:num_missing_heavy:Missing atom CE in residue LYS A 264
2024-02-28 14:07:06,023 WARNING:biomolecule.py:157:num_missing_heavy:Missing atom NZ in residue LYS A 264
2024-02-28 14:07:06,023 WARNING:biomolecule.py:157:num_missing_heavy:Missing atom CG in residue GLU A 268
2024-02-28 14:07:06,023 WARNING:biomolecule.py:157:num_missing_heavy:Missing atom CD in residue GLU A 268
2024-02-28 14:07:06,024 WARNING:biomolecule.py:157:num_missing_heavy:Missing atom OE1 in residue GLU A 268
2024-02-28 14:07:06,024 WARNING:biomolecule.py:157:num_missing_heavy:Missing atom OE2 in residue GLU A 268
2024-02-28 14:07:06,024 WARNING:biomolecule.py:157:num_missing_heavy:Missing atom CG in residue GLU A 270
2024-02-28 14:07:06,024 WARNING:biomolecule.py:157:num_missing_heavy:Missing atom CD in residue GLU A 270
2024-02-28 14:07:06,025 WARNING:biomolecule.py:157:num_missing_heavy:Missing atom OE1 in residue GLU A 270
2024-02-28 14:07:06,025 WARNING:biomolecule.py:157:num_missing_heavy:Missing atom OE2 in residue GLU A 270
2024-02-28 14:07:06,025 WARNING:biomolecule.py:157:num_missing_heavy:Missing atom CG in residue LYS A 274
2024-02-28 14:07:06,026 WARNING:biomolecule.py:157:num_missing_heavy:Missing atom CD in residue LYS A 274
2024-02-28 14:07:06,026 WARNING:biomolecule.py:157:num_missing_heavy:Missing atom CE in residue LYS A 274
2024-02-28 14:07:06,026 WARNING:biomolecule.py:157:num_missing_heavy:Missing atom NZ in residue LYS A 274
2024-02-28 14:07:06,026 WARNING:biomolecule.py:157:num_missing_heavy:Missing atom CB in residue LYS A 275
2024-02-28 14:07:06,026 WARNING:biomolecule.py:157:num_missing_heavy:Missing atom CG in residue LYS A 275
2024-02-28 14:07:06,027 WARNING:biomolecule.py:157:num_missing_heavy:Missing atom CD in residue LYS A 275
2024-02-28 14:07:06,027 WARNING:biomolecule.py:157:num_missing_heavy:Missing atom CE in residue LYS A 275
2024-02-28 14:07:06,027 WARNING:biomolecule.py:157:num_missing_heavy:Missing atom NZ in residue LYS A 275
2024-02-28 14:07:06,028 WARNING:biomolecule.py:157:num_missing_heavy:Missing atom CB in residue GLU A 276
2024-02-28 14:07:06,028 WARNING:biomolecule.py:157:num_missing_heavy:Missing atom CG in residue GLU A 276
2024-02-28 14:07:06,028 WARNING:biomolecule.py:157:num_missing_heavy:Missing atom CD in residue GLU A 276
2024-02-28 14:07:06,028 WARNING:biomolecule.py:157:num_missing_heavy:Missing atom OE1 in residue GLU A 276
2024-02-28 14:07:06,028 WARNING:biomolecule.py:157:num_missing_heavy:Missing atom OE2 in residue GLU A 276
2024-02-28 14:07:06,028 WARNING:biomolecule.py:157:num_missing_heavy:Missing atom CG in residue LYS A 278
2024-02-28 14:07:06,028 WARNING:biomolecule.py:157:num_missing_heavy:Missing atom CD in residue LYS A 278
2024-02-28 14:07:06,028 WARNING:biomolecule.py:157:num_missing_heavy:Missing atom CE in residue LYS A 278
2024-02-28 14:07:06,028 WARNING:biomolecule.py:157:num_missing_heavy:Missing atom NZ in residue LYS A 278
2024-02-28 14:07:06,029 WARNING:biomolecule.py:157:num_missing_heavy:Missing atom CB in residue LYS B 14
2024-02-28 14:07:06,029 WARNING:biomolecule.py:157:num_missing_heavy:Missing atom CG in residue LYS B 14
2024-02-28 14:07:06,029 WARNING:biomolecule.py:157:num_missing_heavy:Missing atom CD in residue LYS B 14
2024-02-28 14:07:06,029 WARNING:biomolecule.py:157:num_missing_heavy:Missing atom CE in residue LYS B 14
2024-02-28 14:07:06,029 WARNING:biomolecule.py:157:num_missing_heavy:Missing atom NZ in residue LYS B 14
2024-02-28 14:07:06,030 WARNING:biomolecule.py:157:num_missing_heavy:Missing atom CB in residue TYR B 15
2024-02-28 14:07:06,030 WARNING:biomolecule.py:157:num_missing_heavy:Missing atom CG in residue TYR B 15
2024-02-28 14:07:06,030 WARNING:biomolecule.py:157:num_missing_heavy:Missing atom CD1 in residue TYR B 15
2024-02-28 14:07:06,030 WARNING:biomolecule.py:157:num_missing_heavy:Missing atom CD2 in residue TYR B 15
2024-02-28 14:07:06,030 WARNING:biomolecule.py:157:num_missing_heavy:Missing atom CE1 in residue TYR B 15
2024-02-28 14:07:06,031 WARNING:biomolecule.py:157:num_missing_heavy:Missing atom CE2 in residue TYR B 15
2024-02-28 14:07:06,031 WARNING:biomolecule.py:157:num_missing_heavy:Missing atom CZ in residue TYR B 15
2024-02-28 14:07:06,031 WARNING:biomolecule.py:157:num_missing_heavy:Missing atom OH in residue TYR B 15
2024-02-28 14:07:06,032 WARNING:biomolecule.py:157:num_missing_heavy:Missing atom CB in residue VAL B 16
2024-02-28 14:07:06,032 WARNING:biomolecule.py:157:num_missing_heavy:Missing atom CG1 in residue VAL B 16
2024-02-28 14:07:06,032 WARNING:biomolecule.py:157:num_missing_heavy:Missing atom CG2 in residue VAL B 16
2024-02-28 14:07:06,032 WARNING:biomolecule.py:157:num_missing_heavy:Missing atom CB in residue GLU B 17
2024-02-28 14:07:06,033 WARNING:biomolecule.py:157:num_missing_heavy:Missing atom CG in residue GLU B 17
2024-02-28 14:07:06,033 WARNING:biomolecule.py:157:num_missing_heavy:Missing atom CD in residue GLU B 17
2024-02-28 14:07:06,033 WARNING:biomolecule.py:157:num_missing_heavy:Missing atom OE1 in residue GLU B 17
2024-02-28 14:07:06,034 WARNING:biomolecule.py:157:num_missing_heavy:Missing atom OE2 in residue GLU B 17
2024-02-28 14:07:06,034 WARNING:biomolecule.py:157:num_missing_heavy:Missing atom CB in residue SER B 18
2024-02-28 14:07:06,034 WARNING:biomolecule.py:157:num_missing_heavy:Missing atom OG in residue SER B 18
2024-02-28 14:07:06,035 WARNING:biomolecule.py:157:num_missing_heavy:Missing atom CG in residue PHE B 19
2024-02-28 14:07:06,035 WARNING:biomolecule.py:157:num_missing_heavy:Missing atom CD1 in residue PHE B 19
2024-02-28 14:07:06,035 WARNING:biomolecule.py:157:num_missing_heavy:Missing atom CD2 in residue PHE B 19
2024-02-28 14:07:06,035 WARNING:biomolecule.py:157:num_missing_heavy:Missing atom CE1 in residue PHE B 19
2024-02-28 14:07:06,035 WARNING:biomolecule.py:157:num_missing_heavy:Missing atom CE2 in residue PHE B 19
2024-02-28 14:07:06,036 WARNING:biomolecule.py:157:num_missing_heavy:Missing atom CZ in residue PHE B 19
2024-02-28 14:07:06,036 WARNING:biomolecule.py:157:num_missing_heavy:Missing atom CB in residue ARG B 20
2024-02-28 14:07:06,036 WARNING:biomolecule.py:157:num_missing_heavy:Missing atom CG in residue ARG B 20
2024-02-28 14:07:06,036 WARNING:biomolecule.py:157:num_missing_heavy:Missing atom CD in residue ARG B 20
2024-02-28 14:07:06,036 WARNING:biomolecule.py:157:num_missing_heavy:Missing atom NE in residue ARG B 20
2024-02-28 14:07:06,037 WARNING:biomolecule.py:157:num_missing_heavy:Missing atom CZ in residue ARG B 20
2024-02-28 14:07:06,037 WARNING:biomolecule.py:157:num_missing_heavy:Missing atom NH1 in residue ARG B 20
2024-02-28 14:07:06,037 WARNING:biomolecule.py:157:num_missing_heavy:Missing atom NH2 in residue ARG B 20
2024-02-28 14:07:06,038 WARNING:biomolecule.py:157:num_missing_heavy:Missing atom CB in residue ARG B 21
2024-02-28 14:07:06,038 WARNING:biomolecule.py:157:num_missing_heavy:Missing atom CG in residue ARG B 21
2024-02-28 14:07:06,038 WARNING:biomolecule.py:157:num_missing_heavy:Missing atom CD in residue ARG B 21
2024-02-28 14:07:06,038 WARNING:biomolecule.py:157:num_missing_heavy:Missing atom NE in residue ARG B 21
2024-02-28 14:07:06,039 WARNING:biomolecule.py:157:num_missing_heavy:Missing atom CZ in residue ARG B 21
2024-02-28 14:07:06,039 WARNING:biomolecule.py:157:num_missing_heavy:Missing atom NH1 in residue ARG B 21
2024-02-28 14:07:06,039 WARNING:biomolecule.py:157:num_missing_heavy:Missing atom NH2 in residue ARG B 21
2024-02-28 14:07:06,039 WARNING:biomolecule.py:157:num_missing_heavy:Missing atom CB in residue PHE B 22
2024-02-28 14:07:06,040 WARNING:biomolecule.py:157:num_missing_heavy:Missing atom CG in residue PHE B 22
2024-02-28 14:07:06,040 WARNING:biomolecule.py:157:num_missing_heavy:Missing atom CD1 in residue PHE B 22
2024-02-28 14:07:06,040 WARNING:biomolecule.py:157:num_missing_heavy:Missing atom CD2 in residue PHE B 22
2024-02-28 14:07:06,040 WARNING:biomolecule.py:157:num_missing_heavy:Missing atom CE1 in residue PHE B 22
2024-02-28 14:07:06,041 WARNING:biomolecule.py:157:num_missing_heavy:Missing atom CE2 in residue PHE B 22
2024-02-28 14:07:06,041 WARNING:biomolecule.py:157:num_missing_heavy:Missing atom CZ in residue PHE B 22
2024-02-28 14:07:06,041 WARNING:biomolecule.py:157:num_missing_heavy:Missing atom CB in residue ASN B 24
2024-02-28 14:07:06,041 WARNING:biomolecule.py:157:num_missing_heavy:Missing atom CG in residue ASN B 24
2024-02-28 14:07:06,042 WARNING:biomolecule.py:157:num_missing_heavy:Missing atom OD1 in residue ASN B 24
2024-02-28 14:07:06,042 WARNING:biomolecule.py:157:num_missing_heavy:Missing atom ND2 in residue ASN B 24
2024-02-28 14:07:06,042 WARNING:biomolecule.py:157:num_missing_heavy:Missing atom CB in residue HIS B 25
2024-02-28 14:07:06,042 WARNING:biomolecule.py:157:num_missing_heavy:Missing atom CG in residue HIS B 25
2024-02-28 14:07:06,043 WARNING:biomolecule.py:157:num_missing_heavy:Missing atom ND1 in residue HIS B 25
2024-02-28 14:07:06,043 WARNING:biomolecule.py:157:num_missing_heavy:Missing atom CD2 in residue HIS B 25
2024-02-28 14:07:06,043 WARNING:biomolecule.py:157:num_missing_heavy:Missing atom CE1 in residue HIS B 25
2024-02-28 14:07:06,043 WARNING:biomolecule.py:157:num_missing_heavy:Missing atom NE2 in residue HIS B 25
2024-02-28 14:07:06,043 WARNING:biomolecule.py:157:num_missing_heavy:Missing atom CG in residue GLN B 30
2024-02-28 14:07:06,044 WARNING:biomolecule.py:157:num_missing_heavy:Missing atom CD in residue GLN B 30
2024-02-28 14:07:06,044 WARNING:biomolecule.py:157:num_missing_heavy:Missing atom OE1 in residue GLN B 30
2024-02-28 14:07:06,044 WARNING:biomolecule.py:157:num_missing_heavy:Missing atom NE2 in residue GLN B 30
2024-02-28 14:07:06,045 WARNING:biomolecule.py:157:num_missing_heavy:Missing atom CG in residue GLU B 93
2024-02-28 14:07:06,045 WARNING:biomolecule.py:157:num_missing_heavy:Missing atom CD in residue GLU B 93
2024-02-28 14:07:06,045 WARNING:biomolecule.py:157:num_missing_heavy:Missing atom OE1 in residue GLU B 93
2024-02-28 14:07:06,046 WARNING:biomolecule.py:157:num_missing_heavy:Missing atom OE2 in residue GLU B 93
2024-02-28 14:07:06,046 WARNING:biomolecule.py:157:num_missing_heavy:Missing atom CB in residue ASN B 107
2024-02-28 14:07:06,046 WARNING:biomolecule.py:157:num_missing_heavy:Missing atom CG in residue ASN B 107
2024-02-28 14:07:06,046 WARNING:biomolecule.py:157:num_missing_heavy:Missing atom OD1 in residue ASN B 107
2024-02-28 14:07:06,046 WARNING:biomolecule.py:157:num_missing_heavy:Missing atom ND2 in residue ASN B 107
2024-02-28 14:07:06,047 WARNING:biomolecule.py:157:num_missing_heavy:Missing atom CB in residue GLU B 109
2024-02-28 14:07:06,047 WARNING:biomolecule.py:157:num_missing_heavy:Missing atom CG in residue GLU B 109
2024-02-28 14:07:06,047 WARNING:biomolecule.py:157:num_missing_heavy:Missing atom CD in residue GLU B 109
2024-02-28 14:07:06,048 WARNING:biomolecule.py:157:num_missing_heavy:Missing atom OE1 in residue GLU B 109
2024-02-28 14:07:06,048 WARNING:biomolecule.py:157:num_missing_heavy:Missing atom OE2 in residue GLU B 109
2024-02-28 14:07:06,048 WARNING:biomolecule.py:157:num_missing_heavy:Missing atom CG in residue LYS B 112
2024-02-28 14:07:06,048 WARNING:biomolecule.py:157:num_missing_heavy:Missing atom CD in residue LYS B 112
2024-02-28 14:07:06,048 WARNING:biomolecule.py:157:num_missing_heavy:Missing atom CE in residue LYS B 112
2024-02-28 14:07:06,049 WARNING:biomolecule.py:157:num_missing_heavy:Missing atom NZ in residue LYS B 112
2024-02-28 14:07:06,049 WARNING:biomolecule.py:157:num_missing_heavy:Missing atom CB in residue LYS B 130
2024-02-28 14:07:06,049 WARNING:biomolecule.py:157:num_missing_heavy:Missing atom CG in residue LYS B 130
2024-02-28 14:07:06,049 WARNING:biomolecule.py:157:num_missing_heavy:Missing atom CD in residue LYS B 130
2024-02-28 14:07:06,050 WARNING:biomolecule.py:157:num_missing_heavy:Missing atom CE in residue LYS B 130
2024-02-28 14:07:06,050 WARNING:biomolecule.py:157:num_missing_heavy:Missing atom NZ in residue LYS B 130
2024-02-28 14:07:06,050 WARNING:biomolecule.py:157:num_missing_heavy:Missing atom CB in residue LYS B 131
2024-02-28 14:07:06,050 WARNING:biomolecule.py:157:num_missing_heavy:Missing atom CG in residue LYS B 131
2024-02-28 14:07:06,050 WARNING:biomolecule.py:157:num_missing_heavy:Missing atom CD in residue LYS B 131
2024-02-28 14:07:06,051 WARNING:biomolecule.py:157:num_missing_heavy:Missing atom CE in residue LYS B 131
2024-02-28 14:07:06,051 WARNING:biomolecule.py:157:num_missing_heavy:Missing atom NZ in residue LYS B 131
2024-02-28 14:07:06,051 WARNING:biomolecule.py:157:num_missing_heavy:Missing atom CB in residue GLU B 132
2024-02-28 14:07:06,051 WARNING:biomolecule.py:157:num_missing_heavy:Missing atom CG in residue GLU B 132
2024-02-28 14:07:06,052 WARNING:biomolecule.py:157:num_missing_heavy:Missing atom CD in residue GLU B 132
2024-02-28 14:07:06,052 WARNING:biomolecule.py:157:num_missing_heavy:Missing atom OE1 in residue GLU B 132
2024-02-28 14:07:06,052 WARNING:biomolecule.py:157:num_missing_heavy:Missing atom OE2 in residue GLU B 132
2024-02-28 14:07:06,052 WARNING:biomolecule.py:157:num_missing_heavy:Missing atom CB in residue LEU B 133
2024-02-28 14:07:06,053 WARNING:biomolecule.py:157:num_missing_heavy:Missing atom CG in residue LEU B 133
2024-02-28 14:07:06,053 WARNING:biomolecule.py:157:num_missing_heavy:Missing atom CD1 in residue LEU B 133
2024-02-28 14:07:06,053 WARNING:biomolecule.py:157:num_missing_heavy:Missing atom CD2 in residue LEU B 133
2024-02-28 14:07:06,053 WARNING:biomolecule.py:157:num_missing_heavy:Missing atom CG in residue LYS B 149
2024-02-28 14:07:06,054 WARNING:biomolecule.py:157:num_missing_heavy:Missing atom CD in residue LYS B 149
2024-02-28 14:07:06,054 WARNING:biomolecule.py:157:num_missing_heavy:Missing atom CE in residue LYS B 149
2024-02-28 14:07:06,054 WARNING:biomolecule.py:157:num_missing_heavy:Missing atom NZ in residue LYS B 149
2024-02-28 14:07:06,054 WARNING:biomolecule.py:157:num_missing_heavy:Missing atom CG in residue ARG B 189
2024-02-28 14:07:06,055 WARNING:biomolecule.py:157:num_missing_heavy:Missing atom CD in residue ARG B 189
2024-02-28 14:07:06,055 WARNING:biomolecule.py:157:num_missing_heavy:Missing atom NE in residue ARG B 189
2024-02-28 14:07:06,055 WARNING:biomolecule.py:157:num_missing_heavy:Missing atom CZ in residue ARG B 189
2024-02-28 14:07:06,055 WARNING:biomolecule.py:157:num_missing_heavy:Missing atom NH1 in residue ARG B 189
2024-02-28 14:07:06,055 WARNING:biomolecule.py:157:num_missing_heavy:Missing atom NH2 in residue ARG B 189
2024-02-28 14:07:06,056 WARNING:biomolecule.py:157:num_missing_heavy:Missing atom CG in residue PHE B 190
2024-02-28 14:07:06,056 WARNING:biomolecule.py:157:num_missing_heavy:Missing atom CD1 in residue PHE B 190
2024-02-28 14:07:06,056 WARNING:biomolecule.py:157:num_missing_heavy:Missing atom CD2 in residue PHE B 190
2024-02-28 14:07:06,057 WARNING:biomolecule.py:157:num_missing_heavy:Missing atom CE1 in residue PHE B 190
2024-02-28 14:07:06,057 WARNING:biomolecule.py:157:num_missing_heavy:Missing atom CE2 in residue PHE B 190
2024-02-28 14:07:06,057 WARNING:biomolecule.py:157:num_missing_heavy:Missing atom CZ in residue PHE B 190
2024-02-28 14:07:06,057 WARNING:biomolecule.py:157:num_missing_heavy:Missing atom CG in residue GLN B 192
2024-02-28 14:07:06,058 WARNING:biomolecule.py:157:num_missing_heavy:Missing atom CD in residue GLN B 192
2024-02-28 14:07:06,058 WARNING:biomolecule.py:157:num_missing_heavy:Missing atom OE1 in residue GLN B 192
2024-02-28 14:07:06,058 WARNING:biomolecule.py:157:num_missing_heavy:Missing atom NE2 in residue GLN B 192
2024-02-28 14:07:06,058 WARNING:biomolecule.py:157:num_missing_heavy:Missing atom CG in residue ASP B 193
2024-02-28 14:07:06,059 WARNING:biomolecule.py:157:num_missing_heavy:Missing atom OD1 in residue ASP B 193
2024-02-28 14:07:06,059 WARNING:biomolecule.py:157:num_missing_heavy:Missing atom OD2 in residue ASP B 193
2024-02-28 14:07:06,059 WARNING:biomolecule.py:157:num_missing_heavy:Missing atom CG in residue LYS B 214
2024-02-28 14:07:06,059 WARNING:biomolecule.py:157:num_missing_heavy:Missing atom CD in residue LYS B 214
2024-02-28 14:07:06,060 WARNING:biomolecule.py:157:num_missing_heavy:Missing atom CE in residue LYS B 214
2024-02-28 14:07:06,060 WARNING:biomolecule.py:157:num_missing_heavy:Missing atom NZ in residue LYS B 214
2024-02-28 14:07:06,060 WARNING:biomolecule.py:157:num_missing_heavy:Missing atom CB in residue PHE B 230
2024-02-28 14:07:06,060 WARNING:biomolecule.py:157:num_missing_heavy:Missing atom CG in residue PHE B 230
2024-02-28 14:07:06,060 WARNING:biomolecule.py:157:num_missing_heavy:Missing atom CD1 in residue PHE B 230
2024-02-28 14:07:06,060 WARNING:biomolecule.py:157:num_missing_heavy:Missing atom CD2 in residue PHE B 230
2024-02-28 14:07:06,061 WARNING:biomolecule.py:157:num_missing_heavy:Missing atom CE1 in residue PHE B 230
2024-02-28 14:07:06,061 WARNING:biomolecule.py:157:num_missing_heavy:Missing atom CE2 in residue PHE B 230
2024-02-28 14:07:06,061 WARNING:biomolecule.py:157:num_missing_heavy:Missing atom CZ in residue PHE B 230
2024-02-28 14:07:06,062 WARNING:biomolecule.py:157:num_missing_heavy:Missing atom CB in residue ASP B 232
2024-02-28 14:07:06,062 WARNING:biomolecule.py:157:num_missing_heavy:Missing atom CG in residue ASP B 232
2024-02-28 14:07:06,062 WARNING:biomolecule.py:157:num_missing_heavy:Missing atom OD1 in residue ASP B 232
2024-02-28 14:07:06,062 WARNING:biomolecule.py:157:num_missing_heavy:Missing atom OD2 in residue ASP B 232
2024-02-28 14:07:06,062 WARNING:biomolecule.py:157:num_missing_heavy:Missing atom CB in residue ASN B 234
2024-02-28 14:07:06,063 WARNING:biomolecule.py:157:num_missing_heavy:Missing atom CG in residue ASN B 234
2024-02-28 14:07:06,063 WARNING:biomolecule.py:157:num_missing_heavy:Missing atom OD1 in residue ASN B 234
2024-02-28 14:07:06,063 WARNING:biomolecule.py:157:num_missing_heavy:Missing atom ND2 in residue ASN B 234
2024-02-28 14:07:06,063 WARNING:biomolecule.py:157:num_missing_heavy:Missing atom CB in residue GLU B 235
2024-02-28 14:07:06,064 WARNING:biomolecule.py:157:num_missing_heavy:Missing atom CG in residue GLU B 235
2024-02-28 14:07:06,064 WARNING:biomolecule.py:157:num_missing_heavy:Missing atom CD in residue GLU B 235
2024-02-28 14:07:06,064 WARNING:biomolecule.py:157:num_missing_heavy:Missing atom OE1 in residue GLU B 235
2024-02-28 14:07:06,064 WARNING:biomolecule.py:157:num_missing_heavy:Missing atom OE2 in residue GLU B 235
2024-02-28 14:07:06,065 WARNING:biomolecule.py:157:num_missing_heavy:Missing atom CG in residue ASN B 236
2024-02-28 14:07:06,065 WARNING:biomolecule.py:157:num_missing_heavy:Missing atom OD1 in residue ASN B 236
2024-02-28 14:07:06,065 WARNING:biomolecule.py:157:num_missing_heavy:Missing atom ND2 in residue ASN B 236
2024-02-28 14:07:06,065 WARNING:biomolecule.py:157:num_missing_heavy:Missing atom CB in residue ASP B 238
2024-02-28 14:07:06,065 WARNING:biomolecule.py:157:num_missing_heavy:Missing atom CG in residue ASP B 238
2024-02-28 14:07:06,065 WARNING:biomolecule.py:157:num_missing_heavy:Missing atom OD1 in residue ASP B 238
2024-02-28 14:07:06,065 WARNING:biomolecule.py:157:num_missing_heavy:Missing atom OD2 in residue ASP B 238
2024-02-28 14:07:06,065 WARNING:biomolecule.py:157:num_missing_heavy:Missing atom CG in residue LEU B 239
2024-02-28 14:07:06,065 WARNING:biomolecule.py:157:num_missing_heavy:Missing atom CD1 in residue LEU B 239
2024-02-28 14:07:06,065 WARNING:biomolecule.py:157:num_missing_heavy:Missing atom CD2 in residue LEU B 239
2024-02-28 14:07:06,065 WARNING:biomolecule.py:157:num_missing_heavy:Missing atom CB in residue ASN B 249
2024-02-28 14:07:06,065 WARNING:biomolecule.py:157:num_missing_heavy:Missing atom CG in residue ASN B 249
2024-02-28 14:07:06,065 WARNING:biomolecule.py:157:num_missing_heavy:Missing atom OD1 in residue ASN B 249
2024-02-28 14:07:06,066 WARNING:biomolecule.py:157:num_missing_heavy:Missing atom ND2 in residue ASN B 249
2024-02-28 14:07:06,066 WARNING:biomolecule.py:157:num_missing_heavy:Missing atom CB in residue ASN B 251
2024-02-28 14:07:06,066 WARNING:biomolecule.py:157:num_missing_heavy:Missing atom CG in residue ASN B 251
2024-02-28 14:07:06,066 WARNING:biomolecule.py:157:num_missing_heavy:Missing atom OD1 in residue ASN B 251
2024-02-28 14:07:06,066 WARNING:biomolecule.py:157:num_missing_heavy:Missing atom ND2 in residue ASN B 251
2024-02-28 14:07:06,066 WARNING:biomolecule.py:157:num_missing_heavy:Missing atom CB in residue ALA B 252
2024-02-28 14:07:06,066 WARNING:biomolecule.py:157:num_missing_heavy:Missing atom CB in residue ALA B 254
2024-02-28 14:07:06,066 WARNING:biomolecule.py:157:num_missing_heavy:Missing atom CG in residue ASP B 257
2024-02-28 14:07:06,066 WARNING:biomolecule.py:157:num_missing_heavy:Missing atom OD1 in residue ASP B 257
2024-02-28 14:07:06,066 WARNING:biomolecule.py:157:num_missing_heavy:Missing atom OD2 in residue ASP B 257
2024-02-28 14:07:06,066 WARNING:biomolecule.py:157:num_missing_heavy:Missing atom CB in residue ALA B 260
2024-02-28 14:07:06,066 WARNING:biomolecule.py:157:num_missing_heavy:Missing atom CG in residue LYS B 264
2024-02-28 14:07:06,066 WARNING:biomolecule.py:157:num_missing_heavy:Missing atom CD in residue LYS B 264
2024-02-28 14:07:06,066 WARNING:biomolecule.py:157:num_missing_heavy:Missing atom CE in residue LYS B 264
2024-02-28 14:07:06,066 WARNING:biomolecule.py:157:num_missing_heavy:Missing atom NZ in residue LYS B 264
2024-02-28 14:07:06,066 WARNING:biomolecule.py:157:num_missing_heavy:Missing atom CG in residue LYS B 274
2024-02-28 14:07:06,067 WARNING:biomolecule.py:157:num_missing_heavy:Missing atom CD in residue LYS B 274
2024-02-28 14:07:06,067 WARNING:biomolecule.py:157:num_missing_heavy:Missing atom CE in residue LYS B 274
2024-02-28 14:07:06,067 WARNING:biomolecule.py:157:num_missing_heavy:Missing atom NZ in residue LYS B 274
2024-02-28 14:07:06,067 WARNING:biomolecule.py:157:num_missing_heavy:Missing atom CB in residue LYS B 275
2024-02-28 14:07:06,067 WARNING:biomolecule.py:157:num_missing_heavy:Missing atom CG in residue LYS B 275
2024-02-28 14:07:06,067 WARNING:biomolecule.py:157:num_missing_heavy:Missing atom CD in residue LYS B 275
2024-02-28 14:07:06,067 WARNING:biomolecule.py:157:num_missing_heavy:Missing atom CE in residue LYS B 275
2024-02-28 14:07:06,067 WARNING:biomolecule.py:157:num_missing_heavy:Missing atom NZ in residue LYS B 275
2024-02-28 14:07:06,067 WARNING:biomolecule.py:157:num_missing_heavy:Missing atom CB in residue GLU B 276
2024-02-28 14:07:06,067 WARNING:biomolecule.py:157:num_missing_heavy:Missing atom CG in residue GLU B 276
2024-02-28 14:07:06,067 WARNING:biomolecule.py:157:num_missing_heavy:Missing atom CD in residue GLU B 276
2024-02-28 14:07:06,067 WARNING:biomolecule.py:157:num_missing_heavy:Missing atom OE1 in residue GLU B 276
2024-02-28 14:07:06,067 WARNING:biomolecule.py:157:num_missing_heavy:Missing atom OE2 in residue GLU B 276
2024-02-28 14:07:06,067 WARNING:biomolecule.py:157:num_missing_heavy:Missing atom CB in residue LYS B 278
2024-02-28 14:07:06,067 WARNING:biomolecule.py:157:num_missing_heavy:Missing atom CG in residue LYS B 278
2024-02-28 14:07:06,067 WARNING:biomolecule.py:157:num_missing_heavy:Missing atom CD in residue LYS B 278
2024-02-28 14:07:06,067 WARNING:biomolecule.py:157:num_missing_heavy:Missing atom CE in residue LYS B 278
2024-02-28 14:07:06,067 WARNING:biomolecule.py:157:num_missing_heavy:Missing atom NZ in residue LYS B 278
2024-02-28 14:07:06,067 WARNING:biomolecule.py:157:num_missing_heavy:Missing atom CG in residue GLU A 17
2024-02-28 14:07:06,067 WARNING:biomolecule.py:157:num_missing_heavy:Missing atom CD in residue GLU A 17
2024-02-28 14:07:06,068 WARNING:biomolecule.py:157:num_missing_heavy:Missing atom OE1 in residue GLU A 17
2024-02-28 14:07:06,068 WARNING:biomolecule.py:157:num_missing_heavy:Missing atom OE2 in residue GLU A 17
2024-02-28 14:07:06,068 WARNING:biomolecule.py:157:num_missing_heavy:Missing atom CB in residue GLU A 109
2024-02-28 14:07:06,068 WARNING:biomolecule.py:157:num_missing_heavy:Missing atom CG in residue GLU A 109
2024-02-28 14:07:06,068 WARNING:biomolecule.py:157:num_missing_heavy:Missing atom CD in residue GLU A 109
2024-02-28 14:07:06,069 WARNING:biomolecule.py:157:num_missing_heavy:Missing atom OE1 in residue GLU A 109
2024-02-28 14:07:06,069 WARNING:biomolecule.py:157:num_missing_heavy:Missing atom OE2 in residue GLU A 109
2024-02-28 14:07:06,069 WARNING:biomolecule.py:157:num_missing_heavy:Missing atom CB in residue GLU A 129
2024-02-28 14:07:06,069 WARNING:biomolecule.py:157:num_missing_heavy:Missing atom CG in residue GLU A 129
2024-02-28 14:07:06,070 WARNING:biomolecule.py:157:num_missing_heavy:Missing atom CD in residue GLU A 129
2024-02-28 14:07:06,070 WARNING:biomolecule.py:157:num_missing_heavy:Missing atom OE1 in residue GLU A 129
2024-02-28 14:07:06,070 WARNING:biomolecule.py:157:num_missing_heavy:Missing atom OE2 in residue GLU A 129
2024-02-28 14:07:06,070 WARNING:biomolecule.py:157:num_missing_heavy:Missing atom CG in residue LYS A 131
2024-02-28 14:07:06,070 WARNING:biomolecule.py:157:num_missing_heavy:Missing atom CD in residue LYS A 131
2024-02-28 14:07:06,071 WARNING:biomolecule.py:157:num_missing_heavy:Missing atom CE in residue LYS A 131
2024-02-28 14:07:06,071 WARNING:biomolecule.py:157:num_missing_heavy:Missing atom NZ in residue LYS A 131
2024-02-28 14:07:06,071 WARNING:biomolecule.py:157:num_missing_heavy:Missing atom CG in residue GLU A 132
2024-02-28 14:07:06,071 WARNING:biomolecule.py:157:num_missing_heavy:Missing atom CD in residue GLU A 132
2024-02-28 14:07:06,072 WARNING:biomolecule.py:157:num_missing_heavy:Missing atom OE1 in residue GLU A 132
2024-02-28 14:07:06,072 WARNING:biomolecule.py:157:num_missing_heavy:Missing atom OE2 in residue GLU A 132
2024-02-28 14:07:06,072 WARNING:biomolecule.py:157:num_missing_heavy:Missing atom CG in residue LEU A 133
2024-02-28 14:07:06,072 WARNING:biomolecule.py:157:num_missing_heavy:Missing atom CD1 in residue LEU A 133
2024-02-28 14:07:06,072 WARNING:biomolecule.py:157:num_missing_heavy:Missing atom CD2 in residue LEU A 133
2024-02-28 14:07:06,073 WARNING:biomolecule.py:157:num_missing_heavy:Missing atom CB in residue GLN A 192
2024-02-28 14:07:06,073 WARNING:biomolecule.py:157:num_missing_heavy:Missing atom CG in residue GLN A 192
2024-02-28 14:07:06,073 WARNING:biomolecule.py:157:num_missing_heavy:Missing atom CD in residue GLN A 192
2024-02-28 14:07:06,073 WARNING:biomolecule.py:157:num_missing_heavy:Missing atom OE1 in residue GLN A 192
2024-02-28 14:07:06,073 WARNING:biomolecule.py:157:num_missing_heavy:Missing atom NE2 in residue GLN A 192
2024-02-28 14:07:06,073 WARNING:biomolecule.py:157:num_missing_heavy:Missing atom CB in residue ASP A 194
2024-02-28 14:07:06,074 WARNING:biomolecule.py:157:num_missing_heavy:Missing atom CG in residue ASP A 194
2024-02-28 14:07:06,074 WARNING:biomolecule.py:157:num_missing_heavy:Missing atom OD1 in residue ASP A 194
2024-02-28 14:07:06,075 WARNING:biomolecule.py:157:num_missing_heavy:Missing atom OD2 in residue ASP A 194
2024-02-28 14:07:06,075 WARNING:biomolecule.py:157:num_missing_heavy:Missing atom CG in residue LEU A 195
2024-02-28 14:07:06,075 WARNING:biomolecule.py:157:num_missing_heavy:Missing atom CD1 in residue LEU A 195
2024-02-28 14:07:06,076 WARNING:biomolecule.py:157:num_missing_heavy:Missing atom CD2 in residue LEU A 195
2024-02-28 14:07:06,076 WARNING:biomolecule.py:157:num_missing_heavy:Missing atom CG in residue LYS A 214
2024-02-28 14:07:06,076 WARNING:biomolecule.py:157:num_missing_heavy:Missing atom CD in residue LYS A 214
2024-02-28 14:07:06,076 WARNING:biomolecule.py:157:num_missing_heavy:Missing atom CE in residue LYS A 214
2024-02-28 14:07:06,076 WARNING:biomolecule.py:157:num_missing_heavy:Missing atom NZ in residue LYS A 214
2024-02-28 14:07:06,077 WARNING:biomolecule.py:157:num_missing_heavy:Missing atom OG1 in residue THR A 253
2024-02-28 14:07:06,077 WARNING:biomolecule.py:157:num_missing_heavy:Missing atom CG2 in residue THR A 253
2024-02-28 14:07:06,077 WARNING:biomolecule.py:157:num_missing_heavy:Missing atom CG in residue LYS A 264
2024-02-28 14:07:06,077 WARNING:biomolecule.py:157:num_missing_heavy:Missing atom CD in residue LYS A 264
2024-02-28 14:07:06,078 WARNING:biomolecule.py:157:num_missing_heavy:Missing atom CE in residue LYS A 264
2024-02-28 14:07:06,078 WARNING:biomolecule.py:157:num_missing_heavy:Missing atom NZ in residue LYS A 264
2024-02-28 14:07:06,078 WARNING:biomolecule.py:157:num_missing_heavy:Missing atom CG in residue GLU A 268
2024-02-28 14:07:06,078 WARNING:biomolecule.py:157:num_missing_heavy:Missing atom CD in residue GLU A 268
2024-02-28 14:07:06,078 WARNING:biomolecule.py:157:num_missing_heavy:Missing atom OE1 in residue GLU A 268
2024-02-28 14:07:06,078 WARNING:biomolecule.py:157:num_missing_heavy:Missing atom OE2 in residue GLU A 268
2024-02-28 14:07:06,078 WARNING:biomolecule.py:157:num_missing_heavy:Missing atom CG in residue GLU A 270
2024-02-28 14:07:06,079 WARNING:biomolecule.py:157:num_missing_heavy:Missing atom CD in residue GLU A 270
2024-02-28 14:07:06,079 WARNING:biomolecule.py:157:num_missing_heavy:Missing atom OE1 in residue GLU A 270
2024-02-28 14:07:06,079 WARNING:biomolecule.py:157:num_missing_heavy:Missing atom OE2 in residue GLU A 270
2024-02-28 14:07:06,079 WARNING:biomolecule.py:157:num_missing_heavy:Missing atom CG in residue LYS A 274
2024-02-28 14:07:06,079 WARNING:biomolecule.py:157:num_missing_heavy:Missing atom CD in residue LYS A 274
2024-02-28 14:07:06,079 WARNING:biomolecule.py:157:num_missing_heavy:Missing atom CE in residue LYS A 274
2024-02-28 14:07:06,080 WARNING:biomolecule.py:157:num_missing_heavy:Missing atom NZ in residue LYS A 274
2024-02-28 14:07:06,080 WARNING:biomolecule.py:157:num_missing_heavy:Missing atom CB in residue LYS A 275
2024-02-28 14:07:06,080 WARNING:biomolecule.py:157:num_missing_heavy:Missing atom CG in residue LYS A 275
2024-02-28 14:07:06,080 WARNING:biomolecule.py:157:num_missing_heavy:Missing atom CD in residue LYS A 275
2024-02-28 14:07:06,080 WARNING:biomolecule.py:157:num_missing_heavy:Missing atom CE in residue LYS A 275
2024-02-28 14:07:06,080 WARNING:biomolecule.py:157:num_missing_heavy:Missing atom NZ in residue LYS A 275
2024-02-28 14:07:06,080 WARNING:biomolecule.py:157:num_missing_heavy:Missing atom CB in residue GLU A 276
2024-02-28 14:07:06,080 WARNING:biomolecule.py:157:num_missing_heavy:Missing atom CG in residue GLU A 276
2024-02-28 14:07:06,080 WARNING:biomolecule.py:157:num_missing_heavy:Missing atom CD in residue GLU A 276
2024-02-28 14:07:06,080 WARNING:biomolecule.py:157:num_missing_heavy:Missing atom OE1 in residue GLU A 276
2024-02-28 14:07:06,080 WARNING:biomolecule.py:157:num_missing_heavy:Missing atom OE2 in residue GLU A 276
2024-02-28 14:07:06,080 WARNING:biomolecule.py:157:num_missing_heavy:Missing atom CG in residue LYS A 278
2024-02-28 14:07:06,080 WARNING:biomolecule.py:157:num_missing_heavy:Missing atom CD in residue LYS A 278
2024-02-28 14:07:06,080 WARNING:biomolecule.py:157:num_missing_heavy:Missing atom CE in residue LYS A 278
2024-02-28 14:07:06,080 WARNING:biomolecule.py:157:num_missing_heavy:Missing atom NZ in residue LYS A 278
2024-02-28 14:07:06,081 WARNING:biomolecule.py:157:num_missing_heavy:Missing atom CB in residue LYS B 14
2024-02-28 14:07:06,081 WARNING:biomolecule.py:157:num_missing_heavy:Missing atom CG in residue LYS B 14
2024-02-28 14:07:06,081 WARNING:biomolecule.py:157:num_missing_heavy:Missing atom CD in residue LYS B 14
2024-02-28 14:07:06,081 WARNING:biomolecule.py:157:num_missing_heavy:Missing atom CE in residue LYS B 14
2024-02-28 14:07:06,081 WARNING:biomolecule.py:157:num_missing_heavy:Missing atom NZ in residue LYS B 14
2024-02-28 14:07:06,081 WARNING:biomolecule.py:157:num_missing_heavy:Missing atom CB in residue TYR B 15
2024-02-28 14:07:06,081 WARNING:biomolecule.py:157:num_missing_heavy:Missing atom CG in residue TYR B 15
2024-02-28 14:07:06,081 WARNING:biomolecule.py:157:num_missing_heavy:Missing atom CD1 in residue TYR B 15
2024-02-28 14:07:06,081 WARNING:biomolecule.py:157:num_missing_heavy:Missing atom CD2 in residue TYR B 15
2024-02-28 14:07:06,081 WARNING:biomolecule.py:157:num_missing_heavy:Missing atom CE1 in residue TYR B 15
2024-02-28 14:07:06,081 WARNING:biomolecule.py:157:num_missing_heavy:Missing atom CE2 in residue TYR B 15
2024-02-28 14:07:06,081 WARNING:biomolecule.py:157:num_missing_heavy:Missing atom CZ in residue TYR B 15
2024-02-28 14:07:06,081 WARNING:biomolecule.py:157:num_missing_heavy:Missing atom OH in residue TYR B 15
2024-02-28 14:07:06,081 WARNING:biomolecule.py:157:num_missing_heavy:Missing atom CB in residue VAL B 16
2024-02-28 14:07:06,081 WARNING:biomolecule.py:157:num_missing_heavy:Missing atom CG1 in residue VAL B 16
2024-02-28 14:07:06,081 WARNING:biomolecule.py:157:num_missing_heavy:Missing atom CG2 in residue VAL B 16
2024-02-28 14:07:06,081 WARNING:biomolecule.py:157:num_missing_heavy:Missing atom CB in residue GLU B 17
2024-02-28 14:07:06,081 WARNING:biomolecule.py:157:num_missing_heavy:Missing atom CG in residue GLU B 17
2024-02-28 14:07:06,081 WARNING:biomolecule.py:157:num_missing_heavy:Missing atom CD in residue GLU B 17
2024-02-28 14:07:06,081 WARNING:biomolecule.py:157:num_missing_heavy:Missing atom OE1 in residue GLU B 17
2024-02-28 14:07:06,082 WARNING:biomolecule.py:157:num_missing_heavy:Missing atom OE2 in residue GLU B 17
2024-02-28 14:07:06,082 WARNING:biomolecule.py:157:num_missing_heavy:Missing atom CB in residue SER B 18
2024-02-28 14:07:06,082 WARNING:biomolecule.py:157:num_missing_heavy:Missing atom OG in residue SER B 18
2024-02-28 14:07:06,082 WARNING:biomolecule.py:157:num_missing_heavy:Missing atom CG in residue PHE B 19
2024-02-28 14:07:06,082 WARNING:biomolecule.py:157:num_missing_heavy:Missing atom CD1 in residue PHE B 19
2024-02-28 14:07:06,082 WARNING:biomolecule.py:157:num_missing_heavy:Missing atom CD2 in residue PHE B 19
2024-02-28 14:07:06,082 WARNING:biomolecule.py:157:num_missing_heavy:Missing atom CE1 in residue PHE B 19
2024-02-28 14:07:06,082 WARNING:biomolecule.py:157:num_missing_heavy:Missing atom CE2 in residue PHE B 19
2024-02-28 14:07:06,082 WARNING:biomolecule.py:157:num_missing_heavy:Missing atom CZ in residue PHE B 19
2024-02-28 14:07:06,082 WARNING:biomolecule.py:157:num_missing_heavy:Missing atom CB in residue ARG B 20
2024-02-28 14:07:06,082 WARNING:biomolecule.py:157:num_missing_heavy:Missing atom CG in residue ARG B 20
2024-02-28 14:07:06,082 WARNING:biomolecule.py:157:num_missing_heavy:Missing atom CD in residue ARG B 20
2024-02-28 14:07:06,082 WARNING:biomolecule.py:157:num_missing_heavy:Missing atom NE in residue ARG B 20
2024-02-28 14:07:06,082 WARNING:biomolecule.py:157:num_missing_heavy:Missing atom CZ in residue ARG B 20
2024-02-28 14:07:06,082 WARNING:biomolecule.py:157:num_missing_heavy:Missing atom NH1 in residue ARG B 20
2024-02-28 14:07:06,082 WARNING:biomolecule.py:157:num_missing_heavy:Missing atom NH2 in residue ARG B 20
2024-02-28 14:07:06,082 WARNING:biomolecule.py:157:num_missing_heavy:Missing atom CB in residue ARG B 21
2024-02-28 14:07:06,082 WARNING:biomolecule.py:157:num_missing_heavy:Missing atom CG in residue ARG B 21
2024-02-28 14:07:06,083 WARNING:biomolecule.py:157:num_missing_heavy:Missing atom CD in residue ARG B 21
2024-02-28 14:07:06,083 WARNING:biomolecule.py:157:num_missing_heavy:Missing atom NE in residue ARG B 21
2024-02-28 14:07:06,083 WARNING:biomolecule.py:157:num_missing_heavy:Missing atom CZ in residue ARG B 21
2024-02-28 14:07:06,083 WARNING:biomolecule.py:157:num_missing_heavy:Missing atom NH1 in residue ARG B 21
2024-02-28 14:07:06,083 WARNING:biomolecule.py:157:num_missing_heavy:Missing atom NH2 in residue ARG B 21
2024-02-28 14:07:06,083 WARNING:biomolecule.py:157:num_missing_heavy:Missing atom CB in residue PHE B 22
2024-02-28 14:07:06,083 WARNING:biomolecule.py:157:num_missing_heavy:Missing atom CG in residue PHE B 22
2024-02-28 14:07:06,083 WARNING:biomolecule.py:157:num_missing_heavy:Missing atom CD1 in residue PHE B 22
2024-02-28 14:07:06,083 WARNING:biomolecule.py:157:num_missing_heavy:Missing atom CD2 in residue PHE B 22
2024-02-28 14:07:06,083 WARNING:biomolecule.py:157:num_missing_heavy:Missing atom CE1 in residue PHE B 22
2024-02-28 14:07:06,083 WARNING:biomolecule.py:157:num_missing_heavy:Missing atom CE2 in residue PHE B 22
2024-02-28 14:07:06,083 WARNING:biomolecule.py:157:num_missing_heavy:Missing atom CZ in residue PHE B 22
2024-02-28 14:07:06,083 WARNING:biomolecule.py:157:num_missing_heavy:Missing atom CB in residue ASN B 24
2024-02-28 14:07:06,083 WARNING:biomolecule.py:157:num_missing_heavy:Missing atom CG in residue ASN B 24
2024-02-28 14:07:06,083 WARNING:biomolecule.py:157:num_missing_heavy:Missing atom OD1 in residue ASN B 24
2024-02-28 14:07:06,083 WARNING:biomolecule.py:157:num_missing_heavy:Missing atom ND2 in residue ASN B 24
2024-02-28 14:07:06,083 WARNING:biomolecule.py:157:num_missing_heavy:Missing atom CB in residue HIS B 25
2024-02-28 14:07:06,083 WARNING:biomolecule.py:157:num_missing_heavy:Missing atom CG in residue HIS B 25
2024-02-28 14:07:06,083 WARNING:biomolecule.py:157:num_missing_heavy:Missing atom ND1 in residue HIS B 25
2024-02-28 14:07:06,084 WARNING:biomolecule.py:157:num_missing_heavy:Missing atom CD2 in residue HIS B 25
2024-02-28 14:07:06,084 WARNING:biomolecule.py:157:num_missing_heavy:Missing atom CE1 in residue HIS B 25
2024-02-28 14:07:06,084 WARNING:biomolecule.py:157:num_missing_heavy:Missing atom NE2 in residue HIS B 25
2024-02-28 14:07:06,084 WARNING:biomolecule.py:157:num_missing_heavy:Missing atom CG in residue GLN B 30
2024-02-28 14:07:06,084 WARNING:biomolecule.py:157:num_missing_heavy:Missing atom CD in residue GLN B 30
2024-02-28 14:07:06,084 WARNING:biomolecule.py:157:num_missing_heavy:Missing atom OE1 in residue GLN B 30
2024-02-28 14:07:06,084 WARNING:biomolecule.py:157:num_missing_heavy:Missing atom NE2 in residue GLN B 30
2024-02-28 14:07:06,084 WARNING:biomolecule.py:157:num_missing_heavy:Missing atom CG in residue GLU B 93
2024-02-28 14:07:06,084 WARNING:biomolecule.py:157:num_missing_heavy:Missing atom CD in residue GLU B 93
2024-02-28 14:07:06,084 WARNING:biomolecule.py:157:num_missing_heavy:Missing atom OE1 in residue GLU B 93
2024-02-28 14:07:06,085 WARNING:biomolecule.py:157:num_missing_heavy:Missing atom OE2 in residue GLU B 93
2024-02-28 14:07:06,085 WARNING:biomolecule.py:157:num_missing_heavy:Missing atom CB in residue ASN B 107
2024-02-28 14:07:06,085 WARNING:biomolecule.py:157:num_missing_heavy:Missing atom CG in residue ASN B 107
2024-02-28 14:07:06,085 WARNING:biomolecule.py:157:num_missing_heavy:Missing atom OD1 in residue ASN B 107
2024-02-28 14:07:06,085 WARNING:biomolecule.py:157:num_missing_heavy:Missing atom ND2 in residue ASN B 107
2024-02-28 14:07:06,086 WARNING:biomolecule.py:157:num_missing_heavy:Missing atom CB in residue GLU B 109
2024-02-28 14:07:06,086 WARNING:biomolecule.py:157:num_missing_heavy:Missing atom CG in residue GLU B 109
2024-02-28 14:07:06,086 WARNING:biomolecule.py:157:num_missing_heavy:Missing atom CD in residue GLU B 109
2024-02-28 14:07:06,087 WARNING:biomolecule.py:157:num_missing_heavy:Missing atom OE1 in residue GLU B 109
2024-02-28 14:07:06,087 WARNING:biomolecule.py:157:num_missing_heavy:Missing atom OE2 in residue GLU B 109
2024-02-28 14:07:06,087 WARNING:biomolecule.py:157:num_missing_heavy:Missing atom CG in residue LYS B 112
2024-02-28 14:07:06,087 WARNING:biomolecule.py:157:num_missing_heavy:Missing atom CD in residue LYS B 112
2024-02-28 14:07:06,088 WARNING:biomolecule.py:157:num_missing_heavy:Missing atom CE in residue LYS B 112
2024-02-28 14:07:06,088 WARNING:biomolecule.py:157:num_missing_heavy:Missing atom NZ in residue LYS B 112
2024-02-28 14:07:06,088 WARNING:biomolecule.py:157:num_missing_heavy:Missing atom CB in residue LYS B 130
2024-02-28 14:07:06,088 WARNING:biomolecule.py:157:num_missing_heavy:Missing atom CG in residue LYS B 130
2024-02-28 14:07:06,089 WARNING:biomolecule.py:157:num_missing_heavy:Missing atom CD in residue LYS B 130
2024-02-28 14:07:06,089 WARNING:biomolecule.py:157:num_missing_heavy:Missing atom CE in residue LYS B 130
2024-02-28 14:07:06,089 WARNING:biomolecule.py:157:num_missing_heavy:Missing atom NZ in residue LYS B 130
2024-02-28 14:07:06,090 WARNING:biomolecule.py:157:num_missing_heavy:Missing atom CB in residue LYS B 131
2024-02-28 14:07:06,090 WARNING:biomolecule.py:157:num_missing_heavy:Missing atom CG in residue LYS B 131
2024-02-28 14:07:06,090 WARNING:biomolecule.py:157:num_missing_heavy:Missing atom CD in residue LYS B 131
2024-02-28 14:07:06,090 WARNING:biomolecule.py:157:num_missing_heavy:Missing atom CE in residue LYS B 131
2024-02-28 14:07:06,091 WARNING:biomolecule.py:157:num_missing_heavy:Missing atom NZ in residue LYS B 131
2024-02-28 14:07:06,091 WARNING:biomolecule.py:157:num_missing_heavy:Missing atom CB in residue GLU B 132
2024-02-28 14:07:06,091 WARNING:biomolecule.py:157:num_missing_heavy:Missing atom CG in residue GLU B 132
2024-02-28 14:07:06,091 WARNING:biomolecule.py:157:num_missing_heavy:Missing atom CD in residue GLU B 132
2024-02-28 14:07:06,091 WARNING:biomolecule.py:157:num_missing_heavy:Missing atom OE1 in residue GLU B 132
2024-02-28 14:07:06,091 WARNING:biomolecule.py:157:num_missing_heavy:Missing atom OE2 in residue GLU B 132
2024-02-28 14:07:06,092 WARNING:biomolecule.py:157:num_missing_heavy:Missing atom CB in residue LEU B 133
2024-02-28 14:07:06,092 WARNING:biomolecule.py:157:num_missing_heavy:Missing atom CG in residue LEU B 133
2024-02-28 14:07:06,092 WARNING:biomolecule.py:157:num_missing_heavy:Missing atom CD1 in residue LEU B 133
2024-02-28 14:07:06,092 WARNING:biomolecule.py:157:num_missing_heavy:Missing atom CD2 in residue LEU B 133
2024-02-28 14:07:06,093 WARNING:biomolecule.py:157:num_missing_heavy:Missing atom CG in residue LYS B 149
2024-02-28 14:07:06,093 WARNING:biomolecule.py:157:num_missing_heavy:Missing atom CD in residue LYS B 149
2024-02-28 14:07:06,093 WARNING:biomolecule.py:157:num_missing_heavy:Missing atom CE in residue LYS B 149
2024-02-28 14:07:06,094 WARNING:biomolecule.py:157:num_missing_heavy:Missing atom NZ in residue LYS B 149
2024-02-28 14:07:06,094 WARNING:biomolecule.py:157:num_missing_heavy:Missing atom CG in residue ARG B 189
2024-02-28 14:07:06,094 WARNING:biomolecule.py:157:num_missing_heavy:Missing atom CD in residue ARG B 189
2024-02-28 14:07:06,094 WARNING:biomolecule.py:157:num_missing_heavy:Missing atom NE in residue ARG B 189
2024-02-28 14:07:06,095 WARNING:biomolecule.py:157:num_missing_heavy:Missing atom CZ in residue ARG B 189
2024-02-28 14:07:06,095 WARNING:biomolecule.py:157:num_missing_heavy:Missing atom NH1 in residue ARG B 189
2024-02-28 14:07:06,095 WARNING:biomolecule.py:157:num_missing_heavy:Missing atom NH2 in residue ARG B 189
2024-02-28 14:07:06,096 WARNING:biomolecule.py:157:num_missing_heavy:Missing atom CG in residue PHE B 190
2024-02-28 14:07:06,096 WARNING:biomolecule.py:157:num_missing_heavy:Missing atom CD1 in residue PHE B 190
2024-02-28 14:07:06,096 WARNING:biomolecule.py:157:num_missing_heavy:Missing atom CD2 in residue PHE B 190
2024-02-28 14:07:06,097 WARNING:biomolecule.py:157:num_missing_heavy:Missing atom CE1 in residue PHE B 190
2024-02-28 14:07:06,097 WARNING:biomolecule.py:157:num_missing_heavy:Missing atom CE2 in residue PHE B 190
2024-02-28 14:07:06,097 WARNING:biomolecule.py:157:num_missing_heavy:Missing atom CZ in residue PHE B 190
2024-02-28 14:07:06,098 WARNING:biomolecule.py:157:num_missing_heavy:Missing atom CG in residue GLN B 192
2024-02-28 14:07:06,098 WARNING:biomolecule.py:157:num_missing_heavy:Missing atom CD in residue GLN B 192
2024-02-28 14:07:06,098 WARNING:biomolecule.py:157:num_missing_heavy:Missing atom OE1 in residue GLN B 192
2024-02-28 14:07:06,099 WARNING:biomolecule.py:157:num_missing_heavy:Missing atom NE2 in residue GLN B 192
2024-02-28 14:07:06,099 WARNING:biomolecule.py:157:num_missing_heavy:Missing atom CG in residue ASP B 193
2024-02-28 14:07:06,099 WARNING:biomolecule.py:157:num_missing_heavy:Missing atom OD1 in residue ASP B 193
2024-02-28 14:07:06,099 WARNING:biomolecule.py:157:num_missing_heavy:Missing atom OD2 in residue ASP B 193
2024-02-28 14:07:06,100 WARNING:biomolecule.py:157:num_missing_heavy:Missing atom CG in residue LYS B 214
2024-02-28 14:07:06,100 WARNING:biomolecule.py:157:num_missing_heavy:Missing atom CD in residue LYS B 214
2024-02-28 14:07:06,100 WARNING:biomolecule.py:157:num_missing_heavy:Missing atom CE in residue LYS B 214
2024-02-28 14:07:06,100 WARNING:biomolecule.py:157:num_missing_heavy:Missing atom NZ in residue LYS B 214
2024-02-28 14:07:06,101 WARNING:biomolecule.py:157:num_missing_heavy:Missing atom CB in residue PHE B 230
2024-02-28 14:07:06,101 WARNING:biomolecule.py:157:num_missing_heavy:Missing atom CG in residue PHE B 230
2024-02-28 14:07:06,101 WARNING:biomolecule.py:157:num_missing_heavy:Missing atom CD1 in residue PHE B 230
2024-02-28 14:07:06,101 WARNING:biomolecule.py:157:num_missing_heavy:Missing atom CD2 in residue PHE B 230
2024-02-28 14:07:06,102 WARNING:biomolecule.py:157:num_missing_heavy:Missing atom CE1 in residue PHE B 230
2024-02-28 14:07:06,102 WARNING:biomolecule.py:157:num_missing_heavy:Missing atom CE2 in residue PHE B 230
2024-02-28 14:07:06,102 WARNING:biomolecule.py:157:num_missing_heavy:Missing atom CZ in residue PHE B 230
2024-02-28 14:07:06,102 WARNING:biomolecule.py:157:num_missing_heavy:Missing atom CB in residue ASP B 232
2024-02-28 14:07:06,103 WARNING:biomolecule.py:157:num_missing_heavy:Missing atom CG in residue ASP B 232
2024-02-28 14:07:06,103 WARNING:biomolecule.py:157:num_missing_heavy:Missing atom OD1 in residue ASP B 232
2024-02-28 14:07:06,103 WARNING:biomolecule.py:157:num_missing_heavy:Missing atom OD2 in residue ASP B 232
2024-02-28 14:07:06,103 WARNING:biomolecule.py:157:num_missing_heavy:Missing atom CB in residue ASN B 234
2024-02-28 14:07:06,103 WARNING:biomolecule.py:157:num_missing_heavy:Missing atom CG in residue ASN B 234
2024-02-28 14:07:06,104 WARNING:biomolecule.py:157:num_missing_heavy:Missing atom OD1 in residue ASN B 234
2024-02-28 14:07:06,104 WARNING:biomolecule.py:157:num_missing_heavy:Missing atom ND2 in residue ASN B 234
2024-02-28 14:07:06,104 WARNING:biomolecule.py:157:num_missing_heavy:Missing atom CB in residue GLU B 235
2024-02-28 14:07:06,105 WARNING:biomolecule.py:157:num_missing_heavy:Missing atom CG in residue GLU B 235
2024-02-28 14:07:06,105 WARNING:biomolecule.py:157:num_missing_heavy:Missing atom CD in residue GLU B 235
2024-02-28 14:07:06,105 WARNING:biomolecule.py:157:num_missing_heavy:Missing atom OE1 in residue GLU B 235
2024-02-28 14:07:06,106 WARNING:biomolecule.py:157:num_missing_heavy:Missing atom OE2 in residue GLU B 235
2024-02-28 14:07:06,106 WARNING:biomolecule.py:157:num_missing_heavy:Missing atom CG in residue ASN B 236
2024-02-28 14:07:06,106 WARNING:biomolecule.py:157:num_missing_heavy:Missing atom OD1 in residue ASN B 236
2024-02-28 14:07:06,106 WARNING:biomolecule.py:157:num_missing_heavy:Missing atom ND2 in residue ASN B 236
2024-02-28 14:07:06,106 WARNING:biomolecule.py:157:num_missing_heavy:Missing atom CB in residue ASP B 238
2024-02-28 14:07:06,106 WARNING:biomolecule.py:157:num_missing_heavy:Missing atom CG in residue ASP B 238
2024-02-28 14:07:06,106 WARNING:biomolecule.py:157:num_missing_heavy:Missing atom OD1 in residue ASP B 238
2024-02-28 14:07:06,107 WARNING:biomolecule.py:157:num_missing_heavy:Missing atom OD2 in residue ASP B 238
2024-02-28 14:07:06,107 WARNING:biomolecule.py:157:num_missing_heavy:Missing atom CG in residue LEU B 239
2024-02-28 14:07:06,107 WARNING:biomolecule.py:157:num_missing_heavy:Missing atom CD1 in residue LEU B 239
2024-02-28 14:07:06,107 WARNING:biomolecule.py:157:num_missing_heavy:Missing atom CD2 in residue LEU B 239
2024-02-28 14:07:06,107 WARNING:biomolecule.py:157:num_missing_heavy:Missing atom CB in residue ASN B 249
2024-02-28 14:07:06,108 WARNING:biomolecule.py:157:num_missing_heavy:Missing atom CG in residue ASN B 249
2024-02-28 14:07:06,108 WARNING:biomolecule.py:157:num_missing_heavy:Missing atom OD1 in residue ASN B 249
2024-02-28 14:07:06,108 WARNING:biomolecule.py:157:num_missing_heavy:Missing atom ND2 in residue ASN B 249
2024-02-28 14:07:06,108 WARNING:biomolecule.py:157:num_missing_heavy:Missing atom CB in residue ASN B 251
2024-02-28 14:07:06,108 WARNING:biomolecule.py:157:num_missing_heavy:Missing atom CG in residue ASN B 251
2024-02-28 14:07:06,108 WARNING:biomolecule.py:157:num_missing_heavy:Missing atom OD1 in residue ASN B 251
2024-02-28 14:07:06,108 WARNING:biomolecule.py:157:num_missing_heavy:Missing atom ND2 in residue ASN B 251
2024-02-28 14:07:06,108 WARNING:biomolecule.py:157:num_missing_heavy:Missing atom CB in residue ALA B 252
2024-02-28 14:07:06,109 WARNING:biomolecule.py:157:num_missing_heavy:Missing atom CB in residue ALA B 254
2024-02-28 14:07:06,109 WARNING:biomolecule.py:157:num_missing_heavy:Missing atom CG in residue ASP B 257
2024-02-28 14:07:06,109 WARNING:biomolecule.py:157:num_missing_heavy:Missing atom OD1 in residue ASP B 257
2024-02-28 14:07:06,110 WARNING:biomolecule.py:157:num_missing_heavy:Missing atom OD2 in residue ASP B 257
2024-02-28 14:07:06,110 WARNING:biomolecule.py:157:num_missing_heavy:Missing atom CB in residue ALA B 260
2024-02-28 14:07:06,110 WARNING:biomolecule.py:157:num_missing_heavy:Missing atom CG in residue LYS B 264
2024-02-28 14:07:06,110 WARNING:biomolecule.py:157:num_missing_heavy:Missing atom CD in residue LYS B 264
2024-02-28 14:07:06,110 WARNING:biomolecule.py:157:num_missing_heavy:Missing atom CE in residue LYS B 264
2024-02-28 14:07:06,111 WARNING:biomolecule.py:157:num_missing_heavy:Missing atom NZ in residue LYS B 264
2024-02-28 14:07:06,111 WARNING:biomolecule.py:157:num_missing_heavy:Missing atom CG in residue LYS B 274
2024-02-28 14:07:06,111 WARNING:biomolecule.py:157:num_missing_heavy:Missing atom CD in residue LYS B 274
2024-02-28 14:07:06,111 WARNING:biomolecule.py:157:num_missing_heavy:Missing atom CE in residue LYS B 274
2024-02-28 14:07:06,111 WARNING:biomolecule.py:157:num_missing_heavy:Missing atom NZ in residue LYS B 274
2024-02-28 14:07:06,112 WARNING:biomolecule.py:157:num_missing_heavy:Missing atom CB in residue LYS B 275
2024-02-28 14:07:06,112 WARNING:biomolecule.py:157:num_missing_heavy:Missing atom CG in residue LYS B 275
2024-02-28 14:07:06,112 WARNING:biomolecule.py:157:num_missing_heavy:Missing atom CD in residue LYS B 275
2024-02-28 14:07:06,112 WARNING:biomolecule.py:157:num_missing_heavy:Missing atom CE in residue LYS B 275
2024-02-28 14:07:06,113 WARNING:biomolecule.py:157:num_missing_heavy:Missing atom NZ in residue LYS B 275
2024-02-28 14:07:06,113 WARNING:biomolecule.py:157:num_missing_heavy:Missing atom CB in residue GLU B 276
2024-02-28 14:07:06,113 WARNING:biomolecule.py:157:num_missing_heavy:Missing atom CG in residue GLU B 276
2024-02-28 14:07:06,113 WARNING:biomolecule.py:157:num_missing_heavy:Missing atom CD in residue GLU B 276
2024-02-28 14:07:06,114 WARNING:biomolecule.py:157:num_missing_heavy:Missing atom OE1 in residue GLU B 276
2024-02-28 14:07:06,114 WARNING:biomolecule.py:157:num_missing_heavy:Missing atom OE2 in residue GLU B 276
2024-02-28 14:07:06,114 WARNING:biomolecule.py:157:num_missing_heavy:Missing atom CB in residue LYS B 278
2024-02-28 14:07:06,114 WARNING:biomolecule.py:157:num_missing_heavy:Missing atom CG in residue LYS B 278
2024-02-28 14:07:06,115 WARNING:biomolecule.py:157:num_missing_heavy:Missing atom CD in residue LYS B 278
2024-02-28 14:07:06,115 WARNING:biomolecule.py:157:num_missing_heavy:Missing atom CE in residue LYS B 278
2024-02-28 14:07:06,115 WARNING:biomolecule.py:157:num_missing_heavy:Missing atom NZ in residue LYS B 278
2024-02-28 14:07:07,295 WARNING:debump.py:172:debump_biomolecule:WARNING: Unable to debump VAL B 16
2024-02-28 14:07:07,746 WARNING:main.py:311:print_pqr:Ignoring 3663 header lines in output.
2024-02-28 14:07:07,746 WARNING:main.py:315:print_pqr:Ignoring 87 missing lines in output.
2024-02-28 14:58:42,064 WARNING:biomolecule.py:992:create_residue:Unable to find amino or nucleic acid definition for SAH.  Parsing as new residue.
2024-02-28 14:58:42,071 WARNING:biomolecule.py:992:create_residue:Unable to find amino or nucleic acid definition for QUN.  Parsing as new residue.
2024-02-28 14:58:42,071 WARNING:biomolecule.py:992:create_residue:Unable to find amino or nucleic acid definition for SAH.  Parsing as new residue.
2024-02-28 14:58:42,071 WARNING:biomolecule.py:992:create_residue:Unable to find amino or nucleic acid definition for UNX.  Parsing as new residue.
2024-02-28 14:58:42,071 WARNING:biomolecule.py:992:create_residue:Unable to find amino or nucleic acid definition for UNX.  Parsing as new residue.
2024-02-28 14:58:42,071 WARNING:biomolecule.py:992:create_residue:Unable to find amino or nucleic acid definition for UNX.  Parsing as new residue.
2024-02-28 14:58:42,071 WARNING:biomolecule.py:992:create_residue:Unable to find amino or nucleic acid definition for UNX.  Parsing as new residue.
2024-02-28 14:58:42,071 WARNING:biomolecule.py:992:create_residue:Unable to find amino or nucleic acid definition for UNX.  Parsing as new residue.
2024-02-28 14:58:42,071 WARNING:biomolecule.py:992:create_residue:Unable to find amino or nucleic acid definition for UNX.  Parsing as new residue.
2024-02-28 14:58:42,072 WARNING:io.py:40:filter:Suppressing further "Unable to find amino or nucleic acid definition for" messages
