2024-02-28 14:07:09,553 WARNING:biomolecule.py:992:create_residue:Unable to find amino or nucleic acid definition for ZN.  Parsing as new residue.
2024-02-28 14:07:09,554 WARNING:biomolecule.py:992:create_residue:Unable to find amino or nucleic acid definition for HG.  Parsing as new residue.
2024-02-28 14:07:09,554 WARNING:biomolecule.py:992:create_residue:Unable to find amino or nucleic acid definition for AZI.  Parsing as new residue.
2024-02-28 14:07:09,554 WARNING:biomolecule.py:992:create_residue:Unable to find amino or nucleic acid definition for HSM.  Parsing as new residue.
2024-02-28 14:07:09,568 WARNING:biomolecule.py:157:num_missing_heavy:Missing atom CB in residue HIS A 4
2024-02-28 14:07:09,568 WARNING:biomolecule.py:157:num_missing_heavy:Missing atom CG in residue HIS A 4
2024-02-28 14:07:09,568 WARNING:biomolecule.py:157:num_missing_heavy:Missing atom ND1 in residue HIS A 4
2024-02-28 14:07:09,568 WARNING:biomolecule.py:157:num_missing_heavy:Missing atom CD2 in residue HIS A 4
2024-02-28 14:07:09,568 WARNING:biomolecule.py:157:num_missing_heavy:Missing atom CE1 in residue HIS A 4
2024-02-28 14:07:09,568 WARNING:biomolecule.py:157:num_missing_heavy:Missing atom NE2 in residue HIS A 4
2024-02-28 14:07:09,568 WARNING:biomolecule.py:157:num_missing_heavy:Missing atom CB in residue GLU A 14
2024-02-28 14:07:09,568 WARNING:biomolecule.py:157:num_missing_heavy:Missing atom CG in residue GLU A 14
2024-02-28 14:07:09,569 WARNING:biomolecule.py:157:num_missing_heavy:Missing atom CD in residue GLU A 14
2024-02-28 14:07:09,569 WARNING:biomolecule.py:157:num_missing_heavy:Missing atom OE1 in residue GLU A 14
2024-02-28 14:07:09,569 WARNING:biomolecule.py:157:num_missing_heavy:Missing atom OE2 in residue GLU A 14
2024-02-28 14:07:09,570 WARNING:biomolecule.py:157:num_missing_heavy:Missing atom CB in residue HIS A 4
2024-02-28 14:07:09,570 WARNING:biomolecule.py:157:num_missing_heavy:Missing atom CG in residue HIS A 4
2024-02-28 14:07:09,570 WARNING:biomolecule.py:157:num_missing_heavy:Missing atom ND1 in residue HIS A 4
2024-02-28 14:07:09,571 WARNING:biomolecule.py:157:num_missing_heavy:Missing atom CD2 in residue HIS A 4
2024-02-28 14:07:09,571 WARNING:biomolecule.py:157:num_missing_heavy:Missing atom CE1 in residue HIS A 4
2024-02-28 14:07:09,571 WARNING:biomolecule.py:157:num_missing_heavy:Missing atom NE2 in residue HIS A 4
2024-02-28 14:07:09,571 WARNING:biomolecule.py:157:num_missing_heavy:Missing atom CB in residue GLU A 14
2024-02-28 14:07:09,572 WARNING:biomolecule.py:157:num_missing_heavy:Missing atom CG in residue GLU A 14
2024-02-28 14:07:09,572 WARNING:biomolecule.py:157:num_missing_heavy:Missing atom CD in residue GLU A 14
2024-02-28 14:07:09,572 WARNING:biomolecule.py:157:num_missing_heavy:Missing atom OE1 in residue GLU A 14
2024-02-28 14:07:09,573 WARNING:biomolecule.py:157:num_missing_heavy:Missing atom OE2 in residue GLU A 14
2024-02-28 14:07:09,574 WARNING:biomolecule.py:157:num_missing_heavy:Missing atom CB in residue HIS A 4
2024-02-28 14:07:09,574 WARNING:biomolecule.py:157:num_missing_heavy:Missing atom CG in residue HIS A 4
2024-02-28 14:07:09,574 WARNING:biomolecule.py:157:num_missing_heavy:Missing atom ND1 in residue HIS A 4
2024-02-28 14:07:09,574 WARNING:biomolecule.py:157:num_missing_heavy:Missing atom CD2 in residue HIS A 4
2024-02-28 14:07:09,574 WARNING:biomolecule.py:157:num_missing_heavy:Missing atom CE1 in residue HIS A 4
2024-02-28 14:07:09,574 WARNING:biomolecule.py:157:num_missing_heavy:Missing atom NE2 in residue HIS A 4
2024-02-28 14:07:09,575 WARNING:biomolecule.py:157:num_missing_heavy:Missing atom CB in residue GLU A 14
2024-02-28 14:07:09,575 WARNING:biomolecule.py:157:num_missing_heavy:Missing atom CG in residue GLU A 14
2024-02-28 14:07:09,575 WARNING:biomolecule.py:157:num_missing_heavy:Missing atom CD in residue GLU A 14
2024-02-28 14:07:09,575 WARNING:biomolecule.py:157:num_missing_heavy:Missing atom OE1 in residue GLU A 14
2024-02-28 14:07:09,576 WARNING:biomolecule.py:157:num_missing_heavy:Missing atom OE2 in residue GLU A 14
2024-02-28 14:07:10,218 WARNING:main.py:311:print_pqr:Ignoring 1189 header lines in output.
2024-02-28 14:07:10,218 WARNING:main.py:315:print_pqr:Ignoring 13 missing lines in output.
2024-02-28 14:58:33,187 WARNING:biomolecule.py:992:create_residue:Unable to find amino or nucleic acid definition for ZN.  Parsing as new residue.
2024-02-28 14:58:33,188 WARNING:biomolecule.py:992:create_residue:Unable to find amino or nucleic acid definition for HG.  Parsing as new residue.
2024-02-28 14:58:33,188 WARNING:biomolecule.py:992:create_residue:Unable to find amino or nucleic acid definition for AZI.  Parsing as new residue.
2024-02-28 14:58:33,188 WARNING:biomolecule.py:992:create_residue:Unable to find amino or nucleic acid definition for HSM.  Parsing as new residue.
2024-02-28 14:58:33,205 WARNING:biomolecule.py:157:num_missing_heavy:Missing atom CB in residue HIS A 4
2024-02-28 14:58:33,205 WARNING:biomolecule.py:157:num_missing_heavy:Missing atom CG in residue HIS A 4
2024-02-28 14:58:33,205 WARNING:biomolecule.py:157:num_missing_heavy:Missing atom ND1 in residue HIS A 4
2024-02-28 14:58:33,205 WARNING:biomolecule.py:157:num_missing_heavy:Missing atom CD2 in residue HIS A 4
2024-02-28 14:58:33,205 WARNING:biomolecule.py:157:num_missing_heavy:Missing atom CE1 in residue HIS A 4
2024-02-28 14:58:33,205 WARNING:biomolecule.py:157:num_missing_heavy:Missing atom NE2 in residue HIS A 4
2024-02-28 14:58:33,205 WARNING:biomolecule.py:157:num_missing_heavy:Missing atom CB in residue GLU A 14
2024-02-28 14:58:33,205 WARNING:biomolecule.py:157:num_missing_heavy:Missing atom CG in residue GLU A 14
2024-02-28 14:58:33,205 WARNING:biomolecule.py:157:num_missing_heavy:Missing atom CD in residue GLU A 14
2024-02-28 14:58:33,205 WARNING:biomolecule.py:157:num_missing_heavy:Missing atom OE1 in residue GLU A 14
2024-02-28 14:58:33,205 WARNING:biomolecule.py:157:num_missing_heavy:Missing atom OE2 in residue GLU A 14
2024-02-28 14:58:33,206 WARNING:biomolecule.py:157:num_missing_heavy:Missing atom CB in residue HIS A 4
2024-02-28 14:58:33,206 WARNING:biomolecule.py:157:num_missing_heavy:Missing atom CG in residue HIS A 4
2024-02-28 14:58:33,206 WARNING:biomolecule.py:157:num_missing_heavy:Missing atom ND1 in residue HIS A 4
2024-02-28 14:58:33,206 WARNING:biomolecule.py:157:num_missing_heavy:Missing atom CD2 in residue HIS A 4
2024-02-28 14:58:33,206 WARNING:biomolecule.py:157:num_missing_heavy:Missing atom CE1 in residue HIS A 4
2024-02-28 14:58:33,206 WARNING:biomolecule.py:157:num_missing_heavy:Missing atom NE2 in residue HIS A 4
2024-02-28 14:58:33,206 WARNING:biomolecule.py:157:num_missing_heavy:Missing atom CB in residue GLU A 14
2024-02-28 14:58:33,206 WARNING:biomolecule.py:157:num_missing_heavy:Missing atom CG in residue GLU A 14
2024-02-28 14:58:33,206 WARNING:biomolecule.py:157:num_missing_heavy:Missing atom CD in residue GLU A 14
2024-02-28 14:58:33,206 WARNING:biomolecule.py:157:num_missing_heavy:Missing atom OE1 in residue GLU A 14
2024-02-28 14:58:33,206 WARNING:biomolecule.py:157:num_missing_heavy:Missing atom OE2 in residue GLU A 14
2024-02-28 14:58:33,207 WARNING:biomolecule.py:157:num_missing_heavy:Missing atom CB in residue HIS A 4
2024-02-28 14:58:33,207 WARNING:biomolecule.py:157:num_missing_heavy:Missing atom CG in residue HIS A 4
2024-02-28 14:58:33,207 WARNING:biomolecule.py:157:num_missing_heavy:Missing atom ND1 in residue HIS A 4
2024-02-28 14:58:33,207 WARNING:biomolecule.py:157:num_missing_heavy:Missing atom CD2 in residue HIS A 4
2024-02-28 14:58:33,207 WARNING:biomolecule.py:157:num_missing_heavy:Missing atom CE1 in residue HIS A 4
2024-02-28 14:58:33,207 WARNING:biomolecule.py:157:num_missing_heavy:Missing atom NE2 in residue HIS A 4
2024-02-28 14:58:33,207 WARNING:biomolecule.py:157:num_missing_heavy:Missing atom CB in residue GLU A 14
2024-02-28 14:58:33,207 WARNING:biomolecule.py:157:num_missing_heavy:Missing atom CG in residue GLU A 14
2024-02-28 14:58:33,207 WARNING:biomolecule.py:157:num_missing_heavy:Missing atom CD in residue GLU A 14
2024-02-28 14:58:33,207 WARNING:biomolecule.py:157:num_missing_heavy:Missing atom OE1 in residue GLU A 14
2024-02-28 14:58:33,207 WARNING:biomolecule.py:157:num_missing_heavy:Missing atom OE2 in residue GLU A 14
2024-02-28 14:58:33,948 WARNING:main.py:311:print_pqr:Ignoring 1189 header lines in output.
2024-02-28 14:58:33,949 WARNING:main.py:315:print_pqr:Ignoring 13 missing lines in output.
