2024-02-28 14:07:17,759 WARNING:biomolecule.py:992:create_residue:Unable to find amino or nucleic acid definition for ABA.  Parsing as new residue.
2024-02-28 14:07:17,786 WARNING:biomolecule.py:992:create_residue:Unable to find amino or nucleic acid definition for ABA.  Parsing as new residue.
2024-02-28 14:07:17,818 WARNING:biomolecule.py:992:create_residue:Unable to find amino or nucleic acid definition for ABA.  Parsing as new residue.
2024-02-28 14:07:18,190 WARNING:biomolecule.py:992:create_residue:Unable to find amino or nucleic acid definition for ABA.  Parsing as new residue.
2024-02-28 14:07:18,191 WARNING:biomolecule.py:992:create_residue:Unable to find amino or nucleic acid definition for SO4.  Parsing as new residue.
2024-02-28 14:07:18,191 WARNING:biomolecule.py:992:create_residue:Unable to find amino or nucleic acid definition for SO4.  Parsing as new residue.
2024-02-28 14:07:18,191 WARNING:biomolecule.py:992:create_residue:Unable to find amino or nucleic acid definition for PI9.  Parsing as new residue.
2024-02-28 14:07:18,191 WARNING:biomolecule.py:992:create_residue:Unable to find amino or nucleic acid definition for SO4.  Parsing as new residue.
2024-02-28 14:07:18,191 WARNING:main.py:418:setup_molecule:Multiple occupancies found: CB in GLU A 21.
2024-02-28 14:07:18,191 WARNING:main.py:418:setup_molecule:Multiple occupancies found: CG in GLU A 21.
2024-02-28 14:07:18,191 WARNING:main.py:418:setup_molecule:Multiple occupancies found: CD in GLU A 21.
2024-02-28 14:07:18,192 WARNING:main.py:418:setup_molecule:Multiple occupancies found: OE1 in GLU A 21.
2024-02-28 14:07:18,192 WARNING:main.py:418:setup_molecule:Multiple occupancies found: OE2 in GLU A 21.
2024-02-28 14:07:18,192 WARNING:main.py:424:setup_molecule:Multiple occupancies found in GLU A 21. At least one of the instances is being ignored.
2024-02-28 14:07:18,192 WARNING:main.py:418:setup_molecule:Multiple occupancies found: CB in GLU A 34.
2024-02-28 14:07:18,192 WARNING:main.py:418:setup_molecule:Multiple occupancies found: CG in GLU A 34.
2024-02-28 14:07:18,192 WARNING:main.py:418:setup_molecule:Multiple occupancies found: CD in GLU A 34.
2024-02-28 14:07:18,192 WARNING:main.py:418:setup_molecule:Multiple occupancies found: OE1 in GLU A 34.
2024-02-28 14:07:18,192 WARNING:main.py:418:setup_molecule:Multiple occupancies found: OE2 in GLU A 34.
2024-02-28 14:07:18,192 WARNING:main.py:424:setup_molecule:Multiple occupancies found in GLU A 34. At least one of the instances is being ignored.
2024-02-28 14:07:18,561 WARNING:main.py:418:setup_molecule:Multiple occupancies found: CB in MET A 46.
2024-02-28 14:07:18,561 WARNING:main.py:418:setup_molecule:Multiple occupancies found: CG in MET A 46.
2024-02-28 14:07:18,561 WARNING:main.py:418:setup_molecule:Multiple occupancies found: SD in MET A 46.
2024-02-28 14:07:18,561 WARNING:main.py:418:setup_molecule:Multiple occupancies found: CE in MET A 46.
2024-02-28 14:07:18,561 WARNING:main.py:424:setup_molecule:Multiple occupancies found in MET A 46. At least one of the instances is being ignored.
2024-02-28 14:07:18,561 WARNING:main.py:418:setup_molecule:Multiple occupancies found: CB in ILE A 84.
2024-02-28 14:07:18,561 WARNING:main.py:418:setup_molecule:Multiple occupancies found: CG1 in ILE A 84.
2024-02-28 14:07:18,561 WARNING:main.py:418:setup_molecule:Multiple occupancies found: CG2 in ILE A 84.
2024-02-28 14:07:18,561 WARNING:main.py:418:setup_molecule:Multiple occupancies found: CD1 in ILE A 84.
2024-02-28 14:07:18,562 WARNING:main.py:424:setup_molecule:Multiple occupancies found in ILE A 84. At least one of the instances is being ignored.
2024-02-28 14:07:18,562 WARNING:main.py:418:setup_molecule:Multiple occupancies found: CB in LEU B 23.
2024-02-28 14:07:18,562 WARNING:main.py:418:setup_molecule:Multiple occupancies found: CG in LEU B 23.
2024-02-28 14:07:18,562 WARNING:main.py:418:setup_molecule:Multiple occupancies found: CD1 in LEU B 23.
2024-02-28 14:07:18,562 WARNING:main.py:418:setup_molecule:Multiple occupancies found: CD2 in LEU B 23.
2024-02-28 14:07:18,562 WARNING:main.py:424:setup_molecule:Multiple occupancies found in LEU B 23. At least one of the instances is being ignored.
2024-02-28 14:07:18,562 WARNING:main.py:418:setup_molecule:Multiple occupancies found: CB in ASP B 30.
2024-02-28 14:07:18,562 WARNING:main.py:418:setup_molecule:Multiple occupancies found: CG in ASP B 30.
2024-02-28 14:07:18,562 WARNING:main.py:418:setup_molecule:Multiple occupancies found: OD1 in ASP B 30.
2024-02-28 14:07:18,562 WARNING:main.py:418:setup_molecule:Multiple occupancies found: OD2 in ASP B 30.
2024-02-28 14:07:18,562 WARNING:main.py:424:setup_molecule:Multiple occupancies found in ASP B 30. At least one of the instances is being ignored.
2024-02-28 14:07:18,562 WARNING:main.py:418:setup_molecule:Multiple occupancies found: CB in VAL B 32.
2024-02-28 14:07:18,562 WARNING:main.py:418:setup_molecule:Multiple occupancies found: CG1 in VAL B 32.
2024-02-28 14:07:18,562 WARNING:main.py:418:setup_molecule:Multiple occupancies found: CG2 in VAL B 32.
2024-02-28 14:07:18,562 WARNING:main.py:424:setup_molecule:Multiple occupancies found in VAL B 32. At least one of the instances is being ignored.
2024-02-28 14:07:18,562 WARNING:main.py:418:setup_molecule:Multiple occupancies found: CB in GLU B 35.
2024-02-28 14:07:18,562 WARNING:main.py:418:setup_molecule:Multiple occupancies found: CG in GLU B 35.
2024-02-28 14:07:18,562 WARNING:main.py:418:setup_molecule:Multiple occupancies found: CD in GLU B 35.
2024-02-28 14:07:18,562 WARNING:main.py:418:setup_molecule:Multiple occupancies found: OE1 in GLU B 35.
2024-02-28 14:07:18,562 WARNING:main.py:418:setup_molecule:Multiple occupancies found: OE2 in GLU B 35.
2024-02-28 14:07:18,562 WARNING:main.py:424:setup_molecule:Multiple occupancies found in GLU B 35. At least one of the instances is being ignored.
2024-02-28 14:07:18,562 WARNING:main.py:418:setup_molecule:Multiple occupancies found: CB in MET B 46.
2024-02-28 14:07:18,562 WARNING:main.py:418:setup_molecule:Multiple occupancies found: CG in MET B 46.
2024-02-28 14:07:18,562 WARNING:main.py:418:setup_molecule:Multiple occupancies found: SD in MET B 46.
2024-02-28 14:07:18,562 WARNING:main.py:418:setup_molecule:Multiple occupancies found: CE in MET B 46.
2024-02-28 14:07:18,562 WARNING:main.py:424:setup_molecule:Multiple occupancies found in MET B 46. At least one of the instances is being ignored.
2024-02-28 14:07:18,562 WARNING:main.py:418:setup_molecule:Multiple occupancies found: N in ILE B 50.
2024-02-28 14:07:18,562 WARNING:main.py:418:setup_molecule:Multiple occupancies found: CA in ILE B 50.
2024-02-28 14:07:18,562 WARNING:main.py:418:setup_molecule:Multiple occupancies found: C in ILE B 50.
2024-02-28 14:07:18,562 WARNING:main.py:418:setup_molecule:Multiple occupancies found: O in ILE B 50.
2024-02-28 14:07:18,563 WARNING:main.py:424:setup_molecule:Multiple occupancies found in ILE B 50. At least one of the instances is being ignored.
2024-02-28 14:07:18,563 WARNING:main.py:418:setup_molecule:Multiple occupancies found: N in GLY B 51.
2024-02-28 14:07:18,563 WARNING:main.py:418:setup_molecule:Multiple occupancies found: CA in GLY B 51.
2024-02-28 14:07:18,563 WARNING:main.py:418:setup_molecule:Multiple occupancies found: C in GLY B 51.
2024-02-28 14:07:18,563 WARNING:main.py:418:setup_molecule:Multiple occupancies found: O in GLY B 51.
2024-02-28 14:07:18,563 WARNING:main.py:424:setup_molecule:Multiple occupancies found in GLY B 51. At least one of the instances is being ignored.
2024-02-28 14:07:18,563 WARNING:main.py:418:setup_molecule:Multiple occupancies found: CB in LYS B 55.
2024-02-28 14:07:18,563 WARNING:main.py:418:setup_molecule:Multiple occupancies found: CG in LYS B 55.
2024-02-28 14:07:18,563 WARNING:main.py:418:setup_molecule:Multiple occupancies found: CD in LYS B 55.
2024-02-28 14:07:18,563 WARNING:main.py:418:setup_molecule:Multiple occupancies found: CE in LYS B 55.
2024-02-28 14:07:18,563 WARNING:main.py:418:setup_molecule:Multiple occupancies found: NZ in LYS B 55.
2024-02-28 14:07:18,563 WARNING:main.py:424:setup_molecule:Multiple occupancies found in LYS B 55. At least one of the instances is being ignored.
2024-02-28 14:07:18,628 WARNING:biomolecule.py:157:num_missing_heavy:Missing atom CG in residue LYS A 41
2024-02-28 14:07:19,009 WARNING:biomolecule.py:157:num_missing_heavy:Missing atom CD in residue LYS A 41
2024-02-28 14:07:19,009 WARNING:biomolecule.py:157:num_missing_heavy:Missing atom CE in residue LYS A 41
2024-02-28 14:07:19,009 WARNING:biomolecule.py:157:num_missing_heavy:Missing atom NZ in residue LYS A 41
2024-02-28 14:07:19,009 WARNING:biomolecule.py:157:num_missing_heavy:Missing atom CG in residue LYS A 43
2024-02-28 14:07:19,009 WARNING:biomolecule.py:157:num_missing_heavy:Missing atom CD in residue LYS A 43
2024-02-28 14:07:19,009 WARNING:biomolecule.py:157:num_missing_heavy:Missing atom CE in residue LYS A 43
2024-02-28 14:07:19,009 WARNING:biomolecule.py:157:num_missing_heavy:Missing atom NZ in residue LYS A 43
2024-02-28 14:07:19,009 WARNING:biomolecule.py:157:num_missing_heavy:Missing atom CG in residue LYS A 45
2024-02-28 14:07:19,009 WARNING:biomolecule.py:157:num_missing_heavy:Missing atom CD in residue LYS A 45
2024-02-28 14:07:19,010 WARNING:biomolecule.py:157:num_missing_heavy:Missing atom CE in residue LYS A 45
2024-02-28 14:07:19,010 WARNING:biomolecule.py:157:num_missing_heavy:Missing atom NZ in residue LYS A 45
2024-02-28 14:07:19,010 WARNING:biomolecule.py:157:num_missing_heavy:Missing atom CG in residue GLU B 21
2024-02-28 14:07:19,010 WARNING:biomolecule.py:157:num_missing_heavy:Missing atom CD in residue GLU B 21
2024-02-28 14:07:19,010 WARNING:biomolecule.py:157:num_missing_heavy:Missing atom OE1 in residue GLU B 21
2024-02-28 14:07:19,010 WARNING:biomolecule.py:157:num_missing_heavy:Missing atom OE2 in residue GLU B 21
2024-02-28 14:07:19,010 WARNING:biomolecule.py:157:num_missing_heavy:Missing atom CG in residue ASN B 37
2024-02-28 14:07:19,010 WARNING:biomolecule.py:157:num_missing_heavy:Missing atom OD1 in residue ASN B 37
2024-02-28 14:07:19,010 WARNING:biomolecule.py:157:num_missing_heavy:Missing atom ND2 in residue ASN B 37
2024-02-28 14:07:19,010 WARNING:biomolecule.py:157:num_missing_heavy:Missing atom CG in residue LYS B 41
2024-02-28 14:07:19,010 WARNING:biomolecule.py:157:num_missing_heavy:Missing atom CD in residue LYS B 41
2024-02-28 14:07:19,010 WARNING:biomolecule.py:157:num_missing_heavy:Missing atom CE in residue LYS B 41
2024-02-28 14:07:19,010 WARNING:biomolecule.py:157:num_missing_heavy:Missing atom NZ in residue LYS B 41
2024-02-28 14:07:19,010 WARNING:biomolecule.py:157:num_missing_heavy:Missing atom CG in residue LYS B 43
2024-02-28 14:07:19,010 WARNING:biomolecule.py:157:num_missing_heavy:Missing atom CD in residue LYS B 43
2024-02-28 14:07:19,011 WARNING:biomolecule.py:157:num_missing_heavy:Missing atom CE in residue LYS B 43
2024-02-28 14:07:19,011 WARNING:biomolecule.py:157:num_missing_heavy:Missing atom NZ in residue LYS B 43
2024-02-28 14:07:19,011 WARNING:biomolecule.py:157:num_missing_heavy:Missing atom CG in residue LYS A 41
2024-02-28 14:07:19,011 WARNING:biomolecule.py:157:num_missing_heavy:Missing atom CD in residue LYS A 41
2024-02-28 14:07:19,011 WARNING:biomolecule.py:157:num_missing_heavy:Missing atom CE in residue LYS A 41
2024-02-28 14:07:19,011 WARNING:biomolecule.py:157:num_missing_heavy:Missing atom NZ in residue LYS A 41
2024-02-28 14:07:19,011 WARNING:biomolecule.py:157:num_missing_heavy:Missing atom CG in residue LYS A 43
2024-02-28 14:07:19,011 WARNING:biomolecule.py:157:num_missing_heavy:Missing atom CD in residue LYS A 43
2024-02-28 14:07:19,011 WARNING:biomolecule.py:157:num_missing_heavy:Missing atom CE in residue LYS A 43
2024-02-28 14:07:19,011 WARNING:biomolecule.py:157:num_missing_heavy:Missing atom NZ in residue LYS A 43
2024-02-28 14:07:19,011 WARNING:biomolecule.py:157:num_missing_heavy:Missing atom CG in residue LYS A 45
2024-02-28 14:07:19,011 WARNING:biomolecule.py:157:num_missing_heavy:Missing atom CD in residue LYS A 45
2024-02-28 14:07:19,011 WARNING:biomolecule.py:157:num_missing_heavy:Missing atom CE in residue LYS A 45
2024-02-28 14:07:19,011 WARNING:biomolecule.py:157:num_missing_heavy:Missing atom NZ in residue LYS A 45
2024-02-28 14:07:19,012 WARNING:biomolecule.py:157:num_missing_heavy:Missing atom CG in residue GLU B 21
2024-02-28 14:07:19,012 WARNING:biomolecule.py:157:num_missing_heavy:Missing atom CD in residue GLU B 21
2024-02-28 14:07:19,012 WARNING:biomolecule.py:157:num_missing_heavy:Missing atom OE1 in residue GLU B 21
2024-02-28 14:07:19,012 WARNING:biomolecule.py:157:num_missing_heavy:Missing atom OE2 in residue GLU B 21
2024-02-28 14:07:19,012 WARNING:biomolecule.py:157:num_missing_heavy:Missing atom CG in residue ASN B 37
2024-02-28 14:07:19,012 WARNING:biomolecule.py:157:num_missing_heavy:Missing atom OD1 in residue ASN B 37
2024-02-28 14:07:19,012 WARNING:biomolecule.py:157:num_missing_heavy:Missing atom ND2 in residue ASN B 37
2024-02-28 14:07:19,012 WARNING:biomolecule.py:157:num_missing_heavy:Missing atom CG in residue LYS B 41
2024-02-28 14:07:19,012 WARNING:biomolecule.py:157:num_missing_heavy:Missing atom CD in residue LYS B 41
2024-02-28 14:07:19,012 WARNING:biomolecule.py:157:num_missing_heavy:Missing atom CE in residue LYS B 41
2024-02-28 14:07:19,012 WARNING:biomolecule.py:157:num_missing_heavy:Missing atom NZ in residue LYS B 41
2024-02-28 14:07:19,012 WARNING:biomolecule.py:157:num_missing_heavy:Missing atom CG in residue LYS B 43
2024-02-28 14:07:19,012 WARNING:biomolecule.py:157:num_missing_heavy:Missing atom CD in residue LYS B 43
2024-02-28 14:07:19,012 WARNING:biomolecule.py:157:num_missing_heavy:Missing atom CE in residue LYS B 43
2024-02-28 14:07:19,012 WARNING:biomolecule.py:157:num_missing_heavy:Missing atom NZ in residue LYS B 43
2024-02-28 14:07:19,013 WARNING:biomolecule.py:157:num_missing_heavy:Missing atom CG in residue LYS A 41
2024-02-28 14:07:19,013 WARNING:biomolecule.py:157:num_missing_heavy:Missing atom CD in residue LYS A 41
2024-02-28 14:07:19,013 WARNING:biomolecule.py:157:num_missing_heavy:Missing atom CE in residue LYS A 41
2024-02-28 14:07:19,013 WARNING:biomolecule.py:157:num_missing_heavy:Missing atom NZ in residue LYS A 41
2024-02-28 14:07:19,013 WARNING:biomolecule.py:157:num_missing_heavy:Missing atom CG in residue LYS A 43
2024-02-28 14:07:19,013 WARNING:biomolecule.py:157:num_missing_heavy:Missing atom CD in residue LYS A 43
2024-02-28 14:07:19,013 WARNING:biomolecule.py:157:num_missing_heavy:Missing atom CE in residue LYS A 43
2024-02-28 14:07:19,013 WARNING:biomolecule.py:157:num_missing_heavy:Missing atom NZ in residue LYS A 43
2024-02-28 14:07:19,013 WARNING:biomolecule.py:157:num_missing_heavy:Missing atom CG in residue LYS A 45
2024-02-28 14:07:19,013 WARNING:biomolecule.py:157:num_missing_heavy:Missing atom CD in residue LYS A 45
2024-02-28 14:07:19,013 WARNING:biomolecule.py:157:num_missing_heavy:Missing atom CE in residue LYS A 45
2024-02-28 14:07:19,013 WARNING:biomolecule.py:157:num_missing_heavy:Missing atom NZ in residue LYS A 45
2024-02-28 14:07:19,022 WARNING:biomolecule.py:157:num_missing_heavy:Missing atom CG in residue GLU B 21
2024-02-28 14:07:19,022 WARNING:biomolecule.py:157:num_missing_heavy:Missing atom CD in residue GLU B 21
2024-02-28 14:07:19,022 WARNING:biomolecule.py:157:num_missing_heavy:Missing atom OE1 in residue GLU B 21
2024-02-28 14:07:19,022 WARNING:biomolecule.py:157:num_missing_heavy:Missing atom OE2 in residue GLU B 21
2024-02-28 14:07:19,022 WARNING:biomolecule.py:157:num_missing_heavy:Missing atom CG in residue ASN B 37
2024-02-28 14:07:19,022 WARNING:biomolecule.py:157:num_missing_heavy:Missing atom OD1 in residue ASN B 37
2024-02-28 14:07:19,022 WARNING:biomolecule.py:157:num_missing_heavy:Missing atom ND2 in residue ASN B 37
2024-02-28 14:07:19,022 WARNING:biomolecule.py:157:num_missing_heavy:Missing atom CG in residue LYS B 41
2024-02-28 14:07:19,022 WARNING:biomolecule.py:157:num_missing_heavy:Missing atom CD in residue LYS B 41
2024-02-28 14:07:19,022 WARNING:biomolecule.py:157:num_missing_heavy:Missing atom CE in residue LYS B 41
2024-02-28 14:07:19,022 WARNING:biomolecule.py:157:num_missing_heavy:Missing atom NZ in residue LYS B 41
2024-02-28 14:07:19,022 WARNING:biomolecule.py:157:num_missing_heavy:Missing atom CG in residue LYS B 43
2024-02-28 14:07:19,022 WARNING:biomolecule.py:157:num_missing_heavy:Missing atom CD in residue LYS B 43
2024-02-28 14:07:19,022 WARNING:biomolecule.py:157:num_missing_heavy:Missing atom CE in residue LYS B 43
2024-02-28 14:07:19,022 WARNING:biomolecule.py:157:num_missing_heavy:Missing atom NZ in residue LYS B 43
2024-02-28 14:07:21,610 WARNING:main.py:311:print_pqr:Ignoring 3435 header lines in output.
2024-02-28 14:07:21,610 WARNING:main.py:315:print_pqr:Ignoring 82 missing lines in output.
