2024-02-28 14:07:16,879 WARNING:biomolecule.py:992:create_residue:Unable to find amino or nucleic acid definition for SO4.  Parsing as new residue.
2024-02-28 14:07:16,880 WARNING:biomolecule.py:992:create_residue:Unable to find amino or nucleic acid definition for SO4.  Parsing as new residue.
2024-02-28 14:07:16,881 WARNING:biomolecule.py:992:create_residue:Unable to find amino or nucleic acid definition for SO4.  Parsing as new residue.
2024-02-28 14:07:16,881 WARNING:biomolecule.py:992:create_residue:Unable to find amino or nucleic acid definition for SO4.  Parsing as new residue.
2024-02-28 14:07:16,887 WARNING:biomolecule.py:992:create_residue:Unable to find amino or nucleic acid definition for SO4.  Parsing as new residue.
2024-02-28 14:07:16,887 WARNING:biomolecule.py:992:create_residue:Unable to find amino or nucleic acid definition for SO4.  Parsing as new residue.
2024-02-28 14:07:16,887 WARNING:biomolecule.py:992:create_residue:Unable to find amino or nucleic acid definition for CIT.  Parsing as new residue.
2024-02-28 14:07:16,887 WARNING:biomolecule.py:992:create_residue:Unable to find amino or nucleic acid definition for YZ9.  Parsing as new residue.
2024-02-28 14:07:16,888 WARNING:biomolecule.py:992:create_residue:Unable to find amino or nucleic acid definition for SO4.  Parsing as new residue.
2024-02-28 14:07:16,888 WARNING:io.py:40:filter:Suppressing further "Unable to find amino or nucleic acid definition for" messages
2024-02-28 14:07:16,910 WARNING:biomolecule.py:157:num_missing_heavy:Missing atom OXT in residue HIS A 118
2024-02-28 14:07:16,911 WARNING:biomolecule.py:157:num_missing_heavy:Missing atom OXT in residue ALA B 114
2024-02-28 14:07:16,912 WARNING:biomolecule.py:157:num_missing_heavy:Missing atom OXT in residue HIS C 118
2024-02-28 14:07:16,913 WARNING:biomolecule.py:157:num_missing_heavy:Missing atom OXT in residue HIS A 118
2024-02-28 14:07:16,913 WARNING:biomolecule.py:157:num_missing_heavy:Missing atom OXT in residue ALA B 114
2024-02-28 14:07:16,913 WARNING:biomolecule.py:157:num_missing_heavy:Missing atom OXT in residue HIS C 118
2024-02-28 14:07:16,914 WARNING:biomolecule.py:157:num_missing_heavy:Missing atom OXT in residue HIS A 118
2024-02-28 14:07:16,914 WARNING:biomolecule.py:157:num_missing_heavy:Missing atom OXT in residue ALA B 114
2024-02-28 14:07:16,915 WARNING:biomolecule.py:157:num_missing_heavy:Missing atom OXT in residue HIS C 118
2024-02-28 14:07:22,364 WARNING:main.py:311:print_pqr:Ignoring 5377 header lines in output.
2024-02-28 14:07:22,364 WARNING:main.py:315:print_pqr:Ignoring 140 missing lines in output.
