2024-02-28 14:07:03,846 WARNING:biomolecule.py:992:create_residue:Unable to find amino or nucleic acid definition for MYR.  Parsing as new residue.
2024-02-28 14:07:03,847 WARNING:biomolecule.py:992:create_residue:Unable to find amino or nucleic acid definition for MYR.  Parsing as new residue.
2024-02-28 14:07:03,847 WARNING:biomolecule.py:992:create_residue:Unable to find amino or nucleic acid definition for MYR.  Parsing as new residue.
2024-02-28 14:07:03,848 WARNING:biomolecule.py:992:create_residue:Unable to find amino or nucleic acid definition for MYR.  Parsing as new residue.
2024-02-28 14:07:03,848 WARNING:biomolecule.py:992:create_residue:Unable to find amino or nucleic acid definition for MYR.  Parsing as new residue.
2024-02-28 14:07:03,849 WARNING:biomolecule.py:992:create_residue:Unable to find amino or nucleic acid definition for MYR.  Parsing as new residue.
2024-02-28 14:07:03,849 WARNING:biomolecule.py:992:create_residue:Unable to find amino or nucleic acid definition for SWF.  Parsing as new residue.
2024-02-28 14:07:03,868 WARNING:biomolecule.py:157:num_missing_heavy:Missing atom CG in residue HIS A 3
2024-02-28 14:07:03,868 WARNING:biomolecule.py:157:num_missing_heavy:Missing atom ND1 in residue HIS A 3
2024-02-28 14:07:03,868 WARNING:biomolecule.py:157:num_missing_heavy:Missing atom CD2 in residue HIS A 3
2024-02-28 14:07:03,868 WARNING:biomolecule.py:157:num_missing_heavy:Missing atom CE1 in residue HIS A 3
2024-02-28 14:07:03,869 WARNING:biomolecule.py:157:num_missing_heavy:Missing atom NE2 in residue HIS A 3
2024-02-28 14:07:03,869 WARNING:biomolecule.py:157:num_missing_heavy:Missing atom CG in residue GLN A 94
2024-02-28 14:07:03,869 WARNING:biomolecule.py:157:num_missing_heavy:Missing atom CD in residue GLN A 94
2024-02-28 14:07:03,869 WARNING:biomolecule.py:157:num_missing_heavy:Missing atom OE1 in residue GLN A 94
2024-02-28 14:07:03,870 WARNING:biomolecule.py:157:num_missing_heavy:Missing atom NE2 in residue GLN A 94
2024-02-28 14:07:03,870 WARNING:biomolecule.py:157:num_missing_heavy:Missing atom CG in residue LYS A 199
2024-02-28 14:07:03,870 WARNING:biomolecule.py:157:num_missing_heavy:Missing atom CD in residue LYS A 199
2024-02-28 14:07:03,870 WARNING:biomolecule.py:157:num_missing_heavy:Missing atom CE in residue LYS A 199
2024-02-28 14:07:03,870 WARNING:biomolecule.py:157:num_missing_heavy:Missing atom NZ in residue LYS A 199
2024-02-28 14:07:03,870 WARNING:biomolecule.py:157:num_missing_heavy:Missing atom CG in residue GLN A 204
2024-02-28 14:07:03,871 WARNING:biomolecule.py:157:num_missing_heavy:Missing atom CD in residue GLN A 204
2024-02-28 14:07:03,871 WARNING:biomolecule.py:157:num_missing_heavy:Missing atom OE1 in residue GLN A 204
2024-02-28 14:07:03,871 WARNING:biomolecule.py:157:num_missing_heavy:Missing atom NE2 in residue GLN A 204
2024-02-28 14:07:03,871 WARNING:biomolecule.py:157:num_missing_heavy:Missing atom CG in residue GLU A 227
2024-02-28 14:07:03,872 WARNING:biomolecule.py:157:num_missing_heavy:Missing atom CD in residue GLU A 227
2024-02-28 14:07:03,872 WARNING:biomolecule.py:157:num_missing_heavy:Missing atom OE1 in residue GLU A 227
2024-02-28 14:07:03,872 WARNING:biomolecule.py:157:num_missing_heavy:Missing atom OE2 in residue GLU A 227
2024-02-28 14:07:03,872 WARNING:biomolecule.py:157:num_missing_heavy:Missing atom CG in residue GLU A 244
2024-02-28 14:07:03,872 WARNING:biomolecule.py:157:num_missing_heavy:Missing atom CD in residue GLU A 244
2024-02-28 14:07:03,872 WARNING:biomolecule.py:157:num_missing_heavy:Missing atom OE1 in residue GLU A 244
2024-02-28 14:07:03,872 WARNING:biomolecule.py:157:num_missing_heavy:Missing atom OE2 in residue GLU A 244
2024-02-28 14:07:03,873 WARNING:biomolecule.py:157:num_missing_heavy:Missing atom CG in residue GLU A 280
2024-02-28 14:07:03,873 WARNING:biomolecule.py:157:num_missing_heavy:Missing atom CD in residue GLU A 280
2024-02-28 14:07:03,873 WARNING:biomolecule.py:157:num_missing_heavy:Missing atom OE1 in residue GLU A 280
2024-02-28 14:07:03,873 WARNING:biomolecule.py:157:num_missing_heavy:Missing atom OE2 in residue GLU A 280
2024-02-28 14:07:03,873 WARNING:biomolecule.py:157:num_missing_heavy:Missing atom CG in residue LYS A 313
2024-02-28 14:07:03,874 WARNING:biomolecule.py:157:num_missing_heavy:Missing atom CD in residue LYS A 313
2024-02-28 14:07:03,874 WARNING:biomolecule.py:157:num_missing_heavy:Missing atom CE in residue LYS A 313
2024-02-28 14:07:03,874 WARNING:biomolecule.py:157:num_missing_heavy:Missing atom NZ in residue LYS A 313
2024-02-28 14:07:03,874 WARNING:biomolecule.py:157:num_missing_heavy:Missing atom CG in residue LYS A 389
2024-02-28 14:07:03,874 WARNING:biomolecule.py:157:num_missing_heavy:Missing atom CD in residue LYS A 389
2024-02-28 14:07:03,874 WARNING:biomolecule.py:157:num_missing_heavy:Missing atom CE in residue LYS A 389
2024-02-28 14:07:03,875 WARNING:biomolecule.py:157:num_missing_heavy:Missing atom NZ in residue LYS A 389
2024-02-28 14:07:03,875 WARNING:biomolecule.py:157:num_missing_heavy:Missing atom CG in residue GLU A 465
2024-02-28 14:07:03,875 WARNING:biomolecule.py:157:num_missing_heavy:Missing atom CD in residue GLU A 465
2024-02-28 14:07:03,875 WARNING:biomolecule.py:157:num_missing_heavy:Missing atom OE1 in residue GLU A 465
2024-02-28 14:07:03,875 WARNING:biomolecule.py:157:num_missing_heavy:Missing atom OE2 in residue GLU A 465
2024-02-28 14:07:03,876 WARNING:biomolecule.py:157:num_missing_heavy:Missing atom CG in residue LYS A 524
2024-02-28 14:07:03,876 WARNING:biomolecule.py:157:num_missing_heavy:Missing atom CD in residue LYS A 524
2024-02-28 14:07:03,876 WARNING:biomolecule.py:157:num_missing_heavy:Missing atom CE in residue LYS A 524
2024-02-28 14:07:03,876 WARNING:biomolecule.py:157:num_missing_heavy:Missing atom NZ in residue LYS A 524
2024-02-28 14:07:03,876 WARNING:biomolecule.py:157:num_missing_heavy:Missing atom CA in residue LEU A 585
2024-02-28 14:07:03,876 WARNING:biomolecule.py:157:num_missing_heavy:Missing atom C in residue LEU A 585
2024-02-28 14:07:03,877 WARNING:biomolecule.py:157:num_missing_heavy:Missing atom O in residue LEU A 585
2024-02-28 14:07:03,877 WARNING:biomolecule.py:157:num_missing_heavy:Missing atom CB in residue LEU A 585
2024-02-28 14:07:03,877 WARNING:biomolecule.py:157:num_missing_heavy:Missing atom CG in residue LEU A 585
2024-02-28 14:07:03,877 WARNING:biomolecule.py:157:num_missing_heavy:Missing atom CD1 in residue LEU A 585
2024-02-28 14:07:03,878 WARNING:biomolecule.py:157:num_missing_heavy:Missing atom CD2 in residue LEU A 585
2024-02-28 14:07:03,878 WARNING:biomolecule.py:157:num_missing_heavy:Missing atom OXT in residue LEU A 585
2024-02-28 14:07:03,878 WARNING:biomolecule.py:157:num_missing_heavy:Missing atom CG in residue HIS A 3
2024-02-28 14:07:03,878 WARNING:biomolecule.py:157:num_missing_heavy:Missing atom ND1 in residue HIS A 3
2024-02-28 14:07:03,878 WARNING:biomolecule.py:157:num_missing_heavy:Missing atom CD2 in residue HIS A 3
2024-02-28 14:07:03,878 WARNING:biomolecule.py:157:num_missing_heavy:Missing atom CE1 in residue HIS A 3
2024-02-28 14:07:03,878 WARNING:biomolecule.py:157:num_missing_heavy:Missing atom NE2 in residue HIS A 3
2024-02-28 14:07:03,878 WARNING:biomolecule.py:157:num_missing_heavy:Missing atom CG in residue GLN A 94
2024-02-28 14:07:03,878 WARNING:biomolecule.py:157:num_missing_heavy:Missing atom CD in residue GLN A 94
2024-02-28 14:07:03,878 WARNING:biomolecule.py:157:num_missing_heavy:Missing atom OE1 in residue GLN A 94
2024-02-28 14:07:03,879 WARNING:biomolecule.py:157:num_missing_heavy:Missing atom NE2 in residue GLN A 94
2024-02-28 14:07:03,879 WARNING:biomolecule.py:157:num_missing_heavy:Missing atom CG in residue LYS A 199
2024-02-28 14:07:03,879 WARNING:biomolecule.py:157:num_missing_heavy:Missing atom CD in residue LYS A 199
2024-02-28 14:07:03,879 WARNING:biomolecule.py:157:num_missing_heavy:Missing atom CE in residue LYS A 199
2024-02-28 14:07:03,880 WARNING:biomolecule.py:157:num_missing_heavy:Missing atom NZ in residue LYS A 199
2024-02-28 14:07:03,880 WARNING:biomolecule.py:157:num_missing_heavy:Missing atom CG in residue GLN A 204
2024-02-28 14:07:03,880 WARNING:biomolecule.py:157:num_missing_heavy:Missing atom CD in residue GLN A 204
2024-02-28 14:07:03,881 WARNING:biomolecule.py:157:num_missing_heavy:Missing atom OE1 in residue GLN A 204
2024-02-28 14:07:03,881 WARNING:biomolecule.py:157:num_missing_heavy:Missing atom NE2 in residue GLN A 204
2024-02-28 14:07:03,881 WARNING:biomolecule.py:157:num_missing_heavy:Missing atom CG in residue GLU A 227
2024-02-28 14:07:03,881 WARNING:biomolecule.py:157:num_missing_heavy:Missing atom CD in residue GLU A 227
2024-02-28 14:07:03,882 WARNING:biomolecule.py:157:num_missing_heavy:Missing atom OE1 in residue GLU A 227
2024-02-28 14:07:03,882 WARNING:biomolecule.py:157:num_missing_heavy:Missing atom OE2 in residue GLU A 227
2024-02-28 14:07:03,882 WARNING:biomolecule.py:157:num_missing_heavy:Missing atom CG in residue GLU A 244
2024-02-28 14:07:03,882 WARNING:biomolecule.py:157:num_missing_heavy:Missing atom CD in residue GLU A 244
2024-02-28 14:07:03,883 WARNING:biomolecule.py:157:num_missing_heavy:Missing atom OE1 in residue GLU A 244
2024-02-28 14:07:03,883 WARNING:biomolecule.py:157:num_missing_heavy:Missing atom OE2 in residue GLU A 244
2024-02-28 14:07:03,883 WARNING:biomolecule.py:157:num_missing_heavy:Missing atom CG in residue GLU A 280
2024-02-28 14:07:03,883 WARNING:biomolecule.py:157:num_missing_heavy:Missing atom CD in residue GLU A 280
2024-02-28 14:07:03,883 WARNING:biomolecule.py:157:num_missing_heavy:Missing atom OE1 in residue GLU A 280
2024-02-28 14:07:03,884 WARNING:biomolecule.py:157:num_missing_heavy:Missing atom OE2 in residue GLU A 280
2024-02-28 14:07:03,884 WARNING:biomolecule.py:157:num_missing_heavy:Missing atom CG in residue LYS A 313
2024-02-28 14:07:03,884 WARNING:biomolecule.py:157:num_missing_heavy:Missing atom CD in residue LYS A 313
2024-02-28 14:07:03,884 WARNING:biomolecule.py:157:num_missing_heavy:Missing atom CE in residue LYS A 313
2024-02-28 14:07:03,885 WARNING:biomolecule.py:157:num_missing_heavy:Missing atom NZ in residue LYS A 313
2024-02-28 14:07:03,885 WARNING:biomolecule.py:157:num_missing_heavy:Missing atom CG in residue LYS A 389
2024-02-28 14:07:03,885 WARNING:biomolecule.py:157:num_missing_heavy:Missing atom CD in residue LYS A 389
2024-02-28 14:07:03,885 WARNING:biomolecule.py:157:num_missing_heavy:Missing atom CE in residue LYS A 389
2024-02-28 14:07:03,885 WARNING:biomolecule.py:157:num_missing_heavy:Missing atom NZ in residue LYS A 389
2024-02-28 14:07:03,886 WARNING:biomolecule.py:157:num_missing_heavy:Missing atom CG in residue GLU A 465
2024-02-28 14:07:03,886 WARNING:biomolecule.py:157:num_missing_heavy:Missing atom CD in residue GLU A 465
2024-02-28 14:07:03,886 WARNING:biomolecule.py:157:num_missing_heavy:Missing atom OE1 in residue GLU A 465
2024-02-28 14:07:03,886 WARNING:biomolecule.py:157:num_missing_heavy:Missing atom OE2 in residue GLU A 465
2024-02-28 14:07:03,886 WARNING:biomolecule.py:157:num_missing_heavy:Missing atom CG in residue LYS A 524
2024-02-28 14:07:03,887 WARNING:biomolecule.py:157:num_missing_heavy:Missing atom CD in residue LYS A 524
2024-02-28 14:07:03,887 WARNING:biomolecule.py:157:num_missing_heavy:Missing atom CE in residue LYS A 524
2024-02-28 14:07:03,887 WARNING:biomolecule.py:157:num_missing_heavy:Missing atom NZ in residue LYS A 524
2024-02-28 14:07:03,887 WARNING:biomolecule.py:157:num_missing_heavy:Missing atom CA in residue LEU A 585
2024-02-28 14:07:03,888 WARNING:biomolecule.py:157:num_missing_heavy:Missing atom C in residue LEU A 585
2024-02-28 14:07:03,888 WARNING:biomolecule.py:157:num_missing_heavy:Missing atom O in residue LEU A 585
2024-02-28 14:07:03,888 WARNING:biomolecule.py:157:num_missing_heavy:Missing atom CB in residue LEU A 585
2024-02-28 14:07:03,888 WARNING:biomolecule.py:157:num_missing_heavy:Missing atom CG in residue LEU A 585
2024-02-28 14:07:03,888 WARNING:biomolecule.py:157:num_missing_heavy:Missing atom CD1 in residue LEU A 585
2024-02-28 14:07:03,889 WARNING:biomolecule.py:157:num_missing_heavy:Missing atom CD2 in residue LEU A 585
2024-02-28 14:07:03,889 WARNING:biomolecule.py:157:num_missing_heavy:Missing atom OXT in residue LEU A 585
2024-02-28 14:07:03,889 WARNING:biomolecule.py:157:num_missing_heavy:Missing atom CG in residue HIS A 3
2024-02-28 14:07:03,890 WARNING:biomolecule.py:157:num_missing_heavy:Missing atom ND1 in residue HIS A 3
2024-02-28 14:07:03,890 WARNING:biomolecule.py:157:num_missing_heavy:Missing atom CD2 in residue HIS A 3
2024-02-28 14:07:03,890 WARNING:biomolecule.py:157:num_missing_heavy:Missing atom CE1 in residue HIS A 3
2024-02-28 14:07:03,890 WARNING:biomolecule.py:157:num_missing_heavy:Missing atom NE2 in residue HIS A 3
2024-02-28 14:07:03,891 WARNING:biomolecule.py:157:num_missing_heavy:Missing atom CG in residue GLN A 94
2024-02-28 14:07:03,891 WARNING:biomolecule.py:157:num_missing_heavy:Missing atom CD in residue GLN A 94
2024-02-28 14:07:03,891 WARNING:biomolecule.py:157:num_missing_heavy:Missing atom OE1 in residue GLN A 94
2024-02-28 14:07:03,891 WARNING:biomolecule.py:157:num_missing_heavy:Missing atom NE2 in residue GLN A 94
2024-02-28 14:07:03,892 WARNING:biomolecule.py:157:num_missing_heavy:Missing atom CG in residue LYS A 199
2024-02-28 14:07:03,892 WARNING:biomolecule.py:157:num_missing_heavy:Missing atom CD in residue LYS A 199
2024-02-28 14:07:03,892 WARNING:biomolecule.py:157:num_missing_heavy:Missing atom CE in residue LYS A 199
2024-02-28 14:07:03,892 WARNING:biomolecule.py:157:num_missing_heavy:Missing atom NZ in residue LYS A 199
2024-02-28 14:07:03,892 WARNING:biomolecule.py:157:num_missing_heavy:Missing atom CG in residue GLN A 204
2024-02-28 14:07:03,893 WARNING:biomolecule.py:157:num_missing_heavy:Missing atom CD in residue GLN A 204
2024-02-28 14:07:03,893 WARNING:biomolecule.py:157:num_missing_heavy:Missing atom OE1 in residue GLN A 204
2024-02-28 14:07:03,893 WARNING:biomolecule.py:157:num_missing_heavy:Missing atom NE2 in residue GLN A 204
2024-02-28 14:07:03,894 WARNING:biomolecule.py:157:num_missing_heavy:Missing atom CG in residue GLU A 227
2024-02-28 14:07:03,894 WARNING:biomolecule.py:157:num_missing_heavy:Missing atom CD in residue GLU A 227
2024-02-28 14:07:03,895 WARNING:biomolecule.py:157:num_missing_heavy:Missing atom OE1 in residue GLU A 227
2024-02-28 14:07:03,896 WARNING:biomolecule.py:157:num_missing_heavy:Missing atom OE2 in residue GLU A 227
2024-02-28 14:07:03,896 WARNING:biomolecule.py:157:num_missing_heavy:Missing atom CG in residue GLU A 244
2024-02-28 14:07:03,896 WARNING:biomolecule.py:157:num_missing_heavy:Missing atom CD in residue GLU A 244
2024-02-28 14:07:03,897 WARNING:biomolecule.py:157:num_missing_heavy:Missing atom OE1 in residue GLU A 244
2024-02-28 14:07:03,899 WARNING:biomolecule.py:157:num_missing_heavy:Missing atom OE2 in residue GLU A 244
2024-02-28 14:07:03,899 WARNING:biomolecule.py:157:num_missing_heavy:Missing atom CG in residue GLU A 280
2024-02-28 14:07:03,899 WARNING:biomolecule.py:157:num_missing_heavy:Missing atom CD in residue GLU A 280
2024-02-28 14:07:03,899 WARNING:biomolecule.py:157:num_missing_heavy:Missing atom OE1 in residue GLU A 280
2024-02-28 14:07:03,900 WARNING:biomolecule.py:157:num_missing_heavy:Missing atom OE2 in residue GLU A 280
2024-02-28 14:07:03,900 WARNING:biomolecule.py:157:num_missing_heavy:Missing atom CG in residue LYS A 313
2024-02-28 14:07:03,900 WARNING:biomolecule.py:157:num_missing_heavy:Missing atom CD in residue LYS A 313
2024-02-28 14:07:03,901 WARNING:biomolecule.py:157:num_missing_heavy:Missing atom CE in residue LYS A 313
2024-02-28 14:07:03,901 WARNING:biomolecule.py:157:num_missing_heavy:Missing atom NZ in residue LYS A 313
2024-02-28 14:07:03,901 WARNING:biomolecule.py:157:num_missing_heavy:Missing atom CG in residue LYS A 389
2024-02-28 14:07:03,901 WARNING:biomolecule.py:157:num_missing_heavy:Missing atom CD in residue LYS A 389
2024-02-28 14:07:03,902 WARNING:biomolecule.py:157:num_missing_heavy:Missing atom CE in residue LYS A 389
2024-02-28 14:07:03,902 WARNING:biomolecule.py:157:num_missing_heavy:Missing atom NZ in residue LYS A 389
2024-02-28 14:07:03,902 WARNING:biomolecule.py:157:num_missing_heavy:Missing atom CG in residue GLU A 465
2024-02-28 14:07:03,902 WARNING:biomolecule.py:157:num_missing_heavy:Missing atom CD in residue GLU A 465
2024-02-28 14:07:03,903 WARNING:biomolecule.py:157:num_missing_heavy:Missing atom OE1 in residue GLU A 465
2024-02-28 14:07:03,903 WARNING:biomolecule.py:157:num_missing_heavy:Missing atom OE2 in residue GLU A 465
2024-02-28 14:07:03,903 WARNING:biomolecule.py:157:num_missing_heavy:Missing atom CG in residue LYS A 524
2024-02-28 14:07:03,903 WARNING:biomolecule.py:157:num_missing_heavy:Missing atom CD in residue LYS A 524
2024-02-28 14:07:03,903 WARNING:biomolecule.py:157:num_missing_heavy:Missing atom CE in residue LYS A 524
2024-02-28 14:07:03,903 WARNING:biomolecule.py:157:num_missing_heavy:Missing atom NZ in residue LYS A 524
2024-02-28 14:07:03,903 WARNING:biomolecule.py:157:num_missing_heavy:Missing atom CA in residue LEU A 585
2024-02-28 14:07:03,903 WARNING:biomolecule.py:157:num_missing_heavy:Missing atom C in residue LEU A 585
2024-02-28 14:07:03,903 WARNING:biomolecule.py:157:num_missing_heavy:Missing atom O in residue LEU A 585
2024-02-28 14:07:03,904 WARNING:biomolecule.py:157:num_missing_heavy:Missing atom CB in residue LEU A 585
2024-02-28 14:07:03,904 WARNING:biomolecule.py:157:num_missing_heavy:Missing atom CG in residue LEU A 585
2024-02-28 14:07:03,904 WARNING:biomolecule.py:157:num_missing_heavy:Missing atom CD1 in residue LEU A 585
2024-02-28 14:07:03,904 WARNING:biomolecule.py:157:num_missing_heavy:Missing atom CD2 in residue LEU A 585
2024-02-28 14:07:03,904 WARNING:biomolecule.py:157:num_missing_heavy:Missing atom OXT in residue LEU A 585
2024-02-28 14:07:03,912 CRITICAL:main.py:800:main_driver:Too few atoms present to reconstruct or cap residue LEU A 585 in structure! This error is generally caused by missing backbone atoms in this biomolecule; you must use an external program to complete gaps in the biomolecule backbone. Heavy atoms missing from LEU A 585:  C O CB CG CD1 CD2 OXT CA
2024-02-28 14:07:03,912 CRITICAL:main.py:801:main_driver:Giving up.
2024-02-28 14:58:33,084 WARNING:biomolecule.py:992:create_residue:Unable to find amino or nucleic acid definition for MYR.  Parsing as new residue.
2024-02-28 14:58:33,087 WARNING:biomolecule.py:992:create_residue:Unable to find amino or nucleic acid definition for MYR.  Parsing as new residue.
2024-02-28 14:58:33,087 WARNING:biomolecule.py:992:create_residue:Unable to find amino or nucleic acid definition for MYR.  Parsing as new residue.
2024-02-28 14:58:33,087 WARNING:biomolecule.py:992:create_residue:Unable to find amino or nucleic acid definition for MYR.  Parsing as new residue.
2024-02-28 14:58:33,087 WARNING:biomolecule.py:992:create_residue:Unable to find amino or nucleic acid definition for MYR.  Parsing as new residue.
2024-02-28 14:58:33,087 WARNING:biomolecule.py:992:create_residue:Unable to find amino or nucleic acid definition for MYR.  Parsing as new residue.
2024-02-28 14:58:33,088 WARNING:biomolecule.py:992:create_residue:Unable to find amino or nucleic acid definition for SWF.  Parsing as new residue.
2024-02-28 14:58:33,112 WARNING:biomolecule.py:157:num_missing_heavy:Missing atom CG in residue HIS A 3
2024-02-28 14:58:33,112 WARNING:biomolecule.py:157:num_missing_heavy:Missing atom ND1 in residue HIS A 3
2024-02-28 14:58:33,112 WARNING:biomolecule.py:157:num_missing_heavy:Missing atom CD2 in residue HIS A 3
2024-02-28 14:58:33,112 WARNING:biomolecule.py:157:num_missing_heavy:Missing atom CE1 in residue HIS A 3
2024-02-28 14:58:33,112 WARNING:biomolecule.py:157:num_missing_heavy:Missing atom NE2 in residue HIS A 3
2024-02-28 14:58:33,112 WARNING:biomolecule.py:157:num_missing_heavy:Missing atom CG in residue GLN A 94
2024-02-28 14:58:33,112 WARNING:biomolecule.py:157:num_missing_heavy:Missing atom CD in residue GLN A 94
2024-02-28 14:58:33,113 WARNING:biomolecule.py:157:num_missing_heavy:Missing atom OE1 in residue GLN A 94
2024-02-28 14:58:33,115 WARNING:biomolecule.py:157:num_missing_heavy:Missing atom NE2 in residue GLN A 94
2024-02-28 14:58:33,116 WARNING:biomolecule.py:157:num_missing_heavy:Missing atom CG in residue LYS A 199
2024-02-28 14:58:33,117 WARNING:biomolecule.py:157:num_missing_heavy:Missing atom CD in residue LYS A 199
2024-02-28 14:58:33,117 WARNING:biomolecule.py:157:num_missing_heavy:Missing atom CE in residue LYS A 199
2024-02-28 14:58:33,117 WARNING:biomolecule.py:157:num_missing_heavy:Missing atom NZ in residue LYS A 199
2024-02-28 14:58:33,117 WARNING:biomolecule.py:157:num_missing_heavy:Missing atom CG in residue GLN A 204
2024-02-28 14:58:33,117 WARNING:biomolecule.py:157:num_missing_heavy:Missing atom CD in residue GLN A 204
2024-02-28 14:58:33,117 WARNING:biomolecule.py:157:num_missing_heavy:Missing atom OE1 in residue GLN A 204
2024-02-28 14:58:33,117 WARNING:biomolecule.py:157:num_missing_heavy:Missing atom NE2 in residue GLN A 204
2024-02-28 14:58:33,117 WARNING:biomolecule.py:157:num_missing_heavy:Missing atom CG in residue GLU A 227
2024-02-28 14:58:33,118 WARNING:biomolecule.py:157:num_missing_heavy:Missing atom CD in residue GLU A 227
2024-02-28 14:58:33,119 WARNING:biomolecule.py:157:num_missing_heavy:Missing atom OE1 in residue GLU A 227
2024-02-28 14:58:33,119 WARNING:biomolecule.py:157:num_missing_heavy:Missing atom OE2 in residue GLU A 227
2024-02-28 14:58:33,119 WARNING:biomolecule.py:157:num_missing_heavy:Missing atom CG in residue GLU A 244
2024-02-28 14:58:33,119 WARNING:biomolecule.py:157:num_missing_heavy:Missing atom CD in residue GLU A 244
2024-02-28 14:58:33,119 WARNING:biomolecule.py:157:num_missing_heavy:Missing atom OE1 in residue GLU A 244
2024-02-28 14:58:33,119 WARNING:biomolecule.py:157:num_missing_heavy:Missing atom OE2 in residue GLU A 244
2024-02-28 14:58:33,119 WARNING:biomolecule.py:157:num_missing_heavy:Missing atom CG in residue GLU A 280
2024-02-28 14:58:33,119 WARNING:biomolecule.py:157:num_missing_heavy:Missing atom CD in residue GLU A 280
2024-02-28 14:58:33,119 WARNING:biomolecule.py:157:num_missing_heavy:Missing atom OE1 in residue GLU A 280
2024-02-28 14:58:33,119 WARNING:biomolecule.py:157:num_missing_heavy:Missing atom OE2 in residue GLU A 280
2024-02-28 14:58:33,119 WARNING:biomolecule.py:157:num_missing_heavy:Missing atom CG in residue LYS A 313
2024-02-28 14:58:33,119 WARNING:biomolecule.py:157:num_missing_heavy:Missing atom CD in residue LYS A 313
2024-02-28 14:58:33,119 WARNING:biomolecule.py:157:num_missing_heavy:Missing atom CE in residue LYS A 313
2024-02-28 14:58:33,120 WARNING:biomolecule.py:157:num_missing_heavy:Missing atom NZ in residue LYS A 313
2024-02-28 14:58:33,120 WARNING:biomolecule.py:157:num_missing_heavy:Missing atom CG in residue LYS A 389
2024-02-28 14:58:33,120 WARNING:biomolecule.py:157:num_missing_heavy:Missing atom CD in residue LYS A 389
2024-02-28 14:58:33,120 WARNING:biomolecule.py:157:num_missing_heavy:Missing atom CE in residue LYS A 389
2024-02-28 14:58:33,120 WARNING:biomolecule.py:157:num_missing_heavy:Missing atom NZ in residue LYS A 389
2024-02-28 14:58:33,120 WARNING:biomolecule.py:157:num_missing_heavy:Missing atom CG in residue GLU A 465
2024-02-28 14:58:33,120 WARNING:biomolecule.py:157:num_missing_heavy:Missing atom CD in residue GLU A 465
2024-02-28 14:58:33,121 WARNING:biomolecule.py:157:num_missing_heavy:Missing atom OE1 in residue GLU A 465
2024-02-28 14:58:33,121 WARNING:biomolecule.py:157:num_missing_heavy:Missing atom OE2 in residue GLU A 465
2024-02-28 14:58:33,121 WARNING:biomolecule.py:157:num_missing_heavy:Missing atom CG in residue LYS A 524
2024-02-28 14:58:33,121 WARNING:biomolecule.py:157:num_missing_heavy:Missing atom CD in residue LYS A 524
2024-02-28 14:58:33,121 WARNING:biomolecule.py:157:num_missing_heavy:Missing atom CE in residue LYS A 524
2024-02-28 14:58:33,121 WARNING:biomolecule.py:157:num_missing_heavy:Missing atom NZ in residue LYS A 524
2024-02-28 14:58:33,121 WARNING:biomolecule.py:157:num_missing_heavy:Missing atom CA in residue LEU A 585
2024-02-28 14:58:33,121 WARNING:biomolecule.py:157:num_missing_heavy:Missing atom C in residue LEU A 585
2024-02-28 14:58:33,121 WARNING:biomolecule.py:157:num_missing_heavy:Missing atom O in residue LEU A 585
2024-02-28 14:58:33,121 WARNING:biomolecule.py:157:num_missing_heavy:Missing atom CB in residue LEU A 585
2024-02-28 14:58:33,121 WARNING:biomolecule.py:157:num_missing_heavy:Missing atom CG in residue LEU A 585
2024-02-28 14:58:33,121 WARNING:biomolecule.py:157:num_missing_heavy:Missing atom CD1 in residue LEU A 585
2024-02-28 14:58:33,121 WARNING:biomolecule.py:157:num_missing_heavy:Missing atom CD2 in residue LEU A 585
2024-02-28 14:58:33,121 WARNING:biomolecule.py:157:num_missing_heavy:Missing atom OXT in residue LEU A 585
2024-02-28 14:58:33,122 WARNING:biomolecule.py:157:num_missing_heavy:Missing atom CG in residue HIS A 3
2024-02-28 14:58:33,122 WARNING:biomolecule.py:157:num_missing_heavy:Missing atom ND1 in residue HIS A 3
2024-02-28 14:58:33,122 WARNING:biomolecule.py:157:num_missing_heavy:Missing atom CD2 in residue HIS A 3
2024-02-28 14:58:33,122 WARNING:biomolecule.py:157:num_missing_heavy:Missing atom CE1 in residue HIS A 3
2024-02-28 14:58:33,122 WARNING:biomolecule.py:157:num_missing_heavy:Missing atom NE2 in residue HIS A 3
2024-02-28 14:58:33,122 WARNING:biomolecule.py:157:num_missing_heavy:Missing atom CG in residue GLN A 94
2024-02-28 14:58:33,124 WARNING:biomolecule.py:157:num_missing_heavy:Missing atom CD in residue GLN A 94
2024-02-28 14:58:33,124 WARNING:biomolecule.py:157:num_missing_heavy:Missing atom OE1 in residue GLN A 94
2024-02-28 14:58:33,124 WARNING:biomolecule.py:157:num_missing_heavy:Missing atom NE2 in residue GLN A 94
2024-02-28 14:58:33,124 WARNING:biomolecule.py:157:num_missing_heavy:Missing atom CG in residue LYS A 199
2024-02-28 14:58:33,125 WARNING:biomolecule.py:157:num_missing_heavy:Missing atom CD in residue LYS A 199
2024-02-28 14:58:33,125 WARNING:biomolecule.py:157:num_missing_heavy:Missing atom CE in residue LYS A 199
2024-02-28 14:58:33,125 WARNING:biomolecule.py:157:num_missing_heavy:Missing atom NZ in residue LYS A 199
2024-02-28 14:58:33,125 WARNING:biomolecule.py:157:num_missing_heavy:Missing atom CG in residue GLN A 204
2024-02-28 14:58:33,125 WARNING:biomolecule.py:157:num_missing_heavy:Missing atom CD in residue GLN A 204
2024-02-28 14:58:33,125 WARNING:biomolecule.py:157:num_missing_heavy:Missing atom OE1 in residue GLN A 204
2024-02-28 14:58:33,125 WARNING:biomolecule.py:157:num_missing_heavy:Missing atom NE2 in residue GLN A 204
2024-02-28 14:58:33,125 WARNING:biomolecule.py:157:num_missing_heavy:Missing atom CG in residue GLU A 227
2024-02-28 14:58:33,125 WARNING:biomolecule.py:157:num_missing_heavy:Missing atom CD in residue GLU A 227
2024-02-28 14:58:33,125 WARNING:biomolecule.py:157:num_missing_heavy:Missing atom OE1 in residue GLU A 227
2024-02-28 14:58:33,125 WARNING:biomolecule.py:157:num_missing_heavy:Missing atom OE2 in residue GLU A 227
2024-02-28 14:58:33,125 WARNING:biomolecule.py:157:num_missing_heavy:Missing atom CG in residue GLU A 244
2024-02-28 14:58:33,125 WARNING:biomolecule.py:157:num_missing_heavy:Missing atom CD in residue GLU A 244
2024-02-28 14:58:33,125 WARNING:biomolecule.py:157:num_missing_heavy:Missing atom OE1 in residue GLU A 244
2024-02-28 14:58:33,125 WARNING:biomolecule.py:157:num_missing_heavy:Missing atom OE2 in residue GLU A 244
2024-02-28 14:58:33,125 WARNING:biomolecule.py:157:num_missing_heavy:Missing atom CG in residue GLU A 280
2024-02-28 14:58:33,128 WARNING:biomolecule.py:157:num_missing_heavy:Missing atom CD in residue GLU A 280
2024-02-28 14:58:33,128 WARNING:biomolecule.py:157:num_missing_heavy:Missing atom OE1 in residue GLU A 280
2024-02-28 14:58:33,128 WARNING:biomolecule.py:157:num_missing_heavy:Missing atom OE2 in residue GLU A 280
2024-02-28 14:58:33,128 WARNING:biomolecule.py:157:num_missing_heavy:Missing atom CG in residue LYS A 313
2024-02-28 14:58:33,128 WARNING:biomolecule.py:157:num_missing_heavy:Missing atom CD in residue LYS A 313
2024-02-28 14:58:33,128 WARNING:biomolecule.py:157:num_missing_heavy:Missing atom CE in residue LYS A 313
2024-02-28 14:58:33,128 WARNING:biomolecule.py:157:num_missing_heavy:Missing atom NZ in residue LYS A 313
2024-02-28 14:58:33,131 WARNING:biomolecule.py:157:num_missing_heavy:Missing atom CG in residue LYS A 389
2024-02-28 14:58:33,138 WARNING:biomolecule.py:157:num_missing_heavy:Missing atom CD in residue LYS A 389
2024-02-28 14:58:33,139 WARNING:biomolecule.py:157:num_missing_heavy:Missing atom CE in residue LYS A 389
2024-02-28 14:58:33,139 WARNING:biomolecule.py:157:num_missing_heavy:Missing atom NZ in residue LYS A 389
2024-02-28 14:58:33,140 WARNING:biomolecule.py:157:num_missing_heavy:Missing atom CG in residue GLU A 465
2024-02-28 14:58:33,140 WARNING:biomolecule.py:157:num_missing_heavy:Missing atom CD in residue GLU A 465
2024-02-28 14:58:33,140 WARNING:biomolecule.py:157:num_missing_heavy:Missing atom OE1 in residue GLU A 465
2024-02-28 14:58:33,140 WARNING:biomolecule.py:157:num_missing_heavy:Missing atom OE2 in residue GLU A 465
2024-02-28 14:58:33,140 WARNING:biomolecule.py:157:num_missing_heavy:Missing atom CG in residue LYS A 524
2024-02-28 14:58:33,140 WARNING:biomolecule.py:157:num_missing_heavy:Missing atom CD in residue LYS A 524
2024-02-28 14:58:33,140 WARNING:biomolecule.py:157:num_missing_heavy:Missing atom CE in residue LYS A 524
2024-02-28 14:58:33,140 WARNING:biomolecule.py:157:num_missing_heavy:Missing atom NZ in residue LYS A 524
2024-02-28 14:58:33,140 WARNING:biomolecule.py:157:num_missing_heavy:Missing atom CA in residue LEU A 585
2024-02-28 14:58:33,140 WARNING:biomolecule.py:157:num_missing_heavy:Missing atom C in residue LEU A 585
2024-02-28 14:58:33,140 WARNING:biomolecule.py:157:num_missing_heavy:Missing atom O in residue LEU A 585
2024-02-28 14:58:33,141 WARNING:biomolecule.py:157:num_missing_heavy:Missing atom CB in residue LEU A 585
2024-02-28 14:58:33,141 WARNING:biomolecule.py:157:num_missing_heavy:Missing atom CG in residue LEU A 585
2024-02-28 14:58:33,141 WARNING:biomolecule.py:157:num_missing_heavy:Missing atom CD1 in residue LEU A 585
2024-02-28 14:58:33,141 WARNING:biomolecule.py:157:num_missing_heavy:Missing atom CD2 in residue LEU A 585
2024-02-28 14:58:33,141 WARNING:biomolecule.py:157:num_missing_heavy:Missing atom OXT in residue LEU A 585
2024-02-28 14:58:33,141 WARNING:biomolecule.py:157:num_missing_heavy:Missing atom CG in residue HIS A 3
2024-02-28 14:58:33,141 WARNING:biomolecule.py:157:num_missing_heavy:Missing atom ND1 in residue HIS A 3
2024-02-28 14:58:33,141 WARNING:biomolecule.py:157:num_missing_heavy:Missing atom CD2 in residue HIS A 3
2024-02-28 14:58:33,141 WARNING:biomolecule.py:157:num_missing_heavy:Missing atom CE1 in residue HIS A 3
2024-02-28 14:58:33,141 WARNING:biomolecule.py:157:num_missing_heavy:Missing atom NE2 in residue HIS A 3
2024-02-28 14:58:33,141 WARNING:biomolecule.py:157:num_missing_heavy:Missing atom CG in residue GLN A 94
2024-02-28 14:58:33,143 WARNING:biomolecule.py:157:num_missing_heavy:Missing atom CD in residue GLN A 94
2024-02-28 14:58:33,143 WARNING:biomolecule.py:157:num_missing_heavy:Missing atom OE1 in residue GLN A 94
2024-02-28 14:58:33,143 WARNING:biomolecule.py:157:num_missing_heavy:Missing atom NE2 in residue GLN A 94
2024-02-28 14:58:33,143 WARNING:biomolecule.py:157:num_missing_heavy:Missing atom CG in residue LYS A 199
2024-02-28 14:58:33,143 WARNING:biomolecule.py:157:num_missing_heavy:Missing atom CD in residue LYS A 199
2024-02-28 14:58:33,143 WARNING:biomolecule.py:157:num_missing_heavy:Missing atom CE in residue LYS A 199
2024-02-28 14:58:33,143 WARNING:biomolecule.py:157:num_missing_heavy:Missing atom NZ in residue LYS A 199
2024-02-28 14:58:33,143 WARNING:biomolecule.py:157:num_missing_heavy:Missing atom CG in residue GLN A 204
2024-02-28 14:58:33,143 WARNING:biomolecule.py:157:num_missing_heavy:Missing atom CD in residue GLN A 204
2024-02-28 14:58:33,143 WARNING:biomolecule.py:157:num_missing_heavy:Missing atom OE1 in residue GLN A 204
2024-02-28 14:58:33,144 WARNING:biomolecule.py:157:num_missing_heavy:Missing atom NE2 in residue GLN A 204
2024-02-28 14:58:33,144 WARNING:biomolecule.py:157:num_missing_heavy:Missing atom CG in residue GLU A 227
2024-02-28 14:58:33,144 WARNING:biomolecule.py:157:num_missing_heavy:Missing atom CD in residue GLU A 227
2024-02-28 14:58:33,144 WARNING:biomolecule.py:157:num_missing_heavy:Missing atom OE1 in residue GLU A 227
2024-02-28 14:58:33,144 WARNING:biomolecule.py:157:num_missing_heavy:Missing atom OE2 in residue GLU A 227
2024-02-28 14:58:33,144 WARNING:biomolecule.py:157:num_missing_heavy:Missing atom CG in residue GLU A 244
2024-02-28 14:58:33,144 WARNING:biomolecule.py:157:num_missing_heavy:Missing atom CD in residue GLU A 244
2024-02-28 14:58:33,144 WARNING:biomolecule.py:157:num_missing_heavy:Missing atom OE1 in residue GLU A 244
2024-02-28 14:58:33,144 WARNING:biomolecule.py:157:num_missing_heavy:Missing atom OE2 in residue GLU A 244
2024-02-28 14:58:33,144 WARNING:biomolecule.py:157:num_missing_heavy:Missing atom CG in residue GLU A 280
2024-02-28 14:58:33,144 WARNING:biomolecule.py:157:num_missing_heavy:Missing atom CD in residue GLU A 280
2024-02-28 14:58:33,144 WARNING:biomolecule.py:157:num_missing_heavy:Missing atom OE1 in residue GLU A 280
2024-02-28 14:58:33,144 WARNING:biomolecule.py:157:num_missing_heavy:Missing atom OE2 in residue GLU A 280
2024-02-28 14:58:33,144 WARNING:biomolecule.py:157:num_missing_heavy:Missing atom CG in residue LYS A 313
2024-02-28 14:58:33,146 WARNING:biomolecule.py:157:num_missing_heavy:Missing atom CD in residue LYS A 313
2024-02-28 14:58:33,146 WARNING:biomolecule.py:157:num_missing_heavy:Missing atom CE in residue LYS A 313
2024-02-28 14:58:33,146 WARNING:biomolecule.py:157:num_missing_heavy:Missing atom NZ in residue LYS A 313
2024-02-28 14:58:33,146 WARNING:biomolecule.py:157:num_missing_heavy:Missing atom CG in residue LYS A 389
2024-02-28 14:58:33,146 WARNING:biomolecule.py:157:num_missing_heavy:Missing atom CD in residue LYS A 389
2024-02-28 14:58:33,146 WARNING:biomolecule.py:157:num_missing_heavy:Missing atom CE in residue LYS A 389
2024-02-28 14:58:33,146 WARNING:biomolecule.py:157:num_missing_heavy:Missing atom NZ in residue LYS A 389
2024-02-28 14:58:33,147 WARNING:biomolecule.py:157:num_missing_heavy:Missing atom CG in residue GLU A 465
2024-02-28 14:58:33,147 WARNING:biomolecule.py:157:num_missing_heavy:Missing atom CD in residue GLU A 465
2024-02-28 14:58:33,147 WARNING:biomolecule.py:157:num_missing_heavy:Missing atom OE1 in residue GLU A 465
2024-02-28 14:58:33,147 WARNING:biomolecule.py:157:num_missing_heavy:Missing atom OE2 in residue GLU A 465
2024-02-28 14:58:33,147 WARNING:biomolecule.py:157:num_missing_heavy:Missing atom CG in residue LYS A 524
2024-02-28 14:58:33,147 WARNING:biomolecule.py:157:num_missing_heavy:Missing atom CD in residue LYS A 524
2024-02-28 14:58:33,147 WARNING:biomolecule.py:157:num_missing_heavy:Missing atom CE in residue LYS A 524
2024-02-28 14:58:33,147 WARNING:biomolecule.py:157:num_missing_heavy:Missing atom NZ in residue LYS A 524
2024-02-28 14:58:33,147 WARNING:biomolecule.py:157:num_missing_heavy:Missing atom CA in residue LEU A 585
2024-02-28 14:58:33,151 WARNING:biomolecule.py:157:num_missing_heavy:Missing atom C in residue LEU A 585
2024-02-28 14:58:33,151 WARNING:biomolecule.py:157:num_missing_heavy:Missing atom O in residue LEU A 585
2024-02-28 14:58:33,151 WARNING:biomolecule.py:157:num_missing_heavy:Missing atom CB in residue LEU A 585
2024-02-28 14:58:33,151 WARNING:biomolecule.py:157:num_missing_heavy:Missing atom CG in residue LEU A 585
2024-02-28 14:58:33,151 WARNING:biomolecule.py:157:num_missing_heavy:Missing atom CD1 in residue LEU A 585
2024-02-28 14:58:33,151 WARNING:biomolecule.py:157:num_missing_heavy:Missing atom CD2 in residue LEU A 585
2024-02-28 14:58:33,151 WARNING:biomolecule.py:157:num_missing_heavy:Missing atom OXT in residue LEU A 585
2024-02-28 14:58:33,172 CRITICAL:main.py:800:main_driver:Too few atoms present to reconstruct or cap residue LEU A 585 in structure! This error is generally caused by missing backbone atoms in this biomolecule; you must use an external program to complete gaps in the biomolecule backbone. Heavy atoms missing from LEU A 585:  C O CB CG CD1 CD2 OXT CA
2024-02-28 14:58:33,172 CRITICAL:main.py:801:main_driver:Giving up.
