2024-02-28 14:07:18,071 WARNING:biomolecule.py:992:create_residue:Unable to find amino or nucleic acid definition for SIN.  Parsing as new residue.
2024-02-28 14:07:18,084 WARNING:biomolecule.py:992:create_residue:Unable to find amino or nucleic acid definition for ESH.  Parsing as new residue.
2024-02-28 14:07:18,088 WARNING:biomolecule.py:992:create_residue:Unable to find amino or nucleic acid definition for NA.  Parsing as new residue.
2024-02-28 14:07:18,089 WARNING:biomolecule.py:992:create_residue:Unable to find amino or nucleic acid definition for CA.  Parsing as new residue.
2024-02-28 14:07:18,089 WARNING:main.py:418:setup_molecule:Multiple occupancies found: N in SER H 45.
2024-02-28 14:07:18,089 WARNING:main.py:418:setup_molecule:Multiple occupancies found: CA in SER H 45.
2024-02-28 14:07:18,089 WARNING:main.py:418:setup_molecule:Multiple occupancies found: C in SER H 45.
2024-02-28 14:07:18,089 WARNING:main.py:418:setup_molecule:Multiple occupancies found: O in SER H 45.
2024-02-28 14:07:18,089 WARNING:main.py:418:setup_molecule:Multiple occupancies found: CB in SER H 45.
2024-02-28 14:07:18,089 WARNING:main.py:418:setup_molecule:Multiple occupancies found: OG in SER H 45.
2024-02-28 14:07:18,089 WARNING:main.py:418:setup_molecule:Multiple occupancies found: H in SER H 45.
2024-02-28 14:07:18,089 WARNING:main.py:418:setup_molecule:Multiple occupancies found: HA in SER H 45.
2024-02-28 14:07:18,089 WARNING:main.py:418:setup_molecule:Multiple occupancies found: HB2 in SER H 45.
2024-02-28 14:07:18,090 WARNING:main.py:418:setup_molecule:Multiple occupancies found: HB3 in SER H 45.
2024-02-28 14:07:18,090 WARNING:main.py:424:setup_molecule:Multiple occupancies found in SER H 45. At least one of the instances is being ignored.
2024-02-28 14:07:18,090 WARNING:main.py:418:setup_molecule:Multiple occupancies found: N in ARG H 50.
2024-02-28 14:07:18,090 WARNING:main.py:418:setup_molecule:Multiple occupancies found: CA in ARG H 50.
2024-02-28 14:07:18,090 WARNING:main.py:418:setup_molecule:Multiple occupancies found: C in ARG H 50.
2024-02-28 14:07:18,090 WARNING:main.py:418:setup_molecule:Multiple occupancies found: O in ARG H 50.
2024-02-28 14:07:18,090 WARNING:main.py:418:setup_molecule:Multiple occupancies found: CB in ARG H 50.
2024-02-28 14:07:18,090 WARNING:main.py:418:setup_molecule:Multiple occupancies found: CG in ARG H 50.
2024-02-28 14:07:18,090 WARNING:main.py:418:setup_molecule:Multiple occupancies found: CD in ARG H 50.
2024-02-28 14:07:18,513 WARNING:main.py:418:setup_molecule:Multiple occupancies found: NE in ARG H 50.
2024-02-28 14:07:18,513 WARNING:main.py:418:setup_molecule:Multiple occupancies found: CZ in ARG H 50.
2024-02-28 14:07:18,513 WARNING:main.py:418:setup_molecule:Multiple occupancies found: NH1 in ARG H 50.
2024-02-28 14:07:18,513 WARNING:main.py:418:setup_molecule:Multiple occupancies found: NH2 in ARG H 50.
2024-02-28 14:07:18,513 WARNING:main.py:418:setup_molecule:Multiple occupancies found: H in ARG H 50.
2024-02-28 14:07:18,513 WARNING:main.py:418:setup_molecule:Multiple occupancies found: HA in ARG H 50.
2024-02-28 14:07:18,513 WARNING:main.py:418:setup_molecule:Multiple occupancies found: HB2 in ARG H 50.
2024-02-28 14:07:18,513 WARNING:main.py:418:setup_molecule:Multiple occupancies found: HB3 in ARG H 50.
2024-02-28 14:07:18,513 WARNING:main.py:418:setup_molecule:Multiple occupancies found: HG2 in ARG H 50.
2024-02-28 14:07:18,513 WARNING:main.py:418:setup_molecule:Multiple occupancies found: HG3 in ARG H 50.
2024-02-28 14:07:18,514 WARNING:main.py:418:setup_molecule:Multiple occupancies found: HD2 in ARG H 50.
2024-02-28 14:07:18,514 WARNING:main.py:418:setup_molecule:Multiple occupancies found: HD3 in ARG H 50.
2024-02-28 14:07:18,514 WARNING:main.py:418:setup_molecule:Multiple occupancies found: HE in ARG H 50.
2024-02-28 14:07:18,514 WARNING:main.py:418:setup_molecule:Multiple occupancies found: HH11 in ARG H 50.
2024-02-28 14:07:18,514 WARNING:main.py:418:setup_molecule:Multiple occupancies found: HH12 in ARG H 50.
2024-02-28 14:07:18,514 WARNING:main.py:418:setup_molecule:Multiple occupancies found: HH21 in ARG H 50.
2024-02-28 14:07:18,514 WARNING:main.py:418:setup_molecule:Multiple occupancies found: HH22 in ARG H 50.
2024-02-28 14:07:18,514 WARNING:main.py:424:setup_molecule:Multiple occupancies found in ARG H 50. At least one of the instances is being ignored.
2024-02-28 14:07:18,514 WARNING:main.py:418:setup_molecule:Multiple occupancies found: N in LEU H 64.
2024-02-28 14:07:18,514 WARNING:main.py:418:setup_molecule:Multiple occupancies found: CA in LEU H 64.
2024-02-28 14:07:18,514 WARNING:main.py:418:setup_molecule:Multiple occupancies found: C in LEU H 64.
2024-02-28 14:07:18,514 WARNING:main.py:418:setup_molecule:Multiple occupancies found: O in LEU H 64.
2024-02-28 14:07:18,514 WARNING:main.py:418:setup_molecule:Multiple occupancies found: CB in LEU H 64.
2024-02-28 14:07:18,514 WARNING:main.py:418:setup_molecule:Multiple occupancies found: CG in LEU H 64.
2024-02-28 14:07:18,514 WARNING:main.py:418:setup_molecule:Multiple occupancies found: CD1 in LEU H 64.
2024-02-28 14:07:18,514 WARNING:main.py:418:setup_molecule:Multiple occupancies found: CD2 in LEU H 64.
2024-02-28 14:07:18,514 WARNING:main.py:418:setup_molecule:Multiple occupancies found: H in LEU H 64.
2024-02-28 14:07:18,514 WARNING:main.py:418:setup_molecule:Multiple occupancies found: HA in LEU H 64.
2024-02-28 14:07:18,514 WARNING:main.py:418:setup_molecule:Multiple occupancies found: HB2 in LEU H 64.
2024-02-28 14:07:18,514 WARNING:main.py:418:setup_molecule:Multiple occupancies found: HB3 in LEU H 64.
2024-02-28 14:07:18,514 WARNING:main.py:418:setup_molecule:Multiple occupancies found: HG in LEU H 64.
2024-02-28 14:07:18,514 WARNING:main.py:418:setup_molecule:Multiple occupancies found: HD11 in LEU H 64.
2024-02-28 14:07:18,514 WARNING:main.py:418:setup_molecule:Multiple occupancies found: HD12 in LEU H 64.
2024-02-28 14:07:18,514 WARNING:main.py:418:setup_molecule:Multiple occupancies found: HD13 in LEU H 64.
2024-02-28 14:07:18,514 WARNING:main.py:418:setup_molecule:Multiple occupancies found: HD21 in LEU H 64.
2024-02-28 14:07:18,514 WARNING:main.py:418:setup_molecule:Multiple occupancies found: HD22 in LEU H 64.
2024-02-28 14:07:18,514 WARNING:main.py:418:setup_molecule:Multiple occupancies found: HD23 in LEU H 64.
2024-02-28 14:07:18,514 WARNING:main.py:424:setup_molecule:Multiple occupancies found in LEU H 64. At least one of the instances is being ignored.
2024-02-28 14:07:18,514 WARNING:main.py:418:setup_molecule:Multiple occupancies found: N in LEU H 85.
2024-02-28 14:07:18,514 WARNING:main.py:418:setup_molecule:Multiple occupancies found: CA in LEU H 85.
2024-02-28 14:07:18,514 WARNING:main.py:418:setup_molecule:Multiple occupancies found: C in LEU H 85.
2024-02-28 14:07:18,515 WARNING:main.py:418:setup_molecule:Multiple occupancies found: O in LEU H 85.
2024-02-28 14:07:18,515 WARNING:main.py:418:setup_molecule:Multiple occupancies found: CB in LEU H 85.
2024-02-28 14:07:18,515 WARNING:main.py:418:setup_molecule:Multiple occupancies found: CG in LEU H 85.
2024-02-28 14:07:18,515 WARNING:main.py:418:setup_molecule:Multiple occupancies found: CD1 in LEU H 85.
2024-02-28 14:07:18,515 WARNING:main.py:418:setup_molecule:Multiple occupancies found: CD2 in LEU H 85.
2024-02-28 14:07:18,515 WARNING:main.py:418:setup_molecule:Multiple occupancies found: H in LEU H 85.
2024-02-28 14:07:18,515 WARNING:main.py:418:setup_molecule:Multiple occupancies found: HA in LEU H 85.
2024-02-28 14:07:18,515 WARNING:main.py:418:setup_molecule:Multiple occupancies found: HB2 in LEU H 85.
2024-02-28 14:07:18,515 WARNING:main.py:418:setup_molecule:Multiple occupancies found: HB3 in LEU H 85.
2024-02-28 14:07:18,515 WARNING:main.py:418:setup_molecule:Multiple occupancies found: HG in LEU H 85.
2024-02-28 14:07:18,515 WARNING:main.py:418:setup_molecule:Multiple occupancies found: HD11 in LEU H 85.
2024-02-28 14:07:18,515 WARNING:main.py:418:setup_molecule:Multiple occupancies found: HD12 in LEU H 85.
2024-02-28 14:07:18,515 WARNING:main.py:418:setup_molecule:Multiple occupancies found: HD13 in LEU H 85.
2024-02-28 14:07:18,515 WARNING:main.py:418:setup_molecule:Multiple occupancies found: HD21 in LEU H 85.
2024-02-28 14:07:18,515 WARNING:main.py:418:setup_molecule:Multiple occupancies found: HD22 in LEU H 85.
2024-02-28 14:07:18,515 WARNING:main.py:418:setup_molecule:Multiple occupancies found: HD23 in LEU H 85.
2024-02-28 14:07:18,515 WARNING:main.py:424:setup_molecule:Multiple occupancies found in LEU H 85. At least one of the instances is being ignored.
2024-02-28 14:07:18,515 WARNING:main.py:418:setup_molecule:Multiple occupancies found: N in MET H 106.
2024-02-28 14:07:18,515 WARNING:main.py:418:setup_molecule:Multiple occupancies found: CA in MET H 106.
2024-02-28 14:07:18,515 WARNING:main.py:418:setup_molecule:Multiple occupancies found: C in MET H 106.
2024-02-28 14:07:18,515 WARNING:main.py:418:setup_molecule:Multiple occupancies found: O in MET H 106.
2024-02-28 14:07:18,515 WARNING:main.py:418:setup_molecule:Multiple occupancies found: CB in MET H 106.
2024-02-28 14:07:18,515 WARNING:main.py:418:setup_molecule:Multiple occupancies found: CG in MET H 106.
2024-02-28 14:07:18,515 WARNING:main.py:418:setup_molecule:Multiple occupancies found: SD in MET H 106.
2024-02-28 14:07:18,515 WARNING:main.py:418:setup_molecule:Multiple occupancies found: CE in MET H 106.
2024-02-28 14:07:18,515 WARNING:main.py:418:setup_molecule:Multiple occupancies found: H in MET H 106.
2024-02-28 14:07:18,515 WARNING:main.py:418:setup_molecule:Multiple occupancies found: HA in MET H 106.
2024-02-28 14:07:18,515 WARNING:main.py:418:setup_molecule:Multiple occupancies found: HB2 in MET H 106.
2024-02-28 14:07:18,515 WARNING:main.py:418:setup_molecule:Multiple occupancies found: HB3 in MET H 106.
2024-02-28 14:07:18,515 WARNING:main.py:418:setup_molecule:Multiple occupancies found: HG2 in MET H 106.
2024-02-28 14:07:18,515 WARNING:main.py:418:setup_molecule:Multiple occupancies found: HG3 in MET H 106.
2024-02-28 14:07:18,515 WARNING:main.py:418:setup_molecule:Multiple occupancies found: HE1 in MET H 106.
2024-02-28 14:07:18,515 WARNING:main.py:418:setup_molecule:Multiple occupancies found: HE2 in MET H 106.
2024-02-28 14:07:18,516 WARNING:main.py:418:setup_molecule:Multiple occupancies found: HE3 in MET H 106.
2024-02-28 14:07:18,516 WARNING:main.py:424:setup_molecule:Multiple occupancies found in MET H 106. At least one of the instances is being ignored.
2024-02-28 14:07:18,516 WARNING:main.py:418:setup_molecule:Multiple occupancies found: N in LEU H 130.
2024-02-28 14:07:18,516 WARNING:main.py:418:setup_molecule:Multiple occupancies found: CA in LEU H 130.
2024-02-28 14:07:18,516 WARNING:main.py:418:setup_molecule:Multiple occupancies found: C in LEU H 130.
2024-02-28 14:07:18,516 WARNING:main.py:418:setup_molecule:Multiple occupancies found: O in LEU H 130.
2024-02-28 14:07:18,516 WARNING:main.py:418:setup_molecule:Multiple occupancies found: CB in LEU H 130.
2024-02-28 14:07:18,516 WARNING:main.py:418:setup_molecule:Multiple occupancies found: CG in LEU H 130.
2024-02-28 14:07:18,516 WARNING:main.py:418:setup_molecule:Multiple occupancies found: CD1 in LEU H 130.
2024-02-28 14:07:18,516 WARNING:main.py:418:setup_molecule:Multiple occupancies found: CD2 in LEU H 130.
2024-02-28 14:07:18,516 WARNING:main.py:418:setup_molecule:Multiple occupancies found: H in LEU H 130.
2024-02-28 14:07:18,516 WARNING:main.py:418:setup_molecule:Multiple occupancies found: HA in LEU H 130.
2024-02-28 14:07:18,516 WARNING:main.py:418:setup_molecule:Multiple occupancies found: HB2 in LEU H 130.
2024-02-28 14:07:18,516 WARNING:main.py:418:setup_molecule:Multiple occupancies found: HB3 in LEU H 130.
2024-02-28 14:07:18,516 WARNING:main.py:418:setup_molecule:Multiple occupancies found: HG in LEU H 130.
2024-02-28 14:07:18,516 WARNING:main.py:418:setup_molecule:Multiple occupancies found: HD11 in LEU H 130.
2024-02-28 14:07:18,516 WARNING:main.py:418:setup_molecule:Multiple occupancies found: HD12 in LEU H 130.
2024-02-28 14:07:18,516 WARNING:main.py:418:setup_molecule:Multiple occupancies found: HD13 in LEU H 130.
2024-02-28 14:07:18,516 WARNING:main.py:418:setup_molecule:Multiple occupancies found: HD21 in LEU H 130.
2024-02-28 14:07:18,516 WARNING:main.py:418:setup_molecule:Multiple occupancies found: HD22 in LEU H 130.
2024-02-28 14:07:18,875 WARNING:main.py:418:setup_molecule:Multiple occupancies found: HD23 in LEU H 130.
2024-02-28 14:07:18,876 WARNING:main.py:424:setup_molecule:Multiple occupancies found in LEU H 130. At least one of the instances is being ignored.
2024-02-28 14:07:18,876 WARNING:main.py:418:setup_molecule:Multiple occupancies found: N in ILE I 5.
2024-02-28 14:07:18,876 WARNING:main.py:418:setup_molecule:Multiple occupancies found: CA in ILE I 5.
2024-02-28 14:07:18,876 WARNING:main.py:418:setup_molecule:Multiple occupancies found: C in ILE I 5.
2024-02-28 14:07:18,876 WARNING:main.py:418:setup_molecule:Multiple occupancies found: O in ILE I 5.
2024-02-28 14:07:18,876 WARNING:main.py:418:setup_molecule:Multiple occupancies found: CB in ILE I 5.
2024-02-28 14:07:18,876 WARNING:main.py:418:setup_molecule:Multiple occupancies found: CG1 in ILE I 5.
2024-02-28 14:07:18,876 WARNING:main.py:418:setup_molecule:Multiple occupancies found: CG2 in ILE I 5.
2024-02-28 14:07:18,876 WARNING:main.py:418:setup_molecule:Multiple occupancies found: CD1 in ILE I 5.
2024-02-28 14:07:18,876 WARNING:main.py:418:setup_molecule:Multiple occupancies found: H in ILE I 5.
2024-02-28 14:07:18,876 WARNING:main.py:418:setup_molecule:Multiple occupancies found: HA in ILE I 5.
2024-02-28 14:07:18,876 WARNING:main.py:418:setup_molecule:Multiple occupancies found: HB in ILE I 5.
2024-02-28 14:07:18,876 WARNING:main.py:418:setup_molecule:Multiple occupancies found: HG12 in ILE I 5.
2024-02-28 14:07:18,876 WARNING:main.py:418:setup_molecule:Multiple occupancies found: HG13 in ILE I 5.
2024-02-28 14:07:18,876 WARNING:main.py:418:setup_molecule:Multiple occupancies found: HG21 in ILE I 5.
2024-02-28 14:07:18,876 WARNING:main.py:418:setup_molecule:Multiple occupancies found: HG22 in ILE I 5.
2024-02-28 14:07:18,876 WARNING:main.py:418:setup_molecule:Multiple occupancies found: HG23 in ILE I 5.
2024-02-28 14:07:18,876 WARNING:main.py:418:setup_molecule:Multiple occupancies found: HD11 in ILE I 5.
2024-02-28 14:07:18,876 WARNING:main.py:418:setup_molecule:Multiple occupancies found: HD12 in ILE I 5.
2024-02-28 14:07:18,876 WARNING:main.py:418:setup_molecule:Multiple occupancies found: HD13 in ILE I 5.
2024-02-28 14:07:18,876 WARNING:main.py:424:setup_molecule:Multiple occupancies found in ILE I 5. At least one of the instances is being ignored.
2024-02-28 14:07:18,900 WARNING:biomolecule.py:615:update_bonds:Gap in backbone detected between THR H 147 and GLY H 150!
2024-02-28 14:07:18,971 WARNING:biomolecule.py:157:num_missing_heavy:Missing atom CG in residue ARG H 75
2024-02-28 14:07:18,971 WARNING:biomolecule.py:157:num_missing_heavy:Missing atom CD in residue ARG H 75
2024-02-28 14:07:18,971 WARNING:biomolecule.py:157:num_missing_heavy:Missing atom NE in residue ARG H 75
2024-02-28 14:07:18,971 WARNING:biomolecule.py:157:num_missing_heavy:Missing atom CZ in residue ARG H 75
2024-02-28 14:07:18,971 WARNING:biomolecule.py:157:num_missing_heavy:Missing atom NH1 in residue ARG H 75
2024-02-28 14:07:18,971 WARNING:biomolecule.py:157:num_missing_heavy:Missing atom NH2 in residue ARG H 75
2024-02-28 14:07:18,972 WARNING:biomolecule.py:157:num_missing_heavy:Missing atom OXT in residue PRO I 6
2024-02-28 14:07:19,170 WARNING:biomolecule.py:157:num_missing_heavy:Missing atom OXT in residue ASP L 14L
2024-02-28 14:07:19,170 WARNING:biomolecule.py:157:num_missing_heavy:Missing atom CG in residue ARG H 75
2024-02-28 14:07:19,170 WARNING:biomolecule.py:157:num_missing_heavy:Missing atom CD in residue ARG H 75
2024-02-28 14:07:19,170 WARNING:biomolecule.py:157:num_missing_heavy:Missing atom NE in residue ARG H 75
2024-02-28 14:07:19,170 WARNING:biomolecule.py:157:num_missing_heavy:Missing atom CZ in residue ARG H 75
2024-02-28 14:07:19,170 WARNING:biomolecule.py:157:num_missing_heavy:Missing atom NH1 in residue ARG H 75
2024-02-28 14:07:19,170 WARNING:biomolecule.py:157:num_missing_heavy:Missing atom NH2 in residue ARG H 75
2024-02-28 14:07:19,171 WARNING:biomolecule.py:157:num_missing_heavy:Missing atom OXT in residue PRO I 6
2024-02-28 14:07:19,171 WARNING:biomolecule.py:157:num_missing_heavy:Missing atom OXT in residue ASP L 14L
2024-02-28 14:07:19,171 WARNING:biomolecule.py:157:num_missing_heavy:Missing atom CG in residue ARG H 75
2024-02-28 14:07:19,171 WARNING:biomolecule.py:157:num_missing_heavy:Missing atom CD in residue ARG H 75
2024-02-28 14:07:19,172 WARNING:biomolecule.py:157:num_missing_heavy:Missing atom NE in residue ARG H 75
2024-02-28 14:07:19,172 WARNING:biomolecule.py:157:num_missing_heavy:Missing atom CZ in residue ARG H 75
2024-02-28 14:07:19,172 WARNING:biomolecule.py:157:num_missing_heavy:Missing atom NH1 in residue ARG H 75
2024-02-28 14:07:19,177 WARNING:biomolecule.py:157:num_missing_heavy:Missing atom NH2 in residue ARG H 75
2024-02-28 14:07:19,178 WARNING:biomolecule.py:157:num_missing_heavy:Missing atom OXT in residue PRO I 6
2024-02-28 14:07:19,178 WARNING:biomolecule.py:157:num_missing_heavy:Missing atom OXT in residue ASP L 14L
2024-02-28 14:07:19,905 WARNING:main.py:311:print_pqr:Ignoring 3411 header lines in output.
2024-02-28 14:07:19,905 WARNING:main.py:315:print_pqr:Ignoring 77 missing lines in output.
