2024-02-28 14:07:18,405 WARNING:biomolecule.py:992:create_residue:Unable to find amino or nucleic acid definition for HG.  Parsing as new residue.
2024-02-28 14:07:18,405 WARNING:biomolecule.py:992:create_residue:Unable to find amino or nucleic acid definition for ZN.  Parsing as new residue.
2024-02-28 14:07:18,405 WARNING:biomolecule.py:992:create_residue:Unable to find amino or nucleic acid definition for AL7.  Parsing as new residue.
2024-02-28 14:07:18,426 WARNING:biomolecule.py:157:num_missing_heavy:Missing atom CB in residue HIS A 4
2024-02-28 14:07:18,426 WARNING:biomolecule.py:157:num_missing_heavy:Missing atom CG in residue HIS A 4
2024-02-28 14:07:18,426 WARNING:biomolecule.py:157:num_missing_heavy:Missing atom ND1 in residue HIS A 4
2024-02-28 14:07:18,426 WARNING:biomolecule.py:157:num_missing_heavy:Missing atom CD2 in residue HIS A 4
2024-02-28 14:07:18,426 WARNING:biomolecule.py:157:num_missing_heavy:Missing atom CE1 in residue HIS A 4
2024-02-28 14:07:18,426 WARNING:biomolecule.py:157:num_missing_heavy:Missing atom NE2 in residue HIS A 4
2024-02-28 14:07:18,427 WARNING:biomolecule.py:157:num_missing_heavy:Missing atom O in residue LYS A 261
2024-02-28 14:07:18,427 WARNING:biomolecule.py:157:num_missing_heavy:Missing atom OXT in residue LYS A 261
2024-02-28 14:07:18,427 WARNING:biomolecule.py:157:num_missing_heavy:Missing atom CB in residue HIS A 4
2024-02-28 14:07:18,427 WARNING:biomolecule.py:157:num_missing_heavy:Missing atom CG in residue HIS A 4
2024-02-28 14:07:18,427 WARNING:biomolecule.py:157:num_missing_heavy:Missing atom ND1 in residue HIS A 4
2024-02-28 14:07:18,427 WARNING:biomolecule.py:157:num_missing_heavy:Missing atom CD2 in residue HIS A 4
2024-02-28 14:07:18,427 WARNING:biomolecule.py:157:num_missing_heavy:Missing atom CE1 in residue HIS A 4
2024-02-28 14:07:18,427 WARNING:biomolecule.py:157:num_missing_heavy:Missing atom NE2 in residue HIS A 4
2024-02-28 14:07:18,428 WARNING:biomolecule.py:157:num_missing_heavy:Missing atom O in residue LYS A 261
2024-02-28 14:07:18,428 WARNING:biomolecule.py:157:num_missing_heavy:Missing atom OXT in residue LYS A 261
2024-02-28 14:07:18,428 WARNING:biomolecule.py:157:num_missing_heavy:Missing atom CB in residue HIS A 4
2024-02-28 14:07:18,428 WARNING:biomolecule.py:157:num_missing_heavy:Missing atom CG in residue HIS A 4
2024-02-28 14:07:18,428 WARNING:biomolecule.py:157:num_missing_heavy:Missing atom ND1 in residue HIS A 4
2024-02-28 14:07:18,429 WARNING:biomolecule.py:157:num_missing_heavy:Missing atom CD2 in residue HIS A 4
2024-02-28 14:07:18,429 WARNING:biomolecule.py:157:num_missing_heavy:Missing atom CE1 in residue HIS A 4
2024-02-28 14:07:18,429 WARNING:biomolecule.py:157:num_missing_heavy:Missing atom NE2 in residue HIS A 4
2024-02-28 14:07:18,430 WARNING:biomolecule.py:157:num_missing_heavy:Missing atom O in residue LYS A 261
2024-02-28 14:07:18,430 WARNING:biomolecule.py:157:num_missing_heavy:Missing atom OXT in residue LYS A 261
2024-02-28 14:07:20,529 WARNING:main.py:311:print_pqr:Ignoring 1664 header lines in output.
2024-02-28 14:07:20,530 WARNING:main.py:315:print_pqr:Ignoring 27 missing lines in output.
