2024-02-28 14:07:08,941 WARNING:biomolecule.py:992:create_residue:Unable to find amino or nucleic acid definition for FE.  Parsing as new residue.
2024-02-28 14:07:08,941 WARNING:biomolecule.py:992:create_residue:Unable to find amino or nucleic acid definition for BME.  Parsing as new residue.
2024-02-28 14:07:08,942 WARNING:biomolecule.py:992:create_residue:Unable to find amino or nucleic acid definition for CHB.  Parsing as new residue.
2024-02-28 14:07:08,942 WARNING:biomolecule.py:992:create_residue:Unable to find amino or nucleic acid definition for CHB.  Parsing as new residue.
2024-02-28 14:07:08,942 WARNING:biomolecule.py:992:create_residue:Unable to find amino or nucleic acid definition for FE.  Parsing as new residue.
2024-02-28 14:07:08,942 WARNING:biomolecule.py:992:create_residue:Unable to find amino or nucleic acid definition for BME.  Parsing as new residue.
2024-02-28 14:07:08,942 WARNING:biomolecule.py:992:create_residue:Unable to find amino or nucleic acid definition for CHB.  Parsing as new residue.
2024-02-28 14:07:08,942 WARNING:biomolecule.py:992:create_residue:Unable to find amino or nucleic acid definition for CHB.  Parsing as new residue.
2024-02-28 14:07:08,942 WARNING:biomolecule.py:992:create_residue:Unable to find amino or nucleic acid definition for FE.  Parsing as new residue.
2024-02-28 14:07:08,942 WARNING:io.py:40:filter:Suppressing further "Unable to find amino or nucleic acid definition for" messages
2024-02-28 14:07:09,001 WARNING:biomolecule.py:615:update_bonds:Gap in backbone detected between PHE M 367 and GLY M 371!
2024-02-28 14:07:09,002 WARNING:biomolecule.py:615:update_bonds:Gap in backbone detected between PHE N 367 and GLY N 371!
2024-02-28 14:07:09,003 WARNING:biomolecule.py:615:update_bonds:Gap in backbone detected between PHE O 367 and GLY O 371!
2024-02-28 14:07:09,005 WARNING:biomolecule.py:615:update_bonds:Gap in backbone detected between PHE P 367 and GLY P 371!
2024-02-28 14:07:09,006 WARNING:biomolecule.py:615:update_bonds:Gap in backbone detected between PHE Q 367 and GLY Q 371!
2024-02-28 14:07:09,007 WARNING:biomolecule.py:615:update_bonds:Gap in backbone detected between PHE R 367 and GLY R 371!
2024-02-28 14:07:09,022 WARNING:biomolecule.py:157:num_missing_heavy:Missing atom CG in residue LYS A 173
2024-02-28 14:07:09,022 WARNING:biomolecule.py:157:num_missing_heavy:Missing atom CD in residue LYS A 173
2024-02-28 14:07:09,022 WARNING:biomolecule.py:157:num_missing_heavy:Missing atom CE in residue LYS A 173
2024-02-28 14:07:09,022 WARNING:biomolecule.py:157:num_missing_heavy:Missing atom NZ in residue LYS A 173
2024-02-28 14:07:09,022 WARNING:biomolecule.py:157:num_missing_heavy:Missing atom CG in residue LYS B 173
2024-02-28 14:07:09,023 WARNING:biomolecule.py:157:num_missing_heavy:Missing atom CD in residue LYS B 173
2024-02-28 14:07:09,023 WARNING:biomolecule.py:157:num_missing_heavy:Missing atom CE in residue LYS B 173
2024-02-28 14:07:09,023 WARNING:biomolecule.py:157:num_missing_heavy:Missing atom NZ in residue LYS B 173
2024-02-28 14:07:09,024 WARNING:biomolecule.py:157:num_missing_heavy:Missing atom CG in residue LYS C 173
2024-02-28 14:07:09,024 WARNING:biomolecule.py:157:num_missing_heavy:Missing atom CD in residue LYS C 173
2024-02-28 14:07:09,024 WARNING:biomolecule.py:157:num_missing_heavy:Missing atom CE in residue LYS C 173
2024-02-28 14:07:09,025 WARNING:biomolecule.py:157:num_missing_heavy:Missing atom NZ in residue LYS C 173
2024-02-28 14:07:09,026 WARNING:biomolecule.py:157:num_missing_heavy:Missing atom CG in residue LYS D 173
2024-02-28 14:07:09,026 WARNING:biomolecule.py:157:num_missing_heavy:Missing atom CD in residue LYS D 173
2024-02-28 14:07:09,026 WARNING:biomolecule.py:157:num_missing_heavy:Missing atom CE in residue LYS D 173
2024-02-28 14:07:09,026 WARNING:biomolecule.py:157:num_missing_heavy:Missing atom NZ in residue LYS D 173
2024-02-28 14:07:09,027 WARNING:biomolecule.py:157:num_missing_heavy:Missing atom CG in residue LYS E 173
2024-02-28 14:07:09,027 WARNING:biomolecule.py:157:num_missing_heavy:Missing atom CD in residue LYS E 173
2024-02-28 14:07:09,027 WARNING:biomolecule.py:157:num_missing_heavy:Missing atom CE in residue LYS E 173
2024-02-28 14:07:09,028 WARNING:biomolecule.py:157:num_missing_heavy:Missing atom NZ in residue LYS E 173
2024-02-28 14:07:09,029 WARNING:biomolecule.py:157:num_missing_heavy:Missing atom CG in residue LYS F 173
2024-02-28 14:07:09,029 WARNING:biomolecule.py:157:num_missing_heavy:Missing atom CD in residue LYS F 173
2024-02-28 14:07:09,029 WARNING:biomolecule.py:157:num_missing_heavy:Missing atom CE in residue LYS F 173
2024-02-28 14:07:09,029 WARNING:biomolecule.py:157:num_missing_heavy:Missing atom NZ in residue LYS F 173
2024-02-28 14:07:09,030 WARNING:biomolecule.py:157:num_missing_heavy:Missing atom CG in residue GLN M 303
2024-02-28 14:07:09,030 WARNING:biomolecule.py:157:num_missing_heavy:Missing atom CD in residue GLN M 303
2024-02-28 14:07:09,030 WARNING:biomolecule.py:157:num_missing_heavy:Missing atom OE1 in residue GLN M 303
2024-02-28 14:07:09,030 WARNING:biomolecule.py:157:num_missing_heavy:Missing atom NE2 in residue GLN M 303
2024-02-28 14:07:09,031 WARNING:biomolecule.py:157:num_missing_heavy:Missing atom CG in residue LYS M 532
2024-02-28 14:07:09,031 WARNING:biomolecule.py:157:num_missing_heavy:Missing atom CD in residue LYS M 532
2024-02-28 14:07:09,032 WARNING:biomolecule.py:157:num_missing_heavy:Missing atom CE in residue LYS M 532
2024-02-28 14:07:09,032 WARNING:biomolecule.py:157:num_missing_heavy:Missing atom NZ in residue LYS M 532
2024-02-28 14:07:09,032 WARNING:biomolecule.py:157:num_missing_heavy:Missing atom OXT in residue GLU M 536
2024-02-28 14:07:09,032 WARNING:biomolecule.py:157:num_missing_heavy:Missing atom CG in residue GLN N 303
2024-02-28 14:07:09,033 WARNING:biomolecule.py:157:num_missing_heavy:Missing atom CD in residue GLN N 303
2024-02-28 14:07:09,033 WARNING:biomolecule.py:157:num_missing_heavy:Missing atom OE1 in residue GLN N 303
2024-02-28 14:07:09,033 WARNING:biomolecule.py:157:num_missing_heavy:Missing atom NE2 in residue GLN N 303
2024-02-28 14:07:09,034 WARNING:biomolecule.py:157:num_missing_heavy:Missing atom CG in residue LYS N 532
2024-02-28 14:07:09,034 WARNING:biomolecule.py:157:num_missing_heavy:Missing atom CD in residue LYS N 532
2024-02-28 14:07:09,035 WARNING:biomolecule.py:157:num_missing_heavy:Missing atom CE in residue LYS N 532
2024-02-28 14:07:09,035 WARNING:biomolecule.py:157:num_missing_heavy:Missing atom NZ in residue LYS N 532
2024-02-28 14:07:09,035 WARNING:biomolecule.py:157:num_missing_heavy:Missing atom OXT in residue GLU N 536
2024-02-28 14:07:09,035 WARNING:biomolecule.py:157:num_missing_heavy:Missing atom CG in residue GLN O 303
2024-02-28 14:07:09,036 WARNING:biomolecule.py:157:num_missing_heavy:Missing atom CD in residue GLN O 303
2024-02-28 14:07:09,036 WARNING:biomolecule.py:157:num_missing_heavy:Missing atom OE1 in residue GLN O 303
2024-02-28 14:07:09,036 WARNING:biomolecule.py:157:num_missing_heavy:Missing atom NE2 in residue GLN O 303
2024-02-28 14:07:09,037 WARNING:biomolecule.py:157:num_missing_heavy:Missing atom CG in residue LYS O 532
2024-02-28 14:07:09,037 WARNING:biomolecule.py:157:num_missing_heavy:Missing atom CD in residue LYS O 532
2024-02-28 14:07:09,037 WARNING:biomolecule.py:157:num_missing_heavy:Missing atom CE in residue LYS O 532
2024-02-28 14:07:09,038 WARNING:biomolecule.py:157:num_missing_heavy:Missing atom NZ in residue LYS O 532
2024-02-28 14:07:09,038 WARNING:biomolecule.py:157:num_missing_heavy:Missing atom OXT in residue GLU O 536
2024-02-28 14:07:09,038 WARNING:biomolecule.py:157:num_missing_heavy:Missing atom CG in residue GLN P 303
2024-02-28 14:07:09,039 WARNING:biomolecule.py:157:num_missing_heavy:Missing atom CD in residue GLN P 303
2024-02-28 14:07:09,039 WARNING:biomolecule.py:157:num_missing_heavy:Missing atom OE1 in residue GLN P 303
2024-02-28 14:07:09,039 WARNING:biomolecule.py:157:num_missing_heavy:Missing atom NE2 in residue GLN P 303
2024-02-28 14:07:09,040 WARNING:biomolecule.py:157:num_missing_heavy:Missing atom CG in residue LYS P 532
2024-02-28 14:07:09,040 WARNING:biomolecule.py:157:num_missing_heavy:Missing atom CD in residue LYS P 532
2024-02-28 14:07:09,040 WARNING:biomolecule.py:157:num_missing_heavy:Missing atom CE in residue LYS P 532
2024-02-28 14:07:09,040 WARNING:biomolecule.py:157:num_missing_heavy:Missing atom NZ in residue LYS P 532
2024-02-28 14:07:09,040 WARNING:biomolecule.py:157:num_missing_heavy:Missing atom OXT in residue GLU P 536
2024-02-28 14:07:09,040 WARNING:biomolecule.py:157:num_missing_heavy:Missing atom CG in residue GLN Q 303
2024-02-28 14:07:09,040 WARNING:biomolecule.py:157:num_missing_heavy:Missing atom CD in residue GLN Q 303
2024-02-28 14:07:09,040 WARNING:biomolecule.py:157:num_missing_heavy:Missing atom OE1 in residue GLN Q 303
2024-02-28 14:07:09,040 WARNING:biomolecule.py:157:num_missing_heavy:Missing atom NE2 in residue GLN Q 303
2024-02-28 14:07:09,041 WARNING:biomolecule.py:157:num_missing_heavy:Missing atom CG in residue LYS Q 532
2024-02-28 14:07:09,041 WARNING:biomolecule.py:157:num_missing_heavy:Missing atom CD in residue LYS Q 532
2024-02-28 14:07:09,041 WARNING:biomolecule.py:157:num_missing_heavy:Missing atom CE in residue LYS Q 532
2024-02-28 14:07:09,042 WARNING:biomolecule.py:157:num_missing_heavy:Missing atom NZ in residue LYS Q 532
2024-02-28 14:07:09,042 WARNING:biomolecule.py:157:num_missing_heavy:Missing atom OXT in residue GLU Q 536
2024-02-28 14:07:09,042 WARNING:biomolecule.py:157:num_missing_heavy:Missing atom CG in residue GLN R 303
2024-02-28 14:07:09,043 WARNING:biomolecule.py:157:num_missing_heavy:Missing atom CD in residue GLN R 303
2024-02-28 14:07:09,043 WARNING:biomolecule.py:157:num_missing_heavy:Missing atom OE1 in residue GLN R 303
2024-02-28 14:07:09,043 WARNING:biomolecule.py:157:num_missing_heavy:Missing atom NE2 in residue GLN R 303
2024-02-28 14:07:09,044 WARNING:biomolecule.py:157:num_missing_heavy:Missing atom CG in residue LYS R 532
2024-02-28 14:07:09,044 WARNING:biomolecule.py:157:num_missing_heavy:Missing atom CD in residue LYS R 532
2024-02-28 14:07:09,044 WARNING:biomolecule.py:157:num_missing_heavy:Missing atom CE in residue LYS R 532
2024-02-28 14:07:09,044 WARNING:biomolecule.py:157:num_missing_heavy:Missing atom NZ in residue LYS R 532
2024-02-28 14:07:09,044 WARNING:biomolecule.py:157:num_missing_heavy:Missing atom OXT in residue GLU R 536
2024-02-28 14:07:09,045 WARNING:biomolecule.py:157:num_missing_heavy:Missing atom CG in residue LYS A 173
2024-02-28 14:07:09,045 WARNING:biomolecule.py:157:num_missing_heavy:Missing atom CD in residue LYS A 173
2024-02-28 14:07:09,046 WARNING:biomolecule.py:157:num_missing_heavy:Missing atom CE in residue LYS A 173
2024-02-28 14:07:09,046 WARNING:biomolecule.py:157:num_missing_heavy:Missing atom NZ in residue LYS A 173
2024-02-28 14:07:09,047 WARNING:biomolecule.py:157:num_missing_heavy:Missing atom CG in residue LYS B 173
2024-02-28 14:07:09,047 WARNING:biomolecule.py:157:num_missing_heavy:Missing atom CD in residue LYS B 173
2024-02-28 14:07:09,047 WARNING:biomolecule.py:157:num_missing_heavy:Missing atom CE in residue LYS B 173
2024-02-28 14:07:09,047 WARNING:biomolecule.py:157:num_missing_heavy:Missing atom NZ in residue LYS B 173
2024-02-28 14:07:09,048 WARNING:biomolecule.py:157:num_missing_heavy:Missing atom CG in residue LYS C 173
2024-02-28 14:07:09,048 WARNING:biomolecule.py:157:num_missing_heavy:Missing atom CD in residue LYS C 173
2024-02-28 14:07:09,048 WARNING:biomolecule.py:157:num_missing_heavy:Missing atom CE in residue LYS C 173
2024-02-28 14:07:09,048 WARNING:biomolecule.py:157:num_missing_heavy:Missing atom NZ in residue LYS C 173
2024-02-28 14:07:09,049 WARNING:biomolecule.py:157:num_missing_heavy:Missing atom CG in residue LYS D 173
2024-02-28 14:07:09,049 WARNING:biomolecule.py:157:num_missing_heavy:Missing atom CD in residue LYS D 173
2024-02-28 14:07:09,049 WARNING:biomolecule.py:157:num_missing_heavy:Missing atom CE in residue LYS D 173
2024-02-28 14:07:09,049 WARNING:biomolecule.py:157:num_missing_heavy:Missing atom NZ in residue LYS D 173
2024-02-28 14:07:09,050 WARNING:biomolecule.py:157:num_missing_heavy:Missing atom CG in residue LYS E 173
2024-02-28 14:07:09,050 WARNING:biomolecule.py:157:num_missing_heavy:Missing atom CD in residue LYS E 173
2024-02-28 14:07:09,050 WARNING:biomolecule.py:157:num_missing_heavy:Missing atom CE in residue LYS E 173
2024-02-28 14:07:09,050 WARNING:biomolecule.py:157:num_missing_heavy:Missing atom NZ in residue LYS E 173
2024-02-28 14:07:09,051 WARNING:biomolecule.py:157:num_missing_heavy:Missing atom CG in residue LYS F 173
2024-02-28 14:07:09,051 WARNING:biomolecule.py:157:num_missing_heavy:Missing atom CD in residue LYS F 173
2024-02-28 14:07:09,051 WARNING:biomolecule.py:157:num_missing_heavy:Missing atom CE in residue LYS F 173
2024-02-28 14:07:09,051 WARNING:biomolecule.py:157:num_missing_heavy:Missing atom NZ in residue LYS F 173
2024-02-28 14:07:09,052 WARNING:biomolecule.py:157:num_missing_heavy:Missing atom CG in residue GLN M 303
2024-02-28 14:07:09,052 WARNING:biomolecule.py:157:num_missing_heavy:Missing atom CD in residue GLN M 303
2024-02-28 14:07:09,052 WARNING:biomolecule.py:157:num_missing_heavy:Missing atom OE1 in residue GLN M 303
2024-02-28 14:07:09,052 WARNING:biomolecule.py:157:num_missing_heavy:Missing atom NE2 in residue GLN M 303
2024-02-28 14:07:09,053 WARNING:biomolecule.py:157:num_missing_heavy:Missing atom CG in residue LYS M 532
2024-02-28 14:07:09,053 WARNING:biomolecule.py:157:num_missing_heavy:Missing atom CD in residue LYS M 532
2024-02-28 14:07:09,053 WARNING:biomolecule.py:157:num_missing_heavy:Missing atom CE in residue LYS M 532
2024-02-28 14:07:09,054 WARNING:biomolecule.py:157:num_missing_heavy:Missing atom NZ in residue LYS M 532
2024-02-28 14:07:09,054 WARNING:biomolecule.py:157:num_missing_heavy:Missing atom OXT in residue GLU M 536
2024-02-28 14:07:09,054 WARNING:biomolecule.py:157:num_missing_heavy:Missing atom CG in residue GLN N 303
2024-02-28 14:07:09,055 WARNING:biomolecule.py:157:num_missing_heavy:Missing atom CD in residue GLN N 303
2024-02-28 14:07:09,055 WARNING:biomolecule.py:157:num_missing_heavy:Missing atom OE1 in residue GLN N 303
2024-02-28 14:07:09,055 WARNING:biomolecule.py:157:num_missing_heavy:Missing atom NE2 in residue GLN N 303
2024-02-28 14:07:09,056 WARNING:biomolecule.py:157:num_missing_heavy:Missing atom CG in residue LYS N 532
2024-02-28 14:07:09,056 WARNING:biomolecule.py:157:num_missing_heavy:Missing atom CD in residue LYS N 532
2024-02-28 14:07:09,056 WARNING:biomolecule.py:157:num_missing_heavy:Missing atom CE in residue LYS N 532
2024-02-28 14:07:09,057 WARNING:biomolecule.py:157:num_missing_heavy:Missing atom NZ in residue LYS N 532
2024-02-28 14:07:09,057 WARNING:biomolecule.py:157:num_missing_heavy:Missing atom OXT in residue GLU N 536
2024-02-28 14:07:09,057 WARNING:biomolecule.py:157:num_missing_heavy:Missing atom CG in residue GLN O 303
2024-02-28 14:07:09,058 WARNING:biomolecule.py:157:num_missing_heavy:Missing atom CD in residue GLN O 303
2024-02-28 14:07:09,058 WARNING:biomolecule.py:157:num_missing_heavy:Missing atom OE1 in residue GLN O 303
2024-02-28 14:07:09,058 WARNING:biomolecule.py:157:num_missing_heavy:Missing atom NE2 in residue GLN O 303
2024-02-28 14:07:09,059 WARNING:biomolecule.py:157:num_missing_heavy:Missing atom CG in residue LYS O 532
2024-02-28 14:07:09,059 WARNING:biomolecule.py:157:num_missing_heavy:Missing atom CD in residue LYS O 532
2024-02-28 14:07:09,059 WARNING:biomolecule.py:157:num_missing_heavy:Missing atom CE in residue LYS O 532
2024-02-28 14:07:09,059 WARNING:biomolecule.py:157:num_missing_heavy:Missing atom NZ in residue LYS O 532
2024-02-28 14:07:09,060 WARNING:biomolecule.py:157:num_missing_heavy:Missing atom OXT in residue GLU O 536
2024-02-28 14:07:09,060 WARNING:biomolecule.py:157:num_missing_heavy:Missing atom CG in residue GLN P 303
2024-02-28 14:07:09,060 WARNING:biomolecule.py:157:num_missing_heavy:Missing atom CD in residue GLN P 303
2024-02-28 14:07:09,060 WARNING:biomolecule.py:157:num_missing_heavy:Missing atom OE1 in residue GLN P 303
2024-02-28 14:07:09,061 WARNING:biomolecule.py:157:num_missing_heavy:Missing atom NE2 in residue GLN P 303
2024-02-28 14:07:09,062 WARNING:biomolecule.py:157:num_missing_heavy:Missing atom CG in residue LYS P 532
2024-02-28 14:07:09,062 WARNING:biomolecule.py:157:num_missing_heavy:Missing atom CD in residue LYS P 532
2024-02-28 14:07:09,062 WARNING:biomolecule.py:157:num_missing_heavy:Missing atom CE in residue LYS P 532
2024-02-28 14:07:09,062 WARNING:biomolecule.py:157:num_missing_heavy:Missing atom NZ in residue LYS P 532
2024-02-28 14:07:09,063 WARNING:biomolecule.py:157:num_missing_heavy:Missing atom OXT in residue GLU P 536
2024-02-28 14:07:09,063 WARNING:biomolecule.py:157:num_missing_heavy:Missing atom CG in residue GLN Q 303
2024-02-28 14:07:09,063 WARNING:biomolecule.py:157:num_missing_heavy:Missing atom CD in residue GLN Q 303
2024-02-28 14:07:09,064 WARNING:biomolecule.py:157:num_missing_heavy:Missing atom OE1 in residue GLN Q 303
2024-02-28 14:07:09,064 WARNING:biomolecule.py:157:num_missing_heavy:Missing atom NE2 in residue GLN Q 303
2024-02-28 14:07:09,065 WARNING:biomolecule.py:157:num_missing_heavy:Missing atom CG in residue LYS Q 532
2024-02-28 14:07:09,065 WARNING:biomolecule.py:157:num_missing_heavy:Missing atom CD in residue LYS Q 532
2024-02-28 14:07:09,065 WARNING:biomolecule.py:157:num_missing_heavy:Missing atom CE in residue LYS Q 532
2024-02-28 14:07:09,065 WARNING:biomolecule.py:157:num_missing_heavy:Missing atom NZ in residue LYS Q 532
2024-02-28 14:07:09,065 WARNING:biomolecule.py:157:num_missing_heavy:Missing atom OXT in residue GLU Q 536
2024-02-28 14:07:09,066 WARNING:biomolecule.py:157:num_missing_heavy:Missing atom CG in residue GLN R 303
2024-02-28 14:07:09,066 WARNING:biomolecule.py:157:num_missing_heavy:Missing atom CD in residue GLN R 303
2024-02-28 14:07:09,066 WARNING:biomolecule.py:157:num_missing_heavy:Missing atom OE1 in residue GLN R 303
2024-02-28 14:07:09,067 WARNING:biomolecule.py:157:num_missing_heavy:Missing atom NE2 in residue GLN R 303
2024-02-28 14:07:09,068 WARNING:biomolecule.py:157:num_missing_heavy:Missing atom CG in residue LYS R 532
2024-02-28 14:07:09,068 WARNING:biomolecule.py:157:num_missing_heavy:Missing atom CD in residue LYS R 532
2024-02-28 14:07:09,068 WARNING:biomolecule.py:157:num_missing_heavy:Missing atom CE in residue LYS R 532
2024-02-28 14:07:09,068 WARNING:biomolecule.py:157:num_missing_heavy:Missing atom NZ in residue LYS R 532
2024-02-28 14:07:09,068 WARNING:biomolecule.py:157:num_missing_heavy:Missing atom OXT in residue GLU R 536
2024-02-28 14:07:09,069 WARNING:biomolecule.py:157:num_missing_heavy:Missing atom CG in residue LYS A 173
2024-02-28 14:07:09,069 WARNING:biomolecule.py:157:num_missing_heavy:Missing atom CD in residue LYS A 173
2024-02-28 14:07:09,069 WARNING:biomolecule.py:157:num_missing_heavy:Missing atom CE in residue LYS A 173
2024-02-28 14:07:09,069 WARNING:biomolecule.py:157:num_missing_heavy:Missing atom NZ in residue LYS A 173
2024-02-28 14:07:09,070 WARNING:biomolecule.py:157:num_missing_heavy:Missing atom CG in residue LYS B 173
2024-02-28 14:07:09,070 WARNING:biomolecule.py:157:num_missing_heavy:Missing atom CD in residue LYS B 173
2024-02-28 14:07:09,070 WARNING:biomolecule.py:157:num_missing_heavy:Missing atom CE in residue LYS B 173
2024-02-28 14:07:09,071 WARNING:biomolecule.py:157:num_missing_heavy:Missing atom NZ in residue LYS B 173
2024-02-28 14:07:09,072 WARNING:biomolecule.py:157:num_missing_heavy:Missing atom CG in residue LYS C 173
2024-02-28 14:07:09,072 WARNING:biomolecule.py:157:num_missing_heavy:Missing atom CD in residue LYS C 173
2024-02-28 14:07:09,072 WARNING:biomolecule.py:157:num_missing_heavy:Missing atom CE in residue LYS C 173
2024-02-28 14:07:09,072 WARNING:biomolecule.py:157:num_missing_heavy:Missing atom NZ in residue LYS C 173
2024-02-28 14:07:09,073 WARNING:biomolecule.py:157:num_missing_heavy:Missing atom CG in residue LYS D 173
2024-02-28 14:07:09,073 WARNING:biomolecule.py:157:num_missing_heavy:Missing atom CD in residue LYS D 173
2024-02-28 14:07:09,073 WARNING:biomolecule.py:157:num_missing_heavy:Missing atom CE in residue LYS D 173
2024-02-28 14:07:09,073 WARNING:biomolecule.py:157:num_missing_heavy:Missing atom NZ in residue LYS D 173
2024-02-28 14:07:09,074 WARNING:biomolecule.py:157:num_missing_heavy:Missing atom CG in residue LYS E 173
2024-02-28 14:07:09,074 WARNING:biomolecule.py:157:num_missing_heavy:Missing atom CD in residue LYS E 173
2024-02-28 14:07:09,074 WARNING:biomolecule.py:157:num_missing_heavy:Missing atom CE in residue LYS E 173
2024-02-28 14:07:09,074 WARNING:biomolecule.py:157:num_missing_heavy:Missing atom NZ in residue LYS E 173
2024-02-28 14:07:09,075 WARNING:biomolecule.py:157:num_missing_heavy:Missing atom CG in residue LYS F 173
2024-02-28 14:07:09,075 WARNING:biomolecule.py:157:num_missing_heavy:Missing atom CD in residue LYS F 173
2024-02-28 14:07:09,075 WARNING:biomolecule.py:157:num_missing_heavy:Missing atom CE in residue LYS F 173
2024-02-28 14:07:09,076 WARNING:biomolecule.py:157:num_missing_heavy:Missing atom NZ in residue LYS F 173
2024-02-28 14:07:09,076 WARNING:biomolecule.py:157:num_missing_heavy:Missing atom CG in residue GLN M 303
2024-02-28 14:07:09,076 WARNING:biomolecule.py:157:num_missing_heavy:Missing atom CD in residue GLN M 303
2024-02-28 14:07:09,076 WARNING:biomolecule.py:157:num_missing_heavy:Missing atom OE1 in residue GLN M 303
2024-02-28 14:07:09,077 WARNING:biomolecule.py:157:num_missing_heavy:Missing atom NE2 in residue GLN M 303
2024-02-28 14:07:09,078 WARNING:biomolecule.py:157:num_missing_heavy:Missing atom CG in residue LYS M 532
2024-02-28 14:07:09,078 WARNING:biomolecule.py:157:num_missing_heavy:Missing atom CD in residue LYS M 532
2024-02-28 14:07:09,078 WARNING:biomolecule.py:157:num_missing_heavy:Missing atom CE in residue LYS M 532
2024-02-28 14:07:09,078 WARNING:biomolecule.py:157:num_missing_heavy:Missing atom NZ in residue LYS M 532
2024-02-28 14:07:09,078 WARNING:biomolecule.py:157:num_missing_heavy:Missing atom OXT in residue GLU M 536
2024-02-28 14:07:09,079 WARNING:biomolecule.py:157:num_missing_heavy:Missing atom CG in residue GLN N 303
2024-02-28 14:07:09,079 WARNING:biomolecule.py:157:num_missing_heavy:Missing atom CD in residue GLN N 303
2024-02-28 14:07:09,079 WARNING:biomolecule.py:157:num_missing_heavy:Missing atom OE1 in residue GLN N 303
2024-02-28 14:07:09,080 WARNING:biomolecule.py:157:num_missing_heavy:Missing atom NE2 in residue GLN N 303
2024-02-28 14:07:09,081 WARNING:biomolecule.py:157:num_missing_heavy:Missing atom CG in residue LYS N 532
2024-02-28 14:07:09,081 WARNING:biomolecule.py:157:num_missing_heavy:Missing atom CD in residue LYS N 532
2024-02-28 14:07:09,081 WARNING:biomolecule.py:157:num_missing_heavy:Missing atom CE in residue LYS N 532
2024-02-28 14:07:09,081 WARNING:biomolecule.py:157:num_missing_heavy:Missing atom NZ in residue LYS N 532
2024-02-28 14:07:09,081 WARNING:biomolecule.py:157:num_missing_heavy:Missing atom OXT in residue GLU N 536
2024-02-28 14:07:09,082 WARNING:biomolecule.py:157:num_missing_heavy:Missing atom CG in residue GLN O 303
2024-02-28 14:07:09,082 WARNING:biomolecule.py:157:num_missing_heavy:Missing atom CD in residue GLN O 303
2024-02-28 14:07:09,082 WARNING:biomolecule.py:157:num_missing_heavy:Missing atom OE1 in residue GLN O 303
2024-02-28 14:07:09,082 WARNING:biomolecule.py:157:num_missing_heavy:Missing atom NE2 in residue GLN O 303
2024-02-28 14:07:09,084 WARNING:biomolecule.py:157:num_missing_heavy:Missing atom CG in residue LYS O 532
2024-02-28 14:07:09,084 WARNING:biomolecule.py:157:num_missing_heavy:Missing atom CD in residue LYS O 532
2024-02-28 14:07:09,084 WARNING:biomolecule.py:157:num_missing_heavy:Missing atom CE in residue LYS O 532
2024-02-28 14:07:09,084 WARNING:biomolecule.py:157:num_missing_heavy:Missing atom NZ in residue LYS O 532
2024-02-28 14:07:09,084 WARNING:biomolecule.py:157:num_missing_heavy:Missing atom OXT in residue GLU O 536
2024-02-28 14:07:09,085 WARNING:biomolecule.py:157:num_missing_heavy:Missing atom CG in residue GLN P 303
2024-02-28 14:07:09,085 WARNING:biomolecule.py:157:num_missing_heavy:Missing atom CD in residue GLN P 303
2024-02-28 14:07:09,085 WARNING:biomolecule.py:157:num_missing_heavy:Missing atom OE1 in residue GLN P 303
2024-02-28 14:07:09,085 WARNING:biomolecule.py:157:num_missing_heavy:Missing atom NE2 in residue GLN P 303
2024-02-28 14:07:09,086 WARNING:biomolecule.py:157:num_missing_heavy:Missing atom CG in residue LYS P 532
2024-02-28 14:07:09,086 WARNING:biomolecule.py:157:num_missing_heavy:Missing atom CD in residue LYS P 532
2024-02-28 14:07:09,087 WARNING:biomolecule.py:157:num_missing_heavy:Missing atom CE in residue LYS P 532
2024-02-28 14:07:09,087 WARNING:biomolecule.py:157:num_missing_heavy:Missing atom NZ in residue LYS P 532
2024-02-28 14:07:09,087 WARNING:biomolecule.py:157:num_missing_heavy:Missing atom OXT in residue GLU P 536
2024-02-28 14:07:09,087 WARNING:biomolecule.py:157:num_missing_heavy:Missing atom CG in residue GLN Q 303
2024-02-28 14:07:09,088 WARNING:biomolecule.py:157:num_missing_heavy:Missing atom CD in residue GLN Q 303
2024-02-28 14:07:09,088 WARNING:biomolecule.py:157:num_missing_heavy:Missing atom OE1 in residue GLN Q 303
2024-02-28 14:07:09,088 WARNING:biomolecule.py:157:num_missing_heavy:Missing atom NE2 in residue GLN Q 303
2024-02-28 14:07:09,089 WARNING:biomolecule.py:157:num_missing_heavy:Missing atom CG in residue LYS Q 532
2024-02-28 14:07:09,089 WARNING:biomolecule.py:157:num_missing_heavy:Missing atom CD in residue LYS Q 532
2024-02-28 14:07:09,089 WARNING:biomolecule.py:157:num_missing_heavy:Missing atom CE in residue LYS Q 532
2024-02-28 14:07:09,090 WARNING:biomolecule.py:157:num_missing_heavy:Missing atom NZ in residue LYS Q 532
2024-02-28 14:07:09,090 WARNING:biomolecule.py:157:num_missing_heavy:Missing atom OXT in residue GLU Q 536
2024-02-28 14:07:09,090 WARNING:biomolecule.py:157:num_missing_heavy:Missing atom CG in residue GLN R 303
2024-02-28 14:07:09,091 WARNING:biomolecule.py:157:num_missing_heavy:Missing atom CD in residue GLN R 303
2024-02-28 14:07:09,091 WARNING:biomolecule.py:157:num_missing_heavy:Missing atom OE1 in residue GLN R 303
2024-02-28 14:07:09,091 WARNING:biomolecule.py:157:num_missing_heavy:Missing atom NE2 in residue GLN R 303
2024-02-28 14:07:09,092 WARNING:biomolecule.py:157:num_missing_heavy:Missing atom CG in residue LYS R 532
2024-02-28 14:07:09,092 WARNING:biomolecule.py:157:num_missing_heavy:Missing atom CD in residue LYS R 532
2024-02-28 14:07:09,092 WARNING:biomolecule.py:157:num_missing_heavy:Missing atom CE in residue LYS R 532
2024-02-28 14:07:09,093 WARNING:biomolecule.py:157:num_missing_heavy:Missing atom NZ in residue LYS R 532
2024-02-28 14:07:09,093 WARNING:biomolecule.py:157:num_missing_heavy:Missing atom OXT in residue GLU R 536
2024-02-28 14:07:16,234 WARNING:debump.py:354:get_closest_atom:Skipped atom during water optimization: H2 in HOH M 732 skipped when optimizing H2 in HOH M 753
2024-02-28 14:07:16,236 WARNING:debump.py:354:get_closest_atom:Skipped atom during water optimization: H2 in HOH M 732 skipped when optimizing H2 in HOH M 753
2024-02-28 14:07:16,243 WARNING:debump.py:354:get_closest_atom:Skipped atom during water optimization: LP1 in HOH M 753 skipped when optimizing H2 in HOH O 625
2024-02-28 14:07:16,245 WARNING:debump.py:354:get_closest_atom:Skipped atom during water optimization: LP1 in HOH M 753 skipped when optimizing H2 in HOH O 625
2024-02-28 14:07:16,246 WARNING:debump.py:354:get_closest_atom:Skipped atom during water optimization: LP1 in HOH M 753 skipped when optimizing H2 in HOH O 625
2024-02-28 14:07:16,248 WARNING:debump.py:354:get_closest_atom:Skipped atom during water optimization: LP1 in HOH M 753 skipped when optimizing H2 in HOH O 625
2024-02-28 14:07:16,249 WARNING:debump.py:354:get_closest_atom:Skipped atom during water optimization: LP1 in HOH M 753 skipped when optimizing H2 in HOH O 625
2024-02-28 14:07:16,250 WARNING:debump.py:354:get_closest_atom:Skipped atom during water optimization: H1 in HOH M 753 skipped when optimizing H2 in HOH O 625
2024-02-28 14:07:16,252 WARNING:debump.py:354:get_closest_atom:Skipped atom during water optimization: H1 in HOH M 753 skipped when optimizing H2 in HOH O 625
2024-02-28 14:07:16,269 WARNING:io.py:40:filter:Suppressing further "Skipped atom during water optimization" messages
2024-02-28 14:07:38,035 WARNING:main.py:311:print_pqr:Ignoring 6274 header lines in output.
2024-02-28 14:07:38,036 WARNING:main.py:315:print_pqr:Ignoring 162 missing lines in output.
