2024-02-28 14:07:17,707 WARNING:biomolecule.py:992:create_residue:Unable to find amino or nucleic acid definition for Q82.  Parsing as new residue.
2024-02-28 14:07:17,730 WARNING:main.py:418:setup_molecule:Multiple occupancies found: N in LYS A 45.
2024-02-28 14:07:17,730 WARNING:main.py:418:setup_molecule:Multiple occupancies found: CA in LYS A 45.
2024-02-28 14:07:17,730 WARNING:main.py:418:setup_molecule:Multiple occupancies found: C in LYS A 45.
2024-02-28 14:07:17,730 WARNING:main.py:418:setup_molecule:Multiple occupancies found: O in LYS A 45.
2024-02-28 14:07:17,730 WARNING:main.py:418:setup_molecule:Multiple occupancies found: CB in LYS A 45.
2024-02-28 14:07:17,730 WARNING:main.py:418:setup_molecule:Multiple occupancies found: CG in LYS A 45.
2024-02-28 14:07:17,730 WARNING:main.py:418:setup_molecule:Multiple occupancies found: CD in LYS A 45.
2024-02-28 14:07:17,730 WARNING:main.py:418:setup_molecule:Multiple occupancies found: CE in LYS A 45.
2024-02-28 14:07:17,730 WARNING:main.py:418:setup_molecule:Multiple occupancies found: NZ in LYS A 45.
2024-02-28 14:07:17,730 WARNING:main.py:424:setup_molecule:Multiple occupancies found in LYS A 45. At least one of the instances is being ignored.
2024-02-28 14:07:17,730 WARNING:main.py:418:setup_molecule:Multiple occupancies found: N in MET A 46.
2024-02-28 14:07:17,730 WARNING:main.py:418:setup_molecule:Multiple occupancies found: CA in MET A 46.
2024-02-28 14:07:17,730 WARNING:main.py:418:setup_molecule:Multiple occupancies found: C in MET A 46.
2024-02-28 14:07:17,730 WARNING:main.py:418:setup_molecule:Multiple occupancies found: O in MET A 46.
2024-02-28 14:07:17,730 WARNING:main.py:418:setup_molecule:Multiple occupancies found: CB in MET A 46.
2024-02-28 14:07:17,730 WARNING:main.py:418:setup_molecule:Multiple occupancies found: CG in MET A 46.
2024-02-28 14:07:17,730 WARNING:main.py:418:setup_molecule:Multiple occupancies found: SD in MET A 46.
2024-02-28 14:07:17,730 WARNING:main.py:418:setup_molecule:Multiple occupancies found: CE in MET A 46.
2024-02-28 14:07:17,730 WARNING:main.py:424:setup_molecule:Multiple occupancies found in MET A 46. At least one of the instances is being ignored.
2024-02-28 14:07:17,730 WARNING:main.py:418:setup_molecule:Multiple occupancies found: N in ILE A 47.
2024-02-28 14:07:17,730 WARNING:main.py:418:setup_molecule:Multiple occupancies found: CA in ILE A 47.
2024-02-28 14:07:17,730 WARNING:main.py:418:setup_molecule:Multiple occupancies found: C in ILE A 47.
2024-02-28 14:07:17,730 WARNING:main.py:418:setup_molecule:Multiple occupancies found: O in ILE A 47.
2024-02-28 14:07:17,731 WARNING:main.py:418:setup_molecule:Multiple occupancies found: CB in ILE A 47.
2024-02-28 14:07:17,731 WARNING:main.py:418:setup_molecule:Multiple occupancies found: CG1 in ILE A 47.
2024-02-28 14:07:17,731 WARNING:main.py:418:setup_molecule:Multiple occupancies found: CG2 in ILE A 47.
2024-02-28 14:07:17,731 WARNING:main.py:418:setup_molecule:Multiple occupancies found: CD1 in ILE A 47.
2024-02-28 14:07:17,731 WARNING:main.py:424:setup_molecule:Multiple occupancies found in ILE A 47. At least one of the instances is being ignored.
2024-02-28 14:07:17,731 WARNING:main.py:418:setup_molecule:Multiple occupancies found: N in GLY A 48.
2024-02-28 14:07:17,731 WARNING:main.py:418:setup_molecule:Multiple occupancies found: CA in GLY A 48.
2024-02-28 14:07:17,731 WARNING:main.py:418:setup_molecule:Multiple occupancies found: C in GLY A 48.
2024-02-28 14:07:17,731 WARNING:main.py:418:setup_molecule:Multiple occupancies found: O in GLY A 48.
2024-02-28 14:07:17,731 WARNING:main.py:424:setup_molecule:Multiple occupancies found in GLY A 48. At least one of the instances is being ignored.
2024-02-28 14:07:17,731 WARNING:main.py:418:setup_molecule:Multiple occupancies found: N in GLY A 49.
2024-02-28 14:07:17,731 WARNING:main.py:418:setup_molecule:Multiple occupancies found: CA in GLY A 49.
2024-02-28 14:07:17,731 WARNING:main.py:418:setup_molecule:Multiple occupancies found: C in GLY A 49.
2024-02-28 14:07:17,731 WARNING:main.py:418:setup_molecule:Multiple occupancies found: O in GLY A 49.
2024-02-28 14:07:17,731 WARNING:main.py:424:setup_molecule:Multiple occupancies found in GLY A 49. At least one of the instances is being ignored.
2024-02-28 14:07:17,731 WARNING:main.py:418:setup_molecule:Multiple occupancies found: N in ILE A 50.
2024-02-28 14:07:17,731 WARNING:main.py:418:setup_molecule:Multiple occupancies found: CA in ILE A 50.
2024-02-28 14:07:17,731 WARNING:main.py:418:setup_molecule:Multiple occupancies found: C in ILE A 50.
2024-02-28 14:07:17,731 WARNING:main.py:418:setup_molecule:Multiple occupancies found: O in ILE A 50.
2024-02-28 14:07:17,731 WARNING:main.py:418:setup_molecule:Multiple occupancies found: CB in ILE A 50.
2024-02-28 14:07:17,731 WARNING:main.py:418:setup_molecule:Multiple occupancies found: CG1 in ILE A 50.
2024-02-28 14:07:17,731 WARNING:main.py:418:setup_molecule:Multiple occupancies found: CG2 in ILE A 50.
2024-02-28 14:07:17,731 WARNING:main.py:418:setup_molecule:Multiple occupancies found: CD1 in ILE A 50.
2024-02-28 14:07:17,731 WARNING:main.py:424:setup_molecule:Multiple occupancies found in ILE A 50. At least one of the instances is being ignored.
2024-02-28 14:07:17,731 WARNING:main.py:418:setup_molecule:Multiple occupancies found: N in GLY A 51.
2024-02-28 14:07:17,731 WARNING:main.py:418:setup_molecule:Multiple occupancies found: CA in GLY A 51.
2024-02-28 14:07:17,731 WARNING:main.py:418:setup_molecule:Multiple occupancies found: C in GLY A 51.
2024-02-28 14:07:17,731 WARNING:main.py:418:setup_molecule:Multiple occupancies found: O in GLY A 51.
2024-02-28 14:07:17,731 WARNING:main.py:424:setup_molecule:Multiple occupancies found in GLY A 51. At least one of the instances is being ignored.
2024-02-28 14:07:17,731 WARNING:main.py:418:setup_molecule:Multiple occupancies found: N in GLY A 52.
2024-02-28 14:07:17,731 WARNING:main.py:418:setup_molecule:Multiple occupancies found: CA in GLY A 52.
2024-02-28 14:07:17,731 WARNING:main.py:418:setup_molecule:Multiple occupancies found: C in GLY A 52.
2024-02-28 14:07:17,731 WARNING:main.py:418:setup_molecule:Multiple occupancies found: O in GLY A 52.
2024-02-28 14:07:17,731 WARNING:main.py:424:setup_molecule:Multiple occupancies found in GLY A 52. At least one of the instances is being ignored.
2024-02-28 14:07:17,731 WARNING:main.py:418:setup_molecule:Multiple occupancies found: N in PHE A 53.
2024-02-28 14:07:17,731 WARNING:main.py:418:setup_molecule:Multiple occupancies found: CA in PHE A 53.
2024-02-28 14:07:17,732 WARNING:main.py:418:setup_molecule:Multiple occupancies found: C in PHE A 53.
2024-02-28 14:07:17,732 WARNING:main.py:418:setup_molecule:Multiple occupancies found: O in PHE A 53.
2024-02-28 14:07:17,732 WARNING:main.py:418:setup_molecule:Multiple occupancies found: CB in PHE A 53.
2024-02-28 14:07:17,732 WARNING:main.py:418:setup_molecule:Multiple occupancies found: CG in PHE A 53.
2024-02-28 14:07:17,732 WARNING:main.py:418:setup_molecule:Multiple occupancies found: CD1 in PHE A 53.
2024-02-28 14:07:17,732 WARNING:main.py:418:setup_molecule:Multiple occupancies found: CD2 in PHE A 53.
2024-02-28 14:07:17,732 WARNING:main.py:418:setup_molecule:Multiple occupancies found: CE1 in PHE A 53.
2024-02-28 14:07:17,732 WARNING:main.py:418:setup_molecule:Multiple occupancies found: CE2 in PHE A 53.
2024-02-28 14:07:17,732 WARNING:main.py:418:setup_molecule:Multiple occupancies found: CZ in PHE A 53.
2024-02-28 14:07:17,732 WARNING:main.py:424:setup_molecule:Multiple occupancies found in PHE A 53. At least one of the instances is being ignored.
2024-02-28 14:07:17,732 WARNING:main.py:418:setup_molecule:Multiple occupancies found: N in ILE A 54.
2024-02-28 14:07:17,732 WARNING:main.py:418:setup_molecule:Multiple occupancies found: CA in ILE A 54.
2024-02-28 14:07:17,732 WARNING:main.py:418:setup_molecule:Multiple occupancies found: C in ILE A 54.
2024-02-28 14:07:17,732 WARNING:main.py:418:setup_molecule:Multiple occupancies found: O in ILE A 54.
2024-02-28 14:07:17,732 WARNING:main.py:418:setup_molecule:Multiple occupancies found: CB in ILE A 54.
2024-02-28 14:07:17,732 WARNING:main.py:418:setup_molecule:Multiple occupancies found: CG1 in ILE A 54.
2024-02-28 14:07:17,732 WARNING:main.py:418:setup_molecule:Multiple occupancies found: CG2 in ILE A 54.
2024-02-28 14:07:17,732 WARNING:main.py:418:setup_molecule:Multiple occupancies found: CD1 in ILE A 54.
2024-02-28 14:07:17,732 WARNING:main.py:424:setup_molecule:Multiple occupancies found in ILE A 54. At least one of the instances is being ignored.
2024-02-28 14:07:17,732 WARNING:main.py:418:setup_molecule:Multiple occupancies found: N in LYS B 45.
2024-02-28 14:07:17,732 WARNING:main.py:418:setup_molecule:Multiple occupancies found: CA in LYS B 45.
2024-02-28 14:07:17,732 WARNING:main.py:418:setup_molecule:Multiple occupancies found: C in LYS B 45.
2024-02-28 14:07:17,732 WARNING:main.py:418:setup_molecule:Multiple occupancies found: O in LYS B 45.
2024-02-28 14:07:17,732 WARNING:main.py:418:setup_molecule:Multiple occupancies found: CB in LYS B 45.
2024-02-28 14:07:17,732 WARNING:main.py:418:setup_molecule:Multiple occupancies found: CG in LYS B 45.
2024-02-28 14:07:17,732 WARNING:main.py:418:setup_molecule:Multiple occupancies found: CD in LYS B 45.
2024-02-28 14:07:17,732 WARNING:main.py:418:setup_molecule:Multiple occupancies found: CE in LYS B 45.
2024-02-28 14:07:17,732 WARNING:main.py:418:setup_molecule:Multiple occupancies found: NZ in LYS B 45.
2024-02-28 14:07:17,732 WARNING:main.py:424:setup_molecule:Multiple occupancies found in LYS B 45. At least one of the instances is being ignored.
2024-02-28 14:07:17,732 WARNING:main.py:418:setup_molecule:Multiple occupancies found: N in MET B 46.
2024-02-28 14:07:17,732 WARNING:main.py:418:setup_molecule:Multiple occupancies found: CA in MET B 46.
2024-02-28 14:07:17,732 WARNING:main.py:418:setup_molecule:Multiple occupancies found: C in MET B 46.
2024-02-28 14:07:17,732 WARNING:main.py:418:setup_molecule:Multiple occupancies found: O in MET B 46.
2024-02-28 14:07:17,732 WARNING:main.py:418:setup_molecule:Multiple occupancies found: CB in MET B 46.
2024-02-28 14:07:17,732 WARNING:main.py:418:setup_molecule:Multiple occupancies found: CG in MET B 46.
2024-02-28 14:07:17,733 WARNING:main.py:418:setup_molecule:Multiple occupancies found: SD in MET B 46.
2024-02-28 14:07:17,733 WARNING:main.py:418:setup_molecule:Multiple occupancies found: CE in MET B 46.
2024-02-28 14:07:17,733 WARNING:main.py:424:setup_molecule:Multiple occupancies found in MET B 46. At least one of the instances is being ignored.
2024-02-28 14:07:17,733 WARNING:main.py:418:setup_molecule:Multiple occupancies found: N in ILE B 47.
2024-02-28 14:07:17,733 WARNING:main.py:418:setup_molecule:Multiple occupancies found: CA in ILE B 47.
2024-02-28 14:07:17,733 WARNING:main.py:418:setup_molecule:Multiple occupancies found: C in ILE B 47.
2024-02-28 14:07:17,733 WARNING:main.py:418:setup_molecule:Multiple occupancies found: O in ILE B 47.
2024-02-28 14:07:17,733 WARNING:main.py:418:setup_molecule:Multiple occupancies found: CB in ILE B 47.
2024-02-28 14:07:17,733 WARNING:main.py:418:setup_molecule:Multiple occupancies found: CG1 in ILE B 47.
2024-02-28 14:07:17,733 WARNING:main.py:418:setup_molecule:Multiple occupancies found: CG2 in ILE B 47.
2024-02-28 14:07:17,733 WARNING:main.py:418:setup_molecule:Multiple occupancies found: CD1 in ILE B 47.
2024-02-28 14:07:17,733 WARNING:main.py:424:setup_molecule:Multiple occupancies found in ILE B 47. At least one of the instances is being ignored.
2024-02-28 14:07:17,733 WARNING:main.py:418:setup_molecule:Multiple occupancies found: N in GLY B 48.
2024-02-28 14:07:17,733 WARNING:main.py:418:setup_molecule:Multiple occupancies found: CA in GLY B 48.
2024-02-28 14:07:17,733 WARNING:main.py:418:setup_molecule:Multiple occupancies found: C in GLY B 48.
2024-02-28 14:07:17,733 WARNING:main.py:418:setup_molecule:Multiple occupancies found: O in GLY B 48.
2024-02-28 14:07:17,733 WARNING:main.py:424:setup_molecule:Multiple occupancies found in GLY B 48. At least one of the instances is being ignored.
2024-02-28 14:07:17,733 WARNING:main.py:418:setup_molecule:Multiple occupancies found: N in GLY B 49.
2024-02-28 14:07:17,733 WARNING:main.py:418:setup_molecule:Multiple occupancies found: CA in GLY B 49.
2024-02-28 14:07:17,747 WARNING:main.py:418:setup_molecule:Multiple occupancies found: C in GLY B 49.
2024-02-28 14:07:17,747 WARNING:main.py:418:setup_molecule:Multiple occupancies found: O in GLY B 49.
2024-02-28 14:07:17,747 WARNING:main.py:424:setup_molecule:Multiple occupancies found in GLY B 49. At least one of the instances is being ignored.
2024-02-28 14:07:17,747 WARNING:main.py:418:setup_molecule:Multiple occupancies found: N in ILE B 50.
2024-02-28 14:07:17,747 WARNING:main.py:418:setup_molecule:Multiple occupancies found: CA in ILE B 50.
2024-02-28 14:07:17,747 WARNING:main.py:418:setup_molecule:Multiple occupancies found: C in ILE B 50.
2024-02-28 14:07:17,747 WARNING:main.py:418:setup_molecule:Multiple occupancies found: O in ILE B 50.
2024-02-28 14:07:17,747 WARNING:main.py:418:setup_molecule:Multiple occupancies found: CB in ILE B 50.
2024-02-28 14:07:17,747 WARNING:main.py:418:setup_molecule:Multiple occupancies found: CG1 in ILE B 50.
2024-02-28 14:07:17,747 WARNING:main.py:418:setup_molecule:Multiple occupancies found: CG2 in ILE B 50.
2024-02-28 14:07:17,747 WARNING:main.py:418:setup_molecule:Multiple occupancies found: CD1 in ILE B 50.
2024-02-28 14:07:17,747 WARNING:main.py:424:setup_molecule:Multiple occupancies found in ILE B 50. At least one of the instances is being ignored.
2024-02-28 14:07:17,747 WARNING:main.py:418:setup_molecule:Multiple occupancies found: N in GLY B 51.
2024-02-28 14:07:17,747 WARNING:main.py:418:setup_molecule:Multiple occupancies found: CA in GLY B 51.
2024-02-28 14:07:17,747 WARNING:main.py:418:setup_molecule:Multiple occupancies found: C in GLY B 51.
2024-02-28 14:07:17,748 WARNING:main.py:418:setup_molecule:Multiple occupancies found: O in GLY B 51.
2024-02-28 14:07:17,748 WARNING:main.py:424:setup_molecule:Multiple occupancies found in GLY B 51. At least one of the instances is being ignored.
2024-02-28 14:07:17,748 WARNING:main.py:418:setup_molecule:Multiple occupancies found: N in GLY B 52.
2024-02-28 14:07:17,748 WARNING:main.py:418:setup_molecule:Multiple occupancies found: CA in GLY B 52.
2024-02-28 14:07:17,748 WARNING:main.py:418:setup_molecule:Multiple occupancies found: C in GLY B 52.
2024-02-28 14:07:17,748 WARNING:main.py:418:setup_molecule:Multiple occupancies found: O in GLY B 52.
2024-02-28 14:07:17,748 WARNING:main.py:424:setup_molecule:Multiple occupancies found in GLY B 52. At least one of the instances is being ignored.
2024-02-28 14:07:17,748 WARNING:main.py:418:setup_molecule:Multiple occupancies found: N in PHE B 53.
2024-02-28 14:07:17,748 WARNING:main.py:418:setup_molecule:Multiple occupancies found: CA in PHE B 53.
2024-02-28 14:07:17,748 WARNING:main.py:418:setup_molecule:Multiple occupancies found: C in PHE B 53.
2024-02-28 14:07:17,748 WARNING:main.py:418:setup_molecule:Multiple occupancies found: O in PHE B 53.
2024-02-28 14:07:17,748 WARNING:main.py:418:setup_molecule:Multiple occupancies found: CB in PHE B 53.
2024-02-28 14:07:17,748 WARNING:main.py:418:setup_molecule:Multiple occupancies found: CG in PHE B 53.
2024-02-28 14:07:17,748 WARNING:main.py:418:setup_molecule:Multiple occupancies found: CD1 in PHE B 53.
2024-02-28 14:07:17,748 WARNING:main.py:418:setup_molecule:Multiple occupancies found: CD2 in PHE B 53.
2024-02-28 14:07:17,748 WARNING:main.py:418:setup_molecule:Multiple occupancies found: CE1 in PHE B 53.
2024-02-28 14:07:17,748 WARNING:main.py:418:setup_molecule:Multiple occupancies found: CE2 in PHE B 53.
2024-02-28 14:07:17,748 WARNING:main.py:418:setup_molecule:Multiple occupancies found: CZ in PHE B 53.
2024-02-28 14:07:17,748 WARNING:main.py:424:setup_molecule:Multiple occupancies found in PHE B 53. At least one of the instances is being ignored.
2024-02-28 14:07:17,748 WARNING:main.py:418:setup_molecule:Multiple occupancies found: N in ILE B 54.
2024-02-28 14:07:17,748 WARNING:main.py:418:setup_molecule:Multiple occupancies found: CA in ILE B 54.
2024-02-28 14:07:17,748 WARNING:main.py:418:setup_molecule:Multiple occupancies found: C in ILE B 54.
2024-02-28 14:07:17,748 WARNING:main.py:418:setup_molecule:Multiple occupancies found: O in ILE B 54.
2024-02-28 14:07:17,748 WARNING:main.py:418:setup_molecule:Multiple occupancies found: CB in ILE B 54.
2024-02-28 14:07:17,748 WARNING:main.py:418:setup_molecule:Multiple occupancies found: CG1 in ILE B 54.
2024-02-28 14:07:17,748 WARNING:main.py:418:setup_molecule:Multiple occupancies found: CG2 in ILE B 54.
2024-02-28 14:07:17,748 WARNING:main.py:418:setup_molecule:Multiple occupancies found: CD1 in ILE B 54.
2024-02-28 14:07:17,748 WARNING:main.py:424:setup_molecule:Multiple occupancies found in ILE B 54. At least one of the instances is being ignored.
2024-02-28 14:07:19,951 WARNING:debump.py:172:debump_biomolecule:WARNING: Unable to debump ARG B 41
2024-02-28 14:07:20,501 WARNING:main.py:311:print_pqr:Ignoring 2243 header lines in output.
2024-02-28 14:07:20,501 WARNING:main.py:315:print_pqr:Ignoring 44 missing lines in output.
