2024-02-28 14:07:16,934 WARNING:biomolecule.py:992:create_residue:Unable to find amino or nucleic acid definition for MMA.  Parsing as new residue.
2024-02-28 14:07:16,943 WARNING:biomolecule.py:992:create_residue:Unable to find amino or nucleic acid definition for GLA.  Parsing as new residue.
2024-02-28 14:07:16,943 WARNING:biomolecule.py:992:create_residue:Unable to find amino or nucleic acid definition for ABE.  Parsing as new residue.
2024-02-28 14:07:16,976 WARNING:biomolecule.py:157:num_missing_heavy:Missing atom CB in residue GLN H 293
2024-02-28 14:07:16,976 WARNING:biomolecule.py:157:num_missing_heavy:Missing atom CG in residue GLN H 293
2024-02-28 14:07:16,976 WARNING:biomolecule.py:157:num_missing_heavy:Missing atom CD in residue GLN H 293
2024-02-28 14:07:16,976 WARNING:biomolecule.py:157:num_missing_heavy:Missing atom OE1 in residue GLN H 293
2024-02-28 14:07:16,976 WARNING:biomolecule.py:157:num_missing_heavy:Missing atom NE2 in residue GLN H 293
2024-02-28 14:07:16,976 WARNING:biomolecule.py:157:num_missing_heavy:Missing atom CA in residue SER H 383
2024-02-28 14:07:16,989 WARNING:biomolecule.py:157:num_missing_heavy:Missing atom C in residue SER H 383
2024-02-28 14:07:16,989 WARNING:biomolecule.py:157:num_missing_heavy:Missing atom O in residue SER H 383
2024-02-28 14:07:16,989 WARNING:biomolecule.py:157:num_missing_heavy:Missing atom CB in residue SER H 383
2024-02-28 14:07:16,989 WARNING:biomolecule.py:157:num_missing_heavy:Missing atom OG in residue SER H 383
2024-02-28 14:07:16,990 WARNING:biomolecule.py:157:num_missing_heavy:Missing atom OG in residue SER H 440
2024-02-28 14:07:16,990 WARNING:biomolecule.py:157:num_missing_heavy:Missing atom CB in residue GLU H 446
2024-02-28 14:07:16,990 WARNING:biomolecule.py:157:num_missing_heavy:Missing atom CG in residue GLU H 446
2024-02-28 14:07:16,990 WARNING:biomolecule.py:157:num_missing_heavy:Missing atom CD in residue GLU H 446
2024-02-28 14:07:16,990 WARNING:biomolecule.py:157:num_missing_heavy:Missing atom OE1 in residue GLU H 446
2024-02-28 14:07:16,990 WARNING:biomolecule.py:157:num_missing_heavy:Missing atom OE2 in residue GLU H 446
2024-02-28 14:07:16,990 WARNING:biomolecule.py:157:num_missing_heavy:Missing atom OXT in residue ARG H 468
2024-02-28 14:07:16,990 WARNING:biomolecule.py:157:num_missing_heavy:Missing atom CB in residue GLN L 1
2024-02-28 14:07:16,990 WARNING:biomolecule.py:157:num_missing_heavy:Missing atom CG in residue GLN L 1
2024-02-28 14:07:16,990 WARNING:biomolecule.py:157:num_missing_heavy:Missing atom CD in residue GLN L 1
2024-02-28 14:07:16,990 WARNING:biomolecule.py:157:num_missing_heavy:Missing atom OE1 in residue GLN L 1
2024-02-28 14:07:16,990 WARNING:biomolecule.py:157:num_missing_heavy:Missing atom NE2 in residue GLN L 1
2024-02-28 14:07:16,991 WARNING:biomolecule.py:157:num_missing_heavy:Missing atom CB in residue ASN L 131
2024-02-28 14:07:16,991 WARNING:biomolecule.py:157:num_missing_heavy:Missing atom CG in residue ASN L 131
2024-02-28 14:07:16,991 WARNING:biomolecule.py:157:num_missing_heavy:Missing atom OD1 in residue ASN L 131
2024-02-28 14:07:16,991 WARNING:biomolecule.py:157:num_missing_heavy:Missing atom ND2 in residue ASN L 131
2024-02-28 14:07:16,991 WARNING:biomolecule.py:157:num_missing_heavy:Missing atom CB in residue GLN L 160
2024-02-28 14:07:16,991 WARNING:biomolecule.py:157:num_missing_heavy:Missing atom CG in residue GLN L 160
2024-02-28 14:07:16,991 WARNING:biomolecule.py:157:num_missing_heavy:Missing atom CD in residue GLN L 160
2024-02-28 14:07:16,991 WARNING:biomolecule.py:157:num_missing_heavy:Missing atom OE1 in residue GLN L 160
2024-02-28 14:07:16,991 WARNING:biomolecule.py:157:num_missing_heavy:Missing atom NE2 in residue GLN L 160
2024-02-28 14:07:16,991 WARNING:biomolecule.py:157:num_missing_heavy:Missing atom CB in residue ARG L 186
2024-02-28 14:07:16,991 WARNING:biomolecule.py:157:num_missing_heavy:Missing atom CG in residue ARG L 186
2024-02-28 14:07:16,991 WARNING:biomolecule.py:157:num_missing_heavy:Missing atom CD in residue ARG L 186
2024-02-28 14:07:16,991 WARNING:biomolecule.py:157:num_missing_heavy:Missing atom NE in residue ARG L 186
2024-02-28 14:07:16,991 WARNING:biomolecule.py:157:num_missing_heavy:Missing atom CZ in residue ARG L 186
2024-02-28 14:07:16,991 WARNING:biomolecule.py:157:num_missing_heavy:Missing atom NH1 in residue ARG L 186
2024-02-28 14:07:16,992 WARNING:biomolecule.py:157:num_missing_heavy:Missing atom NH2 in residue ARG L 186
2024-02-28 14:07:16,992 WARNING:biomolecule.py:157:num_missing_heavy:Missing atom CB in residue ALA L 212
2024-02-28 14:07:16,992 WARNING:biomolecule.py:157:num_missing_heavy:Missing atom OXT in residue ALA L 212
2024-02-28 14:07:16,992 WARNING:biomolecule.py:157:num_missing_heavy:Missing atom CB in residue GLN H 293
2024-02-28 14:07:16,992 WARNING:biomolecule.py:157:num_missing_heavy:Missing atom CG in residue GLN H 293
2024-02-28 14:07:16,992 WARNING:biomolecule.py:157:num_missing_heavy:Missing atom CD in residue GLN H 293
2024-02-28 14:07:16,992 WARNING:biomolecule.py:157:num_missing_heavy:Missing atom OE1 in residue GLN H 293
2024-02-28 14:07:16,992 WARNING:biomolecule.py:157:num_missing_heavy:Missing atom NE2 in residue GLN H 293
2024-02-28 14:07:16,992 WARNING:biomolecule.py:157:num_missing_heavy:Missing atom CA in residue SER H 383
2024-02-28 14:07:16,992 WARNING:biomolecule.py:157:num_missing_heavy:Missing atom C in residue SER H 383
2024-02-28 14:07:16,992 WARNING:biomolecule.py:157:num_missing_heavy:Missing atom O in residue SER H 383
2024-02-28 14:07:16,993 WARNING:biomolecule.py:157:num_missing_heavy:Missing atom CB in residue SER H 383
2024-02-28 14:07:16,993 WARNING:biomolecule.py:157:num_missing_heavy:Missing atom OG in residue SER H 383
2024-02-28 14:07:16,993 WARNING:biomolecule.py:157:num_missing_heavy:Missing atom OG in residue SER H 440
2024-02-28 14:07:16,993 WARNING:biomolecule.py:157:num_missing_heavy:Missing atom CB in residue GLU H 446
2024-02-28 14:07:16,993 WARNING:biomolecule.py:157:num_missing_heavy:Missing atom CG in residue GLU H 446
2024-02-28 14:07:16,993 WARNING:biomolecule.py:157:num_missing_heavy:Missing atom CD in residue GLU H 446
2024-02-28 14:07:16,993 WARNING:biomolecule.py:157:num_missing_heavy:Missing atom OE1 in residue GLU H 446
2024-02-28 14:07:16,993 WARNING:biomolecule.py:157:num_missing_heavy:Missing atom OE2 in residue GLU H 446
2024-02-28 14:07:16,993 WARNING:biomolecule.py:157:num_missing_heavy:Missing atom OXT in residue ARG H 468
2024-02-28 14:07:16,993 WARNING:biomolecule.py:157:num_missing_heavy:Missing atom CB in residue GLN L 1
2024-02-28 14:07:16,993 WARNING:biomolecule.py:157:num_missing_heavy:Missing atom CG in residue GLN L 1
2024-02-28 14:07:16,993 WARNING:biomolecule.py:157:num_missing_heavy:Missing atom CD in residue GLN L 1
2024-02-28 14:07:16,993 WARNING:biomolecule.py:157:num_missing_heavy:Missing atom OE1 in residue GLN L 1
2024-02-28 14:07:16,993 WARNING:biomolecule.py:157:num_missing_heavy:Missing atom NE2 in residue GLN L 1
2024-02-28 14:07:16,994 WARNING:biomolecule.py:157:num_missing_heavy:Missing atom CB in residue ASN L 131
2024-02-28 14:07:16,994 WARNING:biomolecule.py:157:num_missing_heavy:Missing atom CG in residue ASN L 131
2024-02-28 14:07:16,994 WARNING:biomolecule.py:157:num_missing_heavy:Missing atom OD1 in residue ASN L 131
2024-02-28 14:07:16,994 WARNING:biomolecule.py:157:num_missing_heavy:Missing atom ND2 in residue ASN L 131
2024-02-28 14:07:16,994 WARNING:biomolecule.py:157:num_missing_heavy:Missing atom CB in residue GLN L 160
2024-02-28 14:07:16,994 WARNING:biomolecule.py:157:num_missing_heavy:Missing atom CG in residue GLN L 160
2024-02-28 14:07:16,994 WARNING:biomolecule.py:157:num_missing_heavy:Missing atom CD in residue GLN L 160
2024-02-28 14:07:16,994 WARNING:biomolecule.py:157:num_missing_heavy:Missing atom OE1 in residue GLN L 160
2024-02-28 14:07:16,994 WARNING:biomolecule.py:157:num_missing_heavy:Missing atom NE2 in residue GLN L 160
2024-02-28 14:07:16,994 WARNING:biomolecule.py:157:num_missing_heavy:Missing atom CB in residue ARG L 186
2024-02-28 14:07:16,994 WARNING:biomolecule.py:157:num_missing_heavy:Missing atom CG in residue ARG L 186
2024-02-28 14:07:16,994 WARNING:biomolecule.py:157:num_missing_heavy:Missing atom CD in residue ARG L 186
2024-02-28 14:07:16,994 WARNING:biomolecule.py:157:num_missing_heavy:Missing atom NE in residue ARG L 186
2024-02-28 14:07:16,994 WARNING:biomolecule.py:157:num_missing_heavy:Missing atom CZ in residue ARG L 186
2024-02-28 14:07:16,994 WARNING:biomolecule.py:157:num_missing_heavy:Missing atom NH1 in residue ARG L 186
2024-02-28 14:07:16,994 WARNING:biomolecule.py:157:num_missing_heavy:Missing atom NH2 in residue ARG L 186
2024-02-28 14:07:16,994 WARNING:biomolecule.py:157:num_missing_heavy:Missing atom CB in residue ALA L 212
2024-02-28 14:07:16,995 WARNING:biomolecule.py:157:num_missing_heavy:Missing atom OXT in residue ALA L 212
2024-02-28 14:07:16,995 WARNING:biomolecule.py:157:num_missing_heavy:Missing atom CB in residue GLN H 293
2024-02-28 14:07:16,995 WARNING:biomolecule.py:157:num_missing_heavy:Missing atom CG in residue GLN H 293
2024-02-28 14:07:16,995 WARNING:biomolecule.py:157:num_missing_heavy:Missing atom CD in residue GLN H 293
2024-02-28 14:07:16,995 WARNING:biomolecule.py:157:num_missing_heavy:Missing atom OE1 in residue GLN H 293
2024-02-28 14:07:16,995 WARNING:biomolecule.py:157:num_missing_heavy:Missing atom NE2 in residue GLN H 293
2024-02-28 14:07:16,995 WARNING:biomolecule.py:157:num_missing_heavy:Missing atom CA in residue SER H 383
2024-02-28 14:07:16,995 WARNING:biomolecule.py:157:num_missing_heavy:Missing atom C in residue SER H 383
2024-02-28 14:07:16,995 WARNING:biomolecule.py:157:num_missing_heavy:Missing atom O in residue SER H 383
2024-02-28 14:07:16,995 WARNING:biomolecule.py:157:num_missing_heavy:Missing atom CB in residue SER H 383
2024-02-28 14:07:16,995 WARNING:biomolecule.py:157:num_missing_heavy:Missing atom OG in residue SER H 383
2024-02-28 14:07:16,996 WARNING:biomolecule.py:157:num_missing_heavy:Missing atom OG in residue SER H 440
2024-02-28 14:07:16,996 WARNING:biomolecule.py:157:num_missing_heavy:Missing atom CB in residue GLU H 446
2024-02-28 14:07:17,007 WARNING:biomolecule.py:157:num_missing_heavy:Missing atom CG in residue GLU H 446
2024-02-28 14:07:17,007 WARNING:biomolecule.py:157:num_missing_heavy:Missing atom CD in residue GLU H 446
2024-02-28 14:07:17,007 WARNING:biomolecule.py:157:num_missing_heavy:Missing atom OE1 in residue GLU H 446
2024-02-28 14:07:17,007 WARNING:biomolecule.py:157:num_missing_heavy:Missing atom OE2 in residue GLU H 446
2024-02-28 14:07:17,008 WARNING:biomolecule.py:157:num_missing_heavy:Missing atom OXT in residue ARG H 468
2024-02-28 14:07:17,008 WARNING:biomolecule.py:157:num_missing_heavy:Missing atom CB in residue GLN L 1
2024-02-28 14:07:17,008 WARNING:biomolecule.py:157:num_missing_heavy:Missing atom CG in residue GLN L 1
2024-02-28 14:07:17,008 WARNING:biomolecule.py:157:num_missing_heavy:Missing atom CD in residue GLN L 1
2024-02-28 14:07:17,008 WARNING:biomolecule.py:157:num_missing_heavy:Missing atom OE1 in residue GLN L 1
2024-02-28 14:07:17,008 WARNING:biomolecule.py:157:num_missing_heavy:Missing atom NE2 in residue GLN L 1
2024-02-28 14:07:17,008 WARNING:biomolecule.py:157:num_missing_heavy:Missing atom CB in residue ASN L 131
2024-02-28 14:07:17,008 WARNING:biomolecule.py:157:num_missing_heavy:Missing atom CG in residue ASN L 131
2024-02-28 14:07:17,008 WARNING:biomolecule.py:157:num_missing_heavy:Missing atom OD1 in residue ASN L 131
2024-02-28 14:07:17,008 WARNING:biomolecule.py:157:num_missing_heavy:Missing atom ND2 in residue ASN L 131
2024-02-28 14:07:17,009 WARNING:biomolecule.py:157:num_missing_heavy:Missing atom CB in residue GLN L 160
2024-02-28 14:07:17,009 WARNING:biomolecule.py:157:num_missing_heavy:Missing atom CG in residue GLN L 160
2024-02-28 14:07:17,009 WARNING:biomolecule.py:157:num_missing_heavy:Missing atom CD in residue GLN L 160
2024-02-28 14:07:17,009 WARNING:biomolecule.py:157:num_missing_heavy:Missing atom OE1 in residue GLN L 160
2024-02-28 14:07:17,009 WARNING:biomolecule.py:157:num_missing_heavy:Missing atom NE2 in residue GLN L 160
2024-02-28 14:07:17,009 WARNING:biomolecule.py:157:num_missing_heavy:Missing atom CB in residue ARG L 186
2024-02-28 14:07:17,009 WARNING:biomolecule.py:157:num_missing_heavy:Missing atom CG in residue ARG L 186
2024-02-28 14:07:17,009 WARNING:biomolecule.py:157:num_missing_heavy:Missing atom CD in residue ARG L 186
2024-02-28 14:07:17,009 WARNING:biomolecule.py:157:num_missing_heavy:Missing atom NE in residue ARG L 186
2024-02-28 14:07:17,009 WARNING:biomolecule.py:157:num_missing_heavy:Missing atom CZ in residue ARG L 186
2024-02-28 14:07:17,009 WARNING:biomolecule.py:157:num_missing_heavy:Missing atom NH1 in residue ARG L 186
2024-02-28 14:07:17,009 WARNING:biomolecule.py:157:num_missing_heavy:Missing atom NH2 in residue ARG L 186
2024-02-28 14:07:17,009 WARNING:biomolecule.py:157:num_missing_heavy:Missing atom CB in residue ALA L 212
2024-02-28 14:07:17,009 WARNING:biomolecule.py:157:num_missing_heavy:Missing atom OXT in residue ALA L 212
2024-02-28 14:07:17,263 WARNING:debump.py:172:debump_biomolecule:WARNING: Unable to debump SER H 383
2024-02-28 14:07:19,326 WARNING:debump.py:172:debump_biomolecule:WARNING: Unable to debump PRO H 291
2024-02-28 14:07:20,049 WARNING:debump.py:172:debump_biomolecule:WARNING: Unable to debump PRO H 381
2024-02-28 14:07:20,463 WARNING:debump.py:172:debump_biomolecule:WARNING: Unable to debump SER H 383
2024-02-28 14:07:22,944 WARNING:main.py:311:print_pqr:Ignoring 1781 header lines in output.
2024-02-28 14:07:22,944 WARNING:main.py:315:print_pqr:Ignoring 33 missing lines in output.
