2024-02-28 14:07:18,266 WARNING:biomolecule.py:992:create_residue:Unable to find amino or nucleic acid definition for TYS.  Parsing as new residue.
2024-02-28 14:07:18,273 WARNING:biomolecule.py:992:create_residue:Unable to find amino or nucleic acid definition for NAG.  Parsing as new residue.
2024-02-28 14:07:18,273 WARNING:biomolecule.py:992:create_residue:Unable to find amino or nucleic acid definition for NAG.  Parsing as new residue.
2024-02-28 14:07:18,273 WARNING:biomolecule.py:992:create_residue:Unable to find amino or nucleic acid definition for NA.  Parsing as new residue.
2024-02-28 14:07:18,274 WARNING:biomolecule.py:992:create_residue:Unable to find amino or nucleic acid definition for NA.  Parsing as new residue.
2024-02-28 14:07:18,274 WARNING:biomolecule.py:992:create_residue:Unable to find amino or nucleic acid definition for IGN.  Parsing as new residue.
2024-02-28 14:07:18,281 WARNING:biomolecule.py:615:update_bonds:Gap in backbone detected between THR H 147 and GLY H 150!
2024-02-28 14:07:18,863 WARNING:biomolecule.py:157:num_missing_heavy:Missing atom OXT in residue GLN H 244
2024-02-28 14:07:18,863 WARNING:biomolecule.py:157:num_missing_heavy:Missing atom CB in residue GLU I 61
2024-02-28 14:07:18,864 WARNING:biomolecule.py:157:num_missing_heavy:Missing atom CG in residue GLU I 61
2024-02-28 14:07:18,864 WARNING:biomolecule.py:157:num_missing_heavy:Missing atom CD in residue GLU I 61
2024-02-28 14:07:18,864 WARNING:biomolecule.py:157:num_missing_heavy:Missing atom OE1 in residue GLU I 61
2024-02-28 14:07:18,864 WARNING:biomolecule.py:157:num_missing_heavy:Missing atom OE2 in residue GLU I 61
2024-02-28 14:07:18,864 WARNING:biomolecule.py:157:num_missing_heavy:Missing atom OXT in residue ILE L 14K
2024-02-28 14:07:18,865 WARNING:biomolecule.py:157:num_missing_heavy:Missing atom OXT in residue GLN H 244
2024-02-28 14:07:18,865 WARNING:biomolecule.py:157:num_missing_heavy:Missing atom CB in residue GLU I 61
2024-02-28 14:07:18,865 WARNING:biomolecule.py:157:num_missing_heavy:Missing atom CG in residue GLU I 61
2024-02-28 14:07:18,865 WARNING:biomolecule.py:157:num_missing_heavy:Missing atom CD in residue GLU I 61
2024-02-28 14:07:18,865 WARNING:biomolecule.py:157:num_missing_heavy:Missing atom OE1 in residue GLU I 61
2024-02-28 14:07:18,865 WARNING:biomolecule.py:157:num_missing_heavy:Missing atom OE2 in residue GLU I 61
2024-02-28 14:07:18,869 WARNING:biomolecule.py:157:num_missing_heavy:Missing atom OXT in residue ILE L 14K
2024-02-28 14:07:18,870 WARNING:biomolecule.py:157:num_missing_heavy:Missing atom OXT in residue GLN H 244
2024-02-28 14:07:18,870 WARNING:biomolecule.py:157:num_missing_heavy:Missing atom CB in residue GLU I 61
2024-02-28 14:07:18,870 WARNING:biomolecule.py:157:num_missing_heavy:Missing atom CG in residue GLU I 61
2024-02-28 14:07:18,870 WARNING:biomolecule.py:157:num_missing_heavy:Missing atom CD in residue GLU I 61
2024-02-28 14:07:18,870 WARNING:biomolecule.py:157:num_missing_heavy:Missing atom OE1 in residue GLU I 61
2024-02-28 14:07:18,870 WARNING:biomolecule.py:157:num_missing_heavy:Missing atom OE2 in residue GLU I 61
2024-02-28 14:07:18,870 WARNING:biomolecule.py:157:num_missing_heavy:Missing atom OXT in residue ILE L 14K
2024-02-28 14:07:23,258 WARNING:main.py:311:print_pqr:Ignoring 3248 header lines in output.
2024-02-28 14:07:23,258 WARNING:main.py:315:print_pqr:Ignoring 77 missing lines in output.
