2024-02-28 14:07:18,074 WARNING:biomolecule.py:157:num_missing_heavy:Missing atom CG in residue GLN A 4
2024-02-28 14:07:18,075 WARNING:biomolecule.py:157:num_missing_heavy:Missing atom CD in residue GLN A 4
2024-02-28 14:07:18,075 WARNING:biomolecule.py:157:num_missing_heavy:Missing atom OE1 in residue GLN A 4
2024-02-28 14:07:18,075 WARNING:biomolecule.py:157:num_missing_heavy:Missing atom NE2 in residue GLN A 4
2024-02-28 14:07:18,075 WARNING:biomolecule.py:157:num_missing_heavy:Missing atom CG in residue LYS A 110
2024-02-28 14:07:18,075 WARNING:biomolecule.py:157:num_missing_heavy:Missing atom CD in residue LYS A 110
2024-02-28 14:07:18,075 WARNING:biomolecule.py:157:num_missing_heavy:Missing atom CE in residue LYS A 110
2024-02-28 14:07:18,075 WARNING:biomolecule.py:157:num_missing_heavy:Missing atom NZ in residue LYS A 110
2024-02-28 14:07:18,075 WARNING:biomolecule.py:157:num_missing_heavy:Missing atom CG in residue LYS A 176
2024-02-28 14:07:18,075 WARNING:biomolecule.py:157:num_missing_heavy:Missing atom CD in residue LYS A 176
2024-02-28 14:07:18,075 WARNING:biomolecule.py:157:num_missing_heavy:Missing atom CE in residue LYS A 176
2024-02-28 14:07:18,076 WARNING:biomolecule.py:157:num_missing_heavy:Missing atom NZ in residue LYS A 176
2024-02-28 14:07:18,076 WARNING:biomolecule.py:157:num_missing_heavy:Missing atom CG in residue GLU A 177
2024-02-28 14:07:18,076 WARNING:biomolecule.py:157:num_missing_heavy:Missing atom CD in residue GLU A 177
2024-02-28 14:07:18,076 WARNING:biomolecule.py:157:num_missing_heavy:Missing atom OE1 in residue GLU A 177
2024-02-28 14:07:18,076 WARNING:biomolecule.py:157:num_missing_heavy:Missing atom OE2 in residue GLU A 177
2024-02-28 14:07:18,076 WARNING:biomolecule.py:157:num_missing_heavy:Missing atom CG in residue LYS A 188
2024-02-28 14:07:18,076 WARNING:biomolecule.py:157:num_missing_heavy:Missing atom CD in residue LYS A 188
2024-02-28 14:07:18,076 WARNING:biomolecule.py:157:num_missing_heavy:Missing atom CE in residue LYS A 188
2024-02-28 14:07:18,076 WARNING:biomolecule.py:157:num_missing_heavy:Missing atom NZ in residue LYS A 188
2024-02-28 14:07:18,076 WARNING:biomolecule.py:157:num_missing_heavy:Missing atom CG in residue LYS A 189
2024-02-28 14:07:18,076 WARNING:biomolecule.py:157:num_missing_heavy:Missing atom CD in residue LYS A 189
2024-02-28 14:07:18,076 WARNING:biomolecule.py:157:num_missing_heavy:Missing atom CE in residue LYS A 189
2024-02-28 14:07:18,076 WARNING:biomolecule.py:157:num_missing_heavy:Missing atom NZ in residue LYS A 189
2024-02-28 14:07:18,076 WARNING:biomolecule.py:157:num_missing_heavy:Missing atom CG in residue LYS A 228
2024-02-28 14:07:18,076 WARNING:biomolecule.py:157:num_missing_heavy:Missing atom CD in residue LYS A 228
2024-02-28 14:07:18,076 WARNING:biomolecule.py:157:num_missing_heavy:Missing atom CE in residue LYS A 228
2024-02-28 14:07:18,076 WARNING:biomolecule.py:157:num_missing_heavy:Missing atom NZ in residue LYS A 228
2024-02-28 14:07:18,076 WARNING:biomolecule.py:157:num_missing_heavy:Missing atom CG in residue GLN A 4
2024-02-28 14:07:18,076 WARNING:biomolecule.py:157:num_missing_heavy:Missing atom CD in residue GLN A 4
2024-02-28 14:07:18,076 WARNING:biomolecule.py:157:num_missing_heavy:Missing atom OE1 in residue GLN A 4
2024-02-28 14:07:18,077 WARNING:biomolecule.py:157:num_missing_heavy:Missing atom NE2 in residue GLN A 4
2024-02-28 14:07:18,077 WARNING:biomolecule.py:157:num_missing_heavy:Missing atom CG in residue LYS A 110
2024-02-28 14:07:18,077 WARNING:biomolecule.py:157:num_missing_heavy:Missing atom CD in residue LYS A 110
2024-02-28 14:07:18,077 WARNING:biomolecule.py:157:num_missing_heavy:Missing atom CE in residue LYS A 110
2024-02-28 14:07:18,077 WARNING:biomolecule.py:157:num_missing_heavy:Missing atom NZ in residue LYS A 110
2024-02-28 14:07:18,077 WARNING:biomolecule.py:157:num_missing_heavy:Missing atom CG in residue LYS A 176
2024-02-28 14:07:18,077 WARNING:biomolecule.py:157:num_missing_heavy:Missing atom CD in residue LYS A 176
2024-02-28 14:07:18,077 WARNING:biomolecule.py:157:num_missing_heavy:Missing atom CE in residue LYS A 176
2024-02-28 14:07:18,077 WARNING:biomolecule.py:157:num_missing_heavy:Missing atom NZ in residue LYS A 176
2024-02-28 14:07:18,077 WARNING:biomolecule.py:157:num_missing_heavy:Missing atom CG in residue GLU A 177
2024-02-28 14:07:18,077 WARNING:biomolecule.py:157:num_missing_heavy:Missing atom CD in residue GLU A 177
2024-02-28 14:07:18,077 WARNING:biomolecule.py:157:num_missing_heavy:Missing atom OE1 in residue GLU A 177
2024-02-28 14:07:18,078 WARNING:biomolecule.py:157:num_missing_heavy:Missing atom OE2 in residue GLU A 177
2024-02-28 14:07:18,078 WARNING:biomolecule.py:157:num_missing_heavy:Missing atom CG in residue LYS A 188
2024-02-28 14:07:18,078 WARNING:biomolecule.py:157:num_missing_heavy:Missing atom CD in residue LYS A 188
2024-02-28 14:07:18,078 WARNING:biomolecule.py:157:num_missing_heavy:Missing atom CE in residue LYS A 188
2024-02-28 14:07:18,078 WARNING:biomolecule.py:157:num_missing_heavy:Missing atom NZ in residue LYS A 188
2024-02-28 14:07:18,078 WARNING:biomolecule.py:157:num_missing_heavy:Missing atom CG in residue LYS A 189
2024-02-28 14:07:18,078 WARNING:biomolecule.py:157:num_missing_heavy:Missing atom CD in residue LYS A 189
2024-02-28 14:07:18,078 WARNING:biomolecule.py:157:num_missing_heavy:Missing atom CE in residue LYS A 189
2024-02-28 14:07:18,078 WARNING:biomolecule.py:157:num_missing_heavy:Missing atom NZ in residue LYS A 189
2024-02-28 14:07:18,078 WARNING:biomolecule.py:157:num_missing_heavy:Missing atom CG in residue LYS A 228
2024-02-28 14:07:18,078 WARNING:biomolecule.py:157:num_missing_heavy:Missing atom CD in residue LYS A 228
2024-02-28 14:07:18,078 WARNING:biomolecule.py:157:num_missing_heavy:Missing atom CE in residue LYS A 228
2024-02-28 14:07:18,078 WARNING:biomolecule.py:157:num_missing_heavy:Missing atom NZ in residue LYS A 228
2024-02-28 14:07:18,078 WARNING:biomolecule.py:157:num_missing_heavy:Missing atom CG in residue GLN A 4
2024-02-28 14:07:18,078 WARNING:biomolecule.py:157:num_missing_heavy:Missing atom CD in residue GLN A 4
2024-02-28 14:07:18,078 WARNING:biomolecule.py:157:num_missing_heavy:Missing atom OE1 in residue GLN A 4
2024-02-28 14:07:18,078 WARNING:biomolecule.py:157:num_missing_heavy:Missing atom NE2 in residue GLN A 4
2024-02-28 14:07:18,079 WARNING:biomolecule.py:157:num_missing_heavy:Missing atom CG in residue LYS A 110
2024-02-28 14:07:18,079 WARNING:biomolecule.py:157:num_missing_heavy:Missing atom CD in residue LYS A 110
2024-02-28 14:07:18,079 WARNING:biomolecule.py:157:num_missing_heavy:Missing atom CE in residue LYS A 110
2024-02-28 14:07:18,079 WARNING:biomolecule.py:157:num_missing_heavy:Missing atom NZ in residue LYS A 110
2024-02-28 14:07:18,079 WARNING:biomolecule.py:157:num_missing_heavy:Missing atom CG in residue LYS A 176
2024-02-28 14:07:18,079 WARNING:biomolecule.py:157:num_missing_heavy:Missing atom CD in residue LYS A 176
2024-02-28 14:07:18,079 WARNING:biomolecule.py:157:num_missing_heavy:Missing atom CE in residue LYS A 176
2024-02-28 14:07:18,079 WARNING:biomolecule.py:157:num_missing_heavy:Missing atom NZ in residue LYS A 176
2024-02-28 14:07:18,079 WARNING:biomolecule.py:157:num_missing_heavy:Missing atom CG in residue GLU A 177
2024-02-28 14:07:18,079 WARNING:biomolecule.py:157:num_missing_heavy:Missing atom CD in residue GLU A 177
2024-02-28 14:07:18,079 WARNING:biomolecule.py:157:num_missing_heavy:Missing atom OE1 in residue GLU A 177
2024-02-28 14:07:18,079 WARNING:biomolecule.py:157:num_missing_heavy:Missing atom OE2 in residue GLU A 177
2024-02-28 14:07:18,079 WARNING:biomolecule.py:157:num_missing_heavy:Missing atom CG in residue LYS A 188
2024-02-28 14:07:18,079 WARNING:biomolecule.py:157:num_missing_heavy:Missing atom CD in residue LYS A 188
2024-02-28 14:07:18,079 WARNING:biomolecule.py:157:num_missing_heavy:Missing atom CE in residue LYS A 188
2024-02-28 14:07:18,079 WARNING:biomolecule.py:157:num_missing_heavy:Missing atom NZ in residue LYS A 188
2024-02-28 14:07:18,079 WARNING:biomolecule.py:157:num_missing_heavy:Missing atom CG in residue LYS A 189
2024-02-28 14:07:18,079 WARNING:biomolecule.py:157:num_missing_heavy:Missing atom CD in residue LYS A 189
2024-02-28 14:07:18,079 WARNING:biomolecule.py:157:num_missing_heavy:Missing atom CE in residue LYS A 189
2024-02-28 14:07:18,080 WARNING:biomolecule.py:157:num_missing_heavy:Missing atom NZ in residue LYS A 189
2024-02-28 14:07:18,080 WARNING:biomolecule.py:157:num_missing_heavy:Missing atom CG in residue LYS A 228
2024-02-28 14:07:18,080 WARNING:biomolecule.py:157:num_missing_heavy:Missing atom CD in residue LYS A 228
2024-02-28 14:07:18,080 WARNING:biomolecule.py:157:num_missing_heavy:Missing atom CE in residue LYS A 228
2024-02-28 14:07:18,080 WARNING:biomolecule.py:157:num_missing_heavy:Missing atom NZ in residue LYS A 228
2024-02-28 14:07:20,345 WARNING:main.py:311:print_pqr:Ignoring 793 header lines in output.
2024-02-28 14:07:20,346 WARNING:main.py:315:print_pqr:Ignoring 1 missing lines in output.
