2024-02-28 14:07:17,738 WARNING:biomolecule.py:992:create_residue:Unable to find amino or nucleic acid definition for GMP.  Parsing as new residue.
2024-02-28 14:07:17,754 WARNING:main.py:418:setup_molecule:Multiple occupancies found: N in SER A 86.
2024-02-28 14:07:17,754 WARNING:main.py:418:setup_molecule:Multiple occupancies found: CA in SER A 86.
2024-02-28 14:07:17,754 WARNING:main.py:418:setup_molecule:Multiple occupancies found: C in SER A 86.
2024-02-28 14:07:17,754 WARNING:main.py:418:setup_molecule:Multiple occupancies found: O in SER A 86.
2024-02-28 14:07:17,754 WARNING:main.py:418:setup_molecule:Multiple occupancies found: CB in SER A 86.
2024-02-28 14:07:17,754 WARNING:main.py:418:setup_molecule:Multiple occupancies found: OG in SER A 86.
2024-02-28 14:07:17,754 WARNING:main.py:424:setup_molecule:Multiple occupancies found in SER A 86. At least one of the instances is being ignored.
2024-02-28 14:07:17,754 WARNING:main.py:418:setup_molecule:Multiple occupancies found: N in LYS A 103.
2024-02-28 14:07:17,754 WARNING:main.py:418:setup_molecule:Multiple occupancies found: CA in LYS A 103.
2024-02-28 14:07:17,754 WARNING:main.py:418:setup_molecule:Multiple occupancies found: C in LYS A 103.
2024-02-28 14:07:17,754 WARNING:main.py:418:setup_molecule:Multiple occupancies found: O in LYS A 103.
2024-02-28 14:07:17,754 WARNING:main.py:418:setup_molecule:Multiple occupancies found: CB in LYS A 103.
2024-02-28 14:07:17,754 WARNING:main.py:418:setup_molecule:Multiple occupancies found: CG in LYS A 103.
2024-02-28 14:07:17,754 WARNING:main.py:418:setup_molecule:Multiple occupancies found: CD in LYS A 103.
2024-02-28 14:07:17,754 WARNING:main.py:418:setup_molecule:Multiple occupancies found: CE in LYS A 103.
2024-02-28 14:07:17,754 WARNING:main.py:418:setup_molecule:Multiple occupancies found: NZ in LYS A 103.
2024-02-28 14:07:17,754 WARNING:main.py:424:setup_molecule:Multiple occupancies found in LYS A 103. At least one of the instances is being ignored.
2024-02-28 14:07:17,754 WARNING:main.py:418:setup_molecule:Multiple occupancies found: N in VAL A 106.
2024-02-28 14:07:17,754 WARNING:main.py:418:setup_molecule:Multiple occupancies found: CA in VAL A 106.
2024-02-28 14:07:17,754 WARNING:main.py:418:setup_molecule:Multiple occupancies found: C in VAL A 106.
2024-02-28 14:07:17,754 WARNING:main.py:418:setup_molecule:Multiple occupancies found: O in VAL A 106.
2024-02-28 14:07:17,754 WARNING:main.py:418:setup_molecule:Multiple occupancies found: CB in VAL A 106.
2024-02-28 14:07:17,754 WARNING:main.py:418:setup_molecule:Multiple occupancies found: CG1 in VAL A 106.
2024-02-28 14:07:17,755 WARNING:main.py:418:setup_molecule:Multiple occupancies found: CG2 in VAL A 106.
2024-02-28 14:07:17,755 WARNING:main.py:424:setup_molecule:Multiple occupancies found in VAL A 106. At least one of the instances is being ignored.
2024-02-28 14:07:17,755 WARNING:main.py:418:setup_molecule:Multiple occupancies found: N in ASP A 115.
2024-02-28 14:07:17,755 WARNING:main.py:418:setup_molecule:Multiple occupancies found: CA in ASP A 115.
2024-02-28 14:07:17,755 WARNING:main.py:418:setup_molecule:Multiple occupancies found: C in ASP A 115.
2024-02-28 14:07:17,755 WARNING:main.py:418:setup_molecule:Multiple occupancies found: O in ASP A 115.
2024-02-28 14:07:17,755 WARNING:main.py:418:setup_molecule:Multiple occupancies found: CB in ASP A 115.
2024-02-28 14:07:17,755 WARNING:main.py:418:setup_molecule:Multiple occupancies found: CG in ASP A 115.
2024-02-28 14:07:17,755 WARNING:main.py:418:setup_molecule:Multiple occupancies found: OD1 in ASP A 115.
2024-02-28 14:07:17,755 WARNING:main.py:418:setup_molecule:Multiple occupancies found: OD2 in ASP A 115.
2024-02-28 14:07:17,755 WARNING:main.py:424:setup_molecule:Multiple occupancies found in ASP A 115. At least one of the instances is being ignored.
2024-02-28 14:07:17,755 WARNING:main.py:418:setup_molecule:Multiple occupancies found: N in LEU A 155.
2024-02-28 14:07:17,755 WARNING:main.py:418:setup_molecule:Multiple occupancies found: CA in LEU A 155.
2024-02-28 14:07:17,755 WARNING:main.py:418:setup_molecule:Multiple occupancies found: C in LEU A 155.
2024-02-28 14:07:17,755 WARNING:main.py:418:setup_molecule:Multiple occupancies found: O in LEU A 155.
2024-02-28 14:07:17,755 WARNING:main.py:418:setup_molecule:Multiple occupancies found: CB in LEU A 155.
2024-02-28 14:07:17,755 WARNING:main.py:418:setup_molecule:Multiple occupancies found: CG in LEU A 155.
2024-02-28 14:07:17,755 WARNING:main.py:418:setup_molecule:Multiple occupancies found: CD1 in LEU A 155.
2024-02-28 14:07:17,755 WARNING:main.py:418:setup_molecule:Multiple occupancies found: CD2 in LEU A 155.
2024-02-28 14:07:17,755 WARNING:main.py:424:setup_molecule:Multiple occupancies found in LEU A 155. At least one of the instances is being ignored.
2024-02-28 14:07:17,755 WARNING:main.py:418:setup_molecule:Multiple occupancies found: N in MET A 157.
2024-02-28 14:07:17,755 WARNING:main.py:418:setup_molecule:Multiple occupancies found: CA in MET A 157.
2024-02-28 14:07:17,755 WARNING:main.py:418:setup_molecule:Multiple occupancies found: C in MET A 157.
2024-02-28 14:07:17,755 WARNING:main.py:418:setup_molecule:Multiple occupancies found: O in MET A 157.
2024-02-28 14:07:17,755 WARNING:main.py:418:setup_molecule:Multiple occupancies found: CB in MET A 157.
2024-02-28 14:07:17,755 WARNING:main.py:418:setup_molecule:Multiple occupancies found: CG in MET A 157.
2024-02-28 14:07:17,755 WARNING:main.py:418:setup_molecule:Multiple occupancies found: SD in MET A 157.
2024-02-28 14:07:17,755 WARNING:main.py:418:setup_molecule:Multiple occupancies found: CE in MET A 157.
2024-02-28 14:07:17,755 WARNING:main.py:424:setup_molecule:Multiple occupancies found in MET A 157. At least one of the instances is being ignored.
2024-02-28 14:07:17,755 WARNING:main.py:418:setup_molecule:Multiple occupancies found: N in SER A 187.
2024-02-28 14:07:17,755 WARNING:main.py:418:setup_molecule:Multiple occupancies found: CA in SER A 187.
2024-02-28 14:07:17,755 WARNING:main.py:418:setup_molecule:Multiple occupancies found: C in SER A 187.
2024-02-28 14:07:17,756 WARNING:main.py:418:setup_molecule:Multiple occupancies found: O in SER A 187.
2024-02-28 14:07:17,756 WARNING:main.py:418:setup_molecule:Multiple occupancies found: CB in SER A 187.
2024-02-28 14:07:17,756 WARNING:main.py:418:setup_molecule:Multiple occupancies found: OG in SER A 187.
2024-02-28 14:07:17,756 WARNING:main.py:424:setup_molecule:Multiple occupancies found in SER A 187. At least one of the instances is being ignored.
2024-02-28 14:07:17,756 WARNING:main.py:418:setup_molecule:Multiple occupancies found: N in ASN A 228.
2024-02-28 14:07:17,756 WARNING:main.py:418:setup_molecule:Multiple occupancies found: CA in ASN A 228.
2024-02-28 14:07:17,756 WARNING:main.py:418:setup_molecule:Multiple occupancies found: C in ASN A 228.
2024-02-28 14:07:17,756 WARNING:main.py:418:setup_molecule:Multiple occupancies found: O in ASN A 228.
2024-02-28 14:07:17,756 WARNING:main.py:418:setup_molecule:Multiple occupancies found: CB in ASN A 228.
2024-02-28 14:07:17,756 WARNING:main.py:418:setup_molecule:Multiple occupancies found: CG in ASN A 228.
2024-02-28 14:07:17,756 WARNING:main.py:418:setup_molecule:Multiple occupancies found: OD1 in ASN A 228.
2024-02-28 14:07:17,756 WARNING:main.py:418:setup_molecule:Multiple occupancies found: ND2 in ASN A 228.
2024-02-28 14:07:17,756 WARNING:main.py:424:setup_molecule:Multiple occupancies found in ASN A 228. At least one of the instances is being ignored.
2024-02-28 14:07:17,756 WARNING:main.py:418:setup_molecule:Multiple occupancies found: N in VAL A 253.
2024-02-28 14:07:17,756 WARNING:main.py:418:setup_molecule:Multiple occupancies found: CA in VAL A 253.
2024-02-28 14:07:17,756 WARNING:main.py:418:setup_molecule:Multiple occupancies found: C in VAL A 253.
2024-02-28 14:07:17,756 WARNING:main.py:418:setup_molecule:Multiple occupancies found: O in VAL A 253.
2024-02-28 14:07:17,756 WARNING:main.py:418:setup_molecule:Multiple occupancies found: CB in VAL A 253.
2024-02-28 14:07:17,756 WARNING:main.py:418:setup_molecule:Multiple occupancies found: CG1 in VAL A 253.
2024-02-28 14:07:17,756 WARNING:main.py:418:setup_molecule:Multiple occupancies found: CG2 in VAL A 253.
2024-02-28 14:07:17,756 WARNING:main.py:424:setup_molecule:Multiple occupancies found in VAL A 253. At least one of the instances is being ignored.
2024-02-28 14:07:17,756 WARNING:main.py:418:setup_molecule:Multiple occupancies found: N in ILE A 269.
2024-02-28 14:07:17,756 WARNING:main.py:418:setup_molecule:Multiple occupancies found: CA in ILE A 269.
2024-02-28 14:07:17,756 WARNING:main.py:418:setup_molecule:Multiple occupancies found: C in ILE A 269.
2024-02-28 14:07:17,756 WARNING:main.py:418:setup_molecule:Multiple occupancies found: O in ILE A 269.
2024-02-28 14:07:17,756 WARNING:main.py:418:setup_molecule:Multiple occupancies found: CB in ILE A 269.
2024-02-28 14:07:17,756 WARNING:main.py:418:setup_molecule:Multiple occupancies found: CG1 in ILE A 269.
2024-02-28 14:07:17,756 WARNING:main.py:418:setup_molecule:Multiple occupancies found: CG2 in ILE A 269.
2024-02-28 14:07:17,756 WARNING:main.py:418:setup_molecule:Multiple occupancies found: CD1 in ILE A 269.
2024-02-28 14:07:17,756 WARNING:main.py:424:setup_molecule:Multiple occupancies found in ILE A 269. At least one of the instances is being ignored.
2024-02-28 14:07:17,756 WARNING:main.py:418:setup_molecule:Multiple occupancies found: N in MET A 272.
2024-02-28 14:07:17,756 WARNING:main.py:418:setup_molecule:Multiple occupancies found: CA in MET A 272.
2024-02-28 14:07:17,756 WARNING:main.py:418:setup_molecule:Multiple occupancies found: C in MET A 272.
2024-02-28 14:07:17,757 WARNING:main.py:418:setup_molecule:Multiple occupancies found: O in MET A 272.
2024-02-28 14:07:17,757 WARNING:main.py:418:setup_molecule:Multiple occupancies found: CB in MET A 272.
2024-02-28 14:07:17,757 WARNING:main.py:418:setup_molecule:Multiple occupancies found: CG in MET A 272.
2024-02-28 14:07:17,757 WARNING:main.py:418:setup_molecule:Multiple occupancies found: SD in MET A 272.
2024-02-28 14:07:17,757 WARNING:main.py:418:setup_molecule:Multiple occupancies found: CE in MET A 272.
2024-02-28 14:07:17,757 WARNING:main.py:424:setup_molecule:Multiple occupancies found in MET A 272. At least one of the instances is being ignored.
2024-02-28 14:07:17,757 WARNING:main.py:418:setup_molecule:Multiple occupancies found: N in SER A 312.
2024-02-28 14:07:17,757 WARNING:main.py:418:setup_molecule:Multiple occupancies found: CA in SER A 312.
2024-02-28 14:07:17,757 WARNING:main.py:418:setup_molecule:Multiple occupancies found: C in SER A 312.
2024-02-28 14:07:17,757 WARNING:main.py:418:setup_molecule:Multiple occupancies found: O in SER A 312.
2024-02-28 14:07:17,757 WARNING:main.py:418:setup_molecule:Multiple occupancies found: CB in SER A 312.
2024-02-28 14:07:17,757 WARNING:main.py:418:setup_molecule:Multiple occupancies found: OG in SER A 312.
2024-02-28 14:07:17,757 WARNING:main.py:424:setup_molecule:Multiple occupancies found in SER A 312. At least one of the instances is being ignored.
2024-02-28 14:07:21,624 WARNING:main.py:311:print_pqr:Ignoring 1429 header lines in output.
2024-02-28 14:07:21,628 WARNING:main.py:315:print_pqr:Ignoring 20 missing lines in output.
