2024-02-28 14:07:10,436 WARNING:biomolecule.py:992:create_residue:Unable to find amino or nucleic acid definition for CSO.  Parsing as new residue.
2024-02-28 14:07:10,444 WARNING:main.py:418:setup_molecule:Multiple occupancies found: N in GLU A 81.
2024-02-28 14:07:10,444 WARNING:main.py:418:setup_molecule:Multiple occupancies found: CA in GLU A 81.
2024-02-28 14:07:10,444 WARNING:main.py:418:setup_molecule:Multiple occupancies found: C in GLU A 81.
2024-02-28 14:07:10,444 WARNING:main.py:418:setup_molecule:Multiple occupancies found: O in GLU A 81.
2024-02-28 14:07:10,444 WARNING:main.py:418:setup_molecule:Multiple occupancies found: CB in GLU A 81.
2024-02-28 14:07:10,444 WARNING:main.py:418:setup_molecule:Multiple occupancies found: CG in GLU A 81.
2024-02-28 14:07:10,445 WARNING:main.py:418:setup_molecule:Multiple occupancies found: CD in GLU A 81.
2024-02-28 14:07:10,445 WARNING:main.py:418:setup_molecule:Multiple occupancies found: OE1 in GLU A 81.
2024-02-28 14:07:10,445 WARNING:main.py:418:setup_molecule:Multiple occupancies found: OE2 in GLU A 81.
2024-02-28 14:07:10,445 WARNING:main.py:424:setup_molecule:Multiple occupancies found in GLU A 81. At least one of the instances is being ignored.
2024-02-28 14:07:10,446 WARNING:main.py:418:setup_molecule:Multiple occupancies found: N in PHE A 100.
2024-02-28 14:07:10,446 WARNING:main.py:418:setup_molecule:Multiple occupancies found: CA in PHE A 100.
2024-02-28 14:07:10,446 WARNING:main.py:418:setup_molecule:Multiple occupancies found: C in PHE A 100.
2024-02-28 14:07:10,446 WARNING:main.py:418:setup_molecule:Multiple occupancies found: O in PHE A 100.
2024-02-28 14:07:10,447 WARNING:main.py:418:setup_molecule:Multiple occupancies found: CB in PHE A 100.
2024-02-28 14:07:10,447 WARNING:main.py:418:setup_molecule:Multiple occupancies found: CG in PHE A 100.
2024-02-28 14:07:10,447 WARNING:main.py:418:setup_molecule:Multiple occupancies found: CD1 in PHE A 100.
2024-02-28 14:07:10,447 WARNING:main.py:418:setup_molecule:Multiple occupancies found: CD2 in PHE A 100.
2024-02-28 14:07:10,447 WARNING:main.py:418:setup_molecule:Multiple occupancies found: CE1 in PHE A 100.
2024-02-28 14:07:10,447 WARNING:main.py:418:setup_molecule:Multiple occupancies found: CE2 in PHE A 100.
2024-02-28 14:07:10,447 WARNING:main.py:418:setup_molecule:Multiple occupancies found: CZ in PHE A 100.
2024-02-28 14:07:10,447 WARNING:main.py:424:setup_molecule:Multiple occupancies found in PHE A 100. At least one of the instances is being ignored.
2024-02-28 14:07:10,447 WARNING:main.py:418:setup_molecule:Multiple occupancies found: N in MET A 116.
2024-02-28 14:07:10,447 WARNING:main.py:418:setup_molecule:Multiple occupancies found: CA in MET A 116.
2024-02-28 14:07:10,447 WARNING:main.py:418:setup_molecule:Multiple occupancies found: C in MET A 116.
2024-02-28 14:07:10,447 WARNING:main.py:418:setup_molecule:Multiple occupancies found: O in MET A 116.
2024-02-28 14:07:10,447 WARNING:main.py:418:setup_molecule:Multiple occupancies found: CB in MET A 116.
2024-02-28 14:07:10,447 WARNING:main.py:418:setup_molecule:Multiple occupancies found: CG in MET A 116.
2024-02-28 14:07:10,447 WARNING:main.py:418:setup_molecule:Multiple occupancies found: SD in MET A 116.
2024-02-28 14:07:10,447 WARNING:main.py:418:setup_molecule:Multiple occupancies found: CE in MET A 116.
2024-02-28 14:07:10,447 WARNING:main.py:424:setup_molecule:Multiple occupancies found in MET A 116. At least one of the instances is being ignored.
2024-02-28 14:07:10,678 WARNING:biomolecule.py:373:add_hydrogens:Tetrahedral hydrogen reconstruction not available for nucleic acids. Some hydrogens may be missing (if so, this is a bug).
2024-02-28 14:07:10,678 WARNING:biomolecule.py:373:add_hydrogens:Tetrahedral hydrogen reconstruction not available for nucleic acids. Some hydrogens may be missing (if so, this is a bug).
2024-02-28 14:07:10,679 WARNING:biomolecule.py:373:add_hydrogens:Tetrahedral hydrogen reconstruction not available for nucleic acids. Some hydrogens may be missing (if so, this is a bug).
2024-02-28 14:07:10,679 WARNING:biomolecule.py:373:add_hydrogens:Tetrahedral hydrogen reconstruction not available for nucleic acids. Some hydrogens may be missing (if so, this is a bug).
2024-02-28 14:07:10,680 WARNING:biomolecule.py:373:add_hydrogens:Tetrahedral hydrogen reconstruction not available for nucleic acids. Some hydrogens may be missing (if so, this is a bug).
2024-02-28 14:07:10,680 WARNING:biomolecule.py:373:add_hydrogens:Tetrahedral hydrogen reconstruction not available for nucleic acids. Some hydrogens may be missing (if so, this is a bug).
2024-02-28 14:07:10,680 WARNING:biomolecule.py:373:add_hydrogens:Tetrahedral hydrogen reconstruction not available for nucleic acids. Some hydrogens may be missing (if so, this is a bug).
2024-02-28 14:07:10,681 WARNING:biomolecule.py:373:add_hydrogens:Tetrahedral hydrogen reconstruction not available for nucleic acids. Some hydrogens may be missing (if so, this is a bug).
2024-02-28 14:07:10,681 WARNING:biomolecule.py:373:add_hydrogens:Tetrahedral hydrogen reconstruction not available for nucleic acids. Some hydrogens may be missing (if so, this is a bug).
2024-02-28 14:07:10,681 WARNING:io.py:40:filter:Suppressing further "Tetrahedral hydrogen reconstruction" messages
2024-02-28 14:07:10,935 WARNING:biomolecule.py:741:apply_force_field:Residue RU A 2001 has non-integer charge: -0.6919 deviates by 0.30810000000000004 from integral, exceeding error tolerance 0.001. 
2024-02-28 14:07:10,935 WARNING:main.py:699:non_trivial:Residue RU A 2001 has non-integer charge:  -0.6919 deviates by 0.30810000000000004 from integral, exceeding error tolerance 0.001
2024-02-28 14:07:10,936 CRITICAL:main.py:800:main_driver:-7.6919 deviates by 0.3080999999999996 from integral, exceeding error tolerance 0.001
2024-02-28 14:07:10,936 CRITICAL:main.py:801:main_driver:Giving up.
2024-02-28 14:58:37,009 WARNING:biomolecule.py:992:create_residue:Unable to find amino or nucleic acid definition for CSO.  Parsing as new residue.
2024-02-28 14:58:37,028 WARNING:main.py:418:setup_molecule:Multiple occupancies found: N in GLU A 81.
2024-02-28 14:58:37,033 WARNING:main.py:418:setup_molecule:Multiple occupancies found: CA in GLU A 81.
2024-02-28 14:58:37,036 WARNING:main.py:418:setup_molecule:Multiple occupancies found: C in GLU A 81.
2024-02-28 14:58:37,036 WARNING:main.py:418:setup_molecule:Multiple occupancies found: O in GLU A 81.
2024-02-28 14:58:37,036 WARNING:main.py:418:setup_molecule:Multiple occupancies found: CB in GLU A 81.
2024-02-28 14:58:37,044 WARNING:main.py:418:setup_molecule:Multiple occupancies found: CG in GLU A 81.
2024-02-28 14:58:37,044 WARNING:main.py:418:setup_molecule:Multiple occupancies found: CD in GLU A 81.
2024-02-28 14:58:37,044 WARNING:main.py:418:setup_molecule:Multiple occupancies found: OE1 in GLU A 81.
2024-02-28 14:58:37,044 WARNING:main.py:418:setup_molecule:Multiple occupancies found: OE2 in GLU A 81.
2024-02-28 14:58:37,044 WARNING:main.py:424:setup_molecule:Multiple occupancies found in GLU A 81. At least one of the instances is being ignored.
2024-02-28 14:58:37,044 WARNING:main.py:418:setup_molecule:Multiple occupancies found: N in PHE A 100.
2024-02-28 14:58:37,044 WARNING:main.py:418:setup_molecule:Multiple occupancies found: CA in PHE A 100.
2024-02-28 14:58:37,044 WARNING:main.py:418:setup_molecule:Multiple occupancies found: C in PHE A 100.
2024-02-28 14:58:37,044 WARNING:main.py:418:setup_molecule:Multiple occupancies found: O in PHE A 100.
2024-02-28 14:58:37,044 WARNING:main.py:418:setup_molecule:Multiple occupancies found: CB in PHE A 100.
2024-02-28 14:58:37,044 WARNING:main.py:418:setup_molecule:Multiple occupancies found: CG in PHE A 100.
2024-02-28 14:58:37,045 WARNING:main.py:418:setup_molecule:Multiple occupancies found: CD1 in PHE A 100.
2024-02-28 14:58:37,045 WARNING:main.py:418:setup_molecule:Multiple occupancies found: CD2 in PHE A 100.
2024-02-28 14:58:37,045 WARNING:main.py:418:setup_molecule:Multiple occupancies found: CE1 in PHE A 100.
2024-02-28 14:58:37,045 WARNING:main.py:418:setup_molecule:Multiple occupancies found: CE2 in PHE A 100.
2024-02-28 14:58:37,045 WARNING:main.py:418:setup_molecule:Multiple occupancies found: CZ in PHE A 100.
2024-02-28 14:58:37,045 WARNING:main.py:424:setup_molecule:Multiple occupancies found in PHE A 100. At least one of the instances is being ignored.
2024-02-28 14:58:37,045 WARNING:main.py:418:setup_molecule:Multiple occupancies found: N in MET A 116.
2024-02-28 14:58:37,045 WARNING:main.py:418:setup_molecule:Multiple occupancies found: CA in MET A 116.
2024-02-28 14:58:37,045 WARNING:main.py:418:setup_molecule:Multiple occupancies found: C in MET A 116.
2024-02-28 14:58:37,045 WARNING:main.py:418:setup_molecule:Multiple occupancies found: O in MET A 116.
2024-02-28 14:58:37,045 WARNING:main.py:418:setup_molecule:Multiple occupancies found: CB in MET A 116.
2024-02-28 14:58:37,045 WARNING:main.py:418:setup_molecule:Multiple occupancies found: CG in MET A 116.
2024-02-28 14:58:37,045 WARNING:main.py:418:setup_molecule:Multiple occupancies found: SD in MET A 116.
2024-02-28 14:58:37,045 WARNING:main.py:418:setup_molecule:Multiple occupancies found: CE in MET A 116.
2024-02-28 14:58:37,045 WARNING:main.py:424:setup_molecule:Multiple occupancies found in MET A 116. At least one of the instances is being ignored.
2024-02-28 14:58:37,491 WARNING:biomolecule.py:373:add_hydrogens:Tetrahedral hydrogen reconstruction not available for nucleic acids. Some hydrogens may be missing (if so, this is a bug).
2024-02-28 14:58:37,491 WARNING:biomolecule.py:373:add_hydrogens:Tetrahedral hydrogen reconstruction not available for nucleic acids. Some hydrogens may be missing (if so, this is a bug).
2024-02-28 14:58:37,491 WARNING:biomolecule.py:373:add_hydrogens:Tetrahedral hydrogen reconstruction not available for nucleic acids. Some hydrogens may be missing (if so, this is a bug).
2024-02-28 14:58:37,491 WARNING:biomolecule.py:373:add_hydrogens:Tetrahedral hydrogen reconstruction not available for nucleic acids. Some hydrogens may be missing (if so, this is a bug).
2024-02-28 14:58:37,491 WARNING:biomolecule.py:373:add_hydrogens:Tetrahedral hydrogen reconstruction not available for nucleic acids. Some hydrogens may be missing (if so, this is a bug).
2024-02-28 14:58:37,492 WARNING:biomolecule.py:373:add_hydrogens:Tetrahedral hydrogen reconstruction not available for nucleic acids. Some hydrogens may be missing (if so, this is a bug).
2024-02-28 14:58:37,492 WARNING:biomolecule.py:373:add_hydrogens:Tetrahedral hydrogen reconstruction not available for nucleic acids. Some hydrogens may be missing (if so, this is a bug).
2024-02-28 14:58:37,492 WARNING:biomolecule.py:373:add_hydrogens:Tetrahedral hydrogen reconstruction not available for nucleic acids. Some hydrogens may be missing (if so, this is a bug).
2024-02-28 14:58:37,492 WARNING:biomolecule.py:373:add_hydrogens:Tetrahedral hydrogen reconstruction not available for nucleic acids. Some hydrogens may be missing (if so, this is a bug).
2024-02-28 14:58:37,493 WARNING:io.py:40:filter:Suppressing further "Tetrahedral hydrogen reconstruction" messages
2024-02-28 14:58:37,762 WARNING:biomolecule.py:741:apply_force_field:Residue RU A 2001 has non-integer charge: -0.6919 deviates by 0.30810000000000004 from integral, exceeding error tolerance 0.001. 
2024-02-28 14:58:37,763 WARNING:main.py:699:non_trivial:Residue RU A 2001 has non-integer charge:  -0.6919 deviates by 0.30810000000000004 from integral, exceeding error tolerance 0.001
2024-02-28 14:58:37,763 CRITICAL:main.py:800:main_driver:-7.6919 deviates by 0.3080999999999996 from integral, exceeding error tolerance 0.001
2024-02-28 14:58:37,763 CRITICAL:main.py:801:main_driver:Giving up.
