2024-02-28 14:07:16,825 WARNING:biomolecule.py:992:create_residue:Unable to find amino or nucleic acid definition for NAG.  Parsing as new residue.
2024-02-28 14:07:16,826 WARNING:biomolecule.py:992:create_residue:Unable to find amino or nucleic acid definition for 8DA.  Parsing as new residue.
2024-02-28 14:07:16,826 WARNING:biomolecule.py:992:create_residue:Unable to find amino or nucleic acid definition for NAG.  Parsing as new residue.
2024-02-28 14:07:16,826 WARNING:biomolecule.py:992:create_residue:Unable to find amino or nucleic acid definition for 8DA.  Parsing as new residue.
2024-02-28 14:07:16,826 WARNING:main.py:418:setup_molecule:Multiple occupancies found: CA in SER A 16.
2024-02-28 14:07:16,826 WARNING:main.py:418:setup_molecule:Multiple occupancies found: CB in SER A 16.
2024-02-28 14:07:16,826 WARNING:main.py:418:setup_molecule:Multiple occupancies found: OG in SER A 16.
2024-02-28 14:07:16,826 WARNING:main.py:424:setup_molecule:Multiple occupancies found in SER A 16. At least one of the instances is being ignored.
2024-02-28 14:07:16,843 WARNING:biomolecule.py:157:num_missing_heavy:Missing atom OXT in residue LEU A 123
2024-02-28 14:07:16,843 WARNING:biomolecule.py:157:num_missing_heavy:Missing atom OXT in residue LEU B 123
2024-02-28 14:07:16,844 WARNING:biomolecule.py:157:num_missing_heavy:Missing atom OXT in residue LEU A 123
2024-02-28 14:07:16,844 WARNING:biomolecule.py:157:num_missing_heavy:Missing atom OXT in residue LEU B 123
2024-02-28 14:07:16,845 WARNING:biomolecule.py:157:num_missing_heavy:Missing atom OXT in residue LEU A 123
2024-02-28 14:07:16,845 WARNING:biomolecule.py:157:num_missing_heavy:Missing atom OXT in residue LEU B 123
2024-02-28 14:07:17,721 WARNING:debump.py:172:debump_biomolecule:WARNING: Unable to debump THR A 38
2024-02-28 14:07:17,976 WARNING:debump.py:172:debump_biomolecule:WARNING: Unable to debump THR A 40
2024-02-28 14:07:18,332 WARNING:debump.py:172:debump_biomolecule:WARNING: Unable to debump SER A 41
2024-02-28 14:07:18,897 WARNING:debump.py:172:debump_biomolecule:WARNING: Unable to debump ASN A 42
2024-02-28 14:07:19,588 WARNING:debump.py:172:debump_biomolecule:WARNING: Unable to debump ALA B 39
2024-02-28 14:07:21,129 WARNING:main.py:311:print_pqr:Ignoring 2954 header lines in output.
2024-02-28 14:07:21,129 WARNING:main.py:315:print_pqr:Ignoring 66 missing lines in output.
