2024-02-28 14:07:17,744 WARNING:biomolecule.py:992:create_residue:Unable to find amino or nucleic acid definition for I0G.  Parsing as new residue.
2024-02-28 14:07:17,745 WARNING:biomolecule.py:992:create_residue:Unable to find amino or nucleic acid definition for I0G.  Parsing as new residue.
2024-02-28 14:07:17,769 WARNING:biomolecule.py:615:update_bonds:Gap in backbone detected between PRO A 285 and ALA A 292!
2024-02-28 14:07:18,118 WARNING:biomolecule.py:615:update_bonds:Gap in backbone detected between VAL A 414 and SER A 422!
2024-02-28 14:07:18,119 WARNING:biomolecule.py:615:update_bonds:Gap in backbone detected between LYS A 480 and VAL A 485!
2024-02-28 14:07:18,119 WARNING:biomolecule.py:615:update_bonds:Gap in backbone detected between PRO B 285 and ALA B 292!
2024-02-28 14:07:18,120 WARNING:biomolecule.py:615:update_bonds:Gap in backbone detected between VAL B 414 and SER B 422!
2024-02-28 14:07:18,120 WARNING:biomolecule.py:615:update_bonds:Gap in backbone detected between LYS B 480 and VAL B 485!
2024-02-28 14:07:18,137 WARNING:biomolecule.py:157:num_missing_heavy:Missing atom CG in residue ASP A 261
2024-02-28 14:07:18,545 WARNING:biomolecule.py:157:num_missing_heavy:Missing atom OD1 in residue ASP A 261
2024-02-28 14:07:18,545 WARNING:biomolecule.py:157:num_missing_heavy:Missing atom OD2 in residue ASP A 261
2024-02-28 14:07:18,545 WARNING:biomolecule.py:157:num_missing_heavy:Missing atom CG in residue ARG A 284
2024-02-28 14:07:18,545 WARNING:biomolecule.py:157:num_missing_heavy:Missing atom CD in residue ARG A 284
2024-02-28 14:07:18,546 WARNING:biomolecule.py:157:num_missing_heavy:Missing atom NE in residue ARG A 284
2024-02-28 14:07:18,546 WARNING:biomolecule.py:157:num_missing_heavy:Missing atom CZ in residue ARG A 284
2024-02-28 14:07:18,546 WARNING:biomolecule.py:157:num_missing_heavy:Missing atom NH1 in residue ARG A 284
2024-02-28 14:07:18,546 WARNING:biomolecule.py:157:num_missing_heavy:Missing atom NH2 in residue ARG A 284
2024-02-28 14:07:18,546 WARNING:biomolecule.py:157:num_missing_heavy:Missing atom CG in residue ARG A 424
2024-02-28 14:07:18,546 WARNING:biomolecule.py:157:num_missing_heavy:Missing atom CD in residue ARG A 424
2024-02-28 14:07:18,546 WARNING:biomolecule.py:157:num_missing_heavy:Missing atom NE in residue ARG A 424
2024-02-28 14:07:18,546 WARNING:biomolecule.py:157:num_missing_heavy:Missing atom CZ in residue ARG A 424
2024-02-28 14:07:18,546 WARNING:biomolecule.py:157:num_missing_heavy:Missing atom NH1 in residue ARG A 424
2024-02-28 14:07:18,546 WARNING:biomolecule.py:157:num_missing_heavy:Missing atom NH2 in residue ARG A 424
2024-02-28 14:07:18,547 WARNING:biomolecule.py:157:num_missing_heavy:Missing atom CG in residue LYS A 480
2024-02-28 14:07:18,547 WARNING:biomolecule.py:157:num_missing_heavy:Missing atom CD in residue LYS A 480
2024-02-28 14:07:18,547 WARNING:biomolecule.py:157:num_missing_heavy:Missing atom CE in residue LYS A 480
2024-02-28 14:07:18,547 WARNING:biomolecule.py:157:num_missing_heavy:Missing atom NZ in residue LYS A 480
2024-02-28 14:07:18,547 WARNING:biomolecule.py:157:num_missing_heavy:Missing atom OXT in residue HIS A 498
2024-02-28 14:07:18,547 WARNING:biomolecule.py:157:num_missing_heavy:Missing atom CG in residue ARG B 284
2024-02-28 14:07:18,547 WARNING:biomolecule.py:157:num_missing_heavy:Missing atom CD in residue ARG B 284
2024-02-28 14:07:18,547 WARNING:biomolecule.py:157:num_missing_heavy:Missing atom NE in residue ARG B 284
2024-02-28 14:07:18,547 WARNING:biomolecule.py:157:num_missing_heavy:Missing atom CZ in residue ARG B 284
2024-02-28 14:07:18,547 WARNING:biomolecule.py:157:num_missing_heavy:Missing atom NH1 in residue ARG B 284
2024-02-28 14:07:18,547 WARNING:biomolecule.py:157:num_missing_heavy:Missing atom NH2 in residue ARG B 284
2024-02-28 14:07:18,548 WARNING:biomolecule.py:157:num_missing_heavy:Missing atom CG in residue ARG B 424
2024-02-28 14:07:18,548 WARNING:biomolecule.py:157:num_missing_heavy:Missing atom CD in residue ARG B 424
2024-02-28 14:07:18,548 WARNING:biomolecule.py:157:num_missing_heavy:Missing atom NE in residue ARG B 424
2024-02-28 14:07:18,548 WARNING:biomolecule.py:157:num_missing_heavy:Missing atom CZ in residue ARG B 424
2024-02-28 14:07:18,548 WARNING:biomolecule.py:157:num_missing_heavy:Missing atom NH1 in residue ARG B 424
2024-02-28 14:07:18,548 WARNING:biomolecule.py:157:num_missing_heavy:Missing atom NH2 in residue ARG B 424
2024-02-28 14:07:18,548 WARNING:biomolecule.py:157:num_missing_heavy:Missing atom CG in residue LYS B 480
2024-02-28 14:07:18,548 WARNING:biomolecule.py:157:num_missing_heavy:Missing atom CD in residue LYS B 480
2024-02-28 14:07:18,548 WARNING:biomolecule.py:157:num_missing_heavy:Missing atom CE in residue LYS B 480
2024-02-28 14:07:18,548 WARNING:biomolecule.py:157:num_missing_heavy:Missing atom NZ in residue LYS B 480
2024-02-28 14:07:18,548 WARNING:biomolecule.py:157:num_missing_heavy:Missing atom OXT in residue HIS B 498
2024-02-28 14:07:18,548 WARNING:biomolecule.py:157:num_missing_heavy:Missing atom CG in residue ASP A 261
2024-02-28 14:07:18,548 WARNING:biomolecule.py:157:num_missing_heavy:Missing atom OD1 in residue ASP A 261
2024-02-28 14:07:18,548 WARNING:biomolecule.py:157:num_missing_heavy:Missing atom OD2 in residue ASP A 261
2024-02-28 14:07:18,548 WARNING:biomolecule.py:157:num_missing_heavy:Missing atom CG in residue ARG A 284
2024-02-28 14:07:18,549 WARNING:biomolecule.py:157:num_missing_heavy:Missing atom CD in residue ARG A 284
2024-02-28 14:07:18,549 WARNING:biomolecule.py:157:num_missing_heavy:Missing atom NE in residue ARG A 284
2024-02-28 14:07:18,549 WARNING:biomolecule.py:157:num_missing_heavy:Missing atom CZ in residue ARG A 284
2024-02-28 14:07:18,549 WARNING:biomolecule.py:157:num_missing_heavy:Missing atom NH1 in residue ARG A 284
2024-02-28 14:07:18,549 WARNING:biomolecule.py:157:num_missing_heavy:Missing atom NH2 in residue ARG A 284
2024-02-28 14:07:18,549 WARNING:biomolecule.py:157:num_missing_heavy:Missing atom CG in residue ARG A 424
2024-02-28 14:07:18,549 WARNING:biomolecule.py:157:num_missing_heavy:Missing atom CD in residue ARG A 424
2024-02-28 14:07:18,549 WARNING:biomolecule.py:157:num_missing_heavy:Missing atom NE in residue ARG A 424
2024-02-28 14:07:18,549 WARNING:biomolecule.py:157:num_missing_heavy:Missing atom CZ in residue ARG A 424
2024-02-28 14:07:18,549 WARNING:biomolecule.py:157:num_missing_heavy:Missing atom NH1 in residue ARG A 424
2024-02-28 14:07:18,549 WARNING:biomolecule.py:157:num_missing_heavy:Missing atom NH2 in residue ARG A 424
2024-02-28 14:07:18,550 WARNING:biomolecule.py:157:num_missing_heavy:Missing atom CG in residue LYS A 480
2024-02-28 14:07:18,550 WARNING:biomolecule.py:157:num_missing_heavy:Missing atom CD in residue LYS A 480
2024-02-28 14:07:18,550 WARNING:biomolecule.py:157:num_missing_heavy:Missing atom CE in residue LYS A 480
2024-02-28 14:07:18,550 WARNING:biomolecule.py:157:num_missing_heavy:Missing atom NZ in residue LYS A 480
2024-02-28 14:07:18,550 WARNING:biomolecule.py:157:num_missing_heavy:Missing atom OXT in residue HIS A 498
2024-02-28 14:07:18,550 WARNING:biomolecule.py:157:num_missing_heavy:Missing atom CG in residue ARG B 284
2024-02-28 14:07:18,550 WARNING:biomolecule.py:157:num_missing_heavy:Missing atom CD in residue ARG B 284
2024-02-28 14:07:18,550 WARNING:biomolecule.py:157:num_missing_heavy:Missing atom NE in residue ARG B 284
2024-02-28 14:07:18,550 WARNING:biomolecule.py:157:num_missing_heavy:Missing atom CZ in residue ARG B 284
2024-02-28 14:07:18,550 WARNING:biomolecule.py:157:num_missing_heavy:Missing atom NH1 in residue ARG B 284
2024-02-28 14:07:18,550 WARNING:biomolecule.py:157:num_missing_heavy:Missing atom NH2 in residue ARG B 284
2024-02-28 14:07:18,551 WARNING:biomolecule.py:157:num_missing_heavy:Missing atom CG in residue ARG B 424
2024-02-28 14:07:18,551 WARNING:biomolecule.py:157:num_missing_heavy:Missing atom CD in residue ARG B 424
2024-02-28 14:07:18,551 WARNING:biomolecule.py:157:num_missing_heavy:Missing atom NE in residue ARG B 424
2024-02-28 14:07:18,551 WARNING:biomolecule.py:157:num_missing_heavy:Missing atom CZ in residue ARG B 424
2024-02-28 14:07:18,551 WARNING:biomolecule.py:157:num_missing_heavy:Missing atom NH1 in residue ARG B 424
2024-02-28 14:07:18,551 WARNING:biomolecule.py:157:num_missing_heavy:Missing atom NH2 in residue ARG B 424
2024-02-28 14:07:18,551 WARNING:biomolecule.py:157:num_missing_heavy:Missing atom CG in residue LYS B 480
2024-02-28 14:07:18,551 WARNING:biomolecule.py:157:num_missing_heavy:Missing atom CD in residue LYS B 480
2024-02-28 14:07:18,551 WARNING:biomolecule.py:157:num_missing_heavy:Missing atom CE in residue LYS B 480
2024-02-28 14:07:18,551 WARNING:biomolecule.py:157:num_missing_heavy:Missing atom NZ in residue LYS B 480
2024-02-28 14:07:18,551 WARNING:biomolecule.py:157:num_missing_heavy:Missing atom OXT in residue HIS B 498
2024-02-28 14:07:18,551 WARNING:biomolecule.py:157:num_missing_heavy:Missing atom CG in residue ASP A 261
2024-02-28 14:07:18,551 WARNING:biomolecule.py:157:num_missing_heavy:Missing atom OD1 in residue ASP A 261
2024-02-28 14:07:18,551 WARNING:biomolecule.py:157:num_missing_heavy:Missing atom OD2 in residue ASP A 261
2024-02-28 14:07:18,551 WARNING:biomolecule.py:157:num_missing_heavy:Missing atom CG in residue ARG A 284
2024-02-28 14:07:18,551 WARNING:biomolecule.py:157:num_missing_heavy:Missing atom CD in residue ARG A 284
2024-02-28 14:07:18,551 WARNING:biomolecule.py:157:num_missing_heavy:Missing atom NE in residue ARG A 284
2024-02-28 14:07:18,551 WARNING:biomolecule.py:157:num_missing_heavy:Missing atom CZ in residue ARG A 284
2024-02-28 14:07:18,551 WARNING:biomolecule.py:157:num_missing_heavy:Missing atom NH1 in residue ARG A 284
2024-02-28 14:07:18,551 WARNING:biomolecule.py:157:num_missing_heavy:Missing atom NH2 in residue ARG A 284
2024-02-28 14:07:18,552 WARNING:biomolecule.py:157:num_missing_heavy:Missing atom CG in residue ARG A 424
2024-02-28 14:07:18,552 WARNING:biomolecule.py:157:num_missing_heavy:Missing atom CD in residue ARG A 424
2024-02-28 14:07:18,552 WARNING:biomolecule.py:157:num_missing_heavy:Missing atom NE in residue ARG A 424
2024-02-28 14:07:18,552 WARNING:biomolecule.py:157:num_missing_heavy:Missing atom CZ in residue ARG A 424
2024-02-28 14:07:18,552 WARNING:biomolecule.py:157:num_missing_heavy:Missing atom NH1 in residue ARG A 424
2024-02-28 14:07:18,552 WARNING:biomolecule.py:157:num_missing_heavy:Missing atom NH2 in residue ARG A 424
2024-02-28 14:07:18,552 WARNING:biomolecule.py:157:num_missing_heavy:Missing atom CG in residue LYS A 480
2024-02-28 14:07:18,552 WARNING:biomolecule.py:157:num_missing_heavy:Missing atom CD in residue LYS A 480
2024-02-28 14:07:18,552 WARNING:biomolecule.py:157:num_missing_heavy:Missing atom CE in residue LYS A 480
2024-02-28 14:07:18,552 WARNING:biomolecule.py:157:num_missing_heavy:Missing atom NZ in residue LYS A 480
2024-02-28 14:07:18,553 WARNING:biomolecule.py:157:num_missing_heavy:Missing atom OXT in residue HIS A 498
2024-02-28 14:07:18,553 WARNING:biomolecule.py:157:num_missing_heavy:Missing atom CG in residue ARG B 284
2024-02-28 14:07:18,553 WARNING:biomolecule.py:157:num_missing_heavy:Missing atom CD in residue ARG B 284
2024-02-28 14:07:18,553 WARNING:biomolecule.py:157:num_missing_heavy:Missing atom NE in residue ARG B 284
2024-02-28 14:07:18,553 WARNING:biomolecule.py:157:num_missing_heavy:Missing atom CZ in residue ARG B 284
2024-02-28 14:07:18,553 WARNING:biomolecule.py:157:num_missing_heavy:Missing atom NH1 in residue ARG B 284
2024-02-28 14:07:18,553 WARNING:biomolecule.py:157:num_missing_heavy:Missing atom NH2 in residue ARG B 284
2024-02-28 14:07:18,561 WARNING:biomolecule.py:157:num_missing_heavy:Missing atom CG in residue ARG B 424
2024-02-28 14:07:18,561 WARNING:biomolecule.py:157:num_missing_heavy:Missing atom CD in residue ARG B 424
2024-02-28 14:07:18,562 WARNING:biomolecule.py:157:num_missing_heavy:Missing atom NE in residue ARG B 424
2024-02-28 14:07:18,562 WARNING:biomolecule.py:157:num_missing_heavy:Missing atom CZ in residue ARG B 424
2024-02-28 14:07:18,562 WARNING:biomolecule.py:157:num_missing_heavy:Missing atom NH1 in residue ARG B 424
2024-02-28 14:07:18,562 WARNING:biomolecule.py:157:num_missing_heavy:Missing atom NH2 in residue ARG B 424
2024-02-28 14:07:18,562 WARNING:biomolecule.py:157:num_missing_heavy:Missing atom CG in residue LYS B 480
2024-02-28 14:07:18,562 WARNING:biomolecule.py:157:num_missing_heavy:Missing atom CD in residue LYS B 480
2024-02-28 14:07:18,562 WARNING:biomolecule.py:157:num_missing_heavy:Missing atom CE in residue LYS B 480
2024-02-28 14:07:18,562 WARNING:biomolecule.py:157:num_missing_heavy:Missing atom NZ in residue LYS B 480
2024-02-28 14:07:18,562 WARNING:biomolecule.py:157:num_missing_heavy:Missing atom OXT in residue HIS B 498
2024-02-28 14:07:23,329 WARNING:main.py:311:print_pqr:Ignoring 2089 header lines in output.
2024-02-28 14:07:23,329 WARNING:main.py:315:print_pqr:Ignoring 42 missing lines in output.
