2024-02-28 14:07:00,032 WARNING:biomolecule.py:992:create_residue:Unable to find amino or nucleic acid definition for AC5.  Parsing as new residue.
2024-02-28 14:07:00,032 WARNING:biomolecule.py:992:create_residue:Unable to find amino or nucleic acid definition for AC5.  Parsing as new residue.
2024-02-28 14:07:00,041 WARNING:biomolecule.py:615:update_bonds:Gap in backbone detected between PRO A 47 and THR A 58!
2024-02-28 14:07:00,043 WARNING:biomolecule.py:615:update_bonds:Gap in backbone detected between PRO B 47 and THR B 58!
2024-02-28 14:07:00,043 WARNING:biomolecule.py:615:update_bonds:Gap in backbone detected between GLU B 96 and LYS B 104!
2024-02-28 14:07:00,052 WARNING:biomolecule.py:157:num_missing_heavy:Missing atom CG in residue ASN A 102
2024-02-28 14:07:00,052 WARNING:biomolecule.py:157:num_missing_heavy:Missing atom OD1 in residue ASN A 102
2024-02-28 14:07:00,052 WARNING:biomolecule.py:157:num_missing_heavy:Missing atom ND2 in residue ASN A 102
2024-02-28 14:07:00,053 WARNING:biomolecule.py:157:num_missing_heavy:Missing atom CG in residue LYS A 151
2024-02-28 14:07:00,054 WARNING:biomolecule.py:157:num_missing_heavy:Missing atom CD in residue LYS A 151
2024-02-28 14:07:00,054 WARNING:biomolecule.py:157:num_missing_heavy:Missing atom CE in residue LYS A 151
2024-02-28 14:07:00,054 WARNING:biomolecule.py:157:num_missing_heavy:Missing atom NZ in residue LYS A 151
2024-02-28 14:07:00,054 WARNING:biomolecule.py:157:num_missing_heavy:Missing atom CG in residue ARG A 155
2024-02-28 14:07:00,054 WARNING:biomolecule.py:157:num_missing_heavy:Missing atom CD in residue ARG A 155
2024-02-28 14:07:00,054 WARNING:biomolecule.py:157:num_missing_heavy:Missing atom NE in residue ARG A 155
2024-02-28 14:07:00,055 WARNING:biomolecule.py:157:num_missing_heavy:Missing atom CZ in residue ARG A 155
2024-02-28 14:07:00,055 WARNING:biomolecule.py:157:num_missing_heavy:Missing atom NH1 in residue ARG A 155
2024-02-28 14:07:00,055 WARNING:biomolecule.py:157:num_missing_heavy:Missing atom NH2 in residue ARG A 155
2024-02-28 14:07:00,055 WARNING:biomolecule.py:157:num_missing_heavy:Missing atom CG in residue LYS A 177
2024-02-28 14:07:00,055 WARNING:biomolecule.py:157:num_missing_heavy:Missing atom CD in residue LYS A 177
2024-02-28 14:07:00,055 WARNING:biomolecule.py:157:num_missing_heavy:Missing atom CE in residue LYS A 177
2024-02-28 14:07:00,056 WARNING:biomolecule.py:157:num_missing_heavy:Missing atom NZ in residue LYS A 177
2024-02-28 14:07:00,056 WARNING:biomolecule.py:157:num_missing_heavy:Missing atom CG in residue GLN A 178
2024-02-28 14:07:00,056 WARNING:biomolecule.py:157:num_missing_heavy:Missing atom CD in residue GLN A 178
2024-02-28 14:07:00,057 WARNING:biomolecule.py:157:num_missing_heavy:Missing atom OE1 in residue GLN A 178
2024-02-28 14:07:00,057 WARNING:biomolecule.py:157:num_missing_heavy:Missing atom NE2 in residue GLN A 178
2024-02-28 14:07:00,057 WARNING:biomolecule.py:157:num_missing_heavy:Missing atom CG in residue ARG A 186
2024-02-28 14:07:00,058 WARNING:biomolecule.py:157:num_missing_heavy:Missing atom CD in residue ARG A 186
2024-02-28 14:07:00,058 WARNING:biomolecule.py:157:num_missing_heavy:Missing atom NE in residue ARG A 186
2024-02-28 14:07:00,058 WARNING:biomolecule.py:157:num_missing_heavy:Missing atom CZ in residue ARG A 186
2024-02-28 14:07:00,058 WARNING:biomolecule.py:157:num_missing_heavy:Missing atom NH1 in residue ARG A 186
2024-02-28 14:07:00,059 WARNING:biomolecule.py:157:num_missing_heavy:Missing atom NH2 in residue ARG A 186
2024-02-28 14:07:00,059 WARNING:biomolecule.py:157:num_missing_heavy:Missing atom CG in residue GLU A 190
2024-02-28 14:07:00,059 WARNING:biomolecule.py:157:num_missing_heavy:Missing atom CD in residue GLU A 190
2024-02-28 14:07:00,059 WARNING:biomolecule.py:157:num_missing_heavy:Missing atom OE1 in residue GLU A 190
2024-02-28 14:07:00,060 WARNING:biomolecule.py:157:num_missing_heavy:Missing atom OE2 in residue GLU A 190
2024-02-28 14:07:00,060 WARNING:biomolecule.py:157:num_missing_heavy:Missing atom CG in residue ARG A 196
2024-02-28 14:07:00,060 WARNING:biomolecule.py:157:num_missing_heavy:Missing atom CD in residue ARG A 196
2024-02-28 14:07:00,060 WARNING:biomolecule.py:157:num_missing_heavy:Missing atom NE in residue ARG A 196
2024-02-28 14:07:00,061 WARNING:biomolecule.py:157:num_missing_heavy:Missing atom CZ in residue ARG A 196
2024-02-28 14:07:00,061 WARNING:biomolecule.py:157:num_missing_heavy:Missing atom NH1 in residue ARG A 196
2024-02-28 14:07:00,061 WARNING:biomolecule.py:157:num_missing_heavy:Missing atom NH2 in residue ARG A 196
2024-02-28 14:07:00,062 WARNING:biomolecule.py:157:num_missing_heavy:Missing atom CG in residue GLU A 199
2024-02-28 14:07:00,062 WARNING:biomolecule.py:157:num_missing_heavy:Missing atom CD in residue GLU A 199
2024-02-28 14:07:00,062 WARNING:biomolecule.py:157:num_missing_heavy:Missing atom OE1 in residue GLU A 199
2024-02-28 14:07:00,062 WARNING:biomolecule.py:157:num_missing_heavy:Missing atom OE2 in residue GLU A 199
2024-02-28 14:07:00,063 WARNING:biomolecule.py:157:num_missing_heavy:Missing atom CG in residue LYS A 200
2024-02-28 14:07:00,063 WARNING:biomolecule.py:157:num_missing_heavy:Missing atom CD in residue LYS A 200
2024-02-28 14:07:00,063 WARNING:biomolecule.py:157:num_missing_heavy:Missing atom CE in residue LYS A 200
2024-02-28 14:07:00,063 WARNING:biomolecule.py:157:num_missing_heavy:Missing atom NZ in residue LYS A 200
2024-02-28 14:07:00,064 WARNING:biomolecule.py:157:num_missing_heavy:Missing atom CG in residue GLU A 278
2024-02-28 14:07:00,064 WARNING:biomolecule.py:157:num_missing_heavy:Missing atom CD in residue GLU A 278
2024-02-28 14:07:00,064 WARNING:biomolecule.py:157:num_missing_heavy:Missing atom OE1 in residue GLU A 278
2024-02-28 14:07:00,064 WARNING:biomolecule.py:157:num_missing_heavy:Missing atom OE2 in residue GLU A 278
2024-02-28 14:07:00,065 WARNING:biomolecule.py:157:num_missing_heavy:Missing atom OXT in residue VAL A 285
2024-02-28 14:07:00,065 WARNING:biomolecule.py:157:num_missing_heavy:Missing atom CG in residue ARG B 155
2024-02-28 14:07:00,065 WARNING:biomolecule.py:157:num_missing_heavy:Missing atom CD in residue ARG B 155
2024-02-28 14:07:00,065 WARNING:biomolecule.py:157:num_missing_heavy:Missing atom NE in residue ARG B 155
2024-02-28 14:07:00,066 WARNING:biomolecule.py:157:num_missing_heavy:Missing atom CZ in residue ARG B 155
2024-02-28 14:07:00,066 WARNING:biomolecule.py:157:num_missing_heavy:Missing atom NH1 in residue ARG B 155
2024-02-28 14:07:00,066 WARNING:biomolecule.py:157:num_missing_heavy:Missing atom NH2 in residue ARG B 155
2024-02-28 14:07:00,066 WARNING:biomolecule.py:157:num_missing_heavy:Missing atom CG in residue ASP B 169
2024-02-28 14:07:00,067 WARNING:biomolecule.py:157:num_missing_heavy:Missing atom OD1 in residue ASP B 169
2024-02-28 14:07:00,067 WARNING:biomolecule.py:157:num_missing_heavy:Missing atom OD2 in residue ASP B 169
2024-02-28 14:07:00,067 WARNING:biomolecule.py:157:num_missing_heavy:Missing atom CG in residue GLN B 178
2024-02-28 14:07:00,068 WARNING:biomolecule.py:157:num_missing_heavy:Missing atom CD in residue GLN B 178
2024-02-28 14:07:00,068 WARNING:biomolecule.py:157:num_missing_heavy:Missing atom OE1 in residue GLN B 178
2024-02-28 14:07:00,068 WARNING:biomolecule.py:157:num_missing_heavy:Missing atom NE2 in residue GLN B 178
2024-02-28 14:07:00,068 WARNING:biomolecule.py:157:num_missing_heavy:Missing atom CG in residue ARG B 186
2024-02-28 14:07:00,069 WARNING:biomolecule.py:157:num_missing_heavy:Missing atom CD in residue ARG B 186
2024-02-28 14:07:00,069 WARNING:biomolecule.py:157:num_missing_heavy:Missing atom NE in residue ARG B 186
2024-02-28 14:07:00,069 WARNING:biomolecule.py:157:num_missing_heavy:Missing atom CZ in residue ARG B 186
2024-02-28 14:07:00,070 WARNING:biomolecule.py:157:num_missing_heavy:Missing atom NH1 in residue ARG B 186
2024-02-28 14:07:00,070 WARNING:biomolecule.py:157:num_missing_heavy:Missing atom NH2 in residue ARG B 186
2024-02-28 14:07:00,070 WARNING:biomolecule.py:157:num_missing_heavy:Missing atom CG1 in residue VAL B 189
2024-02-28 14:07:00,070 WARNING:biomolecule.py:157:num_missing_heavy:Missing atom CG2 in residue VAL B 189
2024-02-28 14:07:00,071 WARNING:biomolecule.py:157:num_missing_heavy:Missing atom CG in residue GLU B 190
2024-02-28 14:07:00,071 WARNING:biomolecule.py:157:num_missing_heavy:Missing atom CD in residue GLU B 190
2024-02-28 14:07:00,071 WARNING:biomolecule.py:157:num_missing_heavy:Missing atom OE1 in residue GLU B 190
2024-02-28 14:07:00,072 WARNING:biomolecule.py:157:num_missing_heavy:Missing atom OE2 in residue GLU B 190
2024-02-28 14:07:00,072 WARNING:biomolecule.py:157:num_missing_heavy:Missing atom CG in residue ARG B 196
2024-02-28 14:07:00,072 WARNING:biomolecule.py:157:num_missing_heavy:Missing atom CD in residue ARG B 196
2024-02-28 14:07:00,073 WARNING:biomolecule.py:157:num_missing_heavy:Missing atom NE in residue ARG B 196
2024-02-28 14:07:00,073 WARNING:biomolecule.py:157:num_missing_heavy:Missing atom CZ in residue ARG B 196
2024-02-28 14:07:00,073 WARNING:biomolecule.py:157:num_missing_heavy:Missing atom NH1 in residue ARG B 196
2024-02-28 14:07:00,075 WARNING:biomolecule.py:157:num_missing_heavy:Missing atom NH2 in residue ARG B 196
2024-02-28 14:07:00,075 WARNING:biomolecule.py:157:num_missing_heavy:Missing atom CG in residue GLU B 243
2024-02-28 14:07:00,075 WARNING:biomolecule.py:157:num_missing_heavy:Missing atom CD in residue GLU B 243
2024-02-28 14:07:00,076 WARNING:biomolecule.py:157:num_missing_heavy:Missing atom OE1 in residue GLU B 243
2024-02-28 14:07:00,076 WARNING:biomolecule.py:157:num_missing_heavy:Missing atom OE2 in residue GLU B 243
2024-02-28 14:07:00,077 WARNING:biomolecule.py:157:num_missing_heavy:Missing atom CG in residue GLU B 278
2024-02-28 14:07:00,077 WARNING:biomolecule.py:157:num_missing_heavy:Missing atom CD in residue GLU B 278
2024-02-28 14:07:00,077 WARNING:biomolecule.py:157:num_missing_heavy:Missing atom OE1 in residue GLU B 278
2024-02-28 14:07:00,078 WARNING:biomolecule.py:157:num_missing_heavy:Missing atom OE2 in residue GLU B 278
2024-02-28 14:07:00,078 WARNING:biomolecule.py:157:num_missing_heavy:Missing atom CG in residue LYS B 282
2024-02-28 14:07:00,078 WARNING:biomolecule.py:157:num_missing_heavy:Missing atom CD in residue LYS B 282
2024-02-28 14:07:00,078 WARNING:biomolecule.py:157:num_missing_heavy:Missing atom CE in residue LYS B 282
2024-02-28 14:07:00,079 WARNING:biomolecule.py:157:num_missing_heavy:Missing atom NZ in residue LYS B 282
2024-02-28 14:07:00,079 WARNING:biomolecule.py:157:num_missing_heavy:Missing atom OXT in residue VAL B 285
2024-02-28 14:07:00,079 WARNING:biomolecule.py:157:num_missing_heavy:Missing atom CG in residue ASN A 102
2024-02-28 14:07:00,080 WARNING:biomolecule.py:157:num_missing_heavy:Missing atom OD1 in residue ASN A 102
2024-02-28 14:07:00,080 WARNING:biomolecule.py:157:num_missing_heavy:Missing atom ND2 in residue ASN A 102
2024-02-28 14:07:00,080 WARNING:biomolecule.py:157:num_missing_heavy:Missing atom CG in residue LYS A 151
2024-02-28 14:07:00,080 WARNING:biomolecule.py:157:num_missing_heavy:Missing atom CD in residue LYS A 151
2024-02-28 14:07:00,081 WARNING:biomolecule.py:157:num_missing_heavy:Missing atom CE in residue LYS A 151
2024-02-28 14:07:00,081 WARNING:biomolecule.py:157:num_missing_heavy:Missing atom NZ in residue LYS A 151
2024-02-28 14:07:00,081 WARNING:biomolecule.py:157:num_missing_heavy:Missing atom CG in residue ARG A 155
2024-02-28 14:07:00,081 WARNING:biomolecule.py:157:num_missing_heavy:Missing atom CD in residue ARG A 155
2024-02-28 14:07:00,082 WARNING:biomolecule.py:157:num_missing_heavy:Missing atom NE in residue ARG A 155
2024-02-28 14:07:00,082 WARNING:biomolecule.py:157:num_missing_heavy:Missing atom CZ in residue ARG A 155
2024-02-28 14:07:00,082 WARNING:biomolecule.py:157:num_missing_heavy:Missing atom NH1 in residue ARG A 155
2024-02-28 14:07:00,083 WARNING:biomolecule.py:157:num_missing_heavy:Missing atom NH2 in residue ARG A 155
2024-02-28 14:07:00,083 WARNING:biomolecule.py:157:num_missing_heavy:Missing atom CG in residue LYS A 177
2024-02-28 14:07:00,083 WARNING:biomolecule.py:157:num_missing_heavy:Missing atom CD in residue LYS A 177
2024-02-28 14:07:00,083 WARNING:biomolecule.py:157:num_missing_heavy:Missing atom CE in residue LYS A 177
2024-02-28 14:07:00,084 WARNING:biomolecule.py:157:num_missing_heavy:Missing atom NZ in residue LYS A 177
2024-02-28 14:07:00,084 WARNING:biomolecule.py:157:num_missing_heavy:Missing atom CG in residue GLN A 178
2024-02-28 14:07:00,084 WARNING:biomolecule.py:157:num_missing_heavy:Missing atom CD in residue GLN A 178
2024-02-28 14:07:00,085 WARNING:biomolecule.py:157:num_missing_heavy:Missing atom OE1 in residue GLN A 178
2024-02-28 14:07:00,085 WARNING:biomolecule.py:157:num_missing_heavy:Missing atom NE2 in residue GLN A 178
2024-02-28 14:07:00,085 WARNING:biomolecule.py:157:num_missing_heavy:Missing atom CG in residue ARG A 186
2024-02-28 14:07:00,085 WARNING:biomolecule.py:157:num_missing_heavy:Missing atom CD in residue ARG A 186
2024-02-28 14:07:00,086 WARNING:biomolecule.py:157:num_missing_heavy:Missing atom NE in residue ARG A 186
2024-02-28 14:07:00,086 WARNING:biomolecule.py:157:num_missing_heavy:Missing atom CZ in residue ARG A 186
2024-02-28 14:07:00,086 WARNING:biomolecule.py:157:num_missing_heavy:Missing atom NH1 in residue ARG A 186
2024-02-28 14:07:00,086 WARNING:biomolecule.py:157:num_missing_heavy:Missing atom NH2 in residue ARG A 186
2024-02-28 14:07:00,087 WARNING:biomolecule.py:157:num_missing_heavy:Missing atom CG in residue GLU A 190
2024-02-28 14:07:00,087 WARNING:biomolecule.py:157:num_missing_heavy:Missing atom CD in residue GLU A 190
2024-02-28 14:07:00,087 WARNING:biomolecule.py:157:num_missing_heavy:Missing atom OE1 in residue GLU A 190
2024-02-28 14:07:00,087 WARNING:biomolecule.py:157:num_missing_heavy:Missing atom OE2 in residue GLU A 190
2024-02-28 14:07:00,088 WARNING:biomolecule.py:157:num_missing_heavy:Missing atom CG in residue ARG A 196
2024-02-28 14:07:00,088 WARNING:biomolecule.py:157:num_missing_heavy:Missing atom CD in residue ARG A 196
2024-02-28 14:07:00,088 WARNING:biomolecule.py:157:num_missing_heavy:Missing atom NE in residue ARG A 196
2024-02-28 14:07:00,089 WARNING:biomolecule.py:157:num_missing_heavy:Missing atom CZ in residue ARG A 196
2024-02-28 14:07:00,089 WARNING:biomolecule.py:157:num_missing_heavy:Missing atom NH1 in residue ARG A 196
2024-02-28 14:07:00,089 WARNING:biomolecule.py:157:num_missing_heavy:Missing atom NH2 in residue ARG A 196
2024-02-28 14:07:00,089 WARNING:biomolecule.py:157:num_missing_heavy:Missing atom CG in residue GLU A 199
2024-02-28 14:07:00,090 WARNING:biomolecule.py:157:num_missing_heavy:Missing atom CD in residue GLU A 199
2024-02-28 14:07:00,090 WARNING:biomolecule.py:157:num_missing_heavy:Missing atom OE1 in residue GLU A 199
2024-02-28 14:07:00,090 WARNING:biomolecule.py:157:num_missing_heavy:Missing atom OE2 in residue GLU A 199
2024-02-28 14:07:00,090 WARNING:biomolecule.py:157:num_missing_heavy:Missing atom CG in residue LYS A 200
2024-02-28 14:07:00,091 WARNING:biomolecule.py:157:num_missing_heavy:Missing atom CD in residue LYS A 200
2024-02-28 14:07:00,091 WARNING:biomolecule.py:157:num_missing_heavy:Missing atom CE in residue LYS A 200
2024-02-28 14:07:00,091 WARNING:biomolecule.py:157:num_missing_heavy:Missing atom NZ in residue LYS A 200
2024-02-28 14:07:00,092 WARNING:biomolecule.py:157:num_missing_heavy:Missing atom CG in residue GLU A 278
2024-02-28 14:07:00,092 WARNING:biomolecule.py:157:num_missing_heavy:Missing atom CD in residue GLU A 278
2024-02-28 14:07:00,092 WARNING:biomolecule.py:157:num_missing_heavy:Missing atom OE1 in residue GLU A 278
2024-02-28 14:07:00,092 WARNING:biomolecule.py:157:num_missing_heavy:Missing atom OE2 in residue GLU A 278
2024-02-28 14:07:00,093 WARNING:biomolecule.py:157:num_missing_heavy:Missing atom OXT in residue VAL A 285
2024-02-28 14:07:00,093 WARNING:biomolecule.py:157:num_missing_heavy:Missing atom CG in residue ARG B 155
2024-02-28 14:07:00,093 WARNING:biomolecule.py:157:num_missing_heavy:Missing atom CD in residue ARG B 155
2024-02-28 14:07:00,093 WARNING:biomolecule.py:157:num_missing_heavy:Missing atom NE in residue ARG B 155
2024-02-28 14:07:00,094 WARNING:biomolecule.py:157:num_missing_heavy:Missing atom CZ in residue ARG B 155
2024-02-28 14:07:00,094 WARNING:biomolecule.py:157:num_missing_heavy:Missing atom NH1 in residue ARG B 155
2024-02-28 14:07:00,094 WARNING:biomolecule.py:157:num_missing_heavy:Missing atom NH2 in residue ARG B 155
2024-02-28 14:07:00,095 WARNING:biomolecule.py:157:num_missing_heavy:Missing atom CG in residue ASP B 169
2024-02-28 14:07:00,095 WARNING:biomolecule.py:157:num_missing_heavy:Missing atom OD1 in residue ASP B 169
2024-02-28 14:07:00,095 WARNING:biomolecule.py:157:num_missing_heavy:Missing atom OD2 in residue ASP B 169
2024-02-28 14:07:00,095 WARNING:biomolecule.py:157:num_missing_heavy:Missing atom CG in residue GLN B 178
2024-02-28 14:07:00,096 WARNING:biomolecule.py:157:num_missing_heavy:Missing atom CD in residue GLN B 178
2024-02-28 14:07:00,096 WARNING:biomolecule.py:157:num_missing_heavy:Missing atom OE1 in residue GLN B 178
2024-02-28 14:07:00,096 WARNING:biomolecule.py:157:num_missing_heavy:Missing atom NE2 in residue GLN B 178
2024-02-28 14:07:00,097 WARNING:biomolecule.py:157:num_missing_heavy:Missing atom CG in residue ARG B 186
2024-02-28 14:07:00,097 WARNING:biomolecule.py:157:num_missing_heavy:Missing atom CD in residue ARG B 186
2024-02-28 14:07:00,097 WARNING:biomolecule.py:157:num_missing_heavy:Missing atom NE in residue ARG B 186
2024-02-28 14:07:00,097 WARNING:biomolecule.py:157:num_missing_heavy:Missing atom CZ in residue ARG B 186
2024-02-28 14:07:00,098 WARNING:biomolecule.py:157:num_missing_heavy:Missing atom NH1 in residue ARG B 186
2024-02-28 14:07:00,098 WARNING:biomolecule.py:157:num_missing_heavy:Missing atom NH2 in residue ARG B 186
2024-02-28 14:07:00,098 WARNING:biomolecule.py:157:num_missing_heavy:Missing atom CG1 in residue VAL B 189
2024-02-28 14:07:00,098 WARNING:biomolecule.py:157:num_missing_heavy:Missing atom CG2 in residue VAL B 189
2024-02-28 14:07:00,099 WARNING:biomolecule.py:157:num_missing_heavy:Missing atom CG in residue GLU B 190
2024-02-28 14:07:00,099 WARNING:biomolecule.py:157:num_missing_heavy:Missing atom CD in residue GLU B 190
2024-02-28 14:07:00,099 WARNING:biomolecule.py:157:num_missing_heavy:Missing atom OE1 in residue GLU B 190
2024-02-28 14:07:00,099 WARNING:biomolecule.py:157:num_missing_heavy:Missing atom OE2 in residue GLU B 190
2024-02-28 14:07:00,100 WARNING:biomolecule.py:157:num_missing_heavy:Missing atom CG in residue ARG B 196
2024-02-28 14:07:00,100 WARNING:biomolecule.py:157:num_missing_heavy:Missing atom CD in residue ARG B 196
2024-02-28 14:07:00,100 WARNING:biomolecule.py:157:num_missing_heavy:Missing atom NE in residue ARG B 196
2024-02-28 14:07:00,101 WARNING:biomolecule.py:157:num_missing_heavy:Missing atom CZ in residue ARG B 196
2024-02-28 14:07:00,101 WARNING:biomolecule.py:157:num_missing_heavy:Missing atom NH1 in residue ARG B 196
2024-02-28 14:07:00,101 WARNING:biomolecule.py:157:num_missing_heavy:Missing atom NH2 in residue ARG B 196
2024-02-28 14:07:00,102 WARNING:biomolecule.py:157:num_missing_heavy:Missing atom CG in residue GLU B 243
2024-02-28 14:07:00,102 WARNING:biomolecule.py:157:num_missing_heavy:Missing atom CD in residue GLU B 243
2024-02-28 14:07:00,102 WARNING:biomolecule.py:157:num_missing_heavy:Missing atom OE1 in residue GLU B 243
2024-02-28 14:07:00,102 WARNING:biomolecule.py:157:num_missing_heavy:Missing atom OE2 in residue GLU B 243
2024-02-28 14:07:00,103 WARNING:biomolecule.py:157:num_missing_heavy:Missing atom CG in residue GLU B 278
2024-02-28 14:07:00,103 WARNING:biomolecule.py:157:num_missing_heavy:Missing atom CD in residue GLU B 278
2024-02-28 14:07:00,103 WARNING:biomolecule.py:157:num_missing_heavy:Missing atom OE1 in residue GLU B 278
2024-02-28 14:07:00,104 WARNING:biomolecule.py:157:num_missing_heavy:Missing atom OE2 in residue GLU B 278
2024-02-28 14:07:00,104 WARNING:biomolecule.py:157:num_missing_heavy:Missing atom CG in residue LYS B 282
2024-02-28 14:07:00,104 WARNING:biomolecule.py:157:num_missing_heavy:Missing atom CD in residue LYS B 282
2024-02-28 14:07:00,105 WARNING:biomolecule.py:157:num_missing_heavy:Missing atom CE in residue LYS B 282
2024-02-28 14:07:00,105 WARNING:biomolecule.py:157:num_missing_heavy:Missing atom NZ in residue LYS B 282
2024-02-28 14:07:00,105 WARNING:biomolecule.py:157:num_missing_heavy:Missing atom OXT in residue VAL B 285
2024-02-28 14:07:00,106 WARNING:biomolecule.py:157:num_missing_heavy:Missing atom CG in residue ASN A 102
2024-02-28 14:07:00,106 WARNING:biomolecule.py:157:num_missing_heavy:Missing atom OD1 in residue ASN A 102
2024-02-28 14:07:00,106 WARNING:biomolecule.py:157:num_missing_heavy:Missing atom ND2 in residue ASN A 102
2024-02-28 14:07:00,106 WARNING:biomolecule.py:157:num_missing_heavy:Missing atom CG in residue LYS A 151
2024-02-28 14:07:00,106 WARNING:biomolecule.py:157:num_missing_heavy:Missing atom CD in residue LYS A 151
2024-02-28 14:07:00,107 WARNING:biomolecule.py:157:num_missing_heavy:Missing atom CE in residue LYS A 151
2024-02-28 14:07:00,107 WARNING:biomolecule.py:157:num_missing_heavy:Missing atom NZ in residue LYS A 151
2024-02-28 14:07:00,107 WARNING:biomolecule.py:157:num_missing_heavy:Missing atom CG in residue ARG A 155
2024-02-28 14:07:00,107 WARNING:biomolecule.py:157:num_missing_heavy:Missing atom CD in residue ARG A 155
2024-02-28 14:07:00,108 WARNING:biomolecule.py:157:num_missing_heavy:Missing atom NE in residue ARG A 155
2024-02-28 14:07:00,108 WARNING:biomolecule.py:157:num_missing_heavy:Missing atom CZ in residue ARG A 155
2024-02-28 14:07:00,108 WARNING:biomolecule.py:157:num_missing_heavy:Missing atom NH1 in residue ARG A 155
2024-02-28 14:07:00,108 WARNING:biomolecule.py:157:num_missing_heavy:Missing atom NH2 in residue ARG A 155
2024-02-28 14:07:00,109 WARNING:biomolecule.py:157:num_missing_heavy:Missing atom CG in residue LYS A 177
2024-02-28 14:07:00,109 WARNING:biomolecule.py:157:num_missing_heavy:Missing atom CD in residue LYS A 177
2024-02-28 14:07:00,109 WARNING:biomolecule.py:157:num_missing_heavy:Missing atom CE in residue LYS A 177
2024-02-28 14:07:00,110 WARNING:biomolecule.py:157:num_missing_heavy:Missing atom NZ in residue LYS A 177
2024-02-28 14:07:00,110 WARNING:biomolecule.py:157:num_missing_heavy:Missing atom CG in residue GLN A 178
2024-02-28 14:07:00,110 WARNING:biomolecule.py:157:num_missing_heavy:Missing atom CD in residue GLN A 178
2024-02-28 14:07:00,110 WARNING:biomolecule.py:157:num_missing_heavy:Missing atom OE1 in residue GLN A 178
2024-02-28 14:07:00,110 WARNING:biomolecule.py:157:num_missing_heavy:Missing atom NE2 in residue GLN A 178
2024-02-28 14:07:00,111 WARNING:biomolecule.py:157:num_missing_heavy:Missing atom CG in residue ARG A 186
2024-02-28 14:07:00,111 WARNING:biomolecule.py:157:num_missing_heavy:Missing atom CD in residue ARG A 186
2024-02-28 14:07:00,111 WARNING:biomolecule.py:157:num_missing_heavy:Missing atom NE in residue ARG A 186
2024-02-28 14:07:00,112 WARNING:biomolecule.py:157:num_missing_heavy:Missing atom CZ in residue ARG A 186
2024-02-28 14:07:00,112 WARNING:biomolecule.py:157:num_missing_heavy:Missing atom NH1 in residue ARG A 186
2024-02-28 14:07:00,112 WARNING:biomolecule.py:157:num_missing_heavy:Missing atom NH2 in residue ARG A 186
2024-02-28 14:07:00,112 WARNING:biomolecule.py:157:num_missing_heavy:Missing atom CG in residue GLU A 190
2024-02-28 14:07:00,113 WARNING:biomolecule.py:157:num_missing_heavy:Missing atom CD in residue GLU A 190
2024-02-28 14:07:00,113 WARNING:biomolecule.py:157:num_missing_heavy:Missing atom OE1 in residue GLU A 190
2024-02-28 14:07:00,113 WARNING:biomolecule.py:157:num_missing_heavy:Missing atom OE2 in residue GLU A 190
2024-02-28 14:07:00,114 WARNING:biomolecule.py:157:num_missing_heavy:Missing atom CG in residue ARG A 196
2024-02-28 14:07:00,114 WARNING:biomolecule.py:157:num_missing_heavy:Missing atom CD in residue ARG A 196
2024-02-28 14:07:00,114 WARNING:biomolecule.py:157:num_missing_heavy:Missing atom NE in residue ARG A 196
2024-02-28 14:07:00,114 WARNING:biomolecule.py:157:num_missing_heavy:Missing atom CZ in residue ARG A 196
2024-02-28 14:07:00,115 WARNING:biomolecule.py:157:num_missing_heavy:Missing atom NH1 in residue ARG A 196
2024-02-28 14:07:00,115 WARNING:biomolecule.py:157:num_missing_heavy:Missing atom NH2 in residue ARG A 196
2024-02-28 14:07:00,115 WARNING:biomolecule.py:157:num_missing_heavy:Missing atom CG in residue GLU A 199
2024-02-28 14:07:00,116 WARNING:biomolecule.py:157:num_missing_heavy:Missing atom CD in residue GLU A 199
2024-02-28 14:07:00,116 WARNING:biomolecule.py:157:num_missing_heavy:Missing atom OE1 in residue GLU A 199
2024-02-28 14:07:00,116 WARNING:biomolecule.py:157:num_missing_heavy:Missing atom OE2 in residue GLU A 199
2024-02-28 14:07:00,116 WARNING:biomolecule.py:157:num_missing_heavy:Missing atom CG in residue LYS A 200
2024-02-28 14:07:00,117 WARNING:biomolecule.py:157:num_missing_heavy:Missing atom CD in residue LYS A 200
2024-02-28 14:07:00,117 WARNING:biomolecule.py:157:num_missing_heavy:Missing atom CE in residue LYS A 200
2024-02-28 14:07:00,117 WARNING:biomolecule.py:157:num_missing_heavy:Missing atom NZ in residue LYS A 200
2024-02-28 14:07:00,118 WARNING:biomolecule.py:157:num_missing_heavy:Missing atom CG in residue GLU A 278
2024-02-28 14:07:00,118 WARNING:biomolecule.py:157:num_missing_heavy:Missing atom CD in residue GLU A 278
2024-02-28 14:07:00,118 WARNING:biomolecule.py:157:num_missing_heavy:Missing atom OE1 in residue GLU A 278
2024-02-28 14:07:00,118 WARNING:biomolecule.py:157:num_missing_heavy:Missing atom OE2 in residue GLU A 278
2024-02-28 14:07:00,118 WARNING:biomolecule.py:157:num_missing_heavy:Missing atom OXT in residue VAL A 285
2024-02-28 14:07:00,119 WARNING:biomolecule.py:157:num_missing_heavy:Missing atom CG in residue ARG B 155
2024-02-28 14:07:00,119 WARNING:biomolecule.py:157:num_missing_heavy:Missing atom CD in residue ARG B 155
2024-02-28 14:07:00,119 WARNING:biomolecule.py:157:num_missing_heavy:Missing atom NE in residue ARG B 155
2024-02-28 14:07:00,119 WARNING:biomolecule.py:157:num_missing_heavy:Missing atom CZ in residue ARG B 155
2024-02-28 14:07:00,119 WARNING:biomolecule.py:157:num_missing_heavy:Missing atom NH1 in residue ARG B 155
2024-02-28 14:07:00,120 WARNING:biomolecule.py:157:num_missing_heavy:Missing atom NH2 in residue ARG B 155
2024-02-28 14:07:00,120 WARNING:biomolecule.py:157:num_missing_heavy:Missing atom CG in residue ASP B 169
2024-02-28 14:07:00,120 WARNING:biomolecule.py:157:num_missing_heavy:Missing atom OD1 in residue ASP B 169
2024-02-28 14:07:00,121 WARNING:biomolecule.py:157:num_missing_heavy:Missing atom OD2 in residue ASP B 169
2024-02-28 14:07:00,121 WARNING:biomolecule.py:157:num_missing_heavy:Missing atom CG in residue GLN B 178
2024-02-28 14:07:00,121 WARNING:biomolecule.py:157:num_missing_heavy:Missing atom CD in residue GLN B 178
2024-02-28 14:07:00,121 WARNING:biomolecule.py:157:num_missing_heavy:Missing atom OE1 in residue GLN B 178
2024-02-28 14:07:00,122 WARNING:biomolecule.py:157:num_missing_heavy:Missing atom NE2 in residue GLN B 178
2024-02-28 14:07:00,122 WARNING:biomolecule.py:157:num_missing_heavy:Missing atom CG in residue ARG B 186
2024-02-28 14:07:00,122 WARNING:biomolecule.py:157:num_missing_heavy:Missing atom CD in residue ARG B 186
2024-02-28 14:07:00,123 WARNING:biomolecule.py:157:num_missing_heavy:Missing atom NE in residue ARG B 186
2024-02-28 14:07:00,123 WARNING:biomolecule.py:157:num_missing_heavy:Missing atom CZ in residue ARG B 186
2024-02-28 14:07:00,123 WARNING:biomolecule.py:157:num_missing_heavy:Missing atom NH1 in residue ARG B 186
2024-02-28 14:07:00,123 WARNING:biomolecule.py:157:num_missing_heavy:Missing atom NH2 in residue ARG B 186
2024-02-28 14:07:00,124 WARNING:biomolecule.py:157:num_missing_heavy:Missing atom CG1 in residue VAL B 189
2024-02-28 14:07:00,124 WARNING:biomolecule.py:157:num_missing_heavy:Missing atom CG2 in residue VAL B 189
2024-02-28 14:07:00,124 WARNING:biomolecule.py:157:num_missing_heavy:Missing atom CG in residue GLU B 190
2024-02-28 14:07:00,125 WARNING:biomolecule.py:157:num_missing_heavy:Missing atom CD in residue GLU B 190
2024-02-28 14:07:00,125 WARNING:biomolecule.py:157:num_missing_heavy:Missing atom OE1 in residue GLU B 190
2024-02-28 14:07:00,125 WARNING:biomolecule.py:157:num_missing_heavy:Missing atom OE2 in residue GLU B 190
2024-02-28 14:07:00,125 WARNING:biomolecule.py:157:num_missing_heavy:Missing atom CG in residue ARG B 196
2024-02-28 14:07:00,126 WARNING:biomolecule.py:157:num_missing_heavy:Missing atom CD in residue ARG B 196
2024-02-28 14:07:00,126 WARNING:biomolecule.py:157:num_missing_heavy:Missing atom NE in residue ARG B 196
2024-02-28 14:07:00,126 WARNING:biomolecule.py:157:num_missing_heavy:Missing atom CZ in residue ARG B 196
2024-02-28 14:07:00,127 WARNING:biomolecule.py:157:num_missing_heavy:Missing atom NH1 in residue ARG B 196
2024-02-28 14:07:00,127 WARNING:biomolecule.py:157:num_missing_heavy:Missing atom NH2 in residue ARG B 196
2024-02-28 14:07:00,127 WARNING:biomolecule.py:157:num_missing_heavy:Missing atom CG in residue GLU B 243
2024-02-28 14:07:00,127 WARNING:biomolecule.py:157:num_missing_heavy:Missing atom CD in residue GLU B 243
2024-02-28 14:07:00,128 WARNING:biomolecule.py:157:num_missing_heavy:Missing atom OE1 in residue GLU B 243
2024-02-28 14:07:00,128 WARNING:biomolecule.py:157:num_missing_heavy:Missing atom OE2 in residue GLU B 243
2024-02-28 14:07:00,128 WARNING:biomolecule.py:157:num_missing_heavy:Missing atom CG in residue GLU B 278
2024-02-28 14:07:00,129 WARNING:biomolecule.py:157:num_missing_heavy:Missing atom CD in residue GLU B 278
2024-02-28 14:07:00,129 WARNING:biomolecule.py:157:num_missing_heavy:Missing atom OE1 in residue GLU B 278
2024-02-28 14:07:00,129 WARNING:biomolecule.py:157:num_missing_heavy:Missing atom OE2 in residue GLU B 278
2024-02-28 14:07:00,129 WARNING:biomolecule.py:157:num_missing_heavy:Missing atom CG in residue LYS B 282
2024-02-28 14:07:00,129 WARNING:biomolecule.py:157:num_missing_heavy:Missing atom CD in residue LYS B 282
2024-02-28 14:07:00,129 WARNING:biomolecule.py:157:num_missing_heavy:Missing atom CE in residue LYS B 282
2024-02-28 14:07:00,129 WARNING:biomolecule.py:157:num_missing_heavy:Missing atom NZ in residue LYS B 282
2024-02-28 14:07:00,129 WARNING:biomolecule.py:157:num_missing_heavy:Missing atom OXT in residue VAL B 285
2024-02-28 14:07:01,660 WARNING:main.py:311:print_pqr:Ignoring 1374 header lines in output.
2024-02-28 14:07:01,660 WARNING:main.py:315:print_pqr:Ignoring 18 missing lines in output.
