2024-02-28 14:07:11,403 WARNING:biomolecule.py:992:create_residue:Unable to find amino or nucleic acid definition for LP1.  Parsing as new residue.
2024-02-28 14:07:11,404 WARNING:main.py:418:setup_molecule:Multiple occupancies found: N in VAL A 59.
2024-02-28 14:07:11,404 WARNING:main.py:418:setup_molecule:Multiple occupancies found: CA in VAL A 59.
2024-02-28 14:07:11,404 WARNING:main.py:418:setup_molecule:Multiple occupancies found: C in VAL A 59.
2024-02-28 14:07:11,404 WARNING:main.py:418:setup_molecule:Multiple occupancies found: O in VAL A 59.
2024-02-28 14:07:11,404 WARNING:main.py:418:setup_molecule:Multiple occupancies found: CB in VAL A 59.
2024-02-28 14:07:11,405 WARNING:main.py:418:setup_molecule:Multiple occupancies found: CG1 in VAL A 59.
2024-02-28 14:07:11,405 WARNING:main.py:418:setup_molecule:Multiple occupancies found: CG2 in VAL A 59.
2024-02-28 14:07:11,405 WARNING:main.py:424:setup_molecule:Multiple occupancies found in VAL A 59. At least one of the instances is being ignored.
2024-02-28 14:07:11,405 WARNING:main.py:418:setup_molecule:Multiple occupancies found: N in GLY A 60.
2024-02-28 14:07:11,405 WARNING:main.py:418:setup_molecule:Multiple occupancies found: CA in GLY A 60.
2024-02-28 14:07:11,406 WARNING:main.py:418:setup_molecule:Multiple occupancies found: C in GLY A 60.
2024-02-28 14:07:11,406 WARNING:main.py:418:setup_molecule:Multiple occupancies found: O in GLY A 60.
2024-02-28 14:07:11,406 WARNING:main.py:424:setup_molecule:Multiple occupancies found in GLY A 60. At least one of the instances is being ignored.
2024-02-28 14:07:11,406 WARNING:main.py:418:setup_molecule:Multiple occupancies found: N in GLY A 61.
2024-02-28 14:07:11,406 WARNING:main.py:418:setup_molecule:Multiple occupancies found: CA in GLY A 61.
2024-02-28 14:07:11,406 WARNING:main.py:418:setup_molecule:Multiple occupancies found: C in GLY A 61.
2024-02-28 14:07:11,407 WARNING:main.py:418:setup_molecule:Multiple occupancies found: O in GLY A 61.
2024-02-28 14:07:11,407 WARNING:main.py:424:setup_molecule:Multiple occupancies found in GLY A 61. At least one of the instances is being ignored.
2024-02-28 14:07:11,407 WARNING:main.py:418:setup_molecule:Multiple occupancies found: C1 in LP1 A 201.
2024-02-28 14:07:11,407 WARNING:main.py:418:setup_molecule:Multiple occupancies found: C2 in LP1 A 201.
2024-02-28 14:07:11,407 WARNING:main.py:418:setup_molecule:Multiple occupancies found: C7 in LP1 A 201.
2024-02-28 14:07:11,407 WARNING:main.py:418:setup_molecule:Multiple occupancies found: C8 in LP1 A 201.
2024-02-28 14:07:11,407 WARNING:main.py:418:setup_molecule:Multiple occupancies found: C9 in LP1 A 201.
2024-02-28 14:07:11,408 WARNING:main.py:418:setup_molecule:Multiple occupancies found: C10 in LP1 A 201.
2024-02-28 14:07:11,408 WARNING:main.py:418:setup_molecule:Multiple occupancies found: C11 in LP1 A 201.
2024-02-28 14:07:11,408 WARNING:main.py:418:setup_molecule:Multiple occupancies found: C12 in LP1 A 201.
2024-02-28 14:07:11,408 WARNING:main.py:418:setup_molecule:Multiple occupancies found: C13 in LP1 A 201.
2024-02-28 14:07:11,408 WARNING:main.py:418:setup_molecule:Multiple occupancies found: C14 in LP1 A 201.
2024-02-28 14:07:11,408 WARNING:main.py:418:setup_molecule:Multiple occupancies found: C15 in LP1 A 201.
2024-02-28 14:07:11,408 WARNING:main.py:418:setup_molecule:Multiple occupancies found: C16 in LP1 A 201.
2024-02-28 14:07:11,408 WARNING:main.py:418:setup_molecule:Multiple occupancies found: C20 in LP1 A 201.
2024-02-28 14:07:11,409 WARNING:main.py:418:setup_molecule:Multiple occupancies found: C21 in LP1 A 201.
2024-02-28 14:07:11,409 WARNING:main.py:418:setup_molecule:Multiple occupancies found: C24 in LP1 A 201.
2024-02-28 14:07:11,409 WARNING:main.py:418:setup_molecule:Multiple occupancies found: N26 in LP1 A 201.
2024-02-28 14:07:11,409 WARNING:main.py:418:setup_molecule:Multiple occupancies found: C27 in LP1 A 201.
2024-02-28 14:07:11,409 WARNING:main.py:418:setup_molecule:Multiple occupancies found: C30 in LP1 A 201.
2024-02-28 14:07:11,409 WARNING:main.py:418:setup_molecule:Multiple occupancies found: C31 in LP1 A 201.
2024-02-28 14:07:11,410 WARNING:main.py:418:setup_molecule:Multiple occupancies found: C32 in LP1 A 201.
2024-02-28 14:07:11,410 WARNING:main.py:418:setup_molecule:Multiple occupancies found: C33 in LP1 A 201.
2024-02-28 14:07:11,410 WARNING:main.py:418:setup_molecule:Multiple occupancies found: C35 in LP1 A 201.
2024-02-28 14:07:11,410 WARNING:main.py:418:setup_molecule:Multiple occupancies found: O3 in LP1 A 201.
2024-02-28 14:07:11,410 WARNING:main.py:418:setup_molecule:Multiple occupancies found: N4 in LP1 A 201.
2024-02-28 14:07:11,410 WARNING:main.py:418:setup_molecule:Multiple occupancies found: C5 in LP1 A 201.
2024-02-28 14:07:11,411 WARNING:main.py:418:setup_molecule:Multiple occupancies found: C6 in LP1 A 201.
2024-02-28 14:07:11,411 WARNING:main.py:418:setup_molecule:Multiple occupancies found: C17 in LP1 A 201.
2024-02-28 14:07:11,411 WARNING:main.py:418:setup_molecule:Multiple occupancies found: O18 in LP1 A 201.
2024-02-28 14:07:11,411 WARNING:main.py:418:setup_molecule:Multiple occupancies found: N19 in LP1 A 201.
2024-02-28 14:07:11,411 WARNING:main.py:418:setup_molecule:Multiple occupancies found: O22 in LP1 A 201.
2024-02-28 14:07:11,411 WARNING:main.py:418:setup_molecule:Multiple occupancies found: C23 in LP1 A 201.
2024-02-28 14:07:11,412 WARNING:main.py:418:setup_molecule:Multiple occupancies found: C25 in LP1 A 201.
2024-02-28 14:07:11,412 WARNING:main.py:418:setup_molecule:Multiple occupancies found: C28 in LP1 A 201.
2024-02-28 14:07:11,412 WARNING:main.py:418:setup_molecule:Multiple occupancies found: C29 in LP1 A 201.
2024-02-28 14:07:11,412 WARNING:main.py:418:setup_molecule:Multiple occupancies found: O34 in LP1 A 201.
2024-02-28 14:07:11,412 WARNING:main.py:418:setup_molecule:Multiple occupancies found: O36 in LP1 A 201.
2024-02-28 14:07:11,412 WARNING:main.py:418:setup_molecule:Multiple occupancies found: N37 in LP1 A 201.
2024-02-28 14:07:11,412 WARNING:main.py:418:setup_molecule:Multiple occupancies found: C38 in LP1 A 201.
2024-02-28 14:07:11,412 WARNING:main.py:418:setup_molecule:Multiple occupancies found: C39 in LP1 A 201.
2024-02-28 14:07:11,413 WARNING:main.py:418:setup_molecule:Multiple occupancies found: C40 in LP1 A 201.
2024-02-28 14:07:11,413 WARNING:main.py:418:setup_molecule:Multiple occupancies found: C41 in LP1 A 201.
2024-02-28 14:07:11,413 WARNING:main.py:418:setup_molecule:Multiple occupancies found: O42 in LP1 A 201.
2024-02-28 14:07:11,413 WARNING:main.py:418:setup_molecule:Multiple occupancies found: N43 in LP1 A 201.
2024-02-28 14:07:11,413 WARNING:main.py:418:setup_molecule:Multiple occupancies found: C44 in LP1 A 201.
2024-02-28 14:07:11,413 WARNING:main.py:418:setup_molecule:Multiple occupancies found: C45 in LP1 A 201.
2024-02-28 14:07:11,414 WARNING:main.py:418:setup_molecule:Multiple occupancies found: C46 in LP1 A 201.
2024-02-28 14:07:11,414 WARNING:main.py:418:setup_molecule:Multiple occupancies found: C47 in LP1 A 201.
2024-02-28 14:07:11,414 WARNING:main.py:418:setup_molecule:Multiple occupancies found: C48 in LP1 A 201.
2024-02-28 14:07:11,414 WARNING:main.py:418:setup_molecule:Multiple occupancies found: C49 in LP1 A 201.
2024-02-28 14:07:11,414 WARNING:main.py:418:setup_molecule:Multiple occupancies found: C50 in LP1 A 201.
2024-02-28 14:07:11,414 WARNING:main.py:418:setup_molecule:Multiple occupancies found: C51 in LP1 A 201.
2024-02-28 14:07:11,414 WARNING:main.py:418:setup_molecule:Multiple occupancies found: C52 in LP1 A 201.
2024-02-28 14:07:11,414 WARNING:main.py:418:setup_molecule:Multiple occupancies found: C53 in LP1 A 201.
2024-02-28 14:07:11,415 WARNING:main.py:418:setup_molecule:Multiple occupancies found: C54 in LP1 A 201.
2024-02-28 14:07:11,415 WARNING:main.py:418:setup_molecule:Multiple occupancies found: C55 in LP1 A 201.
2024-02-28 14:07:11,415 WARNING:main.py:418:setup_molecule:Multiple occupancies found: C56 in LP1 A 201.
2024-02-28 14:07:11,415 WARNING:main.py:418:setup_molecule:Multiple occupancies found: O57 in LP1 A 201.
2024-02-28 14:07:11,415 WARNING:main.py:418:setup_molecule:Multiple occupancies found: N58 in LP1 A 201.
2024-02-28 14:07:11,415 WARNING:main.py:424:setup_molecule:Multiple occupancies found in LP1 A 201. At least one of the instances is being ignored.
2024-02-28 14:07:11,426 WARNING:biomolecule.py:157:num_missing_heavy:Missing atom CG in residue ARG A 64
2024-02-28 14:07:11,426 WARNING:biomolecule.py:157:num_missing_heavy:Missing atom CD in residue ARG A 64
2024-02-28 14:07:11,426 WARNING:biomolecule.py:157:num_missing_heavy:Missing atom NE in residue ARG A 64
2024-02-28 14:07:11,426 WARNING:biomolecule.py:157:num_missing_heavy:Missing atom CZ in residue ARG A 64
2024-02-28 14:07:11,426 WARNING:biomolecule.py:157:num_missing_heavy:Missing atom NH1 in residue ARG A 64
2024-02-28 14:07:11,427 WARNING:biomolecule.py:157:num_missing_heavy:Missing atom NH2 in residue ARG A 64
2024-02-28 14:07:11,427 WARNING:biomolecule.py:157:num_missing_heavy:Missing atom CD in residue GLU A 78
2024-02-28 14:07:11,427 WARNING:biomolecule.py:157:num_missing_heavy:Missing atom OE1 in residue GLU A 78
2024-02-28 14:07:11,427 WARNING:biomolecule.py:157:num_missing_heavy:Missing atom OE2 in residue GLU A 78
2024-02-28 14:07:11,428 WARNING:biomolecule.py:157:num_missing_heavy:Missing atom CG in residue ARG A 64
2024-02-28 14:07:11,428 WARNING:biomolecule.py:157:num_missing_heavy:Missing atom CD in residue ARG A 64
2024-02-28 14:07:11,428 WARNING:biomolecule.py:157:num_missing_heavy:Missing atom NE in residue ARG A 64
2024-02-28 14:07:11,428 WARNING:biomolecule.py:157:num_missing_heavy:Missing atom CZ in residue ARG A 64
2024-02-28 14:07:11,429 WARNING:biomolecule.py:157:num_missing_heavy:Missing atom NH1 in residue ARG A 64
2024-02-28 14:07:11,429 WARNING:biomolecule.py:157:num_missing_heavy:Missing atom NH2 in residue ARG A 64
2024-02-28 14:07:11,429 WARNING:biomolecule.py:157:num_missing_heavy:Missing atom CD in residue GLU A 78
2024-02-28 14:07:11,430 WARNING:biomolecule.py:157:num_missing_heavy:Missing atom OE1 in residue GLU A 78
2024-02-28 14:07:11,430 WARNING:biomolecule.py:157:num_missing_heavy:Missing atom OE2 in residue GLU A 78
2024-02-28 14:07:11,430 WARNING:biomolecule.py:157:num_missing_heavy:Missing atom CG in residue ARG A 64
2024-02-28 14:07:11,430 WARNING:biomolecule.py:157:num_missing_heavy:Missing atom CD in residue ARG A 64
2024-02-28 14:07:11,430 WARNING:biomolecule.py:157:num_missing_heavy:Missing atom NE in residue ARG A 64
2024-02-28 14:07:11,431 WARNING:biomolecule.py:157:num_missing_heavy:Missing atom CZ in residue ARG A 64
2024-02-28 14:07:11,431 WARNING:biomolecule.py:157:num_missing_heavy:Missing atom NH1 in residue ARG A 64
2024-02-28 14:07:11,431 WARNING:biomolecule.py:157:num_missing_heavy:Missing atom NH2 in residue ARG A 64
2024-02-28 14:07:11,431 WARNING:biomolecule.py:157:num_missing_heavy:Missing atom CD in residue GLU A 78
2024-02-28 14:07:11,432 WARNING:biomolecule.py:157:num_missing_heavy:Missing atom OE1 in residue GLU A 78
2024-02-28 14:07:11,432 WARNING:biomolecule.py:157:num_missing_heavy:Missing atom OE2 in residue GLU A 78
2024-02-28 14:07:11,743 WARNING:main.py:311:print_pqr:Ignoring 2663 header lines in output.
2024-02-28 14:07:11,743 WARNING:main.py:315:print_pqr:Ignoring 58 missing lines in output.
