2024-02-28 14:07:18,098 WARNING:biomolecule.py:992:create_residue:Unable to find amino or nucleic acid definition for TYS.  Parsing as new residue.
2024-02-28 14:07:18,110 WARNING:biomolecule.py:992:create_residue:Unable to find amino or nucleic acid definition for NA.  Parsing as new residue.
2024-02-28 14:07:18,110 WARNING:biomolecule.py:992:create_residue:Unable to find amino or nucleic acid definition for NA.  Parsing as new residue.
2024-02-28 14:07:18,110 WARNING:biomolecule.py:992:create_residue:Unable to find amino or nucleic acid definition for 00P.  Parsing as new residue.
2024-02-28 14:07:18,137 WARNING:biomolecule.py:615:update_bonds:Gap in backbone detected between ASP A 14L and ILE A 16!
2024-02-28 14:07:18,546 WARNING:biomolecule.py:615:update_bonds:Gap in backbone detected between THR A 147 and GLY A 150!
2024-02-28 14:07:18,572 WARNING:biomolecule.py:157:num_missing_heavy:Missing atom CG in residue LYS A 236
2024-02-28 14:07:18,572 WARNING:biomolecule.py:157:num_missing_heavy:Missing atom CD in residue LYS A 236
2024-02-28 14:07:18,572 WARNING:biomolecule.py:157:num_missing_heavy:Missing atom CE in residue LYS A 236
2024-02-28 14:07:18,573 WARNING:biomolecule.py:157:num_missing_heavy:Missing atom NZ in residue LYS A 236
2024-02-28 14:07:18,573 WARNING:biomolecule.py:157:num_missing_heavy:Missing atom CB in residue GLU I 358
2024-02-28 14:07:18,573 WARNING:biomolecule.py:157:num_missing_heavy:Missing atom CG in residue GLU I 358
2024-02-28 14:07:18,573 WARNING:biomolecule.py:157:num_missing_heavy:Missing atom CD in residue GLU I 358
2024-02-28 14:07:18,941 WARNING:biomolecule.py:157:num_missing_heavy:Missing atom OE1 in residue GLU I 358
2024-02-28 14:07:18,941 WARNING:biomolecule.py:157:num_missing_heavy:Missing atom OE2 in residue GLU I 358
2024-02-28 14:07:18,941 WARNING:biomolecule.py:157:num_missing_heavy:Missing atom CB in residue GLU I 362
2024-02-28 14:07:18,941 WARNING:biomolecule.py:157:num_missing_heavy:Missing atom CG in residue GLU I 362
2024-02-28 14:07:18,941 WARNING:biomolecule.py:157:num_missing_heavy:Missing atom CD in residue GLU I 362
2024-02-28 14:07:18,941 WARNING:biomolecule.py:157:num_missing_heavy:Missing atom OE1 in residue GLU I 362
2024-02-28 14:07:18,941 WARNING:biomolecule.py:157:num_missing_heavy:Missing atom OE2 in residue GLU I 362
2024-02-28 14:07:18,942 WARNING:biomolecule.py:157:num_missing_heavy:Missing atom OXT in residue LEU I 364
2024-02-28 14:07:18,943 WARNING:biomolecule.py:157:num_missing_heavy:Missing atom CG in residue LYS A 236
2024-02-28 14:07:18,943 WARNING:biomolecule.py:157:num_missing_heavy:Missing atom CD in residue LYS A 236
2024-02-28 14:07:18,943 WARNING:biomolecule.py:157:num_missing_heavy:Missing atom CE in residue LYS A 236
2024-02-28 14:07:18,943 WARNING:biomolecule.py:157:num_missing_heavy:Missing atom NZ in residue LYS A 236
2024-02-28 14:07:18,943 WARNING:biomolecule.py:157:num_missing_heavy:Missing atom CB in residue GLU I 358
2024-02-28 14:07:18,943 WARNING:biomolecule.py:157:num_missing_heavy:Missing atom CG in residue GLU I 358
2024-02-28 14:07:18,943 WARNING:biomolecule.py:157:num_missing_heavy:Missing atom CD in residue GLU I 358
2024-02-28 14:07:18,943 WARNING:biomolecule.py:157:num_missing_heavy:Missing atom OE1 in residue GLU I 358
2024-02-28 14:07:18,943 WARNING:biomolecule.py:157:num_missing_heavy:Missing atom OE2 in residue GLU I 358
2024-02-28 14:07:18,943 WARNING:biomolecule.py:157:num_missing_heavy:Missing atom CB in residue GLU I 362
2024-02-28 14:07:18,943 WARNING:biomolecule.py:157:num_missing_heavy:Missing atom CG in residue GLU I 362
2024-02-28 14:07:18,943 WARNING:biomolecule.py:157:num_missing_heavy:Missing atom CD in residue GLU I 362
2024-02-28 14:07:18,943 WARNING:biomolecule.py:157:num_missing_heavy:Missing atom OE1 in residue GLU I 362
2024-02-28 14:07:18,943 WARNING:biomolecule.py:157:num_missing_heavy:Missing atom OE2 in residue GLU I 362
2024-02-28 14:07:18,943 WARNING:biomolecule.py:157:num_missing_heavy:Missing atom OXT in residue LEU I 364
2024-02-28 14:07:18,944 WARNING:biomolecule.py:157:num_missing_heavy:Missing atom CG in residue LYS A 236
2024-02-28 14:07:18,944 WARNING:biomolecule.py:157:num_missing_heavy:Missing atom CD in residue LYS A 236
2024-02-28 14:07:18,944 WARNING:biomolecule.py:157:num_missing_heavy:Missing atom CE in residue LYS A 236
2024-02-28 14:07:18,945 WARNING:biomolecule.py:157:num_missing_heavy:Missing atom NZ in residue LYS A 236
2024-02-28 14:07:18,945 WARNING:biomolecule.py:157:num_missing_heavy:Missing atom CB in residue GLU I 358
2024-02-28 14:07:18,945 WARNING:biomolecule.py:157:num_missing_heavy:Missing atom CG in residue GLU I 358
2024-02-28 14:07:18,945 WARNING:biomolecule.py:157:num_missing_heavy:Missing atom CD in residue GLU I 358
2024-02-28 14:07:18,945 WARNING:biomolecule.py:157:num_missing_heavy:Missing atom OE1 in residue GLU I 358
2024-02-28 14:07:18,945 WARNING:biomolecule.py:157:num_missing_heavy:Missing atom OE2 in residue GLU I 358
2024-02-28 14:07:18,945 WARNING:biomolecule.py:157:num_missing_heavy:Missing atom CB in residue GLU I 362
2024-02-28 14:07:18,945 WARNING:biomolecule.py:157:num_missing_heavy:Missing atom CG in residue GLU I 362
2024-02-28 14:07:18,945 WARNING:biomolecule.py:157:num_missing_heavy:Missing atom CD in residue GLU I 362
2024-02-28 14:07:18,945 WARNING:biomolecule.py:157:num_missing_heavy:Missing atom OE1 in residue GLU I 362
2024-02-28 14:07:18,945 WARNING:biomolecule.py:157:num_missing_heavy:Missing atom OE2 in residue GLU I 362
2024-02-28 14:07:18,945 WARNING:biomolecule.py:157:num_missing_heavy:Missing atom OXT in residue LEU I 364
2024-02-28 14:07:21,726 WARNING:main.py:311:print_pqr:Ignoring 2464 header lines in output.
2024-02-28 14:07:21,726 WARNING:main.py:315:print_pqr:Ignoring 51 missing lines in output.
