2024-02-28 14:07:17,110 WARNING:biomolecule.py:992:create_residue:Unable to find amino or nucleic acid definition for ZN.  Parsing as new residue.
2024-02-28 14:07:17,181 WARNING:biomolecule.py:992:create_residue:Unable to find amino or nucleic acid definition for DCY.  Parsing as new residue.
2024-02-28 14:07:17,182 WARNING:main.py:418:setup_molecule:Multiple occupancies found: CB in ILE A 62.
2024-02-28 14:07:17,182 WARNING:main.py:418:setup_molecule:Multiple occupancies found: CG1 in ILE A 62.
2024-02-28 14:07:17,182 WARNING:main.py:418:setup_molecule:Multiple occupancies found: CG2 in ILE A 62.
2024-02-28 14:07:17,182 WARNING:main.py:418:setup_molecule:Multiple occupancies found: CD1 in ILE A 62.
2024-02-28 14:07:17,182 WARNING:main.py:424:setup_molecule:Multiple occupancies found in ILE A 62. At least one of the instances is being ignored.
2024-02-28 14:07:17,182 WARNING:main.py:418:setup_molecule:Multiple occupancies found: CB in SER A 95.
2024-02-28 14:07:17,182 WARNING:main.py:418:setup_molecule:Multiple occupancies found: OG in SER A 95.
2024-02-28 14:07:17,182 WARNING:main.py:424:setup_molecule:Multiple occupancies found in SER A 95. At least one of the instances is being ignored.
2024-02-28 14:07:17,182 WARNING:main.py:418:setup_molecule:Multiple occupancies found: CB in SER A 158.
2024-02-28 14:07:17,182 WARNING:main.py:418:setup_molecule:Multiple occupancies found: OG in SER A 158.
2024-02-28 14:07:17,182 WARNING:main.py:424:setup_molecule:Multiple occupancies found in SER A 158. At least one of the instances is being ignored.
2024-02-28 14:07:17,182 WARNING:main.py:418:setup_molecule:Multiple occupancies found: CB in GLU A 163.
2024-02-28 14:07:17,182 WARNING:main.py:418:setup_molecule:Multiple occupancies found: CG in GLU A 163.
2024-02-28 14:07:17,182 WARNING:main.py:418:setup_molecule:Multiple occupancies found: CD in GLU A 163.
2024-02-28 14:07:17,182 WARNING:main.py:418:setup_molecule:Multiple occupancies found: OE1 in GLU A 163.
2024-02-28 14:07:17,182 WARNING:main.py:418:setup_molecule:Multiple occupancies found: OE2 in GLU A 163.
2024-02-28 14:07:17,182 WARNING:main.py:424:setup_molecule:Multiple occupancies found in GLU A 163. At least one of the instances is being ignored.
2024-02-28 14:07:17,182 WARNING:main.py:418:setup_molecule:Multiple occupancies found: CB in ASP A 185.
2024-02-28 14:07:17,182 WARNING:main.py:418:setup_molecule:Multiple occupancies found: CG in ASP A 185.
2024-02-28 14:07:17,183 WARNING:main.py:418:setup_molecule:Multiple occupancies found: OD1 in ASP A 185.
2024-02-28 14:07:17,183 WARNING:main.py:418:setup_molecule:Multiple occupancies found: OD2 in ASP A 185.
2024-02-28 14:07:17,183 WARNING:main.py:424:setup_molecule:Multiple occupancies found in ASP A 185. At least one of the instances is being ignored.
2024-02-28 14:07:17,183 WARNING:main.py:418:setup_molecule:Multiple occupancies found: CB in SER A 194.
2024-02-28 14:07:17,183 WARNING:main.py:418:setup_molecule:Multiple occupancies found: OG in SER A 194.
2024-02-28 14:07:17,183 WARNING:main.py:424:setup_molecule:Multiple occupancies found in SER A 194. At least one of the instances is being ignored.
2024-02-28 14:07:17,183 WARNING:main.py:418:setup_molecule:Multiple occupancies found: CB in VAL A 227.
2024-02-28 14:07:17,183 WARNING:main.py:418:setup_molecule:Multiple occupancies found: CG1 in VAL A 227.
2024-02-28 14:07:17,183 WARNING:main.py:418:setup_molecule:Multiple occupancies found: CG2 in VAL A 227.
2024-02-28 14:07:17,183 WARNING:main.py:424:setup_molecule:Multiple occupancies found in VAL A 227. At least one of the instances is being ignored.
2024-02-28 14:07:17,183 WARNING:main.py:418:setup_molecule:Multiple occupancies found: CB in SER A 237.
2024-02-28 14:07:17,183 WARNING:main.py:418:setup_molecule:Multiple occupancies found: OG in SER A 237.
2024-02-28 14:07:17,183 WARNING:main.py:424:setup_molecule:Multiple occupancies found in SER A 237. At least one of the instances is being ignored.
2024-02-28 14:07:17,183 WARNING:main.py:418:setup_molecule:Multiple occupancies found: CB in GLN A 261.
2024-02-28 14:07:17,183 WARNING:main.py:418:setup_molecule:Multiple occupancies found: CG in GLN A 261.
2024-02-28 14:07:17,183 WARNING:main.py:418:setup_molecule:Multiple occupancies found: CD in GLN A 261.
2024-02-28 14:07:17,183 WARNING:main.py:418:setup_molecule:Multiple occupancies found: OE1 in GLN A 261.
2024-02-28 14:07:17,183 WARNING:main.py:418:setup_molecule:Multiple occupancies found: NE2 in GLN A 261.
2024-02-28 14:07:17,183 WARNING:main.py:424:setup_molecule:Multiple occupancies found in GLN A 261. At least one of the instances is being ignored.
2024-02-28 14:07:17,183 WARNING:main.py:418:setup_molecule:Multiple occupancies found: CB in THR A 268.
2024-02-28 14:07:17,183 WARNING:main.py:418:setup_molecule:Multiple occupancies found: OG1 in THR A 268.
2024-02-28 14:07:17,183 WARNING:main.py:418:setup_molecule:Multiple occupancies found: CG2 in THR A 268.
2024-02-28 14:07:17,183 WARNING:main.py:424:setup_molecule:Multiple occupancies found in THR A 268. At least one of the instances is being ignored.
2024-02-28 14:07:17,183 WARNING:main.py:418:setup_molecule:Multiple occupancies found: CB in HIS A 303.
2024-02-28 14:07:17,183 WARNING:main.py:418:setup_molecule:Multiple occupancies found: CG in HIS A 303.
2024-02-28 14:07:17,183 WARNING:main.py:418:setup_molecule:Multiple occupancies found: ND1 in HIS A 303.
2024-02-28 14:07:17,183 WARNING:main.py:418:setup_molecule:Multiple occupancies found: CD2 in HIS A 303.
2024-02-28 14:07:17,183 WARNING:main.py:418:setup_molecule:Multiple occupancies found: CE1 in HIS A 303.
2024-02-28 14:07:17,183 WARNING:main.py:418:setup_molecule:Multiple occupancies found: NE2 in HIS A 303.
2024-02-28 14:07:17,183 WARNING:main.py:424:setup_molecule:Multiple occupancies found in HIS A 303. At least one of the instances is being ignored.
2024-02-28 14:07:21,553 WARNING:main.py:311:print_pqr:Ignoring 1020 header lines in output.
2024-02-28 14:07:21,556 WARNING:main.py:315:print_pqr:Ignoring 8 missing lines in output.
