2024-02-28 14:07:17,938 WARNING:biomolecule.py:992:create_residue:Unable to find amino or nucleic acid definition for JE2.  Parsing as new residue.
2024-02-28 14:07:18,353 WARNING:biomolecule.py:992:create_residue:Unable to find amino or nucleic acid definition for CL.  Parsing as new residue.
2024-02-28 14:07:18,353 WARNING:biomolecule.py:992:create_residue:Unable to find amino or nucleic acid definition for CL.  Parsing as new residue.
2024-02-28 14:07:18,354 WARNING:biomolecule.py:992:create_residue:Unable to find amino or nucleic acid definition for EDO.  Parsing as new residue.
2024-02-28 14:07:18,354 WARNING:biomolecule.py:992:create_residue:Unable to find amino or nucleic acid definition for EDO.  Parsing as new residue.
2024-02-28 14:07:18,354 WARNING:biomolecule.py:992:create_residue:Unable to find amino or nucleic acid definition for EDO.  Parsing as new residue.
2024-02-28 14:07:18,354 WARNING:biomolecule.py:992:create_residue:Unable to find amino or nucleic acid definition for EDO.  Parsing as new residue.
2024-02-28 14:07:18,354 WARNING:biomolecule.py:992:create_residue:Unable to find amino or nucleic acid definition for CL.  Parsing as new residue.
2024-02-28 14:07:18,354 WARNING:biomolecule.py:992:create_residue:Unable to find amino or nucleic acid definition for CL.  Parsing as new residue.
2024-02-28 14:07:18,354 WARNING:io.py:40:filter:Suppressing further "Unable to find amino or nucleic acid definition for" messages
2024-02-28 14:07:18,355 WARNING:main.py:418:setup_molecule:Multiple occupancies found: CB in GLN A 2.
2024-02-28 14:07:18,355 WARNING:main.py:418:setup_molecule:Multiple occupancies found: CG in GLN A 2.
2024-02-28 14:07:18,355 WARNING:main.py:418:setup_molecule:Multiple occupancies found: CD in GLN A 2.
2024-02-28 14:07:18,355 WARNING:main.py:418:setup_molecule:Multiple occupancies found: OE1 in GLN A 2.
2024-02-28 14:07:18,355 WARNING:main.py:418:setup_molecule:Multiple occupancies found: NE2 in GLN A 2.
2024-02-28 14:07:18,355 WARNING:main.py:418:setup_molecule:Multiple occupancies found: HG2 in GLN A 2.
2024-02-28 14:07:18,355 WARNING:main.py:418:setup_molecule:Multiple occupancies found: HG3 in GLN A 2.
2024-02-28 14:07:18,355 WARNING:main.py:418:setup_molecule:Multiple occupancies found: HE21 in GLN A 2.
2024-02-28 14:07:18,355 WARNING:main.py:418:setup_molecule:Multiple occupancies found: HE22 in GLN A 2.
2024-02-28 14:07:18,355 WARNING:main.py:424:setup_molecule:Multiple occupancies found in GLN A 2. At least one of the instances is being ignored.
2024-02-28 14:07:18,355 WARNING:main.py:418:setup_molecule:Multiple occupancies found: N in THR A 4.
2024-02-28 14:07:18,355 WARNING:main.py:418:setup_molecule:Multiple occupancies found: CA in THR A 4.
2024-02-28 14:07:18,355 WARNING:main.py:418:setup_molecule:Multiple occupancies found: C in THR A 4.
2024-02-28 14:07:18,355 WARNING:main.py:418:setup_molecule:Multiple occupancies found: O in THR A 4.
2024-02-28 14:07:18,355 WARNING:main.py:418:setup_molecule:Multiple occupancies found: CB in THR A 4.
2024-02-28 14:07:18,355 WARNING:main.py:418:setup_molecule:Multiple occupancies found: OG1 in THR A 4.
2024-02-28 14:07:18,355 WARNING:main.py:418:setup_molecule:Multiple occupancies found: CG2 in THR A 4.
2024-02-28 14:07:18,355 WARNING:main.py:424:setup_molecule:Multiple occupancies found in THR A 4. At least one of the instances is being ignored.
2024-02-28 14:07:18,355 WARNING:main.py:418:setup_molecule:Multiple occupancies found: CB in LYS A 43.
2024-02-28 14:07:18,355 WARNING:main.py:418:setup_molecule:Multiple occupancies found: CG in LYS A 43.
2024-02-28 14:07:18,355 WARNING:main.py:418:setup_molecule:Multiple occupancies found: CD in LYS A 43.
2024-02-28 14:07:18,355 WARNING:main.py:418:setup_molecule:Multiple occupancies found: CE in LYS A 43.
2024-02-28 14:07:18,355 WARNING:main.py:418:setup_molecule:Multiple occupancies found: NZ in LYS A 43.
2024-02-28 14:07:18,355 WARNING:main.py:424:setup_molecule:Multiple occupancies found in LYS A 43. At least one of the instances is being ignored.
2024-02-28 14:07:18,355 WARNING:main.py:418:setup_molecule:Multiple occupancies found: CB in THR A 91.
2024-02-28 14:07:18,355 WARNING:main.py:418:setup_molecule:Multiple occupancies found: OG1 in THR A 91.
2024-02-28 14:07:18,355 WARNING:main.py:418:setup_molecule:Multiple occupancies found: CG2 in THR A 91.
2024-02-28 14:07:18,355 WARNING:main.py:418:setup_molecule:Multiple occupancies found: HB in THR A 91.
2024-02-28 14:07:18,355 WARNING:main.py:418:setup_molecule:Multiple occupancies found: HG1 in THR A 91.
2024-02-28 14:07:18,355 WARNING:main.py:418:setup_molecule:Multiple occupancies found: HG21 in THR A 91.
2024-02-28 14:07:18,355 WARNING:main.py:418:setup_molecule:Multiple occupancies found: HG22 in THR A 91.
2024-02-28 14:07:18,355 WARNING:main.py:418:setup_molecule:Multiple occupancies found: HG23 in THR A 91.
2024-02-28 14:07:18,356 WARNING:main.py:424:setup_molecule:Multiple occupancies found in THR A 91. At least one of the instances is being ignored.
2024-02-28 14:07:18,356 WARNING:main.py:418:setup_molecule:Multiple occupancies found: CB in CYS A 95.
2024-02-28 14:07:18,356 WARNING:main.py:418:setup_molecule:Multiple occupancies found: SG in CYS A 95.
2024-02-28 14:07:18,356 WARNING:main.py:424:setup_molecule:Multiple occupancies found in CYS A 95. At least one of the instances is being ignored.
2024-02-28 14:07:18,356 WARNING:main.py:418:setup_molecule:Multiple occupancies found: CB in GLU B 21.
2024-02-28 14:07:18,356 WARNING:main.py:418:setup_molecule:Multiple occupancies found: CG in GLU B 21.
2024-02-28 14:07:18,356 WARNING:main.py:418:setup_molecule:Multiple occupancies found: CD in GLU B 21.
2024-02-28 14:07:18,356 WARNING:main.py:418:setup_molecule:Multiple occupancies found: OE1 in GLU B 21.
2024-02-28 14:07:18,836 WARNING:main.py:418:setup_molecule:Multiple occupancies found: OE2 in GLU B 21.
2024-02-28 14:07:18,836 WARNING:main.py:418:setup_molecule:Multiple occupancies found: HB2 in GLU B 21.
2024-02-28 14:07:19,102 WARNING:main.py:418:setup_molecule:Multiple occupancies found: HB3 in GLU B 21.
2024-02-28 14:07:19,102 WARNING:main.py:418:setup_molecule:Multiple occupancies found: HG2 in GLU B 21.
2024-02-28 14:07:19,102 WARNING:main.py:418:setup_molecule:Multiple occupancies found: HG3 in GLU B 21.
2024-02-28 14:07:19,102 WARNING:main.py:424:setup_molecule:Multiple occupancies found in GLU B 21. At least one of the instances is being ignored.
2024-02-28 14:07:19,102 WARNING:main.py:418:setup_molecule:Multiple occupancies found: CB in MET B 46.
2024-02-28 14:07:19,102 WARNING:main.py:418:setup_molecule:Multiple occupancies found: CG in MET B 46.
2024-02-28 14:07:19,102 WARNING:main.py:418:setup_molecule:Multiple occupancies found: SD in MET B 46.
2024-02-28 14:07:19,102 WARNING:main.py:418:setup_molecule:Multiple occupancies found: CE in MET B 46.
2024-02-28 14:07:19,102 WARNING:main.py:418:setup_molecule:Multiple occupancies found: HB2 in MET B 46.
2024-02-28 14:07:19,102 WARNING:main.py:418:setup_molecule:Multiple occupancies found: HB3 in MET B 46.
2024-02-28 14:07:19,102 WARNING:main.py:418:setup_molecule:Multiple occupancies found: HG2 in MET B 46.
2024-02-28 14:07:19,102 WARNING:main.py:418:setup_molecule:Multiple occupancies found: HG3 in MET B 46.
2024-02-28 14:07:19,102 WARNING:main.py:418:setup_molecule:Multiple occupancies found: HE1 in MET B 46.
2024-02-28 14:07:19,103 WARNING:main.py:418:setup_molecule:Multiple occupancies found: HE2 in MET B 46.
2024-02-28 14:07:19,103 WARNING:main.py:418:setup_molecule:Multiple occupancies found: HE3 in MET B 46.
2024-02-28 14:07:19,103 WARNING:main.py:424:setup_molecule:Multiple occupancies found in MET B 46. At least one of the instances is being ignored.
2024-02-28 14:07:19,103 WARNING:main.py:418:setup_molecule:Multiple occupancies found: CB in CYS B 67.
2024-02-28 14:07:19,103 WARNING:main.py:418:setup_molecule:Multiple occupancies found: SG in CYS B 67.
2024-02-28 14:07:19,103 WARNING:main.py:418:setup_molecule:Multiple occupancies found: HB2 in CYS B 67.
2024-02-28 14:07:19,103 WARNING:main.py:418:setup_molecule:Multiple occupancies found: HB3 in CYS B 67.
2024-02-28 14:07:19,103 WARNING:main.py:424:setup_molecule:Multiple occupancies found in CYS B 67. At least one of the instances is being ignored.
2024-02-28 14:07:19,103 WARNING:main.py:418:setup_molecule:Multiple occupancies found: CE in LYS B 70.
2024-02-28 14:07:19,103 WARNING:main.py:418:setup_molecule:Multiple occupancies found: NZ in LYS B 70.
2024-02-28 14:07:19,103 WARNING:main.py:418:setup_molecule:Multiple occupancies found: HE2 in LYS B 70.
2024-02-28 14:07:19,103 WARNING:main.py:418:setup_molecule:Multiple occupancies found: HE3 in LYS B 70.
2024-02-28 14:07:19,103 WARNING:main.py:418:setup_molecule:Multiple occupancies found: HZ1 in LYS B 70.
2024-02-28 14:07:19,103 WARNING:main.py:418:setup_molecule:Multiple occupancies found: HZ2 in LYS B 70.
2024-02-28 14:07:19,103 WARNING:main.py:418:setup_molecule:Multiple occupancies found: HZ3 in LYS B 70.
2024-02-28 14:07:19,103 WARNING:main.py:424:setup_molecule:Multiple occupancies found in LYS B 70. At least one of the instances is being ignored.
2024-02-28 14:07:19,103 WARNING:main.py:418:setup_molecule:Multiple occupancies found: CB in VAL B 82.
2024-02-28 14:07:19,103 WARNING:main.py:418:setup_molecule:Multiple occupancies found: CG1 in VAL B 82.
2024-02-28 14:07:19,103 WARNING:main.py:418:setup_molecule:Multiple occupancies found: CG2 in VAL B 82.
2024-02-28 14:07:19,103 WARNING:main.py:418:setup_molecule:Multiple occupancies found: HB in VAL B 82.
2024-02-28 14:07:19,103 WARNING:main.py:418:setup_molecule:Multiple occupancies found: HG11 in VAL B 82.
2024-02-28 14:07:19,103 WARNING:main.py:418:setup_molecule:Multiple occupancies found: HG12 in VAL B 82.
2024-02-28 14:07:19,103 WARNING:main.py:418:setup_molecule:Multiple occupancies found: HG13 in VAL B 82.
2024-02-28 14:07:19,103 WARNING:main.py:418:setup_molecule:Multiple occupancies found: HG21 in VAL B 82.
2024-02-28 14:07:19,103 WARNING:main.py:418:setup_molecule:Multiple occupancies found: HG22 in VAL B 82.
2024-02-28 14:07:19,103 WARNING:main.py:418:setup_molecule:Multiple occupancies found: HG23 in VAL B 82.
2024-02-28 14:07:19,103 WARNING:main.py:424:setup_molecule:Multiple occupancies found in VAL B 82. At least one of the instances is being ignored.
2024-02-28 14:07:19,103 WARNING:main.py:418:setup_molecule:Multiple occupancies found: CB in LEU B 97.
2024-02-28 14:07:19,103 WARNING:main.py:418:setup_molecule:Multiple occupancies found: CG in LEU B 97.
2024-02-28 14:07:19,103 WARNING:main.py:418:setup_molecule:Multiple occupancies found: CD1 in LEU B 97.
2024-02-28 14:07:19,103 WARNING:main.py:418:setup_molecule:Multiple occupancies found: CD2 in LEU B 97.
2024-02-28 14:07:19,103 WARNING:main.py:418:setup_molecule:Multiple occupancies found: HB2 in LEU B 97.
2024-02-28 14:07:19,103 WARNING:main.py:418:setup_molecule:Multiple occupancies found: HB3 in LEU B 97.
2024-02-28 14:07:19,103 WARNING:main.py:418:setup_molecule:Multiple occupancies found: HG in LEU B 97.
2024-02-28 14:07:19,104 WARNING:main.py:418:setup_molecule:Multiple occupancies found: HD11 in LEU B 97.
2024-02-28 14:07:19,104 WARNING:main.py:418:setup_molecule:Multiple occupancies found: HD12 in LEU B 97.
2024-02-28 14:07:19,104 WARNING:main.py:418:setup_molecule:Multiple occupancies found: HD13 in LEU B 97.
2024-02-28 14:07:19,104 WARNING:main.py:418:setup_molecule:Multiple occupancies found: HD21 in LEU B 97.
2024-02-28 14:07:19,104 WARNING:main.py:418:setup_molecule:Multiple occupancies found: HD22 in LEU B 97.
2024-02-28 14:07:19,104 WARNING:main.py:418:setup_molecule:Multiple occupancies found: HD23 in LEU B 97.
2024-02-28 14:07:19,104 WARNING:main.py:424:setup_molecule:Multiple occupancies found in LEU B 97. At least one of the instances is being ignored.
2024-02-28 14:07:19,104 WARNING:main.py:418:setup_molecule:Multiple occupancies found: CB in ASN B 98.
2024-02-28 14:07:19,104 WARNING:main.py:418:setup_molecule:Multiple occupancies found: CG in ASN B 98.
2024-02-28 14:07:19,104 WARNING:main.py:418:setup_molecule:Multiple occupancies found: OD1 in ASN B 98.
2024-02-28 14:07:19,104 WARNING:main.py:418:setup_molecule:Multiple occupancies found: ND2 in ASN B 98.
2024-02-28 14:07:19,104 WARNING:main.py:418:setup_molecule:Multiple occupancies found: HB2 in ASN B 98.
2024-02-28 14:07:19,104 WARNING:main.py:418:setup_molecule:Multiple occupancies found: HB3 in ASN B 98.
2024-02-28 14:07:19,104 WARNING:main.py:418:setup_molecule:Multiple occupancies found: HD21 in ASN B 98.
2024-02-28 14:07:19,104 WARNING:main.py:418:setup_molecule:Multiple occupancies found: HD22 in ASN B 98.
2024-02-28 14:07:19,104 WARNING:main.py:424:setup_molecule:Multiple occupancies found in ASN B 98. At least one of the instances is being ignored.
2024-02-28 14:07:19,174 WARNING:biomolecule.py:157:num_missing_heavy:Missing atom CG in residue LYS A 7
2024-02-28 14:07:19,174 WARNING:biomolecule.py:157:num_missing_heavy:Missing atom CD in residue LYS A 7
2024-02-28 14:07:19,174 WARNING:biomolecule.py:157:num_missing_heavy:Missing atom CE in residue LYS A 7
2024-02-28 14:07:19,174 WARNING:biomolecule.py:157:num_missing_heavy:Missing atom NZ in residue LYS A 7
2024-02-28 14:07:19,175 WARNING:biomolecule.py:157:num_missing_heavy:Missing atom CG in residue LYS A 70
2024-02-28 14:07:19,175 WARNING:biomolecule.py:157:num_missing_heavy:Missing atom CD in residue LYS A 70
2024-02-28 14:07:19,175 WARNING:biomolecule.py:157:num_missing_heavy:Missing atom CE in residue LYS A 70
2024-02-28 14:07:19,175 WARNING:biomolecule.py:157:num_missing_heavy:Missing atom NZ in residue LYS A 70
2024-02-28 14:07:19,175 WARNING:biomolecule.py:157:num_missing_heavy:Missing atom CG in residue LYS A 7
2024-02-28 14:07:19,175 WARNING:biomolecule.py:157:num_missing_heavy:Missing atom CD in residue LYS A 7
2024-02-28 14:07:19,175 WARNING:biomolecule.py:157:num_missing_heavy:Missing atom CE in residue LYS A 7
2024-02-28 14:07:19,175 WARNING:biomolecule.py:157:num_missing_heavy:Missing atom NZ in residue LYS A 7
2024-02-28 14:07:19,176 WARNING:biomolecule.py:157:num_missing_heavy:Missing atom CG in residue LYS A 70
2024-02-28 14:07:19,176 WARNING:biomolecule.py:157:num_missing_heavy:Missing atom CD in residue LYS A 70
2024-02-28 14:07:19,176 WARNING:biomolecule.py:157:num_missing_heavy:Missing atom CE in residue LYS A 70
2024-02-28 14:07:19,176 WARNING:biomolecule.py:157:num_missing_heavy:Missing atom NZ in residue LYS A 70
2024-02-28 14:07:19,176 WARNING:biomolecule.py:157:num_missing_heavy:Missing atom CG in residue LYS A 7
2024-02-28 14:07:19,176 WARNING:biomolecule.py:157:num_missing_heavy:Missing atom CD in residue LYS A 7
2024-02-28 14:07:19,176 WARNING:biomolecule.py:157:num_missing_heavy:Missing atom CE in residue LYS A 7
2024-02-28 14:07:19,176 WARNING:biomolecule.py:157:num_missing_heavy:Missing atom NZ in residue LYS A 7
2024-02-28 14:07:19,177 WARNING:biomolecule.py:157:num_missing_heavy:Missing atom CG in residue LYS A 70
2024-02-28 14:07:19,177 WARNING:biomolecule.py:157:num_missing_heavy:Missing atom CD in residue LYS A 70
2024-02-28 14:07:19,177 WARNING:biomolecule.py:157:num_missing_heavy:Missing atom CE in residue LYS A 70
2024-02-28 14:07:19,177 WARNING:biomolecule.py:157:num_missing_heavy:Missing atom NZ in residue LYS A 70
2024-02-28 14:07:19,665 WARNING:debump.py:172:debump_biomolecule:WARNING: Unable to debump LYS A 70
2024-02-28 14:07:20,380 WARNING:debump.py:172:debump_biomolecule:WARNING: Unable to debump LYS A 70
2024-02-28 14:07:20,755 WARNING:main.py:311:print_pqr:Ignoring 2963 header lines in output.
2024-02-28 14:07:20,755 WARNING:main.py:315:print_pqr:Ignoring 66 missing lines in output.
