2024-02-28 14:07:07,097 WARNING:biomolecule.py:992:create_residue:Unable to find amino or nucleic acid definition for MTH.  Parsing as new residue.
2024-02-28 14:07:07,097 WARNING:biomolecule.py:992:create_residue:Unable to find amino or nucleic acid definition for MTH.  Parsing as new residue.
2024-02-28 14:07:07,116 WARNING:biomolecule.py:157:num_missing_heavy:Missing atom CG in residue HIS A 231
2024-02-28 14:07:07,116 WARNING:biomolecule.py:157:num_missing_heavy:Missing atom ND1 in residue HIS A 231
2024-02-28 14:07:07,116 WARNING:biomolecule.py:157:num_missing_heavy:Missing atom CD2 in residue HIS A 231
2024-02-28 14:07:07,116 WARNING:biomolecule.py:157:num_missing_heavy:Missing atom CE1 in residue HIS A 231
2024-02-28 14:07:07,116 WARNING:biomolecule.py:157:num_missing_heavy:Missing atom NE2 in residue HIS A 231
2024-02-28 14:07:07,118 WARNING:biomolecule.py:157:num_missing_heavy:Missing atom CG in residue HIS A 231
2024-02-28 14:07:07,118 WARNING:biomolecule.py:157:num_missing_heavy:Missing atom ND1 in residue HIS A 231
2024-02-28 14:07:07,118 WARNING:biomolecule.py:157:num_missing_heavy:Missing atom CD2 in residue HIS A 231
2024-02-28 14:07:07,118 WARNING:biomolecule.py:157:num_missing_heavy:Missing atom CE1 in residue HIS A 231
2024-02-28 14:07:07,119 WARNING:biomolecule.py:157:num_missing_heavy:Missing atom NE2 in residue HIS A 231
2024-02-28 14:07:07,120 WARNING:biomolecule.py:157:num_missing_heavy:Missing atom CG in residue HIS A 231
2024-02-28 14:07:07,120 WARNING:biomolecule.py:157:num_missing_heavy:Missing atom ND1 in residue HIS A 231
2024-02-28 14:07:07,120 WARNING:biomolecule.py:157:num_missing_heavy:Missing atom CD2 in residue HIS A 231
2024-02-28 14:07:07,120 WARNING:biomolecule.py:157:num_missing_heavy:Missing atom CE1 in residue HIS A 231
2024-02-28 14:07:07,120 WARNING:biomolecule.py:157:num_missing_heavy:Missing atom NE2 in residue HIS A 231
2024-02-28 14:07:08,244 WARNING:main.py:311:print_pqr:Ignoring 2098 header lines in output.
2024-02-28 14:07:08,244 WARNING:main.py:315:print_pqr:Ignoring 40 missing lines in output.
2024-02-28 14:58:31,366 WARNING:biomolecule.py:992:create_residue:Unable to find amino or nucleic acid definition for MTH.  Parsing as new residue.
2024-02-28 14:58:31,366 WARNING:biomolecule.py:992:create_residue:Unable to find amino or nucleic acid definition for MTH.  Parsing as new residue.
2024-02-28 14:58:31,390 WARNING:biomolecule.py:157:num_missing_heavy:Missing atom CG in residue HIS A 231
2024-02-28 14:58:31,390 WARNING:biomolecule.py:157:num_missing_heavy:Missing atom ND1 in residue HIS A 231
2024-02-28 14:58:31,390 WARNING:biomolecule.py:157:num_missing_heavy:Missing atom CD2 in residue HIS A 231
2024-02-28 14:58:31,390 WARNING:biomolecule.py:157:num_missing_heavy:Missing atom CE1 in residue HIS A 231
2024-02-28 14:58:31,390 WARNING:biomolecule.py:157:num_missing_heavy:Missing atom NE2 in residue HIS A 231
2024-02-28 14:58:31,392 WARNING:biomolecule.py:157:num_missing_heavy:Missing atom CG in residue HIS A 231
2024-02-28 14:58:31,392 WARNING:biomolecule.py:157:num_missing_heavy:Missing atom ND1 in residue HIS A 231
2024-02-28 14:58:31,392 WARNING:biomolecule.py:157:num_missing_heavy:Missing atom CD2 in residue HIS A 231
2024-02-28 14:58:31,392 WARNING:biomolecule.py:157:num_missing_heavy:Missing atom CE1 in residue HIS A 231
2024-02-28 14:58:31,392 WARNING:biomolecule.py:157:num_missing_heavy:Missing atom NE2 in residue HIS A 231
2024-02-28 14:58:31,394 WARNING:biomolecule.py:157:num_missing_heavy:Missing atom CG in residue HIS A 231
2024-02-28 14:58:31,394 WARNING:biomolecule.py:157:num_missing_heavy:Missing atom ND1 in residue HIS A 231
2024-02-28 14:58:31,394 WARNING:biomolecule.py:157:num_missing_heavy:Missing atom CD2 in residue HIS A 231
2024-02-28 14:58:31,394 WARNING:biomolecule.py:157:num_missing_heavy:Missing atom CE1 in residue HIS A 231
2024-02-28 14:58:31,394 WARNING:biomolecule.py:157:num_missing_heavy:Missing atom NE2 in residue HIS A 231
2024-02-28 14:58:32,622 WARNING:main.py:311:print_pqr:Ignoring 2098 header lines in output.
2024-02-28 14:58:32,631 WARNING:main.py:315:print_pqr:Ignoring 40 missing lines in output.
