2024-02-28 14:07:19,440 WARNING:biomolecule.py:992:create_residue:Unable to find amino or nucleic acid definition for LIA.  Parsing as new residue.
2024-02-28 14:07:19,474 WARNING:biomolecule.py:615:update_bonds:Gap in backbone detected between LEU A 37 and ARG A 50!
2024-02-28 14:07:19,504 WARNING:biomolecule.py:615:update_bonds:Gap in backbone detected between ALA A 149 and PHE A 152!
2024-02-28 14:07:19,524 WARNING:biomolecule.py:157:num_missing_heavy:Missing atom CG in residue ARG A 50
2024-02-28 14:07:19,524 WARNING:biomolecule.py:157:num_missing_heavy:Missing atom CD in residue ARG A 50
2024-02-28 14:07:19,524 WARNING:biomolecule.py:157:num_missing_heavy:Missing atom NE in residue ARG A 50
2024-02-28 14:07:19,524 WARNING:biomolecule.py:157:num_missing_heavy:Missing atom CZ in residue ARG A 50
2024-02-28 14:07:19,524 WARNING:biomolecule.py:157:num_missing_heavy:Missing atom NH1 in residue ARG A 50
2024-02-28 14:07:19,524 WARNING:biomolecule.py:157:num_missing_heavy:Missing atom NH2 in residue ARG A 50
2024-02-28 14:07:19,526 WARNING:biomolecule.py:157:num_missing_heavy:Missing atom CG in residue ARG A 50
2024-02-28 14:07:19,526 WARNING:biomolecule.py:157:num_missing_heavy:Missing atom CD in residue ARG A 50
2024-02-28 14:07:19,526 WARNING:biomolecule.py:157:num_missing_heavy:Missing atom NE in residue ARG A 50
2024-02-28 14:07:19,526 WARNING:biomolecule.py:157:num_missing_heavy:Missing atom CZ in residue ARG A 50
2024-02-28 14:07:19,526 WARNING:biomolecule.py:157:num_missing_heavy:Missing atom NH1 in residue ARG A 50
2024-02-28 14:07:19,526 WARNING:biomolecule.py:157:num_missing_heavy:Missing atom NH2 in residue ARG A 50
2024-02-28 14:07:19,527 WARNING:biomolecule.py:157:num_missing_heavy:Missing atom CG in residue ARG A 50
2024-02-28 14:07:19,527 WARNING:biomolecule.py:157:num_missing_heavy:Missing atom CD in residue ARG A 50
2024-02-28 14:07:19,527 WARNING:biomolecule.py:157:num_missing_heavy:Missing atom NE in residue ARG A 50
2024-02-28 14:07:19,527 WARNING:biomolecule.py:157:num_missing_heavy:Missing atom CZ in residue ARG A 50
2024-02-28 14:07:19,585 WARNING:biomolecule.py:157:num_missing_heavy:Missing atom NH1 in residue ARG A 50
2024-02-28 14:07:19,585 WARNING:biomolecule.py:157:num_missing_heavy:Missing atom NH2 in residue ARG A 50
2024-02-28 14:07:20,669 WARNING:main.py:311:print_pqr:Ignoring 1769 header lines in output.
2024-02-28 14:07:20,669 WARNING:main.py:315:print_pqr:Ignoring 30 missing lines in output.
