2024-02-28 14:07:15,161 WARNING:biomolecule.py:992:create_residue:Unable to find amino or nucleic acid definition for CA.  Parsing as new residue.
2024-02-28 14:07:15,161 WARNING:biomolecule.py:992:create_residue:Unable to find amino or nucleic acid definition for 270.  Parsing as new residue.
2024-02-28 14:07:15,162 WARNING:main.py:418:setup_molecule:Multiple occupancies found: CB in VAL A 53.
2024-02-28 14:07:15,162 WARNING:main.py:418:setup_molecule:Multiple occupancies found: CG1 in VAL A 53.
2024-02-28 14:07:15,163 WARNING:main.py:418:setup_molecule:Multiple occupancies found: CG2 in VAL A 53.
2024-02-28 14:07:15,163 WARNING:main.py:424:setup_molecule:Multiple occupancies found in VAL A 53. At least one of the instances is being ignored.
2024-02-28 14:07:15,163 WARNING:main.py:418:setup_molecule:Multiple occupancies found: CB in LEU A 66.
2024-02-28 14:07:15,163 WARNING:main.py:418:setup_molecule:Multiple occupancies found: CG in LEU A 66.
2024-02-28 14:07:15,164 WARNING:main.py:418:setup_molecule:Multiple occupancies found: CD1 in LEU A 66.
2024-02-28 14:07:15,164 WARNING:main.py:418:setup_molecule:Multiple occupancies found: CD2 in LEU A 66.
2024-02-28 14:07:15,164 WARNING:main.py:424:setup_molecule:Multiple occupancies found in LEU A 66. At least one of the instances is being ignored.
2024-02-28 14:07:15,164 WARNING:main.py:418:setup_molecule:Multiple occupancies found: CB in LYS A 87.
2024-02-28 14:07:15,164 WARNING:main.py:418:setup_molecule:Multiple occupancies found: CG in LYS A 87.
2024-02-28 14:07:15,164 WARNING:main.py:418:setup_molecule:Multiple occupancies found: CD in LYS A 87.
2024-02-28 14:07:15,165 WARNING:main.py:418:setup_molecule:Multiple occupancies found: CE in LYS A 87.
2024-02-28 14:07:15,165 WARNING:main.py:418:setup_molecule:Multiple occupancies found: NZ in LYS A 87.
2024-02-28 14:07:15,165 WARNING:main.py:424:setup_molecule:Multiple occupancies found in LYS A 87. At least one of the instances is being ignored.
2024-02-28 14:07:15,165 WARNING:main.py:418:setup_molecule:Multiple occupancies found: CB in SER A 113.
2024-02-28 14:07:15,166 WARNING:main.py:418:setup_molecule:Multiple occupancies found: OG in SER A 113.
2024-02-28 14:07:15,166 WARNING:main.py:424:setup_molecule:Multiple occupancies found in SER A 113. At least one of the instances is being ignored.
2024-02-28 14:07:15,166 WARNING:main.py:418:setup_molecule:Multiple occupancies found: CB in SER A 130.
2024-02-28 14:07:15,166 WARNING:main.py:418:setup_molecule:Multiple occupancies found: OG in SER A 130.
2024-02-28 14:07:15,166 WARNING:main.py:424:setup_molecule:Multiple occupancies found in SER A 130. At least one of the instances is being ignored.
2024-02-28 14:07:15,167 WARNING:main.py:418:setup_molecule:Multiple occupancies found: CB in LYS A 159.
2024-02-28 14:07:15,167 WARNING:main.py:418:setup_molecule:Multiple occupancies found: CG in LYS A 159.
2024-02-28 14:07:15,167 WARNING:main.py:418:setup_molecule:Multiple occupancies found: CD in LYS A 159.
2024-02-28 14:07:15,167 WARNING:main.py:418:setup_molecule:Multiple occupancies found: CE in LYS A 159.
2024-02-28 14:07:15,168 WARNING:main.py:418:setup_molecule:Multiple occupancies found: NZ in LYS A 159.
2024-02-28 14:07:15,168 WARNING:main.py:424:setup_molecule:Multiple occupancies found in LYS A 159. At least one of the instances is being ignored.
2024-02-28 14:07:15,168 WARNING:main.py:418:setup_molecule:Multiple occupancies found: CB in ASP A 165.
2024-02-28 14:07:15,168 WARNING:main.py:418:setup_molecule:Multiple occupancies found: CG in ASP A 165.
2024-02-28 14:07:15,168 WARNING:main.py:418:setup_molecule:Multiple occupancies found: OD1 in ASP A 165.
2024-02-28 14:07:15,168 WARNING:main.py:418:setup_molecule:Multiple occupancies found: OD2 in ASP A 165.
2024-02-28 14:07:15,168 WARNING:main.py:424:setup_molecule:Multiple occupancies found in ASP A 165. At least one of the instances is being ignored.
2024-02-28 14:07:15,168 WARNING:main.py:418:setup_molecule:Multiple occupancies found: CB in SER A 166.
2024-02-28 14:07:15,169 WARNING:main.py:418:setup_molecule:Multiple occupancies found: OG in SER A 166.
2024-02-28 14:07:15,169 WARNING:main.py:424:setup_molecule:Multiple occupancies found in SER A 166. At least one of the instances is being ignored.
2024-02-28 14:07:15,169 WARNING:main.py:418:setup_molecule:Multiple occupancies found: CB in SER A 170.
2024-02-28 14:07:15,169 WARNING:main.py:418:setup_molecule:Multiple occupancies found: OG in SER A 170.
2024-02-28 14:07:15,169 WARNING:main.py:424:setup_molecule:Multiple occupancies found in SER A 170. At least one of the instances is being ignored.
2024-02-28 14:07:15,169 WARNING:main.py:418:setup_molecule:Multiple occupancies found: CB in GLN A 175.
2024-02-28 14:07:15,169 WARNING:main.py:418:setup_molecule:Multiple occupancies found: CG in GLN A 175.
2024-02-28 14:07:15,169 WARNING:main.py:418:setup_molecule:Multiple occupancies found: CD in GLN A 175.
2024-02-28 14:07:15,169 WARNING:main.py:418:setup_molecule:Multiple occupancies found: OE1 in GLN A 175.
2024-02-28 14:07:15,169 WARNING:main.py:418:setup_molecule:Multiple occupancies found: NE2 in GLN A 175.
2024-02-28 14:07:15,169 WARNING:main.py:424:setup_molecule:Multiple occupancies found in GLN A 175. At least one of the instances is being ignored.
2024-02-28 14:07:15,169 WARNING:main.py:418:setup_molecule:Multiple occupancies found: CB in SER A 217.
2024-02-28 14:07:15,169 WARNING:main.py:418:setup_molecule:Multiple occupancies found: OG in SER A 217.
2024-02-28 14:07:15,169 WARNING:main.py:424:setup_molecule:Multiple occupancies found in SER A 217. At least one of the instances is being ignored.
2024-02-28 14:07:15,169 WARNING:main.py:418:setup_molecule:Multiple occupancies found: CB in LYS A 230.
2024-02-28 14:07:15,170 WARNING:main.py:418:setup_molecule:Multiple occupancies found: CG in LYS A 230.
2024-02-28 14:07:15,170 WARNING:main.py:418:setup_molecule:Multiple occupancies found: CD in LYS A 230.
2024-02-28 14:07:15,170 WARNING:main.py:418:setup_molecule:Multiple occupancies found: CE in LYS A 230.
2024-02-28 14:07:15,170 WARNING:main.py:418:setup_molecule:Multiple occupancies found: NZ in LYS A 230.
2024-02-28 14:07:15,170 WARNING:main.py:424:setup_molecule:Multiple occupancies found in LYS A 230. At least one of the instances is being ignored.
2024-02-28 14:07:15,171 WARNING:main.py:418:setup_molecule:Multiple occupancies found: CB in SER A 236.
2024-02-28 14:07:15,171 WARNING:main.py:418:setup_molecule:Multiple occupancies found: OG in SER A 236.
2024-02-28 14:07:15,171 WARNING:main.py:424:setup_molecule:Multiple occupancies found in SER A 236. At least one of the instances is being ignored.
2024-02-28 14:07:15,675 WARNING:main.py:311:print_pqr:Ignoring 1120 header lines in output.
2024-02-28 14:07:15,675 WARNING:main.py:315:print_pqr:Ignoring 11 missing lines in output.
