2024-02-28 14:07:16,870 WARNING:biomolecule.py:615:update_bonds:Gap in backbone detected between GLY A 211 and ARG A 214!
2024-02-28 14:07:16,871 WARNING:biomolecule.py:615:update_bonds:Gap in backbone detected between ALA A 319 and TYR A 320!
2024-02-28 14:07:16,872 WARNING:biomolecule.py:615:update_bonds:Gap in backbone detected between GLY B 211 and ARG B 214!
2024-02-28 14:07:16,873 WARNING:biomolecule.py:615:update_bonds:Gap in backbone detected between ARG B 313 and TYR B 320!
2024-02-28 14:07:16,883 WARNING:biomolecule.py:157:num_missing_heavy:Missing atom CB in residue MET A 1
2024-02-28 14:07:16,888 WARNING:biomolecule.py:157:num_missing_heavy:Missing atom CG in residue MET A 1
2024-02-28 14:07:16,888 WARNING:biomolecule.py:157:num_missing_heavy:Missing atom SD in residue MET A 1
2024-02-28 14:07:16,888 WARNING:biomolecule.py:157:num_missing_heavy:Missing atom CE in residue MET A 1
2024-02-28 14:07:16,888 WARNING:biomolecule.py:157:num_missing_heavy:Missing atom CG in residue LYS A 83
2024-02-28 14:07:16,889 WARNING:biomolecule.py:157:num_missing_heavy:Missing atom CD in residue LYS A 83
2024-02-28 14:07:16,889 WARNING:biomolecule.py:157:num_missing_heavy:Missing atom CE in residue LYS A 83
2024-02-28 14:07:16,889 WARNING:biomolecule.py:157:num_missing_heavy:Missing atom NZ in residue LYS A 83
2024-02-28 14:07:16,889 WARNING:biomolecule.py:157:num_missing_heavy:Missing atom CD in residue ARG A 86
2024-02-28 14:07:16,889 WARNING:biomolecule.py:157:num_missing_heavy:Missing atom NE in residue ARG A 86
2024-02-28 14:07:16,889 WARNING:biomolecule.py:157:num_missing_heavy:Missing atom CZ in residue ARG A 86
2024-02-28 14:07:16,890 WARNING:biomolecule.py:157:num_missing_heavy:Missing atom NH1 in residue ARG A 86
2024-02-28 14:07:16,892 WARNING:biomolecule.py:157:num_missing_heavy:Missing atom NH2 in residue ARG A 86
2024-02-28 14:07:16,893 WARNING:biomolecule.py:157:num_missing_heavy:Missing atom OG1 in residue THR A 87
2024-02-28 14:07:16,893 WARNING:biomolecule.py:157:num_missing_heavy:Missing atom CG2 in residue THR A 87
2024-02-28 14:07:16,893 WARNING:biomolecule.py:157:num_missing_heavy:Missing atom CD in residue LYS A 91
2024-02-28 14:07:16,893 WARNING:biomolecule.py:157:num_missing_heavy:Missing atom CE in residue LYS A 91
2024-02-28 14:07:16,893 WARNING:biomolecule.py:157:num_missing_heavy:Missing atom NZ in residue LYS A 91
2024-02-28 14:07:16,893 WARNING:biomolecule.py:157:num_missing_heavy:Missing atom CG in residue GLU A 92
2024-02-28 14:07:16,893 WARNING:biomolecule.py:157:num_missing_heavy:Missing atom CD in residue GLU A 92
2024-02-28 14:07:16,893 WARNING:biomolecule.py:157:num_missing_heavy:Missing atom OE1 in residue GLU A 92
2024-02-28 14:07:16,893 WARNING:biomolecule.py:157:num_missing_heavy:Missing atom OE2 in residue GLU A 92
2024-02-28 14:07:16,893 WARNING:biomolecule.py:157:num_missing_heavy:Missing atom CD in residue ARG A 100
2024-02-28 14:07:16,894 WARNING:biomolecule.py:157:num_missing_heavy:Missing atom NE in residue ARG A 100
2024-02-28 14:07:16,894 WARNING:biomolecule.py:157:num_missing_heavy:Missing atom CZ in residue ARG A 100
2024-02-28 14:07:16,894 WARNING:biomolecule.py:157:num_missing_heavy:Missing atom NH1 in residue ARG A 100
2024-02-28 14:07:16,894 WARNING:biomolecule.py:157:num_missing_heavy:Missing atom NH2 in residue ARG A 100
2024-02-28 14:07:16,894 WARNING:biomolecule.py:157:num_missing_heavy:Missing atom CG in residue GLU A 103
2024-02-28 14:07:16,894 WARNING:biomolecule.py:157:num_missing_heavy:Missing atom CD in residue GLU A 103
2024-02-28 14:07:16,894 WARNING:biomolecule.py:157:num_missing_heavy:Missing atom OE1 in residue GLU A 103
2024-02-28 14:07:16,894 WARNING:biomolecule.py:157:num_missing_heavy:Missing atom OE2 in residue GLU A 103
2024-02-28 14:07:16,894 WARNING:biomolecule.py:157:num_missing_heavy:Missing atom CG in residue GLU A 112
2024-02-28 14:07:16,894 WARNING:biomolecule.py:157:num_missing_heavy:Missing atom CD in residue GLU A 112
2024-02-28 14:07:16,894 WARNING:biomolecule.py:157:num_missing_heavy:Missing atom OE1 in residue GLU A 112
2024-02-28 14:07:16,894 WARNING:biomolecule.py:157:num_missing_heavy:Missing atom OE2 in residue GLU A 112
2024-02-28 14:07:16,895 WARNING:biomolecule.py:157:num_missing_heavy:Missing atom CB in residue ASP A 114
2024-02-28 14:07:16,895 WARNING:biomolecule.py:157:num_missing_heavy:Missing atom CG in residue ASP A 114
2024-02-28 14:07:16,895 WARNING:biomolecule.py:157:num_missing_heavy:Missing atom OD1 in residue ASP A 114
2024-02-28 14:07:16,895 WARNING:biomolecule.py:157:num_missing_heavy:Missing atom OD2 in residue ASP A 114
2024-02-28 14:07:16,895 WARNING:biomolecule.py:157:num_missing_heavy:Missing atom CG in residue GLN A 155
2024-02-28 14:07:16,897 WARNING:biomolecule.py:157:num_missing_heavy:Missing atom CD in residue GLN A 155
2024-02-28 14:07:16,897 WARNING:biomolecule.py:157:num_missing_heavy:Missing atom OE1 in residue GLN A 155
2024-02-28 14:07:16,897 WARNING:biomolecule.py:157:num_missing_heavy:Missing atom NE2 in residue GLN A 155
2024-02-28 14:07:16,897 WARNING:biomolecule.py:157:num_missing_heavy:Missing atom CG1 in residue ILE A 158
2024-02-28 14:07:16,897 WARNING:biomolecule.py:157:num_missing_heavy:Missing atom CG2 in residue ILE A 158
2024-02-28 14:07:16,897 WARNING:biomolecule.py:157:num_missing_heavy:Missing atom CD1 in residue ILE A 158
2024-02-28 14:07:16,897 WARNING:biomolecule.py:157:num_missing_heavy:Missing atom CG in residue GLU A 159
2024-02-28 14:07:16,897 WARNING:biomolecule.py:157:num_missing_heavy:Missing atom CD in residue GLU A 159
2024-02-28 14:07:16,897 WARNING:biomolecule.py:157:num_missing_heavy:Missing atom OE1 in residue GLU A 159
2024-02-28 14:07:16,897 WARNING:biomolecule.py:157:num_missing_heavy:Missing atom OE2 in residue GLU A 159
2024-02-28 14:07:16,897 WARNING:biomolecule.py:157:num_missing_heavy:Missing atom CG in residue ARG A 214
2024-02-28 14:07:16,897 WARNING:biomolecule.py:157:num_missing_heavy:Missing atom CD in residue ARG A 214
2024-02-28 14:07:16,897 WARNING:biomolecule.py:157:num_missing_heavy:Missing atom NE in residue ARG A 214
2024-02-28 14:07:16,897 WARNING:biomolecule.py:157:num_missing_heavy:Missing atom CZ in residue ARG A 214
2024-02-28 14:07:16,898 WARNING:biomolecule.py:157:num_missing_heavy:Missing atom NH1 in residue ARG A 214
2024-02-28 14:07:16,898 WARNING:biomolecule.py:157:num_missing_heavy:Missing atom NH2 in residue ARG A 214
2024-02-28 14:07:16,898 WARNING:biomolecule.py:157:num_missing_heavy:Missing atom CG in residue LEU A 222
2024-02-28 14:07:16,898 WARNING:biomolecule.py:157:num_missing_heavy:Missing atom CD1 in residue LEU A 222
2024-02-28 14:07:16,898 WARNING:biomolecule.py:157:num_missing_heavy:Missing atom CD2 in residue LEU A 222
2024-02-28 14:07:16,898 WARNING:biomolecule.py:157:num_missing_heavy:Missing atom CD in residue LYS A 230
2024-02-28 14:07:16,898 WARNING:biomolecule.py:157:num_missing_heavy:Missing atom CE in residue LYS A 230
2024-02-28 14:07:16,898 WARNING:biomolecule.py:157:num_missing_heavy:Missing atom NZ in residue LYS A 230
2024-02-28 14:07:16,898 WARNING:biomolecule.py:157:num_missing_heavy:Missing atom CG in residue LYS A 233
2024-02-28 14:07:16,898 WARNING:biomolecule.py:157:num_missing_heavy:Missing atom CD in residue LYS A 233
2024-02-28 14:07:16,898 WARNING:biomolecule.py:157:num_missing_heavy:Missing atom CE in residue LYS A 233
2024-02-28 14:07:16,898 WARNING:biomolecule.py:157:num_missing_heavy:Missing atom NZ in residue LYS A 233
2024-02-28 14:07:16,898 WARNING:biomolecule.py:157:num_missing_heavy:Missing atom OG1 in residue THR A 234
2024-02-28 14:07:16,898 WARNING:biomolecule.py:157:num_missing_heavy:Missing atom CG2 in residue THR A 234
2024-02-28 14:07:16,898 WARNING:biomolecule.py:157:num_missing_heavy:Missing atom CG in residue GLU A 235
2024-02-28 14:07:16,898 WARNING:biomolecule.py:157:num_missing_heavy:Missing atom CD in residue GLU A 235
2024-02-28 14:07:16,898 WARNING:biomolecule.py:157:num_missing_heavy:Missing atom OE1 in residue GLU A 235
2024-02-28 14:07:16,898 WARNING:biomolecule.py:157:num_missing_heavy:Missing atom OE2 in residue GLU A 235
2024-02-28 14:07:16,898 WARNING:biomolecule.py:157:num_missing_heavy:Missing atom OG in residue SER A 236
2024-02-28 14:07:16,898 WARNING:biomolecule.py:157:num_missing_heavy:Missing atom CD in residue GLU A 276
2024-02-28 14:07:16,898 WARNING:biomolecule.py:157:num_missing_heavy:Missing atom OE1 in residue GLU A 276
2024-02-28 14:07:16,898 WARNING:biomolecule.py:157:num_missing_heavy:Missing atom OE2 in residue GLU A 276
2024-02-28 14:07:16,899 WARNING:biomolecule.py:157:num_missing_heavy:Missing atom CG in residue GLN A 283
2024-02-28 14:07:16,899 WARNING:biomolecule.py:157:num_missing_heavy:Missing atom CD in residue GLN A 283
2024-02-28 14:07:16,899 WARNING:biomolecule.py:157:num_missing_heavy:Missing atom OE1 in residue GLN A 283
2024-02-28 14:07:16,899 WARNING:biomolecule.py:157:num_missing_heavy:Missing atom NE2 in residue GLN A 283
2024-02-28 14:07:16,899 WARNING:biomolecule.py:157:num_missing_heavy:Missing atom CG in residue ARG A 286
2024-02-28 14:07:16,899 WARNING:biomolecule.py:157:num_missing_heavy:Missing atom CD in residue ARG A 286
2024-02-28 14:07:16,899 WARNING:biomolecule.py:157:num_missing_heavy:Missing atom NE in residue ARG A 286
2024-02-28 14:07:16,899 WARNING:biomolecule.py:157:num_missing_heavy:Missing atom CZ in residue ARG A 286
2024-02-28 14:07:16,899 WARNING:biomolecule.py:157:num_missing_heavy:Missing atom NH1 in residue ARG A 286
2024-02-28 14:07:16,899 WARNING:biomolecule.py:157:num_missing_heavy:Missing atom NH2 in residue ARG A 286
2024-02-28 14:07:16,899 WARNING:biomolecule.py:157:num_missing_heavy:Missing atom CD in residue GLU A 287
2024-02-28 14:07:16,899 WARNING:biomolecule.py:157:num_missing_heavy:Missing atom OE1 in residue GLU A 287
2024-02-28 14:07:16,899 WARNING:biomolecule.py:157:num_missing_heavy:Missing atom OE2 in residue GLU A 287
2024-02-28 14:07:16,899 WARNING:biomolecule.py:157:num_missing_heavy:Missing atom CG in residue GLU A 290
2024-02-28 14:07:16,899 WARNING:biomolecule.py:157:num_missing_heavy:Missing atom CD in residue GLU A 290
2024-02-28 14:07:16,899 WARNING:biomolecule.py:157:num_missing_heavy:Missing atom OE1 in residue GLU A 290
2024-02-28 14:07:16,899 WARNING:biomolecule.py:157:num_missing_heavy:Missing atom OE2 in residue GLU A 290
2024-02-28 14:07:16,899 WARNING:biomolecule.py:157:num_missing_heavy:Missing atom CG in residue LYS A 291
2024-02-28 14:07:16,899 WARNING:biomolecule.py:157:num_missing_heavy:Missing atom CD in residue LYS A 291
2024-02-28 14:07:16,899 WARNING:biomolecule.py:157:num_missing_heavy:Missing atom CE in residue LYS A 291
2024-02-28 14:07:16,899 WARNING:biomolecule.py:157:num_missing_heavy:Missing atom NZ in residue LYS A 291
2024-02-28 14:07:16,899 WARNING:biomolecule.py:157:num_missing_heavy:Missing atom CD in residue ARG A 292
2024-02-28 14:07:16,899 WARNING:biomolecule.py:157:num_missing_heavy:Missing atom NE in residue ARG A 292
2024-02-28 14:07:16,899 WARNING:biomolecule.py:157:num_missing_heavy:Missing atom CZ in residue ARG A 292
2024-02-28 14:07:16,899 WARNING:biomolecule.py:157:num_missing_heavy:Missing atom NH1 in residue ARG A 292
2024-02-28 14:07:16,899 WARNING:biomolecule.py:157:num_missing_heavy:Missing atom NH2 in residue ARG A 292
2024-02-28 14:07:16,899 WARNING:biomolecule.py:157:num_missing_heavy:Missing atom CD in residue LYS A 296
2024-02-28 14:07:16,899 WARNING:biomolecule.py:157:num_missing_heavy:Missing atom CE in residue LYS A 296
2024-02-28 14:07:16,899 WARNING:biomolecule.py:157:num_missing_heavy:Missing atom NZ in residue LYS A 296
2024-02-28 14:07:16,900 WARNING:biomolecule.py:157:num_missing_heavy:Missing atom CD in residue GLU A 310
2024-02-28 14:07:16,900 WARNING:biomolecule.py:157:num_missing_heavy:Missing atom OE1 in residue GLU A 310
2024-02-28 14:07:16,900 WARNING:biomolecule.py:157:num_missing_heavy:Missing atom OE2 in residue GLU A 310
2024-02-28 14:07:16,900 WARNING:biomolecule.py:157:num_missing_heavy:Missing atom CG in residue ARG A 313
2024-02-28 14:07:16,900 WARNING:biomolecule.py:157:num_missing_heavy:Missing atom CD in residue ARG A 313
2024-02-28 14:07:16,900 WARNING:biomolecule.py:157:num_missing_heavy:Missing atom NE in residue ARG A 313
2024-02-28 14:07:16,900 WARNING:biomolecule.py:157:num_missing_heavy:Missing atom CZ in residue ARG A 313
2024-02-28 14:07:16,900 WARNING:biomolecule.py:157:num_missing_heavy:Missing atom NH1 in residue ARG A 313
2024-02-28 14:07:16,900 WARNING:biomolecule.py:157:num_missing_heavy:Missing atom NH2 in residue ARG A 313
2024-02-28 14:07:16,900 WARNING:biomolecule.py:157:num_missing_heavy:Missing atom CD in residue GLN A 314
2024-02-28 14:07:16,900 WARNING:biomolecule.py:157:num_missing_heavy:Missing atom OE1 in residue GLN A 314
2024-02-28 14:07:16,900 WARNING:biomolecule.py:157:num_missing_heavy:Missing atom NE2 in residue GLN A 314
2024-02-28 14:07:16,900 WARNING:biomolecule.py:157:num_missing_heavy:Missing atom CG in residue ARG A 317
2024-02-28 14:07:16,900 WARNING:biomolecule.py:157:num_missing_heavy:Missing atom CD in residue ARG A 317
2024-02-28 14:07:16,900 WARNING:biomolecule.py:157:num_missing_heavy:Missing atom NE in residue ARG A 317
2024-02-28 14:07:16,900 WARNING:biomolecule.py:157:num_missing_heavy:Missing atom CZ in residue ARG A 317
2024-02-28 14:07:16,900 WARNING:biomolecule.py:157:num_missing_heavy:Missing atom NH1 in residue ARG A 317
2024-02-28 14:07:16,900 WARNING:biomolecule.py:157:num_missing_heavy:Missing atom NH2 in residue ARG A 317
2024-02-28 14:07:16,900 WARNING:biomolecule.py:157:num_missing_heavy:Missing atom CB in residue MET B 1
2024-02-28 14:07:16,900 WARNING:biomolecule.py:157:num_missing_heavy:Missing atom CG in residue MET B 1
2024-02-28 14:07:16,900 WARNING:biomolecule.py:157:num_missing_heavy:Missing atom SD in residue MET B 1
2024-02-28 14:07:16,900 WARNING:biomolecule.py:157:num_missing_heavy:Missing atom CE in residue MET B 1
2024-02-28 14:07:16,901 WARNING:biomolecule.py:157:num_missing_heavy:Missing atom CG in residue LYS B 83
2024-02-28 14:07:16,901 WARNING:biomolecule.py:157:num_missing_heavy:Missing atom CD in residue LYS B 83
2024-02-28 14:07:16,901 WARNING:biomolecule.py:157:num_missing_heavy:Missing atom CE in residue LYS B 83
2024-02-28 14:07:16,901 WARNING:biomolecule.py:157:num_missing_heavy:Missing atom NZ in residue LYS B 83
2024-02-28 14:07:16,901 WARNING:biomolecule.py:157:num_missing_heavy:Missing atom OG in residue SER B 84
2024-02-28 14:07:16,901 WARNING:biomolecule.py:157:num_missing_heavy:Missing atom CD in residue ARG B 86
2024-02-28 14:07:16,901 WARNING:biomolecule.py:157:num_missing_heavy:Missing atom NE in residue ARG B 86
2024-02-28 14:07:16,901 WARNING:biomolecule.py:157:num_missing_heavy:Missing atom CZ in residue ARG B 86
2024-02-28 14:07:16,901 WARNING:biomolecule.py:157:num_missing_heavy:Missing atom NH1 in residue ARG B 86
2024-02-28 14:07:16,901 WARNING:biomolecule.py:157:num_missing_heavy:Missing atom NH2 in residue ARG B 86
2024-02-28 14:07:16,901 WARNING:biomolecule.py:157:num_missing_heavy:Missing atom CD in residue LYS B 91
2024-02-28 14:07:16,901 WARNING:biomolecule.py:157:num_missing_heavy:Missing atom CE in residue LYS B 91
2024-02-28 14:07:16,901 WARNING:biomolecule.py:157:num_missing_heavy:Missing atom NZ in residue LYS B 91
2024-02-28 14:07:16,901 WARNING:biomolecule.py:157:num_missing_heavy:Missing atom CG in residue GLU B 92
2024-02-28 14:07:16,901 WARNING:biomolecule.py:157:num_missing_heavy:Missing atom CD in residue GLU B 92
2024-02-28 14:07:16,901 WARNING:biomolecule.py:157:num_missing_heavy:Missing atom OE1 in residue GLU B 92
2024-02-28 14:07:16,901 WARNING:biomolecule.py:157:num_missing_heavy:Missing atom OE2 in residue GLU B 92
2024-02-28 14:07:16,901 WARNING:biomolecule.py:157:num_missing_heavy:Missing atom CG in residue GLU B 103
2024-02-28 14:07:16,901 WARNING:biomolecule.py:157:num_missing_heavy:Missing atom CD in residue GLU B 103
2024-02-28 14:07:16,901 WARNING:biomolecule.py:157:num_missing_heavy:Missing atom OE1 in residue GLU B 103
2024-02-28 14:07:16,901 WARNING:biomolecule.py:157:num_missing_heavy:Missing atom OE2 in residue GLU B 103
2024-02-28 14:07:16,903 WARNING:biomolecule.py:157:num_missing_heavy:Missing atom CG in residue GLU B 112
2024-02-28 14:07:16,904 WARNING:biomolecule.py:157:num_missing_heavy:Missing atom CD in residue GLU B 112
2024-02-28 14:07:16,904 WARNING:biomolecule.py:157:num_missing_heavy:Missing atom OE1 in residue GLU B 112
2024-02-28 14:07:16,904 WARNING:biomolecule.py:157:num_missing_heavy:Missing atom OE2 in residue GLU B 112
2024-02-28 14:07:16,906 WARNING:biomolecule.py:157:num_missing_heavy:Missing atom CG in residue GLN B 155
2024-02-28 14:07:16,906 WARNING:biomolecule.py:157:num_missing_heavy:Missing atom CD in residue GLN B 155
2024-02-28 14:07:16,906 WARNING:biomolecule.py:157:num_missing_heavy:Missing atom OE1 in residue GLN B 155
2024-02-28 14:07:16,906 WARNING:biomolecule.py:157:num_missing_heavy:Missing atom NE2 in residue GLN B 155
2024-02-28 14:07:16,906 WARNING:biomolecule.py:157:num_missing_heavy:Missing atom CD1 in residue ILE B 158
2024-02-28 14:07:16,906 WARNING:biomolecule.py:157:num_missing_heavy:Missing atom CG in residue GLU B 159
2024-02-28 14:07:16,906 WARNING:biomolecule.py:157:num_missing_heavy:Missing atom CD in residue GLU B 159
2024-02-28 14:07:16,906 WARNING:biomolecule.py:157:num_missing_heavy:Missing atom OE1 in residue GLU B 159
2024-02-28 14:07:16,906 WARNING:biomolecule.py:157:num_missing_heavy:Missing atom OE2 in residue GLU B 159
2024-02-28 14:07:16,907 WARNING:biomolecule.py:157:num_missing_heavy:Missing atom CG in residue ARG B 214
2024-02-28 14:07:16,907 WARNING:biomolecule.py:157:num_missing_heavy:Missing atom CD in residue ARG B 214
2024-02-28 14:07:16,907 WARNING:biomolecule.py:157:num_missing_heavy:Missing atom NE in residue ARG B 214
2024-02-28 14:07:16,907 WARNING:biomolecule.py:157:num_missing_heavy:Missing atom CZ in residue ARG B 214
2024-02-28 14:07:16,907 WARNING:biomolecule.py:157:num_missing_heavy:Missing atom NH1 in residue ARG B 214
2024-02-28 14:07:16,907 WARNING:biomolecule.py:157:num_missing_heavy:Missing atom NH2 in residue ARG B 214
2024-02-28 14:07:16,918 WARNING:biomolecule.py:157:num_missing_heavy:Missing atom CG in residue LEU B 222
2024-02-28 14:07:16,929 WARNING:biomolecule.py:157:num_missing_heavy:Missing atom CD1 in residue LEU B 222
2024-02-28 14:07:16,929 WARNING:biomolecule.py:157:num_missing_heavy:Missing atom CD2 in residue LEU B 222
2024-02-28 14:07:16,929 WARNING:biomolecule.py:157:num_missing_heavy:Missing atom CG in residue LYS B 230
2024-02-28 14:07:16,930 WARNING:biomolecule.py:157:num_missing_heavy:Missing atom CD in residue LYS B 230
2024-02-28 14:07:16,930 WARNING:biomolecule.py:157:num_missing_heavy:Missing atom CE in residue LYS B 230
2024-02-28 14:07:16,931 WARNING:biomolecule.py:157:num_missing_heavy:Missing atom NZ in residue LYS B 230
2024-02-28 14:07:16,931 WARNING:biomolecule.py:157:num_missing_heavy:Missing atom CG in residue LYS B 233
2024-02-28 14:07:16,931 WARNING:biomolecule.py:157:num_missing_heavy:Missing atom CD in residue LYS B 233
2024-02-28 14:07:16,931 WARNING:biomolecule.py:157:num_missing_heavy:Missing atom CE in residue LYS B 233
2024-02-28 14:07:16,931 WARNING:biomolecule.py:157:num_missing_heavy:Missing atom NZ in residue LYS B 233
2024-02-28 14:07:16,931 WARNING:biomolecule.py:157:num_missing_heavy:Missing atom OG1 in residue THR B 234
2024-02-28 14:07:16,931 WARNING:biomolecule.py:157:num_missing_heavy:Missing atom CG2 in residue THR B 234
2024-02-28 14:07:16,931 WARNING:biomolecule.py:157:num_missing_heavy:Missing atom CG in residue GLU B 235
2024-02-28 14:07:16,931 WARNING:biomolecule.py:157:num_missing_heavy:Missing atom CD in residue GLU B 235
2024-02-28 14:07:16,931 WARNING:biomolecule.py:157:num_missing_heavy:Missing atom OE1 in residue GLU B 235
2024-02-28 14:07:16,931 WARNING:biomolecule.py:157:num_missing_heavy:Missing atom OE2 in residue GLU B 235
2024-02-28 14:07:16,931 WARNING:biomolecule.py:157:num_missing_heavy:Missing atom CD in residue LYS B 243
2024-02-28 14:07:16,931 WARNING:biomolecule.py:157:num_missing_heavy:Missing atom CE in residue LYS B 243
2024-02-28 14:07:16,931 WARNING:biomolecule.py:157:num_missing_heavy:Missing atom NZ in residue LYS B 243
2024-02-28 14:07:16,932 WARNING:biomolecule.py:157:num_missing_heavy:Missing atom CG in residue GLU B 276
2024-02-28 14:07:16,932 WARNING:biomolecule.py:157:num_missing_heavy:Missing atom CD in residue GLU B 276
2024-02-28 14:07:16,932 WARNING:biomolecule.py:157:num_missing_heavy:Missing atom OE1 in residue GLU B 276
2024-02-28 14:07:16,932 WARNING:biomolecule.py:157:num_missing_heavy:Missing atom OE2 in residue GLU B 276
2024-02-28 14:07:16,932 WARNING:biomolecule.py:157:num_missing_heavy:Missing atom CG in residue ARG B 286
2024-02-28 14:07:16,932 WARNING:biomolecule.py:157:num_missing_heavy:Missing atom CD in residue ARG B 286
2024-02-28 14:07:16,932 WARNING:biomolecule.py:157:num_missing_heavy:Missing atom NE in residue ARG B 286
2024-02-28 14:07:16,932 WARNING:biomolecule.py:157:num_missing_heavy:Missing atom CZ in residue ARG B 286
2024-02-28 14:07:16,932 WARNING:biomolecule.py:157:num_missing_heavy:Missing atom NH1 in residue ARG B 286
2024-02-28 14:07:16,932 WARNING:biomolecule.py:157:num_missing_heavy:Missing atom NH2 in residue ARG B 286
2024-02-28 14:07:16,932 WARNING:biomolecule.py:157:num_missing_heavy:Missing atom CD in residue GLU B 287
2024-02-28 14:07:16,932 WARNING:biomolecule.py:157:num_missing_heavy:Missing atom OE1 in residue GLU B 287
2024-02-28 14:07:16,932 WARNING:biomolecule.py:157:num_missing_heavy:Missing atom OE2 in residue GLU B 287
2024-02-28 14:07:16,932 WARNING:biomolecule.py:157:num_missing_heavy:Missing atom CG in residue GLU B 290
2024-02-28 14:07:16,932 WARNING:biomolecule.py:157:num_missing_heavy:Missing atom CD in residue GLU B 290
2024-02-28 14:07:16,932 WARNING:biomolecule.py:157:num_missing_heavy:Missing atom OE1 in residue GLU B 290
2024-02-28 14:07:16,932 WARNING:biomolecule.py:157:num_missing_heavy:Missing atom OE2 in residue GLU B 290
2024-02-28 14:07:16,932 WARNING:biomolecule.py:157:num_missing_heavy:Missing atom CG in residue LYS B 291
2024-02-28 14:07:16,932 WARNING:biomolecule.py:157:num_missing_heavy:Missing atom CD in residue LYS B 291
2024-02-28 14:07:16,932 WARNING:biomolecule.py:157:num_missing_heavy:Missing atom CE in residue LYS B 291
2024-02-28 14:07:16,932 WARNING:biomolecule.py:157:num_missing_heavy:Missing atom NZ in residue LYS B 291
2024-02-28 14:07:16,932 WARNING:biomolecule.py:157:num_missing_heavy:Missing atom CG in residue GLU B 309
2024-02-28 14:07:16,932 WARNING:biomolecule.py:157:num_missing_heavy:Missing atom CD in residue GLU B 309
2024-02-28 14:07:16,932 WARNING:biomolecule.py:157:num_missing_heavy:Missing atom OE1 in residue GLU B 309
2024-02-28 14:07:16,933 WARNING:biomolecule.py:157:num_missing_heavy:Missing atom OE2 in residue GLU B 309
2024-02-28 14:07:16,933 WARNING:biomolecule.py:157:num_missing_heavy:Missing atom CG in residue GLU B 310
2024-02-28 14:07:16,933 WARNING:biomolecule.py:157:num_missing_heavy:Missing atom CD in residue GLU B 310
2024-02-28 14:07:16,933 WARNING:biomolecule.py:157:num_missing_heavy:Missing atom OE1 in residue GLU B 310
2024-02-28 14:07:16,933 WARNING:biomolecule.py:157:num_missing_heavy:Missing atom OE2 in residue GLU B 310
2024-02-28 14:07:16,933 WARNING:biomolecule.py:157:num_missing_heavy:Missing atom CG in residue ARG B 313
2024-02-28 14:07:16,933 WARNING:biomolecule.py:157:num_missing_heavy:Missing atom CD in residue ARG B 313
2024-02-28 14:07:16,933 WARNING:biomolecule.py:157:num_missing_heavy:Missing atom NE in residue ARG B 313
2024-02-28 14:07:16,933 WARNING:biomolecule.py:157:num_missing_heavy:Missing atom CZ in residue ARG B 313
2024-02-28 14:07:16,933 WARNING:biomolecule.py:157:num_missing_heavy:Missing atom NH1 in residue ARG B 313
2024-02-28 14:07:16,933 WARNING:biomolecule.py:157:num_missing_heavy:Missing atom NH2 in residue ARG B 313
2024-02-28 14:07:16,933 WARNING:biomolecule.py:157:num_missing_heavy:Missing atom CB in residue MET A 1
2024-02-28 14:07:16,933 WARNING:biomolecule.py:157:num_missing_heavy:Missing atom CG in residue MET A 1
2024-02-28 14:07:16,933 WARNING:biomolecule.py:157:num_missing_heavy:Missing atom SD in residue MET A 1
2024-02-28 14:07:16,933 WARNING:biomolecule.py:157:num_missing_heavy:Missing atom CE in residue MET A 1
2024-02-28 14:07:16,933 WARNING:biomolecule.py:157:num_missing_heavy:Missing atom CG in residue LYS A 83
2024-02-28 14:07:16,933 WARNING:biomolecule.py:157:num_missing_heavy:Missing atom CD in residue LYS A 83
2024-02-28 14:07:16,933 WARNING:biomolecule.py:157:num_missing_heavy:Missing atom CE in residue LYS A 83
2024-02-28 14:07:16,934 WARNING:biomolecule.py:157:num_missing_heavy:Missing atom NZ in residue LYS A 83
2024-02-28 14:07:16,934 WARNING:biomolecule.py:157:num_missing_heavy:Missing atom CD in residue ARG A 86
2024-02-28 14:07:16,934 WARNING:biomolecule.py:157:num_missing_heavy:Missing atom NE in residue ARG A 86
2024-02-28 14:07:16,934 WARNING:biomolecule.py:157:num_missing_heavy:Missing atom CZ in residue ARG A 86
2024-02-28 14:07:16,935 WARNING:biomolecule.py:157:num_missing_heavy:Missing atom NH1 in residue ARG A 86
2024-02-28 14:07:16,935 WARNING:biomolecule.py:157:num_missing_heavy:Missing atom NH2 in residue ARG A 86
2024-02-28 14:07:16,935 WARNING:biomolecule.py:157:num_missing_heavy:Missing atom OG1 in residue THR A 87
2024-02-28 14:07:16,935 WARNING:biomolecule.py:157:num_missing_heavy:Missing atom CG2 in residue THR A 87
2024-02-28 14:07:16,935 WARNING:biomolecule.py:157:num_missing_heavy:Missing atom CD in residue LYS A 91
2024-02-28 14:07:16,935 WARNING:biomolecule.py:157:num_missing_heavy:Missing atom CE in residue LYS A 91
2024-02-28 14:07:16,935 WARNING:biomolecule.py:157:num_missing_heavy:Missing atom NZ in residue LYS A 91
2024-02-28 14:07:16,935 WARNING:biomolecule.py:157:num_missing_heavy:Missing atom CG in residue GLU A 92
2024-02-28 14:07:16,935 WARNING:biomolecule.py:157:num_missing_heavy:Missing atom CD in residue GLU A 92
2024-02-28 14:07:16,935 WARNING:biomolecule.py:157:num_missing_heavy:Missing atom OE1 in residue GLU A 92
2024-02-28 14:07:16,935 WARNING:biomolecule.py:157:num_missing_heavy:Missing atom OE2 in residue GLU A 92
2024-02-28 14:07:16,935 WARNING:biomolecule.py:157:num_missing_heavy:Missing atom CD in residue ARG A 100
2024-02-28 14:07:16,935 WARNING:biomolecule.py:157:num_missing_heavy:Missing atom NE in residue ARG A 100
2024-02-28 14:07:16,935 WARNING:biomolecule.py:157:num_missing_heavy:Missing atom CZ in residue ARG A 100
2024-02-28 14:07:16,935 WARNING:biomolecule.py:157:num_missing_heavy:Missing atom NH1 in residue ARG A 100
2024-02-28 14:07:16,935 WARNING:biomolecule.py:157:num_missing_heavy:Missing atom NH2 in residue ARG A 100
2024-02-28 14:07:16,935 WARNING:biomolecule.py:157:num_missing_heavy:Missing atom CG in residue GLU A 103
2024-02-28 14:07:16,935 WARNING:biomolecule.py:157:num_missing_heavy:Missing atom CD in residue GLU A 103
2024-02-28 14:07:16,935 WARNING:biomolecule.py:157:num_missing_heavy:Missing atom OE1 in residue GLU A 103
2024-02-28 14:07:16,935 WARNING:biomolecule.py:157:num_missing_heavy:Missing atom OE2 in residue GLU A 103
2024-02-28 14:07:16,935 WARNING:biomolecule.py:157:num_missing_heavy:Missing atom CG in residue GLU A 112
2024-02-28 14:07:16,936 WARNING:biomolecule.py:157:num_missing_heavy:Missing atom CD in residue GLU A 112
2024-02-28 14:07:16,936 WARNING:biomolecule.py:157:num_missing_heavy:Missing atom OE1 in residue GLU A 112
2024-02-28 14:07:16,937 WARNING:biomolecule.py:157:num_missing_heavy:Missing atom OE2 in residue GLU A 112
2024-02-28 14:07:16,937 WARNING:biomolecule.py:157:num_missing_heavy:Missing atom CB in residue ASP A 114
2024-02-28 14:07:16,937 WARNING:biomolecule.py:157:num_missing_heavy:Missing atom CG in residue ASP A 114
2024-02-28 14:07:16,937 WARNING:biomolecule.py:157:num_missing_heavy:Missing atom OD1 in residue ASP A 114
2024-02-28 14:07:16,937 WARNING:biomolecule.py:157:num_missing_heavy:Missing atom OD2 in residue ASP A 114
2024-02-28 14:07:16,938 WARNING:biomolecule.py:157:num_missing_heavy:Missing atom CG in residue GLN A 155
2024-02-28 14:07:16,941 WARNING:biomolecule.py:157:num_missing_heavy:Missing atom CD in residue GLN A 155
2024-02-28 14:07:16,941 WARNING:biomolecule.py:157:num_missing_heavy:Missing atom OE1 in residue GLN A 155
2024-02-28 14:07:16,941 WARNING:biomolecule.py:157:num_missing_heavy:Missing atom NE2 in residue GLN A 155
2024-02-28 14:07:16,941 WARNING:biomolecule.py:157:num_missing_heavy:Missing atom CG1 in residue ILE A 158
2024-02-28 14:07:16,942 WARNING:biomolecule.py:157:num_missing_heavy:Missing atom CG2 in residue ILE A 158
2024-02-28 14:07:16,942 WARNING:biomolecule.py:157:num_missing_heavy:Missing atom CD1 in residue ILE A 158
2024-02-28 14:07:16,942 WARNING:biomolecule.py:157:num_missing_heavy:Missing atom CG in residue GLU A 159
2024-02-28 14:07:16,942 WARNING:biomolecule.py:157:num_missing_heavy:Missing atom CD in residue GLU A 159
2024-02-28 14:07:16,942 WARNING:biomolecule.py:157:num_missing_heavy:Missing atom OE1 in residue GLU A 159
2024-02-28 14:07:16,942 WARNING:biomolecule.py:157:num_missing_heavy:Missing atom OE2 in residue GLU A 159
2024-02-28 14:07:16,942 WARNING:biomolecule.py:157:num_missing_heavy:Missing atom CG in residue ARG A 214
2024-02-28 14:07:16,942 WARNING:biomolecule.py:157:num_missing_heavy:Missing atom CD in residue ARG A 214
2024-02-28 14:07:16,942 WARNING:biomolecule.py:157:num_missing_heavy:Missing atom NE in residue ARG A 214
2024-02-28 14:07:16,942 WARNING:biomolecule.py:157:num_missing_heavy:Missing atom CZ in residue ARG A 214
2024-02-28 14:07:16,942 WARNING:biomolecule.py:157:num_missing_heavy:Missing atom NH1 in residue ARG A 214
2024-02-28 14:07:16,942 WARNING:biomolecule.py:157:num_missing_heavy:Missing atom NH2 in residue ARG A 214
2024-02-28 14:07:16,943 WARNING:biomolecule.py:157:num_missing_heavy:Missing atom CG in residue LEU A 222
2024-02-28 14:07:16,943 WARNING:biomolecule.py:157:num_missing_heavy:Missing atom CD1 in residue LEU A 222
2024-02-28 14:07:16,943 WARNING:biomolecule.py:157:num_missing_heavy:Missing atom CD2 in residue LEU A 222
2024-02-28 14:07:16,943 WARNING:biomolecule.py:157:num_missing_heavy:Missing atom CD in residue LYS A 230
2024-02-28 14:07:16,943 WARNING:biomolecule.py:157:num_missing_heavy:Missing atom CE in residue LYS A 230
2024-02-28 14:07:16,943 WARNING:biomolecule.py:157:num_missing_heavy:Missing atom NZ in residue LYS A 230
2024-02-28 14:07:16,943 WARNING:biomolecule.py:157:num_missing_heavy:Missing atom CG in residue LYS A 233
2024-02-28 14:07:16,943 WARNING:biomolecule.py:157:num_missing_heavy:Missing atom CD in residue LYS A 233
2024-02-28 14:07:16,943 WARNING:biomolecule.py:157:num_missing_heavy:Missing atom CE in residue LYS A 233
2024-02-28 14:07:16,943 WARNING:biomolecule.py:157:num_missing_heavy:Missing atom NZ in residue LYS A 233
2024-02-28 14:07:16,943 WARNING:biomolecule.py:157:num_missing_heavy:Missing atom OG1 in residue THR A 234
2024-02-28 14:07:16,943 WARNING:biomolecule.py:157:num_missing_heavy:Missing atom CG2 in residue THR A 234
2024-02-28 14:07:16,943 WARNING:biomolecule.py:157:num_missing_heavy:Missing atom CG in residue GLU A 235
2024-02-28 14:07:16,943 WARNING:biomolecule.py:157:num_missing_heavy:Missing atom CD in residue GLU A 235
2024-02-28 14:07:16,943 WARNING:biomolecule.py:157:num_missing_heavy:Missing atom OE1 in residue GLU A 235
2024-02-28 14:07:16,943 WARNING:biomolecule.py:157:num_missing_heavy:Missing atom OE2 in residue GLU A 235
2024-02-28 14:07:16,943 WARNING:biomolecule.py:157:num_missing_heavy:Missing atom OG in residue SER A 236
2024-02-28 14:07:16,944 WARNING:biomolecule.py:157:num_missing_heavy:Missing atom CD in residue GLU A 276
2024-02-28 14:07:16,944 WARNING:biomolecule.py:157:num_missing_heavy:Missing atom OE1 in residue GLU A 276
2024-02-28 14:07:16,944 WARNING:biomolecule.py:157:num_missing_heavy:Missing atom OE2 in residue GLU A 276
2024-02-28 14:07:16,944 WARNING:biomolecule.py:157:num_missing_heavy:Missing atom CG in residue GLN A 283
2024-02-28 14:07:16,944 WARNING:biomolecule.py:157:num_missing_heavy:Missing atom CD in residue GLN A 283
2024-02-28 14:07:16,944 WARNING:biomolecule.py:157:num_missing_heavy:Missing atom OE1 in residue GLN A 283
2024-02-28 14:07:16,944 WARNING:biomolecule.py:157:num_missing_heavy:Missing atom NE2 in residue GLN A 283
2024-02-28 14:07:16,944 WARNING:biomolecule.py:157:num_missing_heavy:Missing atom CG in residue ARG A 286
2024-02-28 14:07:16,944 WARNING:biomolecule.py:157:num_missing_heavy:Missing atom CD in residue ARG A 286
2024-02-28 14:07:16,944 WARNING:biomolecule.py:157:num_missing_heavy:Missing atom NE in residue ARG A 286
2024-02-28 14:07:16,944 WARNING:biomolecule.py:157:num_missing_heavy:Missing atom CZ in residue ARG A 286
2024-02-28 14:07:16,944 WARNING:biomolecule.py:157:num_missing_heavy:Missing atom NH1 in residue ARG A 286
2024-02-28 14:07:16,944 WARNING:biomolecule.py:157:num_missing_heavy:Missing atom NH2 in residue ARG A 286
2024-02-28 14:07:16,944 WARNING:biomolecule.py:157:num_missing_heavy:Missing atom CD in residue GLU A 287
2024-02-28 14:07:16,944 WARNING:biomolecule.py:157:num_missing_heavy:Missing atom OE1 in residue GLU A 287
2024-02-28 14:07:16,944 WARNING:biomolecule.py:157:num_missing_heavy:Missing atom OE2 in residue GLU A 287
2024-02-28 14:07:16,944 WARNING:biomolecule.py:157:num_missing_heavy:Missing atom CG in residue GLU A 290
2024-02-28 14:07:16,944 WARNING:biomolecule.py:157:num_missing_heavy:Missing atom CD in residue GLU A 290
2024-02-28 14:07:16,945 WARNING:biomolecule.py:157:num_missing_heavy:Missing atom OE1 in residue GLU A 290
2024-02-28 14:07:16,945 WARNING:biomolecule.py:157:num_missing_heavy:Missing atom OE2 in residue GLU A 290
2024-02-28 14:07:16,945 WARNING:biomolecule.py:157:num_missing_heavy:Missing atom CG in residue LYS A 291
2024-02-28 14:07:16,945 WARNING:biomolecule.py:157:num_missing_heavy:Missing atom CD in residue LYS A 291
2024-02-28 14:07:16,945 WARNING:biomolecule.py:157:num_missing_heavy:Missing atom CE in residue LYS A 291
2024-02-28 14:07:16,945 WARNING:biomolecule.py:157:num_missing_heavy:Missing atom NZ in residue LYS A 291
2024-02-28 14:07:16,945 WARNING:biomolecule.py:157:num_missing_heavy:Missing atom CD in residue ARG A 292
2024-02-28 14:07:16,945 WARNING:biomolecule.py:157:num_missing_heavy:Missing atom NE in residue ARG A 292
2024-02-28 14:07:16,945 WARNING:biomolecule.py:157:num_missing_heavy:Missing atom CZ in residue ARG A 292
2024-02-28 14:07:16,945 WARNING:biomolecule.py:157:num_missing_heavy:Missing atom NH1 in residue ARG A 292
2024-02-28 14:07:16,945 WARNING:biomolecule.py:157:num_missing_heavy:Missing atom NH2 in residue ARG A 292
2024-02-28 14:07:16,945 WARNING:biomolecule.py:157:num_missing_heavy:Missing atom CD in residue LYS A 296
2024-02-28 14:07:16,945 WARNING:biomolecule.py:157:num_missing_heavy:Missing atom CE in residue LYS A 296
2024-02-28 14:07:16,945 WARNING:biomolecule.py:157:num_missing_heavy:Missing atom NZ in residue LYS A 296
2024-02-28 14:07:16,945 WARNING:biomolecule.py:157:num_missing_heavy:Missing atom CD in residue GLU A 310
2024-02-28 14:07:16,945 WARNING:biomolecule.py:157:num_missing_heavy:Missing atom OE1 in residue GLU A 310
2024-02-28 14:07:16,945 WARNING:biomolecule.py:157:num_missing_heavy:Missing atom OE2 in residue GLU A 310
2024-02-28 14:07:16,945 WARNING:biomolecule.py:157:num_missing_heavy:Missing atom CG in residue ARG A 313
2024-02-28 14:07:16,945 WARNING:biomolecule.py:157:num_missing_heavy:Missing atom CD in residue ARG A 313
2024-02-28 14:07:16,945 WARNING:biomolecule.py:157:num_missing_heavy:Missing atom NE in residue ARG A 313
2024-02-28 14:07:16,945 WARNING:biomolecule.py:157:num_missing_heavy:Missing atom CZ in residue ARG A 313
2024-02-28 14:07:16,945 WARNING:biomolecule.py:157:num_missing_heavy:Missing atom NH1 in residue ARG A 313
2024-02-28 14:07:16,945 WARNING:biomolecule.py:157:num_missing_heavy:Missing atom NH2 in residue ARG A 313
2024-02-28 14:07:16,945 WARNING:biomolecule.py:157:num_missing_heavy:Missing atom CD in residue GLN A 314
2024-02-28 14:07:16,946 WARNING:biomolecule.py:157:num_missing_heavy:Missing atom OE1 in residue GLN A 314
2024-02-28 14:07:16,946 WARNING:biomolecule.py:157:num_missing_heavy:Missing atom NE2 in residue GLN A 314
2024-02-28 14:07:16,946 WARNING:biomolecule.py:157:num_missing_heavy:Missing atom CG in residue ARG A 317
2024-02-28 14:07:16,946 WARNING:biomolecule.py:157:num_missing_heavy:Missing atom CD in residue ARG A 317
2024-02-28 14:07:16,946 WARNING:biomolecule.py:157:num_missing_heavy:Missing atom NE in residue ARG A 317
2024-02-28 14:07:16,946 WARNING:biomolecule.py:157:num_missing_heavy:Missing atom CZ in residue ARG A 317
2024-02-28 14:07:16,946 WARNING:biomolecule.py:157:num_missing_heavy:Missing atom NH1 in residue ARG A 317
2024-02-28 14:07:16,946 WARNING:biomolecule.py:157:num_missing_heavy:Missing atom NH2 in residue ARG A 317
2024-02-28 14:07:16,946 WARNING:biomolecule.py:157:num_missing_heavy:Missing atom CB in residue MET B 1
2024-02-28 14:07:16,946 WARNING:biomolecule.py:157:num_missing_heavy:Missing atom CG in residue MET B 1
2024-02-28 14:07:16,946 WARNING:biomolecule.py:157:num_missing_heavy:Missing atom SD in residue MET B 1
2024-02-28 14:07:16,946 WARNING:biomolecule.py:157:num_missing_heavy:Missing atom CE in residue MET B 1
2024-02-28 14:07:16,946 WARNING:biomolecule.py:157:num_missing_heavy:Missing atom CG in residue LYS B 83
2024-02-28 14:07:16,946 WARNING:biomolecule.py:157:num_missing_heavy:Missing atom CD in residue LYS B 83
2024-02-28 14:07:16,946 WARNING:biomolecule.py:157:num_missing_heavy:Missing atom CE in residue LYS B 83
2024-02-28 14:07:16,946 WARNING:biomolecule.py:157:num_missing_heavy:Missing atom NZ in residue LYS B 83
2024-02-28 14:07:16,946 WARNING:biomolecule.py:157:num_missing_heavy:Missing atom OG in residue SER B 84
2024-02-28 14:07:16,946 WARNING:biomolecule.py:157:num_missing_heavy:Missing atom CD in residue ARG B 86
2024-02-28 14:07:16,946 WARNING:biomolecule.py:157:num_missing_heavy:Missing atom NE in residue ARG B 86
2024-02-28 14:07:16,946 WARNING:biomolecule.py:157:num_missing_heavy:Missing atom CZ in residue ARG B 86
2024-02-28 14:07:16,946 WARNING:biomolecule.py:157:num_missing_heavy:Missing atom NH1 in residue ARG B 86
2024-02-28 14:07:16,947 WARNING:biomolecule.py:157:num_missing_heavy:Missing atom NH2 in residue ARG B 86
2024-02-28 14:07:16,947 WARNING:biomolecule.py:157:num_missing_heavy:Missing atom CD in residue LYS B 91
2024-02-28 14:07:16,947 WARNING:biomolecule.py:157:num_missing_heavy:Missing atom CE in residue LYS B 91
2024-02-28 14:07:16,947 WARNING:biomolecule.py:157:num_missing_heavy:Missing atom NZ in residue LYS B 91
2024-02-28 14:07:16,947 WARNING:biomolecule.py:157:num_missing_heavy:Missing atom CG in residue GLU B 92
2024-02-28 14:07:16,947 WARNING:biomolecule.py:157:num_missing_heavy:Missing atom CD in residue GLU B 92
2024-02-28 14:07:16,947 WARNING:biomolecule.py:157:num_missing_heavy:Missing atom OE1 in residue GLU B 92
2024-02-28 14:07:16,947 WARNING:biomolecule.py:157:num_missing_heavy:Missing atom OE2 in residue GLU B 92
2024-02-28 14:07:16,947 WARNING:biomolecule.py:157:num_missing_heavy:Missing atom CG in residue GLU B 103
2024-02-28 14:07:16,947 WARNING:biomolecule.py:157:num_missing_heavy:Missing atom CD in residue GLU B 103
2024-02-28 14:07:16,947 WARNING:biomolecule.py:157:num_missing_heavy:Missing atom OE1 in residue GLU B 103
2024-02-28 14:07:16,947 WARNING:biomolecule.py:157:num_missing_heavy:Missing atom OE2 in residue GLU B 103
2024-02-28 14:07:16,947 WARNING:biomolecule.py:157:num_missing_heavy:Missing atom CG in residue GLU B 112
2024-02-28 14:07:16,947 WARNING:biomolecule.py:157:num_missing_heavy:Missing atom CD in residue GLU B 112
2024-02-28 14:07:16,947 WARNING:biomolecule.py:157:num_missing_heavy:Missing atom OE1 in residue GLU B 112
2024-02-28 14:07:16,947 WARNING:biomolecule.py:157:num_missing_heavy:Missing atom OE2 in residue GLU B 112
2024-02-28 14:07:16,947 WARNING:biomolecule.py:157:num_missing_heavy:Missing atom CG in residue GLN B 155
2024-02-28 14:07:16,947 WARNING:biomolecule.py:157:num_missing_heavy:Missing atom CD in residue GLN B 155
2024-02-28 14:07:16,947 WARNING:biomolecule.py:157:num_missing_heavy:Missing atom OE1 in residue GLN B 155
2024-02-28 14:07:16,947 WARNING:biomolecule.py:157:num_missing_heavy:Missing atom NE2 in residue GLN B 155
2024-02-28 14:07:16,947 WARNING:biomolecule.py:157:num_missing_heavy:Missing atom CD1 in residue ILE B 158
2024-02-28 14:07:16,948 WARNING:biomolecule.py:157:num_missing_heavy:Missing atom CG in residue GLU B 159
2024-02-28 14:07:16,948 WARNING:biomolecule.py:157:num_missing_heavy:Missing atom CD in residue GLU B 159
2024-02-28 14:07:16,948 WARNING:biomolecule.py:157:num_missing_heavy:Missing atom OE1 in residue GLU B 159
2024-02-28 14:07:16,948 WARNING:biomolecule.py:157:num_missing_heavy:Missing atom OE2 in residue GLU B 159
2024-02-28 14:07:16,948 WARNING:biomolecule.py:157:num_missing_heavy:Missing atom CG in residue ARG B 214
2024-02-28 14:07:16,948 WARNING:biomolecule.py:157:num_missing_heavy:Missing atom CD in residue ARG B 214
2024-02-28 14:07:16,948 WARNING:biomolecule.py:157:num_missing_heavy:Missing atom NE in residue ARG B 214
2024-02-28 14:07:16,948 WARNING:biomolecule.py:157:num_missing_heavy:Missing atom CZ in residue ARG B 214
2024-02-28 14:07:16,948 WARNING:biomolecule.py:157:num_missing_heavy:Missing atom NH1 in residue ARG B 214
2024-02-28 14:07:16,948 WARNING:biomolecule.py:157:num_missing_heavy:Missing atom NH2 in residue ARG B 214
2024-02-28 14:07:16,948 WARNING:biomolecule.py:157:num_missing_heavy:Missing atom CG in residue LEU B 222
2024-02-28 14:07:16,948 WARNING:biomolecule.py:157:num_missing_heavy:Missing atom CD1 in residue LEU B 222
2024-02-28 14:07:16,948 WARNING:biomolecule.py:157:num_missing_heavy:Missing atom CD2 in residue LEU B 222
2024-02-28 14:07:16,948 WARNING:biomolecule.py:157:num_missing_heavy:Missing atom CG in residue LYS B 230
2024-02-28 14:07:16,948 WARNING:biomolecule.py:157:num_missing_heavy:Missing atom CD in residue LYS B 230
2024-02-28 14:07:16,948 WARNING:biomolecule.py:157:num_missing_heavy:Missing atom CE in residue LYS B 230
2024-02-28 14:07:16,948 WARNING:biomolecule.py:157:num_missing_heavy:Missing atom NZ in residue LYS B 230
2024-02-28 14:07:16,949 WARNING:biomolecule.py:157:num_missing_heavy:Missing atom CG in residue LYS B 233
2024-02-28 14:07:16,949 WARNING:biomolecule.py:157:num_missing_heavy:Missing atom CD in residue LYS B 233
2024-02-28 14:07:16,949 WARNING:biomolecule.py:157:num_missing_heavy:Missing atom CE in residue LYS B 233
2024-02-28 14:07:16,949 WARNING:biomolecule.py:157:num_missing_heavy:Missing atom NZ in residue LYS B 233
2024-02-28 14:07:16,949 WARNING:biomolecule.py:157:num_missing_heavy:Missing atom OG1 in residue THR B 234
2024-02-28 14:07:16,949 WARNING:biomolecule.py:157:num_missing_heavy:Missing atom CG2 in residue THR B 234
2024-02-28 14:07:16,949 WARNING:biomolecule.py:157:num_missing_heavy:Missing atom CG in residue GLU B 235
2024-02-28 14:07:16,949 WARNING:biomolecule.py:157:num_missing_heavy:Missing atom CD in residue GLU B 235
2024-02-28 14:07:16,949 WARNING:biomolecule.py:157:num_missing_heavy:Missing atom OE1 in residue GLU B 235
2024-02-28 14:07:16,949 WARNING:biomolecule.py:157:num_missing_heavy:Missing atom OE2 in residue GLU B 235
2024-02-28 14:07:16,949 WARNING:biomolecule.py:157:num_missing_heavy:Missing atom CD in residue LYS B 243
2024-02-28 14:07:16,949 WARNING:biomolecule.py:157:num_missing_heavy:Missing atom CE in residue LYS B 243
2024-02-28 14:07:16,949 WARNING:biomolecule.py:157:num_missing_heavy:Missing atom NZ in residue LYS B 243
2024-02-28 14:07:16,949 WARNING:biomolecule.py:157:num_missing_heavy:Missing atom CG in residue GLU B 276
2024-02-28 14:07:16,949 WARNING:biomolecule.py:157:num_missing_heavy:Missing atom CD in residue GLU B 276
2024-02-28 14:07:16,949 WARNING:biomolecule.py:157:num_missing_heavy:Missing atom OE1 in residue GLU B 276
2024-02-28 14:07:16,949 WARNING:biomolecule.py:157:num_missing_heavy:Missing atom OE2 in residue GLU B 276
2024-02-28 14:07:16,949 WARNING:biomolecule.py:157:num_missing_heavy:Missing atom CG in residue ARG B 286
2024-02-28 14:07:16,949 WARNING:biomolecule.py:157:num_missing_heavy:Missing atom CD in residue ARG B 286
2024-02-28 14:07:16,949 WARNING:biomolecule.py:157:num_missing_heavy:Missing atom NE in residue ARG B 286
2024-02-28 14:07:16,949 WARNING:biomolecule.py:157:num_missing_heavy:Missing atom CZ in residue ARG B 286
2024-02-28 14:07:16,949 WARNING:biomolecule.py:157:num_missing_heavy:Missing atom NH1 in residue ARG B 286
2024-02-28 14:07:16,949 WARNING:biomolecule.py:157:num_missing_heavy:Missing atom NH2 in residue ARG B 286
2024-02-28 14:07:16,949 WARNING:biomolecule.py:157:num_missing_heavy:Missing atom CD in residue GLU B 287
2024-02-28 14:07:16,950 WARNING:biomolecule.py:157:num_missing_heavy:Missing atom OE1 in residue GLU B 287
2024-02-28 14:07:16,950 WARNING:biomolecule.py:157:num_missing_heavy:Missing atom OE2 in residue GLU B 287
2024-02-28 14:07:16,950 WARNING:biomolecule.py:157:num_missing_heavy:Missing atom CG in residue GLU B 290
2024-02-28 14:07:16,950 WARNING:biomolecule.py:157:num_missing_heavy:Missing atom CD in residue GLU B 290
2024-02-28 14:07:16,950 WARNING:biomolecule.py:157:num_missing_heavy:Missing atom OE1 in residue GLU B 290
2024-02-28 14:07:16,950 WARNING:biomolecule.py:157:num_missing_heavy:Missing atom OE2 in residue GLU B 290
2024-02-28 14:07:16,950 WARNING:biomolecule.py:157:num_missing_heavy:Missing atom CG in residue LYS B 291
2024-02-28 14:07:16,950 WARNING:biomolecule.py:157:num_missing_heavy:Missing atom CD in residue LYS B 291
2024-02-28 14:07:16,950 WARNING:biomolecule.py:157:num_missing_heavy:Missing atom CE in residue LYS B 291
2024-02-28 14:07:16,950 WARNING:biomolecule.py:157:num_missing_heavy:Missing atom NZ in residue LYS B 291
2024-02-28 14:07:16,950 WARNING:biomolecule.py:157:num_missing_heavy:Missing atom CG in residue GLU B 309
2024-02-28 14:07:16,950 WARNING:biomolecule.py:157:num_missing_heavy:Missing atom CD in residue GLU B 309
2024-02-28 14:07:16,950 WARNING:biomolecule.py:157:num_missing_heavy:Missing atom OE1 in residue GLU B 309
2024-02-28 14:07:16,950 WARNING:biomolecule.py:157:num_missing_heavy:Missing atom OE2 in residue GLU B 309
2024-02-28 14:07:16,950 WARNING:biomolecule.py:157:num_missing_heavy:Missing atom CG in residue GLU B 310
2024-02-28 14:07:16,950 WARNING:biomolecule.py:157:num_missing_heavy:Missing atom CD in residue GLU B 310
2024-02-28 14:07:16,950 WARNING:biomolecule.py:157:num_missing_heavy:Missing atom OE1 in residue GLU B 310
2024-02-28 14:07:16,950 WARNING:biomolecule.py:157:num_missing_heavy:Missing atom OE2 in residue GLU B 310
2024-02-28 14:07:16,950 WARNING:biomolecule.py:157:num_missing_heavy:Missing atom CG in residue ARG B 313
2024-02-28 14:07:16,950 WARNING:biomolecule.py:157:num_missing_heavy:Missing atom CD in residue ARG B 313
2024-02-28 14:07:16,950 WARNING:biomolecule.py:157:num_missing_heavy:Missing atom NE in residue ARG B 313
2024-02-28 14:07:16,950 WARNING:biomolecule.py:157:num_missing_heavy:Missing atom CZ in residue ARG B 313
2024-02-28 14:07:16,950 WARNING:biomolecule.py:157:num_missing_heavy:Missing atom NH1 in residue ARG B 313
2024-02-28 14:07:16,950 WARNING:biomolecule.py:157:num_missing_heavy:Missing atom NH2 in residue ARG B 313
2024-02-28 14:07:16,950 WARNING:biomolecule.py:157:num_missing_heavy:Missing atom CB in residue MET A 1
2024-02-28 14:07:16,950 WARNING:biomolecule.py:157:num_missing_heavy:Missing atom CG in residue MET A 1
2024-02-28 14:07:16,950 WARNING:biomolecule.py:157:num_missing_heavy:Missing atom SD in residue MET A 1
2024-02-28 14:07:16,950 WARNING:biomolecule.py:157:num_missing_heavy:Missing atom CE in residue MET A 1
2024-02-28 14:07:16,951 WARNING:biomolecule.py:157:num_missing_heavy:Missing atom CG in residue LYS A 83
2024-02-28 14:07:16,951 WARNING:biomolecule.py:157:num_missing_heavy:Missing atom CD in residue LYS A 83
2024-02-28 14:07:16,951 WARNING:biomolecule.py:157:num_missing_heavy:Missing atom CE in residue LYS A 83
2024-02-28 14:07:16,951 WARNING:biomolecule.py:157:num_missing_heavy:Missing atom NZ in residue LYS A 83
2024-02-28 14:07:16,951 WARNING:biomolecule.py:157:num_missing_heavy:Missing atom CD in residue ARG A 86
2024-02-28 14:07:16,951 WARNING:biomolecule.py:157:num_missing_heavy:Missing atom NE in residue ARG A 86
2024-02-28 14:07:16,951 WARNING:biomolecule.py:157:num_missing_heavy:Missing atom CZ in residue ARG A 86
2024-02-28 14:07:16,951 WARNING:biomolecule.py:157:num_missing_heavy:Missing atom NH1 in residue ARG A 86
2024-02-28 14:07:16,951 WARNING:biomolecule.py:157:num_missing_heavy:Missing atom NH2 in residue ARG A 86
2024-02-28 14:07:16,951 WARNING:biomolecule.py:157:num_missing_heavy:Missing atom OG1 in residue THR A 87
2024-02-28 14:07:16,951 WARNING:biomolecule.py:157:num_missing_heavy:Missing atom CG2 in residue THR A 87
2024-02-28 14:07:16,951 WARNING:biomolecule.py:157:num_missing_heavy:Missing atom CD in residue LYS A 91
2024-02-28 14:07:16,951 WARNING:biomolecule.py:157:num_missing_heavy:Missing atom CE in residue LYS A 91
2024-02-28 14:07:16,951 WARNING:biomolecule.py:157:num_missing_heavy:Missing atom NZ in residue LYS A 91
2024-02-28 14:07:16,951 WARNING:biomolecule.py:157:num_missing_heavy:Missing atom CG in residue GLU A 92
2024-02-28 14:07:16,951 WARNING:biomolecule.py:157:num_missing_heavy:Missing atom CD in residue GLU A 92
2024-02-28 14:07:16,951 WARNING:biomolecule.py:157:num_missing_heavy:Missing atom OE1 in residue GLU A 92
2024-02-28 14:07:16,951 WARNING:biomolecule.py:157:num_missing_heavy:Missing atom OE2 in residue GLU A 92
2024-02-28 14:07:16,951 WARNING:biomolecule.py:157:num_missing_heavy:Missing atom CD in residue ARG A 100
2024-02-28 14:07:16,951 WARNING:biomolecule.py:157:num_missing_heavy:Missing atom NE in residue ARG A 100
2024-02-28 14:07:16,951 WARNING:biomolecule.py:157:num_missing_heavy:Missing atom CZ in residue ARG A 100
2024-02-28 14:07:16,951 WARNING:biomolecule.py:157:num_missing_heavy:Missing atom NH1 in residue ARG A 100
2024-02-28 14:07:16,951 WARNING:biomolecule.py:157:num_missing_heavy:Missing atom NH2 in residue ARG A 100
2024-02-28 14:07:16,952 WARNING:biomolecule.py:157:num_missing_heavy:Missing atom CG in residue GLU A 103
2024-02-28 14:07:16,952 WARNING:biomolecule.py:157:num_missing_heavy:Missing atom CD in residue GLU A 103
2024-02-28 14:07:16,952 WARNING:biomolecule.py:157:num_missing_heavy:Missing atom OE1 in residue GLU A 103
2024-02-28 14:07:16,952 WARNING:biomolecule.py:157:num_missing_heavy:Missing atom OE2 in residue GLU A 103
2024-02-28 14:07:16,952 WARNING:biomolecule.py:157:num_missing_heavy:Missing atom CG in residue GLU A 112
2024-02-28 14:07:16,952 WARNING:biomolecule.py:157:num_missing_heavy:Missing atom CD in residue GLU A 112
2024-02-28 14:07:16,952 WARNING:biomolecule.py:157:num_missing_heavy:Missing atom OE1 in residue GLU A 112
2024-02-28 14:07:16,952 WARNING:biomolecule.py:157:num_missing_heavy:Missing atom OE2 in residue GLU A 112
2024-02-28 14:07:16,952 WARNING:biomolecule.py:157:num_missing_heavy:Missing atom CB in residue ASP A 114
2024-02-28 14:07:16,952 WARNING:biomolecule.py:157:num_missing_heavy:Missing atom CG in residue ASP A 114
2024-02-28 14:07:16,952 WARNING:biomolecule.py:157:num_missing_heavy:Missing atom OD1 in residue ASP A 114
2024-02-28 14:07:16,952 WARNING:biomolecule.py:157:num_missing_heavy:Missing atom OD2 in residue ASP A 114
2024-02-28 14:07:16,952 WARNING:biomolecule.py:157:num_missing_heavy:Missing atom CG in residue GLN A 155
2024-02-28 14:07:16,952 WARNING:biomolecule.py:157:num_missing_heavy:Missing atom CD in residue GLN A 155
2024-02-28 14:07:16,952 WARNING:biomolecule.py:157:num_missing_heavy:Missing atom OE1 in residue GLN A 155
2024-02-28 14:07:16,952 WARNING:biomolecule.py:157:num_missing_heavy:Missing atom NE2 in residue GLN A 155
2024-02-28 14:07:16,952 WARNING:biomolecule.py:157:num_missing_heavy:Missing atom CG1 in residue ILE A 158
2024-02-28 14:07:16,952 WARNING:biomolecule.py:157:num_missing_heavy:Missing atom CG2 in residue ILE A 158
2024-02-28 14:07:16,952 WARNING:biomolecule.py:157:num_missing_heavy:Missing atom CD1 in residue ILE A 158
2024-02-28 14:07:16,952 WARNING:biomolecule.py:157:num_missing_heavy:Missing atom CG in residue GLU A 159
2024-02-28 14:07:16,952 WARNING:biomolecule.py:157:num_missing_heavy:Missing atom CD in residue GLU A 159
2024-02-28 14:07:16,952 WARNING:biomolecule.py:157:num_missing_heavy:Missing atom OE1 in residue GLU A 159
2024-02-28 14:07:16,952 WARNING:biomolecule.py:157:num_missing_heavy:Missing atom OE2 in residue GLU A 159
2024-02-28 14:07:16,953 WARNING:biomolecule.py:157:num_missing_heavy:Missing atom CG in residue ARG A 214
2024-02-28 14:07:16,953 WARNING:biomolecule.py:157:num_missing_heavy:Missing atom CD in residue ARG A 214
2024-02-28 14:07:16,953 WARNING:biomolecule.py:157:num_missing_heavy:Missing atom NE in residue ARG A 214
2024-02-28 14:07:16,953 WARNING:biomolecule.py:157:num_missing_heavy:Missing atom CZ in residue ARG A 214
2024-02-28 14:07:16,953 WARNING:biomolecule.py:157:num_missing_heavy:Missing atom NH1 in residue ARG A 214
2024-02-28 14:07:16,953 WARNING:biomolecule.py:157:num_missing_heavy:Missing atom NH2 in residue ARG A 214
2024-02-28 14:07:16,953 WARNING:biomolecule.py:157:num_missing_heavy:Missing atom CG in residue LEU A 222
2024-02-28 14:07:16,953 WARNING:biomolecule.py:157:num_missing_heavy:Missing atom CD1 in residue LEU A 222
2024-02-28 14:07:16,953 WARNING:biomolecule.py:157:num_missing_heavy:Missing atom CD2 in residue LEU A 222
2024-02-28 14:07:16,953 WARNING:biomolecule.py:157:num_missing_heavy:Missing atom CD in residue LYS A 230
2024-02-28 14:07:16,953 WARNING:biomolecule.py:157:num_missing_heavy:Missing atom CE in residue LYS A 230
2024-02-28 14:07:16,953 WARNING:biomolecule.py:157:num_missing_heavy:Missing atom NZ in residue LYS A 230
2024-02-28 14:07:16,953 WARNING:biomolecule.py:157:num_missing_heavy:Missing atom CG in residue LYS A 233
2024-02-28 14:07:16,953 WARNING:biomolecule.py:157:num_missing_heavy:Missing atom CD in residue LYS A 233
2024-02-28 14:07:16,953 WARNING:biomolecule.py:157:num_missing_heavy:Missing atom CE in residue LYS A 233
2024-02-28 14:07:16,953 WARNING:biomolecule.py:157:num_missing_heavy:Missing atom NZ in residue LYS A 233
2024-02-28 14:07:16,953 WARNING:biomolecule.py:157:num_missing_heavy:Missing atom OG1 in residue THR A 234
2024-02-28 14:07:16,953 WARNING:biomolecule.py:157:num_missing_heavy:Missing atom CG2 in residue THR A 234
2024-02-28 14:07:16,953 WARNING:biomolecule.py:157:num_missing_heavy:Missing atom CG in residue GLU A 235
2024-02-28 14:07:16,953 WARNING:biomolecule.py:157:num_missing_heavy:Missing atom CD in residue GLU A 235
2024-02-28 14:07:16,953 WARNING:biomolecule.py:157:num_missing_heavy:Missing atom OE1 in residue GLU A 235
2024-02-28 14:07:16,953 WARNING:biomolecule.py:157:num_missing_heavy:Missing atom OE2 in residue GLU A 235
2024-02-28 14:07:16,953 WARNING:biomolecule.py:157:num_missing_heavy:Missing atom OG in residue SER A 236
2024-02-28 14:07:16,954 WARNING:biomolecule.py:157:num_missing_heavy:Missing atom CD in residue GLU A 276
2024-02-28 14:07:16,954 WARNING:biomolecule.py:157:num_missing_heavy:Missing atom OE1 in residue GLU A 276
2024-02-28 14:07:16,954 WARNING:biomolecule.py:157:num_missing_heavy:Missing atom OE2 in residue GLU A 276
2024-02-28 14:07:16,954 WARNING:biomolecule.py:157:num_missing_heavy:Missing atom CG in residue GLN A 283
2024-02-28 14:07:16,954 WARNING:biomolecule.py:157:num_missing_heavy:Missing atom CD in residue GLN A 283
2024-02-28 14:07:16,954 WARNING:biomolecule.py:157:num_missing_heavy:Missing atom OE1 in residue GLN A 283
2024-02-28 14:07:16,954 WARNING:biomolecule.py:157:num_missing_heavy:Missing atom NE2 in residue GLN A 283
2024-02-28 14:07:16,954 WARNING:biomolecule.py:157:num_missing_heavy:Missing atom CG in residue ARG A 286
2024-02-28 14:07:16,954 WARNING:biomolecule.py:157:num_missing_heavy:Missing atom CD in residue ARG A 286
2024-02-28 14:07:16,954 WARNING:biomolecule.py:157:num_missing_heavy:Missing atom NE in residue ARG A 286
2024-02-28 14:07:16,954 WARNING:biomolecule.py:157:num_missing_heavy:Missing atom CZ in residue ARG A 286
2024-02-28 14:07:16,954 WARNING:biomolecule.py:157:num_missing_heavy:Missing atom NH1 in residue ARG A 286
2024-02-28 14:07:16,954 WARNING:biomolecule.py:157:num_missing_heavy:Missing atom NH2 in residue ARG A 286
2024-02-28 14:07:16,954 WARNING:biomolecule.py:157:num_missing_heavy:Missing atom CD in residue GLU A 287
2024-02-28 14:07:16,954 WARNING:biomolecule.py:157:num_missing_heavy:Missing atom OE1 in residue GLU A 287
2024-02-28 14:07:16,954 WARNING:biomolecule.py:157:num_missing_heavy:Missing atom OE2 in residue GLU A 287
2024-02-28 14:07:16,954 WARNING:biomolecule.py:157:num_missing_heavy:Missing atom CG in residue GLU A 290
2024-02-28 14:07:16,954 WARNING:biomolecule.py:157:num_missing_heavy:Missing atom CD in residue GLU A 290
2024-02-28 14:07:16,954 WARNING:biomolecule.py:157:num_missing_heavy:Missing atom OE1 in residue GLU A 290
2024-02-28 14:07:16,954 WARNING:biomolecule.py:157:num_missing_heavy:Missing atom OE2 in residue GLU A 290
2024-02-28 14:07:16,954 WARNING:biomolecule.py:157:num_missing_heavy:Missing atom CG in residue LYS A 291
2024-02-28 14:07:16,954 WARNING:biomolecule.py:157:num_missing_heavy:Missing atom CD in residue LYS A 291
2024-02-28 14:07:16,954 WARNING:biomolecule.py:157:num_missing_heavy:Missing atom CE in residue LYS A 291
2024-02-28 14:07:16,954 WARNING:biomolecule.py:157:num_missing_heavy:Missing atom NZ in residue LYS A 291
2024-02-28 14:07:16,954 WARNING:biomolecule.py:157:num_missing_heavy:Missing atom CD in residue ARG A 292
2024-02-28 14:07:16,954 WARNING:biomolecule.py:157:num_missing_heavy:Missing atom NE in residue ARG A 292
2024-02-28 14:07:16,954 WARNING:biomolecule.py:157:num_missing_heavy:Missing atom CZ in residue ARG A 292
2024-02-28 14:07:16,954 WARNING:biomolecule.py:157:num_missing_heavy:Missing atom NH1 in residue ARG A 292
2024-02-28 14:07:16,955 WARNING:biomolecule.py:157:num_missing_heavy:Missing atom NH2 in residue ARG A 292
2024-02-28 14:07:16,955 WARNING:biomolecule.py:157:num_missing_heavy:Missing atom CD in residue LYS A 296
2024-02-28 14:07:16,955 WARNING:biomolecule.py:157:num_missing_heavy:Missing atom CE in residue LYS A 296
2024-02-28 14:07:16,959 WARNING:biomolecule.py:157:num_missing_heavy:Missing atom NZ in residue LYS A 296
2024-02-28 14:07:16,973 WARNING:biomolecule.py:157:num_missing_heavy:Missing atom CD in residue GLU A 310
2024-02-28 14:07:16,973 WARNING:biomolecule.py:157:num_missing_heavy:Missing atom OE1 in residue GLU A 310
2024-02-28 14:07:16,974 WARNING:biomolecule.py:157:num_missing_heavy:Missing atom OE2 in residue GLU A 310
2024-02-28 14:07:16,974 WARNING:biomolecule.py:157:num_missing_heavy:Missing atom CG in residue ARG A 313
2024-02-28 14:07:16,974 WARNING:biomolecule.py:157:num_missing_heavy:Missing atom CD in residue ARG A 313
2024-02-28 14:07:16,974 WARNING:biomolecule.py:157:num_missing_heavy:Missing atom NE in residue ARG A 313
2024-02-28 14:07:16,974 WARNING:biomolecule.py:157:num_missing_heavy:Missing atom CZ in residue ARG A 313
2024-02-28 14:07:16,974 WARNING:biomolecule.py:157:num_missing_heavy:Missing atom NH1 in residue ARG A 313
2024-02-28 14:07:16,974 WARNING:biomolecule.py:157:num_missing_heavy:Missing atom NH2 in residue ARG A 313
2024-02-28 14:07:16,974 WARNING:biomolecule.py:157:num_missing_heavy:Missing atom CD in residue GLN A 314
2024-02-28 14:07:16,974 WARNING:biomolecule.py:157:num_missing_heavy:Missing atom OE1 in residue GLN A 314
2024-02-28 14:07:16,974 WARNING:biomolecule.py:157:num_missing_heavy:Missing atom NE2 in residue GLN A 314
2024-02-28 14:07:16,974 WARNING:biomolecule.py:157:num_missing_heavy:Missing atom CG in residue ARG A 317
2024-02-28 14:07:16,974 WARNING:biomolecule.py:157:num_missing_heavy:Missing atom CD in residue ARG A 317
2024-02-28 14:07:16,974 WARNING:biomolecule.py:157:num_missing_heavy:Missing atom NE in residue ARG A 317
2024-02-28 14:07:16,974 WARNING:biomolecule.py:157:num_missing_heavy:Missing atom CZ in residue ARG A 317
2024-02-28 14:07:16,974 WARNING:biomolecule.py:157:num_missing_heavy:Missing atom NH1 in residue ARG A 317
2024-02-28 14:07:16,974 WARNING:biomolecule.py:157:num_missing_heavy:Missing atom NH2 in residue ARG A 317
2024-02-28 14:07:16,974 WARNING:biomolecule.py:157:num_missing_heavy:Missing atom CB in residue MET B 1
2024-02-28 14:07:16,974 WARNING:biomolecule.py:157:num_missing_heavy:Missing atom CG in residue MET B 1
2024-02-28 14:07:16,974 WARNING:biomolecule.py:157:num_missing_heavy:Missing atom SD in residue MET B 1
2024-02-28 14:07:16,974 WARNING:biomolecule.py:157:num_missing_heavy:Missing atom CE in residue MET B 1
2024-02-28 14:07:16,975 WARNING:biomolecule.py:157:num_missing_heavy:Missing atom CG in residue LYS B 83
2024-02-28 14:07:16,975 WARNING:biomolecule.py:157:num_missing_heavy:Missing atom CD in residue LYS B 83
2024-02-28 14:07:16,975 WARNING:biomolecule.py:157:num_missing_heavy:Missing atom CE in residue LYS B 83
2024-02-28 14:07:16,975 WARNING:biomolecule.py:157:num_missing_heavy:Missing atom NZ in residue LYS B 83
2024-02-28 14:07:16,975 WARNING:biomolecule.py:157:num_missing_heavy:Missing atom OG in residue SER B 84
2024-02-28 14:07:16,975 WARNING:biomolecule.py:157:num_missing_heavy:Missing atom CD in residue ARG B 86
2024-02-28 14:07:16,975 WARNING:biomolecule.py:157:num_missing_heavy:Missing atom NE in residue ARG B 86
2024-02-28 14:07:16,975 WARNING:biomolecule.py:157:num_missing_heavy:Missing atom CZ in residue ARG B 86
2024-02-28 14:07:16,975 WARNING:biomolecule.py:157:num_missing_heavy:Missing atom NH1 in residue ARG B 86
2024-02-28 14:07:16,975 WARNING:biomolecule.py:157:num_missing_heavy:Missing atom NH2 in residue ARG B 86
2024-02-28 14:07:16,975 WARNING:biomolecule.py:157:num_missing_heavy:Missing atom CD in residue LYS B 91
2024-02-28 14:07:16,975 WARNING:biomolecule.py:157:num_missing_heavy:Missing atom CE in residue LYS B 91
2024-02-28 14:07:16,975 WARNING:biomolecule.py:157:num_missing_heavy:Missing atom NZ in residue LYS B 91
2024-02-28 14:07:16,975 WARNING:biomolecule.py:157:num_missing_heavy:Missing atom CG in residue GLU B 92
2024-02-28 14:07:16,975 WARNING:biomolecule.py:157:num_missing_heavy:Missing atom CD in residue GLU B 92
2024-02-28 14:07:16,975 WARNING:biomolecule.py:157:num_missing_heavy:Missing atom OE1 in residue GLU B 92
2024-02-28 14:07:16,975 WARNING:biomolecule.py:157:num_missing_heavy:Missing atom OE2 in residue GLU B 92
2024-02-28 14:07:16,975 WARNING:biomolecule.py:157:num_missing_heavy:Missing atom CG in residue GLU B 103
2024-02-28 14:07:16,976 WARNING:biomolecule.py:157:num_missing_heavy:Missing atom CD in residue GLU B 103
2024-02-28 14:07:16,976 WARNING:biomolecule.py:157:num_missing_heavy:Missing atom OE1 in residue GLU B 103
2024-02-28 14:07:16,976 WARNING:biomolecule.py:157:num_missing_heavy:Missing atom OE2 in residue GLU B 103
2024-02-28 14:07:16,976 WARNING:biomolecule.py:157:num_missing_heavy:Missing atom CG in residue GLU B 112
2024-02-28 14:07:16,976 WARNING:biomolecule.py:157:num_missing_heavy:Missing atom CD in residue GLU B 112
2024-02-28 14:07:16,976 WARNING:biomolecule.py:157:num_missing_heavy:Missing atom OE1 in residue GLU B 112
2024-02-28 14:07:16,976 WARNING:biomolecule.py:157:num_missing_heavy:Missing atom OE2 in residue GLU B 112
2024-02-28 14:07:16,976 WARNING:biomolecule.py:157:num_missing_heavy:Missing atom CG in residue GLN B 155
2024-02-28 14:07:16,976 WARNING:biomolecule.py:157:num_missing_heavy:Missing atom CD in residue GLN B 155
2024-02-28 14:07:16,976 WARNING:biomolecule.py:157:num_missing_heavy:Missing atom OE1 in residue GLN B 155
2024-02-28 14:07:16,976 WARNING:biomolecule.py:157:num_missing_heavy:Missing atom NE2 in residue GLN B 155
2024-02-28 14:07:16,982 WARNING:biomolecule.py:157:num_missing_heavy:Missing atom CD1 in residue ILE B 158
2024-02-28 14:07:16,982 WARNING:biomolecule.py:157:num_missing_heavy:Missing atom CG in residue GLU B 159
2024-02-28 14:07:16,982 WARNING:biomolecule.py:157:num_missing_heavy:Missing atom CD in residue GLU B 159
2024-02-28 14:07:16,982 WARNING:biomolecule.py:157:num_missing_heavy:Missing atom OE1 in residue GLU B 159
2024-02-28 14:07:16,982 WARNING:biomolecule.py:157:num_missing_heavy:Missing atom OE2 in residue GLU B 159
2024-02-28 14:07:16,982 WARNING:biomolecule.py:157:num_missing_heavy:Missing atom CG in residue ARG B 214
2024-02-28 14:07:16,982 WARNING:biomolecule.py:157:num_missing_heavy:Missing atom CD in residue ARG B 214
2024-02-28 14:07:16,982 WARNING:biomolecule.py:157:num_missing_heavy:Missing atom NE in residue ARG B 214
2024-02-28 14:07:16,982 WARNING:biomolecule.py:157:num_missing_heavy:Missing atom CZ in residue ARG B 214
2024-02-28 14:07:16,982 WARNING:biomolecule.py:157:num_missing_heavy:Missing atom NH1 in residue ARG B 214
2024-02-28 14:07:16,982 WARNING:biomolecule.py:157:num_missing_heavy:Missing atom NH2 in residue ARG B 214
2024-02-28 14:07:16,982 WARNING:biomolecule.py:157:num_missing_heavy:Missing atom CG in residue LEU B 222
2024-02-28 14:07:16,982 WARNING:biomolecule.py:157:num_missing_heavy:Missing atom CD1 in residue LEU B 222
2024-02-28 14:07:16,983 WARNING:biomolecule.py:157:num_missing_heavy:Missing atom CD2 in residue LEU B 222
2024-02-28 14:07:16,983 WARNING:biomolecule.py:157:num_missing_heavy:Missing atom CG in residue LYS B 230
2024-02-28 14:07:16,983 WARNING:biomolecule.py:157:num_missing_heavy:Missing atom CD in residue LYS B 230
2024-02-28 14:07:16,983 WARNING:biomolecule.py:157:num_missing_heavy:Missing atom CE in residue LYS B 230
2024-02-28 14:07:16,983 WARNING:biomolecule.py:157:num_missing_heavy:Missing atom NZ in residue LYS B 230
2024-02-28 14:07:16,983 WARNING:biomolecule.py:157:num_missing_heavy:Missing atom CG in residue LYS B 233
2024-02-28 14:07:16,983 WARNING:biomolecule.py:157:num_missing_heavy:Missing atom CD in residue LYS B 233
2024-02-28 14:07:16,983 WARNING:biomolecule.py:157:num_missing_heavy:Missing atom CE in residue LYS B 233
2024-02-28 14:07:16,983 WARNING:biomolecule.py:157:num_missing_heavy:Missing atom NZ in residue LYS B 233
2024-02-28 14:07:16,983 WARNING:biomolecule.py:157:num_missing_heavy:Missing atom OG1 in residue THR B 234
2024-02-28 14:07:16,983 WARNING:biomolecule.py:157:num_missing_heavy:Missing atom CG2 in residue THR B 234
2024-02-28 14:07:16,983 WARNING:biomolecule.py:157:num_missing_heavy:Missing atom CG in residue GLU B 235
2024-02-28 14:07:16,983 WARNING:biomolecule.py:157:num_missing_heavy:Missing atom CD in residue GLU B 235
2024-02-28 14:07:16,983 WARNING:biomolecule.py:157:num_missing_heavy:Missing atom OE1 in residue GLU B 235
2024-02-28 14:07:16,983 WARNING:biomolecule.py:157:num_missing_heavy:Missing atom OE2 in residue GLU B 235
2024-02-28 14:07:16,983 WARNING:biomolecule.py:157:num_missing_heavy:Missing atom CD in residue LYS B 243
2024-02-28 14:07:16,983 WARNING:biomolecule.py:157:num_missing_heavy:Missing atom CE in residue LYS B 243
2024-02-28 14:07:16,983 WARNING:biomolecule.py:157:num_missing_heavy:Missing atom NZ in residue LYS B 243
2024-02-28 14:07:16,983 WARNING:biomolecule.py:157:num_missing_heavy:Missing atom CG in residue GLU B 276
2024-02-28 14:07:16,983 WARNING:biomolecule.py:157:num_missing_heavy:Missing atom CD in residue GLU B 276
2024-02-28 14:07:16,983 WARNING:biomolecule.py:157:num_missing_heavy:Missing atom OE1 in residue GLU B 276
2024-02-28 14:07:16,983 WARNING:biomolecule.py:157:num_missing_heavy:Missing atom OE2 in residue GLU B 276
2024-02-28 14:07:16,984 WARNING:biomolecule.py:157:num_missing_heavy:Missing atom CG in residue ARG B 286
2024-02-28 14:07:16,984 WARNING:biomolecule.py:157:num_missing_heavy:Missing atom CD in residue ARG B 286
2024-02-28 14:07:16,984 WARNING:biomolecule.py:157:num_missing_heavy:Missing atom NE in residue ARG B 286
2024-02-28 14:07:16,984 WARNING:biomolecule.py:157:num_missing_heavy:Missing atom CZ in residue ARG B 286
2024-02-28 14:07:16,984 WARNING:biomolecule.py:157:num_missing_heavy:Missing atom NH1 in residue ARG B 286
2024-02-28 14:07:16,984 WARNING:biomolecule.py:157:num_missing_heavy:Missing atom NH2 in residue ARG B 286
2024-02-28 14:07:16,984 WARNING:biomolecule.py:157:num_missing_heavy:Missing atom CD in residue GLU B 287
2024-02-28 14:07:16,984 WARNING:biomolecule.py:157:num_missing_heavy:Missing atom OE1 in residue GLU B 287
2024-02-28 14:07:16,984 WARNING:biomolecule.py:157:num_missing_heavy:Missing atom OE2 in residue GLU B 287
2024-02-28 14:07:16,984 WARNING:biomolecule.py:157:num_missing_heavy:Missing atom CG in residue GLU B 290
2024-02-28 14:07:16,984 WARNING:biomolecule.py:157:num_missing_heavy:Missing atom CD in residue GLU B 290
2024-02-28 14:07:16,984 WARNING:biomolecule.py:157:num_missing_heavy:Missing atom OE1 in residue GLU B 290
2024-02-28 14:07:16,984 WARNING:biomolecule.py:157:num_missing_heavy:Missing atom OE2 in residue GLU B 290
2024-02-28 14:07:16,984 WARNING:biomolecule.py:157:num_missing_heavy:Missing atom CG in residue LYS B 291
2024-02-28 14:07:16,984 WARNING:biomolecule.py:157:num_missing_heavy:Missing atom CD in residue LYS B 291
2024-02-28 14:07:16,984 WARNING:biomolecule.py:157:num_missing_heavy:Missing atom CE in residue LYS B 291
2024-02-28 14:07:16,984 WARNING:biomolecule.py:157:num_missing_heavy:Missing atom NZ in residue LYS B 291
2024-02-28 14:07:16,984 WARNING:biomolecule.py:157:num_missing_heavy:Missing atom CG in residue GLU B 309
2024-02-28 14:07:16,984 WARNING:biomolecule.py:157:num_missing_heavy:Missing atom CD in residue GLU B 309
2024-02-28 14:07:16,984 WARNING:biomolecule.py:157:num_missing_heavy:Missing atom OE1 in residue GLU B 309
2024-02-28 14:07:16,984 WARNING:biomolecule.py:157:num_missing_heavy:Missing atom OE2 in residue GLU B 309
2024-02-28 14:07:16,984 WARNING:biomolecule.py:157:num_missing_heavy:Missing atom CG in residue GLU B 310
2024-02-28 14:07:16,984 WARNING:biomolecule.py:157:num_missing_heavy:Missing atom CD in residue GLU B 310
2024-02-28 14:07:16,984 WARNING:biomolecule.py:157:num_missing_heavy:Missing atom OE1 in residue GLU B 310
2024-02-28 14:07:16,984 WARNING:biomolecule.py:157:num_missing_heavy:Missing atom OE2 in residue GLU B 310
2024-02-28 14:07:16,984 WARNING:biomolecule.py:157:num_missing_heavy:Missing atom CG in residue ARG B 313
2024-02-28 14:07:16,985 WARNING:biomolecule.py:157:num_missing_heavy:Missing atom CD in residue ARG B 313
2024-02-28 14:07:16,985 WARNING:biomolecule.py:157:num_missing_heavy:Missing atom NE in residue ARG B 313
2024-02-28 14:07:16,985 WARNING:biomolecule.py:157:num_missing_heavy:Missing atom CZ in residue ARG B 313
2024-02-28 14:07:16,985 WARNING:biomolecule.py:157:num_missing_heavy:Missing atom NH1 in residue ARG B 313
2024-02-28 14:07:16,985 WARNING:biomolecule.py:157:num_missing_heavy:Missing atom NH2 in residue ARG B 313
2024-02-28 14:07:17,191 WARNING:debump.py:172:debump_biomolecule:WARNING: Unable to debump MET A 1
2024-02-28 14:07:17,245 WARNING:debump.py:172:debump_biomolecule:WARNING: Unable to debump MET B 1
2024-02-28 14:07:20,743 WARNING:debump.py:172:debump_biomolecule:WARNING: Unable to debump MET A 1
2024-02-28 14:07:21,021 WARNING:debump.py:172:debump_biomolecule:WARNING: Unable to debump ALA A 150
2024-02-28 14:07:22,328 WARNING:debump.py:172:debump_biomolecule:WARNING: Unable to debump MET B 1
2024-02-28 14:07:22,828 WARNING:debump.py:172:debump_biomolecule:WARNING: Unable to debump ILE B 158
2024-02-28 14:07:23,211 WARNING:debump.py:172:debump_biomolecule:WARNING: Unable to debump LYS B 230
2024-02-28 14:07:23,649 WARNING:main.py:311:print_pqr:Ignoring 392 header lines in output.
