2024-02-28 14:07:02,703 WARNING:biomolecule.py:992:create_residue:Unable to find amino or nucleic acid definition for OLA.  Parsing as new residue.
2024-02-28 14:07:02,704 WARNING:biomolecule.py:992:create_residue:Unable to find amino or nucleic acid definition for OLA.  Parsing as new residue.
2024-02-28 14:07:02,704 WARNING:biomolecule.py:992:create_residue:Unable to find amino or nucleic acid definition for OLA.  Parsing as new residue.
2024-02-28 14:07:02,705 WARNING:biomolecule.py:992:create_residue:Unable to find amino or nucleic acid definition for OLA.  Parsing as new residue.
2024-02-28 14:07:02,705 WARNING:biomolecule.py:992:create_residue:Unable to find amino or nucleic acid definition for OLA.  Parsing as new residue.
2024-02-28 14:07:02,705 WARNING:biomolecule.py:992:create_residue:Unable to find amino or nucleic acid definition for OLA.  Parsing as new residue.
2024-02-28 14:07:02,706 WARNING:biomolecule.py:992:create_residue:Unable to find amino or nucleic acid definition for OLA.  Parsing as new residue.
2024-02-28 14:07:02,727 WARNING:biomolecule.py:157:num_missing_heavy:Missing atom CD in residue LYS A 4
2024-02-28 14:07:02,727 WARNING:biomolecule.py:157:num_missing_heavy:Missing atom CE in residue LYS A 4
2024-02-28 14:07:02,727 WARNING:biomolecule.py:157:num_missing_heavy:Missing atom NZ in residue LYS A 4
2024-02-28 14:07:02,728 WARNING:biomolecule.py:157:num_missing_heavy:Missing atom CG in residue LYS A 41
2024-02-28 14:07:02,728 WARNING:biomolecule.py:157:num_missing_heavy:Missing atom CD in residue LYS A 41
2024-02-28 14:07:02,728 WARNING:biomolecule.py:157:num_missing_heavy:Missing atom CE in residue LYS A 41
2024-02-28 14:07:02,728 WARNING:biomolecule.py:157:num_missing_heavy:Missing atom NZ in residue LYS A 41
2024-02-28 14:07:02,729 WARNING:biomolecule.py:157:num_missing_heavy:Missing atom CE in residue LYS A 51
2024-02-28 14:07:02,729 WARNING:biomolecule.py:157:num_missing_heavy:Missing atom NZ in residue LYS A 51
2024-02-28 14:07:02,729 WARNING:biomolecule.py:157:num_missing_heavy:Missing atom CB in residue ALA A 59
2024-02-28 14:07:02,730 WARNING:biomolecule.py:157:num_missing_heavy:Missing atom CG in residue GLU A 82
2024-02-28 14:07:02,730 WARNING:biomolecule.py:157:num_missing_heavy:Missing atom CD in residue GLU A 82
2024-02-28 14:07:02,730 WARNING:biomolecule.py:157:num_missing_heavy:Missing atom OE1 in residue GLU A 82
2024-02-28 14:07:02,730 WARNING:biomolecule.py:157:num_missing_heavy:Missing atom OE2 in residue GLU A 82
2024-02-28 14:07:02,730 WARNING:biomolecule.py:157:num_missing_heavy:Missing atom CD in residue GLN A 94
2024-02-28 14:07:02,731 WARNING:biomolecule.py:157:num_missing_heavy:Missing atom OE1 in residue GLN A 94
2024-02-28 14:07:02,731 WARNING:biomolecule.py:157:num_missing_heavy:Missing atom NE2 in residue GLN A 94
2024-02-28 14:07:02,732 WARNING:biomolecule.py:157:num_missing_heavy:Missing atom CG in residue GLN A 170
2024-02-28 14:07:02,732 WARNING:biomolecule.py:157:num_missing_heavy:Missing atom CD in residue GLN A 170
2024-02-28 14:07:02,732 WARNING:biomolecule.py:157:num_missing_heavy:Missing atom OE1 in residue GLN A 170
2024-02-28 14:07:02,732 WARNING:biomolecule.py:157:num_missing_heavy:Missing atom NE2 in residue GLN A 170
2024-02-28 14:07:02,732 WARNING:biomolecule.py:157:num_missing_heavy:Missing atom CE in residue LYS A 181
2024-02-28 14:07:02,733 WARNING:biomolecule.py:157:num_missing_heavy:Missing atom NZ in residue LYS A 181
2024-02-28 14:07:02,733 WARNING:biomolecule.py:157:num_missing_heavy:Missing atom CD in residue GLU A 184
2024-02-28 14:07:02,733 WARNING:biomolecule.py:157:num_missing_heavy:Missing atom OE1 in residue GLU A 184
2024-02-28 14:07:02,734 WARNING:biomolecule.py:157:num_missing_heavy:Missing atom OE2 in residue GLU A 184
2024-02-28 14:07:02,734 WARNING:biomolecule.py:157:num_missing_heavy:Missing atom CB in residue GLN A 204
2024-02-28 14:07:02,734 WARNING:biomolecule.py:157:num_missing_heavy:Missing atom CG in residue GLN A 204
2024-02-28 14:07:02,735 WARNING:biomolecule.py:157:num_missing_heavy:Missing atom CD in residue GLN A 204
2024-02-28 14:07:02,735 WARNING:biomolecule.py:157:num_missing_heavy:Missing atom OE1 in residue GLN A 204
2024-02-28 14:07:02,735 WARNING:biomolecule.py:157:num_missing_heavy:Missing atom NE2 in residue GLN A 204
2024-02-28 14:07:02,735 WARNING:biomolecule.py:157:num_missing_heavy:Missing atom CD in residue LYS A 240
2024-02-28 14:07:02,735 WARNING:biomolecule.py:157:num_missing_heavy:Missing atom CE in residue LYS A 240
2024-02-28 14:07:02,735 WARNING:biomolecule.py:157:num_missing_heavy:Missing atom NZ in residue LYS A 240
2024-02-28 14:07:02,735 WARNING:biomolecule.py:157:num_missing_heavy:Missing atom CD in residue GLU A 244
2024-02-28 14:07:02,735 WARNING:biomolecule.py:157:num_missing_heavy:Missing atom OE1 in residue GLU A 244
2024-02-28 14:07:02,735 WARNING:biomolecule.py:157:num_missing_heavy:Missing atom OE2 in residue GLU A 244
2024-02-28 14:07:02,736 WARNING:biomolecule.py:157:num_missing_heavy:Missing atom CD in residue LYS A 262
2024-02-28 14:07:02,736 WARNING:biomolecule.py:157:num_missing_heavy:Missing atom CE in residue LYS A 262
2024-02-28 14:07:02,736 WARNING:biomolecule.py:157:num_missing_heavy:Missing atom NZ in residue LYS A 262
2024-02-28 14:07:02,737 WARNING:biomolecule.py:157:num_missing_heavy:Missing atom CG in residue LYS A 276
2024-02-28 14:07:02,737 WARNING:biomolecule.py:157:num_missing_heavy:Missing atom CD in residue LYS A 276
2024-02-28 14:07:02,737 WARNING:biomolecule.py:157:num_missing_heavy:Missing atom CE in residue LYS A 276
2024-02-28 14:07:02,737 WARNING:biomolecule.py:157:num_missing_heavy:Missing atom NZ in residue LYS A 276
2024-02-28 14:07:02,737 WARNING:biomolecule.py:157:num_missing_heavy:Missing atom CD in residue GLU A 277
2024-02-28 14:07:02,738 WARNING:biomolecule.py:157:num_missing_heavy:Missing atom OE1 in residue GLU A 277
2024-02-28 14:07:02,738 WARNING:biomolecule.py:157:num_missing_heavy:Missing atom OE2 in residue GLU A 277
2024-02-28 14:07:02,738 WARNING:biomolecule.py:157:num_missing_heavy:Missing atom CG in residue GLU A 297
2024-02-28 14:07:02,739 WARNING:biomolecule.py:157:num_missing_heavy:Missing atom CD in residue GLU A 297
2024-02-28 14:07:02,739 WARNING:biomolecule.py:157:num_missing_heavy:Missing atom OE1 in residue GLU A 297
2024-02-28 14:07:02,739 WARNING:biomolecule.py:157:num_missing_heavy:Missing atom OE2 in residue GLU A 297
2024-02-28 14:07:02,740 WARNING:biomolecule.py:157:num_missing_heavy:Missing atom CD in residue LYS A 351
2024-02-28 14:07:02,740 WARNING:biomolecule.py:157:num_missing_heavy:Missing atom CE in residue LYS A 351
2024-02-28 14:07:02,740 WARNING:biomolecule.py:157:num_missing_heavy:Missing atom NZ in residue LYS A 351
2024-02-28 14:07:02,740 WARNING:biomolecule.py:157:num_missing_heavy:Missing atom CG in residue GLU A 368
2024-02-28 14:07:02,741 WARNING:biomolecule.py:157:num_missing_heavy:Missing atom CD in residue GLU A 368
2024-02-28 14:07:02,741 WARNING:biomolecule.py:157:num_missing_heavy:Missing atom OE1 in residue GLU A 368
2024-02-28 14:07:02,741 WARNING:biomolecule.py:157:num_missing_heavy:Missing atom OE2 in residue GLU A 368
2024-02-28 14:07:02,742 WARNING:biomolecule.py:157:num_missing_heavy:Missing atom CG in residue LYS A 372
2024-02-28 14:07:02,742 WARNING:biomolecule.py:157:num_missing_heavy:Missing atom CD in residue LYS A 372
2024-02-28 14:07:02,742 WARNING:biomolecule.py:157:num_missing_heavy:Missing atom CE in residue LYS A 372
2024-02-28 14:07:02,742 WARNING:biomolecule.py:157:num_missing_heavy:Missing atom NZ in residue LYS A 372
2024-02-28 14:07:02,743 WARNING:biomolecule.py:157:num_missing_heavy:Missing atom CE in residue LYS A 389
2024-02-28 14:07:02,743 WARNING:biomolecule.py:157:num_missing_heavy:Missing atom NZ in residue LYS A 389
2024-02-28 14:07:02,743 WARNING:biomolecule.py:157:num_missing_heavy:Missing atom CD in residue GLU A 396
2024-02-28 14:07:02,744 WARNING:biomolecule.py:157:num_missing_heavy:Missing atom OE1 in residue GLU A 396
2024-02-28 14:07:02,744 WARNING:biomolecule.py:157:num_missing_heavy:Missing atom OE2 in residue GLU A 396
2024-02-28 14:07:02,744 WARNING:biomolecule.py:157:num_missing_heavy:Missing atom CE in residue LYS A 402
2024-02-28 14:07:02,745 WARNING:biomolecule.py:157:num_missing_heavy:Missing atom NZ in residue LYS A 402
2024-02-28 14:07:02,745 WARNING:biomolecule.py:157:num_missing_heavy:Missing atom CD in residue LYS A 444
2024-02-28 14:07:02,745 WARNING:biomolecule.py:157:num_missing_heavy:Missing atom CE in residue LYS A 444
2024-02-28 14:07:02,745 WARNING:biomolecule.py:157:num_missing_heavy:Missing atom NZ in residue LYS A 444
2024-02-28 14:07:02,746 WARNING:biomolecule.py:157:num_missing_heavy:Missing atom CE in residue LYS A 466
2024-02-28 14:07:02,746 WARNING:biomolecule.py:157:num_missing_heavy:Missing atom NZ in residue LYS A 466
2024-02-28 14:07:02,746 WARNING:biomolecule.py:157:num_missing_heavy:Missing atom CD in residue GLU A 495
2024-02-28 14:07:02,747 WARNING:biomolecule.py:157:num_missing_heavy:Missing atom OE1 in residue GLU A 495
2024-02-28 14:07:02,747 WARNING:biomolecule.py:157:num_missing_heavy:Missing atom OE2 in residue GLU A 495
2024-02-28 14:07:02,747 WARNING:biomolecule.py:157:num_missing_heavy:Missing atom CD in residue GLU A 501
2024-02-28 14:07:02,747 WARNING:biomolecule.py:157:num_missing_heavy:Missing atom OE1 in residue GLU A 501
2024-02-28 14:07:02,748 WARNING:biomolecule.py:157:num_missing_heavy:Missing atom OE2 in residue GLU A 501
2024-02-28 14:07:02,748 WARNING:biomolecule.py:157:num_missing_heavy:Missing atom CG in residue GLU A 505
2024-02-28 14:07:02,748 WARNING:biomolecule.py:157:num_missing_heavy:Missing atom CD in residue GLU A 505
2024-02-28 14:07:02,749 WARNING:biomolecule.py:157:num_missing_heavy:Missing atom OE1 in residue GLU A 505
2024-02-28 14:07:02,749 WARNING:biomolecule.py:157:num_missing_heavy:Missing atom OE2 in residue GLU A 505
2024-02-28 14:07:02,749 WARNING:biomolecule.py:157:num_missing_heavy:Missing atom CD in residue GLU A 520
2024-02-28 14:07:02,749 WARNING:biomolecule.py:157:num_missing_heavy:Missing atom OE1 in residue GLU A 520
2024-02-28 14:07:02,750 WARNING:biomolecule.py:157:num_missing_heavy:Missing atom OE2 in residue GLU A 520
2024-02-28 14:07:02,750 WARNING:biomolecule.py:157:num_missing_heavy:Missing atom CE in residue LYS A 536
2024-02-28 14:07:02,750 WARNING:biomolecule.py:157:num_missing_heavy:Missing atom NZ in residue LYS A 536
2024-02-28 14:07:02,751 WARNING:biomolecule.py:157:num_missing_heavy:Missing atom CG in residue LYS A 545
2024-02-28 14:07:02,751 WARNING:biomolecule.py:157:num_missing_heavy:Missing atom CD in residue LYS A 545
2024-02-28 14:07:02,751 WARNING:biomolecule.py:157:num_missing_heavy:Missing atom CE in residue LYS A 545
2024-02-28 14:07:02,752 WARNING:biomolecule.py:157:num_missing_heavy:Missing atom NZ in residue LYS A 545
2024-02-28 14:07:02,752 WARNING:biomolecule.py:157:num_missing_heavy:Missing atom CD in residue LYS A 557
2024-02-28 14:07:02,752 WARNING:biomolecule.py:157:num_missing_heavy:Missing atom CE in residue LYS A 557
2024-02-28 14:07:02,752 WARNING:biomolecule.py:157:num_missing_heavy:Missing atom NZ in residue LYS A 557
2024-02-28 14:07:02,752 WARNING:biomolecule.py:157:num_missing_heavy:Missing atom CG in residue LYS A 560
2024-02-28 14:07:02,753 WARNING:biomolecule.py:157:num_missing_heavy:Missing atom CD in residue LYS A 560
2024-02-28 14:07:02,753 WARNING:biomolecule.py:157:num_missing_heavy:Missing atom CE in residue LYS A 560
2024-02-28 14:07:02,753 WARNING:biomolecule.py:157:num_missing_heavy:Missing atom NZ in residue LYS A 560
2024-02-28 14:07:02,754 WARNING:biomolecule.py:157:num_missing_heavy:Missing atom CG in residue LYS A 564
2024-02-28 14:07:02,754 WARNING:biomolecule.py:157:num_missing_heavy:Missing atom CD in residue LYS A 564
2024-02-28 14:07:02,754 WARNING:biomolecule.py:157:num_missing_heavy:Missing atom CE in residue LYS A 564
2024-02-28 14:07:02,754 WARNING:biomolecule.py:157:num_missing_heavy:Missing atom NZ in residue LYS A 564
2024-02-28 14:07:02,755 WARNING:biomolecule.py:157:num_missing_heavy:Missing atom CG in residue GLU A 570
2024-02-28 14:07:02,755 WARNING:biomolecule.py:157:num_missing_heavy:Missing atom CD in residue GLU A 570
2024-02-28 14:07:02,755 WARNING:biomolecule.py:157:num_missing_heavy:Missing atom OE1 in residue GLU A 570
2024-02-28 14:07:02,756 WARNING:biomolecule.py:157:num_missing_heavy:Missing atom OE2 in residue GLU A 570
2024-02-28 14:07:02,756 WARNING:biomolecule.py:157:num_missing_heavy:Missing atom CD in residue LYS A 573
2024-02-28 14:07:02,756 WARNING:biomolecule.py:157:num_missing_heavy:Missing atom CE in residue LYS A 573
2024-02-28 14:07:02,756 WARNING:biomolecule.py:157:num_missing_heavy:Missing atom NZ in residue LYS A 573
2024-02-28 14:07:02,757 WARNING:biomolecule.py:157:num_missing_heavy:Missing atom OXT in residue GLY A 584
2024-02-28 14:07:02,757 WARNING:biomolecule.py:157:num_missing_heavy:Missing atom CD in residue LYS A 4
2024-02-28 14:07:02,757 WARNING:biomolecule.py:157:num_missing_heavy:Missing atom CE in residue LYS A 4
2024-02-28 14:07:02,758 WARNING:biomolecule.py:157:num_missing_heavy:Missing atom NZ in residue LYS A 4
2024-02-28 14:07:02,758 WARNING:biomolecule.py:157:num_missing_heavy:Missing atom CG in residue LYS A 41
2024-02-28 14:07:02,758 WARNING:biomolecule.py:157:num_missing_heavy:Missing atom CD in residue LYS A 41
2024-02-28 14:07:02,758 WARNING:biomolecule.py:157:num_missing_heavy:Missing atom CE in residue LYS A 41
2024-02-28 14:07:02,759 WARNING:biomolecule.py:157:num_missing_heavy:Missing atom NZ in residue LYS A 41
2024-02-28 14:07:02,759 WARNING:biomolecule.py:157:num_missing_heavy:Missing atom CE in residue LYS A 51
2024-02-28 14:07:02,759 WARNING:biomolecule.py:157:num_missing_heavy:Missing atom NZ in residue LYS A 51
2024-02-28 14:07:02,760 WARNING:biomolecule.py:157:num_missing_heavy:Missing atom CB in residue ALA A 59
2024-02-28 14:07:02,760 WARNING:biomolecule.py:157:num_missing_heavy:Missing atom CG in residue GLU A 82
2024-02-28 14:07:02,760 WARNING:biomolecule.py:157:num_missing_heavy:Missing atom CD in residue GLU A 82
2024-02-28 14:07:02,760 WARNING:biomolecule.py:157:num_missing_heavy:Missing atom OE1 in residue GLU A 82
2024-02-28 14:07:02,760 WARNING:biomolecule.py:157:num_missing_heavy:Missing atom OE2 in residue GLU A 82
2024-02-28 14:07:02,761 WARNING:biomolecule.py:157:num_missing_heavy:Missing atom CD in residue GLN A 94
2024-02-28 14:07:02,761 WARNING:biomolecule.py:157:num_missing_heavy:Missing atom OE1 in residue GLN A 94
2024-02-28 14:07:02,761 WARNING:biomolecule.py:157:num_missing_heavy:Missing atom NE2 in residue GLN A 94
2024-02-28 14:07:02,762 WARNING:biomolecule.py:157:num_missing_heavy:Missing atom CG in residue GLN A 170
2024-02-28 14:07:02,762 WARNING:biomolecule.py:157:num_missing_heavy:Missing atom CD in residue GLN A 170
2024-02-28 14:07:02,762 WARNING:biomolecule.py:157:num_missing_heavy:Missing atom OE1 in residue GLN A 170
2024-02-28 14:07:02,762 WARNING:biomolecule.py:157:num_missing_heavy:Missing atom NE2 in residue GLN A 170
2024-02-28 14:07:02,762 WARNING:biomolecule.py:157:num_missing_heavy:Missing atom CE in residue LYS A 181
2024-02-28 14:07:02,763 WARNING:biomolecule.py:157:num_missing_heavy:Missing atom NZ in residue LYS A 181
2024-02-28 14:07:02,763 WARNING:biomolecule.py:157:num_missing_heavy:Missing atom CD in residue GLU A 184
2024-02-28 14:07:02,763 WARNING:biomolecule.py:157:num_missing_heavy:Missing atom OE1 in residue GLU A 184
2024-02-28 14:07:02,763 WARNING:biomolecule.py:157:num_missing_heavy:Missing atom OE2 in residue GLU A 184
2024-02-28 14:07:02,764 WARNING:biomolecule.py:157:num_missing_heavy:Missing atom CB in residue GLN A 204
2024-02-28 14:07:02,764 WARNING:biomolecule.py:157:num_missing_heavy:Missing atom CG in residue GLN A 204
2024-02-28 14:07:02,764 WARNING:biomolecule.py:157:num_missing_heavy:Missing atom CD in residue GLN A 204
2024-02-28 14:07:02,765 WARNING:biomolecule.py:157:num_missing_heavy:Missing atom OE1 in residue GLN A 204
2024-02-28 14:07:02,765 WARNING:biomolecule.py:157:num_missing_heavy:Missing atom NE2 in residue GLN A 204
2024-02-28 14:07:02,765 WARNING:biomolecule.py:157:num_missing_heavy:Missing atom CD in residue LYS A 240
2024-02-28 14:07:02,765 WARNING:biomolecule.py:157:num_missing_heavy:Missing atom CE in residue LYS A 240
2024-02-28 14:07:02,765 WARNING:biomolecule.py:157:num_missing_heavy:Missing atom NZ in residue LYS A 240
2024-02-28 14:07:02,766 WARNING:biomolecule.py:157:num_missing_heavy:Missing atom CD in residue GLU A 244
2024-02-28 14:07:02,766 WARNING:biomolecule.py:157:num_missing_heavy:Missing atom OE1 in residue GLU A 244
2024-02-28 14:07:02,766 WARNING:biomolecule.py:157:num_missing_heavy:Missing atom OE2 in residue GLU A 244
2024-02-28 14:07:02,766 WARNING:biomolecule.py:157:num_missing_heavy:Missing atom CD in residue LYS A 262
2024-02-28 14:07:02,767 WARNING:biomolecule.py:157:num_missing_heavy:Missing atom CE in residue LYS A 262
2024-02-28 14:07:02,767 WARNING:biomolecule.py:157:num_missing_heavy:Missing atom NZ in residue LYS A 262
2024-02-28 14:07:02,767 WARNING:biomolecule.py:157:num_missing_heavy:Missing atom CG in residue LYS A 276
2024-02-28 14:07:02,768 WARNING:biomolecule.py:157:num_missing_heavy:Missing atom CD in residue LYS A 276
2024-02-28 14:07:02,768 WARNING:biomolecule.py:157:num_missing_heavy:Missing atom CE in residue LYS A 276
2024-02-28 14:07:02,768 WARNING:biomolecule.py:157:num_missing_heavy:Missing atom NZ in residue LYS A 276
2024-02-28 14:07:02,768 WARNING:biomolecule.py:157:num_missing_heavy:Missing atom CD in residue GLU A 277
2024-02-28 14:07:02,768 WARNING:biomolecule.py:157:num_missing_heavy:Missing atom OE1 in residue GLU A 277
2024-02-28 14:07:02,768 WARNING:biomolecule.py:157:num_missing_heavy:Missing atom OE2 in residue GLU A 277
2024-02-28 14:07:02,769 WARNING:biomolecule.py:157:num_missing_heavy:Missing atom CG in residue GLU A 297
2024-02-28 14:07:02,769 WARNING:biomolecule.py:157:num_missing_heavy:Missing atom CD in residue GLU A 297
2024-02-28 14:07:02,769 WARNING:biomolecule.py:157:num_missing_heavy:Missing atom OE1 in residue GLU A 297
2024-02-28 14:07:02,770 WARNING:biomolecule.py:157:num_missing_heavy:Missing atom OE2 in residue GLU A 297
2024-02-28 14:07:02,770 WARNING:biomolecule.py:157:num_missing_heavy:Missing atom CD in residue LYS A 351
2024-02-28 14:07:02,770 WARNING:biomolecule.py:157:num_missing_heavy:Missing atom CE in residue LYS A 351
2024-02-28 14:07:02,770 WARNING:biomolecule.py:157:num_missing_heavy:Missing atom NZ in residue LYS A 351
2024-02-28 14:07:02,771 WARNING:biomolecule.py:157:num_missing_heavy:Missing atom CG in residue GLU A 368
2024-02-28 14:07:02,771 WARNING:biomolecule.py:157:num_missing_heavy:Missing atom CD in residue GLU A 368
2024-02-28 14:07:02,771 WARNING:biomolecule.py:157:num_missing_heavy:Missing atom OE1 in residue GLU A 368
2024-02-28 14:07:02,771 WARNING:biomolecule.py:157:num_missing_heavy:Missing atom OE2 in residue GLU A 368
2024-02-28 14:07:02,771 WARNING:biomolecule.py:157:num_missing_heavy:Missing atom CG in residue LYS A 372
2024-02-28 14:07:02,772 WARNING:biomolecule.py:157:num_missing_heavy:Missing atom CD in residue LYS A 372
2024-02-28 14:07:02,772 WARNING:biomolecule.py:157:num_missing_heavy:Missing atom CE in residue LYS A 372
2024-02-28 14:07:02,772 WARNING:biomolecule.py:157:num_missing_heavy:Missing atom NZ in residue LYS A 372
2024-02-28 14:07:02,773 WARNING:biomolecule.py:157:num_missing_heavy:Missing atom CE in residue LYS A 389
2024-02-28 14:07:02,773 WARNING:biomolecule.py:157:num_missing_heavy:Missing atom NZ in residue LYS A 389
2024-02-28 14:07:02,773 WARNING:biomolecule.py:157:num_missing_heavy:Missing atom CD in residue GLU A 396
2024-02-28 14:07:02,773 WARNING:biomolecule.py:157:num_missing_heavy:Missing atom OE1 in residue GLU A 396
2024-02-28 14:07:02,773 WARNING:biomolecule.py:157:num_missing_heavy:Missing atom OE2 in residue GLU A 396
2024-02-28 14:07:02,774 WARNING:biomolecule.py:157:num_missing_heavy:Missing atom CE in residue LYS A 402
2024-02-28 14:07:02,774 WARNING:biomolecule.py:157:num_missing_heavy:Missing atom NZ in residue LYS A 402
2024-02-28 14:07:02,774 WARNING:biomolecule.py:157:num_missing_heavy:Missing atom CD in residue LYS A 444
2024-02-28 14:07:02,774 WARNING:biomolecule.py:157:num_missing_heavy:Missing atom CE in residue LYS A 444
2024-02-28 14:07:02,775 WARNING:biomolecule.py:157:num_missing_heavy:Missing atom NZ in residue LYS A 444
2024-02-28 14:07:02,775 WARNING:biomolecule.py:157:num_missing_heavy:Missing atom CE in residue LYS A 466
2024-02-28 14:07:02,775 WARNING:biomolecule.py:157:num_missing_heavy:Missing atom NZ in residue LYS A 466
2024-02-28 14:07:02,775 WARNING:biomolecule.py:157:num_missing_heavy:Missing atom CD in residue GLU A 495
2024-02-28 14:07:02,775 WARNING:biomolecule.py:157:num_missing_heavy:Missing atom OE1 in residue GLU A 495
2024-02-28 14:07:02,775 WARNING:biomolecule.py:157:num_missing_heavy:Missing atom OE2 in residue GLU A 495
2024-02-28 14:07:02,775 WARNING:biomolecule.py:157:num_missing_heavy:Missing atom CD in residue GLU A 501
2024-02-28 14:07:02,776 WARNING:biomolecule.py:157:num_missing_heavy:Missing atom OE1 in residue GLU A 501
2024-02-28 14:07:02,776 WARNING:biomolecule.py:157:num_missing_heavy:Missing atom OE2 in residue GLU A 501
2024-02-28 14:07:02,776 WARNING:biomolecule.py:157:num_missing_heavy:Missing atom CG in residue GLU A 505
2024-02-28 14:07:02,776 WARNING:biomolecule.py:157:num_missing_heavy:Missing atom CD in residue GLU A 505
2024-02-28 14:07:02,777 WARNING:biomolecule.py:157:num_missing_heavy:Missing atom OE1 in residue GLU A 505
2024-02-28 14:07:02,777 WARNING:biomolecule.py:157:num_missing_heavy:Missing atom OE2 in residue GLU A 505
2024-02-28 14:07:02,777 WARNING:biomolecule.py:157:num_missing_heavy:Missing atom CD in residue GLU A 520
2024-02-28 14:07:02,777 WARNING:biomolecule.py:157:num_missing_heavy:Missing atom OE1 in residue GLU A 520
2024-02-28 14:07:02,777 WARNING:biomolecule.py:157:num_missing_heavy:Missing atom OE2 in residue GLU A 520
2024-02-28 14:07:02,778 WARNING:biomolecule.py:157:num_missing_heavy:Missing atom CE in residue LYS A 536
2024-02-28 14:07:02,778 WARNING:biomolecule.py:157:num_missing_heavy:Missing atom NZ in residue LYS A 536
2024-02-28 14:07:02,778 WARNING:biomolecule.py:157:num_missing_heavy:Missing atom CG in residue LYS A 545
2024-02-28 14:07:02,779 WARNING:biomolecule.py:157:num_missing_heavy:Missing atom CD in residue LYS A 545
2024-02-28 14:07:02,779 WARNING:biomolecule.py:157:num_missing_heavy:Missing atom CE in residue LYS A 545
2024-02-28 14:07:02,779 WARNING:biomolecule.py:157:num_missing_heavy:Missing atom NZ in residue LYS A 545
2024-02-28 14:07:02,779 WARNING:biomolecule.py:157:num_missing_heavy:Missing atom CD in residue LYS A 557
2024-02-28 14:07:02,779 WARNING:biomolecule.py:157:num_missing_heavy:Missing atom CE in residue LYS A 557
2024-02-28 14:07:02,780 WARNING:biomolecule.py:157:num_missing_heavy:Missing atom NZ in residue LYS A 557
2024-02-28 14:07:02,780 WARNING:biomolecule.py:157:num_missing_heavy:Missing atom CG in residue LYS A 560
2024-02-28 14:07:02,780 WARNING:biomolecule.py:157:num_missing_heavy:Missing atom CD in residue LYS A 560
2024-02-28 14:07:02,780 WARNING:biomolecule.py:157:num_missing_heavy:Missing atom CE in residue LYS A 560
2024-02-28 14:07:02,781 WARNING:biomolecule.py:157:num_missing_heavy:Missing atom NZ in residue LYS A 560
2024-02-28 14:07:02,781 WARNING:biomolecule.py:157:num_missing_heavy:Missing atom CG in residue LYS A 564
2024-02-28 14:07:02,781 WARNING:biomolecule.py:157:num_missing_heavy:Missing atom CD in residue LYS A 564
2024-02-28 14:07:02,781 WARNING:biomolecule.py:157:num_missing_heavy:Missing atom CE in residue LYS A 564
2024-02-28 14:07:02,782 WARNING:biomolecule.py:157:num_missing_heavy:Missing atom NZ in residue LYS A 564
2024-02-28 14:07:02,782 WARNING:biomolecule.py:157:num_missing_heavy:Missing atom CG in residue GLU A 570
2024-02-28 14:07:02,782 WARNING:biomolecule.py:157:num_missing_heavy:Missing atom CD in residue GLU A 570
2024-02-28 14:07:02,782 WARNING:biomolecule.py:157:num_missing_heavy:Missing atom OE1 in residue GLU A 570
2024-02-28 14:07:02,783 WARNING:biomolecule.py:157:num_missing_heavy:Missing atom OE2 in residue GLU A 570
2024-02-28 14:07:02,783 WARNING:biomolecule.py:157:num_missing_heavy:Missing atom CD in residue LYS A 573
2024-02-28 14:07:02,783 WARNING:biomolecule.py:157:num_missing_heavy:Missing atom CE in residue LYS A 573
2024-02-28 14:07:02,783 WARNING:biomolecule.py:157:num_missing_heavy:Missing atom NZ in residue LYS A 573
2024-02-28 14:07:02,783 WARNING:biomolecule.py:157:num_missing_heavy:Missing atom OXT in residue GLY A 584
2024-02-28 14:07:02,783 WARNING:biomolecule.py:157:num_missing_heavy:Missing atom CD in residue LYS A 4
2024-02-28 14:07:02,783 WARNING:biomolecule.py:157:num_missing_heavy:Missing atom CE in residue LYS A 4
2024-02-28 14:07:02,783 WARNING:biomolecule.py:157:num_missing_heavy:Missing atom NZ in residue LYS A 4
2024-02-28 14:07:02,784 WARNING:biomolecule.py:157:num_missing_heavy:Missing atom CG in residue LYS A 41
2024-02-28 14:07:02,784 WARNING:biomolecule.py:157:num_missing_heavy:Missing atom CD in residue LYS A 41
2024-02-28 14:07:02,784 WARNING:biomolecule.py:157:num_missing_heavy:Missing atom CE in residue LYS A 41
2024-02-28 14:07:02,784 WARNING:biomolecule.py:157:num_missing_heavy:Missing atom NZ in residue LYS A 41
2024-02-28 14:07:02,784 WARNING:biomolecule.py:157:num_missing_heavy:Missing atom CE in residue LYS A 51
2024-02-28 14:07:02,785 WARNING:biomolecule.py:157:num_missing_heavy:Missing atom NZ in residue LYS A 51
2024-02-28 14:07:02,785 WARNING:biomolecule.py:157:num_missing_heavy:Missing atom CB in residue ALA A 59
2024-02-28 14:07:02,785 WARNING:biomolecule.py:157:num_missing_heavy:Missing atom CG in residue GLU A 82
2024-02-28 14:07:02,786 WARNING:biomolecule.py:157:num_missing_heavy:Missing atom CD in residue GLU A 82
2024-02-28 14:07:02,786 WARNING:biomolecule.py:157:num_missing_heavy:Missing atom OE1 in residue GLU A 82
2024-02-28 14:07:02,786 WARNING:biomolecule.py:157:num_missing_heavy:Missing atom OE2 in residue GLU A 82
2024-02-28 14:07:02,786 WARNING:biomolecule.py:157:num_missing_heavy:Missing atom CD in residue GLN A 94
2024-02-28 14:07:02,786 WARNING:biomolecule.py:157:num_missing_heavy:Missing atom OE1 in residue GLN A 94
2024-02-28 14:07:02,786 WARNING:biomolecule.py:157:num_missing_heavy:Missing atom NE2 in residue GLN A 94
2024-02-28 14:07:02,787 WARNING:biomolecule.py:157:num_missing_heavy:Missing atom CG in residue GLN A 170
2024-02-28 14:07:02,787 WARNING:biomolecule.py:157:num_missing_heavy:Missing atom CD in residue GLN A 170
2024-02-28 14:07:02,787 WARNING:biomolecule.py:157:num_missing_heavy:Missing atom OE1 in residue GLN A 170
2024-02-28 14:07:02,787 WARNING:biomolecule.py:157:num_missing_heavy:Missing atom NE2 in residue GLN A 170
2024-02-28 14:07:02,788 WARNING:biomolecule.py:157:num_missing_heavy:Missing atom CE in residue LYS A 181
2024-02-28 14:07:02,788 WARNING:biomolecule.py:157:num_missing_heavy:Missing atom NZ in residue LYS A 181
2024-02-28 14:07:02,788 WARNING:biomolecule.py:157:num_missing_heavy:Missing atom CD in residue GLU A 184
2024-02-28 14:07:02,788 WARNING:biomolecule.py:157:num_missing_heavy:Missing atom OE1 in residue GLU A 184
2024-02-28 14:07:02,789 WARNING:biomolecule.py:157:num_missing_heavy:Missing atom OE2 in residue GLU A 184
2024-02-28 14:07:02,789 WARNING:biomolecule.py:157:num_missing_heavy:Missing atom CB in residue GLN A 204
2024-02-28 14:07:02,789 WARNING:biomolecule.py:157:num_missing_heavy:Missing atom CG in residue GLN A 204
2024-02-28 14:07:02,790 WARNING:biomolecule.py:157:num_missing_heavy:Missing atom CD in residue GLN A 204
2024-02-28 14:07:02,790 WARNING:biomolecule.py:157:num_missing_heavy:Missing atom OE1 in residue GLN A 204
2024-02-28 14:07:02,790 WARNING:biomolecule.py:157:num_missing_heavy:Missing atom NE2 in residue GLN A 204
2024-02-28 14:07:02,791 WARNING:biomolecule.py:157:num_missing_heavy:Missing atom CD in residue LYS A 240
2024-02-28 14:07:02,791 WARNING:biomolecule.py:157:num_missing_heavy:Missing atom CE in residue LYS A 240
2024-02-28 14:07:02,791 WARNING:biomolecule.py:157:num_missing_heavy:Missing atom NZ in residue LYS A 240
2024-02-28 14:07:02,791 WARNING:biomolecule.py:157:num_missing_heavy:Missing atom CD in residue GLU A 244
2024-02-28 14:07:02,792 WARNING:biomolecule.py:157:num_missing_heavy:Missing atom OE1 in residue GLU A 244
2024-02-28 14:07:02,792 WARNING:biomolecule.py:157:num_missing_heavy:Missing atom OE2 in residue GLU A 244
2024-02-28 14:07:02,792 WARNING:biomolecule.py:157:num_missing_heavy:Missing atom CD in residue LYS A 262
2024-02-28 14:07:02,793 WARNING:biomolecule.py:157:num_missing_heavy:Missing atom CE in residue LYS A 262
2024-02-28 14:07:02,793 WARNING:biomolecule.py:157:num_missing_heavy:Missing atom NZ in residue LYS A 262
2024-02-28 14:07:02,793 WARNING:biomolecule.py:157:num_missing_heavy:Missing atom CG in residue LYS A 276
2024-02-28 14:07:02,794 WARNING:biomolecule.py:157:num_missing_heavy:Missing atom CD in residue LYS A 276
2024-02-28 14:07:02,794 WARNING:biomolecule.py:157:num_missing_heavy:Missing atom CE in residue LYS A 276
2024-02-28 14:07:02,794 WARNING:biomolecule.py:157:num_missing_heavy:Missing atom NZ in residue LYS A 276
2024-02-28 14:07:02,794 WARNING:biomolecule.py:157:num_missing_heavy:Missing atom CD in residue GLU A 277
2024-02-28 14:07:02,795 WARNING:biomolecule.py:157:num_missing_heavy:Missing atom OE1 in residue GLU A 277
2024-02-28 14:07:02,795 WARNING:biomolecule.py:157:num_missing_heavy:Missing atom OE2 in residue GLU A 277
2024-02-28 14:07:02,795 WARNING:biomolecule.py:157:num_missing_heavy:Missing atom CG in residue GLU A 297
2024-02-28 14:07:02,795 WARNING:biomolecule.py:157:num_missing_heavy:Missing atom CD in residue GLU A 297
2024-02-28 14:07:02,796 WARNING:biomolecule.py:157:num_missing_heavy:Missing atom OE1 in residue GLU A 297
2024-02-28 14:07:02,796 WARNING:biomolecule.py:157:num_missing_heavy:Missing atom OE2 in residue GLU A 297
2024-02-28 14:07:02,796 WARNING:biomolecule.py:157:num_missing_heavy:Missing atom CD in residue LYS A 351
2024-02-28 14:07:02,796 WARNING:biomolecule.py:157:num_missing_heavy:Missing atom CE in residue LYS A 351
2024-02-28 14:07:02,797 WARNING:biomolecule.py:157:num_missing_heavy:Missing atom NZ in residue LYS A 351
2024-02-28 14:07:02,797 WARNING:biomolecule.py:157:num_missing_heavy:Missing atom CG in residue GLU A 368
2024-02-28 14:07:02,797 WARNING:biomolecule.py:157:num_missing_heavy:Missing atom CD in residue GLU A 368
2024-02-28 14:07:02,798 WARNING:biomolecule.py:157:num_missing_heavy:Missing atom OE1 in residue GLU A 368
2024-02-28 14:07:02,798 WARNING:biomolecule.py:157:num_missing_heavy:Missing atom OE2 in residue GLU A 368
2024-02-28 14:07:02,798 WARNING:biomolecule.py:157:num_missing_heavy:Missing atom CG in residue LYS A 372
2024-02-28 14:07:02,799 WARNING:biomolecule.py:157:num_missing_heavy:Missing atom CD in residue LYS A 372
2024-02-28 14:07:02,799 WARNING:biomolecule.py:157:num_missing_heavy:Missing atom CE in residue LYS A 372
2024-02-28 14:07:02,799 WARNING:biomolecule.py:157:num_missing_heavy:Missing atom NZ in residue LYS A 372
2024-02-28 14:07:02,799 WARNING:biomolecule.py:157:num_missing_heavy:Missing atom CE in residue LYS A 389
2024-02-28 14:07:02,800 WARNING:biomolecule.py:157:num_missing_heavy:Missing atom NZ in residue LYS A 389
2024-02-28 14:07:02,800 WARNING:biomolecule.py:157:num_missing_heavy:Missing atom CD in residue GLU A 396
2024-02-28 14:07:02,800 WARNING:biomolecule.py:157:num_missing_heavy:Missing atom OE1 in residue GLU A 396
2024-02-28 14:07:02,800 WARNING:biomolecule.py:157:num_missing_heavy:Missing atom OE2 in residue GLU A 396
2024-02-28 14:07:02,800 WARNING:biomolecule.py:157:num_missing_heavy:Missing atom CE in residue LYS A 402
2024-02-28 14:07:02,801 WARNING:biomolecule.py:157:num_missing_heavy:Missing atom NZ in residue LYS A 402
2024-02-28 14:07:02,801 WARNING:biomolecule.py:157:num_missing_heavy:Missing atom CD in residue LYS A 444
2024-02-28 14:07:02,801 WARNING:biomolecule.py:157:num_missing_heavy:Missing atom CE in residue LYS A 444
2024-02-28 14:07:02,802 WARNING:biomolecule.py:157:num_missing_heavy:Missing atom NZ in residue LYS A 444
2024-02-28 14:07:02,802 WARNING:biomolecule.py:157:num_missing_heavy:Missing atom CE in residue LYS A 466
2024-02-28 14:07:02,802 WARNING:biomolecule.py:157:num_missing_heavy:Missing atom NZ in residue LYS A 466
2024-02-28 14:07:02,803 WARNING:biomolecule.py:157:num_missing_heavy:Missing atom CD in residue GLU A 495
2024-02-28 14:07:02,803 WARNING:biomolecule.py:157:num_missing_heavy:Missing atom OE1 in residue GLU A 495
2024-02-28 14:07:02,803 WARNING:biomolecule.py:157:num_missing_heavy:Missing atom OE2 in residue GLU A 495
2024-02-28 14:07:02,803 WARNING:biomolecule.py:157:num_missing_heavy:Missing atom CD in residue GLU A 501
2024-02-28 14:07:02,804 WARNING:biomolecule.py:157:num_missing_heavy:Missing atom OE1 in residue GLU A 501
2024-02-28 14:07:02,804 WARNING:biomolecule.py:157:num_missing_heavy:Missing atom OE2 in residue GLU A 501
2024-02-28 14:07:02,804 WARNING:biomolecule.py:157:num_missing_heavy:Missing atom CG in residue GLU A 505
2024-02-28 14:07:02,805 WARNING:biomolecule.py:157:num_missing_heavy:Missing atom CD in residue GLU A 505
2024-02-28 14:07:02,805 WARNING:biomolecule.py:157:num_missing_heavy:Missing atom OE1 in residue GLU A 505
2024-02-28 14:07:02,805 WARNING:biomolecule.py:157:num_missing_heavy:Missing atom OE2 in residue GLU A 505
2024-02-28 14:07:02,805 WARNING:biomolecule.py:157:num_missing_heavy:Missing atom CD in residue GLU A 520
2024-02-28 14:07:02,806 WARNING:biomolecule.py:157:num_missing_heavy:Missing atom OE1 in residue GLU A 520
2024-02-28 14:07:02,806 WARNING:biomolecule.py:157:num_missing_heavy:Missing atom OE2 in residue GLU A 520
2024-02-28 14:07:02,806 WARNING:biomolecule.py:157:num_missing_heavy:Missing atom CE in residue LYS A 536
2024-02-28 14:07:02,807 WARNING:biomolecule.py:157:num_missing_heavy:Missing atom NZ in residue LYS A 536
2024-02-28 14:07:02,807 WARNING:biomolecule.py:157:num_missing_heavy:Missing atom CG in residue LYS A 545
2024-02-28 14:07:02,807 WARNING:biomolecule.py:157:num_missing_heavy:Missing atom CD in residue LYS A 545
2024-02-28 14:07:02,807 WARNING:biomolecule.py:157:num_missing_heavy:Missing atom CE in residue LYS A 545
2024-02-28 14:07:02,808 WARNING:biomolecule.py:157:num_missing_heavy:Missing atom NZ in residue LYS A 545
2024-02-28 14:07:02,808 WARNING:biomolecule.py:157:num_missing_heavy:Missing atom CD in residue LYS A 557
2024-02-28 14:07:02,808 WARNING:biomolecule.py:157:num_missing_heavy:Missing atom CE in residue LYS A 557
2024-02-28 14:07:02,809 WARNING:biomolecule.py:157:num_missing_heavy:Missing atom NZ in residue LYS A 557
2024-02-28 14:07:02,809 WARNING:biomolecule.py:157:num_missing_heavy:Missing atom CG in residue LYS A 560
2024-02-28 14:07:02,809 WARNING:biomolecule.py:157:num_missing_heavy:Missing atom CD in residue LYS A 560
2024-02-28 14:07:02,809 WARNING:biomolecule.py:157:num_missing_heavy:Missing atom CE in residue LYS A 560
2024-02-28 14:07:02,810 WARNING:biomolecule.py:157:num_missing_heavy:Missing atom NZ in residue LYS A 560
2024-02-28 14:07:02,810 WARNING:biomolecule.py:157:num_missing_heavy:Missing atom CG in residue LYS A 564
2024-02-28 14:07:02,810 WARNING:biomolecule.py:157:num_missing_heavy:Missing atom CD in residue LYS A 564
2024-02-28 14:07:02,811 WARNING:biomolecule.py:157:num_missing_heavy:Missing atom CE in residue LYS A 564
2024-02-28 14:07:02,811 WARNING:biomolecule.py:157:num_missing_heavy:Missing atom NZ in residue LYS A 564
2024-02-28 14:07:02,811 WARNING:biomolecule.py:157:num_missing_heavy:Missing atom CG in residue GLU A 570
2024-02-28 14:07:02,812 WARNING:biomolecule.py:157:num_missing_heavy:Missing atom CD in residue GLU A 570
2024-02-28 14:07:02,812 WARNING:biomolecule.py:157:num_missing_heavy:Missing atom OE1 in residue GLU A 570
2024-02-28 14:07:02,812 WARNING:biomolecule.py:157:num_missing_heavy:Missing atom OE2 in residue GLU A 570
2024-02-28 14:07:02,812 WARNING:biomolecule.py:157:num_missing_heavy:Missing atom CD in residue LYS A 573
2024-02-28 14:07:02,813 WARNING:biomolecule.py:157:num_missing_heavy:Missing atom CE in residue LYS A 573
2024-02-28 14:07:02,813 WARNING:biomolecule.py:157:num_missing_heavy:Missing atom NZ in residue LYS A 573
2024-02-28 14:07:02,813 WARNING:biomolecule.py:157:num_missing_heavy:Missing atom OXT in residue GLY A 584
2024-02-28 14:07:04,270 WARNING:main.py:311:print_pqr:Ignoring 5200 header lines in output.
2024-02-28 14:07:04,271 WARNING:main.py:315:print_pqr:Ignoring 129 missing lines in output.
