2024-02-28 14:07:20,301 WARNING:biomolecule.py:992:create_residue:Unable to find amino or nucleic acid definition for SIN.  Parsing as new residue.
2024-02-28 14:07:20,322 WARNING:biomolecule.py:992:create_residue:Unable to find amino or nucleic acid definition for NA.  Parsing as new residue.
2024-02-28 14:07:20,322 WARNING:biomolecule.py:992:create_residue:Unable to find amino or nucleic acid definition for CA.  Parsing as new residue.
2024-02-28 14:07:20,322 WARNING:biomolecule.py:992:create_residue:Unable to find amino or nucleic acid definition for FSN.  Parsing as new residue.
2024-02-28 14:07:20,335 WARNING:biomolecule.py:615:update_bonds:Gap in backbone detected between THR H 147 and GLY H 150!
2024-02-28 14:07:20,395 WARNING:biomolecule.py:157:num_missing_heavy:Missing atom CG in residue ARG H 75
2024-02-28 14:07:20,395 WARNING:biomolecule.py:157:num_missing_heavy:Missing atom CD in residue ARG H 75
2024-02-28 14:07:20,401 WARNING:biomolecule.py:157:num_missing_heavy:Missing atom NE in residue ARG H 75
2024-02-28 14:07:20,405 WARNING:biomolecule.py:157:num_missing_heavy:Missing atom CZ in residue ARG H 75
2024-02-28 14:07:20,405 WARNING:biomolecule.py:157:num_missing_heavy:Missing atom NH1 in residue ARG H 75
2024-02-28 14:07:20,406 WARNING:biomolecule.py:157:num_missing_heavy:Missing atom NH2 in residue ARG H 75
2024-02-28 14:07:20,407 WARNING:biomolecule.py:157:num_missing_heavy:Missing atom OXT in residue PHE H 245
2024-02-28 14:07:20,407 WARNING:biomolecule.py:157:num_missing_heavy:Missing atom OXT in residue PRO I 6
2024-02-28 14:07:20,407 WARNING:biomolecule.py:157:num_missing_heavy:Missing atom OXT in residue ILE L 14K
2024-02-28 14:07:20,408 WARNING:biomolecule.py:157:num_missing_heavy:Missing atom CG in residue ARG H 75
2024-02-28 14:07:20,408 WARNING:biomolecule.py:157:num_missing_heavy:Missing atom CD in residue ARG H 75
2024-02-28 14:07:20,408 WARNING:biomolecule.py:157:num_missing_heavy:Missing atom NE in residue ARG H 75
2024-02-28 14:07:20,408 WARNING:biomolecule.py:157:num_missing_heavy:Missing atom CZ in residue ARG H 75
2024-02-28 14:07:20,408 WARNING:biomolecule.py:157:num_missing_heavy:Missing atom NH1 in residue ARG H 75
2024-02-28 14:07:20,409 WARNING:biomolecule.py:157:num_missing_heavy:Missing atom NH2 in residue ARG H 75
2024-02-28 14:07:20,410 WARNING:biomolecule.py:157:num_missing_heavy:Missing atom OXT in residue PHE H 245
2024-02-28 14:07:20,410 WARNING:biomolecule.py:157:num_missing_heavy:Missing atom OXT in residue PRO I 6
2024-02-28 14:07:20,410 WARNING:biomolecule.py:157:num_missing_heavy:Missing atom OXT in residue ILE L 14K
2024-02-28 14:07:20,410 WARNING:biomolecule.py:157:num_missing_heavy:Missing atom CG in residue ARG H 75
2024-02-28 14:07:20,411 WARNING:biomolecule.py:157:num_missing_heavy:Missing atom CD in residue ARG H 75
2024-02-28 14:07:20,411 WARNING:biomolecule.py:157:num_missing_heavy:Missing atom NE in residue ARG H 75
2024-02-28 14:07:20,411 WARNING:biomolecule.py:157:num_missing_heavy:Missing atom CZ in residue ARG H 75
2024-02-28 14:07:20,411 WARNING:biomolecule.py:157:num_missing_heavy:Missing atom NH1 in residue ARG H 75
2024-02-28 14:07:20,411 WARNING:biomolecule.py:157:num_missing_heavy:Missing atom NH2 in residue ARG H 75
2024-02-28 14:07:20,412 WARNING:biomolecule.py:157:num_missing_heavy:Missing atom OXT in residue PHE H 245
2024-02-28 14:07:20,412 WARNING:biomolecule.py:157:num_missing_heavy:Missing atom OXT in residue PRO I 6
2024-02-28 14:07:20,413 WARNING:biomolecule.py:157:num_missing_heavy:Missing atom OXT in residue ILE L 14K
2024-02-28 14:07:22,850 WARNING:main.py:311:print_pqr:Ignoring 2050 header lines in output.
2024-02-28 14:07:22,850 WARNING:main.py:315:print_pqr:Ignoring 39 missing lines in output.
