2024-02-28 14:07:18,572 WARNING:biomolecule.py:992:create_residue:Unable to find amino or nucleic acid definition for MAZ.  Parsing as new residue.
2024-02-28 14:07:19,001 WARNING:biomolecule.py:992:create_residue:Unable to find amino or nucleic acid definition for PTR.  Parsing as new residue.
2024-02-28 14:07:19,001 WARNING:biomolecule.py:992:create_residue:Unable to find amino or nucleic acid definition for PTM.  Parsing as new residue.
2024-02-28 14:07:19,002 WARNING:biomolecule.py:992:create_residue:Unable to find amino or nucleic acid definition for MAZ.  Parsing as new residue.
2024-02-28 14:07:19,002 WARNING:biomolecule.py:992:create_residue:Unable to find amino or nucleic acid definition for PTR.  Parsing as new residue.
2024-02-28 14:07:19,002 WARNING:biomolecule.py:992:create_residue:Unable to find amino or nucleic acid definition for PTM.  Parsing as new residue.
2024-02-28 14:07:19,002 WARNING:main.py:418:setup_molecule:Multiple occupancies found: N in LYS A 109.
2024-02-28 14:07:19,002 WARNING:main.py:418:setup_molecule:Multiple occupancies found: CA in LYS A 109.
2024-02-28 14:07:19,002 WARNING:main.py:418:setup_molecule:Multiple occupancies found: C in LYS A 109.
2024-02-28 14:07:19,002 WARNING:main.py:418:setup_molecule:Multiple occupancies found: O in LYS A 109.
2024-02-28 14:07:19,002 WARNING:main.py:418:setup_molecule:Multiple occupancies found: CB in LYS A 109.
2024-02-28 14:07:19,003 WARNING:main.py:418:setup_molecule:Multiple occupancies found: CG in LYS A 109.
2024-02-28 14:07:19,003 WARNING:main.py:418:setup_molecule:Multiple occupancies found: CD in LYS A 109.
2024-02-28 14:07:19,003 WARNING:main.py:418:setup_molecule:Multiple occupancies found: CE in LYS A 109.
2024-02-28 14:07:19,003 WARNING:main.py:418:setup_molecule:Multiple occupancies found: NZ in LYS A 109.
2024-02-28 14:07:19,003 WARNING:main.py:424:setup_molecule:Multiple occupancies found in LYS A 109. At least one of the instances is being ignored.
2024-02-28 14:07:19,003 WARNING:main.py:418:setup_molecule:Multiple occupancies found: N in LYS B 64.
2024-02-28 14:07:19,003 WARNING:main.py:418:setup_molecule:Multiple occupancies found: CA in LYS B 64.
2024-02-28 14:07:19,003 WARNING:main.py:418:setup_molecule:Multiple occupancies found: C in LYS B 64.
2024-02-28 14:07:19,003 WARNING:main.py:418:setup_molecule:Multiple occupancies found: O in LYS B 64.
2024-02-28 14:07:19,003 WARNING:main.py:418:setup_molecule:Multiple occupancies found: CB in LYS B 64.
2024-02-28 14:07:19,003 WARNING:main.py:418:setup_molecule:Multiple occupancies found: CG in LYS B 64.
2024-02-28 14:07:19,003 WARNING:main.py:418:setup_molecule:Multiple occupancies found: CD in LYS B 64.
2024-02-28 14:07:19,003 WARNING:main.py:418:setup_molecule:Multiple occupancies found: CE in LYS B 64.
2024-02-28 14:07:19,003 WARNING:main.py:418:setup_molecule:Multiple occupancies found: NZ in LYS B 64.
2024-02-28 14:07:19,003 WARNING:main.py:424:setup_molecule:Multiple occupancies found in LYS B 64. At least one of the instances is being ignored.
2024-02-28 14:07:19,003 WARNING:main.py:418:setup_molecule:Multiple occupancies found: N in GLU B 72.
2024-02-28 14:07:19,003 WARNING:main.py:418:setup_molecule:Multiple occupancies found: CA in GLU B 72.
2024-02-28 14:07:19,003 WARNING:main.py:418:setup_molecule:Multiple occupancies found: C in GLU B 72.
2024-02-28 14:07:19,003 WARNING:main.py:418:setup_molecule:Multiple occupancies found: O in GLU B 72.
2024-02-28 14:07:19,003 WARNING:main.py:418:setup_molecule:Multiple occupancies found: CB in GLU B 72.
2024-02-28 14:07:19,003 WARNING:main.py:418:setup_molecule:Multiple occupancies found: CG in GLU B 72.
2024-02-28 14:07:19,003 WARNING:main.py:418:setup_molecule:Multiple occupancies found: CD in GLU B 72.
2024-02-28 14:07:19,003 WARNING:main.py:418:setup_molecule:Multiple occupancies found: OE1 in GLU B 72.
2024-02-28 14:07:19,003 WARNING:main.py:418:setup_molecule:Multiple occupancies found: OE2 in GLU B 72.
2024-02-28 14:07:19,003 WARNING:main.py:424:setup_molecule:Multiple occupancies found in GLU B 72. At least one of the instances is being ignored.
2024-02-28 14:07:19,003 WARNING:main.py:418:setup_molecule:Multiple occupancies found: N in VAL B 99.
2024-02-28 14:07:19,003 WARNING:main.py:418:setup_molecule:Multiple occupancies found: CA in VAL B 99.
2024-02-28 14:07:19,003 WARNING:main.py:418:setup_molecule:Multiple occupancies found: C in VAL B 99.
2024-02-28 14:07:19,003 WARNING:main.py:418:setup_molecule:Multiple occupancies found: O in VAL B 99.
2024-02-28 14:07:19,003 WARNING:main.py:418:setup_molecule:Multiple occupancies found: CB in VAL B 99.
2024-02-28 14:07:19,003 WARNING:main.py:418:setup_molecule:Multiple occupancies found: CG1 in VAL B 99.
2024-02-28 14:07:19,003 WARNING:main.py:418:setup_molecule:Multiple occupancies found: CG2 in VAL B 99.
2024-02-28 14:07:19,003 WARNING:main.py:424:setup_molecule:Multiple occupancies found in VAL B 99. At least one of the instances is being ignored.
2024-02-28 14:07:21,493 WARNING:main.py:311:print_pqr:Ignoring 3686 header lines in output.
2024-02-28 14:07:21,493 WARNING:main.py:315:print_pqr:Ignoring 88 missing lines in output.
