2024-02-28 14:07:17,895 WARNING:biomolecule.py:992:create_residue:Unable to find amino or nucleic acid definition for CL.  Parsing as new residue.
2024-02-28 14:07:18,292 WARNING:biomolecule.py:992:create_residue:Unable to find amino or nucleic acid definition for NA.  Parsing as new residue.
2024-02-28 14:07:18,292 WARNING:biomolecule.py:992:create_residue:Unable to find amino or nucleic acid definition for CL.  Parsing as new residue.
2024-02-28 14:07:18,292 WARNING:biomolecule.py:992:create_residue:Unable to find amino or nucleic acid definition for CL.  Parsing as new residue.
2024-02-28 14:07:18,834 WARNING:biomolecule.py:992:create_residue:Unable to find amino or nucleic acid definition for NA.  Parsing as new residue.
2024-02-28 14:07:18,835 WARNING:biomolecule.py:992:create_residue:Unable to find amino or nucleic acid definition for GRL.  Parsing as new residue.
2024-02-28 14:07:18,835 WARNING:biomolecule.py:992:create_residue:Unable to find amino or nucleic acid definition for GOL.  Parsing as new residue.
2024-02-28 14:07:18,835 WARNING:main.py:418:setup_molecule:Multiple occupancies found: CB in LYS A 7.
2024-02-28 14:07:18,835 WARNING:main.py:418:setup_molecule:Multiple occupancies found: CG in LYS A 7.
2024-02-28 14:07:18,835 WARNING:main.py:418:setup_molecule:Multiple occupancies found: CD in LYS A 7.
2024-02-28 14:07:18,835 WARNING:main.py:418:setup_molecule:Multiple occupancies found: CE in LYS A 7.
2024-02-28 14:07:18,835 WARNING:main.py:418:setup_molecule:Multiple occupancies found: NZ in LYS A 7.
2024-02-28 14:07:18,835 WARNING:main.py:424:setup_molecule:Multiple occupancies found in LYS A 7. At least one of the instances is being ignored.
2024-02-28 14:07:18,835 WARNING:main.py:418:setup_molecule:Multiple occupancies found: CB in ARG A 8.
2024-02-28 14:07:18,836 WARNING:main.py:418:setup_molecule:Multiple occupancies found: CG in ARG A 8.
2024-02-28 14:07:18,836 WARNING:main.py:418:setup_molecule:Multiple occupancies found: CD in ARG A 8.
2024-02-28 14:07:18,836 WARNING:main.py:418:setup_molecule:Multiple occupancies found: NE in ARG A 8.
2024-02-28 14:07:18,836 WARNING:main.py:418:setup_molecule:Multiple occupancies found: CZ in ARG A 8.
2024-02-28 14:07:18,836 WARNING:main.py:418:setup_molecule:Multiple occupancies found: NH1 in ARG A 8.
2024-02-28 14:07:18,836 WARNING:main.py:418:setup_molecule:Multiple occupancies found: NH2 in ARG A 8.
2024-02-28 14:07:18,836 WARNING:main.py:424:setup_molecule:Multiple occupancies found in ARG A 8. At least one of the instances is being ignored.
2024-02-28 14:07:18,836 WARNING:main.py:418:setup_molecule:Multiple occupancies found: N in ASP A 30.
2024-02-28 14:07:18,836 WARNING:main.py:418:setup_molecule:Multiple occupancies found: CA in ASP A 30.
2024-02-28 14:07:18,836 WARNING:main.py:418:setup_molecule:Multiple occupancies found: C in ASP A 30.
2024-02-28 14:07:18,836 WARNING:main.py:418:setup_molecule:Multiple occupancies found: O in ASP A 30.
2024-02-28 14:07:18,838 WARNING:main.py:418:setup_molecule:Multiple occupancies found: CB in ASP A 30.
2024-02-28 14:07:18,838 WARNING:main.py:418:setup_molecule:Multiple occupancies found: CG in ASP A 30.
2024-02-28 14:07:18,838 WARNING:main.py:418:setup_molecule:Multiple occupancies found: OD1 in ASP A 30.
2024-02-28 14:07:18,838 WARNING:main.py:418:setup_molecule:Multiple occupancies found: OD2 in ASP A 30.
2024-02-28 14:07:18,838 WARNING:main.py:424:setup_molecule:Multiple occupancies found in ASP A 30. At least one of the instances is being ignored.
2024-02-28 14:07:18,838 WARNING:main.py:418:setup_molecule:Multiple occupancies found: CB in GLU A 35.
2024-02-28 14:07:18,838 WARNING:main.py:418:setup_molecule:Multiple occupancies found: CG in GLU A 35.
2024-02-28 14:07:18,838 WARNING:main.py:418:setup_molecule:Multiple occupancies found: CD in GLU A 35.
2024-02-28 14:07:18,838 WARNING:main.py:418:setup_molecule:Multiple occupancies found: OE1 in GLU A 35.
2024-02-28 14:07:18,838 WARNING:main.py:418:setup_molecule:Multiple occupancies found: OE2 in GLU A 35.
2024-02-28 14:07:18,838 WARNING:main.py:424:setup_molecule:Multiple occupancies found in GLU A 35. At least one of the instances is being ignored.
2024-02-28 14:07:18,838 WARNING:main.py:418:setup_molecule:Multiple occupancies found: CB in SER A 37.
2024-02-28 14:07:18,838 WARNING:main.py:418:setup_molecule:Multiple occupancies found: OG in SER A 37.
2024-02-28 14:07:18,838 WARNING:main.py:424:setup_molecule:Multiple occupancies found in SER A 37. At least one of the instances is being ignored.
2024-02-28 14:07:18,838 WARNING:main.py:418:setup_molecule:Multiple occupancies found: CB in MET A 46.
2024-02-28 14:07:18,838 WARNING:main.py:418:setup_molecule:Multiple occupancies found: CG in MET A 46.
2024-02-28 14:07:18,838 WARNING:main.py:418:setup_molecule:Multiple occupancies found: SD in MET A 46.
2024-02-28 14:07:18,838 WARNING:main.py:418:setup_molecule:Multiple occupancies found: CE in MET A 46.
2024-02-28 14:07:18,838 WARNING:main.py:424:setup_molecule:Multiple occupancies found in MET A 46. At least one of the instances is being ignored.
2024-02-28 14:07:18,838 WARNING:main.py:418:setup_molecule:Multiple occupancies found: CB in LYS A 70.
2024-02-28 14:07:18,838 WARNING:main.py:418:setup_molecule:Multiple occupancies found: CG in LYS A 70.
2024-02-28 14:07:18,838 WARNING:main.py:418:setup_molecule:Multiple occupancies found: CD in LYS A 70.
2024-02-28 14:07:18,838 WARNING:main.py:418:setup_molecule:Multiple occupancies found: CE in LYS A 70.
2024-02-28 14:07:18,839 WARNING:main.py:418:setup_molecule:Multiple occupancies found: NZ in LYS A 70.
2024-02-28 14:07:18,839 WARNING:main.py:424:setup_molecule:Multiple occupancies found in LYS A 70. At least one of the instances is being ignored.
2024-02-28 14:07:18,839 WARNING:main.py:418:setup_molecule:Multiple occupancies found: CB in VAL A 82.
2024-02-28 14:07:18,839 WARNING:main.py:418:setup_molecule:Multiple occupancies found: CG1 in VAL A 82.
2024-02-28 14:07:18,839 WARNING:main.py:418:setup_molecule:Multiple occupancies found: CG2 in VAL A 82.
2024-02-28 14:07:18,839 WARNING:main.py:424:setup_molecule:Multiple occupancies found in VAL A 82. At least one of the instances is being ignored.
2024-02-28 14:07:18,839 WARNING:main.py:418:setup_molecule:Multiple occupancies found: CB in LYS B 14.
2024-02-28 14:07:18,839 WARNING:main.py:418:setup_molecule:Multiple occupancies found: CG in LYS B 14.
2024-02-28 14:07:18,839 WARNING:main.py:418:setup_molecule:Multiple occupancies found: CD in LYS B 14.
2024-02-28 14:07:18,839 WARNING:main.py:418:setup_molecule:Multiple occupancies found: CE in LYS B 14.
2024-02-28 14:07:18,839 WARNING:main.py:418:setup_molecule:Multiple occupancies found: NZ in LYS B 14.
2024-02-28 14:07:18,839 WARNING:main.py:424:setup_molecule:Multiple occupancies found in LYS B 14. At least one of the instances is being ignored.
2024-02-28 14:07:18,839 WARNING:main.py:418:setup_molecule:Multiple occupancies found: CB in ILE B 33.
2024-02-28 14:07:18,839 WARNING:main.py:418:setup_molecule:Multiple occupancies found: CG1 in ILE B 33.
2024-02-28 14:07:18,839 WARNING:main.py:418:setup_molecule:Multiple occupancies found: CG2 in ILE B 33.
2024-02-28 14:07:18,839 WARNING:main.py:418:setup_molecule:Multiple occupancies found: CD1 in ILE B 33.
2024-02-28 14:07:18,839 WARNING:main.py:424:setup_molecule:Multiple occupancies found in ILE B 33. At least one of the instances is being ignored.
2024-02-28 14:07:18,839 WARNING:main.py:418:setup_molecule:Multiple occupancies found: CB in GLU B 34.
2024-02-28 14:07:18,839 WARNING:main.py:418:setup_molecule:Multiple occupancies found: CG in GLU B 34.
2024-02-28 14:07:18,839 WARNING:main.py:418:setup_molecule:Multiple occupancies found: CD in GLU B 34.
2024-02-28 14:07:18,839 WARNING:main.py:418:setup_molecule:Multiple occupancies found: OE1 in GLU B 34.
2024-02-28 14:07:18,839 WARNING:main.py:418:setup_molecule:Multiple occupancies found: OE2 in GLU B 34.
2024-02-28 14:07:18,839 WARNING:main.py:424:setup_molecule:Multiple occupancies found in GLU B 34. At least one of the instances is being ignored.
2024-02-28 14:07:18,839 WARNING:main.py:418:setup_molecule:Multiple occupancies found: CB in MET B 46.
2024-02-28 14:07:18,839 WARNING:main.py:418:setup_molecule:Multiple occupancies found: CG in MET B 46.
2024-02-28 14:07:18,839 WARNING:main.py:418:setup_molecule:Multiple occupancies found: SD in MET B 46.
2024-02-28 14:07:18,839 WARNING:main.py:418:setup_molecule:Multiple occupancies found: CE in MET B 46.
2024-02-28 14:07:18,839 WARNING:main.py:424:setup_molecule:Multiple occupancies found in MET B 46. At least one of the instances is being ignored.
2024-02-28 14:07:18,839 WARNING:main.py:418:setup_molecule:Multiple occupancies found: CB in GLU B 65.
2024-02-28 14:07:18,839 WARNING:main.py:418:setup_molecule:Multiple occupancies found: CG in GLU B 65.
2024-02-28 14:07:18,839 WARNING:main.py:418:setup_molecule:Multiple occupancies found: CD in GLU B 65.
2024-02-28 14:07:18,839 WARNING:main.py:418:setup_molecule:Multiple occupancies found: OE1 in GLU B 65.
2024-02-28 14:07:18,840 WARNING:main.py:418:setup_molecule:Multiple occupancies found: OE2 in GLU B 65.
2024-02-28 14:07:18,840 WARNING:main.py:424:setup_molecule:Multiple occupancies found in GLU B 65. At least one of the instances is being ignored.
2024-02-28 14:07:18,840 WARNING:main.py:418:setup_molecule:Multiple occupancies found: CB in VAL B 82.
2024-02-28 14:07:18,840 WARNING:main.py:418:setup_molecule:Multiple occupancies found: CG1 in VAL B 82.
2024-02-28 14:07:18,840 WARNING:main.py:418:setup_molecule:Multiple occupancies found: CG2 in VAL B 82.
2024-02-28 14:07:18,840 WARNING:main.py:424:setup_molecule:Multiple occupancies found in VAL B 82. At least one of the instances is being ignored.
2024-02-28 14:07:22,481 WARNING:main.py:311:print_pqr:Ignoring 2437 header lines in output.
2024-02-28 14:07:22,481 WARNING:main.py:315:print_pqr:Ignoring 50 missing lines in output.
