2024-02-28 14:07:16,827 WARNING:biomolecule.py:992:create_residue:Unable to find amino or nucleic acid definition for UNX.  Parsing as new residue.
2024-02-28 14:07:16,828 WARNING:biomolecule.py:992:create_residue:Unable to find amino or nucleic acid definition for NA.  Parsing as new residue.
2024-02-28 14:07:16,828 WARNING:biomolecule.py:992:create_residue:Unable to find amino or nucleic acid definition for CL.  Parsing as new residue.
2024-02-28 14:07:16,828 WARNING:biomolecule.py:992:create_residue:Unable to find amino or nucleic acid definition for DMS.  Parsing as new residue.
2024-02-28 14:07:16,828 WARNING:biomolecule.py:992:create_residue:Unable to find amino or nucleic acid definition for DMS.  Parsing as new residue.
2024-02-28 14:07:16,828 WARNING:biomolecule.py:992:create_residue:Unable to find amino or nucleic acid definition for DMS.  Parsing as new residue.
2024-02-28 14:07:16,828 WARNING:biomolecule.py:992:create_residue:Unable to find amino or nucleic acid definition for GOL.  Parsing as new residue.
2024-02-28 14:07:16,828 WARNING:biomolecule.py:992:create_residue:Unable to find amino or nucleic acid definition for 2NC.  Parsing as new residue.
2024-02-28 14:07:16,829 WARNING:biomolecule.py:992:create_residue:Unable to find amino or nucleic acid definition for CL.  Parsing as new residue.
2024-02-28 14:07:16,829 WARNING:io.py:40:filter:Suppressing further "Unable to find amino or nucleic acid definition for" messages
2024-02-28 14:07:16,829 WARNING:main.py:418:setup_molecule:Multiple occupancies found: CB in LYS A 7.
2024-02-28 14:07:16,829 WARNING:main.py:418:setup_molecule:Multiple occupancies found: CG in LYS A 7.
2024-02-28 14:07:16,829 WARNING:main.py:418:setup_molecule:Multiple occupancies found: CD in LYS A 7.
2024-02-28 14:07:16,829 WARNING:main.py:418:setup_molecule:Multiple occupancies found: CE in LYS A 7.
2024-02-28 14:07:16,829 WARNING:main.py:418:setup_molecule:Multiple occupancies found: NZ in LYS A 7.
2024-02-28 14:07:16,829 WARNING:main.py:424:setup_molecule:Multiple occupancies found in LYS A 7. At least one of the instances is being ignored.
2024-02-28 14:07:16,829 WARNING:main.py:418:setup_molecule:Multiple occupancies found: CB in SER A 37.
2024-02-28 14:07:16,829 WARNING:main.py:418:setup_molecule:Multiple occupancies found: OG in SER A 37.
2024-02-28 14:07:16,829 WARNING:main.py:424:setup_molecule:Multiple occupancies found in SER A 37. At least one of the instances is being ignored.
2024-02-28 14:07:16,829 WARNING:main.py:418:setup_molecule:Multiple occupancies found: CB in LYS A 45.
2024-02-28 14:07:16,829 WARNING:main.py:418:setup_molecule:Multiple occupancies found: CG in LYS A 45.
2024-02-28 14:07:16,829 WARNING:main.py:418:setup_molecule:Multiple occupancies found: CD in LYS A 45.
2024-02-28 14:07:16,830 WARNING:main.py:418:setup_molecule:Multiple occupancies found: CE in LYS A 45.
2024-02-28 14:07:16,830 WARNING:main.py:418:setup_molecule:Multiple occupancies found: NZ in LYS A 45.
2024-02-28 14:07:16,830 WARNING:main.py:424:setup_molecule:Multiple occupancies found in LYS A 45. At least one of the instances is being ignored.
2024-02-28 14:07:16,830 WARNING:main.py:418:setup_molecule:Multiple occupancies found: CB in MET A 46.
2024-02-28 14:07:16,830 WARNING:main.py:418:setup_molecule:Multiple occupancies found: CG in MET A 46.
2024-02-28 14:07:16,830 WARNING:main.py:418:setup_molecule:Multiple occupancies found: SD in MET A 46.
2024-02-28 14:07:16,830 WARNING:main.py:418:setup_molecule:Multiple occupancies found: CE in MET A 46.
2024-02-28 14:07:16,830 WARNING:main.py:424:setup_molecule:Multiple occupancies found in MET A 46. At least one of the instances is being ignored.
2024-02-28 14:07:16,830 WARNING:main.py:418:setup_molecule:Multiple occupancies found: CB in LYS A 55.
2024-02-28 14:07:16,830 WARNING:main.py:418:setup_molecule:Multiple occupancies found: CG in LYS A 55.
2024-02-28 14:07:16,830 WARNING:main.py:418:setup_molecule:Multiple occupancies found: CD in LYS A 55.
2024-02-28 14:07:16,830 WARNING:main.py:418:setup_molecule:Multiple occupancies found: CE in LYS A 55.
2024-02-28 14:07:16,830 WARNING:main.py:418:setup_molecule:Multiple occupancies found: NZ in LYS A 55.
2024-02-28 14:07:16,830 WARNING:main.py:424:setup_molecule:Multiple occupancies found in LYS A 55. At least one of the instances is being ignored.
2024-02-28 14:07:16,830 WARNING:main.py:418:setup_molecule:Multiple occupancies found: CB in ARG A 57.
2024-02-28 14:07:16,830 WARNING:main.py:418:setup_molecule:Multiple occupancies found: CG in ARG A 57.
2024-02-28 14:07:16,830 WARNING:main.py:418:setup_molecule:Multiple occupancies found: CD in ARG A 57.
2024-02-28 14:07:16,830 WARNING:main.py:418:setup_molecule:Multiple occupancies found: NE in ARG A 57.
2024-02-28 14:07:16,830 WARNING:main.py:418:setup_molecule:Multiple occupancies found: CZ in ARG A 57.
2024-02-28 14:07:16,830 WARNING:main.py:418:setup_molecule:Multiple occupancies found: NH1 in ARG A 57.
2024-02-28 14:07:16,830 WARNING:main.py:418:setup_molecule:Multiple occupancies found: NH2 in ARG A 57.
2024-02-28 14:07:16,830 WARNING:main.py:424:setup_molecule:Multiple occupancies found in ARG A 57. At least one of the instances is being ignored.
2024-02-28 14:07:16,830 WARNING:main.py:418:setup_molecule:Multiple occupancies found: CD in GLN A 58.
2024-02-28 14:07:16,830 WARNING:main.py:418:setup_molecule:Multiple occupancies found: OE1 in GLN A 58.
2024-02-28 14:07:16,830 WARNING:main.py:418:setup_molecule:Multiple occupancies found: NE2 in GLN A 58.
2024-02-28 14:07:16,830 WARNING:main.py:424:setup_molecule:Multiple occupancies found in GLN A 58. At least one of the instances is being ignored.
2024-02-28 14:07:16,830 WARNING:main.py:418:setup_molecule:Multiple occupancies found: CB in ILE A 64.
2024-02-28 14:07:16,830 WARNING:main.py:418:setup_molecule:Multiple occupancies found: CG1 in ILE A 64.
2024-02-28 14:07:16,830 WARNING:main.py:418:setup_molecule:Multiple occupancies found: CG2 in ILE A 64.
2024-02-28 14:07:16,830 WARNING:main.py:418:setup_molecule:Multiple occupancies found: CD1 in ILE A 64.
2024-02-28 14:07:16,830 WARNING:main.py:424:setup_molecule:Multiple occupancies found in ILE A 64. At least one of the instances is being ignored.
2024-02-28 14:07:16,830 WARNING:main.py:418:setup_molecule:Multiple occupancies found: CB in GLU A 65.
2024-02-28 14:07:16,830 WARNING:main.py:418:setup_molecule:Multiple occupancies found: CG in GLU A 65.
2024-02-28 14:07:16,830 WARNING:main.py:418:setup_molecule:Multiple occupancies found: CD in GLU A 65.
2024-02-28 14:07:16,830 WARNING:main.py:418:setup_molecule:Multiple occupancies found: OE1 in GLU A 65.
2024-02-28 14:07:16,830 WARNING:main.py:418:setup_molecule:Multiple occupancies found: OE2 in GLU A 65.
2024-02-28 14:07:16,830 WARNING:main.py:424:setup_molecule:Multiple occupancies found in GLU A 65. At least one of the instances is being ignored.
2024-02-28 14:07:16,831 WARNING:main.py:418:setup_molecule:Multiple occupancies found: CB in VAL A 84.
2024-02-28 14:07:16,831 WARNING:main.py:418:setup_molecule:Multiple occupancies found: CG1 in VAL A 84.
2024-02-28 14:07:16,831 WARNING:main.py:418:setup_molecule:Multiple occupancies found: CG2 in VAL A 84.
2024-02-28 14:07:16,831 WARNING:main.py:424:setup_molecule:Multiple occupancies found in VAL A 84. At least one of the instances is being ignored.
2024-02-28 14:07:16,831 WARNING:main.py:418:setup_molecule:Multiple occupancies found: CB in LEU A 97.
2024-02-28 14:07:16,831 WARNING:main.py:418:setup_molecule:Multiple occupancies found: CG in LEU A 97.
2024-02-28 14:07:16,831 WARNING:main.py:418:setup_molecule:Multiple occupancies found: CD1 in LEU A 97.
2024-02-28 14:07:16,831 WARNING:main.py:418:setup_molecule:Multiple occupancies found: CD2 in LEU A 97.
2024-02-28 14:07:16,831 WARNING:main.py:424:setup_molecule:Multiple occupancies found in LEU A 97. At least one of the instances is being ignored.
2024-02-28 14:07:16,831 WARNING:main.py:418:setup_molecule:Multiple occupancies found: UNK in UNX A 401.
2024-02-28 14:07:16,831 WARNING:main.py:424:setup_molecule:Multiple occupancies found in UNX A 401. At least one of the instances is being ignored.
2024-02-28 14:07:16,831 WARNING:main.py:418:setup_molecule:Multiple occupancies found: CB in LYS B 107.
2024-02-28 14:07:16,831 WARNING:main.py:418:setup_molecule:Multiple occupancies found: CG in LYS B 107.
2024-02-28 14:07:16,831 WARNING:main.py:418:setup_molecule:Multiple occupancies found: CD in LYS B 107.
2024-02-28 14:07:16,831 WARNING:main.py:418:setup_molecule:Multiple occupancies found: CE in LYS B 107.
2024-02-28 14:07:16,831 WARNING:main.py:418:setup_molecule:Multiple occupancies found: NZ in LYS B 107.
2024-02-28 14:07:16,831 WARNING:main.py:424:setup_molecule:Multiple occupancies found in LYS B 107. At least one of the instances is being ignored.
2024-02-28 14:07:16,832 WARNING:main.py:418:setup_molecule:Multiple occupancies found: CB in GLU B 121.
2024-02-28 14:07:16,832 WARNING:main.py:418:setup_molecule:Multiple occupancies found: CG in GLU B 121.
2024-02-28 14:07:16,832 WARNING:main.py:418:setup_molecule:Multiple occupancies found: CD in GLU B 121.
2024-02-28 14:07:16,832 WARNING:main.py:418:setup_molecule:Multiple occupancies found: OE1 in GLU B 121.
2024-02-28 14:07:16,832 WARNING:main.py:418:setup_molecule:Multiple occupancies found: OE2 in GLU B 121.
2024-02-28 14:07:16,832 WARNING:main.py:424:setup_molecule:Multiple occupancies found in GLU B 121. At least one of the instances is being ignored.
2024-02-28 14:07:16,832 WARNING:main.py:418:setup_molecule:Multiple occupancies found: CB in ILE B 133.
2024-02-28 14:07:16,832 WARNING:main.py:418:setup_molecule:Multiple occupancies found: CG1 in ILE B 133.
2024-02-28 14:07:16,832 WARNING:main.py:418:setup_molecule:Multiple occupancies found: CG2 in ILE B 133.
2024-02-28 14:07:16,832 WARNING:main.py:418:setup_molecule:Multiple occupancies found: CD1 in ILE B 133.
2024-02-28 14:07:16,832 WARNING:main.py:424:setup_molecule:Multiple occupancies found in ILE B 133. At least one of the instances is being ignored.
2024-02-28 14:07:16,832 WARNING:main.py:418:setup_molecule:Multiple occupancies found: CB in GLU B 135.
2024-02-28 14:07:16,832 WARNING:main.py:418:setup_molecule:Multiple occupancies found: CG in GLU B 135.
2024-02-28 14:07:16,832 WARNING:main.py:418:setup_molecule:Multiple occupancies found: CD in GLU B 135.
2024-02-28 14:07:16,832 WARNING:main.py:418:setup_molecule:Multiple occupancies found: OE1 in GLU B 135.
2024-02-28 14:07:16,832 WARNING:main.py:418:setup_molecule:Multiple occupancies found: OE2 in GLU B 135.
2024-02-28 14:07:16,832 WARNING:main.py:424:setup_molecule:Multiple occupancies found in GLU B 135. At least one of the instances is being ignored.
2024-02-28 14:07:16,832 WARNING:main.py:418:setup_molecule:Multiple occupancies found: CB in SER B 137.
2024-02-28 14:07:16,832 WARNING:main.py:418:setup_molecule:Multiple occupancies found: OG in SER B 137.
2024-02-28 14:07:16,832 WARNING:main.py:424:setup_molecule:Multiple occupancies found in SER B 137. At least one of the instances is being ignored.
2024-02-28 14:07:16,832 WARNING:main.py:418:setup_molecule:Multiple occupancies found: CB in LYS B 143.
2024-02-28 14:07:16,832 WARNING:main.py:418:setup_molecule:Multiple occupancies found: CG in LYS B 143.
2024-02-28 14:07:16,833 WARNING:main.py:418:setup_molecule:Multiple occupancies found: CD in LYS B 143.
2024-02-28 14:07:16,833 WARNING:main.py:418:setup_molecule:Multiple occupancies found: CE in LYS B 143.
2024-02-28 14:07:16,833 WARNING:main.py:418:setup_molecule:Multiple occupancies found: NZ in LYS B 143.
2024-02-28 14:07:16,833 WARNING:main.py:424:setup_molecule:Multiple occupancies found in LYS B 143. At least one of the instances is being ignored.
2024-02-28 14:07:16,833 WARNING:main.py:418:setup_molecule:Multiple occupancies found: CB in MET B 146.
2024-02-28 14:07:16,833 WARNING:main.py:418:setup_molecule:Multiple occupancies found: CG in MET B 146.
2024-02-28 14:07:16,833 WARNING:main.py:418:setup_molecule:Multiple occupancies found: SD in MET B 146.
2024-02-28 14:07:16,833 WARNING:main.py:418:setup_molecule:Multiple occupancies found: CE in MET B 146.
2024-02-28 14:07:16,833 WARNING:main.py:424:setup_molecule:Multiple occupancies found in MET B 146. At least one of the instances is being ignored.
2024-02-28 14:07:16,833 WARNING:main.py:418:setup_molecule:Multiple occupancies found: CB in ILE B 150.
2024-02-28 14:07:16,833 WARNING:main.py:418:setup_molecule:Multiple occupancies found: CG1 in ILE B 150.
2024-02-28 14:07:16,833 WARNING:main.py:418:setup_molecule:Multiple occupancies found: CG2 in ILE B 150.
2024-02-28 14:07:16,833 WARNING:main.py:418:setup_molecule:Multiple occupancies found: CD1 in ILE B 150.
2024-02-28 14:07:16,833 WARNING:main.py:424:setup_molecule:Multiple occupancies found in ILE B 150. At least one of the instances is being ignored.
2024-02-28 14:07:16,833 WARNING:main.py:418:setup_molecule:Multiple occupancies found: CB in LYS B 155.
2024-02-28 14:07:16,833 WARNING:main.py:418:setup_molecule:Multiple occupancies found: CG in LYS B 155.
2024-02-28 14:07:16,833 WARNING:main.py:418:setup_molecule:Multiple occupancies found: CD in LYS B 155.
2024-02-28 14:07:16,833 WARNING:main.py:418:setup_molecule:Multiple occupancies found: CE in LYS B 155.
2024-02-28 14:07:16,833 WARNING:main.py:418:setup_molecule:Multiple occupancies found: NZ in LYS B 155.
2024-02-28 14:07:16,834 WARNING:main.py:424:setup_molecule:Multiple occupancies found in LYS B 155. At least one of the instances is being ignored.
2024-02-28 14:07:16,834 WARNING:main.py:418:setup_molecule:Multiple occupancies found: CB in GLU B 165.
2024-02-28 14:07:16,834 WARNING:main.py:418:setup_molecule:Multiple occupancies found: CG in GLU B 165.
2024-02-28 14:07:16,834 WARNING:main.py:418:setup_molecule:Multiple occupancies found: CD in GLU B 165.
2024-02-28 14:07:16,834 WARNING:main.py:418:setup_molecule:Multiple occupancies found: OE1 in GLU B 165.
2024-02-28 14:07:16,834 WARNING:main.py:418:setup_molecule:Multiple occupancies found: OE2 in GLU B 165.
2024-02-28 14:07:16,834 WARNING:main.py:424:setup_molecule:Multiple occupancies found in GLU B 165. At least one of the instances is being ignored.
2024-02-28 14:07:16,834 WARNING:main.py:418:setup_molecule:Multiple occupancies found: CB in VAL B 182.
2024-02-28 14:07:16,834 WARNING:main.py:418:setup_molecule:Multiple occupancies found: CG1 in VAL B 182.
2024-02-28 14:07:16,834 WARNING:main.py:418:setup_molecule:Multiple occupancies found: CG2 in VAL B 182.
2024-02-28 14:07:16,834 WARNING:main.py:424:setup_molecule:Multiple occupancies found in VAL B 182. At least one of the instances is being ignored.
2024-02-28 14:07:16,834 WARNING:main.py:418:setup_molecule:Multiple occupancies found: CB in VAL B 184.
2024-02-28 14:07:16,834 WARNING:main.py:418:setup_molecule:Multiple occupancies found: CG1 in VAL B 184.
2024-02-28 14:07:16,834 WARNING:main.py:418:setup_molecule:Multiple occupancies found: CG2 in VAL B 184.
2024-02-28 14:07:16,834 WARNING:main.py:424:setup_molecule:Multiple occupancies found in VAL B 184. At least one of the instances is being ignored.
2024-02-28 14:07:16,834 WARNING:main.py:418:setup_molecule:Multiple occupancies found: CB in LEU B 197.
2024-02-28 14:07:16,834 WARNING:main.py:418:setup_molecule:Multiple occupancies found: CG in LEU B 197.
2024-02-28 14:07:16,834 WARNING:main.py:418:setup_molecule:Multiple occupancies found: CD1 in LEU B 197.
2024-02-28 14:07:16,834 WARNING:main.py:418:setup_molecule:Multiple occupancies found: CD2 in LEU B 197.
2024-02-28 14:07:16,834 WARNING:main.py:424:setup_molecule:Multiple occupancies found in LEU B 197. At least one of the instances is being ignored.
2024-02-28 14:07:19,075 WARNING:main.py:311:print_pqr:Ignoring 3513 header lines in output.
2024-02-28 14:07:19,265 WARNING:main.py:315:print_pqr:Ignoring 83 missing lines in output.
