2024-02-28 14:07:18,104 WARNING:biomolecule.py:992:create_residue:Unable to find amino or nucleic acid definition for GOL.  Parsing as new residue.
2024-02-28 14:07:18,113 WARNING:biomolecule.py:992:create_residue:Unable to find amino or nucleic acid definition for PBR.  Parsing as new residue.
2024-02-28 14:07:18,113 WARNING:biomolecule.py:992:create_residue:Unable to find amino or nucleic acid definition for GOL.  Parsing as new residue.
2024-02-28 14:07:18,113 WARNING:biomolecule.py:992:create_residue:Unable to find amino or nucleic acid definition for PBR.  Parsing as new residue.
2024-02-28 14:07:18,226 WARNING:biomolecule.py:157:num_missing_heavy:Missing atom CG in residue GLU A 62
2024-02-28 14:07:18,226 WARNING:biomolecule.py:157:num_missing_heavy:Missing atom CD in residue GLU A 62
2024-02-28 14:07:18,226 WARNING:biomolecule.py:157:num_missing_heavy:Missing atom OE1 in residue GLU A 62
2024-02-28 14:07:18,227 WARNING:biomolecule.py:157:num_missing_heavy:Missing atom OE2 in residue GLU A 62
2024-02-28 14:07:18,227 WARNING:biomolecule.py:157:num_missing_heavy:Missing atom OXT in residue PRO A 125
2024-02-28 14:07:18,227 WARNING:biomolecule.py:157:num_missing_heavy:Missing atom CG in residue ASP B 38
2024-02-28 14:07:18,227 WARNING:biomolecule.py:157:num_missing_heavy:Missing atom OD1 in residue ASP B 38
2024-02-28 14:07:18,227 WARNING:biomolecule.py:157:num_missing_heavy:Missing atom OD2 in residue ASP B 38
2024-02-28 14:07:18,227 WARNING:biomolecule.py:157:num_missing_heavy:Missing atom CG in residue ASP B 39
2024-02-28 14:07:18,227 WARNING:biomolecule.py:157:num_missing_heavy:Missing atom OD1 in residue ASP B 39
2024-02-28 14:07:18,227 WARNING:biomolecule.py:157:num_missing_heavy:Missing atom OD2 in residue ASP B 39
2024-02-28 14:07:18,227 WARNING:biomolecule.py:157:num_missing_heavy:Missing atom CG in residue GLU B 62
2024-02-28 14:07:18,227 WARNING:biomolecule.py:157:num_missing_heavy:Missing atom CD in residue GLU B 62
2024-02-28 14:07:18,227 WARNING:biomolecule.py:157:num_missing_heavy:Missing atom OE1 in residue GLU B 62
2024-02-28 14:07:18,227 WARNING:biomolecule.py:157:num_missing_heavy:Missing atom OE2 in residue GLU B 62
2024-02-28 14:07:18,227 WARNING:biomolecule.py:157:num_missing_heavy:Missing atom CG in residue GLU B 63
2024-02-28 14:07:18,227 WARNING:biomolecule.py:157:num_missing_heavy:Missing atom CD in residue GLU B 63
2024-02-28 14:07:18,227 WARNING:biomolecule.py:157:num_missing_heavy:Missing atom OE1 in residue GLU B 63
2024-02-28 14:07:18,227 WARNING:biomolecule.py:157:num_missing_heavy:Missing atom OE2 in residue GLU B 63
2024-02-28 14:07:18,228 WARNING:biomolecule.py:157:num_missing_heavy:Missing atom CG in residue ARG B 103
2024-02-28 14:07:18,228 WARNING:biomolecule.py:157:num_missing_heavy:Missing atom CD in residue ARG B 103
2024-02-28 14:07:18,228 WARNING:biomolecule.py:157:num_missing_heavy:Missing atom NE in residue ARG B 103
2024-02-28 14:07:18,228 WARNING:biomolecule.py:157:num_missing_heavy:Missing atom CZ in residue ARG B 103
2024-02-28 14:07:18,228 WARNING:biomolecule.py:157:num_missing_heavy:Missing atom NH1 in residue ARG B 103
2024-02-28 14:07:18,228 WARNING:biomolecule.py:157:num_missing_heavy:Missing atom NH2 in residue ARG B 103
2024-02-28 14:07:18,228 WARNING:biomolecule.py:157:num_missing_heavy:Missing atom CG in residue ARG B 104
2024-02-28 14:07:18,228 WARNING:biomolecule.py:157:num_missing_heavy:Missing atom CD in residue ARG B 104
2024-02-28 14:07:18,228 WARNING:biomolecule.py:157:num_missing_heavy:Missing atom NE in residue ARG B 104
2024-02-28 14:07:18,228 WARNING:biomolecule.py:157:num_missing_heavy:Missing atom CZ in residue ARG B 104
2024-02-28 14:07:18,228 WARNING:biomolecule.py:157:num_missing_heavy:Missing atom NH1 in residue ARG B 104
2024-02-28 14:07:18,228 WARNING:biomolecule.py:157:num_missing_heavy:Missing atom NH2 in residue ARG B 104
2024-02-28 14:07:18,228 WARNING:biomolecule.py:157:num_missing_heavy:Missing atom CG in residue PRO B 125
2024-02-28 14:07:18,601 WARNING:biomolecule.py:157:num_missing_heavy:Missing atom CD in residue PRO B 125
2024-02-28 14:07:18,601 WARNING:biomolecule.py:157:num_missing_heavy:Missing atom OXT in residue PRO B 125
2024-02-28 14:07:18,602 WARNING:biomolecule.py:157:num_missing_heavy:Missing atom CG in residue GLU A 62
2024-02-28 14:07:18,602 WARNING:biomolecule.py:157:num_missing_heavy:Missing atom CD in residue GLU A 62
2024-02-28 14:07:18,602 WARNING:biomolecule.py:157:num_missing_heavy:Missing atom OE1 in residue GLU A 62
2024-02-28 14:07:18,602 WARNING:biomolecule.py:157:num_missing_heavy:Missing atom OE2 in residue GLU A 62
2024-02-28 14:07:18,996 WARNING:biomolecule.py:157:num_missing_heavy:Missing atom OXT in residue PRO A 125
2024-02-28 14:07:19,241 WARNING:biomolecule.py:157:num_missing_heavy:Missing atom CG in residue ASP B 38
2024-02-28 14:07:19,241 WARNING:biomolecule.py:157:num_missing_heavy:Missing atom OD1 in residue ASP B 38
2024-02-28 14:07:19,241 WARNING:biomolecule.py:157:num_missing_heavy:Missing atom OD2 in residue ASP B 38
2024-02-28 14:07:19,241 WARNING:biomolecule.py:157:num_missing_heavy:Missing atom CG in residue ASP B 39
2024-02-28 14:07:19,242 WARNING:biomolecule.py:157:num_missing_heavy:Missing atom OD1 in residue ASP B 39
2024-02-28 14:07:19,242 WARNING:biomolecule.py:157:num_missing_heavy:Missing atom OD2 in residue ASP B 39
2024-02-28 14:07:19,242 WARNING:biomolecule.py:157:num_missing_heavy:Missing atom CG in residue GLU B 62
2024-02-28 14:07:19,242 WARNING:biomolecule.py:157:num_missing_heavy:Missing atom CD in residue GLU B 62
2024-02-28 14:07:19,242 WARNING:biomolecule.py:157:num_missing_heavy:Missing atom OE1 in residue GLU B 62
2024-02-28 14:07:19,242 WARNING:biomolecule.py:157:num_missing_heavy:Missing atom OE2 in residue GLU B 62
2024-02-28 14:07:19,242 WARNING:biomolecule.py:157:num_missing_heavy:Missing atom CG in residue GLU B 63
2024-02-28 14:07:19,242 WARNING:biomolecule.py:157:num_missing_heavy:Missing atom CD in residue GLU B 63
2024-02-28 14:07:19,242 WARNING:biomolecule.py:157:num_missing_heavy:Missing atom OE1 in residue GLU B 63
2024-02-28 14:07:19,242 WARNING:biomolecule.py:157:num_missing_heavy:Missing atom OE2 in residue GLU B 63
2024-02-28 14:07:19,242 WARNING:biomolecule.py:157:num_missing_heavy:Missing atom CG in residue ARG B 103
2024-02-28 14:07:19,242 WARNING:biomolecule.py:157:num_missing_heavy:Missing atom CD in residue ARG B 103
2024-02-28 14:07:19,242 WARNING:biomolecule.py:157:num_missing_heavy:Missing atom NE in residue ARG B 103
2024-02-28 14:07:19,242 WARNING:biomolecule.py:157:num_missing_heavy:Missing atom CZ in residue ARG B 103
2024-02-28 14:07:19,242 WARNING:biomolecule.py:157:num_missing_heavy:Missing atom NH1 in residue ARG B 103
2024-02-28 14:07:19,242 WARNING:biomolecule.py:157:num_missing_heavy:Missing atom NH2 in residue ARG B 103
2024-02-28 14:07:19,242 WARNING:biomolecule.py:157:num_missing_heavy:Missing atom CG in residue ARG B 104
2024-02-28 14:07:19,242 WARNING:biomolecule.py:157:num_missing_heavy:Missing atom CD in residue ARG B 104
2024-02-28 14:07:19,242 WARNING:biomolecule.py:157:num_missing_heavy:Missing atom NE in residue ARG B 104
2024-02-28 14:07:19,242 WARNING:biomolecule.py:157:num_missing_heavy:Missing atom CZ in residue ARG B 104
2024-02-28 14:07:19,243 WARNING:biomolecule.py:157:num_missing_heavy:Missing atom NH1 in residue ARG B 104
2024-02-28 14:07:19,243 WARNING:biomolecule.py:157:num_missing_heavy:Missing atom NH2 in residue ARG B 104
2024-02-28 14:07:19,243 WARNING:biomolecule.py:157:num_missing_heavy:Missing atom CG in residue PRO B 125
2024-02-28 14:07:19,243 WARNING:biomolecule.py:157:num_missing_heavy:Missing atom CD in residue PRO B 125
2024-02-28 14:07:19,243 WARNING:biomolecule.py:157:num_missing_heavy:Missing atom OXT in residue PRO B 125
2024-02-28 14:07:19,243 WARNING:biomolecule.py:157:num_missing_heavy:Missing atom CG in residue GLU A 62
2024-02-28 14:07:19,243 WARNING:biomolecule.py:157:num_missing_heavy:Missing atom CD in residue GLU A 62
2024-02-28 14:07:19,243 WARNING:biomolecule.py:157:num_missing_heavy:Missing atom OE1 in residue GLU A 62
2024-02-28 14:07:19,243 WARNING:biomolecule.py:157:num_missing_heavy:Missing atom OE2 in residue GLU A 62
2024-02-28 14:07:19,243 WARNING:biomolecule.py:157:num_missing_heavy:Missing atom OXT in residue PRO A 125
2024-02-28 14:07:19,244 WARNING:biomolecule.py:157:num_missing_heavy:Missing atom CG in residue ASP B 38
2024-02-28 14:07:19,244 WARNING:biomolecule.py:157:num_missing_heavy:Missing atom OD1 in residue ASP B 38
2024-02-28 14:07:19,244 WARNING:biomolecule.py:157:num_missing_heavy:Missing atom OD2 in residue ASP B 38
2024-02-28 14:07:19,244 WARNING:biomolecule.py:157:num_missing_heavy:Missing atom CG in residue ASP B 39
2024-02-28 14:07:19,244 WARNING:biomolecule.py:157:num_missing_heavy:Missing atom OD1 in residue ASP B 39
2024-02-28 14:07:19,244 WARNING:biomolecule.py:157:num_missing_heavy:Missing atom OD2 in residue ASP B 39
2024-02-28 14:07:19,244 WARNING:biomolecule.py:157:num_missing_heavy:Missing atom CG in residue GLU B 62
2024-02-28 14:07:19,244 WARNING:biomolecule.py:157:num_missing_heavy:Missing atom CD in residue GLU B 62
2024-02-28 14:07:19,244 WARNING:biomolecule.py:157:num_missing_heavy:Missing atom OE1 in residue GLU B 62
2024-02-28 14:07:19,244 WARNING:biomolecule.py:157:num_missing_heavy:Missing atom OE2 in residue GLU B 62
2024-02-28 14:07:19,244 WARNING:biomolecule.py:157:num_missing_heavy:Missing atom CG in residue GLU B 63
2024-02-28 14:07:19,244 WARNING:biomolecule.py:157:num_missing_heavy:Missing atom CD in residue GLU B 63
2024-02-28 14:07:19,244 WARNING:biomolecule.py:157:num_missing_heavy:Missing atom OE1 in residue GLU B 63
2024-02-28 14:07:19,244 WARNING:biomolecule.py:157:num_missing_heavy:Missing atom OE2 in residue GLU B 63
2024-02-28 14:07:19,244 WARNING:biomolecule.py:157:num_missing_heavy:Missing atom CG in residue ARG B 103
2024-02-28 14:07:19,244 WARNING:biomolecule.py:157:num_missing_heavy:Missing atom CD in residue ARG B 103
2024-02-28 14:07:19,244 WARNING:biomolecule.py:157:num_missing_heavy:Missing atom NE in residue ARG B 103
2024-02-28 14:07:19,244 WARNING:biomolecule.py:157:num_missing_heavy:Missing atom CZ in residue ARG B 103
2024-02-28 14:07:19,244 WARNING:biomolecule.py:157:num_missing_heavy:Missing atom NH1 in residue ARG B 103
2024-02-28 14:07:19,244 WARNING:biomolecule.py:157:num_missing_heavy:Missing atom NH2 in residue ARG B 103
2024-02-28 14:07:19,244 WARNING:biomolecule.py:157:num_missing_heavy:Missing atom CG in residue ARG B 104
2024-02-28 14:07:19,244 WARNING:biomolecule.py:157:num_missing_heavy:Missing atom CD in residue ARG B 104
2024-02-28 14:07:19,245 WARNING:biomolecule.py:157:num_missing_heavy:Missing atom NE in residue ARG B 104
2024-02-28 14:07:19,245 WARNING:biomolecule.py:157:num_missing_heavy:Missing atom CZ in residue ARG B 104
2024-02-28 14:07:19,245 WARNING:biomolecule.py:157:num_missing_heavy:Missing atom NH1 in residue ARG B 104
2024-02-28 14:07:19,245 WARNING:biomolecule.py:157:num_missing_heavy:Missing atom NH2 in residue ARG B 104
2024-02-28 14:07:19,245 WARNING:biomolecule.py:157:num_missing_heavy:Missing atom CG in residue PRO B 125
2024-02-28 14:07:19,245 WARNING:biomolecule.py:157:num_missing_heavy:Missing atom CD in residue PRO B 125
2024-02-28 14:07:19,245 WARNING:biomolecule.py:157:num_missing_heavy:Missing atom OXT in residue PRO B 125
2024-02-28 14:07:21,910 WARNING:main.py:311:print_pqr:Ignoring 1958 header lines in output.
2024-02-28 14:07:21,911 WARNING:main.py:315:print_pqr:Ignoring 36 missing lines in output.
