2024-02-28 14:07:03,730 WARNING:biomolecule.py:992:create_residue:Unable to find amino or nucleic acid definition for CK7.  Parsing as new residue.
2024-02-28 14:07:03,731 WARNING:main.py:418:setup_molecule:Multiple occupancies found: N in LYS A 33.
2024-02-28 14:07:03,731 WARNING:main.py:418:setup_molecule:Multiple occupancies found: CA in LYS A 33.
2024-02-28 14:07:03,731 WARNING:main.py:418:setup_molecule:Multiple occupancies found: C in LYS A 33.
2024-02-28 14:07:03,731 WARNING:main.py:418:setup_molecule:Multiple occupancies found: O in LYS A 33.
2024-02-28 14:07:03,732 WARNING:main.py:418:setup_molecule:Multiple occupancies found: CB in LYS A 33.
2024-02-28 14:07:03,732 WARNING:main.py:418:setup_molecule:Multiple occupancies found: CG in LYS A 33.
2024-02-28 14:07:03,732 WARNING:main.py:418:setup_molecule:Multiple occupancies found: CD in LYS A 33.
2024-02-28 14:07:03,732 WARNING:main.py:418:setup_molecule:Multiple occupancies found: CE in LYS A 33.
2024-02-28 14:07:03,732 WARNING:main.py:418:setup_molecule:Multiple occupancies found: NZ in LYS A 33.
2024-02-28 14:07:03,733 WARNING:main.py:424:setup_molecule:Multiple occupancies found in LYS A 33. At least one of the instances is being ignored.
2024-02-28 14:07:03,733 WARNING:main.py:418:setup_molecule:Multiple occupancies found: N7A in CK7 A 500.
2024-02-28 14:07:03,733 WARNING:main.py:418:setup_molecule:Multiple occupancies found: C3A in CK7 A 500.
2024-02-28 14:07:03,733 WARNING:main.py:418:setup_molecule:Multiple occupancies found: N2A in CK7 A 500.
2024-02-28 14:07:03,733 WARNING:main.py:418:setup_molecule:Multiple occupancies found: C1A in CK7 A 500.
2024-02-28 14:07:03,733 WARNING:main.py:418:setup_molecule:Multiple occupancies found: C6A in CK7 A 500.
2024-02-28 14:07:03,734 WARNING:main.py:418:setup_molecule:Multiple occupancies found: S4A in CK7 A 500.
2024-02-28 14:07:03,734 WARNING:main.py:418:setup_molecule:Multiple occupancies found: C5A in CK7 A 500.
2024-02-28 14:07:03,734 WARNING:main.py:418:setup_molecule:Multiple occupancies found: C4 in CK7 A 500.
2024-02-28 14:07:03,734 WARNING:main.py:418:setup_molecule:Multiple occupancies found: N3 in CK7 A 500.
2024-02-28 14:07:03,734 WARNING:main.py:418:setup_molecule:Multiple occupancies found: C5 in CK7 A 500.
2024-02-28 14:07:03,734 WARNING:main.py:418:setup_molecule:Multiple occupancies found: C6 in CK7 A 500.
2024-02-28 14:07:03,734 WARNING:main.py:418:setup_molecule:Multiple occupancies found: N1 in CK7 A 500.
2024-02-28 14:07:03,734 WARNING:main.py:418:setup_molecule:Multiple occupancies found: C2 in CK7 A 500.
2024-02-28 14:07:03,735 WARNING:main.py:418:setup_molecule:Multiple occupancies found: N7 in CK7 A 500.
2024-02-28 14:07:03,735 WARNING:main.py:424:setup_molecule:Multiple occupancies found in CK7 A 500. At least one of the instances is being ignored.
2024-02-28 14:07:03,739 WARNING:biomolecule.py:615:update_bonds:Gap in backbone detected between ARG A 36 and THR A 41!
2024-02-28 14:07:04,479 WARNING:main.py:311:print_pqr:Ignoring 1533 header lines in output.
2024-02-28 14:07:04,479 WARNING:main.py:315:print_pqr:Ignoring 23 missing lines in output.
