2024-02-28 14:07:18,453 WARNING:biomolecule.py:992:create_residue:Unable to find amino or nucleic acid definition for PO4.  Parsing as new residue.
2024-02-28 14:07:18,493 WARNING:biomolecule.py:992:create_residue:Unable to find amino or nucleic acid definition for PO4.  Parsing as new residue.
2024-02-28 14:07:18,493 WARNING:biomolecule.py:992:create_residue:Unable to find amino or nucleic acid definition for PO4.  Parsing as new residue.
2024-02-28 14:07:18,493 WARNING:biomolecule.py:992:create_residue:Unable to find amino or nucleic acid definition for QNC.  Parsing as new residue.
2024-02-28 14:07:18,494 WARNING:biomolecule.py:992:create_residue:Unable to find amino or nucleic acid definition for HPH.  Parsing as new residue.
2024-02-28 14:07:18,494 WARNING:biomolecule.py:992:create_residue:Unable to find amino or nucleic acid definition for DIQ.  Parsing as new residue.
2024-02-28 14:07:18,494 WARNING:biomolecule.py:992:create_residue:Unable to find amino or nucleic acid definition for NTB.  Parsing as new residue.
2024-02-28 14:07:18,494 WARNING:biomolecule.py:992:create_residue:Unable to find amino or nucleic acid definition for PO4.  Parsing as new residue.
2024-02-28 14:07:18,494 WARNING:biomolecule.py:992:create_residue:Unable to find amino or nucleic acid definition for PO4.  Parsing as new residue.
2024-02-28 14:07:18,494 WARNING:main.py:418:setup_molecule:Multiple occupancies found: N in ILE A 84.
2024-02-28 14:07:18,494 WARNING:main.py:418:setup_molecule:Multiple occupancies found: CA in ILE A 84.
2024-02-28 14:07:18,494 WARNING:main.py:418:setup_molecule:Multiple occupancies found: C in ILE A 84.
2024-02-28 14:07:18,494 WARNING:main.py:418:setup_molecule:Multiple occupancies found: O in ILE A 84.
2024-02-28 14:07:18,494 WARNING:main.py:418:setup_molecule:Multiple occupancies found: CB in ILE A 84.
2024-02-28 14:07:18,494 WARNING:main.py:418:setup_molecule:Multiple occupancies found: CG1 in ILE A 84.
2024-02-28 14:07:18,494 WARNING:main.py:418:setup_molecule:Multiple occupancies found: CG2 in ILE A 84.
2024-02-28 14:07:18,495 WARNING:main.py:418:setup_molecule:Multiple occupancies found: CD1 in ILE A 84.
2024-02-28 14:07:18,495 WARNING:main.py:424:setup_molecule:Multiple occupancies found in ILE A 84. At least one of the instances is being ignored.
2024-02-28 14:07:18,495 WARNING:main.py:418:setup_molecule:Multiple occupancies found: N in TRP B 6.
2024-02-28 14:07:18,495 WARNING:main.py:418:setup_molecule:Multiple occupancies found: CA in TRP B 6.
2024-02-28 14:07:18,495 WARNING:main.py:418:setup_molecule:Multiple occupancies found: C in TRP B 6.
2024-02-28 14:07:18,495 WARNING:main.py:418:setup_molecule:Multiple occupancies found: O in TRP B 6.
2024-02-28 14:07:18,495 WARNING:main.py:418:setup_molecule:Multiple occupancies found: CB in TRP B 6.
2024-02-28 14:07:18,495 WARNING:main.py:418:setup_molecule:Multiple occupancies found: CG in TRP B 6.
2024-02-28 14:07:18,495 WARNING:main.py:418:setup_molecule:Multiple occupancies found: CD1 in TRP B 6.
2024-02-28 14:07:18,495 WARNING:main.py:418:setup_molecule:Multiple occupancies found: CD2 in TRP B 6.
2024-02-28 14:07:18,495 WARNING:main.py:418:setup_molecule:Multiple occupancies found: NE1 in TRP B 6.
2024-02-28 14:07:18,495 WARNING:main.py:418:setup_molecule:Multiple occupancies found: CE2 in TRP B 6.
2024-02-28 14:07:18,495 WARNING:main.py:418:setup_molecule:Multiple occupancies found: CE3 in TRP B 6.
2024-02-28 14:07:18,495 WARNING:main.py:418:setup_molecule:Multiple occupancies found: CZ2 in TRP B 6.
2024-02-28 14:07:18,495 WARNING:main.py:418:setup_molecule:Multiple occupancies found: CZ3 in TRP B 6.
2024-02-28 14:07:18,495 WARNING:main.py:418:setup_molecule:Multiple occupancies found: CH2 in TRP B 6.
2024-02-28 14:07:18,495 WARNING:main.py:424:setup_molecule:Multiple occupancies found in TRP B 6. At least one of the instances is being ignored.
2024-02-28 14:07:18,522 WARNING:biomolecule.py:157:num_missing_heavy:Missing atom CG in residue GLN C 18
2024-02-28 14:07:18,522 WARNING:biomolecule.py:157:num_missing_heavy:Missing atom CD in residue GLN C 18
2024-02-28 14:07:18,522 WARNING:biomolecule.py:157:num_missing_heavy:Missing atom OE1 in residue GLN C 18
2024-02-28 14:07:18,522 WARNING:biomolecule.py:157:num_missing_heavy:Missing atom NE2 in residue GLN C 18
2024-02-28 14:07:18,522 WARNING:biomolecule.py:157:num_missing_heavy:Missing atom CG in residue LYS C 41
2024-02-28 14:07:18,522 WARNING:biomolecule.py:157:num_missing_heavy:Missing atom CD in residue LYS C 41
2024-02-28 14:07:18,522 WARNING:biomolecule.py:157:num_missing_heavy:Missing atom CE in residue LYS C 41
2024-02-28 14:07:18,522 WARNING:biomolecule.py:157:num_missing_heavy:Missing atom NZ in residue LYS C 41
2024-02-28 14:07:18,522 WARNING:biomolecule.py:157:num_missing_heavy:Missing atom CG in residue LYS C 43
2024-02-28 14:07:18,522 WARNING:biomolecule.py:157:num_missing_heavy:Missing atom CD in residue LYS C 43
2024-02-28 14:07:18,522 WARNING:biomolecule.py:157:num_missing_heavy:Missing atom CE in residue LYS C 43
2024-02-28 14:07:18,523 WARNING:biomolecule.py:157:num_missing_heavy:Missing atom NZ in residue LYS C 43
2024-02-28 14:07:18,523 WARNING:biomolecule.py:157:num_missing_heavy:Missing atom OXT in residue ASN A 505
2024-02-28 14:07:18,523 WARNING:biomolecule.py:157:num_missing_heavy:Missing atom CG in residue LYS B 7
2024-02-28 14:07:18,523 WARNING:biomolecule.py:157:num_missing_heavy:Missing atom CD in residue LYS B 7
2024-02-28 14:07:18,523 WARNING:biomolecule.py:157:num_missing_heavy:Missing atom CE in residue LYS B 7
2024-02-28 14:07:18,523 WARNING:biomolecule.py:157:num_missing_heavy:Missing atom NZ in residue LYS B 7
2024-02-28 14:07:18,523 WARNING:biomolecule.py:157:num_missing_heavy:Missing atom CG in residue ARG B 14
2024-02-28 14:07:18,523 WARNING:biomolecule.py:157:num_missing_heavy:Missing atom CD in residue ARG B 14
2024-02-28 14:07:18,526 WARNING:biomolecule.py:157:num_missing_heavy:Missing atom NE in residue ARG B 14
2024-02-28 14:07:18,526 WARNING:biomolecule.py:157:num_missing_heavy:Missing atom CZ in residue ARG B 14
2024-02-28 14:07:18,526 WARNING:biomolecule.py:157:num_missing_heavy:Missing atom NH1 in residue ARG B 14
2024-02-28 14:07:18,526 WARNING:biomolecule.py:157:num_missing_heavy:Missing atom NH2 in residue ARG B 14
2024-02-28 14:07:18,526 WARNING:biomolecule.py:157:num_missing_heavy:Missing atom CG in residue GLN B 18
2024-02-28 14:07:18,526 WARNING:biomolecule.py:157:num_missing_heavy:Missing atom CD in residue GLN B 18
2024-02-28 14:07:18,526 WARNING:biomolecule.py:157:num_missing_heavy:Missing atom OE1 in residue GLN B 18
2024-02-28 14:07:18,526 WARNING:biomolecule.py:157:num_missing_heavy:Missing atom NE2 in residue GLN B 18
2024-02-28 14:07:18,526 WARNING:biomolecule.py:157:num_missing_heavy:Missing atom CG in residue GLU B 21
2024-02-28 14:07:18,526 WARNING:biomolecule.py:157:num_missing_heavy:Missing atom CD in residue GLU B 21
2024-02-28 14:07:18,526 WARNING:biomolecule.py:157:num_missing_heavy:Missing atom OE1 in residue GLU B 21
2024-02-28 14:07:18,526 WARNING:biomolecule.py:157:num_missing_heavy:Missing atom OE2 in residue GLU B 21
2024-02-28 14:07:18,526 WARNING:biomolecule.py:157:num_missing_heavy:Missing atom CG in residue LYS B 41
2024-02-28 14:07:18,526 WARNING:biomolecule.py:157:num_missing_heavy:Missing atom CD in residue LYS B 41
2024-02-28 14:07:18,526 WARNING:biomolecule.py:157:num_missing_heavy:Missing atom CE in residue LYS B 41
2024-02-28 14:07:18,526 WARNING:biomolecule.py:157:num_missing_heavy:Missing atom NZ in residue LYS B 41
2024-02-28 14:07:18,526 WARNING:biomolecule.py:157:num_missing_heavy:Missing atom CG in residue LYS B 43
2024-02-28 14:07:18,527 WARNING:biomolecule.py:157:num_missing_heavy:Missing atom CD in residue LYS B 43
2024-02-28 14:07:18,527 WARNING:biomolecule.py:157:num_missing_heavy:Missing atom CE in residue LYS B 43
2024-02-28 14:07:18,527 WARNING:biomolecule.py:157:num_missing_heavy:Missing atom NZ in residue LYS B 43
2024-02-28 14:07:18,527 WARNING:biomolecule.py:157:num_missing_heavy:Missing atom CG in residue LYS B 45
2024-02-28 14:07:18,527 WARNING:biomolecule.py:157:num_missing_heavy:Missing atom CD in residue LYS B 45
2024-02-28 14:07:18,527 WARNING:biomolecule.py:157:num_missing_heavy:Missing atom CE in residue LYS B 45
2024-02-28 14:07:18,527 WARNING:biomolecule.py:157:num_missing_heavy:Missing atom NZ in residue LYS B 45
2024-02-28 14:07:18,527 WARNING:biomolecule.py:157:num_missing_heavy:Missing atom CG in residue ARG B 57
2024-02-28 14:07:18,527 WARNING:biomolecule.py:157:num_missing_heavy:Missing atom CD in residue ARG B 57
2024-02-28 14:07:18,527 WARNING:biomolecule.py:157:num_missing_heavy:Missing atom NE in residue ARG B 57
2024-02-28 14:07:18,527 WARNING:biomolecule.py:157:num_missing_heavy:Missing atom CZ in residue ARG B 57
2024-02-28 14:07:18,527 WARNING:biomolecule.py:157:num_missing_heavy:Missing atom NH1 in residue ARG B 57
2024-02-28 14:07:18,527 WARNING:biomolecule.py:157:num_missing_heavy:Missing atom NH2 in residue ARG B 57
2024-02-28 14:07:18,527 WARNING:biomolecule.py:157:num_missing_heavy:Missing atom CG in residue LYS B 70
2024-02-28 14:07:18,527 WARNING:biomolecule.py:157:num_missing_heavy:Missing atom CD in residue LYS B 70
2024-02-28 14:07:18,527 WARNING:biomolecule.py:157:num_missing_heavy:Missing atom CE in residue LYS B 70
2024-02-28 14:07:18,527 WARNING:biomolecule.py:157:num_missing_heavy:Missing atom NZ in residue LYS B 70
2024-02-28 14:07:18,528 WARNING:biomolecule.py:157:num_missing_heavy:Missing atom CG in residue GLN C 18
2024-02-28 14:07:18,528 WARNING:biomolecule.py:157:num_missing_heavy:Missing atom CD in residue GLN C 18
2024-02-28 14:07:18,528 WARNING:biomolecule.py:157:num_missing_heavy:Missing atom OE1 in residue GLN C 18
2024-02-28 14:07:18,528 WARNING:biomolecule.py:157:num_missing_heavy:Missing atom NE2 in residue GLN C 18
2024-02-28 14:07:18,528 WARNING:biomolecule.py:157:num_missing_heavy:Missing atom CG in residue LYS C 41
2024-02-28 14:07:18,528 WARNING:biomolecule.py:157:num_missing_heavy:Missing atom CD in residue LYS C 41
2024-02-28 14:07:18,528 WARNING:biomolecule.py:157:num_missing_heavy:Missing atom CE in residue LYS C 41
2024-02-28 14:07:18,528 WARNING:biomolecule.py:157:num_missing_heavy:Missing atom NZ in residue LYS C 41
2024-02-28 14:07:18,528 WARNING:biomolecule.py:157:num_missing_heavy:Missing atom CG in residue LYS C 43
2024-02-28 14:07:18,528 WARNING:biomolecule.py:157:num_missing_heavy:Missing atom CD in residue LYS C 43
2024-02-28 14:07:18,528 WARNING:biomolecule.py:157:num_missing_heavy:Missing atom CE in residue LYS C 43
2024-02-28 14:07:18,528 WARNING:biomolecule.py:157:num_missing_heavy:Missing atom NZ in residue LYS C 43
2024-02-28 14:07:18,528 WARNING:biomolecule.py:157:num_missing_heavy:Missing atom OXT in residue ASN A 505
2024-02-28 14:07:18,528 WARNING:biomolecule.py:157:num_missing_heavy:Missing atom CG in residue LYS B 7
2024-02-28 14:07:18,528 WARNING:biomolecule.py:157:num_missing_heavy:Missing atom CD in residue LYS B 7
2024-02-28 14:07:18,528 WARNING:biomolecule.py:157:num_missing_heavy:Missing atom CE in residue LYS B 7
2024-02-28 14:07:18,528 WARNING:biomolecule.py:157:num_missing_heavy:Missing atom NZ in residue LYS B 7
2024-02-28 14:07:18,529 WARNING:biomolecule.py:157:num_missing_heavy:Missing atom CG in residue ARG B 14
2024-02-28 14:07:18,529 WARNING:biomolecule.py:157:num_missing_heavy:Missing atom CD in residue ARG B 14
2024-02-28 14:07:18,529 WARNING:biomolecule.py:157:num_missing_heavy:Missing atom NE in residue ARG B 14
2024-02-28 14:07:18,529 WARNING:biomolecule.py:157:num_missing_heavy:Missing atom CZ in residue ARG B 14
2024-02-28 14:07:18,529 WARNING:biomolecule.py:157:num_missing_heavy:Missing atom NH1 in residue ARG B 14
2024-02-28 14:07:18,529 WARNING:biomolecule.py:157:num_missing_heavy:Missing atom NH2 in residue ARG B 14
2024-02-28 14:07:18,529 WARNING:biomolecule.py:157:num_missing_heavy:Missing atom CG in residue GLN B 18
2024-02-28 14:07:18,529 WARNING:biomolecule.py:157:num_missing_heavy:Missing atom CD in residue GLN B 18
2024-02-28 14:07:18,529 WARNING:biomolecule.py:157:num_missing_heavy:Missing atom OE1 in residue GLN B 18
2024-02-28 14:07:18,529 WARNING:biomolecule.py:157:num_missing_heavy:Missing atom NE2 in residue GLN B 18
2024-02-28 14:07:18,530 WARNING:biomolecule.py:157:num_missing_heavy:Missing atom CG in residue GLU B 21
2024-02-28 14:07:18,530 WARNING:biomolecule.py:157:num_missing_heavy:Missing atom CD in residue GLU B 21
2024-02-28 14:07:18,530 WARNING:biomolecule.py:157:num_missing_heavy:Missing atom OE1 in residue GLU B 21
2024-02-28 14:07:18,530 WARNING:biomolecule.py:157:num_missing_heavy:Missing atom OE2 in residue GLU B 21
2024-02-28 14:07:18,530 WARNING:biomolecule.py:157:num_missing_heavy:Missing atom CG in residue LYS B 41
2024-02-28 14:07:18,530 WARNING:biomolecule.py:157:num_missing_heavy:Missing atom CD in residue LYS B 41
2024-02-28 14:07:18,530 WARNING:biomolecule.py:157:num_missing_heavy:Missing atom CE in residue LYS B 41
2024-02-28 14:07:18,530 WARNING:biomolecule.py:157:num_missing_heavy:Missing atom NZ in residue LYS B 41
2024-02-28 14:07:18,530 WARNING:biomolecule.py:157:num_missing_heavy:Missing atom CG in residue LYS B 43
2024-02-28 14:07:18,530 WARNING:biomolecule.py:157:num_missing_heavy:Missing atom CD in residue LYS B 43
2024-02-28 14:07:18,530 WARNING:biomolecule.py:157:num_missing_heavy:Missing atom CE in residue LYS B 43
2024-02-28 14:07:18,531 WARNING:biomolecule.py:157:num_missing_heavy:Missing atom NZ in residue LYS B 43
2024-02-28 14:07:18,531 WARNING:biomolecule.py:157:num_missing_heavy:Missing atom CG in residue LYS B 45
2024-02-28 14:07:18,531 WARNING:biomolecule.py:157:num_missing_heavy:Missing atom CD in residue LYS B 45
2024-02-28 14:07:18,531 WARNING:biomolecule.py:157:num_missing_heavy:Missing atom CE in residue LYS B 45
2024-02-28 14:07:18,531 WARNING:biomolecule.py:157:num_missing_heavy:Missing atom NZ in residue LYS B 45
2024-02-28 14:07:18,531 WARNING:biomolecule.py:157:num_missing_heavy:Missing atom CG in residue ARG B 57
2024-02-28 14:07:18,531 WARNING:biomolecule.py:157:num_missing_heavy:Missing atom CD in residue ARG B 57
2024-02-28 14:07:18,531 WARNING:biomolecule.py:157:num_missing_heavy:Missing atom NE in residue ARG B 57
2024-02-28 14:07:18,531 WARNING:biomolecule.py:157:num_missing_heavy:Missing atom CZ in residue ARG B 57
2024-02-28 14:07:18,531 WARNING:biomolecule.py:157:num_missing_heavy:Missing atom NH1 in residue ARG B 57
2024-02-28 14:07:18,532 WARNING:biomolecule.py:157:num_missing_heavy:Missing atom NH2 in residue ARG B 57
2024-02-28 14:07:18,532 WARNING:biomolecule.py:157:num_missing_heavy:Missing atom CG in residue LYS B 70
2024-02-28 14:07:18,532 WARNING:biomolecule.py:157:num_missing_heavy:Missing atom CD in residue LYS B 70
2024-02-28 14:07:18,532 WARNING:biomolecule.py:157:num_missing_heavy:Missing atom CE in residue LYS B 70
2024-02-28 14:07:18,532 WARNING:biomolecule.py:157:num_missing_heavy:Missing atom NZ in residue LYS B 70
2024-02-28 14:07:18,533 WARNING:biomolecule.py:157:num_missing_heavy:Missing atom CG in residue GLN C 18
2024-02-28 14:07:18,533 WARNING:biomolecule.py:157:num_missing_heavy:Missing atom CD in residue GLN C 18
2024-02-28 14:07:18,533 WARNING:biomolecule.py:157:num_missing_heavy:Missing atom OE1 in residue GLN C 18
2024-02-28 14:07:18,533 WARNING:biomolecule.py:157:num_missing_heavy:Missing atom NE2 in residue GLN C 18
2024-02-28 14:07:18,533 WARNING:biomolecule.py:157:num_missing_heavy:Missing atom CG in residue LYS C 41
2024-02-28 14:07:18,534 WARNING:biomolecule.py:157:num_missing_heavy:Missing atom CD in residue LYS C 41
2024-02-28 14:07:18,534 WARNING:biomolecule.py:157:num_missing_heavy:Missing atom CE in residue LYS C 41
2024-02-28 14:07:18,534 WARNING:biomolecule.py:157:num_missing_heavy:Missing atom NZ in residue LYS C 41
2024-02-28 14:07:18,534 WARNING:biomolecule.py:157:num_missing_heavy:Missing atom CG in residue LYS C 43
2024-02-28 14:07:18,534 WARNING:biomolecule.py:157:num_missing_heavy:Missing atom CD in residue LYS C 43
2024-02-28 14:07:18,534 WARNING:biomolecule.py:157:num_missing_heavy:Missing atom CE in residue LYS C 43
2024-02-28 14:07:18,534 WARNING:biomolecule.py:157:num_missing_heavy:Missing atom NZ in residue LYS C 43
2024-02-28 14:07:18,534 WARNING:biomolecule.py:157:num_missing_heavy:Missing atom OXT in residue ASN A 505
2024-02-28 14:07:18,534 WARNING:biomolecule.py:157:num_missing_heavy:Missing atom CG in residue LYS B 7
2024-02-28 14:07:18,534 WARNING:biomolecule.py:157:num_missing_heavy:Missing atom CD in residue LYS B 7
2024-02-28 14:07:18,534 WARNING:biomolecule.py:157:num_missing_heavy:Missing atom CE in residue LYS B 7
2024-02-28 14:07:18,535 WARNING:biomolecule.py:157:num_missing_heavy:Missing atom NZ in residue LYS B 7
2024-02-28 14:07:18,535 WARNING:biomolecule.py:157:num_missing_heavy:Missing atom CG in residue ARG B 14
2024-02-28 14:07:18,535 WARNING:biomolecule.py:157:num_missing_heavy:Missing atom CD in residue ARG B 14
2024-02-28 14:07:18,535 WARNING:biomolecule.py:157:num_missing_heavy:Missing atom NE in residue ARG B 14
2024-02-28 14:07:18,535 WARNING:biomolecule.py:157:num_missing_heavy:Missing atom CZ in residue ARG B 14
2024-02-28 14:07:18,535 WARNING:biomolecule.py:157:num_missing_heavy:Missing atom NH1 in residue ARG B 14
2024-02-28 14:07:18,535 WARNING:biomolecule.py:157:num_missing_heavy:Missing atom NH2 in residue ARG B 14
2024-02-28 14:07:18,535 WARNING:biomolecule.py:157:num_missing_heavy:Missing atom CG in residue GLN B 18
2024-02-28 14:07:18,535 WARNING:biomolecule.py:157:num_missing_heavy:Missing atom CD in residue GLN B 18
2024-02-28 14:07:18,536 WARNING:biomolecule.py:157:num_missing_heavy:Missing atom OE1 in residue GLN B 18
2024-02-28 14:07:18,536 WARNING:biomolecule.py:157:num_missing_heavy:Missing atom NE2 in residue GLN B 18
2024-02-28 14:07:18,536 WARNING:biomolecule.py:157:num_missing_heavy:Missing atom CG in residue GLU B 21
2024-02-28 14:07:18,536 WARNING:biomolecule.py:157:num_missing_heavy:Missing atom CD in residue GLU B 21
2024-02-28 14:07:18,536 WARNING:biomolecule.py:157:num_missing_heavy:Missing atom OE1 in residue GLU B 21
2024-02-28 14:07:18,536 WARNING:biomolecule.py:157:num_missing_heavy:Missing atom OE2 in residue GLU B 21
2024-02-28 14:07:18,536 WARNING:biomolecule.py:157:num_missing_heavy:Missing atom CG in residue LYS B 41
2024-02-28 14:07:18,537 WARNING:biomolecule.py:157:num_missing_heavy:Missing atom CD in residue LYS B 41
2024-02-28 14:07:18,537 WARNING:biomolecule.py:157:num_missing_heavy:Missing atom CE in residue LYS B 41
2024-02-28 14:07:18,537 WARNING:biomolecule.py:157:num_missing_heavy:Missing atom NZ in residue LYS B 41
2024-02-28 14:07:18,537 WARNING:biomolecule.py:157:num_missing_heavy:Missing atom CG in residue LYS B 43
2024-02-28 14:07:18,537 WARNING:biomolecule.py:157:num_missing_heavy:Missing atom CD in residue LYS B 43
2024-02-28 14:07:18,537 WARNING:biomolecule.py:157:num_missing_heavy:Missing atom CE in residue LYS B 43
2024-02-28 14:07:18,537 WARNING:biomolecule.py:157:num_missing_heavy:Missing atom NZ in residue LYS B 43
2024-02-28 14:07:18,537 WARNING:biomolecule.py:157:num_missing_heavy:Missing atom CG in residue LYS B 45
2024-02-28 14:07:18,537 WARNING:biomolecule.py:157:num_missing_heavy:Missing atom CD in residue LYS B 45
2024-02-28 14:07:18,537 WARNING:biomolecule.py:157:num_missing_heavy:Missing atom CE in residue LYS B 45
2024-02-28 14:07:18,537 WARNING:biomolecule.py:157:num_missing_heavy:Missing atom NZ in residue LYS B 45
2024-02-28 14:07:18,537 WARNING:biomolecule.py:157:num_missing_heavy:Missing atom CG in residue ARG B 57
2024-02-28 14:07:18,537 WARNING:biomolecule.py:157:num_missing_heavy:Missing atom CD in residue ARG B 57
2024-02-28 14:07:18,537 WARNING:biomolecule.py:157:num_missing_heavy:Missing atom NE in residue ARG B 57
2024-02-28 14:07:18,537 WARNING:biomolecule.py:157:num_missing_heavy:Missing atom CZ in residue ARG B 57
2024-02-28 14:07:18,537 WARNING:biomolecule.py:157:num_missing_heavy:Missing atom NH1 in residue ARG B 57
2024-02-28 14:07:18,537 WARNING:biomolecule.py:157:num_missing_heavy:Missing atom NH2 in residue ARG B 57
2024-02-28 14:07:18,538 WARNING:biomolecule.py:157:num_missing_heavy:Missing atom CG in residue LYS B 70
2024-02-28 14:07:18,538 WARNING:biomolecule.py:157:num_missing_heavy:Missing atom CD in residue LYS B 70
2024-02-28 14:07:18,538 WARNING:biomolecule.py:157:num_missing_heavy:Missing atom CE in residue LYS B 70
2024-02-28 14:07:18,538 WARNING:biomolecule.py:157:num_missing_heavy:Missing atom NZ in residue LYS B 70
2024-02-28 14:07:20,342 WARNING:main.py:311:print_pqr:Ignoring 2930 header lines in output.
2024-02-28 14:07:20,342 WARNING:main.py:315:print_pqr:Ignoring 66 missing lines in output.
