2024-02-28 14:07:17,840 WARNING:biomolecule.py:992:create_residue:Unable to find amino or nucleic acid definition for PD1.  Parsing as new residue.
2024-02-28 14:07:17,865 WARNING:biomolecule.py:992:create_residue:Unable to find amino or nucleic acid definition for PD1.  Parsing as new residue.
2024-02-28 14:07:17,940 WARNING:biomolecule.py:615:update_bonds:Gap in backbone detected between GLY A 485 and GLN A 491!
2024-02-28 14:07:18,356 WARNING:biomolecule.py:615:update_bonds:Gap in backbone detected between LEU A 500 and PRO A 505!
2024-02-28 14:07:18,357 WARNING:biomolecule.py:615:update_bonds:Gap in backbone detected between PRO A 579 and GLN A 594!
2024-02-28 14:07:18,357 WARNING:biomolecule.py:615:update_bonds:Gap in backbone detected between ALA A 645 and ASP A 647!
2024-02-28 14:07:18,357 WARNING:biomolecule.py:615:update_bonds:Gap in backbone detected between THR A 657 and ASN A 659!
2024-02-28 14:07:18,358 WARNING:biomolecule.py:615:update_bonds:Gap in backbone detected between LEU B 500 and PRO B 505!
2024-02-28 14:07:18,359 WARNING:biomolecule.py:615:update_bonds:Gap in backbone detected between ARG B 577 and GLN B 594!
2024-02-28 14:07:18,360 WARNING:biomolecule.py:615:update_bonds:Gap in backbone detected between ALA B 645 and ASP B 652!
2024-02-28 14:07:18,360 WARNING:biomolecule.py:615:update_bonds:Gap in backbone detected between LYS B 656 and GLY B 660!
2024-02-28 14:07:18,379 WARNING:biomolecule.py:157:num_missing_heavy:Missing atom CG in residue GLU A 464
2024-02-28 14:07:18,379 WARNING:biomolecule.py:157:num_missing_heavy:Missing atom CD in residue GLU A 464
2024-02-28 14:07:18,379 WARNING:biomolecule.py:157:num_missing_heavy:Missing atom OE1 in residue GLU A 464
2024-02-28 14:07:18,379 WARNING:biomolecule.py:157:num_missing_heavy:Missing atom OE2 in residue GLU A 464
2024-02-28 14:07:18,379 WARNING:biomolecule.py:157:num_missing_heavy:Missing atom CG in residue GLN A 491
2024-02-28 14:07:18,379 WARNING:biomolecule.py:157:num_missing_heavy:Missing atom CD in residue GLN A 491
2024-02-28 14:07:18,379 WARNING:biomolecule.py:157:num_missing_heavy:Missing atom OE1 in residue GLN A 491
2024-02-28 14:07:18,380 WARNING:biomolecule.py:157:num_missing_heavy:Missing atom NE2 in residue GLN A 491
2024-02-28 14:07:18,380 WARNING:biomolecule.py:157:num_missing_heavy:Missing atom OG in residue SER A 518
2024-02-28 14:07:18,380 WARNING:biomolecule.py:157:num_missing_heavy:Missing atom CG in residue ASP A 519
2024-02-28 14:07:18,380 WARNING:biomolecule.py:157:num_missing_heavy:Missing atom OD1 in residue ASP A 519
2024-02-28 14:07:18,380 WARNING:biomolecule.py:157:num_missing_heavy:Missing atom OD2 in residue ASP A 519
2024-02-28 14:07:18,380 WARNING:biomolecule.py:157:num_missing_heavy:Missing atom CG in residue GLU A 522
2024-02-28 14:07:18,380 WARNING:biomolecule.py:157:num_missing_heavy:Missing atom CD in residue GLU A 522
2024-02-28 14:07:18,380 WARNING:biomolecule.py:157:num_missing_heavy:Missing atom OE1 in residue GLU A 522
2024-02-28 14:07:18,380 WARNING:biomolecule.py:157:num_missing_heavy:Missing atom OE2 in residue GLU A 522
2024-02-28 14:07:18,381 WARNING:biomolecule.py:157:num_missing_heavy:Missing atom CG in residue GLU A 707
2024-02-28 14:07:18,381 WARNING:biomolecule.py:157:num_missing_heavy:Missing atom CD in residue GLU A 707
2024-02-28 14:07:18,381 WARNING:biomolecule.py:157:num_missing_heavy:Missing atom OE1 in residue GLU A 707
2024-02-28 14:07:18,381 WARNING:biomolecule.py:157:num_missing_heavy:Missing atom OE2 in residue GLU A 707
2024-02-28 14:07:18,381 WARNING:biomolecule.py:157:num_missing_heavy:Missing atom OXT in residue SER A 762
2024-02-28 14:07:18,381 WARNING:biomolecule.py:157:num_missing_heavy:Missing atom CG in residue GLU B 462
2024-02-28 14:07:18,381 WARNING:biomolecule.py:157:num_missing_heavy:Missing atom CD in residue GLU B 462
2024-02-28 14:07:18,381 WARNING:biomolecule.py:157:num_missing_heavy:Missing atom OE1 in residue GLU B 462
2024-02-28 14:07:18,381 WARNING:biomolecule.py:157:num_missing_heavy:Missing atom OE2 in residue GLU B 462
2024-02-28 14:07:18,381 WARNING:biomolecule.py:157:num_missing_heavy:Missing atom CG in residue LYS B 482
2024-02-28 14:07:18,381 WARNING:biomolecule.py:157:num_missing_heavy:Missing atom CD in residue LYS B 482
2024-02-28 14:07:18,381 WARNING:biomolecule.py:157:num_missing_heavy:Missing atom CE in residue LYS B 482
2024-02-28 14:07:18,381 WARNING:biomolecule.py:157:num_missing_heavy:Missing atom NZ in residue LYS B 482
2024-02-28 14:07:18,381 WARNING:biomolecule.py:157:num_missing_heavy:Missing atom CG in residue GLU B 486
2024-02-28 14:07:18,381 WARNING:biomolecule.py:157:num_missing_heavy:Missing atom CD in residue GLU B 486
2024-02-28 14:07:18,382 WARNING:biomolecule.py:157:num_missing_heavy:Missing atom OE1 in residue GLU B 486
2024-02-28 14:07:18,382 WARNING:biomolecule.py:157:num_missing_heavy:Missing atom OE2 in residue GLU B 486
2024-02-28 14:07:18,382 WARNING:biomolecule.py:157:num_missing_heavy:Missing atom CG in residue ASN B 506
2024-02-28 14:07:18,382 WARNING:biomolecule.py:157:num_missing_heavy:Missing atom OD1 in residue ASN B 506
2024-02-28 14:07:18,382 WARNING:biomolecule.py:157:num_missing_heavy:Missing atom ND2 in residue ASN B 506
2024-02-28 14:07:18,382 WARNING:biomolecule.py:157:num_missing_heavy:Missing atom CG in residue ARG B 507
2024-02-28 14:07:18,382 WARNING:biomolecule.py:157:num_missing_heavy:Missing atom CD in residue ARG B 507
2024-02-28 14:07:18,382 WARNING:biomolecule.py:157:num_missing_heavy:Missing atom NE in residue ARG B 507
2024-02-28 14:07:18,382 WARNING:biomolecule.py:157:num_missing_heavy:Missing atom CZ in residue ARG B 507
2024-02-28 14:07:18,382 WARNING:biomolecule.py:157:num_missing_heavy:Missing atom NH1 in residue ARG B 507
2024-02-28 14:07:18,382 WARNING:biomolecule.py:157:num_missing_heavy:Missing atom NH2 in residue ARG B 507
2024-02-28 14:07:18,382 WARNING:biomolecule.py:157:num_missing_heavy:Missing atom CG in residue LYS B 542
2024-02-28 14:07:18,382 WARNING:biomolecule.py:157:num_missing_heavy:Missing atom CD in residue LYS B 542
2024-02-28 14:07:18,382 WARNING:biomolecule.py:157:num_missing_heavy:Missing atom CE in residue LYS B 542
2024-02-28 14:07:18,382 WARNING:biomolecule.py:157:num_missing_heavy:Missing atom NZ in residue LYS B 542
2024-02-28 14:07:18,382 WARNING:biomolecule.py:157:num_missing_heavy:Missing atom CG in residue GLN B 594
2024-02-28 14:07:18,382 WARNING:biomolecule.py:157:num_missing_heavy:Missing atom CD in residue GLN B 594
2024-02-28 14:07:18,382 WARNING:biomolecule.py:157:num_missing_heavy:Missing atom OE1 in residue GLN B 594
2024-02-28 14:07:18,382 WARNING:biomolecule.py:157:num_missing_heavy:Missing atom NE2 in residue GLN B 594
2024-02-28 14:07:18,383 WARNING:biomolecule.py:157:num_missing_heavy:Missing atom CG in residue GLU B 707
2024-02-28 14:07:18,383 WARNING:biomolecule.py:157:num_missing_heavy:Missing atom CD in residue GLU B 707
2024-02-28 14:07:18,383 WARNING:biomolecule.py:157:num_missing_heavy:Missing atom OE1 in residue GLU B 707
2024-02-28 14:07:18,383 WARNING:biomolecule.py:157:num_missing_heavy:Missing atom OE2 in residue GLU B 707
2024-02-28 14:07:18,383 WARNING:biomolecule.py:157:num_missing_heavy:Missing atom OXT in residue THR B 761
2024-02-28 14:07:18,383 WARNING:biomolecule.py:157:num_missing_heavy:Missing atom CG in residue GLU A 464
2024-02-28 14:07:18,383 WARNING:biomolecule.py:157:num_missing_heavy:Missing atom CD in residue GLU A 464
2024-02-28 14:07:18,383 WARNING:biomolecule.py:157:num_missing_heavy:Missing atom OE1 in residue GLU A 464
2024-02-28 14:07:18,383 WARNING:biomolecule.py:157:num_missing_heavy:Missing atom OE2 in residue GLU A 464
2024-02-28 14:07:18,384 WARNING:biomolecule.py:157:num_missing_heavy:Missing atom CG in residue GLN A 491
2024-02-28 14:07:18,384 WARNING:biomolecule.py:157:num_missing_heavy:Missing atom CD in residue GLN A 491
2024-02-28 14:07:18,384 WARNING:biomolecule.py:157:num_missing_heavy:Missing atom OE1 in residue GLN A 491
2024-02-28 14:07:18,384 WARNING:biomolecule.py:157:num_missing_heavy:Missing atom NE2 in residue GLN A 491
2024-02-28 14:07:18,384 WARNING:biomolecule.py:157:num_missing_heavy:Missing atom OG in residue SER A 518
2024-02-28 14:07:18,384 WARNING:biomolecule.py:157:num_missing_heavy:Missing atom CG in residue ASP A 519
2024-02-28 14:07:18,384 WARNING:biomolecule.py:157:num_missing_heavy:Missing atom OD1 in residue ASP A 519
2024-02-28 14:07:18,384 WARNING:biomolecule.py:157:num_missing_heavy:Missing atom OD2 in residue ASP A 519
2024-02-28 14:07:18,384 WARNING:biomolecule.py:157:num_missing_heavy:Missing atom CG in residue GLU A 522
2024-02-28 14:07:18,384 WARNING:biomolecule.py:157:num_missing_heavy:Missing atom CD in residue GLU A 522
2024-02-28 14:07:18,384 WARNING:biomolecule.py:157:num_missing_heavy:Missing atom OE1 in residue GLU A 522
2024-02-28 14:07:18,384 WARNING:biomolecule.py:157:num_missing_heavy:Missing atom OE2 in residue GLU A 522
2024-02-28 14:07:18,385 WARNING:biomolecule.py:157:num_missing_heavy:Missing atom CG in residue GLU A 707
2024-02-28 14:07:18,385 WARNING:biomolecule.py:157:num_missing_heavy:Missing atom CD in residue GLU A 707
2024-02-28 14:07:18,385 WARNING:biomolecule.py:157:num_missing_heavy:Missing atom OE1 in residue GLU A 707
2024-02-28 14:07:18,385 WARNING:biomolecule.py:157:num_missing_heavy:Missing atom OE2 in residue GLU A 707
2024-02-28 14:07:18,413 WARNING:biomolecule.py:157:num_missing_heavy:Missing atom OXT in residue SER A 762
2024-02-28 14:07:18,413 WARNING:biomolecule.py:157:num_missing_heavy:Missing atom CG in residue GLU B 462
2024-02-28 14:07:18,413 WARNING:biomolecule.py:157:num_missing_heavy:Missing atom CD in residue GLU B 462
2024-02-28 14:07:18,413 WARNING:biomolecule.py:157:num_missing_heavy:Missing atom OE1 in residue GLU B 462
2024-02-28 14:07:18,413 WARNING:biomolecule.py:157:num_missing_heavy:Missing atom OE2 in residue GLU B 462
2024-02-28 14:07:18,413 WARNING:biomolecule.py:157:num_missing_heavy:Missing atom CG in residue LYS B 482
2024-02-28 14:07:18,413 WARNING:biomolecule.py:157:num_missing_heavy:Missing atom CD in residue LYS B 482
2024-02-28 14:07:18,413 WARNING:biomolecule.py:157:num_missing_heavy:Missing atom CE in residue LYS B 482
2024-02-28 14:07:18,413 WARNING:biomolecule.py:157:num_missing_heavy:Missing atom NZ in residue LYS B 482
2024-02-28 14:07:18,414 WARNING:biomolecule.py:157:num_missing_heavy:Missing atom CG in residue GLU B 486
2024-02-28 14:07:18,414 WARNING:biomolecule.py:157:num_missing_heavy:Missing atom CD in residue GLU B 486
2024-02-28 14:07:18,414 WARNING:biomolecule.py:157:num_missing_heavy:Missing atom OE1 in residue GLU B 486
2024-02-28 14:07:18,414 WARNING:biomolecule.py:157:num_missing_heavy:Missing atom OE2 in residue GLU B 486
2024-02-28 14:07:18,414 WARNING:biomolecule.py:157:num_missing_heavy:Missing atom CG in residue ASN B 506
2024-02-28 14:07:18,414 WARNING:biomolecule.py:157:num_missing_heavy:Missing atom OD1 in residue ASN B 506
2024-02-28 14:07:18,414 WARNING:biomolecule.py:157:num_missing_heavy:Missing atom ND2 in residue ASN B 506
2024-02-28 14:07:18,414 WARNING:biomolecule.py:157:num_missing_heavy:Missing atom CG in residue ARG B 507
2024-02-28 14:07:18,414 WARNING:biomolecule.py:157:num_missing_heavy:Missing atom CD in residue ARG B 507
2024-02-28 14:07:18,414 WARNING:biomolecule.py:157:num_missing_heavy:Missing atom NE in residue ARG B 507
2024-02-28 14:07:18,414 WARNING:biomolecule.py:157:num_missing_heavy:Missing atom CZ in residue ARG B 507
2024-02-28 14:07:18,414 WARNING:biomolecule.py:157:num_missing_heavy:Missing atom NH1 in residue ARG B 507
2024-02-28 14:07:18,414 WARNING:biomolecule.py:157:num_missing_heavy:Missing atom NH2 in residue ARG B 507
2024-02-28 14:07:18,414 WARNING:biomolecule.py:157:num_missing_heavy:Missing atom CG in residue LYS B 542
2024-02-28 14:07:18,414 WARNING:biomolecule.py:157:num_missing_heavy:Missing atom CD in residue LYS B 542
2024-02-28 14:07:18,414 WARNING:biomolecule.py:157:num_missing_heavy:Missing atom CE in residue LYS B 542
2024-02-28 14:07:18,414 WARNING:biomolecule.py:157:num_missing_heavy:Missing atom NZ in residue LYS B 542
2024-02-28 14:07:18,414 WARNING:biomolecule.py:157:num_missing_heavy:Missing atom CG in residue GLN B 594
2024-02-28 14:07:18,414 WARNING:biomolecule.py:157:num_missing_heavy:Missing atom CD in residue GLN B 594
2024-02-28 14:07:18,415 WARNING:biomolecule.py:157:num_missing_heavy:Missing atom OE1 in residue GLN B 594
2024-02-28 14:07:18,415 WARNING:biomolecule.py:157:num_missing_heavy:Missing atom NE2 in residue GLN B 594
2024-02-28 14:07:18,415 WARNING:biomolecule.py:157:num_missing_heavy:Missing atom CG in residue GLU B 707
2024-02-28 14:07:18,415 WARNING:biomolecule.py:157:num_missing_heavy:Missing atom CD in residue GLU B 707
2024-02-28 14:07:18,415 WARNING:biomolecule.py:157:num_missing_heavy:Missing atom OE1 in residue GLU B 707
2024-02-28 14:07:18,415 WARNING:biomolecule.py:157:num_missing_heavy:Missing atom OE2 in residue GLU B 707
2024-02-28 14:07:18,415 WARNING:biomolecule.py:157:num_missing_heavy:Missing atom OXT in residue THR B 761
2024-02-28 14:07:18,415 WARNING:biomolecule.py:157:num_missing_heavy:Missing atom CG in residue GLU A 464
2024-02-28 14:07:18,415 WARNING:biomolecule.py:157:num_missing_heavy:Missing atom CD in residue GLU A 464
2024-02-28 14:07:18,415 WARNING:biomolecule.py:157:num_missing_heavy:Missing atom OE1 in residue GLU A 464
2024-02-28 14:07:18,415 WARNING:biomolecule.py:157:num_missing_heavy:Missing atom OE2 in residue GLU A 464
2024-02-28 14:07:18,416 WARNING:biomolecule.py:157:num_missing_heavy:Missing atom CG in residue GLN A 491
2024-02-28 14:07:18,416 WARNING:biomolecule.py:157:num_missing_heavy:Missing atom CD in residue GLN A 491
2024-02-28 14:07:18,416 WARNING:biomolecule.py:157:num_missing_heavy:Missing atom OE1 in residue GLN A 491
2024-02-28 14:07:18,416 WARNING:biomolecule.py:157:num_missing_heavy:Missing atom NE2 in residue GLN A 491
2024-02-28 14:07:18,416 WARNING:biomolecule.py:157:num_missing_heavy:Missing atom OG in residue SER A 518
2024-02-28 14:07:18,416 WARNING:biomolecule.py:157:num_missing_heavy:Missing atom CG in residue ASP A 519
2024-02-28 14:07:18,416 WARNING:biomolecule.py:157:num_missing_heavy:Missing atom OD1 in residue ASP A 519
2024-02-28 14:07:18,416 WARNING:biomolecule.py:157:num_missing_heavy:Missing atom OD2 in residue ASP A 519
2024-02-28 14:07:18,416 WARNING:biomolecule.py:157:num_missing_heavy:Missing atom CG in residue GLU A 522
2024-02-28 14:07:18,416 WARNING:biomolecule.py:157:num_missing_heavy:Missing atom CD in residue GLU A 522
2024-02-28 14:07:18,416 WARNING:biomolecule.py:157:num_missing_heavy:Missing atom OE1 in residue GLU A 522
2024-02-28 14:07:18,416 WARNING:biomolecule.py:157:num_missing_heavy:Missing atom OE2 in residue GLU A 522
2024-02-28 14:07:18,417 WARNING:biomolecule.py:157:num_missing_heavy:Missing atom CG in residue GLU A 707
2024-02-28 14:07:18,417 WARNING:biomolecule.py:157:num_missing_heavy:Missing atom CD in residue GLU A 707
2024-02-28 14:07:18,417 WARNING:biomolecule.py:157:num_missing_heavy:Missing atom OE1 in residue GLU A 707
2024-02-28 14:07:18,417 WARNING:biomolecule.py:157:num_missing_heavy:Missing atom OE2 in residue GLU A 707
2024-02-28 14:07:18,417 WARNING:biomolecule.py:157:num_missing_heavy:Missing atom OXT in residue SER A 762
2024-02-28 14:07:18,417 WARNING:biomolecule.py:157:num_missing_heavy:Missing atom CG in residue GLU B 462
2024-02-28 14:07:18,417 WARNING:biomolecule.py:157:num_missing_heavy:Missing atom CD in residue GLU B 462
2024-02-28 14:07:18,417 WARNING:biomolecule.py:157:num_missing_heavy:Missing atom OE1 in residue GLU B 462
2024-02-28 14:07:18,417 WARNING:biomolecule.py:157:num_missing_heavy:Missing atom OE2 in residue GLU B 462
2024-02-28 14:07:18,417 WARNING:biomolecule.py:157:num_missing_heavy:Missing atom CG in residue LYS B 482
2024-02-28 14:07:18,417 WARNING:biomolecule.py:157:num_missing_heavy:Missing atom CD in residue LYS B 482
2024-02-28 14:07:18,417 WARNING:biomolecule.py:157:num_missing_heavy:Missing atom CE in residue LYS B 482
2024-02-28 14:07:18,417 WARNING:biomolecule.py:157:num_missing_heavy:Missing atom NZ in residue LYS B 482
2024-02-28 14:07:18,417 WARNING:biomolecule.py:157:num_missing_heavy:Missing atom CG in residue GLU B 486
2024-02-28 14:07:18,417 WARNING:biomolecule.py:157:num_missing_heavy:Missing atom CD in residue GLU B 486
2024-02-28 14:07:18,417 WARNING:biomolecule.py:157:num_missing_heavy:Missing atom OE1 in residue GLU B 486
2024-02-28 14:07:18,418 WARNING:biomolecule.py:157:num_missing_heavy:Missing atom OE2 in residue GLU B 486
2024-02-28 14:07:18,418 WARNING:biomolecule.py:157:num_missing_heavy:Missing atom CG in residue ASN B 506
2024-02-28 14:07:18,418 WARNING:biomolecule.py:157:num_missing_heavy:Missing atom OD1 in residue ASN B 506
2024-02-28 14:07:18,418 WARNING:biomolecule.py:157:num_missing_heavy:Missing atom ND2 in residue ASN B 506
2024-02-28 14:07:18,418 WARNING:biomolecule.py:157:num_missing_heavy:Missing atom CG in residue ARG B 507
2024-02-28 14:07:18,418 WARNING:biomolecule.py:157:num_missing_heavy:Missing atom CD in residue ARG B 507
2024-02-28 14:07:18,418 WARNING:biomolecule.py:157:num_missing_heavy:Missing atom NE in residue ARG B 507
2024-02-28 14:07:18,418 WARNING:biomolecule.py:157:num_missing_heavy:Missing atom CZ in residue ARG B 507
2024-02-28 14:07:18,418 WARNING:biomolecule.py:157:num_missing_heavy:Missing atom NH1 in residue ARG B 507
2024-02-28 14:07:18,418 WARNING:biomolecule.py:157:num_missing_heavy:Missing atom NH2 in residue ARG B 507
2024-02-28 14:07:18,418 WARNING:biomolecule.py:157:num_missing_heavy:Missing atom CG in residue LYS B 542
2024-02-28 14:07:18,418 WARNING:biomolecule.py:157:num_missing_heavy:Missing atom CD in residue LYS B 542
2024-02-28 14:07:18,418 WARNING:biomolecule.py:157:num_missing_heavy:Missing atom CE in residue LYS B 542
2024-02-28 14:07:18,418 WARNING:biomolecule.py:157:num_missing_heavy:Missing atom NZ in residue LYS B 542
2024-02-28 14:07:18,418 WARNING:biomolecule.py:157:num_missing_heavy:Missing atom CG in residue GLN B 594
2024-02-28 14:07:18,418 WARNING:biomolecule.py:157:num_missing_heavy:Missing atom CD in residue GLN B 594
2024-02-28 14:07:18,418 WARNING:biomolecule.py:157:num_missing_heavy:Missing atom OE1 in residue GLN B 594
2024-02-28 14:07:18,418 WARNING:biomolecule.py:157:num_missing_heavy:Missing atom NE2 in residue GLN B 594
2024-02-28 14:07:18,419 WARNING:biomolecule.py:157:num_missing_heavy:Missing atom CG in residue GLU B 707
2024-02-28 14:07:18,419 WARNING:biomolecule.py:157:num_missing_heavy:Missing atom CD in residue GLU B 707
2024-02-28 14:07:18,419 WARNING:biomolecule.py:157:num_missing_heavy:Missing atom OE1 in residue GLU B 707
2024-02-28 14:07:18,419 WARNING:biomolecule.py:157:num_missing_heavy:Missing atom OE2 in residue GLU B 707
2024-02-28 14:07:18,419 WARNING:biomolecule.py:157:num_missing_heavy:Missing atom OXT in residue THR B 761
2024-02-28 14:07:22,777 WARNING:main.py:311:print_pqr:Ignoring 3381 header lines in output.
2024-02-28 14:07:22,778 WARNING:main.py:315:print_pqr:Ignoring 76 missing lines in output.
