2024-02-28 14:07:19,737 WARNING:biomolecule.py:992:create_residue:Unable to find amino or nucleic acid definition for SO4.  Parsing as new residue.
2024-02-28 14:07:19,769 WARNING:biomolecule.py:992:create_residue:Unable to find amino or nucleic acid definition for 6NP.  Parsing as new residue.
2024-02-28 14:07:19,871 WARNING:biomolecule.py:157:num_missing_heavy:Missing atom CG in residue LEU A 171
2024-02-28 14:07:19,871 WARNING:biomolecule.py:157:num_missing_heavy:Missing atom CD1 in residue LEU A 171
2024-02-28 14:07:19,871 WARNING:biomolecule.py:157:num_missing_heavy:Missing atom CD2 in residue LEU A 171
2024-02-28 14:07:19,872 WARNING:biomolecule.py:157:num_missing_heavy:Missing atom CG in residue ARG A 173
2024-02-28 14:07:19,872 WARNING:biomolecule.py:157:num_missing_heavy:Missing atom CD in residue ARG A 173
2024-02-28 14:07:19,872 WARNING:biomolecule.py:157:num_missing_heavy:Missing atom NE in residue ARG A 173
2024-02-28 14:07:19,872 WARNING:biomolecule.py:157:num_missing_heavy:Missing atom CZ in residue ARG A 173
2024-02-28 14:07:19,872 WARNING:biomolecule.py:157:num_missing_heavy:Missing atom NH1 in residue ARG A 173
2024-02-28 14:07:19,872 WARNING:biomolecule.py:157:num_missing_heavy:Missing atom NH2 in residue ARG A 173
2024-02-28 14:07:19,872 WARNING:biomolecule.py:157:num_missing_heavy:Missing atom OXT in residue PRO A 352
2024-02-28 14:07:19,873 WARNING:biomolecule.py:157:num_missing_heavy:Missing atom CG in residue LEU A 171
2024-02-28 14:07:19,873 WARNING:biomolecule.py:157:num_missing_heavy:Missing atom CD1 in residue LEU A 171
2024-02-28 14:07:19,873 WARNING:biomolecule.py:157:num_missing_heavy:Missing atom CD2 in residue LEU A 171
2024-02-28 14:07:19,873 WARNING:biomolecule.py:157:num_missing_heavy:Missing atom CG in residue ARG A 173
2024-02-28 14:07:19,873 WARNING:biomolecule.py:157:num_missing_heavy:Missing atom CD in residue ARG A 173
2024-02-28 14:07:19,873 WARNING:biomolecule.py:157:num_missing_heavy:Missing atom NE in residue ARG A 173
2024-02-28 14:07:19,873 WARNING:biomolecule.py:157:num_missing_heavy:Missing atom CZ in residue ARG A 173
2024-02-28 14:07:19,873 WARNING:biomolecule.py:157:num_missing_heavy:Missing atom NH1 in residue ARG A 173
2024-02-28 14:07:19,873 WARNING:biomolecule.py:157:num_missing_heavy:Missing atom NH2 in residue ARG A 173
2024-02-28 14:07:19,874 WARNING:biomolecule.py:157:num_missing_heavy:Missing atom OXT in residue PRO A 352
2024-02-28 14:07:19,875 WARNING:biomolecule.py:157:num_missing_heavy:Missing atom CG in residue LEU A 171
2024-02-28 14:07:19,875 WARNING:biomolecule.py:157:num_missing_heavy:Missing atom CD1 in residue LEU A 171
2024-02-28 14:07:19,875 WARNING:biomolecule.py:157:num_missing_heavy:Missing atom CD2 in residue LEU A 171
2024-02-28 14:07:19,875 WARNING:biomolecule.py:157:num_missing_heavy:Missing atom CG in residue ARG A 173
2024-02-28 14:07:19,875 WARNING:biomolecule.py:157:num_missing_heavy:Missing atom CD in residue ARG A 173
2024-02-28 14:07:19,875 WARNING:biomolecule.py:157:num_missing_heavy:Missing atom NE in residue ARG A 173
2024-02-28 14:07:19,875 WARNING:biomolecule.py:157:num_missing_heavy:Missing atom CZ in residue ARG A 173
2024-02-28 14:07:19,875 WARNING:biomolecule.py:157:num_missing_heavy:Missing atom NH1 in residue ARG A 173
2024-02-28 14:07:19,875 WARNING:biomolecule.py:157:num_missing_heavy:Missing atom NH2 in residue ARG A 173
2024-02-28 14:07:19,876 WARNING:biomolecule.py:157:num_missing_heavy:Missing atom OXT in residue PRO A 352
2024-02-28 14:07:23,073 WARNING:main.py:311:print_pqr:Ignoring 2099 header lines in output.
2024-02-28 14:07:23,073 WARNING:main.py:315:print_pqr:Ignoring 40 missing lines in output.
