2024-02-28 14:07:13,887 WARNING:biomolecule.py:992:create_residue:Unable to find amino or nucleic acid definition for GYP.  Parsing as new residue.
2024-02-28 14:07:13,887 WARNING:biomolecule.py:992:create_residue:Unable to find amino or nucleic acid definition for GYP.  Parsing as new residue.
2024-02-28 14:07:13,887 WARNING:biomolecule.py:992:create_residue:Unable to find amino or nucleic acid definition for AMG.  Parsing as new residue.
2024-02-28 14:07:13,888 WARNING:biomolecule.py:992:create_residue:Unable to find amino or nucleic acid definition for GYP.  Parsing as new residue.
2024-02-28 14:07:13,914 WARNING:biomolecule.py:157:num_missing_heavy:Missing atom CG in residue GLN B 3
2024-02-28 14:07:13,914 WARNING:biomolecule.py:157:num_missing_heavy:Missing atom CD in residue GLN B 3
2024-02-28 14:07:13,914 WARNING:biomolecule.py:157:num_missing_heavy:Missing atom OE1 in residue GLN B 3
2024-02-28 14:07:13,914 WARNING:biomolecule.py:157:num_missing_heavy:Missing atom NE2 in residue GLN B 3
2024-02-28 14:07:13,914 WARNING:biomolecule.py:157:num_missing_heavy:Missing atom OXT in residue LYS B 18
2024-02-28 14:07:13,915 WARNING:biomolecule.py:157:num_missing_heavy:Missing atom CG in residue GLN D 3
2024-02-28 14:07:13,915 WARNING:biomolecule.py:157:num_missing_heavy:Missing atom CD in residue GLN D 3
2024-02-28 14:07:13,915 WARNING:biomolecule.py:157:num_missing_heavy:Missing atom OE1 in residue GLN D 3
2024-02-28 14:07:13,915 WARNING:biomolecule.py:157:num_missing_heavy:Missing atom NE2 in residue GLN D 3
2024-02-28 14:07:13,915 WARNING:biomolecule.py:157:num_missing_heavy:Missing atom OXT in residue LYS D 18
2024-02-28 14:07:13,916 WARNING:biomolecule.py:157:num_missing_heavy:Missing atom CG in residue GLN F 3
2024-02-28 14:07:13,916 WARNING:biomolecule.py:157:num_missing_heavy:Missing atom CD in residue GLN F 3
2024-02-28 14:07:13,916 WARNING:biomolecule.py:157:num_missing_heavy:Missing atom OE1 in residue GLN F 3
2024-02-28 14:07:13,916 WARNING:biomolecule.py:157:num_missing_heavy:Missing atom NE2 in residue GLN F 3
2024-02-28 14:07:13,917 WARNING:biomolecule.py:157:num_missing_heavy:Missing atom CG in residue GLN H 3
2024-02-28 14:07:13,917 WARNING:biomolecule.py:157:num_missing_heavy:Missing atom CD in residue GLN H 3
2024-02-28 14:07:13,917 WARNING:biomolecule.py:157:num_missing_heavy:Missing atom OE1 in residue GLN H 3
2024-02-28 14:07:13,917 WARNING:biomolecule.py:157:num_missing_heavy:Missing atom NE2 in residue GLN H 3
2024-02-28 14:07:13,918 WARNING:biomolecule.py:157:num_missing_heavy:Missing atom OXT in residue LYS H 18
2024-02-28 14:07:13,918 WARNING:biomolecule.py:157:num_missing_heavy:Missing atom CG in residue GLN B 3
2024-02-28 14:07:13,918 WARNING:biomolecule.py:157:num_missing_heavy:Missing atom CD in residue GLN B 3
2024-02-28 14:07:13,918 WARNING:biomolecule.py:157:num_missing_heavy:Missing atom OE1 in residue GLN B 3
2024-02-28 14:07:13,919 WARNING:biomolecule.py:157:num_missing_heavy:Missing atom NE2 in residue GLN B 3
2024-02-28 14:07:13,919 WARNING:biomolecule.py:157:num_missing_heavy:Missing atom OXT in residue LYS B 18
2024-02-28 14:07:13,919 WARNING:biomolecule.py:157:num_missing_heavy:Missing atom CG in residue GLN D 3
2024-02-28 14:07:13,919 WARNING:biomolecule.py:157:num_missing_heavy:Missing atom CD in residue GLN D 3
2024-02-28 14:07:13,919 WARNING:biomolecule.py:157:num_missing_heavy:Missing atom OE1 in residue GLN D 3
2024-02-28 14:07:13,920 WARNING:biomolecule.py:157:num_missing_heavy:Missing atom NE2 in residue GLN D 3
2024-02-28 14:07:13,920 WARNING:biomolecule.py:157:num_missing_heavy:Missing atom OXT in residue LYS D 18
2024-02-28 14:07:13,920 WARNING:biomolecule.py:157:num_missing_heavy:Missing atom CG in residue GLN F 3
2024-02-28 14:07:13,920 WARNING:biomolecule.py:157:num_missing_heavy:Missing atom CD in residue GLN F 3
2024-02-28 14:07:13,920 WARNING:biomolecule.py:157:num_missing_heavy:Missing atom OE1 in residue GLN F 3
2024-02-28 14:07:13,921 WARNING:biomolecule.py:157:num_missing_heavy:Missing atom NE2 in residue GLN F 3
2024-02-28 14:07:13,921 WARNING:biomolecule.py:157:num_missing_heavy:Missing atom CG in residue GLN H 3
2024-02-28 14:07:13,921 WARNING:biomolecule.py:157:num_missing_heavy:Missing atom CD in residue GLN H 3
2024-02-28 14:07:13,921 WARNING:biomolecule.py:157:num_missing_heavy:Missing atom OE1 in residue GLN H 3
2024-02-28 14:07:13,921 WARNING:biomolecule.py:157:num_missing_heavy:Missing atom NE2 in residue GLN H 3
2024-02-28 14:07:13,921 WARNING:biomolecule.py:157:num_missing_heavy:Missing atom OXT in residue LYS H 18
2024-02-28 14:07:13,922 WARNING:biomolecule.py:157:num_missing_heavy:Missing atom CG in residue GLN B 3
2024-02-28 14:07:13,922 WARNING:biomolecule.py:157:num_missing_heavy:Missing atom CD in residue GLN B 3
2024-02-28 14:07:13,922 WARNING:biomolecule.py:157:num_missing_heavy:Missing atom OE1 in residue GLN B 3
2024-02-28 14:07:13,922 WARNING:biomolecule.py:157:num_missing_heavy:Missing atom NE2 in residue GLN B 3
2024-02-28 14:07:13,923 WARNING:biomolecule.py:157:num_missing_heavy:Missing atom OXT in residue LYS B 18
2024-02-28 14:07:13,923 WARNING:biomolecule.py:157:num_missing_heavy:Missing atom CG in residue GLN D 3
2024-02-28 14:07:13,923 WARNING:biomolecule.py:157:num_missing_heavy:Missing atom CD in residue GLN D 3
2024-02-28 14:07:13,923 WARNING:biomolecule.py:157:num_missing_heavy:Missing atom OE1 in residue GLN D 3
2024-02-28 14:07:13,923 WARNING:biomolecule.py:157:num_missing_heavy:Missing atom NE2 in residue GLN D 3
2024-02-28 14:07:13,924 WARNING:biomolecule.py:157:num_missing_heavy:Missing atom OXT in residue LYS D 18
2024-02-28 14:07:13,924 WARNING:biomolecule.py:157:num_missing_heavy:Missing atom CG in residue GLN F 3
2024-02-28 14:07:13,924 WARNING:biomolecule.py:157:num_missing_heavy:Missing atom CD in residue GLN F 3
2024-02-28 14:07:13,924 WARNING:biomolecule.py:157:num_missing_heavy:Missing atom OE1 in residue GLN F 3
2024-02-28 14:07:13,925 WARNING:biomolecule.py:157:num_missing_heavy:Missing atom NE2 in residue GLN F 3
2024-02-28 14:07:13,925 WARNING:biomolecule.py:157:num_missing_heavy:Missing atom CG in residue GLN H 3
2024-02-28 14:07:13,925 WARNING:biomolecule.py:157:num_missing_heavy:Missing atom CD in residue GLN H 3
2024-02-28 14:07:13,925 WARNING:biomolecule.py:157:num_missing_heavy:Missing atom OE1 in residue GLN H 3
2024-02-28 14:07:13,925 WARNING:biomolecule.py:157:num_missing_heavy:Missing atom NE2 in residue GLN H 3
2024-02-28 14:07:13,925 WARNING:biomolecule.py:157:num_missing_heavy:Missing atom OXT in residue LYS H 18
2024-02-28 14:07:15,328 WARNING:main.py:311:print_pqr:Ignoring 2475 header lines in output.
2024-02-28 14:07:15,328 WARNING:main.py:315:print_pqr:Ignoring 52 missing lines in output.
2024-02-28 14:58:36,471 WARNING:biomolecule.py:992:create_residue:Unable to find amino or nucleic acid definition for GYP.  Parsing as new residue.
2024-02-28 14:58:36,471 WARNING:biomolecule.py:992:create_residue:Unable to find amino or nucleic acid definition for GYP.  Parsing as new residue.
2024-02-28 14:58:36,472 WARNING:biomolecule.py:992:create_residue:Unable to find amino or nucleic acid definition for AMG.  Parsing as new residue.
2024-02-28 14:58:36,472 WARNING:biomolecule.py:992:create_residue:Unable to find amino or nucleic acid definition for GYP.  Parsing as new residue.
2024-02-28 14:58:36,519 WARNING:biomolecule.py:157:num_missing_heavy:Missing atom CG in residue GLN B 3
2024-02-28 14:58:36,519 WARNING:biomolecule.py:157:num_missing_heavy:Missing atom CD in residue GLN B 3
2024-02-28 14:58:36,519 WARNING:biomolecule.py:157:num_missing_heavy:Missing atom OE1 in residue GLN B 3
2024-02-28 14:58:36,520 WARNING:biomolecule.py:157:num_missing_heavy:Missing atom NE2 in residue GLN B 3
2024-02-28 14:58:36,520 WARNING:biomolecule.py:157:num_missing_heavy:Missing atom OXT in residue LYS B 18
2024-02-28 14:58:36,520 WARNING:biomolecule.py:157:num_missing_heavy:Missing atom CG in residue GLN D 3
2024-02-28 14:58:36,520 WARNING:biomolecule.py:157:num_missing_heavy:Missing atom CD in residue GLN D 3
2024-02-28 14:58:36,520 WARNING:biomolecule.py:157:num_missing_heavy:Missing atom OE1 in residue GLN D 3
2024-02-28 14:58:36,520 WARNING:biomolecule.py:157:num_missing_heavy:Missing atom NE2 in residue GLN D 3
2024-02-28 14:58:36,520 WARNING:biomolecule.py:157:num_missing_heavy:Missing atom OXT in residue LYS D 18
2024-02-28 14:58:36,527 WARNING:biomolecule.py:157:num_missing_heavy:Missing atom CG in residue GLN F 3
2024-02-28 14:58:36,527 WARNING:biomolecule.py:157:num_missing_heavy:Missing atom CD in residue GLN F 3
2024-02-28 14:58:36,527 WARNING:biomolecule.py:157:num_missing_heavy:Missing atom OE1 in residue GLN F 3
2024-02-28 14:58:36,527 WARNING:biomolecule.py:157:num_missing_heavy:Missing atom NE2 in residue GLN F 3
2024-02-28 14:58:36,527 WARNING:biomolecule.py:157:num_missing_heavy:Missing atom CG in residue GLN H 3
2024-02-28 14:58:36,527 WARNING:biomolecule.py:157:num_missing_heavy:Missing atom CD in residue GLN H 3
2024-02-28 14:58:36,528 WARNING:biomolecule.py:157:num_missing_heavy:Missing atom OE1 in residue GLN H 3
2024-02-28 14:58:36,528 WARNING:biomolecule.py:157:num_missing_heavy:Missing atom NE2 in residue GLN H 3
2024-02-28 14:58:36,528 WARNING:biomolecule.py:157:num_missing_heavy:Missing atom OXT in residue LYS H 18
2024-02-28 14:58:36,528 WARNING:biomolecule.py:157:num_missing_heavy:Missing atom CG in residue GLN B 3
2024-02-28 14:58:36,528 WARNING:biomolecule.py:157:num_missing_heavy:Missing atom CD in residue GLN B 3
2024-02-28 14:58:36,528 WARNING:biomolecule.py:157:num_missing_heavy:Missing atom OE1 in residue GLN B 3
2024-02-28 14:58:36,528 WARNING:biomolecule.py:157:num_missing_heavy:Missing atom NE2 in residue GLN B 3
2024-02-28 14:58:36,528 WARNING:biomolecule.py:157:num_missing_heavy:Missing atom OXT in residue LYS B 18
2024-02-28 14:58:36,529 WARNING:biomolecule.py:157:num_missing_heavy:Missing atom CG in residue GLN D 3
2024-02-28 14:58:36,529 WARNING:biomolecule.py:157:num_missing_heavy:Missing atom CD in residue GLN D 3
2024-02-28 14:58:36,529 WARNING:biomolecule.py:157:num_missing_heavy:Missing atom OE1 in residue GLN D 3
2024-02-28 14:58:36,529 WARNING:biomolecule.py:157:num_missing_heavy:Missing atom NE2 in residue GLN D 3
2024-02-28 14:58:36,529 WARNING:biomolecule.py:157:num_missing_heavy:Missing atom OXT in residue LYS D 18
2024-02-28 14:58:36,529 WARNING:biomolecule.py:157:num_missing_heavy:Missing atom CG in residue GLN F 3
2024-02-28 14:58:36,530 WARNING:biomolecule.py:157:num_missing_heavy:Missing atom CD in residue GLN F 3
2024-02-28 14:58:36,530 WARNING:biomolecule.py:157:num_missing_heavy:Missing atom OE1 in residue GLN F 3
2024-02-28 14:58:36,530 WARNING:biomolecule.py:157:num_missing_heavy:Missing atom NE2 in residue GLN F 3
2024-02-28 14:58:36,530 WARNING:biomolecule.py:157:num_missing_heavy:Missing atom CG in residue GLN H 3
2024-02-28 14:58:36,530 WARNING:biomolecule.py:157:num_missing_heavy:Missing atom CD in residue GLN H 3
2024-02-28 14:58:36,530 WARNING:biomolecule.py:157:num_missing_heavy:Missing atom OE1 in residue GLN H 3
2024-02-28 14:58:36,530 WARNING:biomolecule.py:157:num_missing_heavy:Missing atom NE2 in residue GLN H 3
2024-02-28 14:58:36,530 WARNING:biomolecule.py:157:num_missing_heavy:Missing atom OXT in residue LYS H 18
2024-02-28 14:58:36,531 WARNING:biomolecule.py:157:num_missing_heavy:Missing atom CG in residue GLN B 3
2024-02-28 14:58:36,531 WARNING:biomolecule.py:157:num_missing_heavy:Missing atom CD in residue GLN B 3
2024-02-28 14:58:36,531 WARNING:biomolecule.py:157:num_missing_heavy:Missing atom OE1 in residue GLN B 3
2024-02-28 14:58:36,531 WARNING:biomolecule.py:157:num_missing_heavy:Missing atom NE2 in residue GLN B 3
2024-02-28 14:58:36,531 WARNING:biomolecule.py:157:num_missing_heavy:Missing atom OXT in residue LYS B 18
2024-02-28 14:58:36,531 WARNING:biomolecule.py:157:num_missing_heavy:Missing atom CG in residue GLN D 3
2024-02-28 14:58:36,531 WARNING:biomolecule.py:157:num_missing_heavy:Missing atom CD in residue GLN D 3
2024-02-28 14:58:36,532 WARNING:biomolecule.py:157:num_missing_heavy:Missing atom OE1 in residue GLN D 3
2024-02-28 14:58:36,532 WARNING:biomolecule.py:157:num_missing_heavy:Missing atom NE2 in residue GLN D 3
2024-02-28 14:58:36,532 WARNING:biomolecule.py:157:num_missing_heavy:Missing atom OXT in residue LYS D 18
2024-02-28 14:58:36,532 WARNING:biomolecule.py:157:num_missing_heavy:Missing atom CG in residue GLN F 3
2024-02-28 14:58:36,532 WARNING:biomolecule.py:157:num_missing_heavy:Missing atom CD in residue GLN F 3
2024-02-28 14:58:36,532 WARNING:biomolecule.py:157:num_missing_heavy:Missing atom OE1 in residue GLN F 3
2024-02-28 14:58:36,532 WARNING:biomolecule.py:157:num_missing_heavy:Missing atom NE2 in residue GLN F 3
2024-02-28 14:58:36,533 WARNING:biomolecule.py:157:num_missing_heavy:Missing atom CG in residue GLN H 3
2024-02-28 14:58:36,533 WARNING:biomolecule.py:157:num_missing_heavy:Missing atom CD in residue GLN H 3
2024-02-28 14:58:36,533 WARNING:biomolecule.py:157:num_missing_heavy:Missing atom OE1 in residue GLN H 3
2024-02-28 14:58:36,533 WARNING:biomolecule.py:157:num_missing_heavy:Missing atom NE2 in residue GLN H 3
2024-02-28 14:58:36,533 WARNING:biomolecule.py:157:num_missing_heavy:Missing atom OXT in residue LYS H 18
2024-02-28 14:58:38,579 WARNING:main.py:311:print_pqr:Ignoring 2475 header lines in output.
2024-02-28 14:58:38,579 WARNING:main.py:315:print_pqr:Ignoring 52 missing lines in output.
