2024-02-28 14:07:16,871 WARNING:biomolecule.py:992:create_residue:Unable to find amino or nucleic acid definition for NH2.  Parsing as new residue.
2024-02-28 14:07:16,902 WARNING:biomolecule.py:992:create_residue:Unable to find amino or nucleic acid definition for NH2.  Parsing as new residue.
2024-02-28 14:07:16,903 WARNING:main.py:418:setup_molecule:Multiple occupancies found: CB in TYR B 22.
2024-02-28 14:07:16,903 WARNING:main.py:418:setup_molecule:Multiple occupancies found: CG in TYR B 22.
2024-02-28 14:07:16,903 WARNING:main.py:418:setup_molecule:Multiple occupancies found: CD1 in TYR B 22.
2024-02-28 14:07:16,903 WARNING:main.py:418:setup_molecule:Multiple occupancies found: CD2 in TYR B 22.
2024-02-28 14:07:16,903 WARNING:main.py:418:setup_molecule:Multiple occupancies found: CE1 in TYR B 22.
2024-02-28 14:07:16,903 WARNING:main.py:418:setup_molecule:Multiple occupancies found: CE2 in TYR B 22.
2024-02-28 14:07:16,903 WARNING:main.py:418:setup_molecule:Multiple occupancies found: CZ in TYR B 22.
2024-02-28 14:07:16,903 WARNING:main.py:418:setup_molecule:Multiple occupancies found: OH in TYR B 22.
2024-02-28 14:07:16,903 WARNING:main.py:418:setup_molecule:Multiple occupancies found: H in TYR B 22.
2024-02-28 14:07:16,904 WARNING:main.py:418:setup_molecule:Multiple occupancies found: HH in TYR B 22.
2024-02-28 14:07:16,904 WARNING:main.py:424:setup_molecule:Multiple occupancies found in TYR B 22. At least one of the instances is being ignored.
2024-02-28 14:07:16,904 WARNING:main.py:418:setup_molecule:Multiple occupancies found: CB in LEU B 73.
2024-02-28 14:07:16,904 WARNING:main.py:418:setup_molecule:Multiple occupancies found: CG in LEU B 73.
2024-02-28 14:07:16,904 WARNING:main.py:418:setup_molecule:Multiple occupancies found: CD1 in LEU B 73.
2024-02-28 14:07:16,904 WARNING:main.py:418:setup_molecule:Multiple occupancies found: CD2 in LEU B 73.
2024-02-28 14:07:16,904 WARNING:main.py:418:setup_molecule:Multiple occupancies found: H in LEU B 73.
2024-02-28 14:07:16,904 WARNING:main.py:424:setup_molecule:Multiple occupancies found in LEU B 73. At least one of the instances is being ignored.
2024-02-28 14:07:16,904 WARNING:main.py:418:setup_molecule:Multiple occupancies found: CB in LEU B 110.
2024-02-28 14:07:16,905 WARNING:main.py:418:setup_molecule:Multiple occupancies found: CG in LEU B 110.
2024-02-28 14:07:16,905 WARNING:main.py:418:setup_molecule:Multiple occupancies found: CD1 in LEU B 110.
2024-02-28 14:07:16,905 WARNING:main.py:418:setup_molecule:Multiple occupancies found: CD2 in LEU B 110.
2024-02-28 14:07:16,905 WARNING:main.py:424:setup_molecule:Multiple occupancies found in LEU B 110. At least one of the instances is being ignored.
2024-02-28 14:07:16,905 WARNING:main.py:418:setup_molecule:Multiple occupancies found: CB in LEU D 73.
2024-02-28 14:07:16,905 WARNING:main.py:418:setup_molecule:Multiple occupancies found: CG in LEU D 73.
2024-02-28 14:07:16,905 WARNING:main.py:418:setup_molecule:Multiple occupancies found: CD1 in LEU D 73.
2024-02-28 14:07:16,905 WARNING:main.py:418:setup_molecule:Multiple occupancies found: CD2 in LEU D 73.
2024-02-28 14:07:16,905 WARNING:main.py:424:setup_molecule:Multiple occupancies found in LEU D 73. At least one of the instances is being ignored.
2024-02-28 14:07:16,905 WARNING:main.py:418:setup_molecule:Multiple occupancies found: CB in ASN D 105.
2024-02-28 14:07:16,905 WARNING:main.py:418:setup_molecule:Multiple occupancies found: CG in ASN D 105.
2024-02-28 14:07:16,905 WARNING:main.py:418:setup_molecule:Multiple occupancies found: OD1 in ASN D 105.
2024-02-28 14:07:16,905 WARNING:main.py:418:setup_molecule:Multiple occupancies found: ND2 in ASN D 105.
2024-02-28 14:07:16,905 WARNING:main.py:418:setup_molecule:Multiple occupancies found: H in ASN D 105.
2024-02-28 14:07:16,906 WARNING:main.py:418:setup_molecule:Multiple occupancies found: HD21 in ASN D 105.
2024-02-28 14:07:16,906 WARNING:main.py:418:setup_molecule:Multiple occupancies found: HD22 in ASN D 105.
2024-02-28 14:07:16,906 WARNING:main.py:424:setup_molecule:Multiple occupancies found in ASN D 105. At least one of the instances is being ignored.
2024-02-28 14:07:16,906 WARNING:main.py:418:setup_molecule:Multiple occupancies found: CB in GLN D 107.
2024-02-28 14:07:16,906 WARNING:main.py:418:setup_molecule:Multiple occupancies found: CG in GLN D 107.
2024-02-28 14:07:16,907 WARNING:main.py:418:setup_molecule:Multiple occupancies found: CD in GLN D 107.
2024-02-28 14:07:16,907 WARNING:main.py:418:setup_molecule:Multiple occupancies found: OE1 in GLN D 107.
2024-02-28 14:07:16,907 WARNING:main.py:418:setup_molecule:Multiple occupancies found: NE2 in GLN D 107.
2024-02-28 14:07:16,907 WARNING:main.py:418:setup_molecule:Multiple occupancies found: H in GLN D 107.
2024-02-28 14:07:16,907 WARNING:main.py:418:setup_molecule:Multiple occupancies found: HE21 in GLN D 107.
2024-02-28 14:07:16,907 WARNING:main.py:418:setup_molecule:Multiple occupancies found: HE22 in GLN D 107.
2024-02-28 14:07:16,907 WARNING:main.py:424:setup_molecule:Multiple occupancies found in GLN D 107. At least one of the instances is being ignored.
2024-02-28 14:07:16,907 WARNING:main.py:418:setup_molecule:Multiple occupancies found: CB in LEU D 110.
2024-02-28 14:07:16,907 WARNING:main.py:418:setup_molecule:Multiple occupancies found: CG in LEU D 110.
2024-02-28 14:07:16,907 WARNING:main.py:418:setup_molecule:Multiple occupancies found: CD1 in LEU D 110.
2024-02-28 14:07:16,907 WARNING:main.py:418:setup_molecule:Multiple occupancies found: CD2 in LEU D 110.
2024-02-28 14:07:16,907 WARNING:main.py:424:setup_molecule:Multiple occupancies found in LEU D 110. At least one of the instances is being ignored.
2024-02-28 14:07:16,942 WARNING:biomolecule.py:157:num_missing_heavy:Missing atom OXT in residue VAL D 133
2024-02-28 14:07:16,943 WARNING:biomolecule.py:157:num_missing_heavy:Missing atom OXT in residue VAL D 133
2024-02-28 14:07:16,944 WARNING:biomolecule.py:157:num_missing_heavy:Missing atom OXT in residue VAL D 133
2024-02-28 14:07:19,597 WARNING:debump.py:172:debump_biomolecule:WARNING: Unable to debump ASN D 105
2024-02-28 14:07:20,834 WARNING:main.py:311:print_pqr:Ignoring 947 header lines in output.
2024-02-28 14:07:20,834 WARNING:main.py:315:print_pqr:Ignoring 6 missing lines in output.
