2024-02-28 14:07:16,782 WARNING:biomolecule.py:992:create_residue:Unable to find amino or nucleic acid definition for ZN.  Parsing as new residue.
2024-02-28 14:07:16,783 WARNING:biomolecule.py:992:create_residue:Unable to find amino or nucleic acid definition for 1AA.  Parsing as new residue.
2024-02-28 14:07:16,784 WARNING:biomolecule.py:992:create_residue:Unable to find amino or nucleic acid definition for GPP.  Parsing as new residue.
2024-02-28 14:07:16,784 WARNING:biomolecule.py:992:create_residue:Unable to find amino or nucleic acid definition for ZN.  Parsing as new residue.
2024-02-28 14:07:16,784 WARNING:biomolecule.py:992:create_residue:Unable to find amino or nucleic acid definition for ZN.  Parsing as new residue.
2024-02-28 14:07:16,784 WARNING:biomolecule.py:992:create_residue:Unable to find amino or nucleic acid definition for 1AA.  Parsing as new residue.
2024-02-28 14:07:16,784 WARNING:biomolecule.py:992:create_residue:Unable to find amino or nucleic acid definition for 1AA.  Parsing as new residue.
2024-02-28 14:07:16,785 WARNING:biomolecule.py:992:create_residue:Unable to find amino or nucleic acid definition for ZN.  Parsing as new residue.
2024-02-28 14:07:16,785 WARNING:biomolecule.py:992:create_residue:Unable to find amino or nucleic acid definition for 1AA.  Parsing as new residue.
2024-02-28 14:07:16,785 WARNING:io.py:40:filter:Suppressing further "Unable to find amino or nucleic acid definition for" messages
2024-02-28 14:07:16,822 WARNING:biomolecule.py:157:num_missing_heavy:Missing atom OXT in residue LYS A 156
2024-02-28 14:07:16,823 WARNING:biomolecule.py:157:num_missing_heavy:Missing atom OXT in residue LYS B 156
2024-02-28 14:07:16,823 WARNING:biomolecule.py:157:num_missing_heavy:Missing atom OXT in residue LYS C 156
2024-02-28 14:07:16,824 WARNING:biomolecule.py:157:num_missing_heavy:Missing atom OXT in residue LYS D 156
2024-02-28 14:07:16,825 WARNING:biomolecule.py:157:num_missing_heavy:Missing atom OXT in residue LYS E 156
2024-02-28 14:07:16,826 WARNING:biomolecule.py:157:num_missing_heavy:Missing atom OXT in residue LYS F 156
2024-02-28 14:07:16,826 WARNING:biomolecule.py:157:num_missing_heavy:Missing atom OXT in residue LYS A 156
2024-02-28 14:07:16,827 WARNING:biomolecule.py:157:num_missing_heavy:Missing atom OXT in residue LYS B 156
2024-02-28 14:07:16,827 WARNING:biomolecule.py:157:num_missing_heavy:Missing atom OXT in residue LYS C 156
2024-02-28 14:07:16,829 WARNING:biomolecule.py:157:num_missing_heavy:Missing atom OXT in residue LYS D 156
2024-02-28 14:07:16,829 WARNING:biomolecule.py:157:num_missing_heavy:Missing atom OXT in residue LYS E 156
2024-02-28 14:07:16,831 WARNING:biomolecule.py:157:num_missing_heavy:Missing atom OXT in residue LYS F 156
2024-02-28 14:07:16,832 WARNING:biomolecule.py:157:num_missing_heavy:Missing atom OXT in residue LYS A 156
2024-02-28 14:07:16,833 WARNING:biomolecule.py:157:num_missing_heavy:Missing atom OXT in residue LYS B 156
2024-02-28 14:07:16,833 WARNING:biomolecule.py:157:num_missing_heavy:Missing atom OXT in residue LYS C 156
2024-02-28 14:07:16,834 WARNING:biomolecule.py:157:num_missing_heavy:Missing atom OXT in residue LYS D 156
2024-02-28 14:07:16,836 WARNING:biomolecule.py:157:num_missing_heavy:Missing atom OXT in residue LYS E 156
2024-02-28 14:07:16,836 WARNING:biomolecule.py:157:num_missing_heavy:Missing atom OXT in residue LYS F 156
2024-02-28 14:07:22,401 WARNING:debump.py:172:debump_biomolecule:WARNING: Unable to debump ALA D 102
2024-02-28 14:07:23,238 WARNING:main.py:311:print_pqr:Ignoring 9890 header lines in output.
2024-02-28 14:07:23,238 WARNING:main.py:315:print_pqr:Ignoring 266 missing lines in output.
