2024-02-28 14:07:11,188 WARNING:biomolecule.py:992:create_residue:Unable to find amino or nucleic acid definition for CL.  Parsing as new residue.
2024-02-28 14:07:11,188 WARNING:biomolecule.py:992:create_residue:Unable to find amino or nucleic acid definition for CL.  Parsing as new residue.
2024-02-28 14:07:11,188 WARNING:biomolecule.py:992:create_residue:Unable to find amino or nucleic acid definition for SO4.  Parsing as new residue.
2024-02-28 14:07:11,189 WARNING:biomolecule.py:992:create_residue:Unable to find amino or nucleic acid definition for 017.  Parsing as new residue.
2024-02-28 14:07:11,189 WARNING:main.py:418:setup_molecule:Multiple occupancies found: CB in LYS A 7.
2024-02-28 14:07:11,190 WARNING:main.py:418:setup_molecule:Multiple occupancies found: CG in LYS A 7.
2024-02-28 14:07:11,190 WARNING:main.py:418:setup_molecule:Multiple occupancies found: CD in LYS A 7.
2024-02-28 14:07:11,190 WARNING:main.py:418:setup_molecule:Multiple occupancies found: CE in LYS A 7.
2024-02-28 14:07:11,190 WARNING:main.py:418:setup_molecule:Multiple occupancies found: NZ in LYS A 7.
2024-02-28 14:07:11,190 WARNING:main.py:424:setup_molecule:Multiple occupancies found in LYS A 7. At least one of the instances is being ignored.
2024-02-28 14:07:11,190 WARNING:main.py:418:setup_molecule:Multiple occupancies found: CB in GLU A 21.
2024-02-28 14:07:11,190 WARNING:main.py:418:setup_molecule:Multiple occupancies found: CG in GLU A 21.
2024-02-28 14:07:11,190 WARNING:main.py:418:setup_molecule:Multiple occupancies found: CD in GLU A 21.
2024-02-28 14:07:11,190 WARNING:main.py:418:setup_molecule:Multiple occupancies found: OE1 in GLU A 21.
2024-02-28 14:07:11,190 WARNING:main.py:418:setup_molecule:Multiple occupancies found: OE2 in GLU A 21.
2024-02-28 14:07:11,190 WARNING:main.py:424:setup_molecule:Multiple occupancies found in GLU A 21. At least one of the instances is being ignored.
2024-02-28 14:07:11,190 WARNING:main.py:418:setup_molecule:Multiple occupancies found: CB in GLU A 34.
2024-02-28 14:07:11,190 WARNING:main.py:418:setup_molecule:Multiple occupancies found: CG in GLU A 34.
2024-02-28 14:07:11,190 WARNING:main.py:418:setup_molecule:Multiple occupancies found: CD in GLU A 34.
2024-02-28 14:07:11,190 WARNING:main.py:418:setup_molecule:Multiple occupancies found: OE1 in GLU A 34.
2024-02-28 14:07:11,190 WARNING:main.py:418:setup_molecule:Multiple occupancies found: OE2 in GLU A 34.
2024-02-28 14:07:11,190 WARNING:main.py:424:setup_molecule:Multiple occupancies found in GLU A 34. At least one of the instances is being ignored.
2024-02-28 14:07:11,190 WARNING:main.py:418:setup_molecule:Multiple occupancies found: CB in SER A 37.
2024-02-28 14:07:11,190 WARNING:main.py:418:setup_molecule:Multiple occupancies found: OG in SER A 37.
2024-02-28 14:07:11,190 WARNING:main.py:424:setup_molecule:Multiple occupancies found in SER A 37. At least one of the instances is being ignored.
2024-02-28 14:07:11,190 WARNING:main.py:418:setup_molecule:Multiple occupancies found: C in ILE A 50.
2024-02-28 14:07:11,190 WARNING:main.py:418:setup_molecule:Multiple occupancies found: O in ILE A 50.
2024-02-28 14:07:11,190 WARNING:main.py:424:setup_molecule:Multiple occupancies found in ILE A 50. At least one of the instances is being ignored.
2024-02-28 14:07:11,190 WARNING:main.py:418:setup_molecule:Multiple occupancies found: N in GLY A 51.
2024-02-28 14:07:11,190 WARNING:main.py:424:setup_molecule:Multiple occupancies found in GLY A 51. At least one of the instances is being ignored.
2024-02-28 14:07:11,190 WARNING:main.py:418:setup_molecule:Multiple occupancies found: CB in GLU A 65.
2024-02-28 14:07:11,190 WARNING:main.py:418:setup_molecule:Multiple occupancies found: CG in GLU A 65.
2024-02-28 14:07:11,191 WARNING:main.py:418:setup_molecule:Multiple occupancies found: CD in GLU A 65.
2024-02-28 14:07:11,191 WARNING:main.py:418:setup_molecule:Multiple occupancies found: OE1 in GLU A 65.
2024-02-28 14:07:11,191 WARNING:main.py:418:setup_molecule:Multiple occupancies found: OE2 in GLU A 65.
2024-02-28 14:07:11,191 WARNING:main.py:424:setup_molecule:Multiple occupancies found in GLU A 65. At least one of the instances is being ignored.
2024-02-28 14:07:11,191 WARNING:main.py:418:setup_molecule:Multiple occupancies found: CB in LEU A 97.
2024-02-28 14:07:11,191 WARNING:main.py:418:setup_molecule:Multiple occupancies found: CG in LEU A 97.
2024-02-28 14:07:11,191 WARNING:main.py:418:setup_molecule:Multiple occupancies found: CD1 in LEU A 97.
2024-02-28 14:07:11,191 WARNING:main.py:418:setup_molecule:Multiple occupancies found: CD2 in LEU A 97.
2024-02-28 14:07:11,191 WARNING:main.py:424:setup_molecule:Multiple occupancies found in LEU A 97. At least one of the instances is being ignored.
2024-02-28 14:07:11,191 WARNING:main.py:418:setup_molecule:Multiple occupancies found: CB in LYS B 7.
2024-02-28 14:07:11,191 WARNING:main.py:418:setup_molecule:Multiple occupancies found: CG in LYS B 7.
2024-02-28 14:07:11,191 WARNING:main.py:418:setup_molecule:Multiple occupancies found: CD in LYS B 7.
2024-02-28 14:07:11,191 WARNING:main.py:418:setup_molecule:Multiple occupancies found: CE in LYS B 7.
2024-02-28 14:07:11,191 WARNING:main.py:418:setup_molecule:Multiple occupancies found: NZ in LYS B 7.
2024-02-28 14:07:11,191 WARNING:main.py:424:setup_molecule:Multiple occupancies found in LYS B 7. At least one of the instances is being ignored.
2024-02-28 14:07:11,192 WARNING:main.py:418:setup_molecule:Multiple occupancies found: CB in GLN B 18.
2024-02-28 14:07:11,192 WARNING:main.py:418:setup_molecule:Multiple occupancies found: CG in GLN B 18.
2024-02-28 14:07:11,192 WARNING:main.py:418:setup_molecule:Multiple occupancies found: CD in GLN B 18.
2024-02-28 14:07:11,192 WARNING:main.py:418:setup_molecule:Multiple occupancies found: OE1 in GLN B 18.
2024-02-28 14:07:11,192 WARNING:main.py:418:setup_molecule:Multiple occupancies found: NE2 in GLN B 18.
2024-02-28 14:07:11,192 WARNING:main.py:424:setup_molecule:Multiple occupancies found in GLN B 18. At least one of the instances is being ignored.
2024-02-28 14:07:11,192 WARNING:main.py:418:setup_molecule:Multiple occupancies found: CB in GLU B 21.
2024-02-28 14:07:11,192 WARNING:main.py:418:setup_molecule:Multiple occupancies found: CG in GLU B 21.
2024-02-28 14:07:11,193 WARNING:main.py:418:setup_molecule:Multiple occupancies found: CD in GLU B 21.
2024-02-28 14:07:11,193 WARNING:main.py:418:setup_molecule:Multiple occupancies found: OE1 in GLU B 21.
2024-02-28 14:07:11,193 WARNING:main.py:418:setup_molecule:Multiple occupancies found: OE2 in GLU B 21.
2024-02-28 14:07:11,193 WARNING:main.py:424:setup_molecule:Multiple occupancies found in GLU B 21. At least one of the instances is being ignored.
2024-02-28 14:07:11,193 WARNING:main.py:418:setup_molecule:Multiple occupancies found: N in ASN B 30.
2024-02-28 14:07:11,194 WARNING:main.py:418:setup_molecule:Multiple occupancies found: CA in ASN B 30.
2024-02-28 14:07:11,194 WARNING:main.py:418:setup_molecule:Multiple occupancies found: C in ASN B 30.
2024-02-28 14:07:11,194 WARNING:main.py:418:setup_molecule:Multiple occupancies found: O in ASN B 30.
2024-02-28 14:07:11,194 WARNING:main.py:418:setup_molecule:Multiple occupancies found: CB in ASN B 30.
2024-02-28 14:07:11,194 WARNING:main.py:418:setup_molecule:Multiple occupancies found: CG in ASN B 30.
2024-02-28 14:07:11,194 WARNING:main.py:418:setup_molecule:Multiple occupancies found: OD1 in ASN B 30.
2024-02-28 14:07:11,194 WARNING:main.py:418:setup_molecule:Multiple occupancies found: ND2 in ASN B 30.
2024-02-28 14:07:11,194 WARNING:main.py:424:setup_molecule:Multiple occupancies found in ASN B 30. At least one of the instances is being ignored.
2024-02-28 14:07:11,195 WARNING:main.py:418:setup_molecule:Multiple occupancies found: CB in SER B 37.
2024-02-28 14:07:11,195 WARNING:main.py:418:setup_molecule:Multiple occupancies found: OG in SER B 37.
2024-02-28 14:07:11,195 WARNING:main.py:424:setup_molecule:Multiple occupancies found in SER B 37. At least one of the instances is being ignored.
2024-02-28 14:07:11,195 WARNING:main.py:418:setup_molecule:Multiple occupancies found: CB in MET B 46.
2024-02-28 14:07:11,195 WARNING:main.py:418:setup_molecule:Multiple occupancies found: CG in MET B 46.
2024-02-28 14:07:11,195 WARNING:main.py:418:setup_molecule:Multiple occupancies found: SD in MET B 46.
2024-02-28 14:07:11,196 WARNING:main.py:418:setup_molecule:Multiple occupancies found: CE in MET B 46.
2024-02-28 14:07:11,196 WARNING:main.py:424:setup_molecule:Multiple occupancies found in MET B 46. At least one of the instances is being ignored.
2024-02-28 14:07:11,196 WARNING:main.py:418:setup_molecule:Multiple occupancies found: C in ILE B 50.
2024-02-28 14:07:11,196 WARNING:main.py:418:setup_molecule:Multiple occupancies found: O in ILE B 50.
2024-02-28 14:07:11,196 WARNING:main.py:424:setup_molecule:Multiple occupancies found in ILE B 50. At least one of the instances is being ignored.
2024-02-28 14:07:11,196 WARNING:main.py:418:setup_molecule:Multiple occupancies found: N in GLY B 51.
2024-02-28 14:07:11,196 WARNING:main.py:424:setup_molecule:Multiple occupancies found in GLY B 51. At least one of the instances is being ignored.
2024-02-28 14:07:11,197 WARNING:main.py:418:setup_molecule:Multiple occupancies found: CB in ILE B 84.
2024-02-28 14:07:11,197 WARNING:main.py:418:setup_molecule:Multiple occupancies found: CG1 in ILE B 84.
2024-02-28 14:07:11,197 WARNING:main.py:418:setup_molecule:Multiple occupancies found: CG2 in ILE B 84.
2024-02-28 14:07:11,197 WARNING:main.py:418:setup_molecule:Multiple occupancies found: CD1 in ILE B 84.
2024-02-28 14:07:11,197 WARNING:main.py:424:setup_molecule:Multiple occupancies found in ILE B 84. At least one of the instances is being ignored.
2024-02-28 14:07:11,197 WARNING:main.py:418:setup_molecule:Multiple occupancies found: CB in LEU B 97.
2024-02-28 14:07:11,198 WARNING:main.py:418:setup_molecule:Multiple occupancies found: CG in LEU B 97.
2024-02-28 14:07:11,198 WARNING:main.py:418:setup_molecule:Multiple occupancies found: CD1 in LEU B 97.
2024-02-28 14:07:11,198 WARNING:main.py:418:setup_molecule:Multiple occupancies found: CD2 in LEU B 97.
2024-02-28 14:07:11,198 WARNING:main.py:424:setup_molecule:Multiple occupancies found in LEU B 97. At least one of the instances is being ignored.
2024-02-28 14:07:11,716 WARNING:main.py:311:print_pqr:Ignoring 2269 header lines in output.
2024-02-28 14:07:11,716 WARNING:main.py:315:print_pqr:Ignoring 45 missing lines in output.
2024-02-28 14:58:38,381 WARNING:biomolecule.py:992:create_residue:Unable to find amino or nucleic acid definition for CL.  Parsing as new residue.
2024-02-28 14:58:38,382 WARNING:biomolecule.py:992:create_residue:Unable to find amino or nucleic acid definition for CL.  Parsing as new residue.
2024-02-28 14:58:38,382 WARNING:biomolecule.py:992:create_residue:Unable to find amino or nucleic acid definition for SO4.  Parsing as new residue.
2024-02-28 14:58:38,382 WARNING:biomolecule.py:992:create_residue:Unable to find amino or nucleic acid definition for 017.  Parsing as new residue.
2024-02-28 14:58:38,383 WARNING:main.py:418:setup_molecule:Multiple occupancies found: CB in LYS A 7.
2024-02-28 14:58:38,383 WARNING:main.py:418:setup_molecule:Multiple occupancies found: CG in LYS A 7.
2024-02-28 14:58:38,383 WARNING:main.py:418:setup_molecule:Multiple occupancies found: CD in LYS A 7.
2024-02-28 14:58:38,383 WARNING:main.py:418:setup_molecule:Multiple occupancies found: CE in LYS A 7.
2024-02-28 14:58:38,383 WARNING:main.py:418:setup_molecule:Multiple occupancies found: NZ in LYS A 7.
2024-02-28 14:58:38,383 WARNING:main.py:424:setup_molecule:Multiple occupancies found in LYS A 7. At least one of the instances is being ignored.
2024-02-28 14:58:38,383 WARNING:main.py:418:setup_molecule:Multiple occupancies found: CB in GLU A 21.
2024-02-28 14:58:38,383 WARNING:main.py:418:setup_molecule:Multiple occupancies found: CG in GLU A 21.
2024-02-28 14:58:38,383 WARNING:main.py:418:setup_molecule:Multiple occupancies found: CD in GLU A 21.
2024-02-28 14:58:38,383 WARNING:main.py:418:setup_molecule:Multiple occupancies found: OE1 in GLU A 21.
2024-02-28 14:58:38,383 WARNING:main.py:418:setup_molecule:Multiple occupancies found: OE2 in GLU A 21.
2024-02-28 14:58:38,383 WARNING:main.py:424:setup_molecule:Multiple occupancies found in GLU A 21. At least one of the instances is being ignored.
2024-02-28 14:58:38,383 WARNING:main.py:418:setup_molecule:Multiple occupancies found: CB in GLU A 34.
2024-02-28 14:58:38,383 WARNING:main.py:418:setup_molecule:Multiple occupancies found: CG in GLU A 34.
2024-02-28 14:58:38,383 WARNING:main.py:418:setup_molecule:Multiple occupancies found: CD in GLU A 34.
2024-02-28 14:58:38,383 WARNING:main.py:418:setup_molecule:Multiple occupancies found: OE1 in GLU A 34.
2024-02-28 14:58:38,383 WARNING:main.py:418:setup_molecule:Multiple occupancies found: OE2 in GLU A 34.
2024-02-28 14:58:38,383 WARNING:main.py:424:setup_molecule:Multiple occupancies found in GLU A 34. At least one of the instances is being ignored.
2024-02-28 14:58:38,383 WARNING:main.py:418:setup_molecule:Multiple occupancies found: CB in SER A 37.
2024-02-28 14:58:38,383 WARNING:main.py:418:setup_molecule:Multiple occupancies found: OG in SER A 37.
2024-02-28 14:58:38,383 WARNING:main.py:424:setup_molecule:Multiple occupancies found in SER A 37. At least one of the instances is being ignored.
2024-02-28 14:58:38,383 WARNING:main.py:418:setup_molecule:Multiple occupancies found: C in ILE A 50.
2024-02-28 14:58:38,383 WARNING:main.py:418:setup_molecule:Multiple occupancies found: O in ILE A 50.
2024-02-28 14:58:38,383 WARNING:main.py:424:setup_molecule:Multiple occupancies found in ILE A 50. At least one of the instances is being ignored.
2024-02-28 14:58:38,383 WARNING:main.py:418:setup_molecule:Multiple occupancies found: N in GLY A 51.
2024-02-28 14:58:38,383 WARNING:main.py:424:setup_molecule:Multiple occupancies found in GLY A 51. At least one of the instances is being ignored.
2024-02-28 14:58:38,383 WARNING:main.py:418:setup_molecule:Multiple occupancies found: CB in GLU A 65.
2024-02-28 14:58:38,383 WARNING:main.py:418:setup_molecule:Multiple occupancies found: CG in GLU A 65.
2024-02-28 14:58:38,383 WARNING:main.py:418:setup_molecule:Multiple occupancies found: CD in GLU A 65.
2024-02-28 14:58:38,383 WARNING:main.py:418:setup_molecule:Multiple occupancies found: OE1 in GLU A 65.
2024-02-28 14:58:38,383 WARNING:main.py:418:setup_molecule:Multiple occupancies found: OE2 in GLU A 65.
2024-02-28 14:58:38,383 WARNING:main.py:424:setup_molecule:Multiple occupancies found in GLU A 65. At least one of the instances is being ignored.
2024-02-28 14:58:38,383 WARNING:main.py:418:setup_molecule:Multiple occupancies found: CB in LEU A 97.
2024-02-28 14:58:38,383 WARNING:main.py:418:setup_molecule:Multiple occupancies found: CG in LEU A 97.
2024-02-28 14:58:38,383 WARNING:main.py:418:setup_molecule:Multiple occupancies found: CD1 in LEU A 97.
2024-02-28 14:58:38,383 WARNING:main.py:418:setup_molecule:Multiple occupancies found: CD2 in LEU A 97.
2024-02-28 14:58:38,383 WARNING:main.py:424:setup_molecule:Multiple occupancies found in LEU A 97. At least one of the instances is being ignored.
2024-02-28 14:58:38,383 WARNING:main.py:418:setup_molecule:Multiple occupancies found: CB in LYS B 7.
2024-02-28 14:58:38,384 WARNING:main.py:418:setup_molecule:Multiple occupancies found: CG in LYS B 7.
2024-02-28 14:58:38,384 WARNING:main.py:418:setup_molecule:Multiple occupancies found: CD in LYS B 7.
2024-02-28 14:58:38,384 WARNING:main.py:418:setup_molecule:Multiple occupancies found: CE in LYS B 7.
2024-02-28 14:58:38,384 WARNING:main.py:418:setup_molecule:Multiple occupancies found: NZ in LYS B 7.
2024-02-28 14:58:38,384 WARNING:main.py:424:setup_molecule:Multiple occupancies found in LYS B 7. At least one of the instances is being ignored.
2024-02-28 14:58:38,384 WARNING:main.py:418:setup_molecule:Multiple occupancies found: CB in GLN B 18.
2024-02-28 14:58:38,384 WARNING:main.py:418:setup_molecule:Multiple occupancies found: CG in GLN B 18.
2024-02-28 14:58:38,384 WARNING:main.py:418:setup_molecule:Multiple occupancies found: CD in GLN B 18.
2024-02-28 14:58:38,384 WARNING:main.py:418:setup_molecule:Multiple occupancies found: OE1 in GLN B 18.
2024-02-28 14:58:38,384 WARNING:main.py:418:setup_molecule:Multiple occupancies found: NE2 in GLN B 18.
2024-02-28 14:58:38,384 WARNING:main.py:424:setup_molecule:Multiple occupancies found in GLN B 18. At least one of the instances is being ignored.
2024-02-28 14:58:38,384 WARNING:main.py:418:setup_molecule:Multiple occupancies found: CB in GLU B 21.
2024-02-28 14:58:38,384 WARNING:main.py:418:setup_molecule:Multiple occupancies found: CG in GLU B 21.
2024-02-28 14:58:38,384 WARNING:main.py:418:setup_molecule:Multiple occupancies found: CD in GLU B 21.
2024-02-28 14:58:38,384 WARNING:main.py:418:setup_molecule:Multiple occupancies found: OE1 in GLU B 21.
2024-02-28 14:58:38,384 WARNING:main.py:418:setup_molecule:Multiple occupancies found: OE2 in GLU B 21.
2024-02-28 14:58:38,384 WARNING:main.py:424:setup_molecule:Multiple occupancies found in GLU B 21. At least one of the instances is being ignored.
2024-02-28 14:58:38,384 WARNING:main.py:418:setup_molecule:Multiple occupancies found: N in ASN B 30.
2024-02-28 14:58:38,384 WARNING:main.py:418:setup_molecule:Multiple occupancies found: CA in ASN B 30.
2024-02-28 14:58:38,384 WARNING:main.py:418:setup_molecule:Multiple occupancies found: C in ASN B 30.
2024-02-28 14:58:38,384 WARNING:main.py:418:setup_molecule:Multiple occupancies found: O in ASN B 30.
2024-02-28 14:58:38,384 WARNING:main.py:418:setup_molecule:Multiple occupancies found: CB in ASN B 30.
2024-02-28 14:58:38,384 WARNING:main.py:418:setup_molecule:Multiple occupancies found: CG in ASN B 30.
2024-02-28 14:58:38,384 WARNING:main.py:418:setup_molecule:Multiple occupancies found: OD1 in ASN B 30.
2024-02-28 14:58:38,384 WARNING:main.py:418:setup_molecule:Multiple occupancies found: ND2 in ASN B 30.
2024-02-28 14:58:38,384 WARNING:main.py:424:setup_molecule:Multiple occupancies found in ASN B 30. At least one of the instances is being ignored.
2024-02-28 14:58:38,384 WARNING:main.py:418:setup_molecule:Multiple occupancies found: CB in SER B 37.
2024-02-28 14:58:38,384 WARNING:main.py:418:setup_molecule:Multiple occupancies found: OG in SER B 37.
2024-02-28 14:58:38,384 WARNING:main.py:424:setup_molecule:Multiple occupancies found in SER B 37. At least one of the instances is being ignored.
2024-02-28 14:58:38,384 WARNING:main.py:418:setup_molecule:Multiple occupancies found: CB in MET B 46.
2024-02-28 14:58:38,384 WARNING:main.py:418:setup_molecule:Multiple occupancies found: CG in MET B 46.
2024-02-28 14:58:38,384 WARNING:main.py:418:setup_molecule:Multiple occupancies found: SD in MET B 46.
2024-02-28 14:58:38,384 WARNING:main.py:418:setup_molecule:Multiple occupancies found: CE in MET B 46.
2024-02-28 14:58:38,384 WARNING:main.py:424:setup_molecule:Multiple occupancies found in MET B 46. At least one of the instances is being ignored.
2024-02-28 14:58:38,384 WARNING:main.py:418:setup_molecule:Multiple occupancies found: C in ILE B 50.
2024-02-28 14:58:38,384 WARNING:main.py:418:setup_molecule:Multiple occupancies found: O in ILE B 50.
2024-02-28 14:58:38,384 WARNING:main.py:424:setup_molecule:Multiple occupancies found in ILE B 50. At least one of the instances is being ignored.
2024-02-28 14:58:38,384 WARNING:main.py:418:setup_molecule:Multiple occupancies found: N in GLY B 51.
2024-02-28 14:58:38,384 WARNING:main.py:424:setup_molecule:Multiple occupancies found in GLY B 51. At least one of the instances is being ignored.
2024-02-28 14:58:38,384 WARNING:main.py:418:setup_molecule:Multiple occupancies found: CB in ILE B 84.
2024-02-28 14:58:38,385 WARNING:main.py:418:setup_molecule:Multiple occupancies found: CG1 in ILE B 84.
2024-02-28 14:58:38,385 WARNING:main.py:418:setup_molecule:Multiple occupancies found: CG2 in ILE B 84.
2024-02-28 14:58:38,385 WARNING:main.py:418:setup_molecule:Multiple occupancies found: CD1 in ILE B 84.
2024-02-28 14:58:38,385 WARNING:main.py:424:setup_molecule:Multiple occupancies found in ILE B 84. At least one of the instances is being ignored.
2024-02-28 14:58:38,385 WARNING:main.py:418:setup_molecule:Multiple occupancies found: CB in LEU B 97.
2024-02-28 14:58:38,385 WARNING:main.py:418:setup_molecule:Multiple occupancies found: CG in LEU B 97.
2024-02-28 14:58:38,385 WARNING:main.py:418:setup_molecule:Multiple occupancies found: CD1 in LEU B 97.
2024-02-28 14:58:38,385 WARNING:main.py:418:setup_molecule:Multiple occupancies found: CD2 in LEU B 97.
2024-02-28 14:58:38,385 WARNING:main.py:424:setup_molecule:Multiple occupancies found in LEU B 97. At least one of the instances is being ignored.
2024-02-28 14:58:39,271 WARNING:main.py:311:print_pqr:Ignoring 2269 header lines in output.
2024-02-28 14:58:39,273 WARNING:main.py:315:print_pqr:Ignoring 45 missing lines in output.
