2024-02-28 14:07:17,384 WARNING:biomolecule.py:992:create_residue:Unable to find amino or nucleic acid definition for PGA.  Parsing as new residue.
2024-02-28 14:07:17,384 WARNING:biomolecule.py:992:create_residue:Unable to find amino or nucleic acid definition for PGA.  Parsing as new residue.
2024-02-28 14:07:17,384 WARNING:biomolecule.py:992:create_residue:Unable to find amino or nucleic acid definition for PGA.  Parsing as new residue.
2024-02-28 14:07:17,384 WARNING:biomolecule.py:992:create_residue:Unable to find amino or nucleic acid definition for PGA.  Parsing as new residue.
2024-02-28 14:07:17,384 WARNING:biomolecule.py:992:create_residue:Unable to find amino or nucleic acid definition for PGA.  Parsing as new residue.
2024-02-28 14:07:17,385 WARNING:biomolecule.py:992:create_residue:Unable to find amino or nucleic acid definition for PGA.  Parsing as new residue.
2024-02-28 14:07:17,458 WARNING:biomolecule.py:157:num_missing_heavy:Missing atom CG in residue GLU A 2
2024-02-28 14:07:17,458 WARNING:biomolecule.py:157:num_missing_heavy:Missing atom CD in residue GLU A 2
2024-02-28 14:07:17,458 WARNING:biomolecule.py:157:num_missing_heavy:Missing atom OE1 in residue GLU A 2
2024-02-28 14:07:17,459 WARNING:biomolecule.py:157:num_missing_heavy:Missing atom OE2 in residue GLU A 2
2024-02-28 14:07:17,459 WARNING:biomolecule.py:157:num_missing_heavy:Missing atom CG in residue GLN A 24
2024-02-28 14:07:17,459 WARNING:biomolecule.py:157:num_missing_heavy:Missing atom CD in residue GLN A 24
2024-02-28 14:07:17,459 WARNING:biomolecule.py:157:num_missing_heavy:Missing atom OE1 in residue GLN A 24
2024-02-28 14:07:17,459 WARNING:biomolecule.py:157:num_missing_heavy:Missing atom NE2 in residue GLN A 24
2024-02-28 14:07:17,459 WARNING:biomolecule.py:157:num_missing_heavy:Missing atom CG in residue ARG A 54
2024-02-28 14:07:17,459 WARNING:biomolecule.py:157:num_missing_heavy:Missing atom CD in residue ARG A 54
2024-02-28 14:07:17,459 WARNING:biomolecule.py:157:num_missing_heavy:Missing atom NE in residue ARG A 54
2024-02-28 14:07:17,459 WARNING:biomolecule.py:157:num_missing_heavy:Missing atom CZ in residue ARG A 54
2024-02-28 14:07:17,459 WARNING:biomolecule.py:157:num_missing_heavy:Missing atom NH1 in residue ARG A 54
2024-02-28 14:07:17,459 WARNING:biomolecule.py:157:num_missing_heavy:Missing atom NH2 in residue ARG A 54
2024-02-28 14:07:17,460 WARNING:biomolecule.py:157:num_missing_heavy:Missing atom CG in residue GLN A 144
2024-02-28 14:07:17,460 WARNING:biomolecule.py:157:num_missing_heavy:Missing atom CD in residue GLN A 144
2024-02-28 14:07:17,460 WARNING:biomolecule.py:157:num_missing_heavy:Missing atom OE1 in residue GLN A 144
2024-02-28 14:07:17,460 WARNING:biomolecule.py:157:num_missing_heavy:Missing atom NE2 in residue GLN A 144
2024-02-28 14:07:17,460 WARNING:biomolecule.py:157:num_missing_heavy:Missing atom CG in residue ARG A 145
2024-02-28 14:07:17,460 WARNING:biomolecule.py:157:num_missing_heavy:Missing atom CD in residue ARG A 145
2024-02-28 14:07:17,460 WARNING:biomolecule.py:157:num_missing_heavy:Missing atom NE in residue ARG A 145
2024-02-28 14:07:17,460 WARNING:biomolecule.py:157:num_missing_heavy:Missing atom CZ in residue ARG A 145
2024-02-28 14:07:17,460 WARNING:biomolecule.py:157:num_missing_heavy:Missing atom NH1 in residue ARG A 145
2024-02-28 14:07:17,460 WARNING:biomolecule.py:157:num_missing_heavy:Missing atom NH2 in residue ARG A 145
2024-02-28 14:07:17,460 WARNING:biomolecule.py:157:num_missing_heavy:Missing atom CG in residue LYS A 152
2024-02-28 14:07:17,460 WARNING:biomolecule.py:157:num_missing_heavy:Missing atom CD in residue LYS A 152
2024-02-28 14:07:17,460 WARNING:biomolecule.py:157:num_missing_heavy:Missing atom CE in residue LYS A 152
2024-02-28 14:07:17,460 WARNING:biomolecule.py:157:num_missing_heavy:Missing atom NZ in residue LYS A 152
2024-02-28 14:07:17,460 WARNING:biomolecule.py:157:num_missing_heavy:Missing atom CG in residue GLU B 2
2024-02-28 14:07:17,460 WARNING:biomolecule.py:157:num_missing_heavy:Missing atom CD in residue GLU B 2
2024-02-28 14:07:17,460 WARNING:biomolecule.py:157:num_missing_heavy:Missing atom OE1 in residue GLU B 2
2024-02-28 14:07:17,460 WARNING:biomolecule.py:157:num_missing_heavy:Missing atom OE2 in residue GLU B 2
2024-02-28 14:07:17,460 WARNING:biomolecule.py:157:num_missing_heavy:Missing atom CG in residue GLN B 24
2024-02-28 14:07:17,460 WARNING:biomolecule.py:157:num_missing_heavy:Missing atom CD in residue GLN B 24
2024-02-28 14:07:17,461 WARNING:biomolecule.py:157:num_missing_heavy:Missing atom OE1 in residue GLN B 24
2024-02-28 14:07:17,461 WARNING:biomolecule.py:157:num_missing_heavy:Missing atom NE2 in residue GLN B 24
2024-02-28 14:07:17,461 WARNING:biomolecule.py:157:num_missing_heavy:Missing atom CG in residue ARG B 54
2024-02-28 14:07:17,461 WARNING:biomolecule.py:157:num_missing_heavy:Missing atom CD in residue ARG B 54
2024-02-28 14:07:17,461 WARNING:biomolecule.py:157:num_missing_heavy:Missing atom NE in residue ARG B 54
2024-02-28 14:07:17,461 WARNING:biomolecule.py:157:num_missing_heavy:Missing atom CZ in residue ARG B 54
2024-02-28 14:07:17,461 WARNING:biomolecule.py:157:num_missing_heavy:Missing atom NH1 in residue ARG B 54
2024-02-28 14:07:17,461 WARNING:biomolecule.py:157:num_missing_heavy:Missing atom NH2 in residue ARG B 54
2024-02-28 14:07:17,462 WARNING:biomolecule.py:157:num_missing_heavy:Missing atom CG in residue GLN B 144
2024-02-28 14:07:17,462 WARNING:biomolecule.py:157:num_missing_heavy:Missing atom CD in residue GLN B 144
2024-02-28 14:07:17,473 WARNING:biomolecule.py:157:num_missing_heavy:Missing atom OE1 in residue GLN B 144
2024-02-28 14:07:17,473 WARNING:biomolecule.py:157:num_missing_heavy:Missing atom NE2 in residue GLN B 144
2024-02-28 14:07:17,473 WARNING:biomolecule.py:157:num_missing_heavy:Missing atom CG in residue ARG B 145
2024-02-28 14:07:17,473 WARNING:biomolecule.py:157:num_missing_heavy:Missing atom CD in residue ARG B 145
2024-02-28 14:07:17,473 WARNING:biomolecule.py:157:num_missing_heavy:Missing atom NE in residue ARG B 145
2024-02-28 14:07:17,473 WARNING:biomolecule.py:157:num_missing_heavy:Missing atom CZ in residue ARG B 145
2024-02-28 14:07:17,473 WARNING:biomolecule.py:157:num_missing_heavy:Missing atom NH1 in residue ARG B 145
2024-02-28 14:07:17,473 WARNING:biomolecule.py:157:num_missing_heavy:Missing atom NH2 in residue ARG B 145
2024-02-28 14:07:17,473 WARNING:biomolecule.py:157:num_missing_heavy:Missing atom OXT in residue LEU B 151
2024-02-28 14:07:17,474 WARNING:biomolecule.py:157:num_missing_heavy:Missing atom CG in residue GLN C 24
2024-02-28 14:07:17,474 WARNING:biomolecule.py:157:num_missing_heavy:Missing atom CD in residue GLN C 24
2024-02-28 14:07:17,474 WARNING:biomolecule.py:157:num_missing_heavy:Missing atom OE1 in residue GLN C 24
2024-02-28 14:07:17,474 WARNING:biomolecule.py:157:num_missing_heavy:Missing atom NE2 in residue GLN C 24
2024-02-28 14:07:17,474 WARNING:biomolecule.py:157:num_missing_heavy:Missing atom CG in residue ARG C 54
2024-02-28 14:07:17,474 WARNING:biomolecule.py:157:num_missing_heavy:Missing atom CD in residue ARG C 54
2024-02-28 14:07:17,474 WARNING:biomolecule.py:157:num_missing_heavy:Missing atom NE in residue ARG C 54
2024-02-28 14:07:17,474 WARNING:biomolecule.py:157:num_missing_heavy:Missing atom CZ in residue ARG C 54
2024-02-28 14:07:17,474 WARNING:biomolecule.py:157:num_missing_heavy:Missing atom NH1 in residue ARG C 54
2024-02-28 14:07:17,474 WARNING:biomolecule.py:157:num_missing_heavy:Missing atom NH2 in residue ARG C 54
2024-02-28 14:07:17,474 WARNING:biomolecule.py:157:num_missing_heavy:Missing atom CG in residue GLN C 144
2024-02-28 14:07:17,474 WARNING:biomolecule.py:157:num_missing_heavy:Missing atom CD in residue GLN C 144
2024-02-28 14:07:17,475 WARNING:biomolecule.py:157:num_missing_heavy:Missing atom OE1 in residue GLN C 144
2024-02-28 14:07:17,475 WARNING:biomolecule.py:157:num_missing_heavy:Missing atom NE2 in residue GLN C 144
2024-02-28 14:07:17,475 WARNING:biomolecule.py:157:num_missing_heavy:Missing atom CG in residue ARG C 145
2024-02-28 14:07:17,475 WARNING:biomolecule.py:157:num_missing_heavy:Missing atom CD in residue ARG C 145
2024-02-28 14:07:17,475 WARNING:biomolecule.py:157:num_missing_heavy:Missing atom NE in residue ARG C 145
2024-02-28 14:07:17,475 WARNING:biomolecule.py:157:num_missing_heavy:Missing atom CZ in residue ARG C 145
2024-02-28 14:07:17,475 WARNING:biomolecule.py:157:num_missing_heavy:Missing atom NH1 in residue ARG C 145
2024-02-28 14:07:17,475 WARNING:biomolecule.py:157:num_missing_heavy:Missing atom NH2 in residue ARG C 145
2024-02-28 14:07:17,475 WARNING:biomolecule.py:157:num_missing_heavy:Missing atom CG in residue LYS C 152
2024-02-28 14:07:17,475 WARNING:biomolecule.py:157:num_missing_heavy:Missing atom CD in residue LYS C 152
2024-02-28 14:07:17,475 WARNING:biomolecule.py:157:num_missing_heavy:Missing atom CE in residue LYS C 152
2024-02-28 14:07:17,475 WARNING:biomolecule.py:157:num_missing_heavy:Missing atom NZ in residue LYS C 152
2024-02-28 14:07:17,475 WARNING:biomolecule.py:157:num_missing_heavy:Missing atom CG in residue GLN D 24
2024-02-28 14:07:17,475 WARNING:biomolecule.py:157:num_missing_heavy:Missing atom CD in residue GLN D 24
2024-02-28 14:07:17,475 WARNING:biomolecule.py:157:num_missing_heavy:Missing atom OE1 in residue GLN D 24
2024-02-28 14:07:17,475 WARNING:biomolecule.py:157:num_missing_heavy:Missing atom NE2 in residue GLN D 24
2024-02-28 14:07:17,475 WARNING:biomolecule.py:157:num_missing_heavy:Missing atom CG in residue ARG D 54
2024-02-28 14:07:17,475 WARNING:biomolecule.py:157:num_missing_heavy:Missing atom CD in residue ARG D 54
2024-02-28 14:07:17,475 WARNING:biomolecule.py:157:num_missing_heavy:Missing atom NE in residue ARG D 54
2024-02-28 14:07:17,475 WARNING:biomolecule.py:157:num_missing_heavy:Missing atom CZ in residue ARG D 54
2024-02-28 14:07:17,475 WARNING:biomolecule.py:157:num_missing_heavy:Missing atom NH1 in residue ARG D 54
2024-02-28 14:07:17,475 WARNING:biomolecule.py:157:num_missing_heavy:Missing atom NH2 in residue ARG D 54
2024-02-28 14:07:17,476 WARNING:biomolecule.py:157:num_missing_heavy:Missing atom CG in residue GLN D 144
2024-02-28 14:07:17,476 WARNING:biomolecule.py:157:num_missing_heavy:Missing atom CD in residue GLN D 144
2024-02-28 14:07:17,476 WARNING:biomolecule.py:157:num_missing_heavy:Missing atom OE1 in residue GLN D 144
2024-02-28 14:07:17,476 WARNING:biomolecule.py:157:num_missing_heavy:Missing atom NE2 in residue GLN D 144
2024-02-28 14:07:17,476 WARNING:biomolecule.py:157:num_missing_heavy:Missing atom CG in residue ARG D 145
2024-02-28 14:07:17,476 WARNING:biomolecule.py:157:num_missing_heavy:Missing atom CD in residue ARG D 145
2024-02-28 14:07:17,476 WARNING:biomolecule.py:157:num_missing_heavy:Missing atom NE in residue ARG D 145
2024-02-28 14:07:17,476 WARNING:biomolecule.py:157:num_missing_heavy:Missing atom CZ in residue ARG D 145
2024-02-28 14:07:17,476 WARNING:biomolecule.py:157:num_missing_heavy:Missing atom NH1 in residue ARG D 145
2024-02-28 14:07:17,476 WARNING:biomolecule.py:157:num_missing_heavy:Missing atom NH2 in residue ARG D 145
2024-02-28 14:07:17,476 WARNING:biomolecule.py:157:num_missing_heavy:Missing atom CG in residue LYS D 152
2024-02-28 14:07:17,657 WARNING:biomolecule.py:157:num_missing_heavy:Missing atom CD in residue LYS D 152
2024-02-28 14:07:17,657 WARNING:biomolecule.py:157:num_missing_heavy:Missing atom CE in residue LYS D 152
2024-02-28 14:07:17,657 WARNING:biomolecule.py:157:num_missing_heavy:Missing atom NZ in residue LYS D 152
2024-02-28 14:07:17,657 WARNING:biomolecule.py:157:num_missing_heavy:Missing atom CG in residue GLU E 2
2024-02-28 14:07:17,657 WARNING:biomolecule.py:157:num_missing_heavy:Missing atom CD in residue GLU E 2
2024-02-28 14:07:17,657 WARNING:biomolecule.py:157:num_missing_heavy:Missing atom OE1 in residue GLU E 2
2024-02-28 14:07:17,657 WARNING:biomolecule.py:157:num_missing_heavy:Missing atom OE2 in residue GLU E 2
2024-02-28 14:07:17,658 WARNING:biomolecule.py:157:num_missing_heavy:Missing atom CG in residue GLN E 24
2024-02-28 14:07:17,658 WARNING:biomolecule.py:157:num_missing_heavy:Missing atom CD in residue GLN E 24
2024-02-28 14:07:17,877 WARNING:biomolecule.py:157:num_missing_heavy:Missing atom OE1 in residue GLN E 24
2024-02-28 14:07:17,877 WARNING:biomolecule.py:157:num_missing_heavy:Missing atom NE2 in residue GLN E 24
2024-02-28 14:07:17,878 WARNING:biomolecule.py:157:num_missing_heavy:Missing atom CG in residue ARG E 54
2024-02-28 14:07:17,878 WARNING:biomolecule.py:157:num_missing_heavy:Missing atom CD in residue ARG E 54
2024-02-28 14:07:17,878 WARNING:biomolecule.py:157:num_missing_heavy:Missing atom NE in residue ARG E 54
2024-02-28 14:07:17,878 WARNING:biomolecule.py:157:num_missing_heavy:Missing atom CZ in residue ARG E 54
2024-02-28 14:07:17,878 WARNING:biomolecule.py:157:num_missing_heavy:Missing atom NH1 in residue ARG E 54
2024-02-28 14:07:17,878 WARNING:biomolecule.py:157:num_missing_heavy:Missing atom NH2 in residue ARG E 54
2024-02-28 14:07:17,878 WARNING:biomolecule.py:157:num_missing_heavy:Missing atom CG in residue GLN E 144
2024-02-28 14:07:17,878 WARNING:biomolecule.py:157:num_missing_heavy:Missing atom CD in residue GLN E 144
2024-02-28 14:07:17,878 WARNING:biomolecule.py:157:num_missing_heavy:Missing atom OE1 in residue GLN E 144
2024-02-28 14:07:17,878 WARNING:biomolecule.py:157:num_missing_heavy:Missing atom NE2 in residue GLN E 144
2024-02-28 14:07:17,878 WARNING:biomolecule.py:157:num_missing_heavy:Missing atom CG in residue ARG E 145
2024-02-28 14:07:17,878 WARNING:biomolecule.py:157:num_missing_heavy:Missing atom CD in residue ARG E 145
2024-02-28 14:07:17,878 WARNING:biomolecule.py:157:num_missing_heavy:Missing atom NE in residue ARG E 145
2024-02-28 14:07:17,878 WARNING:biomolecule.py:157:num_missing_heavy:Missing atom CZ in residue ARG E 145
2024-02-28 14:07:17,878 WARNING:biomolecule.py:157:num_missing_heavy:Missing atom NH1 in residue ARG E 145
2024-02-28 14:07:17,878 WARNING:biomolecule.py:157:num_missing_heavy:Missing atom NH2 in residue ARG E 145
2024-02-28 14:07:17,879 WARNING:biomolecule.py:157:num_missing_heavy:Missing atom CG in residue LYS E 152
2024-02-28 14:07:17,879 WARNING:biomolecule.py:157:num_missing_heavy:Missing atom CD in residue LYS E 152
2024-02-28 14:07:17,879 WARNING:biomolecule.py:157:num_missing_heavy:Missing atom CE in residue LYS E 152
2024-02-28 14:07:17,879 WARNING:biomolecule.py:157:num_missing_heavy:Missing atom NZ in residue LYS E 152
2024-02-28 14:07:17,879 WARNING:biomolecule.py:157:num_missing_heavy:Missing atom CG in residue GLU F 2
2024-02-28 14:07:17,879 WARNING:biomolecule.py:157:num_missing_heavy:Missing atom CD in residue GLU F 2
2024-02-28 14:07:17,879 WARNING:biomolecule.py:157:num_missing_heavy:Missing atom OE1 in residue GLU F 2
2024-02-28 14:07:17,879 WARNING:biomolecule.py:157:num_missing_heavy:Missing atom OE2 in residue GLU F 2
2024-02-28 14:07:17,879 WARNING:biomolecule.py:157:num_missing_heavy:Missing atom CG in residue GLN F 24
2024-02-28 14:07:17,879 WARNING:biomolecule.py:157:num_missing_heavy:Missing atom CD in residue GLN F 24
2024-02-28 14:07:17,879 WARNING:biomolecule.py:157:num_missing_heavy:Missing atom OE1 in residue GLN F 24
2024-02-28 14:07:17,879 WARNING:biomolecule.py:157:num_missing_heavy:Missing atom NE2 in residue GLN F 24
2024-02-28 14:07:17,879 WARNING:biomolecule.py:157:num_missing_heavy:Missing atom CG in residue ARG F 54
2024-02-28 14:07:17,879 WARNING:biomolecule.py:157:num_missing_heavy:Missing atom CD in residue ARG F 54
2024-02-28 14:07:17,879 WARNING:biomolecule.py:157:num_missing_heavy:Missing atom NE in residue ARG F 54
2024-02-28 14:07:17,879 WARNING:biomolecule.py:157:num_missing_heavy:Missing atom CZ in residue ARG F 54
2024-02-28 14:07:17,879 WARNING:biomolecule.py:157:num_missing_heavy:Missing atom NH1 in residue ARG F 54
2024-02-28 14:07:17,879 WARNING:biomolecule.py:157:num_missing_heavy:Missing atom NH2 in residue ARG F 54
2024-02-28 14:07:17,880 WARNING:biomolecule.py:157:num_missing_heavy:Missing atom CG in residue GLN F 144
2024-02-28 14:07:17,880 WARNING:biomolecule.py:157:num_missing_heavy:Missing atom CD in residue GLN F 144
2024-02-28 14:07:17,880 WARNING:biomolecule.py:157:num_missing_heavy:Missing atom OE1 in residue GLN F 144
2024-02-28 14:07:17,880 WARNING:biomolecule.py:157:num_missing_heavy:Missing atom NE2 in residue GLN F 144
2024-02-28 14:07:17,880 WARNING:biomolecule.py:157:num_missing_heavy:Missing atom CG in residue ARG F 145
2024-02-28 14:07:17,880 WARNING:biomolecule.py:157:num_missing_heavy:Missing atom CD in residue ARG F 145
2024-02-28 14:07:17,880 WARNING:biomolecule.py:157:num_missing_heavy:Missing atom NE in residue ARG F 145
2024-02-28 14:07:17,880 WARNING:biomolecule.py:157:num_missing_heavy:Missing atom CZ in residue ARG F 145
2024-02-28 14:07:17,880 WARNING:biomolecule.py:157:num_missing_heavy:Missing atom NH1 in residue ARG F 145
2024-02-28 14:07:17,880 WARNING:biomolecule.py:157:num_missing_heavy:Missing atom NH2 in residue ARG F 145
2024-02-28 14:07:17,880 WARNING:biomolecule.py:157:num_missing_heavy:Missing atom OXT in residue LEU F 151
2024-02-28 14:07:17,880 WARNING:biomolecule.py:157:num_missing_heavy:Missing atom CG in residue GLU A 2
2024-02-28 14:07:17,880 WARNING:biomolecule.py:157:num_missing_heavy:Missing atom CD in residue GLU A 2
2024-02-28 14:07:17,880 WARNING:biomolecule.py:157:num_missing_heavy:Missing atom OE1 in residue GLU A 2
2024-02-28 14:07:17,880 WARNING:biomolecule.py:157:num_missing_heavy:Missing atom OE2 in residue GLU A 2
2024-02-28 14:07:17,880 WARNING:biomolecule.py:157:num_missing_heavy:Missing atom CG in residue GLN A 24
2024-02-28 14:07:17,881 WARNING:biomolecule.py:157:num_missing_heavy:Missing atom CD in residue GLN A 24
2024-02-28 14:07:17,881 WARNING:biomolecule.py:157:num_missing_heavy:Missing atom OE1 in residue GLN A 24
2024-02-28 14:07:17,881 WARNING:biomolecule.py:157:num_missing_heavy:Missing atom NE2 in residue GLN A 24
2024-02-28 14:07:17,881 WARNING:biomolecule.py:157:num_missing_heavy:Missing atom CG in residue ARG A 54
2024-02-28 14:07:17,881 WARNING:biomolecule.py:157:num_missing_heavy:Missing atom CD in residue ARG A 54
2024-02-28 14:07:17,881 WARNING:biomolecule.py:157:num_missing_heavy:Missing atom NE in residue ARG A 54
2024-02-28 14:07:17,881 WARNING:biomolecule.py:157:num_missing_heavy:Missing atom CZ in residue ARG A 54
2024-02-28 14:07:17,881 WARNING:biomolecule.py:157:num_missing_heavy:Missing atom NH1 in residue ARG A 54
2024-02-28 14:07:17,881 WARNING:biomolecule.py:157:num_missing_heavy:Missing atom NH2 in residue ARG A 54
2024-02-28 14:07:17,881 WARNING:biomolecule.py:157:num_missing_heavy:Missing atom CG in residue GLN A 144
2024-02-28 14:07:17,881 WARNING:biomolecule.py:157:num_missing_heavy:Missing atom CD in residue GLN A 144
2024-02-28 14:07:17,881 WARNING:biomolecule.py:157:num_missing_heavy:Missing atom OE1 in residue GLN A 144
2024-02-28 14:07:17,881 WARNING:biomolecule.py:157:num_missing_heavy:Missing atom NE2 in residue GLN A 144
2024-02-28 14:07:17,882 WARNING:biomolecule.py:157:num_missing_heavy:Missing atom CG in residue ARG A 145
2024-02-28 14:07:17,882 WARNING:biomolecule.py:157:num_missing_heavy:Missing atom CD in residue ARG A 145
2024-02-28 14:07:17,882 WARNING:biomolecule.py:157:num_missing_heavy:Missing atom NE in residue ARG A 145
2024-02-28 14:07:17,882 WARNING:biomolecule.py:157:num_missing_heavy:Missing atom CZ in residue ARG A 145
2024-02-28 14:07:17,882 WARNING:biomolecule.py:157:num_missing_heavy:Missing atom NH1 in residue ARG A 145
2024-02-28 14:07:17,882 WARNING:biomolecule.py:157:num_missing_heavy:Missing atom NH2 in residue ARG A 145
2024-02-28 14:07:17,882 WARNING:biomolecule.py:157:num_missing_heavy:Missing atom CG in residue LYS A 152
2024-02-28 14:07:17,882 WARNING:biomolecule.py:157:num_missing_heavy:Missing atom CD in residue LYS A 152
2024-02-28 14:07:17,882 WARNING:biomolecule.py:157:num_missing_heavy:Missing atom CE in residue LYS A 152
2024-02-28 14:07:17,882 WARNING:biomolecule.py:157:num_missing_heavy:Missing atom NZ in residue LYS A 152
2024-02-28 14:07:17,882 WARNING:biomolecule.py:157:num_missing_heavy:Missing atom CG in residue GLU B 2
2024-02-28 14:07:17,882 WARNING:biomolecule.py:157:num_missing_heavy:Missing atom CD in residue GLU B 2
2024-02-28 14:07:17,882 WARNING:biomolecule.py:157:num_missing_heavy:Missing atom OE1 in residue GLU B 2
2024-02-28 14:07:17,882 WARNING:biomolecule.py:157:num_missing_heavy:Missing atom OE2 in residue GLU B 2
2024-02-28 14:07:17,882 WARNING:biomolecule.py:157:num_missing_heavy:Missing atom CG in residue GLN B 24
2024-02-28 14:07:17,882 WARNING:biomolecule.py:157:num_missing_heavy:Missing atom CD in residue GLN B 24
2024-02-28 14:07:17,882 WARNING:biomolecule.py:157:num_missing_heavy:Missing atom OE1 in residue GLN B 24
2024-02-28 14:07:17,882 WARNING:biomolecule.py:157:num_missing_heavy:Missing atom NE2 in residue GLN B 24
2024-02-28 14:07:17,882 WARNING:biomolecule.py:157:num_missing_heavy:Missing atom CG in residue ARG B 54
2024-02-28 14:07:17,882 WARNING:biomolecule.py:157:num_missing_heavy:Missing atom CD in residue ARG B 54
2024-02-28 14:07:17,883 WARNING:biomolecule.py:157:num_missing_heavy:Missing atom NE in residue ARG B 54
2024-02-28 14:07:17,883 WARNING:biomolecule.py:157:num_missing_heavy:Missing atom CZ in residue ARG B 54
2024-02-28 14:07:17,883 WARNING:biomolecule.py:157:num_missing_heavy:Missing atom NH1 in residue ARG B 54
2024-02-28 14:07:17,883 WARNING:biomolecule.py:157:num_missing_heavy:Missing atom NH2 in residue ARG B 54
2024-02-28 14:07:17,883 WARNING:biomolecule.py:157:num_missing_heavy:Missing atom CG in residue GLN B 144
2024-02-28 14:07:17,883 WARNING:biomolecule.py:157:num_missing_heavy:Missing atom CD in residue GLN B 144
2024-02-28 14:07:17,883 WARNING:biomolecule.py:157:num_missing_heavy:Missing atom OE1 in residue GLN B 144
2024-02-28 14:07:17,883 WARNING:biomolecule.py:157:num_missing_heavy:Missing atom NE2 in residue GLN B 144
2024-02-28 14:07:17,883 WARNING:biomolecule.py:157:num_missing_heavy:Missing atom CG in residue ARG B 145
2024-02-28 14:07:17,883 WARNING:biomolecule.py:157:num_missing_heavy:Missing atom CD in residue ARG B 145
2024-02-28 14:07:17,883 WARNING:biomolecule.py:157:num_missing_heavy:Missing atom NE in residue ARG B 145
2024-02-28 14:07:17,883 WARNING:biomolecule.py:157:num_missing_heavy:Missing atom CZ in residue ARG B 145
2024-02-28 14:07:17,883 WARNING:biomolecule.py:157:num_missing_heavy:Missing atom NH1 in residue ARG B 145
2024-02-28 14:07:17,883 WARNING:biomolecule.py:157:num_missing_heavy:Missing atom NH2 in residue ARG B 145
2024-02-28 14:07:17,883 WARNING:biomolecule.py:157:num_missing_heavy:Missing atom OXT in residue LEU B 151
2024-02-28 14:07:17,884 WARNING:biomolecule.py:157:num_missing_heavy:Missing atom CG in residue GLN C 24
2024-02-28 14:07:17,884 WARNING:biomolecule.py:157:num_missing_heavy:Missing atom CD in residue GLN C 24
2024-02-28 14:07:17,884 WARNING:biomolecule.py:157:num_missing_heavy:Missing atom OE1 in residue GLN C 24
2024-02-28 14:07:17,884 WARNING:biomolecule.py:157:num_missing_heavy:Missing atom NE2 in residue GLN C 24
2024-02-28 14:07:17,884 WARNING:biomolecule.py:157:num_missing_heavy:Missing atom CG in residue ARG C 54
2024-02-28 14:07:17,884 WARNING:biomolecule.py:157:num_missing_heavy:Missing atom CD in residue ARG C 54
2024-02-28 14:07:17,884 WARNING:biomolecule.py:157:num_missing_heavy:Missing atom NE in residue ARG C 54
2024-02-28 14:07:17,884 WARNING:biomolecule.py:157:num_missing_heavy:Missing atom CZ in residue ARG C 54
2024-02-28 14:07:17,884 WARNING:biomolecule.py:157:num_missing_heavy:Missing atom NH1 in residue ARG C 54
2024-02-28 14:07:17,884 WARNING:biomolecule.py:157:num_missing_heavy:Missing atom NH2 in residue ARG C 54
2024-02-28 14:07:17,884 WARNING:biomolecule.py:157:num_missing_heavy:Missing atom CG in residue GLN C 144
2024-02-28 14:07:17,884 WARNING:biomolecule.py:157:num_missing_heavy:Missing atom CD in residue GLN C 144
2024-02-28 14:07:17,885 WARNING:biomolecule.py:157:num_missing_heavy:Missing atom OE1 in residue GLN C 144
2024-02-28 14:07:17,885 WARNING:biomolecule.py:157:num_missing_heavy:Missing atom NE2 in residue GLN C 144
2024-02-28 14:07:17,885 WARNING:biomolecule.py:157:num_missing_heavy:Missing atom CG in residue ARG C 145
2024-02-28 14:07:17,885 WARNING:biomolecule.py:157:num_missing_heavy:Missing atom CD in residue ARG C 145
2024-02-28 14:07:17,885 WARNING:biomolecule.py:157:num_missing_heavy:Missing atom NE in residue ARG C 145
2024-02-28 14:07:17,885 WARNING:biomolecule.py:157:num_missing_heavy:Missing atom CZ in residue ARG C 145
2024-02-28 14:07:17,885 WARNING:biomolecule.py:157:num_missing_heavy:Missing atom NH1 in residue ARG C 145
2024-02-28 14:07:17,885 WARNING:biomolecule.py:157:num_missing_heavy:Missing atom NH2 in residue ARG C 145
2024-02-28 14:07:17,885 WARNING:biomolecule.py:157:num_missing_heavy:Missing atom CG in residue LYS C 152
2024-02-28 14:07:17,885 WARNING:biomolecule.py:157:num_missing_heavy:Missing atom CD in residue LYS C 152
2024-02-28 14:07:17,885 WARNING:biomolecule.py:157:num_missing_heavy:Missing atom CE in residue LYS C 152
2024-02-28 14:07:17,885 WARNING:biomolecule.py:157:num_missing_heavy:Missing atom NZ in residue LYS C 152
2024-02-28 14:07:17,911 WARNING:biomolecule.py:157:num_missing_heavy:Missing atom CG in residue GLN D 24
2024-02-28 14:07:17,911 WARNING:biomolecule.py:157:num_missing_heavy:Missing atom CD in residue GLN D 24
2024-02-28 14:07:17,911 WARNING:biomolecule.py:157:num_missing_heavy:Missing atom OE1 in residue GLN D 24
2024-02-28 14:07:17,911 WARNING:biomolecule.py:157:num_missing_heavy:Missing atom NE2 in residue GLN D 24
2024-02-28 14:07:17,911 WARNING:biomolecule.py:157:num_missing_heavy:Missing atom CG in residue ARG D 54
2024-02-28 14:07:17,911 WARNING:biomolecule.py:157:num_missing_heavy:Missing atom CD in residue ARG D 54
2024-02-28 14:07:17,911 WARNING:biomolecule.py:157:num_missing_heavy:Missing atom NE in residue ARG D 54
2024-02-28 14:07:17,911 WARNING:biomolecule.py:157:num_missing_heavy:Missing atom CZ in residue ARG D 54
2024-02-28 14:07:17,911 WARNING:biomolecule.py:157:num_missing_heavy:Missing atom NH1 in residue ARG D 54
2024-02-28 14:07:17,911 WARNING:biomolecule.py:157:num_missing_heavy:Missing atom NH2 in residue ARG D 54
2024-02-28 14:07:17,912 WARNING:biomolecule.py:157:num_missing_heavy:Missing atom CG in residue GLN D 144
2024-02-28 14:07:17,912 WARNING:biomolecule.py:157:num_missing_heavy:Missing atom CD in residue GLN D 144
2024-02-28 14:07:17,912 WARNING:biomolecule.py:157:num_missing_heavy:Missing atom OE1 in residue GLN D 144
2024-02-28 14:07:17,912 WARNING:biomolecule.py:157:num_missing_heavy:Missing atom NE2 in residue GLN D 144
2024-02-28 14:07:17,912 WARNING:biomolecule.py:157:num_missing_heavy:Missing atom CG in residue ARG D 145
2024-02-28 14:07:17,912 WARNING:biomolecule.py:157:num_missing_heavy:Missing atom CD in residue ARG D 145
2024-02-28 14:07:17,912 WARNING:biomolecule.py:157:num_missing_heavy:Missing atom NE in residue ARG D 145
2024-02-28 14:07:17,912 WARNING:biomolecule.py:157:num_missing_heavy:Missing atom CZ in residue ARG D 145
2024-02-28 14:07:17,912 WARNING:biomolecule.py:157:num_missing_heavy:Missing atom NH1 in residue ARG D 145
2024-02-28 14:07:17,912 WARNING:biomolecule.py:157:num_missing_heavy:Missing atom NH2 in residue ARG D 145
2024-02-28 14:07:17,912 WARNING:biomolecule.py:157:num_missing_heavy:Missing atom CG in residue LYS D 152
2024-02-28 14:07:17,912 WARNING:biomolecule.py:157:num_missing_heavy:Missing atom CD in residue LYS D 152
2024-02-28 14:07:17,912 WARNING:biomolecule.py:157:num_missing_heavy:Missing atom CE in residue LYS D 152
2024-02-28 14:07:17,912 WARNING:biomolecule.py:157:num_missing_heavy:Missing atom NZ in residue LYS D 152
2024-02-28 14:07:17,912 WARNING:biomolecule.py:157:num_missing_heavy:Missing atom CG in residue GLU E 2
2024-02-28 14:07:17,912 WARNING:biomolecule.py:157:num_missing_heavy:Missing atom CD in residue GLU E 2
2024-02-28 14:07:17,912 WARNING:biomolecule.py:157:num_missing_heavy:Missing atom OE1 in residue GLU E 2
2024-02-28 14:07:17,912 WARNING:biomolecule.py:157:num_missing_heavy:Missing atom OE2 in residue GLU E 2
2024-02-28 14:07:17,912 WARNING:biomolecule.py:157:num_missing_heavy:Missing atom CG in residue GLN E 24
2024-02-28 14:07:17,912 WARNING:biomolecule.py:157:num_missing_heavy:Missing atom CD in residue GLN E 24
2024-02-28 14:07:17,912 WARNING:biomolecule.py:157:num_missing_heavy:Missing atom OE1 in residue GLN E 24
2024-02-28 14:07:17,913 WARNING:biomolecule.py:157:num_missing_heavy:Missing atom NE2 in residue GLN E 24
2024-02-28 14:07:17,913 WARNING:biomolecule.py:157:num_missing_heavy:Missing atom CG in residue ARG E 54
2024-02-28 14:07:17,913 WARNING:biomolecule.py:157:num_missing_heavy:Missing atom CD in residue ARG E 54
2024-02-28 14:07:17,913 WARNING:biomolecule.py:157:num_missing_heavy:Missing atom NE in residue ARG E 54
2024-02-28 14:07:17,913 WARNING:biomolecule.py:157:num_missing_heavy:Missing atom CZ in residue ARG E 54
2024-02-28 14:07:17,913 WARNING:biomolecule.py:157:num_missing_heavy:Missing atom NH1 in residue ARG E 54
2024-02-28 14:07:17,913 WARNING:biomolecule.py:157:num_missing_heavy:Missing atom NH2 in residue ARG E 54
2024-02-28 14:07:17,914 WARNING:biomolecule.py:157:num_missing_heavy:Missing atom CG in residue GLN E 144
2024-02-28 14:07:17,914 WARNING:biomolecule.py:157:num_missing_heavy:Missing atom CD in residue GLN E 144
2024-02-28 14:07:17,914 WARNING:biomolecule.py:157:num_missing_heavy:Missing atom OE1 in residue GLN E 144
2024-02-28 14:07:17,914 WARNING:biomolecule.py:157:num_missing_heavy:Missing atom NE2 in residue GLN E 144
2024-02-28 14:07:17,914 WARNING:biomolecule.py:157:num_missing_heavy:Missing atom CG in residue ARG E 145
2024-02-28 14:07:17,914 WARNING:biomolecule.py:157:num_missing_heavy:Missing atom CD in residue ARG E 145
2024-02-28 14:07:17,914 WARNING:biomolecule.py:157:num_missing_heavy:Missing atom NE in residue ARG E 145
2024-02-28 14:07:17,914 WARNING:biomolecule.py:157:num_missing_heavy:Missing atom CZ in residue ARG E 145
2024-02-28 14:07:17,914 WARNING:biomolecule.py:157:num_missing_heavy:Missing atom NH1 in residue ARG E 145
2024-02-28 14:07:17,914 WARNING:biomolecule.py:157:num_missing_heavy:Missing atom NH2 in residue ARG E 145
2024-02-28 14:07:17,914 WARNING:biomolecule.py:157:num_missing_heavy:Missing atom CG in residue LYS E 152
2024-02-28 14:07:17,914 WARNING:biomolecule.py:157:num_missing_heavy:Missing atom CD in residue LYS E 152
2024-02-28 14:07:17,914 WARNING:biomolecule.py:157:num_missing_heavy:Missing atom CE in residue LYS E 152
2024-02-28 14:07:17,914 WARNING:biomolecule.py:157:num_missing_heavy:Missing atom NZ in residue LYS E 152
2024-02-28 14:07:17,914 WARNING:biomolecule.py:157:num_missing_heavy:Missing atom CG in residue GLU F 2
2024-02-28 14:07:17,914 WARNING:biomolecule.py:157:num_missing_heavy:Missing atom CD in residue GLU F 2
2024-02-28 14:07:17,914 WARNING:biomolecule.py:157:num_missing_heavy:Missing atom OE1 in residue GLU F 2
2024-02-28 14:07:17,914 WARNING:biomolecule.py:157:num_missing_heavy:Missing atom OE2 in residue GLU F 2
2024-02-28 14:07:17,914 WARNING:biomolecule.py:157:num_missing_heavy:Missing atom CG in residue GLN F 24
2024-02-28 14:07:17,914 WARNING:biomolecule.py:157:num_missing_heavy:Missing atom CD in residue GLN F 24
2024-02-28 14:07:17,914 WARNING:biomolecule.py:157:num_missing_heavy:Missing atom OE1 in residue GLN F 24
2024-02-28 14:07:17,914 WARNING:biomolecule.py:157:num_missing_heavy:Missing atom NE2 in residue GLN F 24
2024-02-28 14:07:17,915 WARNING:biomolecule.py:157:num_missing_heavy:Missing atom CG in residue ARG F 54
2024-02-28 14:07:17,915 WARNING:biomolecule.py:157:num_missing_heavy:Missing atom CD in residue ARG F 54
2024-02-28 14:07:17,915 WARNING:biomolecule.py:157:num_missing_heavy:Missing atom NE in residue ARG F 54
2024-02-28 14:07:17,915 WARNING:biomolecule.py:157:num_missing_heavy:Missing atom CZ in residue ARG F 54
2024-02-28 14:07:17,915 WARNING:biomolecule.py:157:num_missing_heavy:Missing atom NH1 in residue ARG F 54
2024-02-28 14:07:17,915 WARNING:biomolecule.py:157:num_missing_heavy:Missing atom NH2 in residue ARG F 54
2024-02-28 14:07:17,915 WARNING:biomolecule.py:157:num_missing_heavy:Missing atom CG in residue GLN F 144
2024-02-28 14:07:17,915 WARNING:biomolecule.py:157:num_missing_heavy:Missing atom CD in residue GLN F 144
2024-02-28 14:07:17,915 WARNING:biomolecule.py:157:num_missing_heavy:Missing atom OE1 in residue GLN F 144
2024-02-28 14:07:17,915 WARNING:biomolecule.py:157:num_missing_heavy:Missing atom NE2 in residue GLN F 144
2024-02-28 14:07:17,915 WARNING:biomolecule.py:157:num_missing_heavy:Missing atom CG in residue ARG F 145
2024-02-28 14:07:17,915 WARNING:biomolecule.py:157:num_missing_heavy:Missing atom CD in residue ARG F 145
2024-02-28 14:07:17,915 WARNING:biomolecule.py:157:num_missing_heavy:Missing atom NE in residue ARG F 145
2024-02-28 14:07:17,915 WARNING:biomolecule.py:157:num_missing_heavy:Missing atom CZ in residue ARG F 145
2024-02-28 14:07:17,915 WARNING:biomolecule.py:157:num_missing_heavy:Missing atom NH1 in residue ARG F 145
2024-02-28 14:07:17,915 WARNING:biomolecule.py:157:num_missing_heavy:Missing atom NH2 in residue ARG F 145
2024-02-28 14:07:17,915 WARNING:biomolecule.py:157:num_missing_heavy:Missing atom OXT in residue LEU F 151
2024-02-28 14:07:17,916 WARNING:biomolecule.py:157:num_missing_heavy:Missing atom CG in residue GLU A 2
2024-02-28 14:07:17,916 WARNING:biomolecule.py:157:num_missing_heavy:Missing atom CD in residue GLU A 2
2024-02-28 14:07:17,916 WARNING:biomolecule.py:157:num_missing_heavy:Missing atom OE1 in residue GLU A 2
2024-02-28 14:07:17,916 WARNING:biomolecule.py:157:num_missing_heavy:Missing atom OE2 in residue GLU A 2
2024-02-28 14:07:17,916 WARNING:biomolecule.py:157:num_missing_heavy:Missing atom CG in residue GLN A 24
2024-02-28 14:07:17,916 WARNING:biomolecule.py:157:num_missing_heavy:Missing atom CD in residue GLN A 24
2024-02-28 14:07:17,916 WARNING:biomolecule.py:157:num_missing_heavy:Missing atom OE1 in residue GLN A 24
2024-02-28 14:07:17,916 WARNING:biomolecule.py:157:num_missing_heavy:Missing atom NE2 in residue GLN A 24
2024-02-28 14:07:17,916 WARNING:biomolecule.py:157:num_missing_heavy:Missing atom CG in residue ARG A 54
2024-02-28 14:07:17,916 WARNING:biomolecule.py:157:num_missing_heavy:Missing atom CD in residue ARG A 54
2024-02-28 14:07:17,916 WARNING:biomolecule.py:157:num_missing_heavy:Missing atom NE in residue ARG A 54
2024-02-28 14:07:17,916 WARNING:biomolecule.py:157:num_missing_heavy:Missing atom CZ in residue ARG A 54
2024-02-28 14:07:17,916 WARNING:biomolecule.py:157:num_missing_heavy:Missing atom NH1 in residue ARG A 54
2024-02-28 14:07:17,916 WARNING:biomolecule.py:157:num_missing_heavy:Missing atom NH2 in residue ARG A 54
2024-02-28 14:07:17,917 WARNING:biomolecule.py:157:num_missing_heavy:Missing atom CG in residue GLN A 144
2024-02-28 14:07:17,917 WARNING:biomolecule.py:157:num_missing_heavy:Missing atom CD in residue GLN A 144
2024-02-28 14:07:17,917 WARNING:biomolecule.py:157:num_missing_heavy:Missing atom OE1 in residue GLN A 144
2024-02-28 14:07:17,917 WARNING:biomolecule.py:157:num_missing_heavy:Missing atom NE2 in residue GLN A 144
2024-02-28 14:07:17,917 WARNING:biomolecule.py:157:num_missing_heavy:Missing atom CG in residue ARG A 145
2024-02-28 14:07:17,917 WARNING:biomolecule.py:157:num_missing_heavy:Missing atom CD in residue ARG A 145
2024-02-28 14:07:17,917 WARNING:biomolecule.py:157:num_missing_heavy:Missing atom NE in residue ARG A 145
2024-02-28 14:07:17,917 WARNING:biomolecule.py:157:num_missing_heavy:Missing atom CZ in residue ARG A 145
2024-02-28 14:07:18,289 WARNING:biomolecule.py:157:num_missing_heavy:Missing atom NH1 in residue ARG A 145
2024-02-28 14:07:18,289 WARNING:biomolecule.py:157:num_missing_heavy:Missing atom NH2 in residue ARG A 145
2024-02-28 14:07:18,289 WARNING:biomolecule.py:157:num_missing_heavy:Missing atom CG in residue LYS A 152
2024-02-28 14:07:18,289 WARNING:biomolecule.py:157:num_missing_heavy:Missing atom CD in residue LYS A 152
2024-02-28 14:07:18,289 WARNING:biomolecule.py:157:num_missing_heavy:Missing atom CE in residue LYS A 152
2024-02-28 14:07:18,289 WARNING:biomolecule.py:157:num_missing_heavy:Missing atom NZ in residue LYS A 152
2024-02-28 14:07:18,290 WARNING:biomolecule.py:157:num_missing_heavy:Missing atom CG in residue GLU B 2
2024-02-28 14:07:18,290 WARNING:biomolecule.py:157:num_missing_heavy:Missing atom CD in residue GLU B 2
2024-02-28 14:07:18,290 WARNING:biomolecule.py:157:num_missing_heavy:Missing atom OE1 in residue GLU B 2
2024-02-28 14:07:18,290 WARNING:biomolecule.py:157:num_missing_heavy:Missing atom OE2 in residue GLU B 2
2024-02-28 14:07:18,290 WARNING:biomolecule.py:157:num_missing_heavy:Missing atom CG in residue GLN B 24
2024-02-28 14:07:18,290 WARNING:biomolecule.py:157:num_missing_heavy:Missing atom CD in residue GLN B 24
2024-02-28 14:07:18,290 WARNING:biomolecule.py:157:num_missing_heavy:Missing atom OE1 in residue GLN B 24
2024-02-28 14:07:18,290 WARNING:biomolecule.py:157:num_missing_heavy:Missing atom NE2 in residue GLN B 24
2024-02-28 14:07:18,290 WARNING:biomolecule.py:157:num_missing_heavy:Missing atom CG in residue ARG B 54
2024-02-28 14:07:18,290 WARNING:biomolecule.py:157:num_missing_heavy:Missing atom CD in residue ARG B 54
2024-02-28 14:07:18,290 WARNING:biomolecule.py:157:num_missing_heavy:Missing atom NE in residue ARG B 54
2024-02-28 14:07:18,290 WARNING:biomolecule.py:157:num_missing_heavy:Missing atom CZ in residue ARG B 54
2024-02-28 14:07:18,290 WARNING:biomolecule.py:157:num_missing_heavy:Missing atom NH1 in residue ARG B 54
2024-02-28 14:07:18,290 WARNING:biomolecule.py:157:num_missing_heavy:Missing atom NH2 in residue ARG B 54
2024-02-28 14:07:18,291 WARNING:biomolecule.py:157:num_missing_heavy:Missing atom CG in residue GLN B 144
2024-02-28 14:07:18,291 WARNING:biomolecule.py:157:num_missing_heavy:Missing atom CD in residue GLN B 144
2024-02-28 14:07:18,291 WARNING:biomolecule.py:157:num_missing_heavy:Missing atom OE1 in residue GLN B 144
2024-02-28 14:07:18,833 WARNING:biomolecule.py:157:num_missing_heavy:Missing atom NE2 in residue GLN B 144
2024-02-28 14:07:18,833 WARNING:biomolecule.py:157:num_missing_heavy:Missing atom CG in residue ARG B 145
2024-02-28 14:07:18,833 WARNING:biomolecule.py:157:num_missing_heavy:Missing atom CD in residue ARG B 145
2024-02-28 14:07:18,833 WARNING:biomolecule.py:157:num_missing_heavy:Missing atom NE in residue ARG B 145
2024-02-28 14:07:18,833 WARNING:biomolecule.py:157:num_missing_heavy:Missing atom CZ in residue ARG B 145
2024-02-28 14:07:18,833 WARNING:biomolecule.py:157:num_missing_heavy:Missing atom NH1 in residue ARG B 145
2024-02-28 14:07:18,833 WARNING:biomolecule.py:157:num_missing_heavy:Missing atom NH2 in residue ARG B 145
2024-02-28 14:07:18,834 WARNING:biomolecule.py:157:num_missing_heavy:Missing atom OXT in residue LEU B 151
2024-02-28 14:07:18,834 WARNING:biomolecule.py:157:num_missing_heavy:Missing atom CG in residue GLN C 24
2024-02-28 14:07:18,834 WARNING:biomolecule.py:157:num_missing_heavy:Missing atom CD in residue GLN C 24
2024-02-28 14:07:18,834 WARNING:biomolecule.py:157:num_missing_heavy:Missing atom OE1 in residue GLN C 24
2024-02-28 14:07:18,834 WARNING:biomolecule.py:157:num_missing_heavy:Missing atom NE2 in residue GLN C 24
2024-02-28 14:07:18,834 WARNING:biomolecule.py:157:num_missing_heavy:Missing atom CG in residue ARG C 54
2024-02-28 14:07:18,834 WARNING:biomolecule.py:157:num_missing_heavy:Missing atom CD in residue ARG C 54
2024-02-28 14:07:18,834 WARNING:biomolecule.py:157:num_missing_heavy:Missing atom NE in residue ARG C 54
2024-02-28 14:07:18,834 WARNING:biomolecule.py:157:num_missing_heavy:Missing atom CZ in residue ARG C 54
2024-02-28 14:07:18,834 WARNING:biomolecule.py:157:num_missing_heavy:Missing atom NH1 in residue ARG C 54
2024-02-28 14:07:18,834 WARNING:biomolecule.py:157:num_missing_heavy:Missing atom NH2 in residue ARG C 54
2024-02-28 14:07:18,835 WARNING:biomolecule.py:157:num_missing_heavy:Missing atom CG in residue GLN C 144
2024-02-28 14:07:18,835 WARNING:biomolecule.py:157:num_missing_heavy:Missing atom CD in residue GLN C 144
2024-02-28 14:07:18,835 WARNING:biomolecule.py:157:num_missing_heavy:Missing atom OE1 in residue GLN C 144
2024-02-28 14:07:18,835 WARNING:biomolecule.py:157:num_missing_heavy:Missing atom NE2 in residue GLN C 144
2024-02-28 14:07:18,835 WARNING:biomolecule.py:157:num_missing_heavy:Missing atom CG in residue ARG C 145
2024-02-28 14:07:18,835 WARNING:biomolecule.py:157:num_missing_heavy:Missing atom CD in residue ARG C 145
2024-02-28 14:07:18,835 WARNING:biomolecule.py:157:num_missing_heavy:Missing atom NE in residue ARG C 145
2024-02-28 14:07:18,835 WARNING:biomolecule.py:157:num_missing_heavy:Missing atom CZ in residue ARG C 145
2024-02-28 14:07:18,835 WARNING:biomolecule.py:157:num_missing_heavy:Missing atom NH1 in residue ARG C 145
2024-02-28 14:07:18,835 WARNING:biomolecule.py:157:num_missing_heavy:Missing atom NH2 in residue ARG C 145
2024-02-28 14:07:18,835 WARNING:biomolecule.py:157:num_missing_heavy:Missing atom CG in residue LYS C 152
2024-02-28 14:07:18,835 WARNING:biomolecule.py:157:num_missing_heavy:Missing atom CD in residue LYS C 152
2024-02-28 14:07:18,835 WARNING:biomolecule.py:157:num_missing_heavy:Missing atom CE in residue LYS C 152
2024-02-28 14:07:18,835 WARNING:biomolecule.py:157:num_missing_heavy:Missing atom NZ in residue LYS C 152
2024-02-28 14:07:18,835 WARNING:biomolecule.py:157:num_missing_heavy:Missing atom CG in residue GLN D 24
2024-02-28 14:07:18,835 WARNING:biomolecule.py:157:num_missing_heavy:Missing atom CD in residue GLN D 24
2024-02-28 14:07:18,835 WARNING:biomolecule.py:157:num_missing_heavy:Missing atom OE1 in residue GLN D 24
2024-02-28 14:07:18,835 WARNING:biomolecule.py:157:num_missing_heavy:Missing atom NE2 in residue GLN D 24
2024-02-28 14:07:18,835 WARNING:biomolecule.py:157:num_missing_heavy:Missing atom CG in residue ARG D 54
2024-02-28 14:07:18,835 WARNING:biomolecule.py:157:num_missing_heavy:Missing atom CD in residue ARG D 54
2024-02-28 14:07:18,836 WARNING:biomolecule.py:157:num_missing_heavy:Missing atom NE in residue ARG D 54
2024-02-28 14:07:18,836 WARNING:biomolecule.py:157:num_missing_heavy:Missing atom CZ in residue ARG D 54
2024-02-28 14:07:18,836 WARNING:biomolecule.py:157:num_missing_heavy:Missing atom NH1 in residue ARG D 54
2024-02-28 14:07:18,836 WARNING:biomolecule.py:157:num_missing_heavy:Missing atom NH2 in residue ARG D 54
2024-02-28 14:07:18,836 WARNING:biomolecule.py:157:num_missing_heavy:Missing atom CG in residue GLN D 144
2024-02-28 14:07:18,836 WARNING:biomolecule.py:157:num_missing_heavy:Missing atom CD in residue GLN D 144
2024-02-28 14:07:19,102 WARNING:biomolecule.py:157:num_missing_heavy:Missing atom OE1 in residue GLN D 144
2024-02-28 14:07:19,102 WARNING:biomolecule.py:157:num_missing_heavy:Missing atom NE2 in residue GLN D 144
2024-02-28 14:07:19,268 WARNING:biomolecule.py:157:num_missing_heavy:Missing atom CG in residue ARG D 145
2024-02-28 14:07:19,268 WARNING:biomolecule.py:157:num_missing_heavy:Missing atom CD in residue ARG D 145
2024-02-28 14:07:19,268 WARNING:biomolecule.py:157:num_missing_heavy:Missing atom NE in residue ARG D 145
2024-02-28 14:07:19,268 WARNING:biomolecule.py:157:num_missing_heavy:Missing atom CZ in residue ARG D 145
2024-02-28 14:07:19,268 WARNING:biomolecule.py:157:num_missing_heavy:Missing atom NH1 in residue ARG D 145
2024-02-28 14:07:19,268 WARNING:biomolecule.py:157:num_missing_heavy:Missing atom NH2 in residue ARG D 145
2024-02-28 14:07:19,268 WARNING:biomolecule.py:157:num_missing_heavy:Missing atom CG in residue LYS D 152
2024-02-28 14:07:19,268 WARNING:biomolecule.py:157:num_missing_heavy:Missing atom CD in residue LYS D 152
2024-02-28 14:07:19,268 WARNING:biomolecule.py:157:num_missing_heavy:Missing atom CE in residue LYS D 152
2024-02-28 14:07:19,268 WARNING:biomolecule.py:157:num_missing_heavy:Missing atom NZ in residue LYS D 152
2024-02-28 14:07:19,268 WARNING:biomolecule.py:157:num_missing_heavy:Missing atom CG in residue GLU E 2
2024-02-28 14:07:19,268 WARNING:biomolecule.py:157:num_missing_heavy:Missing atom CD in residue GLU E 2
2024-02-28 14:07:19,268 WARNING:biomolecule.py:157:num_missing_heavy:Missing atom OE1 in residue GLU E 2
2024-02-28 14:07:19,269 WARNING:biomolecule.py:157:num_missing_heavy:Missing atom OE2 in residue GLU E 2
2024-02-28 14:07:19,269 WARNING:biomolecule.py:157:num_missing_heavy:Missing atom CG in residue GLN E 24
2024-02-28 14:07:19,321 WARNING:biomolecule.py:157:num_missing_heavy:Missing atom CD in residue GLN E 24
2024-02-28 14:07:19,321 WARNING:biomolecule.py:157:num_missing_heavy:Missing atom OE1 in residue GLN E 24
2024-02-28 14:07:19,321 WARNING:biomolecule.py:157:num_missing_heavy:Missing atom NE2 in residue GLN E 24
2024-02-28 14:07:19,321 WARNING:biomolecule.py:157:num_missing_heavy:Missing atom CG in residue ARG E 54
2024-02-28 14:07:19,322 WARNING:biomolecule.py:157:num_missing_heavy:Missing atom CD in residue ARG E 54
2024-02-28 14:07:19,322 WARNING:biomolecule.py:157:num_missing_heavy:Missing atom NE in residue ARG E 54
2024-02-28 14:07:19,322 WARNING:biomolecule.py:157:num_missing_heavy:Missing atom CZ in residue ARG E 54
2024-02-28 14:07:19,322 WARNING:biomolecule.py:157:num_missing_heavy:Missing atom NH1 in residue ARG E 54
2024-02-28 14:07:19,322 WARNING:biomolecule.py:157:num_missing_heavy:Missing atom NH2 in residue ARG E 54
2024-02-28 14:07:19,322 WARNING:biomolecule.py:157:num_missing_heavy:Missing atom CG in residue GLN E 144
2024-02-28 14:07:19,322 WARNING:biomolecule.py:157:num_missing_heavy:Missing atom CD in residue GLN E 144
2024-02-28 14:07:19,322 WARNING:biomolecule.py:157:num_missing_heavy:Missing atom OE1 in residue GLN E 144
2024-02-28 14:07:19,322 WARNING:biomolecule.py:157:num_missing_heavy:Missing atom NE2 in residue GLN E 144
2024-02-28 14:07:19,322 WARNING:biomolecule.py:157:num_missing_heavy:Missing atom CG in residue ARG E 145
2024-02-28 14:07:19,322 WARNING:biomolecule.py:157:num_missing_heavy:Missing atom CD in residue ARG E 145
2024-02-28 14:07:19,322 WARNING:biomolecule.py:157:num_missing_heavy:Missing atom NE in residue ARG E 145
2024-02-28 14:07:19,322 WARNING:biomolecule.py:157:num_missing_heavy:Missing atom CZ in residue ARG E 145
2024-02-28 14:07:19,322 WARNING:biomolecule.py:157:num_missing_heavy:Missing atom NH1 in residue ARG E 145
2024-02-28 14:07:19,322 WARNING:biomolecule.py:157:num_missing_heavy:Missing atom NH2 in residue ARG E 145
2024-02-28 14:07:19,323 WARNING:biomolecule.py:157:num_missing_heavy:Missing atom CG in residue LYS E 152
2024-02-28 14:07:19,323 WARNING:biomolecule.py:157:num_missing_heavy:Missing atom CD in residue LYS E 152
2024-02-28 14:07:19,323 WARNING:biomolecule.py:157:num_missing_heavy:Missing atom CE in residue LYS E 152
2024-02-28 14:07:19,323 WARNING:biomolecule.py:157:num_missing_heavy:Missing atom NZ in residue LYS E 152
2024-02-28 14:07:19,323 WARNING:biomolecule.py:157:num_missing_heavy:Missing atom CG in residue GLU F 2
2024-02-28 14:07:19,323 WARNING:biomolecule.py:157:num_missing_heavy:Missing atom CD in residue GLU F 2
2024-02-28 14:07:19,323 WARNING:biomolecule.py:157:num_missing_heavy:Missing atom OE1 in residue GLU F 2
2024-02-28 14:07:19,323 WARNING:biomolecule.py:157:num_missing_heavy:Missing atom OE2 in residue GLU F 2
2024-02-28 14:07:19,323 WARNING:biomolecule.py:157:num_missing_heavy:Missing atom CG in residue GLN F 24
2024-02-28 14:07:19,323 WARNING:biomolecule.py:157:num_missing_heavy:Missing atom CD in residue GLN F 24
2024-02-28 14:07:19,323 WARNING:biomolecule.py:157:num_missing_heavy:Missing atom OE1 in residue GLN F 24
2024-02-28 14:07:19,323 WARNING:biomolecule.py:157:num_missing_heavy:Missing atom NE2 in residue GLN F 24
2024-02-28 14:07:19,323 WARNING:biomolecule.py:157:num_missing_heavy:Missing atom CG in residue ARG F 54
2024-02-28 14:07:19,323 WARNING:biomolecule.py:157:num_missing_heavy:Missing atom CD in residue ARG F 54
2024-02-28 14:07:19,323 WARNING:biomolecule.py:157:num_missing_heavy:Missing atom NE in residue ARG F 54
2024-02-28 14:07:19,323 WARNING:biomolecule.py:157:num_missing_heavy:Missing atom CZ in residue ARG F 54
2024-02-28 14:07:19,323 WARNING:biomolecule.py:157:num_missing_heavy:Missing atom NH1 in residue ARG F 54
2024-02-28 14:07:19,323 WARNING:biomolecule.py:157:num_missing_heavy:Missing atom NH2 in residue ARG F 54
2024-02-28 14:07:19,324 WARNING:biomolecule.py:157:num_missing_heavy:Missing atom CG in residue GLN F 144
2024-02-28 14:07:19,324 WARNING:biomolecule.py:157:num_missing_heavy:Missing atom CD in residue GLN F 144
2024-02-28 14:07:19,324 WARNING:biomolecule.py:157:num_missing_heavy:Missing atom OE1 in residue GLN F 144
2024-02-28 14:07:19,324 WARNING:biomolecule.py:157:num_missing_heavy:Missing atom NE2 in residue GLN F 144
2024-02-28 14:07:19,324 WARNING:biomolecule.py:157:num_missing_heavy:Missing atom CG in residue ARG F 145
2024-02-28 14:07:19,324 WARNING:biomolecule.py:157:num_missing_heavy:Missing atom CD in residue ARG F 145
2024-02-28 14:07:19,421 WARNING:biomolecule.py:157:num_missing_heavy:Missing atom NE in residue ARG F 145
2024-02-28 14:07:19,421 WARNING:biomolecule.py:157:num_missing_heavy:Missing atom CZ in residue ARG F 145
2024-02-28 14:07:19,421 WARNING:biomolecule.py:157:num_missing_heavy:Missing atom NH1 in residue ARG F 145
2024-02-28 14:07:19,421 WARNING:biomolecule.py:157:num_missing_heavy:Missing atom NH2 in residue ARG F 145
2024-02-28 14:07:19,421 WARNING:biomolecule.py:157:num_missing_heavy:Missing atom OXT in residue LEU F 151
2024-02-28 14:07:23,542 WARNING:debump.py:172:debump_biomolecule:WARNING: Unable to debump ASP D 149
2024-02-28 14:07:24,181 WARNING:main.py:311:print_pqr:Ignoring 2560 header lines in output.
2024-02-28 14:07:24,181 WARNING:main.py:315:print_pqr:Ignoring 54 missing lines in output.
