2024-02-28 14:07:16,785 WARNING:biomolecule.py:992:create_residue:Unable to find amino or nucleic acid definition for 120.  Parsing as new residue.
2024-02-28 14:07:16,786 WARNING:biomolecule.py:992:create_residue:Unable to find amino or nucleic acid definition for CIT.  Parsing as new residue.
2024-02-28 14:07:16,786 WARNING:biomolecule.py:992:create_residue:Unable to find amino or nucleic acid definition for CIT.  Parsing as new residue.
2024-02-28 14:07:16,787 WARNING:main.py:418:setup_molecule:Multiple occupancies found: CB in MET B 47.
2024-02-28 14:07:16,787 WARNING:main.py:418:setup_molecule:Multiple occupancies found: CG in MET B 47.
2024-02-28 14:07:16,787 WARNING:main.py:418:setup_molecule:Multiple occupancies found: SD in MET B 47.
2024-02-28 14:07:16,788 WARNING:main.py:418:setup_molecule:Multiple occupancies found: CE in MET B 47.
2024-02-28 14:07:16,788 WARNING:main.py:418:setup_molecule:Multiple occupancies found: HB2 in MET B 47.
2024-02-28 14:07:16,788 WARNING:main.py:418:setup_molecule:Multiple occupancies found: HB3 in MET B 47.
2024-02-28 14:07:16,788 WARNING:main.py:418:setup_molecule:Multiple occupancies found: HG2 in MET B 47.
2024-02-28 14:07:16,788 WARNING:main.py:418:setup_molecule:Multiple occupancies found: HG3 in MET B 47.
2024-02-28 14:07:16,788 WARNING:main.py:418:setup_molecule:Multiple occupancies found: HE1 in MET B 47.
2024-02-28 14:07:16,788 WARNING:main.py:418:setup_molecule:Multiple occupancies found: HE2 in MET B 47.
2024-02-28 14:07:16,788 WARNING:main.py:418:setup_molecule:Multiple occupancies found: HE3 in MET B 47.
2024-02-28 14:07:16,788 WARNING:main.py:424:setup_molecule:Multiple occupancies found in MET B 47. At least one of the instances is being ignored.
2024-02-28 14:07:16,788 WARNING:main.py:418:setup_molecule:Multiple occupancies found: CB in THR B 139.
2024-02-28 14:07:16,788 WARNING:main.py:418:setup_molecule:Multiple occupancies found: OG1 in THR B 139.
2024-02-28 14:07:16,788 WARNING:main.py:418:setup_molecule:Multiple occupancies found: CG2 in THR B 139.
2024-02-28 14:07:16,788 WARNING:main.py:418:setup_molecule:Multiple occupancies found: HB in THR B 139.
2024-02-28 14:07:16,788 WARNING:main.py:418:setup_molecule:Multiple occupancies found: HG1 in THR B 139.
2024-02-28 14:07:16,788 WARNING:main.py:418:setup_molecule:Multiple occupancies found: HG21 in THR B 139.
2024-02-28 14:07:16,788 WARNING:main.py:418:setup_molecule:Multiple occupancies found: HG22 in THR B 139.
2024-02-28 14:07:16,788 WARNING:main.py:418:setup_molecule:Multiple occupancies found: HG23 in THR B 139.
2024-02-28 14:07:16,788 WARNING:main.py:424:setup_molecule:Multiple occupancies found in THR B 139. At least one of the instances is being ignored.
2024-02-28 14:07:16,788 WARNING:main.py:418:setup_molecule:Multiple occupancies found: CB in ARG B 166.
2024-02-28 14:07:16,788 WARNING:main.py:418:setup_molecule:Multiple occupancies found: CG in ARG B 166.
2024-02-28 14:07:16,788 WARNING:main.py:418:setup_molecule:Multiple occupancies found: CD in ARG B 166.
2024-02-28 14:07:16,788 WARNING:main.py:418:setup_molecule:Multiple occupancies found: NE in ARG B 166.
2024-02-28 14:07:16,789 WARNING:main.py:418:setup_molecule:Multiple occupancies found: CZ in ARG B 166.
2024-02-28 14:07:16,789 WARNING:main.py:418:setup_molecule:Multiple occupancies found: NH1 in ARG B 166.
2024-02-28 14:07:16,789 WARNING:main.py:418:setup_molecule:Multiple occupancies found: NH2 in ARG B 166.
2024-02-28 14:07:16,789 WARNING:main.py:418:setup_molecule:Multiple occupancies found: HB2 in ARG B 166.
2024-02-28 14:07:16,789 WARNING:main.py:418:setup_molecule:Multiple occupancies found: HB3 in ARG B 166.
2024-02-28 14:07:16,789 WARNING:main.py:418:setup_molecule:Multiple occupancies found: HG2 in ARG B 166.
2024-02-28 14:07:16,789 WARNING:main.py:418:setup_molecule:Multiple occupancies found: HG3 in ARG B 166.
2024-02-28 14:07:16,789 WARNING:main.py:418:setup_molecule:Multiple occupancies found: HD2 in ARG B 166.
2024-02-28 14:07:16,789 WARNING:main.py:418:setup_molecule:Multiple occupancies found: HD3 in ARG B 166.
2024-02-28 14:07:16,789 WARNING:main.py:418:setup_molecule:Multiple occupancies found: HE in ARG B 166.
2024-02-28 14:07:16,789 WARNING:main.py:418:setup_molecule:Multiple occupancies found: HH11 in ARG B 166.
2024-02-28 14:07:16,789 WARNING:main.py:418:setup_molecule:Multiple occupancies found: HH12 in ARG B 166.
2024-02-28 14:07:16,789 WARNING:main.py:418:setup_molecule:Multiple occupancies found: HH21 in ARG B 166.
2024-02-28 14:07:16,789 WARNING:main.py:418:setup_molecule:Multiple occupancies found: HH22 in ARG B 166.
2024-02-28 14:07:16,789 WARNING:main.py:424:setup_molecule:Multiple occupancies found in ARG B 166. At least one of the instances is being ignored.
2024-02-28 14:07:16,789 WARNING:main.py:418:setup_molecule:Multiple occupancies found: CB in GLN B 192.
2024-02-28 14:07:16,789 WARNING:main.py:418:setup_molecule:Multiple occupancies found: CG in GLN B 192.
2024-02-28 14:07:16,789 WARNING:main.py:418:setup_molecule:Multiple occupancies found: CD in GLN B 192.
2024-02-28 14:07:16,789 WARNING:main.py:418:setup_molecule:Multiple occupancies found: OE1 in GLN B 192.
2024-02-28 14:07:16,789 WARNING:main.py:418:setup_molecule:Multiple occupancies found: NE2 in GLN B 192.
2024-02-28 14:07:16,789 WARNING:main.py:418:setup_molecule:Multiple occupancies found: HB2 in GLN B 192.
2024-02-28 14:07:16,789 WARNING:main.py:418:setup_molecule:Multiple occupancies found: HB3 in GLN B 192.
2024-02-28 14:07:16,789 WARNING:main.py:418:setup_molecule:Multiple occupancies found: HG2 in GLN B 192.
2024-02-28 14:07:16,789 WARNING:main.py:418:setup_molecule:Multiple occupancies found: HG3 in GLN B 192.
2024-02-28 14:07:16,789 WARNING:main.py:418:setup_molecule:Multiple occupancies found: HE21 in GLN B 192.
2024-02-28 14:07:16,789 WARNING:main.py:418:setup_molecule:Multiple occupancies found: HE22 in GLN B 192.
2024-02-28 14:07:16,789 WARNING:main.py:424:setup_molecule:Multiple occupancies found in GLN B 192. At least one of the instances is being ignored.
2024-02-28 14:07:16,789 WARNING:main.py:418:setup_molecule:Multiple occupancies found: CB in SER B 202.
2024-02-28 14:07:16,789 WARNING:main.py:418:setup_molecule:Multiple occupancies found: OG in SER B 202.
2024-02-28 14:07:16,789 WARNING:main.py:418:setup_molecule:Multiple occupancies found: HB2 in SER B 202.
2024-02-28 14:07:16,790 WARNING:main.py:418:setup_molecule:Multiple occupancies found: HB3 in SER B 202.
2024-02-28 14:07:16,790 WARNING:main.py:418:setup_molecule:Multiple occupancies found: HG in SER B 202.
2024-02-28 14:07:16,790 WARNING:main.py:424:setup_molecule:Multiple occupancies found in SER B 202. At least one of the instances is being ignored.
2024-02-28 14:07:16,814 WARNING:biomolecule.py:157:num_missing_heavy:Missing atom OXT in residue THR A 17
2024-02-28 14:07:16,815 WARNING:biomolecule.py:157:num_missing_heavy:Missing atom OXT in residue THR A 17
2024-02-28 14:07:16,816 WARNING:biomolecule.py:157:num_missing_heavy:Missing atom OXT in residue THR A 17
2024-02-28 14:07:17,075 WARNING:main.py:311:print_pqr:Ignoring 2934 header lines in output.
2024-02-28 14:07:17,075 WARNING:main.py:315:print_pqr:Ignoring 67 missing lines in output.
