2024-02-28 14:07:18,717 WARNING:biomolecule.py:992:create_residue:Unable to find amino or nucleic acid definition for IVA.  Parsing as new residue.
2024-02-28 14:07:19,062 WARNING:biomolecule.py:992:create_residue:Unable to find amino or nucleic acid definition for STA.  Parsing as new residue.
2024-02-28 14:07:19,062 WARNING:biomolecule.py:992:create_residue:Unable to find amino or nucleic acid definition for STA.  Parsing as new residue.
2024-02-28 14:07:19,112 WARNING:biomolecule.py:992:create_residue:Unable to find amino or nucleic acid definition for IVA.  Parsing as new residue.
2024-02-28 14:07:19,112 WARNING:biomolecule.py:992:create_residue:Unable to find amino or nucleic acid definition for STA.  Parsing as new residue.
2024-02-28 14:07:19,113 WARNING:biomolecule.py:992:create_residue:Unable to find amino or nucleic acid definition for STA.  Parsing as new residue.
2024-02-28 14:07:19,113 WARNING:biomolecule.py:992:create_residue:Unable to find amino or nucleic acid definition for NAG.  Parsing as new residue.
2024-02-28 14:07:19,113 WARNING:biomolecule.py:992:create_residue:Unable to find amino or nucleic acid definition for NAG.  Parsing as new residue.
2024-02-28 14:07:19,113 WARNING:biomolecule.py:992:create_residue:Unable to find amino or nucleic acid definition for BMA.  Parsing as new residue.
2024-02-28 14:07:19,113 WARNING:io.py:40:filter:Suppressing further "Unable to find amino or nucleic acid definition for" messages
2024-02-28 14:07:19,308 WARNING:biomolecule.py:157:num_missing_heavy:Missing atom CG in residue GLN A 97
2024-02-28 14:07:19,308 WARNING:biomolecule.py:157:num_missing_heavy:Missing atom CD in residue GLN A 97
2024-02-28 14:07:19,308 WARNING:biomolecule.py:157:num_missing_heavy:Missing atom OE1 in residue GLN A 97
2024-02-28 14:07:19,308 WARNING:biomolecule.py:157:num_missing_heavy:Missing atom NE2 in residue GLN A 97
2024-02-28 14:07:19,325 WARNING:biomolecule.py:157:num_missing_heavy:Missing atom CG in residue GLN C 97
2024-02-28 14:07:19,433 WARNING:biomolecule.py:157:num_missing_heavy:Missing atom CD in residue GLN C 97
2024-02-28 14:07:19,433 WARNING:biomolecule.py:157:num_missing_heavy:Missing atom OE1 in residue GLN C 97
2024-02-28 14:07:19,433 WARNING:biomolecule.py:157:num_missing_heavy:Missing atom NE2 in residue GLN C 97
2024-02-28 14:07:19,434 WARNING:biomolecule.py:157:num_missing_heavy:Missing atom OXT in residue ALA I 5
2024-02-28 14:07:19,435 WARNING:biomolecule.py:157:num_missing_heavy:Missing atom OXT in residue ALA J 5
2024-02-28 14:07:19,435 WARNING:biomolecule.py:157:num_missing_heavy:Missing atom CG in residue GLN A 97
2024-02-28 14:07:19,435 WARNING:biomolecule.py:157:num_missing_heavy:Missing atom CD in residue GLN A 97
2024-02-28 14:07:19,435 WARNING:biomolecule.py:157:num_missing_heavy:Missing atom OE1 in residue GLN A 97
2024-02-28 14:07:19,435 WARNING:biomolecule.py:157:num_missing_heavy:Missing atom NE2 in residue GLN A 97
2024-02-28 14:07:19,437 WARNING:biomolecule.py:157:num_missing_heavy:Missing atom CG in residue GLN C 97
2024-02-28 14:07:19,437 WARNING:biomolecule.py:157:num_missing_heavy:Missing atom CD in residue GLN C 97
2024-02-28 14:07:19,437 WARNING:biomolecule.py:157:num_missing_heavy:Missing atom OE1 in residue GLN C 97
2024-02-28 14:07:19,437 WARNING:biomolecule.py:157:num_missing_heavy:Missing atom NE2 in residue GLN C 97
2024-02-28 14:07:19,438 WARNING:biomolecule.py:157:num_missing_heavy:Missing atom OXT in residue ALA I 5
2024-02-28 14:07:19,438 WARNING:biomolecule.py:157:num_missing_heavy:Missing atom OXT in residue ALA J 5
2024-02-28 14:07:19,439 WARNING:biomolecule.py:157:num_missing_heavy:Missing atom CG in residue GLN A 97
2024-02-28 14:07:19,439 WARNING:biomolecule.py:157:num_missing_heavy:Missing atom CD in residue GLN A 97
2024-02-28 14:07:19,439 WARNING:biomolecule.py:157:num_missing_heavy:Missing atom OE1 in residue GLN A 97
2024-02-28 14:07:19,439 WARNING:biomolecule.py:157:num_missing_heavy:Missing atom NE2 in residue GLN A 97
2024-02-28 14:07:19,440 WARNING:biomolecule.py:157:num_missing_heavy:Missing atom CG in residue GLN C 97
2024-02-28 14:07:19,440 WARNING:biomolecule.py:157:num_missing_heavy:Missing atom CD in residue GLN C 97
2024-02-28 14:07:19,440 WARNING:biomolecule.py:157:num_missing_heavy:Missing atom OE1 in residue GLN C 97
2024-02-28 14:07:19,440 WARNING:biomolecule.py:157:num_missing_heavy:Missing atom NE2 in residue GLN C 97
2024-02-28 14:07:19,445 WARNING:biomolecule.py:157:num_missing_heavy:Missing atom OXT in residue ALA I 5
2024-02-28 14:07:19,445 WARNING:biomolecule.py:157:num_missing_heavy:Missing atom OXT in residue ALA J 5
2024-02-28 14:07:23,822 WARNING:main.py:311:print_pqr:Ignoring 10562 header lines in output.
2024-02-28 14:07:23,822 WARNING:main.py:315:print_pqr:Ignoring 314 missing lines in output.
