2024-02-28 14:07:16,985 WARNING:biomolecule.py:992:create_residue:Unable to find amino or nucleic acid definition for TYS.  Parsing as new residue.
2024-02-28 14:07:16,997 WARNING:biomolecule.py:992:create_residue:Unable to find amino or nucleic acid definition for PPX.  Parsing as new residue.
2024-02-28 14:07:17,006 WARNING:biomolecule.py:615:update_bonds:Gap in backbone detected between GLU H 146 and GLY H 150!
2024-02-28 14:07:17,047 WARNING:biomolecule.py:157:num_missing_heavy:Missing atom CG in residue ARG H 75
2024-02-28 14:07:17,047 WARNING:biomolecule.py:157:num_missing_heavy:Missing atom CD in residue ARG H 75
2024-02-28 14:07:17,047 WARNING:biomolecule.py:157:num_missing_heavy:Missing atom NE in residue ARG H 75
2024-02-28 14:07:17,047 WARNING:biomolecule.py:157:num_missing_heavy:Missing atom CZ in residue ARG H 75
2024-02-28 14:07:17,047 WARNING:biomolecule.py:157:num_missing_heavy:Missing atom NH1 in residue ARG H 75
2024-02-28 14:07:17,047 WARNING:biomolecule.py:157:num_missing_heavy:Missing atom NH2 in residue ARG H 75
2024-02-28 14:07:17,048 WARNING:biomolecule.py:157:num_missing_heavy:Missing atom OXT in residue PHE H 245
2024-02-28 14:07:17,048 WARNING:biomolecule.py:157:num_missing_heavy:Missing atom OXT in residue TYR L 14J
2024-02-28 14:07:17,048 WARNING:biomolecule.py:157:num_missing_heavy:Missing atom CG in residue ARG H 75
2024-02-28 14:07:17,048 WARNING:biomolecule.py:157:num_missing_heavy:Missing atom CD in residue ARG H 75
2024-02-28 14:07:17,048 WARNING:biomolecule.py:157:num_missing_heavy:Missing atom NE in residue ARG H 75
2024-02-28 14:07:17,048 WARNING:biomolecule.py:157:num_missing_heavy:Missing atom CZ in residue ARG H 75
2024-02-28 14:07:17,048 WARNING:biomolecule.py:157:num_missing_heavy:Missing atom NH1 in residue ARG H 75
2024-02-28 14:07:17,048 WARNING:biomolecule.py:157:num_missing_heavy:Missing atom NH2 in residue ARG H 75
2024-02-28 14:07:17,049 WARNING:biomolecule.py:157:num_missing_heavy:Missing atom OXT in residue PHE H 245
2024-02-28 14:07:17,049 WARNING:biomolecule.py:157:num_missing_heavy:Missing atom OXT in residue TYR L 14J
2024-02-28 14:07:17,050 WARNING:biomolecule.py:157:num_missing_heavy:Missing atom CG in residue ARG H 75
2024-02-28 14:07:17,050 WARNING:biomolecule.py:157:num_missing_heavy:Missing atom CD in residue ARG H 75
2024-02-28 14:07:17,050 WARNING:biomolecule.py:157:num_missing_heavy:Missing atom NE in residue ARG H 75
2024-02-28 14:07:17,050 WARNING:biomolecule.py:157:num_missing_heavy:Missing atom CZ in residue ARG H 75
2024-02-28 14:07:17,050 WARNING:biomolecule.py:157:num_missing_heavy:Missing atom NH1 in residue ARG H 75
2024-02-28 14:07:17,050 WARNING:biomolecule.py:157:num_missing_heavy:Missing atom NH2 in residue ARG H 75
2024-02-28 14:07:17,050 WARNING:biomolecule.py:157:num_missing_heavy:Missing atom OXT in residue PHE H 245
2024-02-28 14:07:17,051 WARNING:biomolecule.py:157:num_missing_heavy:Missing atom OXT in residue TYR L 14J
2024-02-28 14:07:21,533 WARNING:main.py:311:print_pqr:Ignoring 2214 header lines in output.
2024-02-28 14:07:21,533 WARNING:main.py:315:print_pqr:Ignoring 44 missing lines in output.
