2024-02-28 14:07:18,109 WARNING:biomolecule.py:992:create_residue:Unable to find amino or nucleic acid definition for PGH.  Parsing as new residue.
2024-02-28 14:07:18,125 WARNING:biomolecule.py:992:create_residue:Unable to find amino or nucleic acid definition for PGH.  Parsing as new residue.
2024-02-28 14:07:18,125 WARNING:biomolecule.py:992:create_residue:Unable to find amino or nucleic acid definition for PGH.  Parsing as new residue.
2024-02-28 14:07:18,125 WARNING:biomolecule.py:992:create_residue:Unable to find amino or nucleic acid definition for PGH.  Parsing as new residue.
2024-02-28 14:07:18,125 WARNING:biomolecule.py:992:create_residue:Unable to find amino or nucleic acid definition for PGH.  Parsing as new residue.
2024-02-28 14:07:18,126 WARNING:biomolecule.py:992:create_residue:Unable to find amino or nucleic acid definition for PGH.  Parsing as new residue.
2024-02-28 14:07:18,199 WARNING:biomolecule.py:157:num_missing_heavy:Missing atom CG in residue GLU A 2
2024-02-28 14:07:18,582 WARNING:biomolecule.py:157:num_missing_heavy:Missing atom CD in residue GLU A 2
2024-02-28 14:07:18,582 WARNING:biomolecule.py:157:num_missing_heavy:Missing atom OE1 in residue GLU A 2
2024-02-28 14:07:18,582 WARNING:biomolecule.py:157:num_missing_heavy:Missing atom OE2 in residue GLU A 2
2024-02-28 14:07:18,583 WARNING:biomolecule.py:157:num_missing_heavy:Missing atom CG in residue GLN A 24
2024-02-28 14:07:18,980 WARNING:biomolecule.py:157:num_missing_heavy:Missing atom CD in residue GLN A 24
2024-02-28 14:07:19,185 WARNING:biomolecule.py:157:num_missing_heavy:Missing atom OE1 in residue GLN A 24
2024-02-28 14:07:19,185 WARNING:biomolecule.py:157:num_missing_heavy:Missing atom NE2 in residue GLN A 24
2024-02-28 14:07:19,186 WARNING:biomolecule.py:157:num_missing_heavy:Missing atom CG in residue ARG A 54
2024-02-28 14:07:19,186 WARNING:biomolecule.py:157:num_missing_heavy:Missing atom CD in residue ARG A 54
2024-02-28 14:07:19,186 WARNING:biomolecule.py:157:num_missing_heavy:Missing atom NE in residue ARG A 54
2024-02-28 14:07:19,186 WARNING:biomolecule.py:157:num_missing_heavy:Missing atom CZ in residue ARG A 54
2024-02-28 14:07:19,269 WARNING:biomolecule.py:157:num_missing_heavy:Missing atom NH1 in residue ARG A 54
2024-02-28 14:07:19,269 WARNING:biomolecule.py:157:num_missing_heavy:Missing atom NH2 in residue ARG A 54
2024-02-28 14:07:19,270 WARNING:biomolecule.py:157:num_missing_heavy:Missing atom CG in residue GLN A 144
2024-02-28 14:07:19,270 WARNING:biomolecule.py:157:num_missing_heavy:Missing atom CD in residue GLN A 144
2024-02-28 14:07:19,270 WARNING:biomolecule.py:157:num_missing_heavy:Missing atom OE1 in residue GLN A 144
2024-02-28 14:07:19,270 WARNING:biomolecule.py:157:num_missing_heavy:Missing atom NE2 in residue GLN A 144
2024-02-28 14:07:19,270 WARNING:biomolecule.py:157:num_missing_heavy:Missing atom CG in residue ARG A 145
2024-02-28 14:07:19,270 WARNING:biomolecule.py:157:num_missing_heavy:Missing atom CD in residue ARG A 145
2024-02-28 14:07:19,270 WARNING:biomolecule.py:157:num_missing_heavy:Missing atom NE in residue ARG A 145
2024-02-28 14:07:19,270 WARNING:biomolecule.py:157:num_missing_heavy:Missing atom CZ in residue ARG A 145
2024-02-28 14:07:19,270 WARNING:biomolecule.py:157:num_missing_heavy:Missing atom NH1 in residue ARG A 145
2024-02-28 14:07:19,270 WARNING:biomolecule.py:157:num_missing_heavy:Missing atom NH2 in residue ARG A 145
2024-02-28 14:07:19,270 WARNING:biomolecule.py:157:num_missing_heavy:Missing atom CG in residue LYS A 152
2024-02-28 14:07:19,270 WARNING:biomolecule.py:157:num_missing_heavy:Missing atom CD in residue LYS A 152
2024-02-28 14:07:19,270 WARNING:biomolecule.py:157:num_missing_heavy:Missing atom CE in residue LYS A 152
2024-02-28 14:07:19,270 WARNING:biomolecule.py:157:num_missing_heavy:Missing atom NZ in residue LYS A 152
2024-02-28 14:07:19,270 WARNING:biomolecule.py:157:num_missing_heavy:Missing atom CG in residue GLU B 2
2024-02-28 14:07:19,270 WARNING:biomolecule.py:157:num_missing_heavy:Missing atom CD in residue GLU B 2
2024-02-28 14:07:19,270 WARNING:biomolecule.py:157:num_missing_heavy:Missing atom OE1 in residue GLU B 2
2024-02-28 14:07:19,270 WARNING:biomolecule.py:157:num_missing_heavy:Missing atom OE2 in residue GLU B 2
2024-02-28 14:07:19,271 WARNING:biomolecule.py:157:num_missing_heavy:Missing atom CG in residue GLN B 24
2024-02-28 14:07:19,271 WARNING:biomolecule.py:157:num_missing_heavy:Missing atom CD in residue GLN B 24
2024-02-28 14:07:19,271 WARNING:biomolecule.py:157:num_missing_heavy:Missing atom OE1 in residue GLN B 24
2024-02-28 14:07:19,271 WARNING:biomolecule.py:157:num_missing_heavy:Missing atom NE2 in residue GLN B 24
2024-02-28 14:07:19,271 WARNING:biomolecule.py:157:num_missing_heavy:Missing atom CG in residue ARG B 54
2024-02-28 14:07:19,271 WARNING:biomolecule.py:157:num_missing_heavy:Missing atom CD in residue ARG B 54
2024-02-28 14:07:19,271 WARNING:biomolecule.py:157:num_missing_heavy:Missing atom NE in residue ARG B 54
2024-02-28 14:07:19,271 WARNING:biomolecule.py:157:num_missing_heavy:Missing atom CZ in residue ARG B 54
2024-02-28 14:07:19,271 WARNING:biomolecule.py:157:num_missing_heavy:Missing atom NH1 in residue ARG B 54
2024-02-28 14:07:19,271 WARNING:biomolecule.py:157:num_missing_heavy:Missing atom NH2 in residue ARG B 54
2024-02-28 14:07:19,271 WARNING:biomolecule.py:157:num_missing_heavy:Missing atom CG in residue GLN B 144
2024-02-28 14:07:19,271 WARNING:biomolecule.py:157:num_missing_heavy:Missing atom CD in residue GLN B 144
2024-02-28 14:07:19,272 WARNING:biomolecule.py:157:num_missing_heavy:Missing atom OE1 in residue GLN B 144
2024-02-28 14:07:19,272 WARNING:biomolecule.py:157:num_missing_heavy:Missing atom NE2 in residue GLN B 144
2024-02-28 14:07:19,272 WARNING:biomolecule.py:157:num_missing_heavy:Missing atom CG in residue ARG B 145
2024-02-28 14:07:19,272 WARNING:biomolecule.py:157:num_missing_heavy:Missing atom CD in residue ARG B 145
2024-02-28 14:07:19,272 WARNING:biomolecule.py:157:num_missing_heavy:Missing atom NE in residue ARG B 145
2024-02-28 14:07:19,272 WARNING:biomolecule.py:157:num_missing_heavy:Missing atom CZ in residue ARG B 145
2024-02-28 14:07:19,272 WARNING:biomolecule.py:157:num_missing_heavy:Missing atom NH1 in residue ARG B 145
2024-02-28 14:07:19,272 WARNING:biomolecule.py:157:num_missing_heavy:Missing atom NH2 in residue ARG B 145
2024-02-28 14:07:19,272 WARNING:biomolecule.py:157:num_missing_heavy:Missing atom OXT in residue LEU B 151
2024-02-28 14:07:19,272 WARNING:biomolecule.py:157:num_missing_heavy:Missing atom CG in residue GLN C 24
2024-02-28 14:07:19,272 WARNING:biomolecule.py:157:num_missing_heavy:Missing atom CD in residue GLN C 24
2024-02-28 14:07:19,272 WARNING:biomolecule.py:157:num_missing_heavy:Missing atom OE1 in residue GLN C 24
2024-02-28 14:07:19,272 WARNING:biomolecule.py:157:num_missing_heavy:Missing atom NE2 in residue GLN C 24
2024-02-28 14:07:19,272 WARNING:biomolecule.py:157:num_missing_heavy:Missing atom CG in residue ARG C 54
2024-02-28 14:07:19,272 WARNING:biomolecule.py:157:num_missing_heavy:Missing atom CD in residue ARG C 54
2024-02-28 14:07:19,272 WARNING:biomolecule.py:157:num_missing_heavy:Missing atom NE in residue ARG C 54
2024-02-28 14:07:19,272 WARNING:biomolecule.py:157:num_missing_heavy:Missing atom CZ in residue ARG C 54
2024-02-28 14:07:19,272 WARNING:biomolecule.py:157:num_missing_heavy:Missing atom NH1 in residue ARG C 54
2024-02-28 14:07:19,272 WARNING:biomolecule.py:157:num_missing_heavy:Missing atom NH2 in residue ARG C 54
2024-02-28 14:07:19,273 WARNING:biomolecule.py:157:num_missing_heavy:Missing atom CG in residue GLN C 144
2024-02-28 14:07:19,273 WARNING:biomolecule.py:157:num_missing_heavy:Missing atom CD in residue GLN C 144
2024-02-28 14:07:19,273 WARNING:biomolecule.py:157:num_missing_heavy:Missing atom OE1 in residue GLN C 144
2024-02-28 14:07:19,273 WARNING:biomolecule.py:157:num_missing_heavy:Missing atom NE2 in residue GLN C 144
2024-02-28 14:07:19,277 WARNING:biomolecule.py:157:num_missing_heavy:Missing atom CG in residue ARG C 145
2024-02-28 14:07:19,277 WARNING:biomolecule.py:157:num_missing_heavy:Missing atom CD in residue ARG C 145
2024-02-28 14:07:19,277 WARNING:biomolecule.py:157:num_missing_heavy:Missing atom NE in residue ARG C 145
2024-02-28 14:07:19,277 WARNING:biomolecule.py:157:num_missing_heavy:Missing atom CZ in residue ARG C 145
2024-02-28 14:07:19,277 WARNING:biomolecule.py:157:num_missing_heavy:Missing atom NH1 in residue ARG C 145
2024-02-28 14:07:19,277 WARNING:biomolecule.py:157:num_missing_heavy:Missing atom NH2 in residue ARG C 145
2024-02-28 14:07:19,277 WARNING:biomolecule.py:157:num_missing_heavy:Missing atom CG in residue LYS C 152
2024-02-28 14:07:19,277 WARNING:biomolecule.py:157:num_missing_heavy:Missing atom CD in residue LYS C 152
2024-02-28 14:07:19,277 WARNING:biomolecule.py:157:num_missing_heavy:Missing atom CE in residue LYS C 152
2024-02-28 14:07:19,277 WARNING:biomolecule.py:157:num_missing_heavy:Missing atom NZ in residue LYS C 152
2024-02-28 14:07:19,278 WARNING:biomolecule.py:157:num_missing_heavy:Missing atom CG in residue GLN D 24
2024-02-28 14:07:19,278 WARNING:biomolecule.py:157:num_missing_heavy:Missing atom CD in residue GLN D 24
2024-02-28 14:07:19,278 WARNING:biomolecule.py:157:num_missing_heavy:Missing atom OE1 in residue GLN D 24
2024-02-28 14:07:19,278 WARNING:biomolecule.py:157:num_missing_heavy:Missing atom NE2 in residue GLN D 24
2024-02-28 14:07:19,278 WARNING:biomolecule.py:157:num_missing_heavy:Missing atom CG in residue ARG D 54
2024-02-28 14:07:19,278 WARNING:biomolecule.py:157:num_missing_heavy:Missing atom CD in residue ARG D 54
2024-02-28 14:07:19,278 WARNING:biomolecule.py:157:num_missing_heavy:Missing atom NE in residue ARG D 54
2024-02-28 14:07:19,278 WARNING:biomolecule.py:157:num_missing_heavy:Missing atom CZ in residue ARG D 54
2024-02-28 14:07:19,278 WARNING:biomolecule.py:157:num_missing_heavy:Missing atom NH1 in residue ARG D 54
2024-02-28 14:07:19,278 WARNING:biomolecule.py:157:num_missing_heavy:Missing atom NH2 in residue ARG D 54
2024-02-28 14:07:19,278 WARNING:biomolecule.py:157:num_missing_heavy:Missing atom CG in residue GLN D 144
2024-02-28 14:07:19,278 WARNING:biomolecule.py:157:num_missing_heavy:Missing atom CD in residue GLN D 144
2024-02-28 14:07:19,279 WARNING:biomolecule.py:157:num_missing_heavy:Missing atom OE1 in residue GLN D 144
2024-02-28 14:07:19,279 WARNING:biomolecule.py:157:num_missing_heavy:Missing atom NE2 in residue GLN D 144
2024-02-28 14:07:19,279 WARNING:biomolecule.py:157:num_missing_heavy:Missing atom CG in residue ARG D 145
2024-02-28 14:07:19,279 WARNING:biomolecule.py:157:num_missing_heavy:Missing atom CD in residue ARG D 145
2024-02-28 14:07:19,279 WARNING:biomolecule.py:157:num_missing_heavy:Missing atom NE in residue ARG D 145
2024-02-28 14:07:19,279 WARNING:biomolecule.py:157:num_missing_heavy:Missing atom CZ in residue ARG D 145
2024-02-28 14:07:19,279 WARNING:biomolecule.py:157:num_missing_heavy:Missing atom NH1 in residue ARG D 145
2024-02-28 14:07:19,279 WARNING:biomolecule.py:157:num_missing_heavy:Missing atom NH2 in residue ARG D 145
2024-02-28 14:07:19,279 WARNING:biomolecule.py:157:num_missing_heavy:Missing atom CG in residue LYS D 152
2024-02-28 14:07:19,279 WARNING:biomolecule.py:157:num_missing_heavy:Missing atom CD in residue LYS D 152
2024-02-28 14:07:19,279 WARNING:biomolecule.py:157:num_missing_heavy:Missing atom CE in residue LYS D 152
2024-02-28 14:07:19,279 WARNING:biomolecule.py:157:num_missing_heavy:Missing atom NZ in residue LYS D 152
2024-02-28 14:07:19,279 WARNING:biomolecule.py:157:num_missing_heavy:Missing atom CG in residue GLU E 2
2024-02-28 14:07:19,279 WARNING:biomolecule.py:157:num_missing_heavy:Missing atom CD in residue GLU E 2
2024-02-28 14:07:19,279 WARNING:biomolecule.py:157:num_missing_heavy:Missing atom OE1 in residue GLU E 2
2024-02-28 14:07:19,279 WARNING:biomolecule.py:157:num_missing_heavy:Missing atom OE2 in residue GLU E 2
2024-02-28 14:07:19,279 WARNING:biomolecule.py:157:num_missing_heavy:Missing atom CG in residue GLN E 24
2024-02-28 14:07:19,279 WARNING:biomolecule.py:157:num_missing_heavy:Missing atom CD in residue GLN E 24
2024-02-28 14:07:19,279 WARNING:biomolecule.py:157:num_missing_heavy:Missing atom OE1 in residue GLN E 24
2024-02-28 14:07:19,279 WARNING:biomolecule.py:157:num_missing_heavy:Missing atom NE2 in residue GLN E 24
2024-02-28 14:07:19,279 WARNING:biomolecule.py:157:num_missing_heavy:Missing atom CG in residue ARG E 54
2024-02-28 14:07:19,280 WARNING:biomolecule.py:157:num_missing_heavy:Missing atom CD in residue ARG E 54
2024-02-28 14:07:19,280 WARNING:biomolecule.py:157:num_missing_heavy:Missing atom NE in residue ARG E 54
2024-02-28 14:07:19,280 WARNING:biomolecule.py:157:num_missing_heavy:Missing atom CZ in residue ARG E 54
2024-02-28 14:07:19,280 WARNING:biomolecule.py:157:num_missing_heavy:Missing atom NH1 in residue ARG E 54
2024-02-28 14:07:19,280 WARNING:biomolecule.py:157:num_missing_heavy:Missing atom NH2 in residue ARG E 54
2024-02-28 14:07:19,280 WARNING:biomolecule.py:157:num_missing_heavy:Missing atom CG in residue GLN E 144
2024-02-28 14:07:19,280 WARNING:biomolecule.py:157:num_missing_heavy:Missing atom CD in residue GLN E 144
2024-02-28 14:07:19,280 WARNING:biomolecule.py:157:num_missing_heavy:Missing atom OE1 in residue GLN E 144
2024-02-28 14:07:19,280 WARNING:biomolecule.py:157:num_missing_heavy:Missing atom NE2 in residue GLN E 144
2024-02-28 14:07:19,280 WARNING:biomolecule.py:157:num_missing_heavy:Missing atom CG in residue ARG E 145
2024-02-28 14:07:19,280 WARNING:biomolecule.py:157:num_missing_heavy:Missing atom CD in residue ARG E 145
2024-02-28 14:07:19,280 WARNING:biomolecule.py:157:num_missing_heavy:Missing atom NE in residue ARG E 145
2024-02-28 14:07:19,280 WARNING:biomolecule.py:157:num_missing_heavy:Missing atom CZ in residue ARG E 145
2024-02-28 14:07:19,280 WARNING:biomolecule.py:157:num_missing_heavy:Missing atom NH1 in residue ARG E 145
2024-02-28 14:07:19,280 WARNING:biomolecule.py:157:num_missing_heavy:Missing atom NH2 in residue ARG E 145
2024-02-28 14:07:19,280 WARNING:biomolecule.py:157:num_missing_heavy:Missing atom CG in residue LYS E 152
2024-02-28 14:07:19,280 WARNING:biomolecule.py:157:num_missing_heavy:Missing atom CD in residue LYS E 152
2024-02-28 14:07:19,281 WARNING:biomolecule.py:157:num_missing_heavy:Missing atom CE in residue LYS E 152
2024-02-28 14:07:19,281 WARNING:biomolecule.py:157:num_missing_heavy:Missing atom NZ in residue LYS E 152
2024-02-28 14:07:19,281 WARNING:biomolecule.py:157:num_missing_heavy:Missing atom CG in residue GLU F 2
2024-02-28 14:07:19,281 WARNING:biomolecule.py:157:num_missing_heavy:Missing atom CD in residue GLU F 2
2024-02-28 14:07:19,281 WARNING:biomolecule.py:157:num_missing_heavy:Missing atom OE1 in residue GLU F 2
2024-02-28 14:07:19,281 WARNING:biomolecule.py:157:num_missing_heavy:Missing atom OE2 in residue GLU F 2
2024-02-28 14:07:19,281 WARNING:biomolecule.py:157:num_missing_heavy:Missing atom CG in residue GLN F 24
2024-02-28 14:07:19,281 WARNING:biomolecule.py:157:num_missing_heavy:Missing atom CD in residue GLN F 24
2024-02-28 14:07:19,281 WARNING:biomolecule.py:157:num_missing_heavy:Missing atom OE1 in residue GLN F 24
2024-02-28 14:07:19,281 WARNING:biomolecule.py:157:num_missing_heavy:Missing atom NE2 in residue GLN F 24
2024-02-28 14:07:19,289 WARNING:biomolecule.py:157:num_missing_heavy:Missing atom CG in residue ARG F 54
2024-02-28 14:07:19,289 WARNING:biomolecule.py:157:num_missing_heavy:Missing atom CD in residue ARG F 54
2024-02-28 14:07:19,290 WARNING:biomolecule.py:157:num_missing_heavy:Missing atom NE in residue ARG F 54
2024-02-28 14:07:19,290 WARNING:biomolecule.py:157:num_missing_heavy:Missing atom CZ in residue ARG F 54
2024-02-28 14:07:19,290 WARNING:biomolecule.py:157:num_missing_heavy:Missing atom NH1 in residue ARG F 54
2024-02-28 14:07:19,290 WARNING:biomolecule.py:157:num_missing_heavy:Missing atom NH2 in residue ARG F 54
2024-02-28 14:07:19,290 WARNING:biomolecule.py:157:num_missing_heavy:Missing atom CG in residue GLN F 144
2024-02-28 14:07:19,290 WARNING:biomolecule.py:157:num_missing_heavy:Missing atom CD in residue GLN F 144
2024-02-28 14:07:19,290 WARNING:biomolecule.py:157:num_missing_heavy:Missing atom OE1 in residue GLN F 144
2024-02-28 14:07:19,290 WARNING:biomolecule.py:157:num_missing_heavy:Missing atom NE2 in residue GLN F 144
2024-02-28 14:07:19,290 WARNING:biomolecule.py:157:num_missing_heavy:Missing atom CG in residue ARG F 145
2024-02-28 14:07:19,290 WARNING:biomolecule.py:157:num_missing_heavy:Missing atom CD in residue ARG F 145
2024-02-28 14:07:19,290 WARNING:biomolecule.py:157:num_missing_heavy:Missing atom NE in residue ARG F 145
2024-02-28 14:07:19,290 WARNING:biomolecule.py:157:num_missing_heavy:Missing atom CZ in residue ARG F 145
2024-02-28 14:07:19,290 WARNING:biomolecule.py:157:num_missing_heavy:Missing atom NH1 in residue ARG F 145
2024-02-28 14:07:19,290 WARNING:biomolecule.py:157:num_missing_heavy:Missing atom NH2 in residue ARG F 145
2024-02-28 14:07:19,290 WARNING:biomolecule.py:157:num_missing_heavy:Missing atom OXT in residue LEU F 151
2024-02-28 14:07:19,290 WARNING:biomolecule.py:157:num_missing_heavy:Missing atom CG in residue GLU A 2
2024-02-28 14:07:19,290 WARNING:biomolecule.py:157:num_missing_heavy:Missing atom CD in residue GLU A 2
2024-02-28 14:07:19,291 WARNING:biomolecule.py:157:num_missing_heavy:Missing atom OE1 in residue GLU A 2
2024-02-28 14:07:19,291 WARNING:biomolecule.py:157:num_missing_heavy:Missing atom OE2 in residue GLU A 2
2024-02-28 14:07:19,291 WARNING:biomolecule.py:157:num_missing_heavy:Missing atom CG in residue GLN A 24
2024-02-28 14:07:19,291 WARNING:biomolecule.py:157:num_missing_heavy:Missing atom CD in residue GLN A 24
2024-02-28 14:07:19,291 WARNING:biomolecule.py:157:num_missing_heavy:Missing atom OE1 in residue GLN A 24
2024-02-28 14:07:19,291 WARNING:biomolecule.py:157:num_missing_heavy:Missing atom NE2 in residue GLN A 24
2024-02-28 14:07:19,291 WARNING:biomolecule.py:157:num_missing_heavy:Missing atom CG in residue ARG A 54
2024-02-28 14:07:19,291 WARNING:biomolecule.py:157:num_missing_heavy:Missing atom CD in residue ARG A 54
2024-02-28 14:07:19,291 WARNING:biomolecule.py:157:num_missing_heavy:Missing atom NE in residue ARG A 54
2024-02-28 14:07:19,291 WARNING:biomolecule.py:157:num_missing_heavy:Missing atom CZ in residue ARG A 54
2024-02-28 14:07:19,291 WARNING:biomolecule.py:157:num_missing_heavy:Missing atom NH1 in residue ARG A 54
2024-02-28 14:07:19,291 WARNING:biomolecule.py:157:num_missing_heavy:Missing atom NH2 in residue ARG A 54
2024-02-28 14:07:19,292 WARNING:biomolecule.py:157:num_missing_heavy:Missing atom CG in residue GLN A 144
2024-02-28 14:07:19,292 WARNING:biomolecule.py:157:num_missing_heavy:Missing atom CD in residue GLN A 144
2024-02-28 14:07:19,292 WARNING:biomolecule.py:157:num_missing_heavy:Missing atom OE1 in residue GLN A 144
2024-02-28 14:07:19,292 WARNING:biomolecule.py:157:num_missing_heavy:Missing atom NE2 in residue GLN A 144
2024-02-28 14:07:19,292 WARNING:biomolecule.py:157:num_missing_heavy:Missing atom CG in residue ARG A 145
2024-02-28 14:07:19,292 WARNING:biomolecule.py:157:num_missing_heavy:Missing atom CD in residue ARG A 145
2024-02-28 14:07:19,292 WARNING:biomolecule.py:157:num_missing_heavy:Missing atom NE in residue ARG A 145
2024-02-28 14:07:19,292 WARNING:biomolecule.py:157:num_missing_heavy:Missing atom CZ in residue ARG A 145
2024-02-28 14:07:19,292 WARNING:biomolecule.py:157:num_missing_heavy:Missing atom NH1 in residue ARG A 145
2024-02-28 14:07:19,292 WARNING:biomolecule.py:157:num_missing_heavy:Missing atom NH2 in residue ARG A 145
2024-02-28 14:07:19,292 WARNING:biomolecule.py:157:num_missing_heavy:Missing atom CG in residue LYS A 152
2024-02-28 14:07:19,292 WARNING:biomolecule.py:157:num_missing_heavy:Missing atom CD in residue LYS A 152
2024-02-28 14:07:19,292 WARNING:biomolecule.py:157:num_missing_heavy:Missing atom CE in residue LYS A 152
2024-02-28 14:07:19,292 WARNING:biomolecule.py:157:num_missing_heavy:Missing atom NZ in residue LYS A 152
2024-02-28 14:07:19,292 WARNING:biomolecule.py:157:num_missing_heavy:Missing atom CG in residue GLU B 2
2024-02-28 14:07:19,292 WARNING:biomolecule.py:157:num_missing_heavy:Missing atom CD in residue GLU B 2
2024-02-28 14:07:19,292 WARNING:biomolecule.py:157:num_missing_heavy:Missing atom OE1 in residue GLU B 2
2024-02-28 14:07:19,292 WARNING:biomolecule.py:157:num_missing_heavy:Missing atom OE2 in residue GLU B 2
2024-02-28 14:07:19,292 WARNING:biomolecule.py:157:num_missing_heavy:Missing atom CG in residue GLN B 24
2024-02-28 14:07:19,292 WARNING:biomolecule.py:157:num_missing_heavy:Missing atom CD in residue GLN B 24
2024-02-28 14:07:19,292 WARNING:biomolecule.py:157:num_missing_heavy:Missing atom OE1 in residue GLN B 24
2024-02-28 14:07:19,292 WARNING:biomolecule.py:157:num_missing_heavy:Missing atom NE2 in residue GLN B 24
2024-02-28 14:07:19,293 WARNING:biomolecule.py:157:num_missing_heavy:Missing atom CG in residue ARG B 54
2024-02-28 14:07:19,293 WARNING:biomolecule.py:157:num_missing_heavy:Missing atom CD in residue ARG B 54
2024-02-28 14:07:19,293 WARNING:biomolecule.py:157:num_missing_heavy:Missing atom NE in residue ARG B 54
2024-02-28 14:07:19,293 WARNING:biomolecule.py:157:num_missing_heavy:Missing atom CZ in residue ARG B 54
2024-02-28 14:07:19,293 WARNING:biomolecule.py:157:num_missing_heavy:Missing atom NH1 in residue ARG B 54
2024-02-28 14:07:19,293 WARNING:biomolecule.py:157:num_missing_heavy:Missing atom NH2 in residue ARG B 54
2024-02-28 14:07:19,303 WARNING:biomolecule.py:157:num_missing_heavy:Missing atom CG in residue GLN B 144
2024-02-28 14:07:19,303 WARNING:biomolecule.py:157:num_missing_heavy:Missing atom CD in residue GLN B 144
2024-02-28 14:07:19,303 WARNING:biomolecule.py:157:num_missing_heavy:Missing atom OE1 in residue GLN B 144
2024-02-28 14:07:19,303 WARNING:biomolecule.py:157:num_missing_heavy:Missing atom NE2 in residue GLN B 144
2024-02-28 14:07:19,303 WARNING:biomolecule.py:157:num_missing_heavy:Missing atom CG in residue ARG B 145
2024-02-28 14:07:19,304 WARNING:biomolecule.py:157:num_missing_heavy:Missing atom CD in residue ARG B 145
2024-02-28 14:07:19,304 WARNING:biomolecule.py:157:num_missing_heavy:Missing atom NE in residue ARG B 145
2024-02-28 14:07:19,304 WARNING:biomolecule.py:157:num_missing_heavy:Missing atom CZ in residue ARG B 145
2024-02-28 14:07:19,304 WARNING:biomolecule.py:157:num_missing_heavy:Missing atom NH1 in residue ARG B 145
2024-02-28 14:07:19,304 WARNING:biomolecule.py:157:num_missing_heavy:Missing atom NH2 in residue ARG B 145
2024-02-28 14:07:19,304 WARNING:biomolecule.py:157:num_missing_heavy:Missing atom OXT in residue LEU B 151
2024-02-28 14:07:19,304 WARNING:biomolecule.py:157:num_missing_heavy:Missing atom CG in residue GLN C 24
2024-02-28 14:07:19,304 WARNING:biomolecule.py:157:num_missing_heavy:Missing atom CD in residue GLN C 24
2024-02-28 14:07:19,304 WARNING:biomolecule.py:157:num_missing_heavy:Missing atom OE1 in residue GLN C 24
2024-02-28 14:07:19,304 WARNING:biomolecule.py:157:num_missing_heavy:Missing atom NE2 in residue GLN C 24
2024-02-28 14:07:19,304 WARNING:biomolecule.py:157:num_missing_heavy:Missing atom CG in residue ARG C 54
2024-02-28 14:07:19,304 WARNING:biomolecule.py:157:num_missing_heavy:Missing atom CD in residue ARG C 54
2024-02-28 14:07:19,304 WARNING:biomolecule.py:157:num_missing_heavy:Missing atom NE in residue ARG C 54
2024-02-28 14:07:19,304 WARNING:biomolecule.py:157:num_missing_heavy:Missing atom CZ in residue ARG C 54
2024-02-28 14:07:19,304 WARNING:biomolecule.py:157:num_missing_heavy:Missing atom NH1 in residue ARG C 54
2024-02-28 14:07:19,304 WARNING:biomolecule.py:157:num_missing_heavy:Missing atom NH2 in residue ARG C 54
2024-02-28 14:07:19,305 WARNING:biomolecule.py:157:num_missing_heavy:Missing atom CG in residue GLN C 144
2024-02-28 14:07:19,305 WARNING:biomolecule.py:157:num_missing_heavy:Missing atom CD in residue GLN C 144
2024-02-28 14:07:19,305 WARNING:biomolecule.py:157:num_missing_heavy:Missing atom OE1 in residue GLN C 144
2024-02-28 14:07:19,305 WARNING:biomolecule.py:157:num_missing_heavy:Missing atom NE2 in residue GLN C 144
2024-02-28 14:07:19,305 WARNING:biomolecule.py:157:num_missing_heavy:Missing atom CG in residue ARG C 145
2024-02-28 14:07:19,305 WARNING:biomolecule.py:157:num_missing_heavy:Missing atom CD in residue ARG C 145
2024-02-28 14:07:19,305 WARNING:biomolecule.py:157:num_missing_heavy:Missing atom NE in residue ARG C 145
2024-02-28 14:07:19,305 WARNING:biomolecule.py:157:num_missing_heavy:Missing atom CZ in residue ARG C 145
2024-02-28 14:07:19,305 WARNING:biomolecule.py:157:num_missing_heavy:Missing atom NH1 in residue ARG C 145
2024-02-28 14:07:19,305 WARNING:biomolecule.py:157:num_missing_heavy:Missing atom NH2 in residue ARG C 145
2024-02-28 14:07:19,305 WARNING:biomolecule.py:157:num_missing_heavy:Missing atom CG in residue LYS C 152
2024-02-28 14:07:19,305 WARNING:biomolecule.py:157:num_missing_heavy:Missing atom CD in residue LYS C 152
2024-02-28 14:07:19,305 WARNING:biomolecule.py:157:num_missing_heavy:Missing atom CE in residue LYS C 152
2024-02-28 14:07:19,305 WARNING:biomolecule.py:157:num_missing_heavy:Missing atom NZ in residue LYS C 152
2024-02-28 14:07:19,321 WARNING:biomolecule.py:157:num_missing_heavy:Missing atom CG in residue GLN D 24
2024-02-28 14:07:19,321 WARNING:biomolecule.py:157:num_missing_heavy:Missing atom CD in residue GLN D 24
2024-02-28 14:07:19,321 WARNING:biomolecule.py:157:num_missing_heavy:Missing atom OE1 in residue GLN D 24
2024-02-28 14:07:19,321 WARNING:biomolecule.py:157:num_missing_heavy:Missing atom NE2 in residue GLN D 24
2024-02-28 14:07:19,322 WARNING:biomolecule.py:157:num_missing_heavy:Missing atom CG in residue ARG D 54
2024-02-28 14:07:19,322 WARNING:biomolecule.py:157:num_missing_heavy:Missing atom CD in residue ARG D 54
2024-02-28 14:07:19,322 WARNING:biomolecule.py:157:num_missing_heavy:Missing atom NE in residue ARG D 54
2024-02-28 14:07:19,322 WARNING:biomolecule.py:157:num_missing_heavy:Missing atom CZ in residue ARG D 54
2024-02-28 14:07:19,322 WARNING:biomolecule.py:157:num_missing_heavy:Missing atom NH1 in residue ARG D 54
2024-02-28 14:07:19,322 WARNING:biomolecule.py:157:num_missing_heavy:Missing atom NH2 in residue ARG D 54
2024-02-28 14:07:19,322 WARNING:biomolecule.py:157:num_missing_heavy:Missing atom CG in residue GLN D 144
2024-02-28 14:07:19,322 WARNING:biomolecule.py:157:num_missing_heavy:Missing atom CD in residue GLN D 144
2024-02-28 14:07:19,322 WARNING:biomolecule.py:157:num_missing_heavy:Missing atom OE1 in residue GLN D 144
2024-02-28 14:07:19,322 WARNING:biomolecule.py:157:num_missing_heavy:Missing atom NE2 in residue GLN D 144
2024-02-28 14:07:19,322 WARNING:biomolecule.py:157:num_missing_heavy:Missing atom CG in residue ARG D 145
2024-02-28 14:07:19,322 WARNING:biomolecule.py:157:num_missing_heavy:Missing atom CD in residue ARG D 145
2024-02-28 14:07:19,322 WARNING:biomolecule.py:157:num_missing_heavy:Missing atom NE in residue ARG D 145
2024-02-28 14:07:19,322 WARNING:biomolecule.py:157:num_missing_heavy:Missing atom CZ in residue ARG D 145
2024-02-28 14:07:19,322 WARNING:biomolecule.py:157:num_missing_heavy:Missing atom NH1 in residue ARG D 145
2024-02-28 14:07:19,322 WARNING:biomolecule.py:157:num_missing_heavy:Missing atom NH2 in residue ARG D 145
2024-02-28 14:07:19,322 WARNING:biomolecule.py:157:num_missing_heavy:Missing atom CG in residue LYS D 152
2024-02-28 14:07:19,322 WARNING:biomolecule.py:157:num_missing_heavy:Missing atom CD in residue LYS D 152
2024-02-28 14:07:19,323 WARNING:biomolecule.py:157:num_missing_heavy:Missing atom CE in residue LYS D 152
2024-02-28 14:07:19,323 WARNING:biomolecule.py:157:num_missing_heavy:Missing atom NZ in residue LYS D 152
2024-02-28 14:07:19,323 WARNING:biomolecule.py:157:num_missing_heavy:Missing atom CG in residue GLU E 2
2024-02-28 14:07:19,323 WARNING:biomolecule.py:157:num_missing_heavy:Missing atom CD in residue GLU E 2
2024-02-28 14:07:19,323 WARNING:biomolecule.py:157:num_missing_heavy:Missing atom OE1 in residue GLU E 2
2024-02-28 14:07:19,323 WARNING:biomolecule.py:157:num_missing_heavy:Missing atom OE2 in residue GLU E 2
2024-02-28 14:07:19,323 WARNING:biomolecule.py:157:num_missing_heavy:Missing atom CG in residue GLN E 24
2024-02-28 14:07:19,323 WARNING:biomolecule.py:157:num_missing_heavy:Missing atom CD in residue GLN E 24
2024-02-28 14:07:19,323 WARNING:biomolecule.py:157:num_missing_heavy:Missing atom OE1 in residue GLN E 24
2024-02-28 14:07:19,323 WARNING:biomolecule.py:157:num_missing_heavy:Missing atom NE2 in residue GLN E 24
2024-02-28 14:07:19,323 WARNING:biomolecule.py:157:num_missing_heavy:Missing atom CG in residue ARG E 54
2024-02-28 14:07:19,323 WARNING:biomolecule.py:157:num_missing_heavy:Missing atom CD in residue ARG E 54
2024-02-28 14:07:19,323 WARNING:biomolecule.py:157:num_missing_heavy:Missing atom NE in residue ARG E 54
2024-02-28 14:07:19,323 WARNING:biomolecule.py:157:num_missing_heavy:Missing atom CZ in residue ARG E 54
2024-02-28 14:07:19,323 WARNING:biomolecule.py:157:num_missing_heavy:Missing atom NH1 in residue ARG E 54
2024-02-28 14:07:19,323 WARNING:biomolecule.py:157:num_missing_heavy:Missing atom NH2 in residue ARG E 54
2024-02-28 14:07:19,324 WARNING:biomolecule.py:157:num_missing_heavy:Missing atom CG in residue GLN E 144
2024-02-28 14:07:19,324 WARNING:biomolecule.py:157:num_missing_heavy:Missing atom CD in residue GLN E 144
2024-02-28 14:07:19,324 WARNING:biomolecule.py:157:num_missing_heavy:Missing atom OE1 in residue GLN E 144
2024-02-28 14:07:19,324 WARNING:biomolecule.py:157:num_missing_heavy:Missing atom NE2 in residue GLN E 144
2024-02-28 14:07:19,324 WARNING:biomolecule.py:157:num_missing_heavy:Missing atom CG in residue ARG E 145
2024-02-28 14:07:19,324 WARNING:biomolecule.py:157:num_missing_heavy:Missing atom CD in residue ARG E 145
2024-02-28 14:07:19,324 WARNING:biomolecule.py:157:num_missing_heavy:Missing atom NE in residue ARG E 145
2024-02-28 14:07:19,324 WARNING:biomolecule.py:157:num_missing_heavy:Missing atom CZ in residue ARG E 145
2024-02-28 14:07:19,324 WARNING:biomolecule.py:157:num_missing_heavy:Missing atom NH1 in residue ARG E 145
2024-02-28 14:07:19,324 WARNING:biomolecule.py:157:num_missing_heavy:Missing atom NH2 in residue ARG E 145
2024-02-28 14:07:19,437 WARNING:biomolecule.py:157:num_missing_heavy:Missing atom CG in residue LYS E 152
2024-02-28 14:07:19,437 WARNING:biomolecule.py:157:num_missing_heavy:Missing atom CD in residue LYS E 152
2024-02-28 14:07:19,437 WARNING:biomolecule.py:157:num_missing_heavy:Missing atom CE in residue LYS E 152
2024-02-28 14:07:19,437 WARNING:biomolecule.py:157:num_missing_heavy:Missing atom NZ in residue LYS E 152
2024-02-28 14:07:19,437 WARNING:biomolecule.py:157:num_missing_heavy:Missing atom CG in residue GLU F 2
2024-02-28 14:07:19,437 WARNING:biomolecule.py:157:num_missing_heavy:Missing atom CD in residue GLU F 2
2024-02-28 14:07:19,437 WARNING:biomolecule.py:157:num_missing_heavy:Missing atom OE1 in residue GLU F 2
2024-02-28 14:07:19,438 WARNING:biomolecule.py:157:num_missing_heavy:Missing atom OE2 in residue GLU F 2
2024-02-28 14:07:19,438 WARNING:biomolecule.py:157:num_missing_heavy:Missing atom CG in residue GLN F 24
2024-02-28 14:07:19,438 WARNING:biomolecule.py:157:num_missing_heavy:Missing atom CD in residue GLN F 24
2024-02-28 14:07:19,438 WARNING:biomolecule.py:157:num_missing_heavy:Missing atom OE1 in residue GLN F 24
2024-02-28 14:07:19,438 WARNING:biomolecule.py:157:num_missing_heavy:Missing atom NE2 in residue GLN F 24
2024-02-28 14:07:19,438 WARNING:biomolecule.py:157:num_missing_heavy:Missing atom CG in residue ARG F 54
2024-02-28 14:07:19,438 WARNING:biomolecule.py:157:num_missing_heavy:Missing atom CD in residue ARG F 54
2024-02-28 14:07:19,438 WARNING:biomolecule.py:157:num_missing_heavy:Missing atom NE in residue ARG F 54
2024-02-28 14:07:19,438 WARNING:biomolecule.py:157:num_missing_heavy:Missing atom CZ in residue ARG F 54
2024-02-28 14:07:19,438 WARNING:biomolecule.py:157:num_missing_heavy:Missing atom NH1 in residue ARG F 54
2024-02-28 14:07:19,438 WARNING:biomolecule.py:157:num_missing_heavy:Missing atom NH2 in residue ARG F 54
2024-02-28 14:07:19,439 WARNING:biomolecule.py:157:num_missing_heavy:Missing atom CG in residue GLN F 144
2024-02-28 14:07:19,439 WARNING:biomolecule.py:157:num_missing_heavy:Missing atom CD in residue GLN F 144
2024-02-28 14:07:19,439 WARNING:biomolecule.py:157:num_missing_heavy:Missing atom OE1 in residue GLN F 144
2024-02-28 14:07:19,439 WARNING:biomolecule.py:157:num_missing_heavy:Missing atom NE2 in residue GLN F 144
2024-02-28 14:07:19,439 WARNING:biomolecule.py:157:num_missing_heavy:Missing atom CG in residue ARG F 145
2024-02-28 14:07:19,439 WARNING:biomolecule.py:157:num_missing_heavy:Missing atom CD in residue ARG F 145
2024-02-28 14:07:19,439 WARNING:biomolecule.py:157:num_missing_heavy:Missing atom NE in residue ARG F 145
2024-02-28 14:07:19,439 WARNING:biomolecule.py:157:num_missing_heavy:Missing atom CZ in residue ARG F 145
2024-02-28 14:07:19,439 WARNING:biomolecule.py:157:num_missing_heavy:Missing atom NH1 in residue ARG F 145
2024-02-28 14:07:19,439 WARNING:biomolecule.py:157:num_missing_heavy:Missing atom NH2 in residue ARG F 145
2024-02-28 14:07:19,439 WARNING:biomolecule.py:157:num_missing_heavy:Missing atom OXT in residue LEU F 151
2024-02-28 14:07:19,439 WARNING:biomolecule.py:157:num_missing_heavy:Missing atom CG in residue GLU A 2
2024-02-28 14:07:19,439 WARNING:biomolecule.py:157:num_missing_heavy:Missing atom CD in residue GLU A 2
2024-02-28 14:07:19,439 WARNING:biomolecule.py:157:num_missing_heavy:Missing atom OE1 in residue GLU A 2
2024-02-28 14:07:19,439 WARNING:biomolecule.py:157:num_missing_heavy:Missing atom OE2 in residue GLU A 2
2024-02-28 14:07:19,439 WARNING:biomolecule.py:157:num_missing_heavy:Missing atom CG in residue GLN A 24
2024-02-28 14:07:19,439 WARNING:biomolecule.py:157:num_missing_heavy:Missing atom CD in residue GLN A 24
2024-02-28 14:07:19,439 WARNING:biomolecule.py:157:num_missing_heavy:Missing atom OE1 in residue GLN A 24
2024-02-28 14:07:19,439 WARNING:biomolecule.py:157:num_missing_heavy:Missing atom NE2 in residue GLN A 24
2024-02-28 14:07:19,439 WARNING:biomolecule.py:157:num_missing_heavy:Missing atom CG in residue ARG A 54
2024-02-28 14:07:19,440 WARNING:biomolecule.py:157:num_missing_heavy:Missing atom CD in residue ARG A 54
2024-02-28 14:07:19,440 WARNING:biomolecule.py:157:num_missing_heavy:Missing atom NE in residue ARG A 54
2024-02-28 14:07:19,440 WARNING:biomolecule.py:157:num_missing_heavy:Missing atom CZ in residue ARG A 54
2024-02-28 14:07:19,440 WARNING:biomolecule.py:157:num_missing_heavy:Missing atom NH1 in residue ARG A 54
2024-02-28 14:07:19,440 WARNING:biomolecule.py:157:num_missing_heavy:Missing atom NH2 in residue ARG A 54
2024-02-28 14:07:19,440 WARNING:biomolecule.py:157:num_missing_heavy:Missing atom CG in residue GLN A 144
2024-02-28 14:07:19,440 WARNING:biomolecule.py:157:num_missing_heavy:Missing atom CD in residue GLN A 144
2024-02-28 14:07:19,440 WARNING:biomolecule.py:157:num_missing_heavy:Missing atom OE1 in residue GLN A 144
2024-02-28 14:07:19,440 WARNING:biomolecule.py:157:num_missing_heavy:Missing atom NE2 in residue GLN A 144
2024-02-28 14:07:19,440 WARNING:biomolecule.py:157:num_missing_heavy:Missing atom CG in residue ARG A 145
2024-02-28 14:07:19,440 WARNING:biomolecule.py:157:num_missing_heavy:Missing atom CD in residue ARG A 145
2024-02-28 14:07:19,440 WARNING:biomolecule.py:157:num_missing_heavy:Missing atom NE in residue ARG A 145
2024-02-28 14:07:19,440 WARNING:biomolecule.py:157:num_missing_heavy:Missing atom CZ in residue ARG A 145
2024-02-28 14:07:19,440 WARNING:biomolecule.py:157:num_missing_heavy:Missing atom NH1 in residue ARG A 145
2024-02-28 14:07:19,440 WARNING:biomolecule.py:157:num_missing_heavy:Missing atom NH2 in residue ARG A 145
2024-02-28 14:07:19,440 WARNING:biomolecule.py:157:num_missing_heavy:Missing atom CG in residue LYS A 152
2024-02-28 14:07:19,440 WARNING:biomolecule.py:157:num_missing_heavy:Missing atom CD in residue LYS A 152
2024-02-28 14:07:19,440 WARNING:biomolecule.py:157:num_missing_heavy:Missing atom CE in residue LYS A 152
2024-02-28 14:07:19,441 WARNING:biomolecule.py:157:num_missing_heavy:Missing atom NZ in residue LYS A 152
2024-02-28 14:07:19,441 WARNING:biomolecule.py:157:num_missing_heavy:Missing atom CG in residue GLU B 2
2024-02-28 14:07:19,441 WARNING:biomolecule.py:157:num_missing_heavy:Missing atom CD in residue GLU B 2
2024-02-28 14:07:19,441 WARNING:biomolecule.py:157:num_missing_heavy:Missing atom OE1 in residue GLU B 2
2024-02-28 14:07:19,441 WARNING:biomolecule.py:157:num_missing_heavy:Missing atom OE2 in residue GLU B 2
2024-02-28 14:07:19,441 WARNING:biomolecule.py:157:num_missing_heavy:Missing atom CG in residue GLN B 24
2024-02-28 14:07:19,441 WARNING:biomolecule.py:157:num_missing_heavy:Missing atom CD in residue GLN B 24
2024-02-28 14:07:19,441 WARNING:biomolecule.py:157:num_missing_heavy:Missing atom OE1 in residue GLN B 24
2024-02-28 14:07:19,441 WARNING:biomolecule.py:157:num_missing_heavy:Missing atom NE2 in residue GLN B 24
2024-02-28 14:07:19,461 WARNING:biomolecule.py:157:num_missing_heavy:Missing atom CG in residue ARG B 54
2024-02-28 14:07:19,461 WARNING:biomolecule.py:157:num_missing_heavy:Missing atom CD in residue ARG B 54
2024-02-28 14:07:19,461 WARNING:biomolecule.py:157:num_missing_heavy:Missing atom NE in residue ARG B 54
2024-02-28 14:07:19,461 WARNING:biomolecule.py:157:num_missing_heavy:Missing atom CZ in residue ARG B 54
2024-02-28 14:07:19,461 WARNING:biomolecule.py:157:num_missing_heavy:Missing atom NH1 in residue ARG B 54
2024-02-28 14:07:19,461 WARNING:biomolecule.py:157:num_missing_heavy:Missing atom NH2 in residue ARG B 54
2024-02-28 14:07:19,462 WARNING:biomolecule.py:157:num_missing_heavy:Missing atom CG in residue GLN B 144
2024-02-28 14:07:19,462 WARNING:biomolecule.py:157:num_missing_heavy:Missing atom CD in residue GLN B 144
2024-02-28 14:07:19,462 WARNING:biomolecule.py:157:num_missing_heavy:Missing atom OE1 in residue GLN B 144
2024-02-28 14:07:19,462 WARNING:biomolecule.py:157:num_missing_heavy:Missing atom NE2 in residue GLN B 144
2024-02-28 14:07:19,462 WARNING:biomolecule.py:157:num_missing_heavy:Missing atom CG in residue ARG B 145
2024-02-28 14:07:19,462 WARNING:biomolecule.py:157:num_missing_heavy:Missing atom CD in residue ARG B 145
2024-02-28 14:07:19,462 WARNING:biomolecule.py:157:num_missing_heavy:Missing atom NE in residue ARG B 145
2024-02-28 14:07:19,462 WARNING:biomolecule.py:157:num_missing_heavy:Missing atom CZ in residue ARG B 145
2024-02-28 14:07:19,462 WARNING:biomolecule.py:157:num_missing_heavy:Missing atom NH1 in residue ARG B 145
2024-02-28 14:07:19,462 WARNING:biomolecule.py:157:num_missing_heavy:Missing atom NH2 in residue ARG B 145
2024-02-28 14:07:19,462 WARNING:biomolecule.py:157:num_missing_heavy:Missing atom OXT in residue LEU B 151
2024-02-28 14:07:19,462 WARNING:biomolecule.py:157:num_missing_heavy:Missing atom CG in residue GLN C 24
2024-02-28 14:07:19,462 WARNING:biomolecule.py:157:num_missing_heavy:Missing atom CD in residue GLN C 24
2024-02-28 14:07:19,462 WARNING:biomolecule.py:157:num_missing_heavy:Missing atom OE1 in residue GLN C 24
2024-02-28 14:07:19,462 WARNING:biomolecule.py:157:num_missing_heavy:Missing atom NE2 in residue GLN C 24
2024-02-28 14:07:19,463 WARNING:biomolecule.py:157:num_missing_heavy:Missing atom CG in residue ARG C 54
2024-02-28 14:07:19,463 WARNING:biomolecule.py:157:num_missing_heavy:Missing atom CD in residue ARG C 54
2024-02-28 14:07:19,463 WARNING:biomolecule.py:157:num_missing_heavy:Missing atom NE in residue ARG C 54
2024-02-28 14:07:19,463 WARNING:biomolecule.py:157:num_missing_heavy:Missing atom CZ in residue ARG C 54
2024-02-28 14:07:19,463 WARNING:biomolecule.py:157:num_missing_heavy:Missing atom NH1 in residue ARG C 54
2024-02-28 14:07:19,463 WARNING:biomolecule.py:157:num_missing_heavy:Missing atom NH2 in residue ARG C 54
2024-02-28 14:07:19,463 WARNING:biomolecule.py:157:num_missing_heavy:Missing atom CG in residue GLN C 144
2024-02-28 14:07:19,463 WARNING:biomolecule.py:157:num_missing_heavy:Missing atom CD in residue GLN C 144
2024-02-28 14:07:19,463 WARNING:biomolecule.py:157:num_missing_heavy:Missing atom OE1 in residue GLN C 144
2024-02-28 14:07:19,463 WARNING:biomolecule.py:157:num_missing_heavy:Missing atom NE2 in residue GLN C 144
2024-02-28 14:07:19,463 WARNING:biomolecule.py:157:num_missing_heavy:Missing atom CG in residue ARG C 145
2024-02-28 14:07:19,463 WARNING:biomolecule.py:157:num_missing_heavy:Missing atom CD in residue ARG C 145
2024-02-28 14:07:19,463 WARNING:biomolecule.py:157:num_missing_heavy:Missing atom NE in residue ARG C 145
2024-02-28 14:07:19,463 WARNING:biomolecule.py:157:num_missing_heavy:Missing atom CZ in residue ARG C 145
2024-02-28 14:07:19,463 WARNING:biomolecule.py:157:num_missing_heavy:Missing atom NH1 in residue ARG C 145
2024-02-28 14:07:19,463 WARNING:biomolecule.py:157:num_missing_heavy:Missing atom NH2 in residue ARG C 145
2024-02-28 14:07:19,464 WARNING:biomolecule.py:157:num_missing_heavy:Missing atom CG in residue LYS C 152
2024-02-28 14:07:19,464 WARNING:biomolecule.py:157:num_missing_heavy:Missing atom CD in residue LYS C 152
2024-02-28 14:07:19,464 WARNING:biomolecule.py:157:num_missing_heavy:Missing atom CE in residue LYS C 152
2024-02-28 14:07:19,464 WARNING:biomolecule.py:157:num_missing_heavy:Missing atom NZ in residue LYS C 152
2024-02-28 14:07:19,464 WARNING:biomolecule.py:157:num_missing_heavy:Missing atom CG in residue GLN D 24
2024-02-28 14:07:19,464 WARNING:biomolecule.py:157:num_missing_heavy:Missing atom CD in residue GLN D 24
2024-02-28 14:07:19,464 WARNING:biomolecule.py:157:num_missing_heavy:Missing atom OE1 in residue GLN D 24
2024-02-28 14:07:19,464 WARNING:biomolecule.py:157:num_missing_heavy:Missing atom NE2 in residue GLN D 24
2024-02-28 14:07:19,464 WARNING:biomolecule.py:157:num_missing_heavy:Missing atom CG in residue ARG D 54
2024-02-28 14:07:19,464 WARNING:biomolecule.py:157:num_missing_heavy:Missing atom CD in residue ARG D 54
2024-02-28 14:07:19,489 WARNING:biomolecule.py:157:num_missing_heavy:Missing atom NE in residue ARG D 54
2024-02-28 14:07:19,489 WARNING:biomolecule.py:157:num_missing_heavy:Missing atom CZ in residue ARG D 54
2024-02-28 14:07:19,489 WARNING:biomolecule.py:157:num_missing_heavy:Missing atom NH1 in residue ARG D 54
2024-02-28 14:07:19,489 WARNING:biomolecule.py:157:num_missing_heavy:Missing atom NH2 in residue ARG D 54
2024-02-28 14:07:19,490 WARNING:biomolecule.py:157:num_missing_heavy:Missing atom CG in residue GLN D 144
2024-02-28 14:07:19,534 WARNING:biomolecule.py:157:num_missing_heavy:Missing atom CD in residue GLN D 144
2024-02-28 14:07:19,535 WARNING:biomolecule.py:157:num_missing_heavy:Missing atom OE1 in residue GLN D 144
2024-02-28 14:07:19,535 WARNING:biomolecule.py:157:num_missing_heavy:Missing atom NE2 in residue GLN D 144
2024-02-28 14:07:19,535 WARNING:biomolecule.py:157:num_missing_heavy:Missing atom CG in residue ARG D 145
2024-02-28 14:07:19,535 WARNING:biomolecule.py:157:num_missing_heavy:Missing atom CD in residue ARG D 145
2024-02-28 14:07:19,535 WARNING:biomolecule.py:157:num_missing_heavy:Missing atom NE in residue ARG D 145
2024-02-28 14:07:19,535 WARNING:biomolecule.py:157:num_missing_heavy:Missing atom CZ in residue ARG D 145
2024-02-28 14:07:19,535 WARNING:biomolecule.py:157:num_missing_heavy:Missing atom NH1 in residue ARG D 145
2024-02-28 14:07:19,535 WARNING:biomolecule.py:157:num_missing_heavy:Missing atom NH2 in residue ARG D 145
2024-02-28 14:07:19,535 WARNING:biomolecule.py:157:num_missing_heavy:Missing atom CG in residue LYS D 152
2024-02-28 14:07:19,535 WARNING:biomolecule.py:157:num_missing_heavy:Missing atom CD in residue LYS D 152
2024-02-28 14:07:19,535 WARNING:biomolecule.py:157:num_missing_heavy:Missing atom CE in residue LYS D 152
2024-02-28 14:07:19,535 WARNING:biomolecule.py:157:num_missing_heavy:Missing atom NZ in residue LYS D 152
2024-02-28 14:07:19,535 WARNING:biomolecule.py:157:num_missing_heavy:Missing atom CG in residue GLU E 2
2024-02-28 14:07:19,535 WARNING:biomolecule.py:157:num_missing_heavy:Missing atom CD in residue GLU E 2
2024-02-28 14:07:19,535 WARNING:biomolecule.py:157:num_missing_heavy:Missing atom OE1 in residue GLU E 2
2024-02-28 14:07:19,535 WARNING:biomolecule.py:157:num_missing_heavy:Missing atom OE2 in residue GLU E 2
2024-02-28 14:07:19,535 WARNING:biomolecule.py:157:num_missing_heavy:Missing atom CG in residue GLN E 24
2024-02-28 14:07:19,535 WARNING:biomolecule.py:157:num_missing_heavy:Missing atom CD in residue GLN E 24
2024-02-28 14:07:19,535 WARNING:biomolecule.py:157:num_missing_heavy:Missing atom OE1 in residue GLN E 24
2024-02-28 14:07:19,535 WARNING:biomolecule.py:157:num_missing_heavy:Missing atom NE2 in residue GLN E 24
2024-02-28 14:07:19,536 WARNING:biomolecule.py:157:num_missing_heavy:Missing atom CG in residue ARG E 54
2024-02-28 14:07:19,536 WARNING:biomolecule.py:157:num_missing_heavy:Missing atom CD in residue ARG E 54
2024-02-28 14:07:19,536 WARNING:biomolecule.py:157:num_missing_heavy:Missing atom NE in residue ARG E 54
2024-02-28 14:07:19,536 WARNING:biomolecule.py:157:num_missing_heavy:Missing atom CZ in residue ARG E 54
2024-02-28 14:07:19,536 WARNING:biomolecule.py:157:num_missing_heavy:Missing atom NH1 in residue ARG E 54
2024-02-28 14:07:19,536 WARNING:biomolecule.py:157:num_missing_heavy:Missing atom NH2 in residue ARG E 54
2024-02-28 14:07:19,536 WARNING:biomolecule.py:157:num_missing_heavy:Missing atom CG in residue GLN E 144
2024-02-28 14:07:19,536 WARNING:biomolecule.py:157:num_missing_heavy:Missing atom CD in residue GLN E 144
2024-02-28 14:07:19,536 WARNING:biomolecule.py:157:num_missing_heavy:Missing atom OE1 in residue GLN E 144
2024-02-28 14:07:19,536 WARNING:biomolecule.py:157:num_missing_heavy:Missing atom NE2 in residue GLN E 144
2024-02-28 14:07:19,536 WARNING:biomolecule.py:157:num_missing_heavy:Missing atom CG in residue ARG E 145
2024-02-28 14:07:19,536 WARNING:biomolecule.py:157:num_missing_heavy:Missing atom CD in residue ARG E 145
2024-02-28 14:07:19,536 WARNING:biomolecule.py:157:num_missing_heavy:Missing atom NE in residue ARG E 145
2024-02-28 14:07:19,536 WARNING:biomolecule.py:157:num_missing_heavy:Missing atom CZ in residue ARG E 145
2024-02-28 14:07:19,536 WARNING:biomolecule.py:157:num_missing_heavy:Missing atom NH1 in residue ARG E 145
2024-02-28 14:07:19,536 WARNING:biomolecule.py:157:num_missing_heavy:Missing atom NH2 in residue ARG E 145
2024-02-28 14:07:19,536 WARNING:biomolecule.py:157:num_missing_heavy:Missing atom CG in residue LYS E 152
2024-02-28 14:07:19,537 WARNING:biomolecule.py:157:num_missing_heavy:Missing atom CD in residue LYS E 152
2024-02-28 14:07:19,537 WARNING:biomolecule.py:157:num_missing_heavy:Missing atom CE in residue LYS E 152
2024-02-28 14:07:19,537 WARNING:biomolecule.py:157:num_missing_heavy:Missing atom NZ in residue LYS E 152
2024-02-28 14:07:19,537 WARNING:biomolecule.py:157:num_missing_heavy:Missing atom CG in residue GLU F 2
2024-02-28 14:07:19,537 WARNING:biomolecule.py:157:num_missing_heavy:Missing atom CD in residue GLU F 2
2024-02-28 14:07:19,537 WARNING:biomolecule.py:157:num_missing_heavy:Missing atom OE1 in residue GLU F 2
2024-02-28 14:07:19,537 WARNING:biomolecule.py:157:num_missing_heavy:Missing atom OE2 in residue GLU F 2
2024-02-28 14:07:19,537 WARNING:biomolecule.py:157:num_missing_heavy:Missing atom CG in residue GLN F 24
2024-02-28 14:07:19,537 WARNING:biomolecule.py:157:num_missing_heavy:Missing atom CD in residue GLN F 24
2024-02-28 14:07:19,537 WARNING:biomolecule.py:157:num_missing_heavy:Missing atom OE1 in residue GLN F 24
2024-02-28 14:07:19,537 WARNING:biomolecule.py:157:num_missing_heavy:Missing atom NE2 in residue GLN F 24
2024-02-28 14:07:19,537 WARNING:biomolecule.py:157:num_missing_heavy:Missing atom CG in residue ARG F 54
2024-02-28 14:07:19,537 WARNING:biomolecule.py:157:num_missing_heavy:Missing atom CD in residue ARG F 54
2024-02-28 14:07:19,537 WARNING:biomolecule.py:157:num_missing_heavy:Missing atom NE in residue ARG F 54
2024-02-28 14:07:19,537 WARNING:biomolecule.py:157:num_missing_heavy:Missing atom CZ in residue ARG F 54
2024-02-28 14:07:19,537 WARNING:biomolecule.py:157:num_missing_heavy:Missing atom NH1 in residue ARG F 54
2024-02-28 14:07:19,537 WARNING:biomolecule.py:157:num_missing_heavy:Missing atom NH2 in residue ARG F 54
2024-02-28 14:07:19,562 WARNING:biomolecule.py:157:num_missing_heavy:Missing atom CG in residue GLN F 144
2024-02-28 14:07:19,562 WARNING:biomolecule.py:157:num_missing_heavy:Missing atom CD in residue GLN F 144
2024-02-28 14:07:19,562 WARNING:biomolecule.py:157:num_missing_heavy:Missing atom OE1 in residue GLN F 144
2024-02-28 14:07:19,562 WARNING:biomolecule.py:157:num_missing_heavy:Missing atom NE2 in residue GLN F 144
2024-02-28 14:07:19,562 WARNING:biomolecule.py:157:num_missing_heavy:Missing atom CG in residue ARG F 145
2024-02-28 14:07:19,562 WARNING:biomolecule.py:157:num_missing_heavy:Missing atom CD in residue ARG F 145
2024-02-28 14:07:19,562 WARNING:biomolecule.py:157:num_missing_heavy:Missing atom NE in residue ARG F 145
2024-02-28 14:07:19,562 WARNING:biomolecule.py:157:num_missing_heavy:Missing atom CZ in residue ARG F 145
2024-02-28 14:07:19,562 WARNING:biomolecule.py:157:num_missing_heavy:Missing atom NH1 in residue ARG F 145
2024-02-28 14:07:19,562 WARNING:biomolecule.py:157:num_missing_heavy:Missing atom NH2 in residue ARG F 145
2024-02-28 14:07:19,562 WARNING:biomolecule.py:157:num_missing_heavy:Missing atom OXT in residue LEU F 151
2024-02-28 14:07:24,196 WARNING:debump.py:172:debump_biomolecule:WARNING: Unable to debump LEU B 151
2024-02-28 14:07:25,204 WARNING:main.py:311:print_pqr:Ignoring 2758 header lines in output.
2024-02-28 14:07:25,204 WARNING:main.py:315:print_pqr:Ignoring 60 missing lines in output.
