2024-02-28 14:07:17,642 WARNING:biomolecule.py:992:create_residue:Unable to find amino or nucleic acid definition for GTL.  Parsing as new residue.
2024-02-28 14:07:17,913 WARNING:biomolecule.py:992:create_residue:Unable to find amino or nucleic acid definition for ACT.  Parsing as new residue.
2024-02-28 14:07:17,913 WARNING:biomolecule.py:992:create_residue:Unable to find amino or nucleic acid definition for GTL.  Parsing as new residue.
2024-02-28 14:07:17,914 WARNING:biomolecule.py:992:create_residue:Unable to find amino or nucleic acid definition for CA.  Parsing as new residue.
2024-02-28 14:07:17,915 WARNING:main.py:418:setup_molecule:Multiple occupancies found: CA in LYS A 5.
2024-02-28 14:07:17,915 WARNING:main.py:418:setup_molecule:Multiple occupancies found: CB in LYS A 5.
2024-02-28 14:07:17,915 WARNING:main.py:418:setup_molecule:Multiple occupancies found: CG in LYS A 5.
2024-02-28 14:07:17,915 WARNING:main.py:418:setup_molecule:Multiple occupancies found: CD in LYS A 5.
2024-02-28 14:07:17,915 WARNING:main.py:418:setup_molecule:Multiple occupancies found: CE in LYS A 5.
2024-02-28 14:07:17,915 WARNING:main.py:418:setup_molecule:Multiple occupancies found: NZ in LYS A 5.
2024-02-28 14:07:17,915 WARNING:main.py:424:setup_molecule:Multiple occupancies found in LYS A 5. At least one of the instances is being ignored.
2024-02-28 14:07:17,915 WARNING:main.py:418:setup_molecule:Multiple occupancies found: CA in LYS A 46.
2024-02-28 14:07:17,915 WARNING:main.py:418:setup_molecule:Multiple occupancies found: CB in LYS A 46.
2024-02-28 14:07:17,915 WARNING:main.py:418:setup_molecule:Multiple occupancies found: CG in LYS A 46.
2024-02-28 14:07:17,915 WARNING:main.py:418:setup_molecule:Multiple occupancies found: CD in LYS A 46.
2024-02-28 14:07:17,915 WARNING:main.py:418:setup_molecule:Multiple occupancies found: CE in LYS A 46.
2024-02-28 14:07:17,915 WARNING:main.py:418:setup_molecule:Multiple occupancies found: NZ in LYS A 46.
2024-02-28 14:07:17,915 WARNING:main.py:424:setup_molecule:Multiple occupancies found in LYS A 46. At least one of the instances is being ignored.
2024-02-28 14:07:17,915 WARNING:main.py:418:setup_molecule:Multiple occupancies found: CA in LYS A 70.
2024-02-28 14:07:17,915 WARNING:main.py:418:setup_molecule:Multiple occupancies found: CB in LYS A 70.
2024-02-28 14:07:17,915 WARNING:main.py:418:setup_molecule:Multiple occupancies found: CG in LYS A 70.
2024-02-28 14:07:17,915 WARNING:main.py:418:setup_molecule:Multiple occupancies found: CD in LYS A 70.
2024-02-28 14:07:17,915 WARNING:main.py:418:setup_molecule:Multiple occupancies found: CE in LYS A 70.
2024-02-28 14:07:17,915 WARNING:main.py:418:setup_molecule:Multiple occupancies found: NZ in LYS A 70.
2024-02-28 14:07:17,916 WARNING:main.py:424:setup_molecule:Multiple occupancies found in LYS A 70. At least one of the instances is being ignored.
2024-02-28 14:07:17,916 WARNING:main.py:418:setup_molecule:Multiple occupancies found: CA in LYS A 131.
2024-02-28 14:07:17,916 WARNING:main.py:418:setup_molecule:Multiple occupancies found: CB in LYS A 131.
2024-02-28 14:07:17,916 WARNING:main.py:418:setup_molecule:Multiple occupancies found: CG in LYS A 131.
2024-02-28 14:07:17,916 WARNING:main.py:418:setup_molecule:Multiple occupancies found: CD in LYS A 131.
2024-02-28 14:07:17,916 WARNING:main.py:418:setup_molecule:Multiple occupancies found: CE in LYS A 131.
2024-02-28 14:07:17,916 WARNING:main.py:418:setup_molecule:Multiple occupancies found: NZ in LYS A 131.
2024-02-28 14:07:17,916 WARNING:main.py:424:setup_molecule:Multiple occupancies found in LYS A 131. At least one of the instances is being ignored.
2024-02-28 14:07:17,916 WARNING:main.py:418:setup_molecule:Multiple occupancies found: CA in GLU A 138.
2024-02-28 14:07:17,916 WARNING:main.py:418:setup_molecule:Multiple occupancies found: CB in GLU A 138.
2024-02-28 14:07:17,916 WARNING:main.py:418:setup_molecule:Multiple occupancies found: CG in GLU A 138.
2024-02-28 14:07:17,916 WARNING:main.py:418:setup_molecule:Multiple occupancies found: CD in GLU A 138.
2024-02-28 14:07:17,916 WARNING:main.py:418:setup_molecule:Multiple occupancies found: OE1 in GLU A 138.
2024-02-28 14:07:17,916 WARNING:main.py:418:setup_molecule:Multiple occupancies found: OE2 in GLU A 138.
2024-02-28 14:07:17,916 WARNING:main.py:424:setup_molecule:Multiple occupancies found in GLU A 138. At least one of the instances is being ignored.
2024-02-28 14:07:17,916 WARNING:main.py:418:setup_molecule:Multiple occupancies found: CA in GLU A 145.
2024-02-28 14:07:17,916 WARNING:main.py:418:setup_molecule:Multiple occupancies found: CB in GLU A 145.
2024-02-28 14:07:17,916 WARNING:main.py:418:setup_molecule:Multiple occupancies found: CG in GLU A 145.
2024-02-28 14:07:17,916 WARNING:main.py:418:setup_molecule:Multiple occupancies found: CD in GLU A 145.
2024-02-28 14:07:17,916 WARNING:main.py:418:setup_molecule:Multiple occupancies found: OE1 in GLU A 145.
2024-02-28 14:07:17,916 WARNING:main.py:418:setup_molecule:Multiple occupancies found: OE2 in GLU A 145.
2024-02-28 14:07:17,916 WARNING:main.py:424:setup_molecule:Multiple occupancies found in GLU A 145. At least one of the instances is being ignored.
2024-02-28 14:07:17,916 WARNING:main.py:418:setup_molecule:Multiple occupancies found: CA in ARG A 148.
2024-02-28 14:07:17,916 WARNING:main.py:418:setup_molecule:Multiple occupancies found: CB in ARG A 148.
2024-02-28 14:07:17,916 WARNING:main.py:418:setup_molecule:Multiple occupancies found: CG in ARG A 148.
2024-02-28 14:07:17,916 WARNING:main.py:418:setup_molecule:Multiple occupancies found: CD in ARG A 148.
2024-02-28 14:07:17,916 WARNING:main.py:418:setup_molecule:Multiple occupancies found: NE in ARG A 148.
2024-02-28 14:07:17,916 WARNING:main.py:418:setup_molecule:Multiple occupancies found: CZ in ARG A 148.
2024-02-28 14:07:17,916 WARNING:main.py:418:setup_molecule:Multiple occupancies found: NH1 in ARG A 148.
2024-02-28 14:07:17,916 WARNING:main.py:418:setup_molecule:Multiple occupancies found: NH2 in ARG A 148.
2024-02-28 14:07:17,916 WARNING:main.py:424:setup_molecule:Multiple occupancies found in ARG A 148. At least one of the instances is being ignored.
2024-02-28 14:07:17,916 WARNING:main.py:418:setup_molecule:Multiple occupancies found: CA in GLU A 152.
2024-02-28 14:07:17,917 WARNING:main.py:418:setup_molecule:Multiple occupancies found: CB in GLU A 152.
2024-02-28 14:07:17,917 WARNING:main.py:418:setup_molecule:Multiple occupancies found: CG in GLU A 152.
2024-02-28 14:07:17,917 WARNING:main.py:418:setup_molecule:Multiple occupancies found: CD in GLU A 152.
2024-02-28 14:07:17,917 WARNING:main.py:418:setup_molecule:Multiple occupancies found: OE1 in GLU A 152.
2024-02-28 14:07:17,917 WARNING:main.py:418:setup_molecule:Multiple occupancies found: OE2 in GLU A 152.
2024-02-28 14:07:17,917 WARNING:main.py:424:setup_molecule:Multiple occupancies found in GLU A 152. At least one of the instances is being ignored.
2024-02-28 14:07:17,917 WARNING:main.py:418:setup_molecule:Multiple occupancies found: CA in MET A 184.
2024-02-28 14:07:17,917 WARNING:main.py:418:setup_molecule:Multiple occupancies found: CB in MET A 184.
2024-02-28 14:07:17,917 WARNING:main.py:418:setup_molecule:Multiple occupancies found: CG in MET A 184.
2024-02-28 14:07:17,917 WARNING:main.py:418:setup_molecule:Multiple occupancies found: SD in MET A 184.
2024-02-28 14:07:17,917 WARNING:main.py:418:setup_molecule:Multiple occupancies found: CE in MET A 184.
2024-02-28 14:07:17,917 WARNING:main.py:424:setup_molecule:Multiple occupancies found in MET A 184. At least one of the instances is being ignored.
2024-02-28 14:07:17,917 WARNING:main.py:418:setup_molecule:Multiple occupancies found: CA in ARG A 185.
2024-02-28 14:07:17,942 WARNING:main.py:418:setup_molecule:Multiple occupancies found: CB in ARG A 185.
2024-02-28 14:07:17,942 WARNING:main.py:418:setup_molecule:Multiple occupancies found: CG in ARG A 185.
2024-02-28 14:07:17,942 WARNING:main.py:418:setup_molecule:Multiple occupancies found: CD in ARG A 185.
2024-02-28 14:07:17,942 WARNING:main.py:418:setup_molecule:Multiple occupancies found: NE in ARG A 185.
2024-02-28 14:07:17,943 WARNING:main.py:418:setup_molecule:Multiple occupancies found: CZ in ARG A 185.
2024-02-28 14:07:17,943 WARNING:main.py:418:setup_molecule:Multiple occupancies found: NH1 in ARG A 185.
2024-02-28 14:07:17,943 WARNING:main.py:418:setup_molecule:Multiple occupancies found: NH2 in ARG A 185.
2024-02-28 14:07:17,943 WARNING:main.py:424:setup_molecule:Multiple occupancies found in ARG A 185. At least one of the instances is being ignored.
2024-02-28 14:07:17,943 WARNING:main.py:418:setup_molecule:Multiple occupancies found: N in ARG A 192.
2024-02-28 14:07:17,943 WARNING:main.py:418:setup_molecule:Multiple occupancies found: CA in ARG A 192.
2024-02-28 14:07:17,943 WARNING:main.py:418:setup_molecule:Multiple occupancies found: C in ARG A 192.
2024-02-28 14:07:17,943 WARNING:main.py:418:setup_molecule:Multiple occupancies found: O in ARG A 192.
2024-02-28 14:07:17,943 WARNING:main.py:418:setup_molecule:Multiple occupancies found: CB in ARG A 192.
2024-02-28 14:07:17,943 WARNING:main.py:418:setup_molecule:Multiple occupancies found: CG in ARG A 192.
2024-02-28 14:07:17,943 WARNING:main.py:418:setup_molecule:Multiple occupancies found: CD in ARG A 192.
2024-02-28 14:07:17,943 WARNING:main.py:418:setup_molecule:Multiple occupancies found: NE in ARG A 192.
2024-02-28 14:07:17,943 WARNING:main.py:418:setup_molecule:Multiple occupancies found: CZ in ARG A 192.
2024-02-28 14:07:17,943 WARNING:main.py:418:setup_molecule:Multiple occupancies found: NH1 in ARG A 192.
2024-02-28 14:07:17,943 WARNING:main.py:418:setup_molecule:Multiple occupancies found: NH2 in ARG A 192.
2024-02-28 14:07:17,943 WARNING:main.py:424:setup_molecule:Multiple occupancies found in ARG A 192. At least one of the instances is being ignored.
2024-02-28 14:07:17,943 WARNING:main.py:418:setup_molecule:Multiple occupancies found: N in ARG A 203.
2024-02-28 14:07:17,943 WARNING:main.py:418:setup_molecule:Multiple occupancies found: CA in ARG A 203.
2024-02-28 14:07:17,943 WARNING:main.py:418:setup_molecule:Multiple occupancies found: C in ARG A 203.
2024-02-28 14:07:17,943 WARNING:main.py:418:setup_molecule:Multiple occupancies found: O in ARG A 203.
2024-02-28 14:07:17,943 WARNING:main.py:418:setup_molecule:Multiple occupancies found: CB in ARG A 203.
2024-02-28 14:07:17,943 WARNING:main.py:418:setup_molecule:Multiple occupancies found: CG in ARG A 203.
2024-02-28 14:07:17,943 WARNING:main.py:418:setup_molecule:Multiple occupancies found: CD in ARG A 203.
2024-02-28 14:07:17,943 WARNING:main.py:418:setup_molecule:Multiple occupancies found: NE in ARG A 203.
2024-02-28 14:07:17,943 WARNING:main.py:418:setup_molecule:Multiple occupancies found: CZ in ARG A 203.
2024-02-28 14:07:17,943 WARNING:main.py:418:setup_molecule:Multiple occupancies found: NH1 in ARG A 203.
2024-02-28 14:07:17,943 WARNING:main.py:418:setup_molecule:Multiple occupancies found: NH2 in ARG A 203.
2024-02-28 14:07:17,943 WARNING:main.py:424:setup_molecule:Multiple occupancies found in ARG A 203. At least one of the instances is being ignored.
2024-02-28 14:07:17,943 WARNING:main.py:418:setup_molecule:Multiple occupancies found: CA in GLU A 210.
2024-02-28 14:07:17,943 WARNING:main.py:418:setup_molecule:Multiple occupancies found: CB in GLU A 210.
2024-02-28 14:07:17,943 WARNING:main.py:418:setup_molecule:Multiple occupancies found: CG in GLU A 210.
2024-02-28 14:07:17,943 WARNING:main.py:418:setup_molecule:Multiple occupancies found: CD in GLU A 210.
2024-02-28 14:07:17,943 WARNING:main.py:418:setup_molecule:Multiple occupancies found: OE1 in GLU A 210.
2024-02-28 14:07:17,943 WARNING:main.py:418:setup_molecule:Multiple occupancies found: OE2 in GLU A 210.
2024-02-28 14:07:17,944 WARNING:main.py:424:setup_molecule:Multiple occupancies found in GLU A 210. At least one of the instances is being ignored.
2024-02-28 14:07:17,944 WARNING:main.py:418:setup_molecule:Multiple occupancies found: CA in THR A 211.
2024-02-28 14:07:17,944 WARNING:main.py:418:setup_molecule:Multiple occupancies found: CB in THR A 211.
2024-02-28 14:07:17,944 WARNING:main.py:418:setup_molecule:Multiple occupancies found: OG1 in THR A 211.
2024-02-28 14:07:17,944 WARNING:main.py:418:setup_molecule:Multiple occupancies found: CG2 in THR A 211.
2024-02-28 14:07:17,944 WARNING:main.py:424:setup_molecule:Multiple occupancies found in THR A 211. At least one of the instances is being ignored.
2024-02-28 14:07:17,944 WARNING:main.py:418:setup_molecule:Multiple occupancies found: CA in ASP A 214.
2024-02-28 14:07:17,944 WARNING:main.py:418:setup_molecule:Multiple occupancies found: CB in ASP A 214.
2024-02-28 14:07:17,944 WARNING:main.py:418:setup_molecule:Multiple occupancies found: CG in ASP A 214.
2024-02-28 14:07:17,944 WARNING:main.py:418:setup_molecule:Multiple occupancies found: OD1 in ASP A 214.
2024-02-28 14:07:17,944 WARNING:main.py:418:setup_molecule:Multiple occupancies found: OD2 in ASP A 214.
2024-02-28 14:07:17,944 WARNING:main.py:424:setup_molecule:Multiple occupancies found in ASP A 214. At least one of the instances is being ignored.
2024-02-28 14:07:17,944 WARNING:main.py:418:setup_molecule:Multiple occupancies found: CA in ARG A 240.
2024-02-28 14:07:17,944 WARNING:main.py:418:setup_molecule:Multiple occupancies found: CB in ARG A 240.
2024-02-28 14:07:17,944 WARNING:main.py:418:setup_molecule:Multiple occupancies found: CG in ARG A 240.
2024-02-28 14:07:17,944 WARNING:main.py:418:setup_molecule:Multiple occupancies found: CD in ARG A 240.
2024-02-28 14:07:17,944 WARNING:main.py:418:setup_molecule:Multiple occupancies found: NE in ARG A 240.
2024-02-28 14:07:17,944 WARNING:main.py:418:setup_molecule:Multiple occupancies found: CZ in ARG A 240.
2024-02-28 14:07:17,944 WARNING:main.py:418:setup_molecule:Multiple occupancies found: NH1 in ARG A 240.
2024-02-28 14:07:17,944 WARNING:main.py:418:setup_molecule:Multiple occupancies found: NH2 in ARG A 240.
2024-02-28 14:07:17,944 WARNING:main.py:424:setup_molecule:Multiple occupancies found in ARG A 240. At least one of the instances is being ignored.
2024-02-28 14:07:17,944 WARNING:main.py:418:setup_molecule:Multiple occupancies found: CA in ASN A 246.
2024-02-28 14:07:17,944 WARNING:main.py:418:setup_molecule:Multiple occupancies found: CB in ASN A 246.
2024-02-28 14:07:17,944 WARNING:main.py:418:setup_molecule:Multiple occupancies found: CG in ASN A 246.
2024-02-28 14:07:17,944 WARNING:main.py:418:setup_molecule:Multiple occupancies found: OD1 in ASN A 246.
2024-02-28 14:07:17,944 WARNING:main.py:418:setup_molecule:Multiple occupancies found: ND2 in ASN A 246.
2024-02-28 14:07:17,944 WARNING:main.py:424:setup_molecule:Multiple occupancies found in ASN A 246. At least one of the instances is being ignored.
2024-02-28 14:07:17,944 WARNING:main.py:418:setup_molecule:Multiple occupancies found: CA in GLU A 270.
2024-02-28 14:07:17,944 WARNING:main.py:418:setup_molecule:Multiple occupancies found: CB in GLU A 270.
2024-02-28 14:07:17,944 WARNING:main.py:418:setup_molecule:Multiple occupancies found: CG in GLU A 270.
2024-02-28 14:07:17,944 WARNING:main.py:418:setup_molecule:Multiple occupancies found: CD in GLU A 270.
2024-02-28 14:07:17,944 WARNING:main.py:418:setup_molecule:Multiple occupancies found: OE1 in GLU A 270.
2024-02-28 14:07:17,945 WARNING:main.py:418:setup_molecule:Multiple occupancies found: OE2 in GLU A 270.
2024-02-28 14:07:17,945 WARNING:main.py:424:setup_molecule:Multiple occupancies found in GLU A 270. At least one of the instances is being ignored.
2024-02-28 14:07:17,945 WARNING:main.py:418:setup_molecule:Multiple occupancies found: CA in GLU A 340.
2024-02-28 14:07:17,945 WARNING:main.py:418:setup_molecule:Multiple occupancies found: CB in GLU A 340.
2024-02-28 14:07:17,945 WARNING:main.py:418:setup_molecule:Multiple occupancies found: CG in GLU A 340.
2024-02-28 14:07:17,945 WARNING:main.py:418:setup_molecule:Multiple occupancies found: CD in GLU A 340.
2024-02-28 14:07:17,945 WARNING:main.py:418:setup_molecule:Multiple occupancies found: OE1 in GLU A 340.
2024-02-28 14:07:17,945 WARNING:main.py:418:setup_molecule:Multiple occupancies found: OE2 in GLU A 340.
2024-02-28 14:07:17,945 WARNING:main.py:424:setup_molecule:Multiple occupancies found in GLU A 340. At least one of the instances is being ignored.
2024-02-28 14:07:17,945 WARNING:main.py:418:setup_molecule:Multiple occupancies found: CA in GLU B 88.
2024-02-28 14:07:17,945 WARNING:main.py:418:setup_molecule:Multiple occupancies found: CB in GLU B 88.
2024-02-28 14:07:17,945 WARNING:main.py:418:setup_molecule:Multiple occupancies found: CG in GLU B 88.
2024-02-28 14:07:17,945 WARNING:main.py:418:setup_molecule:Multiple occupancies found: CD in GLU B 88.
2024-02-28 14:07:17,945 WARNING:main.py:418:setup_molecule:Multiple occupancies found: OE1 in GLU B 88.
2024-02-28 14:07:17,945 WARNING:main.py:418:setup_molecule:Multiple occupancies found: OE2 in GLU B 88.
2024-02-28 14:07:17,945 WARNING:main.py:424:setup_molecule:Multiple occupancies found in GLU B 88. At least one of the instances is being ignored.
2024-02-28 14:07:17,945 WARNING:main.py:418:setup_molecule:Multiple occupancies found: CA in GLU B 110.
2024-02-28 14:07:17,945 WARNING:main.py:418:setup_molecule:Multiple occupancies found: CB in GLU B 110.
2024-02-28 14:07:17,945 WARNING:main.py:418:setup_molecule:Multiple occupancies found: CG in GLU B 110.
2024-02-28 14:07:17,945 WARNING:main.py:418:setup_molecule:Multiple occupancies found: CD in GLU B 110.
2024-02-28 14:07:17,945 WARNING:main.py:418:setup_molecule:Multiple occupancies found: OE1 in GLU B 110.
2024-02-28 14:07:17,945 WARNING:main.py:418:setup_molecule:Multiple occupancies found: OE2 in GLU B 110.
2024-02-28 14:07:17,945 WARNING:main.py:424:setup_molecule:Multiple occupancies found in GLU B 110. At least one of the instances is being ignored.
2024-02-28 14:07:17,945 WARNING:main.py:418:setup_molecule:Multiple occupancies found: CA in GLU B 138.
2024-02-28 14:07:17,946 WARNING:main.py:418:setup_molecule:Multiple occupancies found: CB in GLU B 138.
2024-02-28 14:07:17,946 WARNING:main.py:418:setup_molecule:Multiple occupancies found: CG in GLU B 138.
2024-02-28 14:07:17,946 WARNING:main.py:418:setup_molecule:Multiple occupancies found: CD in GLU B 138.
2024-02-28 14:07:17,946 WARNING:main.py:418:setup_molecule:Multiple occupancies found: OE1 in GLU B 138.
2024-02-28 14:07:17,946 WARNING:main.py:418:setup_molecule:Multiple occupancies found: OE2 in GLU B 138.
2024-02-28 14:07:17,946 WARNING:main.py:424:setup_molecule:Multiple occupancies found in GLU B 138. At least one of the instances is being ignored.
2024-02-28 14:07:17,946 WARNING:main.py:418:setup_molecule:Multiple occupancies found: CA in ASP B 141.
2024-02-28 14:07:17,946 WARNING:main.py:418:setup_molecule:Multiple occupancies found: CB in ASP B 141.
2024-02-28 14:07:17,946 WARNING:main.py:418:setup_molecule:Multiple occupancies found: CG in ASP B 141.
2024-02-28 14:07:17,946 WARNING:main.py:418:setup_molecule:Multiple occupancies found: OD1 in ASP B 141.
2024-02-28 14:07:17,946 WARNING:main.py:418:setup_molecule:Multiple occupancies found: OD2 in ASP B 141.
2024-02-28 14:07:17,946 WARNING:main.py:424:setup_molecule:Multiple occupancies found in ASP B 141. At least one of the instances is being ignored.
2024-02-28 14:07:17,946 WARNING:main.py:418:setup_molecule:Multiple occupancies found: CA in MET B 184.
2024-02-28 14:07:17,946 WARNING:main.py:418:setup_molecule:Multiple occupancies found: CB in MET B 184.
2024-02-28 14:07:17,946 WARNING:main.py:418:setup_molecule:Multiple occupancies found: CG in MET B 184.
2024-02-28 14:07:17,946 WARNING:main.py:418:setup_molecule:Multiple occupancies found: SD in MET B 184.
2024-02-28 14:07:17,946 WARNING:main.py:418:setup_molecule:Multiple occupancies found: CE in MET B 184.
2024-02-28 14:07:17,946 WARNING:main.py:424:setup_molecule:Multiple occupancies found in MET B 184. At least one of the instances is being ignored.
2024-02-28 14:07:17,946 WARNING:main.py:418:setup_molecule:Multiple occupancies found: CB in ARG B 203.
2024-02-28 14:07:17,946 WARNING:main.py:418:setup_molecule:Multiple occupancies found: CG in ARG B 203.
2024-02-28 14:07:17,946 WARNING:main.py:418:setup_molecule:Multiple occupancies found: CD in ARG B 203.
2024-02-28 14:07:17,946 WARNING:main.py:418:setup_molecule:Multiple occupancies found: NE in ARG B 203.
2024-02-28 14:07:17,946 WARNING:main.py:418:setup_molecule:Multiple occupancies found: CZ in ARG B 203.
2024-02-28 14:07:17,946 WARNING:main.py:418:setup_molecule:Multiple occupancies found: NH1 in ARG B 203.
2024-02-28 14:07:17,946 WARNING:main.py:418:setup_molecule:Multiple occupancies found: NH2 in ARG B 203.
2024-02-28 14:07:17,946 WARNING:main.py:424:setup_molecule:Multiple occupancies found in ARG B 203. At least one of the instances is being ignored.
2024-02-28 14:07:17,946 WARNING:main.py:418:setup_molecule:Multiple occupancies found: CA in ARG B 237.
2024-02-28 14:07:17,946 WARNING:main.py:418:setup_molecule:Multiple occupancies found: CB in ARG B 237.
2024-02-28 14:07:17,946 WARNING:main.py:418:setup_molecule:Multiple occupancies found: CG in ARG B 237.
2024-02-28 14:07:17,946 WARNING:main.py:418:setup_molecule:Multiple occupancies found: CD in ARG B 237.
2024-02-28 14:07:17,946 WARNING:main.py:418:setup_molecule:Multiple occupancies found: NE in ARG B 237.
2024-02-28 14:07:17,946 WARNING:main.py:418:setup_molecule:Multiple occupancies found: CZ in ARG B 237.
2024-02-28 14:07:17,947 WARNING:main.py:418:setup_molecule:Multiple occupancies found: NH1 in ARG B 237.
2024-02-28 14:07:17,947 WARNING:main.py:418:setup_molecule:Multiple occupancies found: NH2 in ARG B 237.
2024-02-28 14:07:17,947 WARNING:main.py:424:setup_molecule:Multiple occupancies found in ARG B 237. At least one of the instances is being ignored.
2024-02-28 14:07:17,947 WARNING:main.py:418:setup_molecule:Multiple occupancies found: CA in ASN B 246.
2024-02-28 14:07:17,947 WARNING:main.py:418:setup_molecule:Multiple occupancies found: CB in ASN B 246.
2024-02-28 14:07:17,947 WARNING:main.py:418:setup_molecule:Multiple occupancies found: CG in ASN B 246.
2024-02-28 14:07:17,947 WARNING:main.py:418:setup_molecule:Multiple occupancies found: OD1 in ASN B 246.
2024-02-28 14:07:17,947 WARNING:main.py:418:setup_molecule:Multiple occupancies found: ND2 in ASN B 246.
2024-02-28 14:07:17,947 WARNING:main.py:424:setup_molecule:Multiple occupancies found in ASN B 246. At least one of the instances is being ignored.
2024-02-28 14:07:17,947 WARNING:main.py:418:setup_molecule:Multiple occupancies found: CA in GLU B 270.
2024-02-28 14:07:17,947 WARNING:main.py:418:setup_molecule:Multiple occupancies found: CB in GLU B 270.
2024-02-28 14:07:17,947 WARNING:main.py:418:setup_molecule:Multiple occupancies found: CG in GLU B 270.
2024-02-28 14:07:17,947 WARNING:main.py:418:setup_molecule:Multiple occupancies found: CD in GLU B 270.
2024-02-28 14:07:17,947 WARNING:main.py:418:setup_molecule:Multiple occupancies found: OE1 in GLU B 270.
2024-02-28 14:07:17,947 WARNING:main.py:418:setup_molecule:Multiple occupancies found: OE2 in GLU B 270.
2024-02-28 14:07:17,947 WARNING:main.py:424:setup_molecule:Multiple occupancies found in GLU B 270. At least one of the instances is being ignored.
2024-02-28 14:07:17,947 WARNING:main.py:418:setup_molecule:Multiple occupancies found: CA in ASP B 305.
2024-02-28 14:07:17,947 WARNING:main.py:418:setup_molecule:Multiple occupancies found: CB in ASP B 305.
2024-02-28 14:07:17,947 WARNING:main.py:418:setup_molecule:Multiple occupancies found: CG in ASP B 305.
2024-02-28 14:07:17,947 WARNING:main.py:418:setup_molecule:Multiple occupancies found: OD1 in ASP B 305.
2024-02-28 14:07:17,947 WARNING:main.py:418:setup_molecule:Multiple occupancies found: OD2 in ASP B 305.
2024-02-28 14:07:17,947 WARNING:main.py:424:setup_molecule:Multiple occupancies found in ASP B 305. At least one of the instances is being ignored.
2024-02-28 14:07:17,947 WARNING:main.py:418:setup_molecule:Multiple occupancies found: CA in ASP B 402.
2024-02-28 14:07:17,947 WARNING:main.py:418:setup_molecule:Multiple occupancies found: CB in ASP B 402.
2024-02-28 14:07:17,947 WARNING:main.py:418:setup_molecule:Multiple occupancies found: CG in ASP B 402.
2024-02-28 14:07:17,947 WARNING:main.py:418:setup_molecule:Multiple occupancies found: OD1 in ASP B 402.
2024-02-28 14:07:17,947 WARNING:main.py:418:setup_molecule:Multiple occupancies found: OD2 in ASP B 402.
2024-02-28 14:07:17,947 WARNING:main.py:424:setup_molecule:Multiple occupancies found in ASP B 402. At least one of the instances is being ignored.
2024-02-28 14:07:17,947 WARNING:main.py:418:setup_molecule:Multiple occupancies found: CA in LYS B 412.
2024-02-28 14:07:17,948 WARNING:main.py:418:setup_molecule:Multiple occupancies found: CB in LYS B 412.
2024-02-28 14:07:17,948 WARNING:main.py:418:setup_molecule:Multiple occupancies found: CG in LYS B 412.
2024-02-28 14:07:17,948 WARNING:main.py:418:setup_molecule:Multiple occupancies found: CD in LYS B 412.
2024-02-28 14:07:18,356 WARNING:main.py:418:setup_molecule:Multiple occupancies found: CE in LYS B 412.
2024-02-28 14:07:18,356 WARNING:main.py:418:setup_molecule:Multiple occupancies found: NZ in LYS B 412.
2024-02-28 14:07:18,356 WARNING:main.py:424:setup_molecule:Multiple occupancies found in LYS B 412. At least one of the instances is being ignored.
2024-02-28 14:07:18,356 WARNING:main.py:418:setup_molecule:Multiple occupancies found: CA in ASN B 437.
2024-02-28 14:07:18,356 WARNING:main.py:418:setup_molecule:Multiple occupancies found: CB in ASN B 437.
2024-02-28 14:07:18,356 WARNING:main.py:418:setup_molecule:Multiple occupancies found: CG in ASN B 437.
2024-02-28 14:07:18,356 WARNING:main.py:418:setup_molecule:Multiple occupancies found: OD1 in ASN B 437.
2024-02-28 14:07:18,356 WARNING:main.py:418:setup_molecule:Multiple occupancies found: ND2 in ASN B 437.
2024-02-28 14:07:18,356 WARNING:main.py:424:setup_molecule:Multiple occupancies found in ASN B 437. At least one of the instances is being ignored.
2024-02-28 14:07:18,462 WARNING:biomolecule.py:615:update_bonds:Gap in backbone detected between GLU A 231 and ASP A 235!
2024-02-28 14:07:18,463 WARNING:biomolecule.py:615:update_bonds:Gap in backbone detected between PRO A 304 and ALA A 308!
2024-02-28 14:07:18,506 WARNING:biomolecule.py:615:update_bonds:Gap in backbone detected between ALA B 306 and LYS B 309!
2024-02-28 14:07:18,549 WARNING:biomolecule.py:157:num_missing_heavy:Missing atom CB in residue LYS A 213
2024-02-28 14:07:18,549 WARNING:biomolecule.py:157:num_missing_heavy:Missing atom CG in residue LYS A 213
2024-02-28 14:07:18,549 WARNING:biomolecule.py:157:num_missing_heavy:Missing atom CD in residue LYS A 213
2024-02-28 14:07:18,549 WARNING:biomolecule.py:157:num_missing_heavy:Missing atom CE in residue LYS A 213
2024-02-28 14:07:18,549 WARNING:biomolecule.py:157:num_missing_heavy:Missing atom NZ in residue LYS A 213
2024-02-28 14:07:18,550 WARNING:biomolecule.py:157:num_missing_heavy:Missing atom CD in residue LYS A 309
2024-02-28 14:07:18,550 WARNING:biomolecule.py:157:num_missing_heavy:Missing atom CE in residue LYS A 309
2024-02-28 14:07:18,550 WARNING:biomolecule.py:157:num_missing_heavy:Missing atom NZ in residue LYS A 309
2024-02-28 14:07:18,551 WARNING:biomolecule.py:157:num_missing_heavy:Missing atom OXT in residue GLU A 445
2024-02-28 14:07:18,551 WARNING:biomolecule.py:157:num_missing_heavy:Missing atom CG in residue GLU B 8
2024-02-28 14:07:18,551 WARNING:biomolecule.py:157:num_missing_heavy:Missing atom CD in residue GLU B 8
2024-02-28 14:07:18,551 WARNING:biomolecule.py:157:num_missing_heavy:Missing atom OE1 in residue GLU B 8
2024-02-28 14:07:18,551 WARNING:biomolecule.py:157:num_missing_heavy:Missing atom OE2 in residue GLU B 8
2024-02-28 14:07:18,551 WARNING:biomolecule.py:157:num_missing_heavy:Missing atom CE in residue LYS B 62
2024-02-28 14:07:18,551 WARNING:biomolecule.py:157:num_missing_heavy:Missing atom NZ in residue LYS B 62
2024-02-28 14:07:18,551 WARNING:biomolecule.py:157:num_missing_heavy:Missing atom CD in residue LYS B 70
2024-02-28 14:07:18,551 WARNING:biomolecule.py:157:num_missing_heavy:Missing atom CE in residue LYS B 70
2024-02-28 14:07:18,551 WARNING:biomolecule.py:157:num_missing_heavy:Missing atom NZ in residue LYS B 70
2024-02-28 14:07:18,551 WARNING:biomolecule.py:157:num_missing_heavy:Missing atom CG in residue LYS B 74
2024-02-28 14:07:18,551 WARNING:biomolecule.py:157:num_missing_heavy:Missing atom CD in residue LYS B 74
2024-02-28 14:07:18,551 WARNING:biomolecule.py:157:num_missing_heavy:Missing atom CE in residue LYS B 74
2024-02-28 14:07:18,551 WARNING:biomolecule.py:157:num_missing_heavy:Missing atom NZ in residue LYS B 74
2024-02-28 14:07:18,551 WARNING:biomolecule.py:157:num_missing_heavy:Missing atom CD in residue ARG B 92
2024-02-28 14:07:18,551 WARNING:biomolecule.py:157:num_missing_heavy:Missing atom NE in residue ARG B 92
2024-02-28 14:07:18,551 WARNING:biomolecule.py:157:num_missing_heavy:Missing atom CZ in residue ARG B 92
2024-02-28 14:07:18,552 WARNING:biomolecule.py:157:num_missing_heavy:Missing atom NH1 in residue ARG B 92
2024-02-28 14:07:18,552 WARNING:biomolecule.py:157:num_missing_heavy:Missing atom NH2 in residue ARG B 92
2024-02-28 14:07:18,552 WARNING:biomolecule.py:157:num_missing_heavy:Missing atom CD in residue LYS B 216
2024-02-28 14:07:18,552 WARNING:biomolecule.py:157:num_missing_heavy:Missing atom CE in residue LYS B 216
2024-02-28 14:07:18,552 WARNING:biomolecule.py:157:num_missing_heavy:Missing atom NZ in residue LYS B 216
2024-02-28 14:07:18,552 WARNING:biomolecule.py:157:num_missing_heavy:Missing atom CG in residue GLU B 231
2024-02-28 14:07:18,552 WARNING:biomolecule.py:157:num_missing_heavy:Missing atom CD in residue GLU B 231
2024-02-28 14:07:18,552 WARNING:biomolecule.py:157:num_missing_heavy:Missing atom OE1 in residue GLU B 231
2024-02-28 14:07:18,552 WARNING:biomolecule.py:157:num_missing_heavy:Missing atom OE2 in residue GLU B 231
2024-02-28 14:07:18,553 WARNING:biomolecule.py:157:num_missing_heavy:Missing atom CE in residue LYS B 309
2024-02-28 14:07:18,553 WARNING:biomolecule.py:157:num_missing_heavy:Missing atom NZ in residue LYS B 309
2024-02-28 14:07:18,553 WARNING:biomolecule.py:157:num_missing_heavy:Missing atom CB in residue GLU B 362
2024-02-28 14:07:18,553 WARNING:biomolecule.py:157:num_missing_heavy:Missing atom CG in residue GLU B 362
2024-02-28 14:07:18,553 WARNING:biomolecule.py:157:num_missing_heavy:Missing atom CD in residue GLU B 362
2024-02-28 14:07:18,553 WARNING:biomolecule.py:157:num_missing_heavy:Missing atom OE1 in residue GLU B 362
2024-02-28 14:07:18,553 WARNING:biomolecule.py:157:num_missing_heavy:Missing atom OE2 in residue GLU B 362
2024-02-28 14:07:18,553 WARNING:biomolecule.py:157:num_missing_heavy:Missing atom CD in residue LYS B 376
2024-02-28 14:07:18,553 WARNING:biomolecule.py:157:num_missing_heavy:Missing atom CE in residue LYS B 376
2024-02-28 14:07:18,553 WARNING:biomolecule.py:157:num_missing_heavy:Missing atom NZ in residue LYS B 376
2024-02-28 14:07:18,554 WARNING:biomolecule.py:157:num_missing_heavy:Missing atom CD in residue LYS B 425
2024-02-28 14:07:18,554 WARNING:biomolecule.py:157:num_missing_heavy:Missing atom CE in residue LYS B 425
2024-02-28 14:07:18,554 WARNING:biomolecule.py:157:num_missing_heavy:Missing atom NZ in residue LYS B 425
2024-02-28 14:07:18,554 WARNING:biomolecule.py:157:num_missing_heavy:Missing atom CG in residue LYS B 440
2024-02-28 14:07:18,554 WARNING:biomolecule.py:157:num_missing_heavy:Missing atom CD in residue LYS B 440
2024-02-28 14:07:18,554 WARNING:biomolecule.py:157:num_missing_heavy:Missing atom CE in residue LYS B 440
2024-02-28 14:07:18,554 WARNING:biomolecule.py:157:num_missing_heavy:Missing atom NZ in residue LYS B 440
2024-02-28 14:07:18,554 WARNING:biomolecule.py:157:num_missing_heavy:Missing atom OXT in residue GLU B 445
2024-02-28 14:07:18,555 WARNING:biomolecule.py:157:num_missing_heavy:Missing atom CB in residue LYS A 213
2024-02-28 14:07:18,555 WARNING:biomolecule.py:157:num_missing_heavy:Missing atom CG in residue LYS A 213
2024-02-28 14:07:18,555 WARNING:biomolecule.py:157:num_missing_heavy:Missing atom CD in residue LYS A 213
2024-02-28 14:07:18,555 WARNING:biomolecule.py:157:num_missing_heavy:Missing atom CE in residue LYS A 213
2024-02-28 14:07:18,555 WARNING:biomolecule.py:157:num_missing_heavy:Missing atom NZ in residue LYS A 213
2024-02-28 14:07:18,555 WARNING:biomolecule.py:157:num_missing_heavy:Missing atom CD in residue LYS A 309
2024-02-28 14:07:18,555 WARNING:biomolecule.py:157:num_missing_heavy:Missing atom CE in residue LYS A 309
2024-02-28 14:07:18,555 WARNING:biomolecule.py:157:num_missing_heavy:Missing atom NZ in residue LYS A 309
2024-02-28 14:07:18,556 WARNING:biomolecule.py:157:num_missing_heavy:Missing atom OXT in residue GLU A 445
2024-02-28 14:07:18,556 WARNING:biomolecule.py:157:num_missing_heavy:Missing atom CG in residue GLU B 8
2024-02-28 14:07:18,556 WARNING:biomolecule.py:157:num_missing_heavy:Missing atom CD in residue GLU B 8
2024-02-28 14:07:18,556 WARNING:biomolecule.py:157:num_missing_heavy:Missing atom OE1 in residue GLU B 8
2024-02-28 14:07:18,556 WARNING:biomolecule.py:157:num_missing_heavy:Missing atom OE2 in residue GLU B 8
2024-02-28 14:07:18,556 WARNING:biomolecule.py:157:num_missing_heavy:Missing atom CE in residue LYS B 62
2024-02-28 14:07:18,556 WARNING:biomolecule.py:157:num_missing_heavy:Missing atom NZ in residue LYS B 62
2024-02-28 14:07:18,556 WARNING:biomolecule.py:157:num_missing_heavy:Missing atom CD in residue LYS B 70
2024-02-28 14:07:18,556 WARNING:biomolecule.py:157:num_missing_heavy:Missing atom CE in residue LYS B 70
2024-02-28 14:07:18,556 WARNING:biomolecule.py:157:num_missing_heavy:Missing atom NZ in residue LYS B 70
2024-02-28 14:07:18,556 WARNING:biomolecule.py:157:num_missing_heavy:Missing atom CG in residue LYS B 74
2024-02-28 14:07:18,557 WARNING:biomolecule.py:157:num_missing_heavy:Missing atom CD in residue LYS B 74
2024-02-28 14:07:18,557 WARNING:biomolecule.py:157:num_missing_heavy:Missing atom CE in residue LYS B 74
2024-02-28 14:07:18,557 WARNING:biomolecule.py:157:num_missing_heavy:Missing atom NZ in residue LYS B 74
2024-02-28 14:07:18,557 WARNING:biomolecule.py:157:num_missing_heavy:Missing atom CD in residue ARG B 92
2024-02-28 14:07:18,557 WARNING:biomolecule.py:157:num_missing_heavy:Missing atom NE in residue ARG B 92
2024-02-28 14:07:18,557 WARNING:biomolecule.py:157:num_missing_heavy:Missing atom CZ in residue ARG B 92
2024-02-28 14:07:18,557 WARNING:biomolecule.py:157:num_missing_heavy:Missing atom NH1 in residue ARG B 92
2024-02-28 14:07:18,557 WARNING:biomolecule.py:157:num_missing_heavy:Missing atom NH2 in residue ARG B 92
2024-02-28 14:07:18,569 WARNING:biomolecule.py:157:num_missing_heavy:Missing atom CD in residue LYS B 216
2024-02-28 14:07:18,569 WARNING:biomolecule.py:157:num_missing_heavy:Missing atom CE in residue LYS B 216
2024-02-28 14:07:18,570 WARNING:biomolecule.py:157:num_missing_heavy:Missing atom NZ in residue LYS B 216
2024-02-28 14:07:18,570 WARNING:biomolecule.py:157:num_missing_heavy:Missing atom CG in residue GLU B 231
2024-02-28 14:07:18,570 WARNING:biomolecule.py:157:num_missing_heavy:Missing atom CD in residue GLU B 231
2024-02-28 14:07:18,570 WARNING:biomolecule.py:157:num_missing_heavy:Missing atom OE1 in residue GLU B 231
2024-02-28 14:07:18,570 WARNING:biomolecule.py:157:num_missing_heavy:Missing atom OE2 in residue GLU B 231
2024-02-28 14:07:18,570 WARNING:biomolecule.py:157:num_missing_heavy:Missing atom CE in residue LYS B 309
2024-02-28 14:07:18,570 WARNING:biomolecule.py:157:num_missing_heavy:Missing atom NZ in residue LYS B 309
2024-02-28 14:07:18,570 WARNING:biomolecule.py:157:num_missing_heavy:Missing atom CB in residue GLU B 362
2024-02-28 14:07:18,570 WARNING:biomolecule.py:157:num_missing_heavy:Missing atom CG in residue GLU B 362
2024-02-28 14:07:18,570 WARNING:biomolecule.py:157:num_missing_heavy:Missing atom CD in residue GLU B 362
2024-02-28 14:07:18,570 WARNING:biomolecule.py:157:num_missing_heavy:Missing atom OE1 in residue GLU B 362
2024-02-28 14:07:18,571 WARNING:biomolecule.py:157:num_missing_heavy:Missing atom OE2 in residue GLU B 362
2024-02-28 14:07:18,571 WARNING:biomolecule.py:157:num_missing_heavy:Missing atom CD in residue LYS B 376
2024-02-28 14:07:18,571 WARNING:biomolecule.py:157:num_missing_heavy:Missing atom CE in residue LYS B 376
2024-02-28 14:07:18,571 WARNING:biomolecule.py:157:num_missing_heavy:Missing atom NZ in residue LYS B 376
2024-02-28 14:07:18,571 WARNING:biomolecule.py:157:num_missing_heavy:Missing atom CD in residue LYS B 425
2024-02-28 14:07:18,571 WARNING:biomolecule.py:157:num_missing_heavy:Missing atom CE in residue LYS B 425
2024-02-28 14:07:18,571 WARNING:biomolecule.py:157:num_missing_heavy:Missing atom NZ in residue LYS B 425
2024-02-28 14:07:18,571 WARNING:biomolecule.py:157:num_missing_heavy:Missing atom CG in residue LYS B 440
2024-02-28 14:07:18,571 WARNING:biomolecule.py:157:num_missing_heavy:Missing atom CD in residue LYS B 440
2024-02-28 14:07:18,571 WARNING:biomolecule.py:157:num_missing_heavy:Missing atom CE in residue LYS B 440
2024-02-28 14:07:18,571 WARNING:biomolecule.py:157:num_missing_heavy:Missing atom NZ in residue LYS B 440
2024-02-28 14:07:18,572 WARNING:biomolecule.py:157:num_missing_heavy:Missing atom OXT in residue GLU B 445
2024-02-28 14:07:18,573 WARNING:biomolecule.py:157:num_missing_heavy:Missing atom CB in residue LYS A 213
2024-02-28 14:07:18,574 WARNING:biomolecule.py:157:num_missing_heavy:Missing atom CG in residue LYS A 213
2024-02-28 14:07:18,574 WARNING:biomolecule.py:157:num_missing_heavy:Missing atom CD in residue LYS A 213
2024-02-28 14:07:18,574 WARNING:biomolecule.py:157:num_missing_heavy:Missing atom CE in residue LYS A 213
2024-02-28 14:07:18,575 WARNING:biomolecule.py:157:num_missing_heavy:Missing atom NZ in residue LYS A 213
2024-02-28 14:07:18,575 WARNING:biomolecule.py:157:num_missing_heavy:Missing atom CD in residue LYS A 309
2024-02-28 14:07:18,575 WARNING:biomolecule.py:157:num_missing_heavy:Missing atom CE in residue LYS A 309
2024-02-28 14:07:18,977 WARNING:biomolecule.py:157:num_missing_heavy:Missing atom NZ in residue LYS A 309
2024-02-28 14:07:19,173 WARNING:biomolecule.py:157:num_missing_heavy:Missing atom OXT in residue GLU A 445
2024-02-28 14:07:19,173 WARNING:biomolecule.py:157:num_missing_heavy:Missing atom CG in residue GLU B 8
2024-02-28 14:07:19,173 WARNING:biomolecule.py:157:num_missing_heavy:Missing atom CD in residue GLU B 8
2024-02-28 14:07:19,173 WARNING:biomolecule.py:157:num_missing_heavy:Missing atom OE1 in residue GLU B 8
2024-02-28 14:07:19,173 WARNING:biomolecule.py:157:num_missing_heavy:Missing atom OE2 in residue GLU B 8
2024-02-28 14:07:19,173 WARNING:biomolecule.py:157:num_missing_heavy:Missing atom CE in residue LYS B 62
2024-02-28 14:07:19,173 WARNING:biomolecule.py:157:num_missing_heavy:Missing atom NZ in residue LYS B 62
2024-02-28 14:07:19,173 WARNING:biomolecule.py:157:num_missing_heavy:Missing atom CD in residue LYS B 70
2024-02-28 14:07:19,173 WARNING:biomolecule.py:157:num_missing_heavy:Missing atom CE in residue LYS B 70
2024-02-28 14:07:19,173 WARNING:biomolecule.py:157:num_missing_heavy:Missing atom NZ in residue LYS B 70
2024-02-28 14:07:19,173 WARNING:biomolecule.py:157:num_missing_heavy:Missing atom CG in residue LYS B 74
2024-02-28 14:07:19,173 WARNING:biomolecule.py:157:num_missing_heavy:Missing atom CD in residue LYS B 74
2024-02-28 14:07:19,173 WARNING:biomolecule.py:157:num_missing_heavy:Missing atom CE in residue LYS B 74
2024-02-28 14:07:19,173 WARNING:biomolecule.py:157:num_missing_heavy:Missing atom NZ in residue LYS B 74
2024-02-28 14:07:19,174 WARNING:biomolecule.py:157:num_missing_heavy:Missing atom CD in residue ARG B 92
2024-02-28 14:07:19,174 WARNING:biomolecule.py:157:num_missing_heavy:Missing atom NE in residue ARG B 92
2024-02-28 14:07:19,174 WARNING:biomolecule.py:157:num_missing_heavy:Missing atom CZ in residue ARG B 92
2024-02-28 14:07:19,174 WARNING:biomolecule.py:157:num_missing_heavy:Missing atom NH1 in residue ARG B 92
2024-02-28 14:07:19,174 WARNING:biomolecule.py:157:num_missing_heavy:Missing atom NH2 in residue ARG B 92
2024-02-28 14:07:19,174 WARNING:biomolecule.py:157:num_missing_heavy:Missing atom CD in residue LYS B 216
2024-02-28 14:07:19,174 WARNING:biomolecule.py:157:num_missing_heavy:Missing atom CE in residue LYS B 216
2024-02-28 14:07:19,174 WARNING:biomolecule.py:157:num_missing_heavy:Missing atom NZ in residue LYS B 216
2024-02-28 14:07:19,175 WARNING:biomolecule.py:157:num_missing_heavy:Missing atom CG in residue GLU B 231
2024-02-28 14:07:19,175 WARNING:biomolecule.py:157:num_missing_heavy:Missing atom CD in residue GLU B 231
2024-02-28 14:07:19,175 WARNING:biomolecule.py:157:num_missing_heavy:Missing atom OE1 in residue GLU B 231
2024-02-28 14:07:19,175 WARNING:biomolecule.py:157:num_missing_heavy:Missing atom OE2 in residue GLU B 231
2024-02-28 14:07:19,175 WARNING:biomolecule.py:157:num_missing_heavy:Missing atom CE in residue LYS B 309
2024-02-28 14:07:19,175 WARNING:biomolecule.py:157:num_missing_heavy:Missing atom NZ in residue LYS B 309
2024-02-28 14:07:19,175 WARNING:biomolecule.py:157:num_missing_heavy:Missing atom CB in residue GLU B 362
2024-02-28 14:07:19,175 WARNING:biomolecule.py:157:num_missing_heavy:Missing atom CG in residue GLU B 362
2024-02-28 14:07:19,176 WARNING:biomolecule.py:157:num_missing_heavy:Missing atom CD in residue GLU B 362
2024-02-28 14:07:19,176 WARNING:biomolecule.py:157:num_missing_heavy:Missing atom OE1 in residue GLU B 362
2024-02-28 14:07:19,176 WARNING:biomolecule.py:157:num_missing_heavy:Missing atom OE2 in residue GLU B 362
2024-02-28 14:07:19,176 WARNING:biomolecule.py:157:num_missing_heavy:Missing atom CD in residue LYS B 376
2024-02-28 14:07:19,176 WARNING:biomolecule.py:157:num_missing_heavy:Missing atom CE in residue LYS B 376
2024-02-28 14:07:19,176 WARNING:biomolecule.py:157:num_missing_heavy:Missing atom NZ in residue LYS B 376
2024-02-28 14:07:19,176 WARNING:biomolecule.py:157:num_missing_heavy:Missing atom CD in residue LYS B 425
2024-02-28 14:07:19,176 WARNING:biomolecule.py:157:num_missing_heavy:Missing atom CE in residue LYS B 425
2024-02-28 14:07:19,176 WARNING:biomolecule.py:157:num_missing_heavy:Missing atom NZ in residue LYS B 425
2024-02-28 14:07:19,176 WARNING:biomolecule.py:157:num_missing_heavy:Missing atom CG in residue LYS B 440
2024-02-28 14:07:19,176 WARNING:biomolecule.py:157:num_missing_heavy:Missing atom CD in residue LYS B 440
2024-02-28 14:07:19,176 WARNING:biomolecule.py:157:num_missing_heavy:Missing atom CE in residue LYS B 440
2024-02-28 14:07:19,176 WARNING:biomolecule.py:157:num_missing_heavy:Missing atom NZ in residue LYS B 440
2024-02-28 14:07:19,176 WARNING:biomolecule.py:157:num_missing_heavy:Missing atom OXT in residue GLU B 445
2024-02-28 14:07:23,647 WARNING:main.py:311:print_pqr:Ignoring 1813 header lines in output.
2024-02-28 14:07:23,647 WARNING:main.py:315:print_pqr:Ignoring 31 missing lines in output.
