2024-02-28 14:07:15,278 WARNING:biomolecule.py:992:create_residue:Unable to find amino or nucleic acid definition for MG.  Parsing as new residue.
2024-02-28 14:07:15,278 WARNING:biomolecule.py:992:create_residue:Unable to find amino or nucleic acid definition for ATP.  Parsing as new residue.
2024-02-28 14:07:15,279 WARNING:main.py:418:setup_molecule:Multiple occupancies found: NZ in LYS A 5.
2024-02-28 14:07:15,279 WARNING:main.py:424:setup_molecule:Multiple occupancies found in LYS A 5. At least one of the instances is being ignored.
2024-02-28 14:07:15,279 WARNING:main.py:418:setup_molecule:Multiple occupancies found: CG in LEU A 211.
2024-02-28 14:07:15,279 WARNING:main.py:418:setup_molecule:Multiple occupancies found: CD1 in LEU A 211.
2024-02-28 14:07:15,279 WARNING:main.py:418:setup_molecule:Multiple occupancies found: CD2 in LEU A 211.
2024-02-28 14:07:15,279 WARNING:main.py:424:setup_molecule:Multiple occupancies found in LEU A 211. At least one of the instances is being ignored.
2024-02-28 14:07:15,279 WARNING:main.py:418:setup_molecule:Multiple occupancies found: OG in SER A 270.
2024-02-28 14:07:15,280 WARNING:main.py:424:setup_molecule:Multiple occupancies found in SER A 270. At least one of the instances is being ignored.
2024-02-28 14:07:15,295 WARNING:biomolecule.py:157:num_missing_heavy:Missing atom CG in residue ASN A 4
2024-02-28 14:07:15,295 WARNING:biomolecule.py:157:num_missing_heavy:Missing atom OD1 in residue ASN A 4
2024-02-28 14:07:15,295 WARNING:biomolecule.py:157:num_missing_heavy:Missing atom ND2 in residue ASN A 4
2024-02-28 14:07:15,295 WARNING:biomolecule.py:157:num_missing_heavy:Missing atom CG in residue LYS A 14
2024-02-28 14:07:15,296 WARNING:biomolecule.py:157:num_missing_heavy:Missing atom CD in residue LYS A 14
2024-02-28 14:07:15,296 WARNING:biomolecule.py:157:num_missing_heavy:Missing atom CE in residue LYS A 14
2024-02-28 14:07:15,296 WARNING:biomolecule.py:157:num_missing_heavy:Missing atom NZ in residue LYS A 14
2024-02-28 14:07:15,296 WARNING:biomolecule.py:157:num_missing_heavy:Missing atom CB in residue LYS A 29
2024-02-28 14:07:15,296 WARNING:biomolecule.py:157:num_missing_heavy:Missing atom CG in residue LYS A 29
2024-02-28 14:07:15,297 WARNING:biomolecule.py:157:num_missing_heavy:Missing atom CD in residue LYS A 29
2024-02-28 14:07:15,297 WARNING:biomolecule.py:157:num_missing_heavy:Missing atom CE in residue LYS A 29
2024-02-28 14:07:15,297 WARNING:biomolecule.py:157:num_missing_heavy:Missing atom NZ in residue LYS A 29
2024-02-28 14:07:15,297 WARNING:biomolecule.py:157:num_missing_heavy:Missing atom CB in residue ASN A 30
2024-02-28 14:07:15,297 WARNING:biomolecule.py:157:num_missing_heavy:Missing atom CG in residue ASN A 30
2024-02-28 14:07:15,298 WARNING:biomolecule.py:157:num_missing_heavy:Missing atom OD1 in residue ASN A 30
2024-02-28 14:07:15,298 WARNING:biomolecule.py:157:num_missing_heavy:Missing atom ND2 in residue ASN A 30
2024-02-28 14:07:15,298 WARNING:biomolecule.py:157:num_missing_heavy:Missing atom CB in residue ASN A 31
2024-02-28 14:07:15,298 WARNING:biomolecule.py:157:num_missing_heavy:Missing atom CG in residue ASN A 31
2024-02-28 14:07:15,298 WARNING:biomolecule.py:157:num_missing_heavy:Missing atom OD1 in residue ASN A 31
2024-02-28 14:07:15,298 WARNING:biomolecule.py:157:num_missing_heavy:Missing atom ND2 in residue ASN A 31
2024-02-28 14:07:15,298 WARNING:biomolecule.py:157:num_missing_heavy:Missing atom CB in residue GLN A 32
2024-02-28 14:07:15,298 WARNING:biomolecule.py:157:num_missing_heavy:Missing atom CG in residue GLN A 32
2024-02-28 14:07:15,299 WARNING:biomolecule.py:157:num_missing_heavy:Missing atom CD in residue GLN A 32
2024-02-28 14:07:15,299 WARNING:biomolecule.py:157:num_missing_heavy:Missing atom OE1 in residue GLN A 32
2024-02-28 14:07:15,299 WARNING:biomolecule.py:157:num_missing_heavy:Missing atom NE2 in residue GLN A 32
2024-02-28 14:07:15,299 WARNING:biomolecule.py:157:num_missing_heavy:Missing atom CE in residue LYS A 40
2024-02-28 14:07:15,299 WARNING:biomolecule.py:157:num_missing_heavy:Missing atom NZ in residue LYS A 40
2024-02-28 14:07:15,299 WARNING:biomolecule.py:157:num_missing_heavy:Missing atom CD in residue LYS A 47
2024-02-28 14:07:15,299 WARNING:biomolecule.py:157:num_missing_heavy:Missing atom CE in residue LYS A 47
2024-02-28 14:07:15,299 WARNING:biomolecule.py:157:num_missing_heavy:Missing atom NZ in residue LYS A 47
2024-02-28 14:07:15,299 WARNING:biomolecule.py:157:num_missing_heavy:Missing atom CG in residue ARG A 65
2024-02-28 14:07:15,300 WARNING:biomolecule.py:157:num_missing_heavy:Missing atom CD in residue ARG A 65
2024-02-28 14:07:15,300 WARNING:biomolecule.py:157:num_missing_heavy:Missing atom NE in residue ARG A 65
2024-02-28 14:07:15,300 WARNING:biomolecule.py:157:num_missing_heavy:Missing atom CZ in residue ARG A 65
2024-02-28 14:07:15,300 WARNING:biomolecule.py:157:num_missing_heavy:Missing atom NH1 in residue ARG A 65
2024-02-28 14:07:15,300 WARNING:biomolecule.py:157:num_missing_heavy:Missing atom NH2 in residue ARG A 65
2024-02-28 14:07:15,300 WARNING:biomolecule.py:157:num_missing_heavy:Missing atom CG in residue LYS A 74
2024-02-28 14:07:15,300 WARNING:biomolecule.py:157:num_missing_heavy:Missing atom CD in residue LYS A 74
2024-02-28 14:07:15,300 WARNING:biomolecule.py:157:num_missing_heavy:Missing atom CE in residue LYS A 74
2024-02-28 14:07:15,300 WARNING:biomolecule.py:157:num_missing_heavy:Missing atom NZ in residue LYS A 74
2024-02-28 14:07:15,301 WARNING:biomolecule.py:157:num_missing_heavy:Missing atom CG in residue LYS A 96
2024-02-28 14:07:15,301 WARNING:biomolecule.py:157:num_missing_heavy:Missing atom CD in residue LYS A 96
2024-02-28 14:07:15,301 WARNING:biomolecule.py:157:num_missing_heavy:Missing atom CE in residue LYS A 96
2024-02-28 14:07:15,301 WARNING:biomolecule.py:157:num_missing_heavy:Missing atom NZ in residue LYS A 96
2024-02-28 14:07:15,301 WARNING:biomolecule.py:157:num_missing_heavy:Missing atom CG in residue LYS A 105
2024-02-28 14:07:15,302 WARNING:biomolecule.py:157:num_missing_heavy:Missing atom CD in residue LYS A 105
2024-02-28 14:07:15,302 WARNING:biomolecule.py:157:num_missing_heavy:Missing atom CE in residue LYS A 105
2024-02-28 14:07:15,302 WARNING:biomolecule.py:157:num_missing_heavy:Missing atom NZ in residue LYS A 105
2024-02-28 14:07:15,302 WARNING:biomolecule.py:157:num_missing_heavy:Missing atom CD in residue LYS A 130
2024-02-28 14:07:15,302 WARNING:biomolecule.py:157:num_missing_heavy:Missing atom CE in residue LYS A 130
2024-02-28 14:07:15,302 WARNING:biomolecule.py:157:num_missing_heavy:Missing atom NZ in residue LYS A 130
2024-02-28 14:07:15,303 WARNING:biomolecule.py:157:num_missing_heavy:Missing atom CE in residue LYS A 132
2024-02-28 14:07:15,303 WARNING:biomolecule.py:157:num_missing_heavy:Missing atom NZ in residue LYS A 132
2024-02-28 14:07:15,303 WARNING:biomolecule.py:157:num_missing_heavy:Missing atom CB in residue ALA A 134
2024-02-28 14:07:15,303 WARNING:biomolecule.py:157:num_missing_heavy:Missing atom CG in residue LYS A 138
2024-02-28 14:07:15,303 WARNING:biomolecule.py:157:num_missing_heavy:Missing atom CD in residue LYS A 138
2024-02-28 14:07:15,303 WARNING:biomolecule.py:157:num_missing_heavy:Missing atom CE in residue LYS A 138
2024-02-28 14:07:15,304 WARNING:biomolecule.py:157:num_missing_heavy:Missing atom NZ in residue LYS A 138
2024-02-28 14:07:15,304 WARNING:biomolecule.py:157:num_missing_heavy:Missing atom CD in residue LYS A 140
2024-02-28 14:07:15,304 WARNING:biomolecule.py:157:num_missing_heavy:Missing atom CE in residue LYS A 140
2024-02-28 14:07:15,304 WARNING:biomolecule.py:157:num_missing_heavy:Missing atom NZ in residue LYS A 140
2024-02-28 14:07:15,304 WARNING:biomolecule.py:157:num_missing_heavy:Missing atom CE in residue LYS A 182
2024-02-28 14:07:15,304 WARNING:biomolecule.py:157:num_missing_heavy:Missing atom NZ in residue LYS A 182
2024-02-28 14:07:15,304 WARNING:biomolecule.py:157:num_missing_heavy:Missing atom CD in residue LYS A 215
2024-02-28 14:07:15,304 WARNING:biomolecule.py:157:num_missing_heavy:Missing atom CE in residue LYS A 215
2024-02-28 14:07:15,304 WARNING:biomolecule.py:157:num_missing_heavy:Missing atom NZ in residue LYS A 215
2024-02-28 14:07:15,305 WARNING:biomolecule.py:157:num_missing_heavy:Missing atom CG in residue GLU A 251
2024-02-28 14:07:15,305 WARNING:biomolecule.py:157:num_missing_heavy:Missing atom CD in residue GLU A 251
2024-02-28 14:07:15,305 WARNING:biomolecule.py:157:num_missing_heavy:Missing atom OE1 in residue GLU A 251
2024-02-28 14:07:15,305 WARNING:biomolecule.py:157:num_missing_heavy:Missing atom OE2 in residue GLU A 251
2024-02-28 14:07:15,305 WARNING:biomolecule.py:157:num_missing_heavy:Missing atom CG in residue GLU A 259
2024-02-28 14:07:15,305 WARNING:biomolecule.py:157:num_missing_heavy:Missing atom CD in residue GLU A 259
2024-02-28 14:07:15,305 WARNING:biomolecule.py:157:num_missing_heavy:Missing atom OE1 in residue GLU A 259
2024-02-28 14:07:15,305 WARNING:biomolecule.py:157:num_missing_heavy:Missing atom OE2 in residue GLU A 259
2024-02-28 14:07:15,305 WARNING:biomolecule.py:157:num_missing_heavy:Missing atom CD in residue LYS A 290
2024-02-28 14:07:15,306 WARNING:biomolecule.py:157:num_missing_heavy:Missing atom CE in residue LYS A 290
2024-02-28 14:07:15,306 WARNING:biomolecule.py:157:num_missing_heavy:Missing atom NZ in residue LYS A 290
2024-02-28 14:07:15,306 WARNING:biomolecule.py:157:num_missing_heavy:Missing atom CG in residue LYS A 296
2024-02-28 14:07:15,306 WARNING:biomolecule.py:157:num_missing_heavy:Missing atom CD in residue LYS A 296
2024-02-28 14:07:15,306 WARNING:biomolecule.py:157:num_missing_heavy:Missing atom CE in residue LYS A 296
2024-02-28 14:07:15,307 WARNING:biomolecule.py:157:num_missing_heavy:Missing atom NZ in residue LYS A 296
2024-02-28 14:07:15,307 WARNING:biomolecule.py:157:num_missing_heavy:Missing atom CG in residue LYS A 321
2024-02-28 14:07:15,307 WARNING:biomolecule.py:157:num_missing_heavy:Missing atom CD in residue LYS A 321
2024-02-28 14:07:15,307 WARNING:biomolecule.py:157:num_missing_heavy:Missing atom CE in residue LYS A 321
2024-02-28 14:07:15,307 WARNING:biomolecule.py:157:num_missing_heavy:Missing atom NZ in residue LYS A 321
2024-02-28 14:07:15,307 WARNING:biomolecule.py:157:num_missing_heavy:Missing atom CG in residue LYS A 381
2024-02-28 14:07:15,307 WARNING:biomolecule.py:157:num_missing_heavy:Missing atom CD in residue LYS A 381
2024-02-28 14:07:15,308 WARNING:biomolecule.py:157:num_missing_heavy:Missing atom CE in residue LYS A 381
2024-02-28 14:07:15,308 WARNING:biomolecule.py:157:num_missing_heavy:Missing atom NZ in residue LYS A 381
2024-02-28 14:07:15,308 WARNING:biomolecule.py:157:num_missing_heavy:Missing atom CG in residue LYS A 387
2024-02-28 14:07:15,308 WARNING:biomolecule.py:157:num_missing_heavy:Missing atom CD in residue LYS A 387
2024-02-28 14:07:15,308 WARNING:biomolecule.py:157:num_missing_heavy:Missing atom CE in residue LYS A 387
2024-02-28 14:07:15,308 WARNING:biomolecule.py:157:num_missing_heavy:Missing atom NZ in residue LYS A 387
2024-02-28 14:07:15,309 WARNING:biomolecule.py:157:num_missing_heavy:Missing atom CG in residue ASN A 4
2024-02-28 14:07:15,309 WARNING:biomolecule.py:157:num_missing_heavy:Missing atom OD1 in residue ASN A 4
2024-02-28 14:07:15,309 WARNING:biomolecule.py:157:num_missing_heavy:Missing atom ND2 in residue ASN A 4
2024-02-28 14:07:15,310 WARNING:biomolecule.py:157:num_missing_heavy:Missing atom CG in residue LYS A 14
2024-02-28 14:07:15,310 WARNING:biomolecule.py:157:num_missing_heavy:Missing atom CD in residue LYS A 14
2024-02-28 14:07:15,310 WARNING:biomolecule.py:157:num_missing_heavy:Missing atom CE in residue LYS A 14
2024-02-28 14:07:15,310 WARNING:biomolecule.py:157:num_missing_heavy:Missing atom NZ in residue LYS A 14
2024-02-28 14:07:15,310 WARNING:biomolecule.py:157:num_missing_heavy:Missing atom CB in residue LYS A 29
2024-02-28 14:07:15,310 WARNING:biomolecule.py:157:num_missing_heavy:Missing atom CG in residue LYS A 29
2024-02-28 14:07:15,311 WARNING:biomolecule.py:157:num_missing_heavy:Missing atom CD in residue LYS A 29
2024-02-28 14:07:15,311 WARNING:biomolecule.py:157:num_missing_heavy:Missing atom CE in residue LYS A 29
2024-02-28 14:07:15,311 WARNING:biomolecule.py:157:num_missing_heavy:Missing atom NZ in residue LYS A 29
2024-02-28 14:07:15,311 WARNING:biomolecule.py:157:num_missing_heavy:Missing atom CB in residue ASN A 30
2024-02-28 14:07:15,311 WARNING:biomolecule.py:157:num_missing_heavy:Missing atom CG in residue ASN A 30
2024-02-28 14:07:15,311 WARNING:biomolecule.py:157:num_missing_heavy:Missing atom OD1 in residue ASN A 30
2024-02-28 14:07:15,311 WARNING:biomolecule.py:157:num_missing_heavy:Missing atom ND2 in residue ASN A 30
2024-02-28 14:07:15,311 WARNING:biomolecule.py:157:num_missing_heavy:Missing atom CB in residue ASN A 31
2024-02-28 14:07:15,311 WARNING:biomolecule.py:157:num_missing_heavy:Missing atom CG in residue ASN A 31
2024-02-28 14:07:15,311 WARNING:biomolecule.py:157:num_missing_heavy:Missing atom OD1 in residue ASN A 31
2024-02-28 14:07:15,311 WARNING:biomolecule.py:157:num_missing_heavy:Missing atom ND2 in residue ASN A 31
2024-02-28 14:07:15,311 WARNING:biomolecule.py:157:num_missing_heavy:Missing atom CB in residue GLN A 32
2024-02-28 14:07:15,311 WARNING:biomolecule.py:157:num_missing_heavy:Missing atom CG in residue GLN A 32
2024-02-28 14:07:15,311 WARNING:biomolecule.py:157:num_missing_heavy:Missing atom CD in residue GLN A 32
2024-02-28 14:07:15,312 WARNING:biomolecule.py:157:num_missing_heavy:Missing atom OE1 in residue GLN A 32
2024-02-28 14:07:15,312 WARNING:biomolecule.py:157:num_missing_heavy:Missing atom NE2 in residue GLN A 32
2024-02-28 14:07:15,312 WARNING:biomolecule.py:157:num_missing_heavy:Missing atom CE in residue LYS A 40
2024-02-28 14:07:15,312 WARNING:biomolecule.py:157:num_missing_heavy:Missing atom NZ in residue LYS A 40
2024-02-28 14:07:15,313 WARNING:biomolecule.py:157:num_missing_heavy:Missing atom CD in residue LYS A 47
2024-02-28 14:07:15,313 WARNING:biomolecule.py:157:num_missing_heavy:Missing atom CE in residue LYS A 47
2024-02-28 14:07:15,313 WARNING:biomolecule.py:157:num_missing_heavy:Missing atom NZ in residue LYS A 47
2024-02-28 14:07:15,313 WARNING:biomolecule.py:157:num_missing_heavy:Missing atom CG in residue ARG A 65
2024-02-28 14:07:15,313 WARNING:biomolecule.py:157:num_missing_heavy:Missing atom CD in residue ARG A 65
2024-02-28 14:07:15,314 WARNING:biomolecule.py:157:num_missing_heavy:Missing atom NE in residue ARG A 65
2024-02-28 14:07:15,314 WARNING:biomolecule.py:157:num_missing_heavy:Missing atom CZ in residue ARG A 65
2024-02-28 14:07:15,314 WARNING:biomolecule.py:157:num_missing_heavy:Missing atom NH1 in residue ARG A 65
2024-02-28 14:07:15,314 WARNING:biomolecule.py:157:num_missing_heavy:Missing atom NH2 in residue ARG A 65
2024-02-28 14:07:15,314 WARNING:biomolecule.py:157:num_missing_heavy:Missing atom CG in residue LYS A 74
2024-02-28 14:07:15,315 WARNING:biomolecule.py:157:num_missing_heavy:Missing atom CD in residue LYS A 74
2024-02-28 14:07:15,315 WARNING:biomolecule.py:157:num_missing_heavy:Missing atom CE in residue LYS A 74
2024-02-28 14:07:15,315 WARNING:biomolecule.py:157:num_missing_heavy:Missing atom NZ in residue LYS A 74
2024-02-28 14:07:15,315 WARNING:biomolecule.py:157:num_missing_heavy:Missing atom CG in residue LYS A 96
2024-02-28 14:07:15,315 WARNING:biomolecule.py:157:num_missing_heavy:Missing atom CD in residue LYS A 96
2024-02-28 14:07:15,315 WARNING:biomolecule.py:157:num_missing_heavy:Missing atom CE in residue LYS A 96
2024-02-28 14:07:15,315 WARNING:biomolecule.py:157:num_missing_heavy:Missing atom NZ in residue LYS A 96
2024-02-28 14:07:15,316 WARNING:biomolecule.py:157:num_missing_heavy:Missing atom CG in residue LYS A 105
2024-02-28 14:07:15,316 WARNING:biomolecule.py:157:num_missing_heavy:Missing atom CD in residue LYS A 105
2024-02-28 14:07:15,316 WARNING:biomolecule.py:157:num_missing_heavy:Missing atom CE in residue LYS A 105
2024-02-28 14:07:15,316 WARNING:biomolecule.py:157:num_missing_heavy:Missing atom NZ in residue LYS A 105
2024-02-28 14:07:15,316 WARNING:biomolecule.py:157:num_missing_heavy:Missing atom CD in residue LYS A 130
2024-02-28 14:07:15,316 WARNING:biomolecule.py:157:num_missing_heavy:Missing atom CE in residue LYS A 130
2024-02-28 14:07:15,317 WARNING:biomolecule.py:157:num_missing_heavy:Missing atom NZ in residue LYS A 130
2024-02-28 14:07:15,317 WARNING:biomolecule.py:157:num_missing_heavy:Missing atom CE in residue LYS A 132
2024-02-28 14:07:15,317 WARNING:biomolecule.py:157:num_missing_heavy:Missing atom NZ in residue LYS A 132
2024-02-28 14:07:15,317 WARNING:biomolecule.py:157:num_missing_heavy:Missing atom CB in residue ALA A 134
2024-02-28 14:07:15,317 WARNING:biomolecule.py:157:num_missing_heavy:Missing atom CG in residue LYS A 138
2024-02-28 14:07:15,317 WARNING:biomolecule.py:157:num_missing_heavy:Missing atom CD in residue LYS A 138
2024-02-28 14:07:15,317 WARNING:biomolecule.py:157:num_missing_heavy:Missing atom CE in residue LYS A 138
2024-02-28 14:07:15,317 WARNING:biomolecule.py:157:num_missing_heavy:Missing atom NZ in residue LYS A 138
2024-02-28 14:07:15,317 WARNING:biomolecule.py:157:num_missing_heavy:Missing atom CD in residue LYS A 140
2024-02-28 14:07:15,317 WARNING:biomolecule.py:157:num_missing_heavy:Missing atom CE in residue LYS A 140
2024-02-28 14:07:15,317 WARNING:biomolecule.py:157:num_missing_heavy:Missing atom NZ in residue LYS A 140
2024-02-28 14:07:15,318 WARNING:biomolecule.py:157:num_missing_heavy:Missing atom CE in residue LYS A 182
2024-02-28 14:07:15,318 WARNING:biomolecule.py:157:num_missing_heavy:Missing atom NZ in residue LYS A 182
2024-02-28 14:07:15,318 WARNING:biomolecule.py:157:num_missing_heavy:Missing atom CD in residue LYS A 215
2024-02-28 14:07:15,318 WARNING:biomolecule.py:157:num_missing_heavy:Missing atom CE in residue LYS A 215
2024-02-28 14:07:15,318 WARNING:biomolecule.py:157:num_missing_heavy:Missing atom NZ in residue LYS A 215
2024-02-28 14:07:15,318 WARNING:biomolecule.py:157:num_missing_heavy:Missing atom CG in residue GLU A 251
2024-02-28 14:07:15,319 WARNING:biomolecule.py:157:num_missing_heavy:Missing atom CD in residue GLU A 251
2024-02-28 14:07:15,319 WARNING:biomolecule.py:157:num_missing_heavy:Missing atom OE1 in residue GLU A 251
2024-02-28 14:07:15,319 WARNING:biomolecule.py:157:num_missing_heavy:Missing atom OE2 in residue GLU A 251
2024-02-28 14:07:15,319 WARNING:biomolecule.py:157:num_missing_heavy:Missing atom CG in residue GLU A 259
2024-02-28 14:07:15,319 WARNING:biomolecule.py:157:num_missing_heavy:Missing atom CD in residue GLU A 259
2024-02-28 14:07:15,319 WARNING:biomolecule.py:157:num_missing_heavy:Missing atom OE1 in residue GLU A 259
2024-02-28 14:07:15,319 WARNING:biomolecule.py:157:num_missing_heavy:Missing atom OE2 in residue GLU A 259
2024-02-28 14:07:15,320 WARNING:biomolecule.py:157:num_missing_heavy:Missing atom CD in residue LYS A 290
2024-02-28 14:07:15,320 WARNING:biomolecule.py:157:num_missing_heavy:Missing atom CE in residue LYS A 290
2024-02-28 14:07:15,320 WARNING:biomolecule.py:157:num_missing_heavy:Missing atom NZ in residue LYS A 290
2024-02-28 14:07:15,320 WARNING:biomolecule.py:157:num_missing_heavy:Missing atom CG in residue LYS A 296
2024-02-28 14:07:15,320 WARNING:biomolecule.py:157:num_missing_heavy:Missing atom CD in residue LYS A 296
2024-02-28 14:07:15,321 WARNING:biomolecule.py:157:num_missing_heavy:Missing atom CE in residue LYS A 296
2024-02-28 14:07:15,321 WARNING:biomolecule.py:157:num_missing_heavy:Missing atom NZ in residue LYS A 296
2024-02-28 14:07:15,321 WARNING:biomolecule.py:157:num_missing_heavy:Missing atom CG in residue LYS A 321
2024-02-28 14:07:15,321 WARNING:biomolecule.py:157:num_missing_heavy:Missing atom CD in residue LYS A 321
2024-02-28 14:07:15,321 WARNING:biomolecule.py:157:num_missing_heavy:Missing atom CE in residue LYS A 321
2024-02-28 14:07:15,322 WARNING:biomolecule.py:157:num_missing_heavy:Missing atom NZ in residue LYS A 321
2024-02-28 14:07:15,322 WARNING:biomolecule.py:157:num_missing_heavy:Missing atom CG in residue LYS A 381
2024-02-28 14:07:15,322 WARNING:biomolecule.py:157:num_missing_heavy:Missing atom CD in residue LYS A 381
2024-02-28 14:07:15,322 WARNING:biomolecule.py:157:num_missing_heavy:Missing atom CE in residue LYS A 381
2024-02-28 14:07:15,322 WARNING:biomolecule.py:157:num_missing_heavy:Missing atom NZ in residue LYS A 381
2024-02-28 14:07:15,322 WARNING:biomolecule.py:157:num_missing_heavy:Missing atom CG in residue LYS A 387
2024-02-28 14:07:15,322 WARNING:biomolecule.py:157:num_missing_heavy:Missing atom CD in residue LYS A 387
2024-02-28 14:07:15,322 WARNING:biomolecule.py:157:num_missing_heavy:Missing atom CE in residue LYS A 387
2024-02-28 14:07:15,323 WARNING:biomolecule.py:157:num_missing_heavy:Missing atom NZ in residue LYS A 387
2024-02-28 14:07:15,323 WARNING:biomolecule.py:157:num_missing_heavy:Missing atom CG in residue ASN A 4
2024-02-28 14:07:15,323 WARNING:biomolecule.py:157:num_missing_heavy:Missing atom OD1 in residue ASN A 4
2024-02-28 14:07:15,323 WARNING:biomolecule.py:157:num_missing_heavy:Missing atom ND2 in residue ASN A 4
2024-02-28 14:07:15,324 WARNING:biomolecule.py:157:num_missing_heavy:Missing atom CG in residue LYS A 14
2024-02-28 14:07:15,324 WARNING:biomolecule.py:157:num_missing_heavy:Missing atom CD in residue LYS A 14
2024-02-28 14:07:15,324 WARNING:biomolecule.py:157:num_missing_heavy:Missing atom CE in residue LYS A 14
2024-02-28 14:07:15,324 WARNING:biomolecule.py:157:num_missing_heavy:Missing atom NZ in residue LYS A 14
2024-02-28 14:07:15,324 WARNING:biomolecule.py:157:num_missing_heavy:Missing atom CB in residue LYS A 29
2024-02-28 14:07:15,324 WARNING:biomolecule.py:157:num_missing_heavy:Missing atom CG in residue LYS A 29
2024-02-28 14:07:15,324 WARNING:biomolecule.py:157:num_missing_heavy:Missing atom CD in residue LYS A 29
2024-02-28 14:07:15,325 WARNING:biomolecule.py:157:num_missing_heavy:Missing atom CE in residue LYS A 29
2024-02-28 14:07:15,325 WARNING:biomolecule.py:157:num_missing_heavy:Missing atom NZ in residue LYS A 29
2024-02-28 14:07:15,325 WARNING:biomolecule.py:157:num_missing_heavy:Missing atom CB in residue ASN A 30
2024-02-28 14:07:15,325 WARNING:biomolecule.py:157:num_missing_heavy:Missing atom CG in residue ASN A 30
2024-02-28 14:07:15,325 WARNING:biomolecule.py:157:num_missing_heavy:Missing atom OD1 in residue ASN A 30
2024-02-28 14:07:15,326 WARNING:biomolecule.py:157:num_missing_heavy:Missing atom ND2 in residue ASN A 30
2024-02-28 14:07:15,326 WARNING:biomolecule.py:157:num_missing_heavy:Missing atom CB in residue ASN A 31
2024-02-28 14:07:15,326 WARNING:biomolecule.py:157:num_missing_heavy:Missing atom CG in residue ASN A 31
2024-02-28 14:07:15,326 WARNING:biomolecule.py:157:num_missing_heavy:Missing atom OD1 in residue ASN A 31
2024-02-28 14:07:15,326 WARNING:biomolecule.py:157:num_missing_heavy:Missing atom ND2 in residue ASN A 31
2024-02-28 14:07:15,326 WARNING:biomolecule.py:157:num_missing_heavy:Missing atom CB in residue GLN A 32
2024-02-28 14:07:15,327 WARNING:biomolecule.py:157:num_missing_heavy:Missing atom CG in residue GLN A 32
2024-02-28 14:07:15,327 WARNING:biomolecule.py:157:num_missing_heavy:Missing atom CD in residue GLN A 32
2024-02-28 14:07:15,327 WARNING:biomolecule.py:157:num_missing_heavy:Missing atom OE1 in residue GLN A 32
2024-02-28 14:07:15,327 WARNING:biomolecule.py:157:num_missing_heavy:Missing atom NE2 in residue GLN A 32
2024-02-28 14:07:15,327 WARNING:biomolecule.py:157:num_missing_heavy:Missing atom CE in residue LYS A 40
2024-02-28 14:07:15,328 WARNING:biomolecule.py:157:num_missing_heavy:Missing atom NZ in residue LYS A 40
2024-02-28 14:07:15,328 WARNING:biomolecule.py:157:num_missing_heavy:Missing atom CD in residue LYS A 47
2024-02-28 14:07:15,328 WARNING:biomolecule.py:157:num_missing_heavy:Missing atom CE in residue LYS A 47
2024-02-28 14:07:15,328 WARNING:biomolecule.py:157:num_missing_heavy:Missing atom NZ in residue LYS A 47
2024-02-28 14:07:15,328 WARNING:biomolecule.py:157:num_missing_heavy:Missing atom CG in residue ARG A 65
2024-02-28 14:07:15,329 WARNING:biomolecule.py:157:num_missing_heavy:Missing atom CD in residue ARG A 65
2024-02-28 14:07:15,329 WARNING:biomolecule.py:157:num_missing_heavy:Missing atom NE in residue ARG A 65
2024-02-28 14:07:15,329 WARNING:biomolecule.py:157:num_missing_heavy:Missing atom CZ in residue ARG A 65
2024-02-28 14:07:15,329 WARNING:biomolecule.py:157:num_missing_heavy:Missing atom NH1 in residue ARG A 65
2024-02-28 14:07:15,329 WARNING:biomolecule.py:157:num_missing_heavy:Missing atom NH2 in residue ARG A 65
2024-02-28 14:07:15,329 WARNING:biomolecule.py:157:num_missing_heavy:Missing atom CG in residue LYS A 74
2024-02-28 14:07:15,329 WARNING:biomolecule.py:157:num_missing_heavy:Missing atom CD in residue LYS A 74
2024-02-28 14:07:15,329 WARNING:biomolecule.py:157:num_missing_heavy:Missing atom CE in residue LYS A 74
2024-02-28 14:07:15,329 WARNING:biomolecule.py:157:num_missing_heavy:Missing atom NZ in residue LYS A 74
2024-02-28 14:07:15,329 WARNING:biomolecule.py:157:num_missing_heavy:Missing atom CG in residue LYS A 96
2024-02-28 14:07:15,329 WARNING:biomolecule.py:157:num_missing_heavy:Missing atom CD in residue LYS A 96
2024-02-28 14:07:15,329 WARNING:biomolecule.py:157:num_missing_heavy:Missing atom CE in residue LYS A 96
2024-02-28 14:07:15,329 WARNING:biomolecule.py:157:num_missing_heavy:Missing atom NZ in residue LYS A 96
2024-02-28 14:07:15,329 WARNING:biomolecule.py:157:num_missing_heavy:Missing atom CG in residue LYS A 105
2024-02-28 14:07:15,329 WARNING:biomolecule.py:157:num_missing_heavy:Missing atom CD in residue LYS A 105
2024-02-28 14:07:15,329 WARNING:biomolecule.py:157:num_missing_heavy:Missing atom CE in residue LYS A 105
2024-02-28 14:07:15,329 WARNING:biomolecule.py:157:num_missing_heavy:Missing atom NZ in residue LYS A 105
2024-02-28 14:07:15,329 WARNING:biomolecule.py:157:num_missing_heavy:Missing atom CD in residue LYS A 130
2024-02-28 14:07:15,329 WARNING:biomolecule.py:157:num_missing_heavy:Missing atom CE in residue LYS A 130
2024-02-28 14:07:15,329 WARNING:biomolecule.py:157:num_missing_heavy:Missing atom NZ in residue LYS A 130
2024-02-28 14:07:15,329 WARNING:biomolecule.py:157:num_missing_heavy:Missing atom CE in residue LYS A 132
2024-02-28 14:07:15,329 WARNING:biomolecule.py:157:num_missing_heavy:Missing atom NZ in residue LYS A 132
2024-02-28 14:07:15,329 WARNING:biomolecule.py:157:num_missing_heavy:Missing atom CB in residue ALA A 134
2024-02-28 14:07:15,329 WARNING:biomolecule.py:157:num_missing_heavy:Missing atom CG in residue LYS A 138
2024-02-28 14:07:15,329 WARNING:biomolecule.py:157:num_missing_heavy:Missing atom CD in residue LYS A 138
2024-02-28 14:07:15,330 WARNING:biomolecule.py:157:num_missing_heavy:Missing atom CE in residue LYS A 138
2024-02-28 14:07:15,330 WARNING:biomolecule.py:157:num_missing_heavy:Missing atom NZ in residue LYS A 138
2024-02-28 14:07:15,330 WARNING:biomolecule.py:157:num_missing_heavy:Missing atom CD in residue LYS A 140
2024-02-28 14:07:15,330 WARNING:biomolecule.py:157:num_missing_heavy:Missing atom CE in residue LYS A 140
2024-02-28 14:07:15,330 WARNING:biomolecule.py:157:num_missing_heavy:Missing atom NZ in residue LYS A 140
2024-02-28 14:07:15,330 WARNING:biomolecule.py:157:num_missing_heavy:Missing atom CE in residue LYS A 182
2024-02-28 14:07:15,330 WARNING:biomolecule.py:157:num_missing_heavy:Missing atom NZ in residue LYS A 182
2024-02-28 14:07:15,330 WARNING:biomolecule.py:157:num_missing_heavy:Missing atom CD in residue LYS A 215
2024-02-28 14:07:15,330 WARNING:biomolecule.py:157:num_missing_heavy:Missing atom CE in residue LYS A 215
2024-02-28 14:07:15,330 WARNING:biomolecule.py:157:num_missing_heavy:Missing atom NZ in residue LYS A 215
2024-02-28 14:07:15,331 WARNING:biomolecule.py:157:num_missing_heavy:Missing atom CG in residue GLU A 251
2024-02-28 14:07:15,331 WARNING:biomolecule.py:157:num_missing_heavy:Missing atom CD in residue GLU A 251
2024-02-28 14:07:15,331 WARNING:biomolecule.py:157:num_missing_heavy:Missing atom OE1 in residue GLU A 251
2024-02-28 14:07:15,331 WARNING:biomolecule.py:157:num_missing_heavy:Missing atom OE2 in residue GLU A 251
2024-02-28 14:07:15,331 WARNING:biomolecule.py:157:num_missing_heavy:Missing atom CG in residue GLU A 259
2024-02-28 14:07:15,331 WARNING:biomolecule.py:157:num_missing_heavy:Missing atom CD in residue GLU A 259
2024-02-28 14:07:15,331 WARNING:biomolecule.py:157:num_missing_heavy:Missing atom OE1 in residue GLU A 259
2024-02-28 14:07:15,331 WARNING:biomolecule.py:157:num_missing_heavy:Missing atom OE2 in residue GLU A 259
2024-02-28 14:07:15,332 WARNING:biomolecule.py:157:num_missing_heavy:Missing atom CD in residue LYS A 290
2024-02-28 14:07:15,332 WARNING:biomolecule.py:157:num_missing_heavy:Missing atom CE in residue LYS A 290
2024-02-28 14:07:15,332 WARNING:biomolecule.py:157:num_missing_heavy:Missing atom NZ in residue LYS A 290
2024-02-28 14:07:15,332 WARNING:biomolecule.py:157:num_missing_heavy:Missing atom CG in residue LYS A 296
2024-02-28 14:07:15,332 WARNING:biomolecule.py:157:num_missing_heavy:Missing atom CD in residue LYS A 296
2024-02-28 14:07:15,332 WARNING:biomolecule.py:157:num_missing_heavy:Missing atom CE in residue LYS A 296
2024-02-28 14:07:15,332 WARNING:biomolecule.py:157:num_missing_heavy:Missing atom NZ in residue LYS A 296
2024-02-28 14:07:15,332 WARNING:biomolecule.py:157:num_missing_heavy:Missing atom CG in residue LYS A 321
2024-02-28 14:07:15,332 WARNING:biomolecule.py:157:num_missing_heavy:Missing atom CD in residue LYS A 321
2024-02-28 14:07:15,332 WARNING:biomolecule.py:157:num_missing_heavy:Missing atom CE in residue LYS A 321
2024-02-28 14:07:15,332 WARNING:biomolecule.py:157:num_missing_heavy:Missing atom NZ in residue LYS A 321
2024-02-28 14:07:15,332 WARNING:biomolecule.py:157:num_missing_heavy:Missing atom CG in residue LYS A 381
2024-02-28 14:07:15,332 WARNING:biomolecule.py:157:num_missing_heavy:Missing atom CD in residue LYS A 381
2024-02-28 14:07:15,332 WARNING:biomolecule.py:157:num_missing_heavy:Missing atom CE in residue LYS A 381
2024-02-28 14:07:15,332 WARNING:biomolecule.py:157:num_missing_heavy:Missing atom NZ in residue LYS A 381
2024-02-28 14:07:15,332 WARNING:biomolecule.py:157:num_missing_heavy:Missing atom CG in residue LYS A 387
2024-02-28 14:07:15,332 WARNING:biomolecule.py:157:num_missing_heavy:Missing atom CD in residue LYS A 387
2024-02-28 14:07:15,332 WARNING:biomolecule.py:157:num_missing_heavy:Missing atom CE in residue LYS A 387
2024-02-28 14:07:15,332 WARNING:biomolecule.py:157:num_missing_heavy:Missing atom NZ in residue LYS A 387
2024-02-28 14:07:16,554 WARNING:main.py:311:print_pqr:Ignoring 1831 header lines in output.
2024-02-28 14:07:16,555 WARNING:main.py:315:print_pqr:Ignoring 32 missing lines in output.
