2024-02-28 14:07:14,271 WARNING:biomolecule.py:992:create_residue:Unable to find amino or nucleic acid definition for PO4.  Parsing as new residue.
2024-02-28 14:07:14,272 WARNING:biomolecule.py:992:create_residue:Unable to find amino or nucleic acid definition for ATP.  Parsing as new residue.
2024-02-28 14:07:14,272 WARNING:main.py:418:setup_molecule:Multiple occupancies found: CB in VAL A 19.
2024-02-28 14:07:14,273 WARNING:main.py:418:setup_molecule:Multiple occupancies found: CG1 in VAL A 19.
2024-02-28 14:07:14,273 WARNING:main.py:418:setup_molecule:Multiple occupancies found: CG2 in VAL A 19.
2024-02-28 14:07:14,273 WARNING:main.py:424:setup_molecule:Multiple occupancies found in VAL A 19. At least one of the instances is being ignored.
2024-02-28 14:07:14,273 WARNING:main.py:418:setup_molecule:Multiple occupancies found: CB in ASP A 73.
2024-02-28 14:07:14,273 WARNING:main.py:418:setup_molecule:Multiple occupancies found: CG in ASP A 73.
2024-02-28 14:07:14,273 WARNING:main.py:418:setup_molecule:Multiple occupancies found: OD1 in ASP A 73.
2024-02-28 14:07:14,273 WARNING:main.py:418:setup_molecule:Multiple occupancies found: OD2 in ASP A 73.
2024-02-28 14:07:14,274 WARNING:main.py:424:setup_molecule:Multiple occupancies found in ASP A 73. At least one of the instances is being ignored.
2024-02-28 14:07:14,274 WARNING:main.py:418:setup_molecule:Multiple occupancies found: OG in SER A 86.
2024-02-28 14:07:14,274 WARNING:main.py:424:setup_molecule:Multiple occupancies found in SER A 86. At least one of the instances is being ignored.
2024-02-28 14:07:14,274 WARNING:main.py:418:setup_molecule:Multiple occupancies found: CE in LYS A 105.
2024-02-28 14:07:14,274 WARNING:main.py:418:setup_molecule:Multiple occupancies found: NZ in LYS A 105.
2024-02-28 14:07:14,274 WARNING:main.py:424:setup_molecule:Multiple occupancies found in LYS A 105. At least one of the instances is being ignored.
2024-02-28 14:07:14,275 WARNING:main.py:418:setup_molecule:Multiple occupancies found: CG in GLU A 147.
2024-02-28 14:07:14,275 WARNING:main.py:418:setup_molecule:Multiple occupancies found: CD in GLU A 147.
2024-02-28 14:07:14,275 WARNING:main.py:418:setup_molecule:Multiple occupancies found: OE1 in GLU A 147.
2024-02-28 14:07:14,275 WARNING:main.py:418:setup_molecule:Multiple occupancies found: OE2 in GLU A 147.
2024-02-28 14:07:14,275 WARNING:main.py:424:setup_molecule:Multiple occupancies found in GLU A 147. At least one of the instances is being ignored.
2024-02-28 14:07:14,276 WARNING:main.py:418:setup_molecule:Multiple occupancies found: CB in THR A 167.
2024-02-28 14:07:14,276 WARNING:main.py:418:setup_molecule:Multiple occupancies found: OG1 in THR A 167.
2024-02-28 14:07:14,276 WARNING:main.py:418:setup_molecule:Multiple occupancies found: CG2 in THR A 167.
2024-02-28 14:07:14,276 WARNING:main.py:424:setup_molecule:Multiple occupancies found in THR A 167. At least one of the instances is being ignored.
2024-02-28 14:07:14,276 WARNING:main.py:418:setup_molecule:Multiple occupancies found: CG in LYS A 219.
2024-02-28 14:07:14,276 WARNING:main.py:418:setup_molecule:Multiple occupancies found: CD in LYS A 219.
2024-02-28 14:07:14,276 WARNING:main.py:418:setup_molecule:Multiple occupancies found: CE in LYS A 219.
2024-02-28 14:07:14,277 WARNING:main.py:418:setup_molecule:Multiple occupancies found: NZ in LYS A 219.
2024-02-28 14:07:14,277 WARNING:main.py:424:setup_molecule:Multiple occupancies found in LYS A 219. At least one of the instances is being ignored.
2024-02-28 14:07:14,277 WARNING:main.py:418:setup_molecule:Multiple occupancies found: CB in ILE A 220.
2024-02-28 14:07:14,277 WARNING:main.py:418:setup_molecule:Multiple occupancies found: CG1 in ILE A 220.
2024-02-28 14:07:14,277 WARNING:main.py:418:setup_molecule:Multiple occupancies found: CG2 in ILE A 220.
2024-02-28 14:07:14,277 WARNING:main.py:418:setup_molecule:Multiple occupancies found: CD1 in ILE A 220.
2024-02-28 14:07:14,278 WARNING:main.py:424:setup_molecule:Multiple occupancies found in ILE A 220. At least one of the instances is being ignored.
2024-02-28 14:07:14,278 WARNING:main.py:418:setup_molecule:Multiple occupancies found: CB in ILE A 367.
2024-02-28 14:07:14,278 WARNING:main.py:418:setup_molecule:Multiple occupancies found: CG1 in ILE A 367.
2024-02-28 14:07:14,278 WARNING:main.py:418:setup_molecule:Multiple occupancies found: CG2 in ILE A 367.
2024-02-28 14:07:14,278 WARNING:main.py:418:setup_molecule:Multiple occupancies found: CD1 in ILE A 367.
2024-02-28 14:07:14,278 WARNING:main.py:424:setup_molecule:Multiple occupancies found in ILE A 367. At least one of the instances is being ignored.
2024-02-28 14:07:14,279 WARNING:main.py:418:setup_molecule:Multiple occupancies found: CB in LEU A 399.
2024-02-28 14:07:14,279 WARNING:main.py:418:setup_molecule:Multiple occupancies found: CG in LEU A 399.
2024-02-28 14:07:14,279 WARNING:main.py:418:setup_molecule:Multiple occupancies found: CD1 in LEU A 399.
2024-02-28 14:07:14,279 WARNING:main.py:418:setup_molecule:Multiple occupancies found: CD2 in LEU A 399.
2024-02-28 14:07:14,279 WARNING:main.py:424:setup_molecule:Multiple occupancies found in LEU A 399. At least one of the instances is being ignored.
2024-02-28 14:07:14,295 WARNING:biomolecule.py:157:num_missing_heavy:Missing atom CG in residue LYS A 29
2024-02-28 14:07:14,295 WARNING:biomolecule.py:157:num_missing_heavy:Missing atom CD in residue LYS A 29
2024-02-28 14:07:14,295 WARNING:biomolecule.py:157:num_missing_heavy:Missing atom CE in residue LYS A 29
2024-02-28 14:07:14,295 WARNING:biomolecule.py:157:num_missing_heavy:Missing atom NZ in residue LYS A 29
2024-02-28 14:07:14,295 WARNING:biomolecule.py:157:num_missing_heavy:Missing atom CB in residue ASN A 30
2024-02-28 14:07:14,296 WARNING:biomolecule.py:157:num_missing_heavy:Missing atom CG in residue ASN A 30
2024-02-28 14:07:14,296 WARNING:biomolecule.py:157:num_missing_heavy:Missing atom OD1 in residue ASN A 30
2024-02-28 14:07:14,296 WARNING:biomolecule.py:157:num_missing_heavy:Missing atom ND2 in residue ASN A 30
2024-02-28 14:07:14,296 WARNING:biomolecule.py:157:num_missing_heavy:Missing atom CB in residue ASN A 31
2024-02-28 14:07:14,296 WARNING:biomolecule.py:157:num_missing_heavy:Missing atom CG in residue ASN A 31
2024-02-28 14:07:14,296 WARNING:biomolecule.py:157:num_missing_heavy:Missing atom OD1 in residue ASN A 31
2024-02-28 14:07:14,296 WARNING:biomolecule.py:157:num_missing_heavy:Missing atom ND2 in residue ASN A 31
2024-02-28 14:07:14,297 WARNING:biomolecule.py:157:num_missing_heavy:Missing atom CG in residue GLN A 32
2024-02-28 14:07:14,297 WARNING:biomolecule.py:157:num_missing_heavy:Missing atom CD in residue GLN A 32
2024-02-28 14:07:14,297 WARNING:biomolecule.py:157:num_missing_heavy:Missing atom OE1 in residue GLN A 32
2024-02-28 14:07:14,297 WARNING:biomolecule.py:157:num_missing_heavy:Missing atom NE2 in residue GLN A 32
2024-02-28 14:07:14,297 WARNING:biomolecule.py:157:num_missing_heavy:Missing atom CD in residue GLN A 37
2024-02-28 14:07:14,298 WARNING:biomolecule.py:157:num_missing_heavy:Missing atom OE1 in residue GLN A 37
2024-02-28 14:07:14,298 WARNING:biomolecule.py:157:num_missing_heavy:Missing atom NE2 in residue GLN A 37
2024-02-28 14:07:14,298 WARNING:biomolecule.py:157:num_missing_heavy:Missing atom CG in residue LYS A 47
2024-02-28 14:07:14,298 WARNING:biomolecule.py:157:num_missing_heavy:Missing atom CD in residue LYS A 47
2024-02-28 14:07:14,298 WARNING:biomolecule.py:157:num_missing_heavy:Missing atom CE in residue LYS A 47
2024-02-28 14:07:14,299 WARNING:biomolecule.py:157:num_missing_heavy:Missing atom NZ in residue LYS A 47
2024-02-28 14:07:14,299 WARNING:biomolecule.py:157:num_missing_heavy:Missing atom CD in residue ARG A 65
2024-02-28 14:07:14,299 WARNING:biomolecule.py:157:num_missing_heavy:Missing atom NE in residue ARG A 65
2024-02-28 14:07:14,299 WARNING:biomolecule.py:157:num_missing_heavy:Missing atom CZ in residue ARG A 65
2024-02-28 14:07:14,299 WARNING:biomolecule.py:157:num_missing_heavy:Missing atom NH1 in residue ARG A 65
2024-02-28 14:07:14,299 WARNING:biomolecule.py:157:num_missing_heavy:Missing atom NH2 in residue ARG A 65
2024-02-28 14:07:14,300 WARNING:biomolecule.py:157:num_missing_heavy:Missing atom CD in residue LYS A 74
2024-02-28 14:07:14,300 WARNING:biomolecule.py:157:num_missing_heavy:Missing atom CE in residue LYS A 74
2024-02-28 14:07:14,300 WARNING:biomolecule.py:157:num_missing_heavy:Missing atom NZ in residue LYS A 74
2024-02-28 14:07:14,301 WARNING:biomolecule.py:157:num_missing_heavy:Missing atom CD in residue LYS A 90
2024-02-28 14:07:14,301 WARNING:biomolecule.py:157:num_missing_heavy:Missing atom CE in residue LYS A 90
2024-02-28 14:07:14,301 WARNING:biomolecule.py:157:num_missing_heavy:Missing atom NZ in residue LYS A 90
2024-02-28 14:07:14,301 WARNING:biomolecule.py:157:num_missing_heavy:Missing atom CD in residue LYS A 130
2024-02-28 14:07:14,302 WARNING:biomolecule.py:157:num_missing_heavy:Missing atom CE in residue LYS A 130
2024-02-28 14:07:14,302 WARNING:biomolecule.py:157:num_missing_heavy:Missing atom NZ in residue LYS A 130
2024-02-28 14:07:14,302 WARNING:biomolecule.py:157:num_missing_heavy:Missing atom CE in residue LYS A 132
2024-02-28 14:07:14,302 WARNING:biomolecule.py:157:num_missing_heavy:Missing atom NZ in residue LYS A 132
2024-02-28 14:07:14,302 WARNING:biomolecule.py:157:num_missing_heavy:Missing atom CG in residue LYS A 138
2024-02-28 14:07:14,303 WARNING:biomolecule.py:157:num_missing_heavy:Missing atom CD in residue LYS A 138
2024-02-28 14:07:14,303 WARNING:biomolecule.py:157:num_missing_heavy:Missing atom CE in residue LYS A 138
2024-02-28 14:07:14,303 WARNING:biomolecule.py:157:num_missing_heavy:Missing atom NZ in residue LYS A 138
2024-02-28 14:07:14,303 WARNING:biomolecule.py:157:num_missing_heavy:Missing atom CD in residue LYS A 140
2024-02-28 14:07:14,303 WARNING:biomolecule.py:157:num_missing_heavy:Missing atom CE in residue LYS A 140
2024-02-28 14:07:14,303 WARNING:biomolecule.py:157:num_missing_heavy:Missing atom NZ in residue LYS A 140
2024-02-28 14:07:14,304 WARNING:biomolecule.py:157:num_missing_heavy:Missing atom CE in residue LYS A 155
2024-02-28 14:07:14,304 WARNING:biomolecule.py:157:num_missing_heavy:Missing atom NZ in residue LYS A 155
2024-02-28 14:07:14,304 WARNING:biomolecule.py:157:num_missing_heavy:Missing atom CE in residue LYS A 182
2024-02-28 14:07:14,304 WARNING:biomolecule.py:157:num_missing_heavy:Missing atom NZ in residue LYS A 182
2024-02-28 14:07:14,304 WARNING:biomolecule.py:157:num_missing_heavy:Missing atom CG in residue LYS A 215
2024-02-28 14:07:14,305 WARNING:biomolecule.py:157:num_missing_heavy:Missing atom CD in residue LYS A 215
2024-02-28 14:07:14,305 WARNING:biomolecule.py:157:num_missing_heavy:Missing atom CE in residue LYS A 215
2024-02-28 14:07:14,305 WARNING:biomolecule.py:157:num_missing_heavy:Missing atom NZ in residue LYS A 215
2024-02-28 14:07:14,305 WARNING:biomolecule.py:157:num_missing_heavy:Missing atom CG in residue GLU A 251
2024-02-28 14:07:14,306 WARNING:biomolecule.py:157:num_missing_heavy:Missing atom CD in residue GLU A 251
2024-02-28 14:07:14,306 WARNING:biomolecule.py:157:num_missing_heavy:Missing atom OE1 in residue GLU A 251
2024-02-28 14:07:14,306 WARNING:biomolecule.py:157:num_missing_heavy:Missing atom OE2 in residue GLU A 251
2024-02-28 14:07:14,306 WARNING:biomolecule.py:157:num_missing_heavy:Missing atom CE in residue LYS A 266
2024-02-28 14:07:14,306 WARNING:biomolecule.py:157:num_missing_heavy:Missing atom NZ in residue LYS A 266
2024-02-28 14:07:14,307 WARNING:biomolecule.py:157:num_missing_heavy:Missing atom CG in residue GLU A 273
2024-02-28 14:07:14,307 WARNING:biomolecule.py:157:num_missing_heavy:Missing atom CD in residue GLU A 273
2024-02-28 14:07:14,307 WARNING:biomolecule.py:157:num_missing_heavy:Missing atom OE1 in residue GLU A 273
2024-02-28 14:07:14,307 WARNING:biomolecule.py:157:num_missing_heavy:Missing atom OE2 in residue GLU A 273
2024-02-28 14:07:14,307 WARNING:biomolecule.py:157:num_missing_heavy:Missing atom CD in residue LYS A 274
2024-02-28 14:07:14,307 WARNING:biomolecule.py:157:num_missing_heavy:Missing atom CE in residue LYS A 274
2024-02-28 14:07:14,307 WARNING:biomolecule.py:157:num_missing_heavy:Missing atom NZ in residue LYS A 274
2024-02-28 14:07:14,308 WARNING:biomolecule.py:157:num_missing_heavy:Missing atom CG in residue ASN A 294
2024-02-28 14:07:14,308 WARNING:biomolecule.py:157:num_missing_heavy:Missing atom OD1 in residue ASN A 294
2024-02-28 14:07:14,308 WARNING:biomolecule.py:157:num_missing_heavy:Missing atom ND2 in residue ASN A 294
2024-02-28 14:07:14,309 WARNING:biomolecule.py:157:num_missing_heavy:Missing atom CD in residue LYS A 296
2024-02-28 14:07:14,309 WARNING:biomolecule.py:157:num_missing_heavy:Missing atom CE in residue LYS A 296
2024-02-28 14:07:14,309 WARNING:biomolecule.py:157:num_missing_heavy:Missing atom NZ in residue LYS A 296
2024-02-28 14:07:14,310 WARNING:biomolecule.py:157:num_missing_heavy:Missing atom CG in residue GLN A 299
2024-02-28 14:07:14,310 WARNING:biomolecule.py:157:num_missing_heavy:Missing atom CD in residue GLN A 299
2024-02-28 14:07:14,310 WARNING:biomolecule.py:157:num_missing_heavy:Missing atom OE1 in residue GLN A 299
2024-02-28 14:07:14,310 WARNING:biomolecule.py:157:num_missing_heavy:Missing atom NE2 in residue GLN A 299
2024-02-28 14:07:14,310 WARNING:biomolecule.py:157:num_missing_heavy:Missing atom CD in residue LYS A 321
2024-02-28 14:07:14,311 WARNING:biomolecule.py:157:num_missing_heavy:Missing atom CE in residue LYS A 321
2024-02-28 14:07:14,311 WARNING:biomolecule.py:157:num_missing_heavy:Missing atom NZ in residue LYS A 321
2024-02-28 14:07:14,311 WARNING:biomolecule.py:157:num_missing_heavy:Missing atom CE in residue LYS A 322
2024-02-28 14:07:14,311 WARNING:biomolecule.py:157:num_missing_heavy:Missing atom NZ in residue LYS A 322
2024-02-28 14:07:14,312 WARNING:biomolecule.py:157:num_missing_heavy:Missing atom CD in residue LYS A 381
2024-02-28 14:07:14,312 WARNING:biomolecule.py:157:num_missing_heavy:Missing atom CE in residue LYS A 381
2024-02-28 14:07:14,312 WARNING:biomolecule.py:157:num_missing_heavy:Missing atom NZ in residue LYS A 381
2024-02-28 14:07:14,313 WARNING:biomolecule.py:157:num_missing_heavy:Missing atom CG in residue LYS A 29
2024-02-28 14:07:14,313 WARNING:biomolecule.py:157:num_missing_heavy:Missing atom CD in residue LYS A 29
2024-02-28 14:07:14,313 WARNING:biomolecule.py:157:num_missing_heavy:Missing atom CE in residue LYS A 29
2024-02-28 14:07:14,314 WARNING:biomolecule.py:157:num_missing_heavy:Missing atom NZ in residue LYS A 29
2024-02-28 14:07:14,314 WARNING:biomolecule.py:157:num_missing_heavy:Missing atom CB in residue ASN A 30
2024-02-28 14:07:14,314 WARNING:biomolecule.py:157:num_missing_heavy:Missing atom CG in residue ASN A 30
2024-02-28 14:07:14,314 WARNING:biomolecule.py:157:num_missing_heavy:Missing atom OD1 in residue ASN A 30
2024-02-28 14:07:14,314 WARNING:biomolecule.py:157:num_missing_heavy:Missing atom ND2 in residue ASN A 30
2024-02-28 14:07:14,314 WARNING:biomolecule.py:157:num_missing_heavy:Missing atom CB in residue ASN A 31
2024-02-28 14:07:14,315 WARNING:biomolecule.py:157:num_missing_heavy:Missing atom CG in residue ASN A 31
2024-02-28 14:07:14,315 WARNING:biomolecule.py:157:num_missing_heavy:Missing atom OD1 in residue ASN A 31
2024-02-28 14:07:14,315 WARNING:biomolecule.py:157:num_missing_heavy:Missing atom ND2 in residue ASN A 31
2024-02-28 14:07:14,315 WARNING:biomolecule.py:157:num_missing_heavy:Missing atom CG in residue GLN A 32
2024-02-28 14:07:14,315 WARNING:biomolecule.py:157:num_missing_heavy:Missing atom CD in residue GLN A 32
2024-02-28 14:07:14,315 WARNING:biomolecule.py:157:num_missing_heavy:Missing atom OE1 in residue GLN A 32
2024-02-28 14:07:14,316 WARNING:biomolecule.py:157:num_missing_heavy:Missing atom NE2 in residue GLN A 32
2024-02-28 14:07:14,316 WARNING:biomolecule.py:157:num_missing_heavy:Missing atom CD in residue GLN A 37
2024-02-28 14:07:14,316 WARNING:biomolecule.py:157:num_missing_heavy:Missing atom OE1 in residue GLN A 37
2024-02-28 14:07:14,316 WARNING:biomolecule.py:157:num_missing_heavy:Missing atom NE2 in residue GLN A 37
2024-02-28 14:07:14,316 WARNING:biomolecule.py:157:num_missing_heavy:Missing atom CG in residue LYS A 47
2024-02-28 14:07:14,317 WARNING:biomolecule.py:157:num_missing_heavy:Missing atom CD in residue LYS A 47
2024-02-28 14:07:14,317 WARNING:biomolecule.py:157:num_missing_heavy:Missing atom CE in residue LYS A 47
2024-02-28 14:07:14,317 WARNING:biomolecule.py:157:num_missing_heavy:Missing atom NZ in residue LYS A 47
2024-02-28 14:07:14,318 WARNING:biomolecule.py:157:num_missing_heavy:Missing atom CD in residue ARG A 65
2024-02-28 14:07:14,318 WARNING:biomolecule.py:157:num_missing_heavy:Missing atom NE in residue ARG A 65
2024-02-28 14:07:14,318 WARNING:biomolecule.py:157:num_missing_heavy:Missing atom CZ in residue ARG A 65
2024-02-28 14:07:14,318 WARNING:biomolecule.py:157:num_missing_heavy:Missing atom NH1 in residue ARG A 65
2024-02-28 14:07:14,318 WARNING:biomolecule.py:157:num_missing_heavy:Missing atom NH2 in residue ARG A 65
2024-02-28 14:07:14,318 WARNING:biomolecule.py:157:num_missing_heavy:Missing atom CD in residue LYS A 74
2024-02-28 14:07:14,318 WARNING:biomolecule.py:157:num_missing_heavy:Missing atom CE in residue LYS A 74
2024-02-28 14:07:14,318 WARNING:biomolecule.py:157:num_missing_heavy:Missing atom NZ in residue LYS A 74
2024-02-28 14:07:14,318 WARNING:biomolecule.py:157:num_missing_heavy:Missing atom CD in residue LYS A 90
2024-02-28 14:07:14,319 WARNING:biomolecule.py:157:num_missing_heavy:Missing atom CE in residue LYS A 90
2024-02-28 14:07:14,319 WARNING:biomolecule.py:157:num_missing_heavy:Missing atom NZ in residue LYS A 90
2024-02-28 14:07:14,319 WARNING:biomolecule.py:157:num_missing_heavy:Missing atom CD in residue LYS A 130
2024-02-28 14:07:14,319 WARNING:biomolecule.py:157:num_missing_heavy:Missing atom CE in residue LYS A 130
2024-02-28 14:07:14,319 WARNING:biomolecule.py:157:num_missing_heavy:Missing atom NZ in residue LYS A 130
2024-02-28 14:07:14,319 WARNING:biomolecule.py:157:num_missing_heavy:Missing atom CE in residue LYS A 132
2024-02-28 14:07:14,319 WARNING:biomolecule.py:157:num_missing_heavy:Missing atom NZ in residue LYS A 132
2024-02-28 14:07:14,319 WARNING:biomolecule.py:157:num_missing_heavy:Missing atom CG in residue LYS A 138
2024-02-28 14:07:14,319 WARNING:biomolecule.py:157:num_missing_heavy:Missing atom CD in residue LYS A 138
2024-02-28 14:07:14,319 WARNING:biomolecule.py:157:num_missing_heavy:Missing atom CE in residue LYS A 138
2024-02-28 14:07:14,320 WARNING:biomolecule.py:157:num_missing_heavy:Missing atom NZ in residue LYS A 138
2024-02-28 14:07:14,320 WARNING:biomolecule.py:157:num_missing_heavy:Missing atom CD in residue LYS A 140
2024-02-28 14:07:14,320 WARNING:biomolecule.py:157:num_missing_heavy:Missing atom CE in residue LYS A 140
2024-02-28 14:07:14,320 WARNING:biomolecule.py:157:num_missing_heavy:Missing atom NZ in residue LYS A 140
2024-02-28 14:07:14,320 WARNING:biomolecule.py:157:num_missing_heavy:Missing atom CE in residue LYS A 155
2024-02-28 14:07:14,321 WARNING:biomolecule.py:157:num_missing_heavy:Missing atom NZ in residue LYS A 155
2024-02-28 14:07:14,321 WARNING:biomolecule.py:157:num_missing_heavy:Missing atom CE in residue LYS A 182
2024-02-28 14:07:14,321 WARNING:biomolecule.py:157:num_missing_heavy:Missing atom NZ in residue LYS A 182
2024-02-28 14:07:14,321 WARNING:biomolecule.py:157:num_missing_heavy:Missing atom CG in residue LYS A 215
2024-02-28 14:07:14,321 WARNING:biomolecule.py:157:num_missing_heavy:Missing atom CD in residue LYS A 215
2024-02-28 14:07:14,321 WARNING:biomolecule.py:157:num_missing_heavy:Missing atom CE in residue LYS A 215
2024-02-28 14:07:14,322 WARNING:biomolecule.py:157:num_missing_heavy:Missing atom NZ in residue LYS A 215
2024-02-28 14:07:14,322 WARNING:biomolecule.py:157:num_missing_heavy:Missing atom CG in residue GLU A 251
2024-02-28 14:07:14,322 WARNING:biomolecule.py:157:num_missing_heavy:Missing atom CD in residue GLU A 251
2024-02-28 14:07:14,322 WARNING:biomolecule.py:157:num_missing_heavy:Missing atom OE1 in residue GLU A 251
2024-02-28 14:07:14,322 WARNING:biomolecule.py:157:num_missing_heavy:Missing atom OE2 in residue GLU A 251
2024-02-28 14:07:14,322 WARNING:biomolecule.py:157:num_missing_heavy:Missing atom CE in residue LYS A 266
2024-02-28 14:07:14,323 WARNING:biomolecule.py:157:num_missing_heavy:Missing atom NZ in residue LYS A 266
2024-02-28 14:07:14,323 WARNING:biomolecule.py:157:num_missing_heavy:Missing atom CG in residue GLU A 273
2024-02-28 14:07:14,323 WARNING:biomolecule.py:157:num_missing_heavy:Missing atom CD in residue GLU A 273
2024-02-28 14:07:14,323 WARNING:biomolecule.py:157:num_missing_heavy:Missing atom OE1 in residue GLU A 273
2024-02-28 14:07:14,323 WARNING:biomolecule.py:157:num_missing_heavy:Missing atom OE2 in residue GLU A 273
2024-02-28 14:07:14,323 WARNING:biomolecule.py:157:num_missing_heavy:Missing atom CD in residue LYS A 274
2024-02-28 14:07:14,324 WARNING:biomolecule.py:157:num_missing_heavy:Missing atom CE in residue LYS A 274
2024-02-28 14:07:14,324 WARNING:biomolecule.py:157:num_missing_heavy:Missing atom NZ in residue LYS A 274
2024-02-28 14:07:14,324 WARNING:biomolecule.py:157:num_missing_heavy:Missing atom CG in residue ASN A 294
2024-02-28 14:07:14,324 WARNING:biomolecule.py:157:num_missing_heavy:Missing atom OD1 in residue ASN A 294
2024-02-28 14:07:14,324 WARNING:biomolecule.py:157:num_missing_heavy:Missing atom ND2 in residue ASN A 294
2024-02-28 14:07:14,325 WARNING:biomolecule.py:157:num_missing_heavy:Missing atom CD in residue LYS A 296
2024-02-28 14:07:14,325 WARNING:biomolecule.py:157:num_missing_heavy:Missing atom CE in residue LYS A 296
2024-02-28 14:07:14,325 WARNING:biomolecule.py:157:num_missing_heavy:Missing atom NZ in residue LYS A 296
2024-02-28 14:07:14,326 WARNING:biomolecule.py:157:num_missing_heavy:Missing atom CG in residue GLN A 299
2024-02-28 14:07:14,326 WARNING:biomolecule.py:157:num_missing_heavy:Missing atom CD in residue GLN A 299
2024-02-28 14:07:14,326 WARNING:biomolecule.py:157:num_missing_heavy:Missing atom OE1 in residue GLN A 299
2024-02-28 14:07:14,326 WARNING:biomolecule.py:157:num_missing_heavy:Missing atom NE2 in residue GLN A 299
2024-02-28 14:07:14,326 WARNING:biomolecule.py:157:num_missing_heavy:Missing atom CD in residue LYS A 321
2024-02-28 14:07:14,327 WARNING:biomolecule.py:157:num_missing_heavy:Missing atom CE in residue LYS A 321
2024-02-28 14:07:14,327 WARNING:biomolecule.py:157:num_missing_heavy:Missing atom NZ in residue LYS A 321
2024-02-28 14:07:14,327 WARNING:biomolecule.py:157:num_missing_heavy:Missing atom CE in residue LYS A 322
2024-02-28 14:07:14,327 WARNING:biomolecule.py:157:num_missing_heavy:Missing atom NZ in residue LYS A 322
2024-02-28 14:07:14,328 WARNING:biomolecule.py:157:num_missing_heavy:Missing atom CD in residue LYS A 381
2024-02-28 14:07:14,328 WARNING:biomolecule.py:157:num_missing_heavy:Missing atom CE in residue LYS A 381
2024-02-28 14:07:14,328 WARNING:biomolecule.py:157:num_missing_heavy:Missing atom NZ in residue LYS A 381
2024-02-28 14:07:14,328 WARNING:biomolecule.py:157:num_missing_heavy:Missing atom CG in residue LYS A 29
2024-02-28 14:07:14,328 WARNING:biomolecule.py:157:num_missing_heavy:Missing atom CD in residue LYS A 29
2024-02-28 14:07:14,328 WARNING:biomolecule.py:157:num_missing_heavy:Missing atom CE in residue LYS A 29
2024-02-28 14:07:14,329 WARNING:biomolecule.py:157:num_missing_heavy:Missing atom NZ in residue LYS A 29
2024-02-28 14:07:14,329 WARNING:biomolecule.py:157:num_missing_heavy:Missing atom CB in residue ASN A 30
2024-02-28 14:07:14,329 WARNING:biomolecule.py:157:num_missing_heavy:Missing atom CG in residue ASN A 30
2024-02-28 14:07:14,329 WARNING:biomolecule.py:157:num_missing_heavy:Missing atom OD1 in residue ASN A 30
2024-02-28 14:07:14,329 WARNING:biomolecule.py:157:num_missing_heavy:Missing atom ND2 in residue ASN A 30
2024-02-28 14:07:14,330 WARNING:biomolecule.py:157:num_missing_heavy:Missing atom CB in residue ASN A 31
2024-02-28 14:07:14,330 WARNING:biomolecule.py:157:num_missing_heavy:Missing atom CG in residue ASN A 31
2024-02-28 14:07:14,330 WARNING:biomolecule.py:157:num_missing_heavy:Missing atom OD1 in residue ASN A 31
2024-02-28 14:07:14,330 WARNING:biomolecule.py:157:num_missing_heavy:Missing atom ND2 in residue ASN A 31
2024-02-28 14:07:14,330 WARNING:biomolecule.py:157:num_missing_heavy:Missing atom CG in residue GLN A 32
2024-02-28 14:07:14,330 WARNING:biomolecule.py:157:num_missing_heavy:Missing atom CD in residue GLN A 32
2024-02-28 14:07:14,331 WARNING:biomolecule.py:157:num_missing_heavy:Missing atom OE1 in residue GLN A 32
2024-02-28 14:07:14,331 WARNING:biomolecule.py:157:num_missing_heavy:Missing atom NE2 in residue GLN A 32
2024-02-28 14:07:14,332 WARNING:biomolecule.py:157:num_missing_heavy:Missing atom CD in residue GLN A 37
2024-02-28 14:07:14,332 WARNING:biomolecule.py:157:num_missing_heavy:Missing atom OE1 in residue GLN A 37
2024-02-28 14:07:14,332 WARNING:biomolecule.py:157:num_missing_heavy:Missing atom NE2 in residue GLN A 37
2024-02-28 14:07:14,332 WARNING:biomolecule.py:157:num_missing_heavy:Missing atom CG in residue LYS A 47
2024-02-28 14:07:14,333 WARNING:biomolecule.py:157:num_missing_heavy:Missing atom CD in residue LYS A 47
2024-02-28 14:07:14,333 WARNING:biomolecule.py:157:num_missing_heavy:Missing atom CE in residue LYS A 47
2024-02-28 14:07:14,333 WARNING:biomolecule.py:157:num_missing_heavy:Missing atom NZ in residue LYS A 47
2024-02-28 14:07:14,334 WARNING:biomolecule.py:157:num_missing_heavy:Missing atom CD in residue ARG A 65
2024-02-28 14:07:14,334 WARNING:biomolecule.py:157:num_missing_heavy:Missing atom NE in residue ARG A 65
2024-02-28 14:07:14,334 WARNING:biomolecule.py:157:num_missing_heavy:Missing atom CZ in residue ARG A 65
2024-02-28 14:07:14,335 WARNING:biomolecule.py:157:num_missing_heavy:Missing atom NH1 in residue ARG A 65
2024-02-28 14:07:14,335 WARNING:biomolecule.py:157:num_missing_heavy:Missing atom NH2 in residue ARG A 65
2024-02-28 14:07:14,335 WARNING:biomolecule.py:157:num_missing_heavy:Missing atom CD in residue LYS A 74
2024-02-28 14:07:14,335 WARNING:biomolecule.py:157:num_missing_heavy:Missing atom CE in residue LYS A 74
2024-02-28 14:07:14,335 WARNING:biomolecule.py:157:num_missing_heavy:Missing atom NZ in residue LYS A 74
2024-02-28 14:07:14,336 WARNING:biomolecule.py:157:num_missing_heavy:Missing atom CD in residue LYS A 90
2024-02-28 14:07:14,336 WARNING:biomolecule.py:157:num_missing_heavy:Missing atom CE in residue LYS A 90
2024-02-28 14:07:14,336 WARNING:biomolecule.py:157:num_missing_heavy:Missing atom NZ in residue LYS A 90
2024-02-28 14:07:14,337 WARNING:biomolecule.py:157:num_missing_heavy:Missing atom CD in residue LYS A 130
2024-02-28 14:07:14,337 WARNING:biomolecule.py:157:num_missing_heavy:Missing atom CE in residue LYS A 130
2024-02-28 14:07:14,337 WARNING:biomolecule.py:157:num_missing_heavy:Missing atom NZ in residue LYS A 130
2024-02-28 14:07:14,337 WARNING:biomolecule.py:157:num_missing_heavy:Missing atom CE in residue LYS A 132
2024-02-28 14:07:14,337 WARNING:biomolecule.py:157:num_missing_heavy:Missing atom NZ in residue LYS A 132
2024-02-28 14:07:14,338 WARNING:biomolecule.py:157:num_missing_heavy:Missing atom CG in residue LYS A 138
2024-02-28 14:07:14,338 WARNING:biomolecule.py:157:num_missing_heavy:Missing atom CD in residue LYS A 138
2024-02-28 14:07:14,338 WARNING:biomolecule.py:157:num_missing_heavy:Missing atom CE in residue LYS A 138
2024-02-28 14:07:14,338 WARNING:biomolecule.py:157:num_missing_heavy:Missing atom NZ in residue LYS A 138
2024-02-28 14:07:14,338 WARNING:biomolecule.py:157:num_missing_heavy:Missing atom CD in residue LYS A 140
2024-02-28 14:07:14,339 WARNING:biomolecule.py:157:num_missing_heavy:Missing atom CE in residue LYS A 140
2024-02-28 14:07:14,339 WARNING:biomolecule.py:157:num_missing_heavy:Missing atom NZ in residue LYS A 140
2024-02-28 14:07:14,339 WARNING:biomolecule.py:157:num_missing_heavy:Missing atom CE in residue LYS A 155
2024-02-28 14:07:14,339 WARNING:biomolecule.py:157:num_missing_heavy:Missing atom NZ in residue LYS A 155
2024-02-28 14:07:14,339 WARNING:biomolecule.py:157:num_missing_heavy:Missing atom CE in residue LYS A 182
2024-02-28 14:07:14,340 WARNING:biomolecule.py:157:num_missing_heavy:Missing atom NZ in residue LYS A 182
2024-02-28 14:07:14,340 WARNING:biomolecule.py:157:num_missing_heavy:Missing atom CG in residue LYS A 215
2024-02-28 14:07:14,340 WARNING:biomolecule.py:157:num_missing_heavy:Missing atom CD in residue LYS A 215
2024-02-28 14:07:14,340 WARNING:biomolecule.py:157:num_missing_heavy:Missing atom CE in residue LYS A 215
2024-02-28 14:07:14,340 WARNING:biomolecule.py:157:num_missing_heavy:Missing atom NZ in residue LYS A 215
2024-02-28 14:07:14,340 WARNING:biomolecule.py:157:num_missing_heavy:Missing atom CG in residue GLU A 251
2024-02-28 14:07:14,340 WARNING:biomolecule.py:157:num_missing_heavy:Missing atom CD in residue GLU A 251
2024-02-28 14:07:14,340 WARNING:biomolecule.py:157:num_missing_heavy:Missing atom OE1 in residue GLU A 251
2024-02-28 14:07:14,340 WARNING:biomolecule.py:157:num_missing_heavy:Missing atom OE2 in residue GLU A 251
2024-02-28 14:07:14,340 WARNING:biomolecule.py:157:num_missing_heavy:Missing atom CE in residue LYS A 266
2024-02-28 14:07:14,341 WARNING:biomolecule.py:157:num_missing_heavy:Missing atom NZ in residue LYS A 266
2024-02-28 14:07:14,341 WARNING:biomolecule.py:157:num_missing_heavy:Missing atom CG in residue GLU A 273
2024-02-28 14:07:14,341 WARNING:biomolecule.py:157:num_missing_heavy:Missing atom CD in residue GLU A 273
2024-02-28 14:07:14,342 WARNING:biomolecule.py:157:num_missing_heavy:Missing atom OE1 in residue GLU A 273
2024-02-28 14:07:14,342 WARNING:biomolecule.py:157:num_missing_heavy:Missing atom OE2 in residue GLU A 273
2024-02-28 14:07:14,342 WARNING:biomolecule.py:157:num_missing_heavy:Missing atom CD in residue LYS A 274
2024-02-28 14:07:14,342 WARNING:biomolecule.py:157:num_missing_heavy:Missing atom CE in residue LYS A 274
2024-02-28 14:07:14,342 WARNING:biomolecule.py:157:num_missing_heavy:Missing atom NZ in residue LYS A 274
2024-02-28 14:07:14,343 WARNING:biomolecule.py:157:num_missing_heavy:Missing atom CG in residue ASN A 294
2024-02-28 14:07:14,343 WARNING:biomolecule.py:157:num_missing_heavy:Missing atom OD1 in residue ASN A 294
2024-02-28 14:07:14,343 WARNING:biomolecule.py:157:num_missing_heavy:Missing atom ND2 in residue ASN A 294
2024-02-28 14:07:14,343 WARNING:biomolecule.py:157:num_missing_heavy:Missing atom CD in residue LYS A 296
2024-02-28 14:07:14,343 WARNING:biomolecule.py:157:num_missing_heavy:Missing atom CE in residue LYS A 296
2024-02-28 14:07:14,343 WARNING:biomolecule.py:157:num_missing_heavy:Missing atom NZ in residue LYS A 296
2024-02-28 14:07:14,344 WARNING:biomolecule.py:157:num_missing_heavy:Missing atom CG in residue GLN A 299
2024-02-28 14:07:14,344 WARNING:biomolecule.py:157:num_missing_heavy:Missing atom CD in residue GLN A 299
2024-02-28 14:07:14,344 WARNING:biomolecule.py:157:num_missing_heavy:Missing atom OE1 in residue GLN A 299
2024-02-28 14:07:14,344 WARNING:biomolecule.py:157:num_missing_heavy:Missing atom NE2 in residue GLN A 299
2024-02-28 14:07:14,344 WARNING:biomolecule.py:157:num_missing_heavy:Missing atom CD in residue LYS A 321
2024-02-28 14:07:14,345 WARNING:biomolecule.py:157:num_missing_heavy:Missing atom CE in residue LYS A 321
2024-02-28 14:07:14,345 WARNING:biomolecule.py:157:num_missing_heavy:Missing atom NZ in residue LYS A 321
2024-02-28 14:07:14,345 WARNING:biomolecule.py:157:num_missing_heavy:Missing atom CE in residue LYS A 322
2024-02-28 14:07:14,345 WARNING:biomolecule.py:157:num_missing_heavy:Missing atom NZ in residue LYS A 322
2024-02-28 14:07:14,346 WARNING:biomolecule.py:157:num_missing_heavy:Missing atom CD in residue LYS A 381
2024-02-28 14:07:14,346 WARNING:biomolecule.py:157:num_missing_heavy:Missing atom CE in residue LYS A 381
2024-02-28 14:07:14,346 WARNING:biomolecule.py:157:num_missing_heavy:Missing atom NZ in residue LYS A 381
2024-02-28 14:07:15,349 WARNING:main.py:311:print_pqr:Ignoring 1963 header lines in output.
2024-02-28 14:07:15,349 WARNING:main.py:315:print_pqr:Ignoring 36 missing lines in output.
