2024-02-28 14:07:07,389 WARNING:biomolecule.py:992:create_residue:Unable to find amino or nucleic acid definition for CXM.  Parsing as new residue.
2024-02-28 14:07:07,400 WARNING:biomolecule.py:992:create_residue:Unable to find amino or nucleic acid definition for CXM.  Parsing as new residue.
2024-02-28 14:07:07,410 WARNING:biomolecule.py:992:create_residue:Unable to find amino or nucleic acid definition for SO4.  Parsing as new residue.
2024-02-28 14:07:07,410 WARNING:biomolecule.py:992:create_residue:Unable to find amino or nucleic acid definition for SO4.  Parsing as new residue.
2024-02-28 14:07:07,410 WARNING:biomolecule.py:992:create_residue:Unable to find amino or nucleic acid definition for SO4.  Parsing as new residue.
2024-02-28 14:07:07,410 WARNING:biomolecule.py:992:create_residue:Unable to find amino or nucleic acid definition for TP3.  Parsing as new residue.
2024-02-28 14:07:07,410 WARNING:biomolecule.py:992:create_residue:Unable to find amino or nucleic acid definition for SO4.  Parsing as new residue.
2024-02-28 14:07:07,410 WARNING:biomolecule.py:992:create_residue:Unable to find amino or nucleic acid definition for SO4.  Parsing as new residue.
2024-02-28 14:07:07,410 WARNING:biomolecule.py:992:create_residue:Unable to find amino or nucleic acid definition for TP3.  Parsing as new residue.
2024-02-28 14:07:07,411 WARNING:main.py:418:setup_molecule:Multiple occupancies found: CG in GLU A 245.
2024-02-28 14:07:07,411 WARNING:main.py:418:setup_molecule:Multiple occupancies found: CD in GLU A 245.
2024-02-28 14:07:07,411 WARNING:main.py:418:setup_molecule:Multiple occupancies found: OE1 in GLU A 245.
2024-02-28 14:07:07,411 WARNING:main.py:418:setup_molecule:Multiple occupancies found: OE2 in GLU A 245.
2024-02-28 14:07:07,411 WARNING:main.py:424:setup_molecule:Multiple occupancies found in GLU A 245. At least one of the instances is being ignored.
2024-02-28 14:07:07,411 WARNING:main.py:418:setup_molecule:Multiple occupancies found: CG in GLN B 3.
2024-02-28 14:07:07,411 WARNING:main.py:418:setup_molecule:Multiple occupancies found: CD in GLN B 3.
2024-02-28 14:07:07,411 WARNING:main.py:418:setup_molecule:Multiple occupancies found: OE1 in GLN B 3.
2024-02-28 14:07:07,411 WARNING:main.py:418:setup_molecule:Multiple occupancies found: NE2 in GLN B 3.
2024-02-28 14:07:07,411 WARNING:main.py:424:setup_molecule:Multiple occupancies found in GLN B 3. At least one of the instances is being ignored.
2024-02-28 14:07:07,411 WARNING:main.py:418:setup_molecule:Multiple occupancies found: CG in ASP B 139.
2024-02-28 14:07:07,411 WARNING:main.py:418:setup_molecule:Multiple occupancies found: OD1 in ASP B 139.
2024-02-28 14:07:07,411 WARNING:main.py:418:setup_molecule:Multiple occupancies found: OD2 in ASP B 139.
2024-02-28 14:07:07,411 WARNING:main.py:424:setup_molecule:Multiple occupancies found in ASP B 139. At least one of the instances is being ignored.
2024-02-28 14:07:07,430 WARNING:biomolecule.py:157:num_missing_heavy:Missing atom OXT in residue VAL A 262
2024-02-28 14:07:07,431 WARNING:biomolecule.py:157:num_missing_heavy:Missing atom OXT in residue PRO B 261
2024-02-28 14:07:07,432 WARNING:biomolecule.py:157:num_missing_heavy:Missing atom OXT in residue VAL A 262
2024-02-28 14:07:07,433 WARNING:biomolecule.py:157:num_missing_heavy:Missing atom OXT in residue PRO B 261
2024-02-28 14:07:07,433 WARNING:biomolecule.py:157:num_missing_heavy:Missing atom OXT in residue VAL A 262
2024-02-28 14:07:07,434 WARNING:biomolecule.py:157:num_missing_heavy:Missing atom OXT in residue PRO B 261
2024-02-28 14:07:08,939 WARNING:main.py:311:print_pqr:Ignoring 4183 header lines in output.
2024-02-28 14:07:08,940 WARNING:main.py:315:print_pqr:Ignoring 105 missing lines in output.
