2024-02-28 14:06:59,867 WARNING:biomolecule.py:992:create_residue:Unable to find amino or nucleic acid definition for HTC.  Parsing as new residue.
2024-02-28 14:06:59,867 WARNING:biomolecule.py:992:create_residue:Unable to find amino or nucleic acid definition for HTC.  Parsing as new residue.
2024-02-28 14:06:59,879 WARNING:biomolecule.py:615:update_bonds:Gap in backbone detected between ILE A 283 and ILE A 291!
2024-02-28 14:06:59,890 WARNING:biomolecule.py:157:num_missing_heavy:Missing atom CG in residue GLN A 22
2024-02-28 14:06:59,890 WARNING:biomolecule.py:157:num_missing_heavy:Missing atom CD in residue GLN A 22
2024-02-28 14:06:59,890 WARNING:biomolecule.py:157:num_missing_heavy:Missing atom OE1 in residue GLN A 22
2024-02-28 14:06:59,890 WARNING:biomolecule.py:157:num_missing_heavy:Missing atom NE2 in residue GLN A 22
2024-02-28 14:06:59,890 WARNING:biomolecule.py:157:num_missing_heavy:Missing atom CG in residue LYS A 24
2024-02-28 14:06:59,891 WARNING:biomolecule.py:157:num_missing_heavy:Missing atom CD in residue LYS A 24
2024-02-28 14:06:59,891 WARNING:biomolecule.py:157:num_missing_heavy:Missing atom CE in residue LYS A 24
2024-02-28 14:06:59,891 WARNING:biomolecule.py:157:num_missing_heavy:Missing atom NZ in residue LYS A 24
2024-02-28 14:06:59,891 WARNING:biomolecule.py:157:num_missing_heavy:Missing atom CG in residue LYS A 37
2024-02-28 14:06:59,892 WARNING:biomolecule.py:157:num_missing_heavy:Missing atom CD in residue LYS A 37
2024-02-28 14:06:59,892 WARNING:biomolecule.py:157:num_missing_heavy:Missing atom CE in residue LYS A 37
2024-02-28 14:06:59,892 WARNING:biomolecule.py:157:num_missing_heavy:Missing atom NZ in residue LYS A 37
2024-02-28 14:06:59,893 WARNING:biomolecule.py:157:num_missing_heavy:Missing atom CG in residue LYS A 99
2024-02-28 14:06:59,893 WARNING:biomolecule.py:157:num_missing_heavy:Missing atom CD in residue LYS A 99
2024-02-28 14:06:59,893 WARNING:biomolecule.py:157:num_missing_heavy:Missing atom CE in residue LYS A 99
2024-02-28 14:06:59,893 WARNING:biomolecule.py:157:num_missing_heavy:Missing atom NZ in residue LYS A 99
2024-02-28 14:06:59,894 WARNING:biomolecule.py:157:num_missing_heavy:Missing atom CG in residue LYS A 126
2024-02-28 14:06:59,894 WARNING:biomolecule.py:157:num_missing_heavy:Missing atom CD in residue LYS A 126
2024-02-28 14:06:59,894 WARNING:biomolecule.py:157:num_missing_heavy:Missing atom CE in residue LYS A 126
2024-02-28 14:06:59,894 WARNING:biomolecule.py:157:num_missing_heavy:Missing atom NZ in residue LYS A 126
2024-02-28 14:06:59,894 WARNING:biomolecule.py:157:num_missing_heavy:Missing atom CG in residue LYS A 207
2024-02-28 14:06:59,894 WARNING:biomolecule.py:157:num_missing_heavy:Missing atom CD in residue LYS A 207
2024-02-28 14:06:59,894 WARNING:biomolecule.py:157:num_missing_heavy:Missing atom CE in residue LYS A 207
2024-02-28 14:06:59,895 WARNING:biomolecule.py:157:num_missing_heavy:Missing atom NZ in residue LYS A 207
2024-02-28 14:06:59,895 WARNING:biomolecule.py:157:num_missing_heavy:Missing atom CG in residue LYS A 246
2024-02-28 14:06:59,895 WARNING:biomolecule.py:157:num_missing_heavy:Missing atom CD in residue LYS A 246
2024-02-28 14:06:59,895 WARNING:biomolecule.py:157:num_missing_heavy:Missing atom CE in residue LYS A 246
2024-02-28 14:06:59,895 WARNING:biomolecule.py:157:num_missing_heavy:Missing atom NZ in residue LYS A 246
2024-02-28 14:06:59,895 WARNING:biomolecule.py:157:num_missing_heavy:Missing atom CG in residue ASN A 279
2024-02-28 14:06:59,896 WARNING:biomolecule.py:157:num_missing_heavy:Missing atom OD1 in residue ASN A 279
2024-02-28 14:06:59,896 WARNING:biomolecule.py:157:num_missing_heavy:Missing atom ND2 in residue ASN A 279
2024-02-28 14:06:59,897 WARNING:biomolecule.py:157:num_missing_heavy:Missing atom CG in residue LYS B 50
2024-02-28 14:06:59,897 WARNING:biomolecule.py:157:num_missing_heavy:Missing atom CD in residue LYS B 50
2024-02-28 14:06:59,897 WARNING:biomolecule.py:157:num_missing_heavy:Missing atom CE in residue LYS B 50
2024-02-28 14:06:59,897 WARNING:biomolecule.py:157:num_missing_heavy:Missing atom NZ in residue LYS B 50
2024-02-28 14:06:59,897 WARNING:biomolecule.py:157:num_missing_heavy:Missing atom CG in residue LYS B 126
2024-02-28 14:06:59,898 WARNING:biomolecule.py:157:num_missing_heavy:Missing atom CD in residue LYS B 126
2024-02-28 14:06:59,898 WARNING:biomolecule.py:157:num_missing_heavy:Missing atom CE in residue LYS B 126
2024-02-28 14:06:59,898 WARNING:biomolecule.py:157:num_missing_heavy:Missing atom NZ in residue LYS B 126
2024-02-28 14:06:59,899 WARNING:biomolecule.py:157:num_missing_heavy:Missing atom CG in residue LYS B 207
2024-02-28 14:06:59,899 WARNING:biomolecule.py:157:num_missing_heavy:Missing atom CD in residue LYS B 207
2024-02-28 14:06:59,899 WARNING:biomolecule.py:157:num_missing_heavy:Missing atom CE in residue LYS B 207
2024-02-28 14:06:59,899 WARNING:biomolecule.py:157:num_missing_heavy:Missing atom NZ in residue LYS B 207
2024-02-28 14:06:59,900 WARNING:biomolecule.py:157:num_missing_heavy:Missing atom CG in residue LYS B 246
2024-02-28 14:06:59,900 WARNING:biomolecule.py:157:num_missing_heavy:Missing atom CD in residue LYS B 246
2024-02-28 14:06:59,900 WARNING:biomolecule.py:157:num_missing_heavy:Missing atom CE in residue LYS B 246
2024-02-28 14:06:59,900 WARNING:biomolecule.py:157:num_missing_heavy:Missing atom NZ in residue LYS B 246
2024-02-28 14:06:59,901 WARNING:biomolecule.py:157:num_missing_heavy:Missing atom CG in residue GLU B 333
2024-02-28 14:06:59,901 WARNING:biomolecule.py:157:num_missing_heavy:Missing atom CD in residue GLU B 333
2024-02-28 14:06:59,901 WARNING:biomolecule.py:157:num_missing_heavy:Missing atom OE1 in residue GLU B 333
2024-02-28 14:06:59,901 WARNING:biomolecule.py:157:num_missing_heavy:Missing atom OE2 in residue GLU B 333
2024-02-28 14:06:59,902 WARNING:biomolecule.py:157:num_missing_heavy:Missing atom CG in residue GLN A 22
2024-02-28 14:06:59,902 WARNING:biomolecule.py:157:num_missing_heavy:Missing atom CD in residue GLN A 22
2024-02-28 14:06:59,902 WARNING:biomolecule.py:157:num_missing_heavy:Missing atom OE1 in residue GLN A 22
2024-02-28 14:06:59,902 WARNING:biomolecule.py:157:num_missing_heavy:Missing atom NE2 in residue GLN A 22
2024-02-28 14:06:59,903 WARNING:biomolecule.py:157:num_missing_heavy:Missing atom CG in residue LYS A 24
2024-02-28 14:06:59,903 WARNING:biomolecule.py:157:num_missing_heavy:Missing atom CD in residue LYS A 24
2024-02-28 14:06:59,903 WARNING:biomolecule.py:157:num_missing_heavy:Missing atom CE in residue LYS A 24
2024-02-28 14:06:59,904 WARNING:biomolecule.py:157:num_missing_heavy:Missing atom NZ in residue LYS A 24
2024-02-28 14:06:59,904 WARNING:biomolecule.py:157:num_missing_heavy:Missing atom CG in residue LYS A 37
2024-02-28 14:06:59,904 WARNING:biomolecule.py:157:num_missing_heavy:Missing atom CD in residue LYS A 37
2024-02-28 14:06:59,904 WARNING:biomolecule.py:157:num_missing_heavy:Missing atom CE in residue LYS A 37
2024-02-28 14:06:59,905 WARNING:biomolecule.py:157:num_missing_heavy:Missing atom NZ in residue LYS A 37
2024-02-28 14:06:59,905 WARNING:biomolecule.py:157:num_missing_heavy:Missing atom CG in residue LYS A 99
2024-02-28 14:06:59,905 WARNING:biomolecule.py:157:num_missing_heavy:Missing atom CD in residue LYS A 99
2024-02-28 14:06:59,906 WARNING:biomolecule.py:157:num_missing_heavy:Missing atom CE in residue LYS A 99
2024-02-28 14:06:59,906 WARNING:biomolecule.py:157:num_missing_heavy:Missing atom NZ in residue LYS A 99
2024-02-28 14:06:59,906 WARNING:biomolecule.py:157:num_missing_heavy:Missing atom CG in residue LYS A 126
2024-02-28 14:06:59,906 WARNING:biomolecule.py:157:num_missing_heavy:Missing atom CD in residue LYS A 126
2024-02-28 14:06:59,907 WARNING:biomolecule.py:157:num_missing_heavy:Missing atom CE in residue LYS A 126
2024-02-28 14:06:59,907 WARNING:biomolecule.py:157:num_missing_heavy:Missing atom NZ in residue LYS A 126
2024-02-28 14:06:59,907 WARNING:biomolecule.py:157:num_missing_heavy:Missing atom CG in residue LYS A 207
2024-02-28 14:06:59,908 WARNING:biomolecule.py:157:num_missing_heavy:Missing atom CD in residue LYS A 207
2024-02-28 14:06:59,908 WARNING:biomolecule.py:157:num_missing_heavy:Missing atom CE in residue LYS A 207
2024-02-28 14:06:59,908 WARNING:biomolecule.py:157:num_missing_heavy:Missing atom NZ in residue LYS A 207
2024-02-28 14:06:59,909 WARNING:biomolecule.py:157:num_missing_heavy:Missing atom CG in residue LYS A 246
2024-02-28 14:06:59,909 WARNING:biomolecule.py:157:num_missing_heavy:Missing atom CD in residue LYS A 246
2024-02-28 14:06:59,909 WARNING:biomolecule.py:157:num_missing_heavy:Missing atom CE in residue LYS A 246
2024-02-28 14:06:59,909 WARNING:biomolecule.py:157:num_missing_heavy:Missing atom NZ in residue LYS A 246
2024-02-28 14:06:59,910 WARNING:biomolecule.py:157:num_missing_heavy:Missing atom CG in residue ASN A 279
2024-02-28 14:06:59,910 WARNING:biomolecule.py:157:num_missing_heavy:Missing atom OD1 in residue ASN A 279
2024-02-28 14:06:59,910 WARNING:biomolecule.py:157:num_missing_heavy:Missing atom ND2 in residue ASN A 279
2024-02-28 14:06:59,911 WARNING:biomolecule.py:157:num_missing_heavy:Missing atom CG in residue LYS B 50
2024-02-28 14:06:59,911 WARNING:biomolecule.py:157:num_missing_heavy:Missing atom CD in residue LYS B 50
2024-02-28 14:06:59,911 WARNING:biomolecule.py:157:num_missing_heavy:Missing atom CE in residue LYS B 50
2024-02-28 14:06:59,911 WARNING:biomolecule.py:157:num_missing_heavy:Missing atom NZ in residue LYS B 50
2024-02-28 14:06:59,911 WARNING:biomolecule.py:157:num_missing_heavy:Missing atom CG in residue LYS B 126
2024-02-28 14:06:59,912 WARNING:biomolecule.py:157:num_missing_heavy:Missing atom CD in residue LYS B 126
2024-02-28 14:06:59,912 WARNING:biomolecule.py:157:num_missing_heavy:Missing atom CE in residue LYS B 126
2024-02-28 14:06:59,912 WARNING:biomolecule.py:157:num_missing_heavy:Missing atom NZ in residue LYS B 126
2024-02-28 14:06:59,913 WARNING:biomolecule.py:157:num_missing_heavy:Missing atom CG in residue LYS B 207
2024-02-28 14:06:59,913 WARNING:biomolecule.py:157:num_missing_heavy:Missing atom CD in residue LYS B 207
2024-02-28 14:06:59,913 WARNING:biomolecule.py:157:num_missing_heavy:Missing atom CE in residue LYS B 207
2024-02-28 14:06:59,913 WARNING:biomolecule.py:157:num_missing_heavy:Missing atom NZ in residue LYS B 207
2024-02-28 14:06:59,914 WARNING:biomolecule.py:157:num_missing_heavy:Missing atom CG in residue LYS B 246
2024-02-28 14:06:59,914 WARNING:biomolecule.py:157:num_missing_heavy:Missing atom CD in residue LYS B 246
2024-02-28 14:06:59,914 WARNING:biomolecule.py:157:num_missing_heavy:Missing atom CE in residue LYS B 246
2024-02-28 14:06:59,914 WARNING:biomolecule.py:157:num_missing_heavy:Missing atom NZ in residue LYS B 246
2024-02-28 14:06:59,915 WARNING:biomolecule.py:157:num_missing_heavy:Missing atom CG in residue GLU B 333
2024-02-28 14:06:59,915 WARNING:biomolecule.py:157:num_missing_heavy:Missing atom CD in residue GLU B 333
2024-02-28 14:06:59,915 WARNING:biomolecule.py:157:num_missing_heavy:Missing atom OE1 in residue GLU B 333
2024-02-28 14:06:59,916 WARNING:biomolecule.py:157:num_missing_heavy:Missing atom OE2 in residue GLU B 333
2024-02-28 14:06:59,916 WARNING:biomolecule.py:157:num_missing_heavy:Missing atom CG in residue GLN A 22
2024-02-28 14:06:59,916 WARNING:biomolecule.py:157:num_missing_heavy:Missing atom CD in residue GLN A 22
2024-02-28 14:06:59,916 WARNING:biomolecule.py:157:num_missing_heavy:Missing atom OE1 in residue GLN A 22
2024-02-28 14:06:59,917 WARNING:biomolecule.py:157:num_missing_heavy:Missing atom NE2 in residue GLN A 22
2024-02-28 14:06:59,917 WARNING:biomolecule.py:157:num_missing_heavy:Missing atom CG in residue LYS A 24
2024-02-28 14:06:59,917 WARNING:biomolecule.py:157:num_missing_heavy:Missing atom CD in residue LYS A 24
2024-02-28 14:06:59,917 WARNING:biomolecule.py:157:num_missing_heavy:Missing atom CE in residue LYS A 24
2024-02-28 14:06:59,918 WARNING:biomolecule.py:157:num_missing_heavy:Missing atom NZ in residue LYS A 24
2024-02-28 14:06:59,918 WARNING:biomolecule.py:157:num_missing_heavy:Missing atom CG in residue LYS A 37
2024-02-28 14:06:59,918 WARNING:biomolecule.py:157:num_missing_heavy:Missing atom CD in residue LYS A 37
2024-02-28 14:06:59,919 WARNING:biomolecule.py:157:num_missing_heavy:Missing atom CE in residue LYS A 37
2024-02-28 14:06:59,919 WARNING:biomolecule.py:157:num_missing_heavy:Missing atom NZ in residue LYS A 37
2024-02-28 14:06:59,919 WARNING:biomolecule.py:157:num_missing_heavy:Missing atom CG in residue LYS A 99
2024-02-28 14:06:59,919 WARNING:biomolecule.py:157:num_missing_heavy:Missing atom CD in residue LYS A 99
2024-02-28 14:06:59,919 WARNING:biomolecule.py:157:num_missing_heavy:Missing atom CE in residue LYS A 99
2024-02-28 14:06:59,920 WARNING:biomolecule.py:157:num_missing_heavy:Missing atom NZ in residue LYS A 99
2024-02-28 14:06:59,920 WARNING:biomolecule.py:157:num_missing_heavy:Missing atom CG in residue LYS A 126
2024-02-28 14:06:59,920 WARNING:biomolecule.py:157:num_missing_heavy:Missing atom CD in residue LYS A 126
2024-02-28 14:06:59,921 WARNING:biomolecule.py:157:num_missing_heavy:Missing atom CE in residue LYS A 126
2024-02-28 14:06:59,921 WARNING:biomolecule.py:157:num_missing_heavy:Missing atom NZ in residue LYS A 126
2024-02-28 14:06:59,921 WARNING:biomolecule.py:157:num_missing_heavy:Missing atom CG in residue LYS A 207
2024-02-28 14:06:59,921 WARNING:biomolecule.py:157:num_missing_heavy:Missing atom CD in residue LYS A 207
2024-02-28 14:06:59,921 WARNING:biomolecule.py:157:num_missing_heavy:Missing atom CE in residue LYS A 207
2024-02-28 14:06:59,922 WARNING:biomolecule.py:157:num_missing_heavy:Missing atom NZ in residue LYS A 207
2024-02-28 14:06:59,922 WARNING:biomolecule.py:157:num_missing_heavy:Missing atom CG in residue LYS A 246
2024-02-28 14:06:59,922 WARNING:biomolecule.py:157:num_missing_heavy:Missing atom CD in residue LYS A 246
2024-02-28 14:06:59,922 WARNING:biomolecule.py:157:num_missing_heavy:Missing atom CE in residue LYS A 246
2024-02-28 14:06:59,922 WARNING:biomolecule.py:157:num_missing_heavy:Missing atom NZ in residue LYS A 246
2024-02-28 14:06:59,923 WARNING:biomolecule.py:157:num_missing_heavy:Missing atom CG in residue ASN A 279
2024-02-28 14:06:59,923 WARNING:biomolecule.py:157:num_missing_heavy:Missing atom OD1 in residue ASN A 279
2024-02-28 14:06:59,923 WARNING:biomolecule.py:157:num_missing_heavy:Missing atom ND2 in residue ASN A 279
2024-02-28 14:06:59,924 WARNING:biomolecule.py:157:num_missing_heavy:Missing atom CG in residue LYS B 50
2024-02-28 14:06:59,924 WARNING:biomolecule.py:157:num_missing_heavy:Missing atom CD in residue LYS B 50
2024-02-28 14:06:59,924 WARNING:biomolecule.py:157:num_missing_heavy:Missing atom CE in residue LYS B 50
2024-02-28 14:06:59,924 WARNING:biomolecule.py:157:num_missing_heavy:Missing atom NZ in residue LYS B 50
2024-02-28 14:06:59,925 WARNING:biomolecule.py:157:num_missing_heavy:Missing atom CG in residue LYS B 126
2024-02-28 14:06:59,925 WARNING:biomolecule.py:157:num_missing_heavy:Missing atom CD in residue LYS B 126
2024-02-28 14:06:59,925 WARNING:biomolecule.py:157:num_missing_heavy:Missing atom CE in residue LYS B 126
2024-02-28 14:06:59,925 WARNING:biomolecule.py:157:num_missing_heavy:Missing atom NZ in residue LYS B 126
2024-02-28 14:06:59,926 WARNING:biomolecule.py:157:num_missing_heavy:Missing atom CG in residue LYS B 207
2024-02-28 14:06:59,926 WARNING:biomolecule.py:157:num_missing_heavy:Missing atom CD in residue LYS B 207
2024-02-28 14:06:59,926 WARNING:biomolecule.py:157:num_missing_heavy:Missing atom CE in residue LYS B 207
2024-02-28 14:06:59,927 WARNING:biomolecule.py:157:num_missing_heavy:Missing atom NZ in residue LYS B 207
2024-02-28 14:06:59,927 WARNING:biomolecule.py:157:num_missing_heavy:Missing atom CG in residue LYS B 246
2024-02-28 14:06:59,927 WARNING:biomolecule.py:157:num_missing_heavy:Missing atom CD in residue LYS B 246
2024-02-28 14:06:59,927 WARNING:biomolecule.py:157:num_missing_heavy:Missing atom CE in residue LYS B 246
2024-02-28 14:06:59,928 WARNING:biomolecule.py:157:num_missing_heavy:Missing atom NZ in residue LYS B 246
2024-02-28 14:06:59,928 WARNING:biomolecule.py:157:num_missing_heavy:Missing atom CG in residue GLU B 333
2024-02-28 14:06:59,928 WARNING:biomolecule.py:157:num_missing_heavy:Missing atom CD in residue GLU B 333
2024-02-28 14:06:59,929 WARNING:biomolecule.py:157:num_missing_heavy:Missing atom OE1 in residue GLU B 333
2024-02-28 14:06:59,929 WARNING:biomolecule.py:157:num_missing_heavy:Missing atom OE2 in residue GLU B 333
2024-02-28 14:07:01,573 WARNING:main.py:311:print_pqr:Ignoring 2230 header lines in output.
2024-02-28 14:07:01,573 WARNING:main.py:315:print_pqr:Ignoring 44 missing lines in output.
