2024-02-28 14:07:17,972 WARNING:biomolecule.py:992:create_residue:Unable to find amino or nucleic acid definition for BTN.  Parsing as new residue.
2024-02-28 14:07:17,985 WARNING:biomolecule.py:992:create_residue:Unable to find amino or nucleic acid definition for BTN.  Parsing as new residue.
2024-02-28 14:07:17,985 WARNING:biomolecule.py:992:create_residue:Unable to find amino or nucleic acid definition for BTN.  Parsing as new residue.
2024-02-28 14:07:17,986 WARNING:biomolecule.py:992:create_residue:Unable to find amino or nucleic acid definition for BTN.  Parsing as new residue.
2024-02-28 14:07:18,027 WARNING:biomolecule.py:615:update_bonds:Gap in backbone detected between LYS A 132 and GLY A 16!
2024-02-28 14:07:18,028 WARNING:biomolecule.py:615:update_bonds:Gap in backbone detected between LYS B 132 and GLY B 16!
2024-02-28 14:07:18,038 WARNING:biomolecule.py:615:update_bonds:Gap in backbone detected between VAL D 133 and GLY D 16!
2024-02-28 14:07:18,494 WARNING:biomolecule.py:157:num_missing_heavy:Missing atom OXT in residue ALA A 46
2024-02-28 14:07:18,495 WARNING:biomolecule.py:157:num_missing_heavy:Missing atom OXT in residue ALA B 46
2024-02-28 14:07:18,495 WARNING:biomolecule.py:157:num_missing_heavy:Missing atom OXT in residue ALA C 46
2024-02-28 14:07:18,496 WARNING:biomolecule.py:157:num_missing_heavy:Missing atom OXT in residue SER D 45
2024-02-28 14:07:18,496 WARNING:biomolecule.py:157:num_missing_heavy:Missing atom OXT in residue ALA A 46
2024-02-28 14:07:18,497 WARNING:biomolecule.py:157:num_missing_heavy:Missing atom OXT in residue ALA B 46
2024-02-28 14:07:18,505 WARNING:biomolecule.py:157:num_missing_heavy:Missing atom OXT in residue ALA C 46
2024-02-28 14:07:18,506 WARNING:biomolecule.py:157:num_missing_heavy:Missing atom OXT in residue SER D 45
2024-02-28 14:07:18,506 WARNING:biomolecule.py:157:num_missing_heavy:Missing atom OXT in residue ALA A 46
2024-02-28 14:07:18,507 WARNING:biomolecule.py:157:num_missing_heavy:Missing atom OXT in residue ALA B 46
2024-02-28 14:07:18,507 WARNING:biomolecule.py:157:num_missing_heavy:Missing atom OXT in residue ALA C 46
2024-02-28 14:07:18,508 WARNING:biomolecule.py:157:num_missing_heavy:Missing atom OXT in residue SER D 45
2024-02-28 14:07:23,345 WARNING:main.py:311:print_pqr:Ignoring 2887 header lines in output.
2024-02-28 14:07:23,345 WARNING:main.py:315:print_pqr:Ignoring 64 missing lines in output.
