2024-02-28 14:07:17,844 WARNING:biomolecule.py:992:create_residue:Unable to find amino or nucleic acid definition for CL.  Parsing as new residue.
2024-02-28 14:07:17,865 WARNING:biomolecule.py:992:create_residue:Unable to find amino or nucleic acid definition for MTX.  Parsing as new residue.
2024-02-28 14:07:17,865 WARNING:biomolecule.py:992:create_residue:Unable to find amino or nucleic acid definition for CL.  Parsing as new residue.
2024-02-28 14:07:17,865 WARNING:biomolecule.py:992:create_residue:Unable to find amino or nucleic acid definition for CA.  Parsing as new residue.
2024-02-28 14:07:17,866 WARNING:biomolecule.py:992:create_residue:Unable to find amino or nucleic acid definition for MTX.  Parsing as new residue.
2024-02-28 14:07:17,913 WARNING:biomolecule.py:157:num_missing_heavy:Missing atom CB in residue PRO A 66
2024-02-28 14:07:17,913 WARNING:biomolecule.py:157:num_missing_heavy:Missing atom CG in residue PRO A 66
2024-02-28 14:07:17,913 WARNING:biomolecule.py:157:num_missing_heavy:Missing atom CD in residue PRO A 66
2024-02-28 14:07:17,913 WARNING:biomolecule.py:157:num_missing_heavy:Missing atom OG1 in residue THR A 68
2024-02-28 14:07:17,913 WARNING:biomolecule.py:157:num_missing_heavy:Missing atom CG2 in residue THR A 68
2024-02-28 14:07:17,913 WARNING:biomolecule.py:157:num_missing_heavy:Missing atom CG in residue LYS A 76
2024-02-28 14:07:17,913 WARNING:biomolecule.py:157:num_missing_heavy:Missing atom CD in residue LYS A 76
2024-02-28 14:07:17,913 WARNING:biomolecule.py:157:num_missing_heavy:Missing atom CE in residue LYS A 76
2024-02-28 14:07:17,913 WARNING:biomolecule.py:157:num_missing_heavy:Missing atom NZ in residue LYS A 76
2024-02-28 14:07:17,913 WARNING:biomolecule.py:157:num_missing_heavy:Missing atom CE in residue LYS A 106
2024-02-28 14:07:17,913 WARNING:biomolecule.py:157:num_missing_heavy:Missing atom NZ in residue LYS A 106
2024-02-28 14:07:17,913 WARNING:biomolecule.py:157:num_missing_heavy:Missing atom CD in residue GLU A 129
2024-02-28 14:07:17,913 WARNING:biomolecule.py:157:num_missing_heavy:Missing atom OE1 in residue GLU A 129
2024-02-28 14:07:17,913 WARNING:biomolecule.py:157:num_missing_heavy:Missing atom OE2 in residue GLU A 129
2024-02-28 14:07:17,913 WARNING:biomolecule.py:157:num_missing_heavy:Missing atom CG in residue ASP A 131
2024-02-28 14:07:17,913 WARNING:biomolecule.py:157:num_missing_heavy:Missing atom OD1 in residue ASP A 131
2024-02-28 14:07:17,913 WARNING:biomolecule.py:157:num_missing_heavy:Missing atom OD2 in residue ASP A 131
2024-02-28 14:07:17,914 WARNING:biomolecule.py:157:num_missing_heavy:Missing atom CD in residue ARG A 159
2024-02-28 14:07:17,914 WARNING:biomolecule.py:157:num_missing_heavy:Missing atom NE in residue ARG A 159
2024-02-28 14:07:17,914 WARNING:biomolecule.py:157:num_missing_heavy:Missing atom CZ in residue ARG A 159
2024-02-28 14:07:17,914 WARNING:biomolecule.py:157:num_missing_heavy:Missing atom NH1 in residue ARG A 159
2024-02-28 14:07:17,914 WARNING:biomolecule.py:157:num_missing_heavy:Missing atom NH2 in residue ARG A 159
2024-02-28 14:07:17,914 WARNING:biomolecule.py:157:num_missing_heavy:Missing atom CD in residue GLU B 129
2024-02-28 14:07:17,914 WARNING:biomolecule.py:157:num_missing_heavy:Missing atom OE1 in residue GLU B 129
2024-02-28 14:07:17,914 WARNING:biomolecule.py:157:num_missing_heavy:Missing atom OE2 in residue GLU B 129
2024-02-28 14:07:17,914 WARNING:biomolecule.py:157:num_missing_heavy:Missing atom CG in residue ASP B 131
2024-02-28 14:07:17,914 WARNING:biomolecule.py:157:num_missing_heavy:Missing atom OD1 in residue ASP B 131
2024-02-28 14:07:17,914 WARNING:biomolecule.py:157:num_missing_heavy:Missing atom OD2 in residue ASP B 131
2024-02-28 14:07:17,915 WARNING:biomolecule.py:157:num_missing_heavy:Missing atom CB in residue PRO A 66
2024-02-28 14:07:17,915 WARNING:biomolecule.py:157:num_missing_heavy:Missing atom CG in residue PRO A 66
2024-02-28 14:07:17,915 WARNING:biomolecule.py:157:num_missing_heavy:Missing atom CD in residue PRO A 66
2024-02-28 14:07:17,915 WARNING:biomolecule.py:157:num_missing_heavy:Missing atom OG1 in residue THR A 68
2024-02-28 14:07:17,915 WARNING:biomolecule.py:157:num_missing_heavy:Missing atom CG2 in residue THR A 68
2024-02-28 14:07:17,915 WARNING:biomolecule.py:157:num_missing_heavy:Missing atom CG in residue LYS A 76
2024-02-28 14:07:17,915 WARNING:biomolecule.py:157:num_missing_heavy:Missing atom CD in residue LYS A 76
2024-02-28 14:07:17,915 WARNING:biomolecule.py:157:num_missing_heavy:Missing atom CE in residue LYS A 76
2024-02-28 14:07:17,915 WARNING:biomolecule.py:157:num_missing_heavy:Missing atom NZ in residue LYS A 76
2024-02-28 14:07:17,915 WARNING:biomolecule.py:157:num_missing_heavy:Missing atom CE in residue LYS A 106
2024-02-28 14:07:17,915 WARNING:biomolecule.py:157:num_missing_heavy:Missing atom NZ in residue LYS A 106
2024-02-28 14:07:17,915 WARNING:biomolecule.py:157:num_missing_heavy:Missing atom CD in residue GLU A 129
2024-02-28 14:07:17,916 WARNING:biomolecule.py:157:num_missing_heavy:Missing atom OE1 in residue GLU A 129
2024-02-28 14:07:17,916 WARNING:biomolecule.py:157:num_missing_heavy:Missing atom OE2 in residue GLU A 129
2024-02-28 14:07:17,916 WARNING:biomolecule.py:157:num_missing_heavy:Missing atom CG in residue ASP A 131
2024-02-28 14:07:17,916 WARNING:biomolecule.py:157:num_missing_heavy:Missing atom OD1 in residue ASP A 131
2024-02-28 14:07:17,916 WARNING:biomolecule.py:157:num_missing_heavy:Missing atom OD2 in residue ASP A 131
2024-02-28 14:07:17,916 WARNING:biomolecule.py:157:num_missing_heavy:Missing atom CD in residue ARG A 159
2024-02-28 14:07:17,916 WARNING:biomolecule.py:157:num_missing_heavy:Missing atom NE in residue ARG A 159
2024-02-28 14:07:17,916 WARNING:biomolecule.py:157:num_missing_heavy:Missing atom CZ in residue ARG A 159
2024-02-28 14:07:17,916 WARNING:biomolecule.py:157:num_missing_heavy:Missing atom NH1 in residue ARG A 159
2024-02-28 14:07:17,916 WARNING:biomolecule.py:157:num_missing_heavy:Missing atom NH2 in residue ARG A 159
2024-02-28 14:07:17,916 WARNING:biomolecule.py:157:num_missing_heavy:Missing atom CD in residue GLU B 129
2024-02-28 14:07:17,916 WARNING:biomolecule.py:157:num_missing_heavy:Missing atom OE1 in residue GLU B 129
2024-02-28 14:07:17,916 WARNING:biomolecule.py:157:num_missing_heavy:Missing atom OE2 in residue GLU B 129
2024-02-28 14:07:17,917 WARNING:biomolecule.py:157:num_missing_heavy:Missing atom CG in residue ASP B 131
2024-02-28 14:07:17,917 WARNING:biomolecule.py:157:num_missing_heavy:Missing atom OD1 in residue ASP B 131
2024-02-28 14:07:17,917 WARNING:biomolecule.py:157:num_missing_heavy:Missing atom OD2 in residue ASP B 131
2024-02-28 14:07:17,917 WARNING:biomolecule.py:157:num_missing_heavy:Missing atom CB in residue PRO A 66
2024-02-28 14:07:18,292 WARNING:biomolecule.py:157:num_missing_heavy:Missing atom CG in residue PRO A 66
2024-02-28 14:07:18,836 WARNING:biomolecule.py:157:num_missing_heavy:Missing atom CD in residue PRO A 66
2024-02-28 14:07:18,836 WARNING:biomolecule.py:157:num_missing_heavy:Missing atom OG1 in residue THR A 68
2024-02-28 14:07:19,102 WARNING:biomolecule.py:157:num_missing_heavy:Missing atom CG2 in residue THR A 68
2024-02-28 14:07:19,102 WARNING:biomolecule.py:157:num_missing_heavy:Missing atom CG in residue LYS A 76
2024-02-28 14:07:19,102 WARNING:biomolecule.py:157:num_missing_heavy:Missing atom CD in residue LYS A 76
2024-02-28 14:07:19,102 WARNING:biomolecule.py:157:num_missing_heavy:Missing atom CE in residue LYS A 76
2024-02-28 14:07:19,102 WARNING:biomolecule.py:157:num_missing_heavy:Missing atom NZ in residue LYS A 76
2024-02-28 14:07:19,103 WARNING:biomolecule.py:157:num_missing_heavy:Missing atom CE in residue LYS A 106
2024-02-28 14:07:19,103 WARNING:biomolecule.py:157:num_missing_heavy:Missing atom NZ in residue LYS A 106
2024-02-28 14:07:19,103 WARNING:biomolecule.py:157:num_missing_heavy:Missing atom CD in residue GLU A 129
2024-02-28 14:07:19,103 WARNING:biomolecule.py:157:num_missing_heavy:Missing atom OE1 in residue GLU A 129
2024-02-28 14:07:19,103 WARNING:biomolecule.py:157:num_missing_heavy:Missing atom OE2 in residue GLU A 129
2024-02-28 14:07:19,103 WARNING:biomolecule.py:157:num_missing_heavy:Missing atom CG in residue ASP A 131
2024-02-28 14:07:19,103 WARNING:biomolecule.py:157:num_missing_heavy:Missing atom OD1 in residue ASP A 131
2024-02-28 14:07:19,103 WARNING:biomolecule.py:157:num_missing_heavy:Missing atom OD2 in residue ASP A 131
2024-02-28 14:07:19,103 WARNING:biomolecule.py:157:num_missing_heavy:Missing atom CD in residue ARG A 159
2024-02-28 14:07:19,103 WARNING:biomolecule.py:157:num_missing_heavy:Missing atom NE in residue ARG A 159
2024-02-28 14:07:19,103 WARNING:biomolecule.py:157:num_missing_heavy:Missing atom CZ in residue ARG A 159
2024-02-28 14:07:19,103 WARNING:biomolecule.py:157:num_missing_heavy:Missing atom NH1 in residue ARG A 159
2024-02-28 14:07:19,103 WARNING:biomolecule.py:157:num_missing_heavy:Missing atom NH2 in residue ARG A 159
2024-02-28 14:07:19,104 WARNING:biomolecule.py:157:num_missing_heavy:Missing atom CD in residue GLU B 129
2024-02-28 14:07:19,104 WARNING:biomolecule.py:157:num_missing_heavy:Missing atom OE1 in residue GLU B 129
2024-02-28 14:07:19,104 WARNING:biomolecule.py:157:num_missing_heavy:Missing atom OE2 in residue GLU B 129
2024-02-28 14:07:19,104 WARNING:biomolecule.py:157:num_missing_heavy:Missing atom CG in residue ASP B 131
2024-02-28 14:07:19,104 WARNING:biomolecule.py:157:num_missing_heavy:Missing atom OD1 in residue ASP B 131
2024-02-28 14:07:19,104 WARNING:biomolecule.py:157:num_missing_heavy:Missing atom OD2 in residue ASP B 131
2024-02-28 14:07:22,733 WARNING:main.py:311:print_pqr:Ignoring 3054 header lines in output.
2024-02-28 14:07:22,734 WARNING:main.py:315:print_pqr:Ignoring 69 missing lines in output.
