2024-02-28 14:07:17,593 WARNING:biomolecule.py:992:create_residue:Unable to find amino or nucleic acid definition for KAI.  Parsing as new residue.
2024-02-28 14:07:17,722 WARNING:biomolecule.py:157:num_missing_heavy:Missing atom CB in residue LYS A 4
2024-02-28 14:07:17,723 WARNING:biomolecule.py:157:num_missing_heavy:Missing atom CG in residue LYS A 4
2024-02-28 14:07:17,723 WARNING:biomolecule.py:157:num_missing_heavy:Missing atom CD in residue LYS A 4
2024-02-28 14:07:17,723 WARNING:biomolecule.py:157:num_missing_heavy:Missing atom CE in residue LYS A 4
2024-02-28 14:07:17,723 WARNING:biomolecule.py:157:num_missing_heavy:Missing atom NZ in residue LYS A 4
2024-02-28 14:07:17,723 WARNING:biomolecule.py:157:num_missing_heavy:Missing atom CG in residue LYS A 21
2024-02-28 14:07:17,723 WARNING:biomolecule.py:157:num_missing_heavy:Missing atom CD in residue LYS A 21
2024-02-28 14:07:17,723 WARNING:biomolecule.py:157:num_missing_heavy:Missing atom CE in residue LYS A 21
2024-02-28 14:07:17,723 WARNING:biomolecule.py:157:num_missing_heavy:Missing atom NZ in residue LYS A 21
2024-02-28 14:07:17,723 WARNING:biomolecule.py:157:num_missing_heavy:Missing atom CG in residue GLU A 24
2024-02-28 14:07:17,723 WARNING:biomolecule.py:157:num_missing_heavy:Missing atom CD in residue GLU A 24
2024-02-28 14:07:17,723 WARNING:biomolecule.py:157:num_missing_heavy:Missing atom OE1 in residue GLU A 24
2024-02-28 14:07:17,723 WARNING:biomolecule.py:157:num_missing_heavy:Missing atom OE2 in residue GLU A 24
2024-02-28 14:07:17,723 WARNING:biomolecule.py:157:num_missing_heavy:Missing atom CG in residue GLU A 30
2024-02-28 14:07:17,723 WARNING:biomolecule.py:157:num_missing_heavy:Missing atom CD in residue GLU A 30
2024-02-28 14:07:17,723 WARNING:biomolecule.py:157:num_missing_heavy:Missing atom OE1 in residue GLU A 30
2024-02-28 14:07:17,723 WARNING:biomolecule.py:157:num_missing_heavy:Missing atom OE2 in residue GLU A 30
2024-02-28 14:07:17,723 WARNING:biomolecule.py:157:num_missing_heavy:Missing atom CG in residue LYS A 45
2024-02-28 14:07:17,723 WARNING:biomolecule.py:157:num_missing_heavy:Missing atom CD in residue LYS A 45
2024-02-28 14:07:17,723 WARNING:biomolecule.py:157:num_missing_heavy:Missing atom CE in residue LYS A 45
2024-02-28 14:07:17,723 WARNING:biomolecule.py:157:num_missing_heavy:Missing atom NZ in residue LYS A 45
2024-02-28 14:07:17,723 WARNING:biomolecule.py:157:num_missing_heavy:Missing atom CG in residue LYS A 50
2024-02-28 14:07:17,724 WARNING:biomolecule.py:157:num_missing_heavy:Missing atom CD in residue LYS A 50
2024-02-28 14:07:17,724 WARNING:biomolecule.py:157:num_missing_heavy:Missing atom CE in residue LYS A 50
2024-02-28 14:07:17,724 WARNING:biomolecule.py:157:num_missing_heavy:Missing atom NZ in residue LYS A 50
2024-02-28 14:07:17,724 WARNING:biomolecule.py:157:num_missing_heavy:Missing atom CG in residue LYS A 52
2024-02-28 14:07:17,724 WARNING:biomolecule.py:157:num_missing_heavy:Missing atom CD in residue LYS A 52
2024-02-28 14:07:17,724 WARNING:biomolecule.py:157:num_missing_heavy:Missing atom CE in residue LYS A 52
2024-02-28 14:07:17,724 WARNING:biomolecule.py:157:num_missing_heavy:Missing atom NZ in residue LYS A 52
2024-02-28 14:07:17,724 WARNING:biomolecule.py:157:num_missing_heavy:Missing atom CB in residue ALA A 66
2024-02-28 14:07:17,724 WARNING:biomolecule.py:157:num_missing_heavy:Missing atom CB in residue ASP A 67
2024-02-28 14:07:17,724 WARNING:biomolecule.py:157:num_missing_heavy:Missing atom CG in residue ASP A 67
2024-02-28 14:07:17,724 WARNING:biomolecule.py:157:num_missing_heavy:Missing atom OD1 in residue ASP A 67
2024-02-28 14:07:17,724 WARNING:biomolecule.py:157:num_missing_heavy:Missing atom OD2 in residue ASP A 67
2024-02-28 14:07:17,724 WARNING:biomolecule.py:157:num_missing_heavy:Missing atom CG in residue LYS A 69
2024-02-28 14:07:17,724 WARNING:biomolecule.py:157:num_missing_heavy:Missing atom CD in residue LYS A 69
2024-02-28 14:07:17,724 WARNING:biomolecule.py:157:num_missing_heavy:Missing atom CE in residue LYS A 69
2024-02-28 14:07:17,724 WARNING:biomolecule.py:157:num_missing_heavy:Missing atom NZ in residue LYS A 69
2024-02-28 14:07:17,724 WARNING:biomolecule.py:157:num_missing_heavy:Missing atom CG in residue LYS A 82
2024-02-28 14:07:17,724 WARNING:biomolecule.py:157:num_missing_heavy:Missing atom CD in residue LYS A 82
2024-02-28 14:07:17,724 WARNING:biomolecule.py:157:num_missing_heavy:Missing atom CE in residue LYS A 82
2024-02-28 14:07:17,724 WARNING:biomolecule.py:157:num_missing_heavy:Missing atom NZ in residue LYS A 82
2024-02-28 14:07:17,725 WARNING:biomolecule.py:157:num_missing_heavy:Missing atom CG in residue GLU A 122
2024-02-28 14:07:17,725 WARNING:biomolecule.py:157:num_missing_heavy:Missing atom CD in residue GLU A 122
2024-02-28 14:07:17,725 WARNING:biomolecule.py:157:num_missing_heavy:Missing atom OE1 in residue GLU A 122
2024-02-28 14:07:17,725 WARNING:biomolecule.py:157:num_missing_heavy:Missing atom OE2 in residue GLU A 122
2024-02-28 14:07:17,725 WARNING:biomolecule.py:157:num_missing_heavy:Missing atom CG in residue GLU A 125
2024-02-28 14:07:17,725 WARNING:biomolecule.py:157:num_missing_heavy:Missing atom CD in residue GLU A 125
2024-02-28 14:07:17,725 WARNING:biomolecule.py:157:num_missing_heavy:Missing atom OE1 in residue GLU A 125
2024-02-28 14:07:17,725 WARNING:biomolecule.py:157:num_missing_heavy:Missing atom OE2 in residue GLU A 125
2024-02-28 14:07:17,725 WARNING:biomolecule.py:157:num_missing_heavy:Missing atom CB in residue THR A 131
2024-02-28 14:07:17,725 WARNING:biomolecule.py:157:num_missing_heavy:Missing atom OG1 in residue THR A 131
2024-02-28 14:07:17,725 WARNING:biomolecule.py:157:num_missing_heavy:Missing atom CG2 in residue THR A 131
2024-02-28 14:07:17,725 WARNING:biomolecule.py:157:num_missing_heavy:Missing atom CG in residue GLU A 132
2024-02-28 14:07:17,725 WARNING:biomolecule.py:157:num_missing_heavy:Missing atom CD in residue GLU A 132
2024-02-28 14:07:17,725 WARNING:biomolecule.py:157:num_missing_heavy:Missing atom OE1 in residue GLU A 132
2024-02-28 14:07:17,725 WARNING:biomolecule.py:157:num_missing_heavy:Missing atom OE2 in residue GLU A 132
2024-02-28 14:07:17,725 WARNING:biomolecule.py:157:num_missing_heavy:Missing atom CG in residue LYS A 151
2024-02-28 14:07:17,725 WARNING:biomolecule.py:157:num_missing_heavy:Missing atom CD in residue LYS A 151
2024-02-28 14:07:17,725 WARNING:biomolecule.py:157:num_missing_heavy:Missing atom CE in residue LYS A 151
2024-02-28 14:07:17,725 WARNING:biomolecule.py:157:num_missing_heavy:Missing atom NZ in residue LYS A 151
2024-02-28 14:07:17,725 WARNING:biomolecule.py:157:num_missing_heavy:Missing atom CB in residue ILE A 152
2024-02-28 14:07:17,725 WARNING:biomolecule.py:157:num_missing_heavy:Missing atom CG1 in residue ILE A 152
2024-02-28 14:07:17,725 WARNING:biomolecule.py:157:num_missing_heavy:Missing atom CG2 in residue ILE A 152
2024-02-28 14:07:17,725 WARNING:biomolecule.py:157:num_missing_heavy:Missing atom CD1 in residue ILE A 152
2024-02-28 14:07:17,725 WARNING:biomolecule.py:157:num_missing_heavy:Missing atom CB in residue ALA A 153
2024-02-28 14:07:17,726 WARNING:biomolecule.py:157:num_missing_heavy:Missing atom CG in residue ASP A 156
2024-02-28 14:07:17,726 WARNING:biomolecule.py:157:num_missing_heavy:Missing atom OD1 in residue ASP A 156
2024-02-28 14:07:17,726 WARNING:biomolecule.py:157:num_missing_heavy:Missing atom OD2 in residue ASP A 156
2024-02-28 14:07:17,726 WARNING:biomolecule.py:157:num_missing_heavy:Missing atom CG in residue LYS A 157
2024-02-28 14:07:17,726 WARNING:biomolecule.py:157:num_missing_heavy:Missing atom CD in residue LYS A 157
2024-02-28 14:07:17,726 WARNING:biomolecule.py:157:num_missing_heavy:Missing atom CE in residue LYS A 157
2024-02-28 14:07:17,726 WARNING:biomolecule.py:157:num_missing_heavy:Missing atom NZ in residue LYS A 157
2024-02-28 14:07:17,726 WARNING:biomolecule.py:157:num_missing_heavy:Missing atom CG in residue ARG A 163
2024-02-28 14:07:17,726 WARNING:biomolecule.py:157:num_missing_heavy:Missing atom CD in residue ARG A 163
2024-02-28 14:07:17,726 WARNING:biomolecule.py:157:num_missing_heavy:Missing atom NE in residue ARG A 163
2024-02-28 14:07:17,726 WARNING:biomolecule.py:157:num_missing_heavy:Missing atom CZ in residue ARG A 163
2024-02-28 14:07:17,726 WARNING:biomolecule.py:157:num_missing_heavy:Missing atom NH1 in residue ARG A 163
2024-02-28 14:07:17,726 WARNING:biomolecule.py:157:num_missing_heavy:Missing atom NH2 in residue ARG A 163
2024-02-28 14:07:17,726 WARNING:biomolecule.py:157:num_missing_heavy:Missing atom CG in residue LYS A 183
2024-02-28 14:07:17,726 WARNING:biomolecule.py:157:num_missing_heavy:Missing atom CD in residue LYS A 183
2024-02-28 14:07:17,726 WARNING:biomolecule.py:157:num_missing_heavy:Missing atom CE in residue LYS A 183
2024-02-28 14:07:17,726 WARNING:biomolecule.py:157:num_missing_heavy:Missing atom NZ in residue LYS A 183
2024-02-28 14:07:17,726 WARNING:biomolecule.py:157:num_missing_heavy:Missing atom CB in residue LYS A 185
2024-02-28 14:07:17,726 WARNING:biomolecule.py:157:num_missing_heavy:Missing atom CG in residue LYS A 185
2024-02-28 14:07:17,726 WARNING:biomolecule.py:157:num_missing_heavy:Missing atom CD in residue LYS A 185
2024-02-28 14:07:17,726 WARNING:biomolecule.py:157:num_missing_heavy:Missing atom CE in residue LYS A 185
2024-02-28 14:07:17,726 WARNING:biomolecule.py:157:num_missing_heavy:Missing atom NZ in residue LYS A 185
2024-02-28 14:07:17,727 WARNING:biomolecule.py:157:num_missing_heavy:Missing atom CG in residue LEU A 230
2024-02-28 14:07:17,727 WARNING:biomolecule.py:157:num_missing_heavy:Missing atom CD1 in residue LEU A 230
2024-02-28 14:07:17,727 WARNING:biomolecule.py:157:num_missing_heavy:Missing atom CD2 in residue LEU A 230
2024-02-28 14:07:17,727 WARNING:biomolecule.py:157:num_missing_heavy:Missing atom CB in residue LEU A 246
2024-02-28 14:07:17,727 WARNING:biomolecule.py:157:num_missing_heavy:Missing atom CG in residue LEU A 246
2024-02-28 14:07:17,727 WARNING:biomolecule.py:157:num_missing_heavy:Missing atom CD1 in residue LEU A 246
2024-02-28 14:07:17,727 WARNING:biomolecule.py:157:num_missing_heavy:Missing atom CD2 in residue LEU A 246
2024-02-28 14:07:17,727 WARNING:biomolecule.py:157:num_missing_heavy:Missing atom CB in residue LYS A 258
2024-02-28 14:07:17,727 WARNING:biomolecule.py:157:num_missing_heavy:Missing atom CG in residue LYS A 258
2024-02-28 14:07:17,727 WARNING:biomolecule.py:157:num_missing_heavy:Missing atom CD in residue LYS A 258
2024-02-28 14:07:17,727 WARNING:biomolecule.py:157:num_missing_heavy:Missing atom CE in residue LYS A 258
2024-02-28 14:07:17,727 WARNING:biomolecule.py:157:num_missing_heavy:Missing atom NZ in residue LYS A 258
2024-02-28 14:07:17,727 WARNING:biomolecule.py:157:num_missing_heavy:Missing atom OXT in residue CYS A 261
2024-02-28 14:07:17,727 WARNING:biomolecule.py:157:num_missing_heavy:Missing atom CB in residue LYS A 4
2024-02-28 14:07:17,727 WARNING:biomolecule.py:157:num_missing_heavy:Missing atom CG in residue LYS A 4
2024-02-28 14:07:17,727 WARNING:biomolecule.py:157:num_missing_heavy:Missing atom CD in residue LYS A 4
2024-02-28 14:07:17,727 WARNING:biomolecule.py:157:num_missing_heavy:Missing atom CE in residue LYS A 4
2024-02-28 14:07:17,727 WARNING:biomolecule.py:157:num_missing_heavy:Missing atom NZ in residue LYS A 4
2024-02-28 14:07:17,727 WARNING:biomolecule.py:157:num_missing_heavy:Missing atom CG in residue LYS A 21
2024-02-28 14:07:17,727 WARNING:biomolecule.py:157:num_missing_heavy:Missing atom CD in residue LYS A 21
2024-02-28 14:07:17,728 WARNING:biomolecule.py:157:num_missing_heavy:Missing atom CE in residue LYS A 21
2024-02-28 14:07:17,728 WARNING:biomolecule.py:157:num_missing_heavy:Missing atom NZ in residue LYS A 21
2024-02-28 14:07:17,728 WARNING:biomolecule.py:157:num_missing_heavy:Missing atom CG in residue GLU A 24
2024-02-28 14:07:17,728 WARNING:biomolecule.py:157:num_missing_heavy:Missing atom CD in residue GLU A 24
2024-02-28 14:07:17,728 WARNING:biomolecule.py:157:num_missing_heavy:Missing atom OE1 in residue GLU A 24
2024-02-28 14:07:17,728 WARNING:biomolecule.py:157:num_missing_heavy:Missing atom OE2 in residue GLU A 24
2024-02-28 14:07:17,728 WARNING:biomolecule.py:157:num_missing_heavy:Missing atom CG in residue GLU A 30
2024-02-28 14:07:17,728 WARNING:biomolecule.py:157:num_missing_heavy:Missing atom CD in residue GLU A 30
2024-02-28 14:07:17,728 WARNING:biomolecule.py:157:num_missing_heavy:Missing atom OE1 in residue GLU A 30
2024-02-28 14:07:17,728 WARNING:biomolecule.py:157:num_missing_heavy:Missing atom OE2 in residue GLU A 30
2024-02-28 14:07:17,728 WARNING:biomolecule.py:157:num_missing_heavy:Missing atom CG in residue LYS A 45
2024-02-28 14:07:17,728 WARNING:biomolecule.py:157:num_missing_heavy:Missing atom CD in residue LYS A 45
2024-02-28 14:07:17,728 WARNING:biomolecule.py:157:num_missing_heavy:Missing atom CE in residue LYS A 45
2024-02-28 14:07:17,728 WARNING:biomolecule.py:157:num_missing_heavy:Missing atom NZ in residue LYS A 45
2024-02-28 14:07:17,728 WARNING:biomolecule.py:157:num_missing_heavy:Missing atom CG in residue LYS A 50
2024-02-28 14:07:17,728 WARNING:biomolecule.py:157:num_missing_heavy:Missing atom CD in residue LYS A 50
2024-02-28 14:07:17,728 WARNING:biomolecule.py:157:num_missing_heavy:Missing atom CE in residue LYS A 50
2024-02-28 14:07:17,728 WARNING:biomolecule.py:157:num_missing_heavy:Missing atom NZ in residue LYS A 50
2024-02-28 14:07:17,728 WARNING:biomolecule.py:157:num_missing_heavy:Missing atom CG in residue LYS A 52
2024-02-28 14:07:17,728 WARNING:biomolecule.py:157:num_missing_heavy:Missing atom CD in residue LYS A 52
2024-02-28 14:07:17,728 WARNING:biomolecule.py:157:num_missing_heavy:Missing atom CE in residue LYS A 52
2024-02-28 14:07:17,728 WARNING:biomolecule.py:157:num_missing_heavy:Missing atom NZ in residue LYS A 52
2024-02-28 14:07:17,728 WARNING:biomolecule.py:157:num_missing_heavy:Missing atom CB in residue ALA A 66
2024-02-28 14:07:17,728 WARNING:biomolecule.py:157:num_missing_heavy:Missing atom CB in residue ASP A 67
2024-02-28 14:07:17,729 WARNING:biomolecule.py:157:num_missing_heavy:Missing atom CG in residue ASP A 67
2024-02-28 14:07:17,729 WARNING:biomolecule.py:157:num_missing_heavy:Missing atom OD1 in residue ASP A 67
2024-02-28 14:07:17,729 WARNING:biomolecule.py:157:num_missing_heavy:Missing atom OD2 in residue ASP A 67
2024-02-28 14:07:17,729 WARNING:biomolecule.py:157:num_missing_heavy:Missing atom CG in residue LYS A 69
2024-02-28 14:07:17,729 WARNING:biomolecule.py:157:num_missing_heavy:Missing atom CD in residue LYS A 69
2024-02-28 14:07:17,729 WARNING:biomolecule.py:157:num_missing_heavy:Missing atom CE in residue LYS A 69
2024-02-28 14:07:17,729 WARNING:biomolecule.py:157:num_missing_heavy:Missing atom NZ in residue LYS A 69
2024-02-28 14:07:17,729 WARNING:biomolecule.py:157:num_missing_heavy:Missing atom CG in residue LYS A 82
2024-02-28 14:07:17,729 WARNING:biomolecule.py:157:num_missing_heavy:Missing atom CD in residue LYS A 82
2024-02-28 14:07:17,729 WARNING:biomolecule.py:157:num_missing_heavy:Missing atom CE in residue LYS A 82
2024-02-28 14:07:17,729 WARNING:biomolecule.py:157:num_missing_heavy:Missing atom NZ in residue LYS A 82
2024-02-28 14:07:17,773 WARNING:biomolecule.py:157:num_missing_heavy:Missing atom CG in residue GLU A 122
2024-02-28 14:07:18,145 WARNING:biomolecule.py:157:num_missing_heavy:Missing atom CD in residue GLU A 122
2024-02-28 14:07:18,145 WARNING:biomolecule.py:157:num_missing_heavy:Missing atom OE1 in residue GLU A 122
2024-02-28 14:07:18,145 WARNING:biomolecule.py:157:num_missing_heavy:Missing atom OE2 in residue GLU A 122
2024-02-28 14:07:18,145 WARNING:biomolecule.py:157:num_missing_heavy:Missing atom CG in residue GLU A 125
2024-02-28 14:07:18,145 WARNING:biomolecule.py:157:num_missing_heavy:Missing atom CD in residue GLU A 125
2024-02-28 14:07:18,145 WARNING:biomolecule.py:157:num_missing_heavy:Missing atom OE1 in residue GLU A 125
2024-02-28 14:07:18,145 WARNING:biomolecule.py:157:num_missing_heavy:Missing atom OE2 in residue GLU A 125
2024-02-28 14:07:18,146 WARNING:biomolecule.py:157:num_missing_heavy:Missing atom CB in residue THR A 131
2024-02-28 14:07:18,146 WARNING:biomolecule.py:157:num_missing_heavy:Missing atom OG1 in residue THR A 131
2024-02-28 14:07:18,146 WARNING:biomolecule.py:157:num_missing_heavy:Missing atom CG2 in residue THR A 131
2024-02-28 14:07:18,146 WARNING:biomolecule.py:157:num_missing_heavy:Missing atom CG in residue GLU A 132
2024-02-28 14:07:18,146 WARNING:biomolecule.py:157:num_missing_heavy:Missing atom CD in residue GLU A 132
2024-02-28 14:07:18,146 WARNING:biomolecule.py:157:num_missing_heavy:Missing atom OE1 in residue GLU A 132
2024-02-28 14:07:18,146 WARNING:biomolecule.py:157:num_missing_heavy:Missing atom OE2 in residue GLU A 132
2024-02-28 14:07:18,146 WARNING:biomolecule.py:157:num_missing_heavy:Missing atom CG in residue LYS A 151
2024-02-28 14:07:18,146 WARNING:biomolecule.py:157:num_missing_heavy:Missing atom CD in residue LYS A 151
2024-02-28 14:07:18,146 WARNING:biomolecule.py:157:num_missing_heavy:Missing atom CE in residue LYS A 151
2024-02-28 14:07:18,146 WARNING:biomolecule.py:157:num_missing_heavy:Missing atom NZ in residue LYS A 151
2024-02-28 14:07:18,146 WARNING:biomolecule.py:157:num_missing_heavy:Missing atom CB in residue ILE A 152
2024-02-28 14:07:18,146 WARNING:biomolecule.py:157:num_missing_heavy:Missing atom CG1 in residue ILE A 152
2024-02-28 14:07:18,146 WARNING:biomolecule.py:157:num_missing_heavy:Missing atom CG2 in residue ILE A 152
2024-02-28 14:07:18,146 WARNING:biomolecule.py:157:num_missing_heavy:Missing atom CD1 in residue ILE A 152
2024-02-28 14:07:18,146 WARNING:biomolecule.py:157:num_missing_heavy:Missing atom CB in residue ALA A 153
2024-02-28 14:07:18,146 WARNING:biomolecule.py:157:num_missing_heavy:Missing atom CG in residue ASP A 156
2024-02-28 14:07:18,146 WARNING:biomolecule.py:157:num_missing_heavy:Missing atom OD1 in residue ASP A 156
2024-02-28 14:07:18,146 WARNING:biomolecule.py:157:num_missing_heavy:Missing atom OD2 in residue ASP A 156
2024-02-28 14:07:18,146 WARNING:biomolecule.py:157:num_missing_heavy:Missing atom CG in residue LYS A 157
2024-02-28 14:07:18,146 WARNING:biomolecule.py:157:num_missing_heavy:Missing atom CD in residue LYS A 157
2024-02-28 14:07:18,146 WARNING:biomolecule.py:157:num_missing_heavy:Missing atom CE in residue LYS A 157
2024-02-28 14:07:18,146 WARNING:biomolecule.py:157:num_missing_heavy:Missing atom NZ in residue LYS A 157
2024-02-28 14:07:18,147 WARNING:biomolecule.py:157:num_missing_heavy:Missing atom CG in residue ARG A 163
2024-02-28 14:07:18,147 WARNING:biomolecule.py:157:num_missing_heavy:Missing atom CD in residue ARG A 163
2024-02-28 14:07:18,147 WARNING:biomolecule.py:157:num_missing_heavy:Missing atom NE in residue ARG A 163
2024-02-28 14:07:18,147 WARNING:biomolecule.py:157:num_missing_heavy:Missing atom CZ in residue ARG A 163
2024-02-28 14:07:18,147 WARNING:biomolecule.py:157:num_missing_heavy:Missing atom NH1 in residue ARG A 163
2024-02-28 14:07:18,147 WARNING:biomolecule.py:157:num_missing_heavy:Missing atom NH2 in residue ARG A 163
2024-02-28 14:07:18,147 WARNING:biomolecule.py:157:num_missing_heavy:Missing atom CG in residue LYS A 183
2024-02-28 14:07:18,147 WARNING:biomolecule.py:157:num_missing_heavy:Missing atom CD in residue LYS A 183
2024-02-28 14:07:18,147 WARNING:biomolecule.py:157:num_missing_heavy:Missing atom CE in residue LYS A 183
2024-02-28 14:07:18,147 WARNING:biomolecule.py:157:num_missing_heavy:Missing atom NZ in residue LYS A 183
2024-02-28 14:07:18,147 WARNING:biomolecule.py:157:num_missing_heavy:Missing atom CB in residue LYS A 185
2024-02-28 14:07:18,147 WARNING:biomolecule.py:157:num_missing_heavy:Missing atom CG in residue LYS A 185
2024-02-28 14:07:18,147 WARNING:biomolecule.py:157:num_missing_heavy:Missing atom CD in residue LYS A 185
2024-02-28 14:07:18,147 WARNING:biomolecule.py:157:num_missing_heavy:Missing atom CE in residue LYS A 185
2024-02-28 14:07:18,147 WARNING:biomolecule.py:157:num_missing_heavy:Missing atom NZ in residue LYS A 185
2024-02-28 14:07:18,147 WARNING:biomolecule.py:157:num_missing_heavy:Missing atom CG in residue LEU A 230
2024-02-28 14:07:18,147 WARNING:biomolecule.py:157:num_missing_heavy:Missing atom CD1 in residue LEU A 230
2024-02-28 14:07:18,147 WARNING:biomolecule.py:157:num_missing_heavy:Missing atom CD2 in residue LEU A 230
2024-02-28 14:07:18,148 WARNING:biomolecule.py:157:num_missing_heavy:Missing atom CB in residue LEU A 246
2024-02-28 14:07:18,148 WARNING:biomolecule.py:157:num_missing_heavy:Missing atom CG in residue LEU A 246
2024-02-28 14:07:18,148 WARNING:biomolecule.py:157:num_missing_heavy:Missing atom CD1 in residue LEU A 246
2024-02-28 14:07:18,148 WARNING:biomolecule.py:157:num_missing_heavy:Missing atom CD2 in residue LEU A 246
2024-02-28 14:07:18,148 WARNING:biomolecule.py:157:num_missing_heavy:Missing atom CB in residue LYS A 258
2024-02-28 14:07:18,148 WARNING:biomolecule.py:157:num_missing_heavy:Missing atom CG in residue LYS A 258
2024-02-28 14:07:18,148 WARNING:biomolecule.py:157:num_missing_heavy:Missing atom CD in residue LYS A 258
2024-02-28 14:07:18,148 WARNING:biomolecule.py:157:num_missing_heavy:Missing atom CE in residue LYS A 258
2024-02-28 14:07:18,148 WARNING:biomolecule.py:157:num_missing_heavy:Missing atom NZ in residue LYS A 258
2024-02-28 14:07:18,148 WARNING:biomolecule.py:157:num_missing_heavy:Missing atom OXT in residue CYS A 261
2024-02-28 14:07:18,148 WARNING:biomolecule.py:157:num_missing_heavy:Missing atom CB in residue LYS A 4
2024-02-28 14:07:18,148 WARNING:biomolecule.py:157:num_missing_heavy:Missing atom CG in residue LYS A 4
2024-02-28 14:07:18,148 WARNING:biomolecule.py:157:num_missing_heavy:Missing atom CD in residue LYS A 4
2024-02-28 14:07:18,148 WARNING:biomolecule.py:157:num_missing_heavy:Missing atom CE in residue LYS A 4
2024-02-28 14:07:18,148 WARNING:biomolecule.py:157:num_missing_heavy:Missing atom NZ in residue LYS A 4
2024-02-28 14:07:18,148 WARNING:biomolecule.py:157:num_missing_heavy:Missing atom CG in residue LYS A 21
2024-02-28 14:07:18,148 WARNING:biomolecule.py:157:num_missing_heavy:Missing atom CD in residue LYS A 21
2024-02-28 14:07:18,148 WARNING:biomolecule.py:157:num_missing_heavy:Missing atom CE in residue LYS A 21
2024-02-28 14:07:18,148 WARNING:biomolecule.py:157:num_missing_heavy:Missing atom NZ in residue LYS A 21
2024-02-28 14:07:18,148 WARNING:biomolecule.py:157:num_missing_heavy:Missing atom CG in residue GLU A 24
2024-02-28 14:07:18,148 WARNING:biomolecule.py:157:num_missing_heavy:Missing atom CD in residue GLU A 24
2024-02-28 14:07:18,148 WARNING:biomolecule.py:157:num_missing_heavy:Missing atom OE1 in residue GLU A 24
2024-02-28 14:07:18,148 WARNING:biomolecule.py:157:num_missing_heavy:Missing atom OE2 in residue GLU A 24
2024-02-28 14:07:18,148 WARNING:biomolecule.py:157:num_missing_heavy:Missing atom CG in residue GLU A 30
2024-02-28 14:07:18,149 WARNING:biomolecule.py:157:num_missing_heavy:Missing atom CD in residue GLU A 30
2024-02-28 14:07:18,149 WARNING:biomolecule.py:157:num_missing_heavy:Missing atom OE1 in residue GLU A 30
2024-02-28 14:07:18,149 WARNING:biomolecule.py:157:num_missing_heavy:Missing atom OE2 in residue GLU A 30
2024-02-28 14:07:18,149 WARNING:biomolecule.py:157:num_missing_heavy:Missing atom CG in residue LYS A 45
2024-02-28 14:07:18,149 WARNING:biomolecule.py:157:num_missing_heavy:Missing atom CD in residue LYS A 45
2024-02-28 14:07:18,149 WARNING:biomolecule.py:157:num_missing_heavy:Missing atom CE in residue LYS A 45
2024-02-28 14:07:18,149 WARNING:biomolecule.py:157:num_missing_heavy:Missing atom NZ in residue LYS A 45
2024-02-28 14:07:18,149 WARNING:biomolecule.py:157:num_missing_heavy:Missing atom CG in residue LYS A 50
2024-02-28 14:07:18,149 WARNING:biomolecule.py:157:num_missing_heavy:Missing atom CD in residue LYS A 50
2024-02-28 14:07:18,149 WARNING:biomolecule.py:157:num_missing_heavy:Missing atom CE in residue LYS A 50
2024-02-28 14:07:18,149 WARNING:biomolecule.py:157:num_missing_heavy:Missing atom NZ in residue LYS A 50
2024-02-28 14:07:18,149 WARNING:biomolecule.py:157:num_missing_heavy:Missing atom CG in residue LYS A 52
2024-02-28 14:07:18,149 WARNING:biomolecule.py:157:num_missing_heavy:Missing atom CD in residue LYS A 52
2024-02-28 14:07:18,149 WARNING:biomolecule.py:157:num_missing_heavy:Missing atom CE in residue LYS A 52
2024-02-28 14:07:18,149 WARNING:biomolecule.py:157:num_missing_heavy:Missing atom NZ in residue LYS A 52
2024-02-28 14:07:18,149 WARNING:biomolecule.py:157:num_missing_heavy:Missing atom CB in residue ALA A 66
2024-02-28 14:07:18,149 WARNING:biomolecule.py:157:num_missing_heavy:Missing atom CB in residue ASP A 67
2024-02-28 14:07:18,149 WARNING:biomolecule.py:157:num_missing_heavy:Missing atom CG in residue ASP A 67
2024-02-28 14:07:18,149 WARNING:biomolecule.py:157:num_missing_heavy:Missing atom OD1 in residue ASP A 67
2024-02-28 14:07:18,149 WARNING:biomolecule.py:157:num_missing_heavy:Missing atom OD2 in residue ASP A 67
2024-02-28 14:07:18,149 WARNING:biomolecule.py:157:num_missing_heavy:Missing atom CG in residue LYS A 69
2024-02-28 14:07:18,149 WARNING:biomolecule.py:157:num_missing_heavy:Missing atom CD in residue LYS A 69
2024-02-28 14:07:18,149 WARNING:biomolecule.py:157:num_missing_heavy:Missing atom CE in residue LYS A 69
2024-02-28 14:07:18,149 WARNING:biomolecule.py:157:num_missing_heavy:Missing atom NZ in residue LYS A 69
2024-02-28 14:07:18,150 WARNING:biomolecule.py:157:num_missing_heavy:Missing atom CG in residue LYS A 82
2024-02-28 14:07:18,150 WARNING:biomolecule.py:157:num_missing_heavy:Missing atom CD in residue LYS A 82
2024-02-28 14:07:18,150 WARNING:biomolecule.py:157:num_missing_heavy:Missing atom CE in residue LYS A 82
2024-02-28 14:07:18,150 WARNING:biomolecule.py:157:num_missing_heavy:Missing atom NZ in residue LYS A 82
2024-02-28 14:07:18,150 WARNING:biomolecule.py:157:num_missing_heavy:Missing atom CG in residue GLU A 122
2024-02-28 14:07:18,150 WARNING:biomolecule.py:157:num_missing_heavy:Missing atom CD in residue GLU A 122
2024-02-28 14:07:18,150 WARNING:biomolecule.py:157:num_missing_heavy:Missing atom OE1 in residue GLU A 122
2024-02-28 14:07:18,150 WARNING:biomolecule.py:157:num_missing_heavy:Missing atom OE2 in residue GLU A 122
2024-02-28 14:07:18,150 WARNING:biomolecule.py:157:num_missing_heavy:Missing atom CG in residue GLU A 125
2024-02-28 14:07:18,150 WARNING:biomolecule.py:157:num_missing_heavy:Missing atom CD in residue GLU A 125
2024-02-28 14:07:18,150 WARNING:biomolecule.py:157:num_missing_heavy:Missing atom OE1 in residue GLU A 125
2024-02-28 14:07:18,150 WARNING:biomolecule.py:157:num_missing_heavy:Missing atom OE2 in residue GLU A 125
2024-02-28 14:07:18,150 WARNING:biomolecule.py:157:num_missing_heavy:Missing atom CB in residue THR A 131
2024-02-28 14:07:18,150 WARNING:biomolecule.py:157:num_missing_heavy:Missing atom OG1 in residue THR A 131
2024-02-28 14:07:18,150 WARNING:biomolecule.py:157:num_missing_heavy:Missing atom CG2 in residue THR A 131
2024-02-28 14:07:18,150 WARNING:biomolecule.py:157:num_missing_heavy:Missing atom CG in residue GLU A 132
2024-02-28 14:07:18,150 WARNING:biomolecule.py:157:num_missing_heavy:Missing atom CD in residue GLU A 132
2024-02-28 14:07:18,150 WARNING:biomolecule.py:157:num_missing_heavy:Missing atom OE1 in residue GLU A 132
2024-02-28 14:07:18,150 WARNING:biomolecule.py:157:num_missing_heavy:Missing atom OE2 in residue GLU A 132
2024-02-28 14:07:18,150 WARNING:biomolecule.py:157:num_missing_heavy:Missing atom CG in residue LYS A 151
2024-02-28 14:07:18,150 WARNING:biomolecule.py:157:num_missing_heavy:Missing atom CD in residue LYS A 151
2024-02-28 14:07:18,150 WARNING:biomolecule.py:157:num_missing_heavy:Missing atom CE in residue LYS A 151
2024-02-28 14:07:18,151 WARNING:biomolecule.py:157:num_missing_heavy:Missing atom NZ in residue LYS A 151
2024-02-28 14:07:18,151 WARNING:biomolecule.py:157:num_missing_heavy:Missing atom CB in residue ILE A 152
2024-02-28 14:07:18,151 WARNING:biomolecule.py:157:num_missing_heavy:Missing atom CG1 in residue ILE A 152
2024-02-28 14:07:18,151 WARNING:biomolecule.py:157:num_missing_heavy:Missing atom CG2 in residue ILE A 152
2024-02-28 14:07:18,151 WARNING:biomolecule.py:157:num_missing_heavy:Missing atom CD1 in residue ILE A 152
2024-02-28 14:07:18,151 WARNING:biomolecule.py:157:num_missing_heavy:Missing atom CB in residue ALA A 153
2024-02-28 14:07:18,151 WARNING:biomolecule.py:157:num_missing_heavy:Missing atom CG in residue ASP A 156
2024-02-28 14:07:18,151 WARNING:biomolecule.py:157:num_missing_heavy:Missing atom OD1 in residue ASP A 156
2024-02-28 14:07:18,151 WARNING:biomolecule.py:157:num_missing_heavy:Missing atom OD2 in residue ASP A 156
2024-02-28 14:07:18,151 WARNING:biomolecule.py:157:num_missing_heavy:Missing atom CG in residue LYS A 157
2024-02-28 14:07:18,151 WARNING:biomolecule.py:157:num_missing_heavy:Missing atom CD in residue LYS A 157
2024-02-28 14:07:18,151 WARNING:biomolecule.py:157:num_missing_heavy:Missing atom CE in residue LYS A 157
2024-02-28 14:07:18,151 WARNING:biomolecule.py:157:num_missing_heavy:Missing atom NZ in residue LYS A 157
2024-02-28 14:07:18,151 WARNING:biomolecule.py:157:num_missing_heavy:Missing atom CG in residue ARG A 163
2024-02-28 14:07:18,151 WARNING:biomolecule.py:157:num_missing_heavy:Missing atom CD in residue ARG A 163
2024-02-28 14:07:18,151 WARNING:biomolecule.py:157:num_missing_heavy:Missing atom NE in residue ARG A 163
2024-02-28 14:07:18,151 WARNING:biomolecule.py:157:num_missing_heavy:Missing atom CZ in residue ARG A 163
2024-02-28 14:07:18,151 WARNING:biomolecule.py:157:num_missing_heavy:Missing atom NH1 in residue ARG A 163
2024-02-28 14:07:18,151 WARNING:biomolecule.py:157:num_missing_heavy:Missing atom NH2 in residue ARG A 163
2024-02-28 14:07:18,151 WARNING:biomolecule.py:157:num_missing_heavy:Missing atom CG in residue LYS A 183
2024-02-28 14:07:18,151 WARNING:biomolecule.py:157:num_missing_heavy:Missing atom CD in residue LYS A 183
2024-02-28 14:07:18,151 WARNING:biomolecule.py:157:num_missing_heavy:Missing atom CE in residue LYS A 183
2024-02-28 14:07:18,151 WARNING:biomolecule.py:157:num_missing_heavy:Missing atom NZ in residue LYS A 183
2024-02-28 14:07:18,151 WARNING:biomolecule.py:157:num_missing_heavy:Missing atom CB in residue LYS A 185
2024-02-28 14:07:18,151 WARNING:biomolecule.py:157:num_missing_heavy:Missing atom CG in residue LYS A 185
2024-02-28 14:07:18,151 WARNING:biomolecule.py:157:num_missing_heavy:Missing atom CD in residue LYS A 185
2024-02-28 14:07:18,151 WARNING:biomolecule.py:157:num_missing_heavy:Missing atom CE in residue LYS A 185
2024-02-28 14:07:18,151 WARNING:biomolecule.py:157:num_missing_heavy:Missing atom NZ in residue LYS A 185
2024-02-28 14:07:18,152 WARNING:biomolecule.py:157:num_missing_heavy:Missing atom CG in residue LEU A 230
2024-02-28 14:07:18,152 WARNING:biomolecule.py:157:num_missing_heavy:Missing atom CD1 in residue LEU A 230
2024-02-28 14:07:18,152 WARNING:biomolecule.py:157:num_missing_heavy:Missing atom CD2 in residue LEU A 230
2024-02-28 14:07:18,152 WARNING:biomolecule.py:157:num_missing_heavy:Missing atom CB in residue LEU A 246
2024-02-28 14:07:18,152 WARNING:biomolecule.py:157:num_missing_heavy:Missing atom CG in residue LEU A 246
2024-02-28 14:07:18,152 WARNING:biomolecule.py:157:num_missing_heavy:Missing atom CD1 in residue LEU A 246
2024-02-28 14:07:18,152 WARNING:biomolecule.py:157:num_missing_heavy:Missing atom CD2 in residue LEU A 246
2024-02-28 14:07:18,152 WARNING:biomolecule.py:157:num_missing_heavy:Missing atom CB in residue LYS A 258
2024-02-28 14:07:18,152 WARNING:biomolecule.py:157:num_missing_heavy:Missing atom CG in residue LYS A 258
2024-02-28 14:07:18,152 WARNING:biomolecule.py:157:num_missing_heavy:Missing atom CD in residue LYS A 258
2024-02-28 14:07:18,152 WARNING:biomolecule.py:157:num_missing_heavy:Missing atom CE in residue LYS A 258
2024-02-28 14:07:18,152 WARNING:biomolecule.py:157:num_missing_heavy:Missing atom NZ in residue LYS A 258
2024-02-28 14:07:18,152 WARNING:biomolecule.py:157:num_missing_heavy:Missing atom OXT in residue CYS A 261
2024-02-28 14:07:21,310 WARNING:main.py:311:print_pqr:Ignoring 1258 header lines in output.
2024-02-28 14:07:21,311 WARNING:main.py:315:print_pqr:Ignoring 15 missing lines in output.
