2024-02-28 14:07:17,987 WARNING:biomolecule.py:992:create_residue:Unable to find amino or nucleic acid definition for PO4.  Parsing as new residue.
2024-02-28 14:07:18,441 WARNING:biomolecule.py:992:create_residue:Unable to find amino or nucleic acid definition for PO4.  Parsing as new residue.
2024-02-28 14:07:18,441 WARNING:biomolecule.py:992:create_residue:Unable to find amino or nucleic acid definition for FMM.  Parsing as new residue.
2024-02-28 14:07:18,855 WARNING:biomolecule.py:615:update_bonds:Gap in backbone detected between PRO A 733 and VAL A 738!
2024-02-28 14:07:19,118 WARNING:biomolecule.py:615:update_bonds:Gap in backbone detected between GLU A 749 and LYS A 754!
2024-02-28 14:07:19,119 WARNING:biomolecule.py:615:update_bonds:Gap in backbone detected between LYS A 867 and VAL A 876!
2024-02-28 14:07:19,120 WARNING:biomolecule.py:615:update_bonds:Gap in backbone detected between MET A 987 and SER A 995!
2024-02-28 14:07:19,120 WARNING:biomolecule.py:615:update_bonds:Gap in backbone detected between GLU A 1004 and VAL A 1010!
2024-02-28 14:07:19,166 WARNING:biomolecule.py:157:num_missing_heavy:Missing atom CG in residue LYS A 713
2024-02-28 14:07:19,167 WARNING:biomolecule.py:157:num_missing_heavy:Missing atom CD in residue LYS A 713
2024-02-28 14:07:19,167 WARNING:biomolecule.py:157:num_missing_heavy:Missing atom CE in residue LYS A 713
2024-02-28 14:07:19,167 WARNING:biomolecule.py:157:num_missing_heavy:Missing atom NZ in residue LYS A 713
2024-02-28 14:07:19,167 WARNING:biomolecule.py:157:num_missing_heavy:Missing atom CG in residue ARG A 748
2024-02-28 14:07:19,167 WARNING:biomolecule.py:157:num_missing_heavy:Missing atom CD in residue ARG A 748
2024-02-28 14:07:19,167 WARNING:biomolecule.py:157:num_missing_heavy:Missing atom NE in residue ARG A 748
2024-02-28 14:07:19,167 WARNING:biomolecule.py:157:num_missing_heavy:Missing atom CZ in residue ARG A 748
2024-02-28 14:07:19,167 WARNING:biomolecule.py:157:num_missing_heavy:Missing atom NH1 in residue ARG A 748
2024-02-28 14:07:19,167 WARNING:biomolecule.py:157:num_missing_heavy:Missing atom NH2 in residue ARG A 748
2024-02-28 14:07:19,167 WARNING:biomolecule.py:157:num_missing_heavy:Missing atom CG in residue GLU A 749
2024-02-28 14:07:19,167 WARNING:biomolecule.py:157:num_missing_heavy:Missing atom CD in residue GLU A 749
2024-02-28 14:07:19,167 WARNING:biomolecule.py:157:num_missing_heavy:Missing atom OE1 in residue GLU A 749
2024-02-28 14:07:19,167 WARNING:biomolecule.py:157:num_missing_heavy:Missing atom OE2 in residue GLU A 749
2024-02-28 14:07:19,167 WARNING:biomolecule.py:157:num_missing_heavy:Missing atom CG in residue LYS A 754
2024-02-28 14:07:19,167 WARNING:biomolecule.py:157:num_missing_heavy:Missing atom CD in residue LYS A 754
2024-02-28 14:07:19,167 WARNING:biomolecule.py:157:num_missing_heavy:Missing atom CE in residue LYS A 754
2024-02-28 14:07:19,167 WARNING:biomolecule.py:157:num_missing_heavy:Missing atom NZ in residue LYS A 754
2024-02-28 14:07:19,167 WARNING:biomolecule.py:157:num_missing_heavy:Missing atom CG in residue LYS A 757
2024-02-28 14:07:19,167 WARNING:biomolecule.py:157:num_missing_heavy:Missing atom CD in residue LYS A 757
2024-02-28 14:07:19,167 WARNING:biomolecule.py:157:num_missing_heavy:Missing atom CE in residue LYS A 757
2024-02-28 14:07:19,167 WARNING:biomolecule.py:157:num_missing_heavy:Missing atom NZ in residue LYS A 757
2024-02-28 14:07:19,168 WARNING:biomolecule.py:157:num_missing_heavy:Missing atom CG in residue GLU A 758
2024-02-28 14:07:19,168 WARNING:biomolecule.py:157:num_missing_heavy:Missing atom CD in residue GLU A 758
2024-02-28 14:07:19,168 WARNING:biomolecule.py:157:num_missing_heavy:Missing atom OE1 in residue GLU A 758
2024-02-28 14:07:19,168 WARNING:biomolecule.py:157:num_missing_heavy:Missing atom OE2 in residue GLU A 758
2024-02-28 14:07:19,168 WARNING:biomolecule.py:157:num_missing_heavy:Missing atom CG in residue ASN A 808
2024-02-28 14:07:19,168 WARNING:biomolecule.py:157:num_missing_heavy:Missing atom OD1 in residue ASN A 808
2024-02-28 14:07:19,168 WARNING:biomolecule.py:157:num_missing_heavy:Missing atom ND2 in residue ASN A 808
2024-02-28 14:07:19,168 WARNING:biomolecule.py:157:num_missing_heavy:Missing atom CG in residue GLU A 866
2024-02-28 14:07:19,168 WARNING:biomolecule.py:157:num_missing_heavy:Missing atom CD in residue GLU A 866
2024-02-28 14:07:19,168 WARNING:biomolecule.py:157:num_missing_heavy:Missing atom OE1 in residue GLU A 866
2024-02-28 14:07:19,168 WARNING:biomolecule.py:157:num_missing_heavy:Missing atom OE2 in residue GLU A 866
2024-02-28 14:07:19,168 WARNING:biomolecule.py:157:num_missing_heavy:Missing atom CG in residue LYS A 867
2024-02-28 14:07:19,168 WARNING:biomolecule.py:157:num_missing_heavy:Missing atom CD in residue LYS A 867
2024-02-28 14:07:19,168 WARNING:biomolecule.py:157:num_missing_heavy:Missing atom CE in residue LYS A 867
2024-02-28 14:07:19,169 WARNING:biomolecule.py:157:num_missing_heavy:Missing atom NZ in residue LYS A 867
2024-02-28 14:07:19,169 WARNING:biomolecule.py:157:num_missing_heavy:Missing atom CG1 in residue VAL A 876
2024-02-28 14:07:19,169 WARNING:biomolecule.py:157:num_missing_heavy:Missing atom CG2 in residue VAL A 876
2024-02-28 14:07:19,169 WARNING:biomolecule.py:157:num_missing_heavy:Missing atom CG in residue MET A 945
2024-02-28 14:07:19,169 WARNING:biomolecule.py:157:num_missing_heavy:Missing atom SD in residue MET A 945
2024-02-28 14:07:19,169 WARNING:biomolecule.py:157:num_missing_heavy:Missing atom CE in residue MET A 945
2024-02-28 14:07:19,169 WARNING:biomolecule.py:157:num_missing_heavy:Missing atom CG in residue ARG A 962
2024-02-28 14:07:19,169 WARNING:biomolecule.py:157:num_missing_heavy:Missing atom CD in residue ARG A 962
2024-02-28 14:07:19,169 WARNING:biomolecule.py:157:num_missing_heavy:Missing atom NE in residue ARG A 962
2024-02-28 14:07:19,169 WARNING:biomolecule.py:157:num_missing_heavy:Missing atom CZ in residue ARG A 962
2024-02-28 14:07:19,169 WARNING:biomolecule.py:157:num_missing_heavy:Missing atom NH1 in residue ARG A 962
2024-02-28 14:07:19,169 WARNING:biomolecule.py:157:num_missing_heavy:Missing atom NH2 in residue ARG A 962
2024-02-28 14:07:19,169 WARNING:biomolecule.py:157:num_missing_heavy:Missing atom CG in residue GLU A 985
2024-02-28 14:07:19,169 WARNING:biomolecule.py:157:num_missing_heavy:Missing atom CD in residue GLU A 985
2024-02-28 14:07:19,170 WARNING:biomolecule.py:157:num_missing_heavy:Missing atom OE1 in residue GLU A 985
2024-02-28 14:07:19,170 WARNING:biomolecule.py:157:num_missing_heavy:Missing atom OE2 in residue GLU A 985
2024-02-28 14:07:19,170 WARNING:biomolecule.py:157:num_missing_heavy:Missing atom CG in residue ARG A 986
2024-02-28 14:07:19,170 WARNING:biomolecule.py:157:num_missing_heavy:Missing atom CD in residue ARG A 986
2024-02-28 14:07:19,170 WARNING:biomolecule.py:157:num_missing_heavy:Missing atom NE in residue ARG A 986
2024-02-28 14:07:19,170 WARNING:biomolecule.py:157:num_missing_heavy:Missing atom CZ in residue ARG A 986
2024-02-28 14:07:19,170 WARNING:biomolecule.py:157:num_missing_heavy:Missing atom NH1 in residue ARG A 986
2024-02-28 14:07:19,170 WARNING:biomolecule.py:157:num_missing_heavy:Missing atom NH2 in residue ARG A 986
2024-02-28 14:07:19,170 WARNING:biomolecule.py:157:num_missing_heavy:Missing atom OG in residue SER A 995
2024-02-28 14:07:19,170 WARNING:biomolecule.py:157:num_missing_heavy:Missing atom CG in residue ARG A 999
2024-02-28 14:07:19,170 WARNING:biomolecule.py:157:num_missing_heavy:Missing atom CD in residue ARG A 999
2024-02-28 14:07:19,170 WARNING:biomolecule.py:157:num_missing_heavy:Missing atom NE in residue ARG A 999
2024-02-28 14:07:19,170 WARNING:biomolecule.py:157:num_missing_heavy:Missing atom CZ in residue ARG A 999
2024-02-28 14:07:19,170 WARNING:biomolecule.py:157:num_missing_heavy:Missing atom NH1 in residue ARG A 999
2024-02-28 14:07:19,170 WARNING:biomolecule.py:157:num_missing_heavy:Missing atom NH2 in residue ARG A 999
2024-02-28 14:07:19,170 WARNING:biomolecule.py:157:num_missing_heavy:Missing atom CG in residue GLU A 1004
2024-02-28 14:07:19,170 WARNING:biomolecule.py:157:num_missing_heavy:Missing atom CD in residue GLU A 1004
2024-02-28 14:07:19,170 WARNING:biomolecule.py:157:num_missing_heavy:Missing atom OE1 in residue GLU A 1004
2024-02-28 14:07:19,170 WARNING:biomolecule.py:157:num_missing_heavy:Missing atom OE2 in residue GLU A 1004
2024-02-28 14:07:19,170 WARNING:biomolecule.py:157:num_missing_heavy:Missing atom CG1 in residue VAL A 1010
2024-02-28 14:07:19,170 WARNING:biomolecule.py:157:num_missing_heavy:Missing atom CG2 in residue VAL A 1010
2024-02-28 14:07:19,170 WARNING:biomolecule.py:157:num_missing_heavy:Missing atom CG1 in residue VAL A 1011
2024-02-28 14:07:19,170 WARNING:biomolecule.py:157:num_missing_heavy:Missing atom CG2 in residue VAL A 1011
2024-02-28 14:07:19,170 WARNING:biomolecule.py:157:num_missing_heavy:Missing atom CG in residue GLU A 1015
2024-02-28 14:07:19,170 WARNING:biomolecule.py:157:num_missing_heavy:Missing atom CD in residue GLU A 1015
2024-02-28 14:07:19,170 WARNING:biomolecule.py:157:num_missing_heavy:Missing atom OE1 in residue GLU A 1015
2024-02-28 14:07:19,170 WARNING:biomolecule.py:157:num_missing_heavy:Missing atom OE2 in residue GLU A 1015
2024-02-28 14:07:19,170 WARNING:biomolecule.py:157:num_missing_heavy:Missing atom CG in residue LEU A 1017
2024-02-28 14:07:19,170 WARNING:biomolecule.py:157:num_missing_heavy:Missing atom CD1 in residue LEU A 1017
2024-02-28 14:07:19,171 WARNING:biomolecule.py:157:num_missing_heavy:Missing atom CD2 in residue LEU A 1017
2024-02-28 14:07:19,171 WARNING:biomolecule.py:157:num_missing_heavy:Missing atom CG1 in residue ILE A 1018
2024-02-28 14:07:19,171 WARNING:biomolecule.py:157:num_missing_heavy:Missing atom CG2 in residue ILE A 1018
2024-02-28 14:07:19,171 WARNING:biomolecule.py:157:num_missing_heavy:Missing atom CD1 in residue ILE A 1018
2024-02-28 14:07:19,171 WARNING:biomolecule.py:157:num_missing_heavy:Missing atom OXT in residue ILE A 1018
2024-02-28 14:07:19,171 WARNING:biomolecule.py:157:num_missing_heavy:Missing atom CG in residue LYS A 713
2024-02-28 14:07:19,171 WARNING:biomolecule.py:157:num_missing_heavy:Missing atom CD in residue LYS A 713
2024-02-28 14:07:19,171 WARNING:biomolecule.py:157:num_missing_heavy:Missing atom CE in residue LYS A 713
2024-02-28 14:07:19,171 WARNING:biomolecule.py:157:num_missing_heavy:Missing atom NZ in residue LYS A 713
2024-02-28 14:07:19,171 WARNING:biomolecule.py:157:num_missing_heavy:Missing atom CG in residue ARG A 748
2024-02-28 14:07:19,171 WARNING:biomolecule.py:157:num_missing_heavy:Missing atom CD in residue ARG A 748
2024-02-28 14:07:19,171 WARNING:biomolecule.py:157:num_missing_heavy:Missing atom NE in residue ARG A 748
2024-02-28 14:07:19,171 WARNING:biomolecule.py:157:num_missing_heavy:Missing atom CZ in residue ARG A 748
2024-02-28 14:07:19,171 WARNING:biomolecule.py:157:num_missing_heavy:Missing atom NH1 in residue ARG A 748
2024-02-28 14:07:19,171 WARNING:biomolecule.py:157:num_missing_heavy:Missing atom NH2 in residue ARG A 748
2024-02-28 14:07:19,171 WARNING:biomolecule.py:157:num_missing_heavy:Missing atom CG in residue GLU A 749
2024-02-28 14:07:19,171 WARNING:biomolecule.py:157:num_missing_heavy:Missing atom CD in residue GLU A 749
2024-02-28 14:07:19,171 WARNING:biomolecule.py:157:num_missing_heavy:Missing atom OE1 in residue GLU A 749
2024-02-28 14:07:19,171 WARNING:biomolecule.py:157:num_missing_heavy:Missing atom OE2 in residue GLU A 749
2024-02-28 14:07:19,171 WARNING:biomolecule.py:157:num_missing_heavy:Missing atom CG in residue LYS A 754
2024-02-28 14:07:19,171 WARNING:biomolecule.py:157:num_missing_heavy:Missing atom CD in residue LYS A 754
2024-02-28 14:07:19,171 WARNING:biomolecule.py:157:num_missing_heavy:Missing atom CE in residue LYS A 754
2024-02-28 14:07:19,171 WARNING:biomolecule.py:157:num_missing_heavy:Missing atom NZ in residue LYS A 754
2024-02-28 14:07:19,171 WARNING:biomolecule.py:157:num_missing_heavy:Missing atom CG in residue LYS A 757
2024-02-28 14:07:19,171 WARNING:biomolecule.py:157:num_missing_heavy:Missing atom CD in residue LYS A 757
2024-02-28 14:07:19,171 WARNING:biomolecule.py:157:num_missing_heavy:Missing atom CE in residue LYS A 757
2024-02-28 14:07:19,172 WARNING:biomolecule.py:157:num_missing_heavy:Missing atom NZ in residue LYS A 757
2024-02-28 14:07:19,172 WARNING:biomolecule.py:157:num_missing_heavy:Missing atom CG in residue GLU A 758
2024-02-28 14:07:19,172 WARNING:biomolecule.py:157:num_missing_heavy:Missing atom CD in residue GLU A 758
2024-02-28 14:07:19,268 WARNING:biomolecule.py:157:num_missing_heavy:Missing atom OE1 in residue GLU A 758
2024-02-28 14:07:19,268 WARNING:biomolecule.py:157:num_missing_heavy:Missing atom OE2 in residue GLU A 758
2024-02-28 14:07:19,268 WARNING:biomolecule.py:157:num_missing_heavy:Missing atom CG in residue ASN A 808
2024-02-28 14:07:19,268 WARNING:biomolecule.py:157:num_missing_heavy:Missing atom OD1 in residue ASN A 808
2024-02-28 14:07:19,268 WARNING:biomolecule.py:157:num_missing_heavy:Missing atom ND2 in residue ASN A 808
2024-02-28 14:07:19,269 WARNING:biomolecule.py:157:num_missing_heavy:Missing atom CG in residue GLU A 866
2024-02-28 14:07:19,321 WARNING:biomolecule.py:157:num_missing_heavy:Missing atom CD in residue GLU A 866
2024-02-28 14:07:19,321 WARNING:biomolecule.py:157:num_missing_heavy:Missing atom OE1 in residue GLU A 866
2024-02-28 14:07:19,321 WARNING:biomolecule.py:157:num_missing_heavy:Missing atom OE2 in residue GLU A 866
2024-02-28 14:07:19,321 WARNING:biomolecule.py:157:num_missing_heavy:Missing atom CG in residue LYS A 867
2024-02-28 14:07:19,321 WARNING:biomolecule.py:157:num_missing_heavy:Missing atom CD in residue LYS A 867
2024-02-28 14:07:19,321 WARNING:biomolecule.py:157:num_missing_heavy:Missing atom CE in residue LYS A 867
2024-02-28 14:07:19,322 WARNING:biomolecule.py:157:num_missing_heavy:Missing atom NZ in residue LYS A 867
2024-02-28 14:07:19,322 WARNING:biomolecule.py:157:num_missing_heavy:Missing atom CG1 in residue VAL A 876
2024-02-28 14:07:19,322 WARNING:biomolecule.py:157:num_missing_heavy:Missing atom CG2 in residue VAL A 876
2024-02-28 14:07:19,322 WARNING:biomolecule.py:157:num_missing_heavy:Missing atom CG in residue MET A 945
2024-02-28 14:07:19,322 WARNING:biomolecule.py:157:num_missing_heavy:Missing atom SD in residue MET A 945
2024-02-28 14:07:19,322 WARNING:biomolecule.py:157:num_missing_heavy:Missing atom CE in residue MET A 945
2024-02-28 14:07:19,322 WARNING:biomolecule.py:157:num_missing_heavy:Missing atom CG in residue ARG A 962
2024-02-28 14:07:19,322 WARNING:biomolecule.py:157:num_missing_heavy:Missing atom CD in residue ARG A 962
2024-02-28 14:07:19,322 WARNING:biomolecule.py:157:num_missing_heavy:Missing atom NE in residue ARG A 962
2024-02-28 14:07:19,322 WARNING:biomolecule.py:157:num_missing_heavy:Missing atom CZ in residue ARG A 962
2024-02-28 14:07:19,322 WARNING:biomolecule.py:157:num_missing_heavy:Missing atom NH1 in residue ARG A 962
2024-02-28 14:07:19,322 WARNING:biomolecule.py:157:num_missing_heavy:Missing atom NH2 in residue ARG A 962
2024-02-28 14:07:19,323 WARNING:biomolecule.py:157:num_missing_heavy:Missing atom CG in residue GLU A 985
2024-02-28 14:07:19,323 WARNING:biomolecule.py:157:num_missing_heavy:Missing atom CD in residue GLU A 985
2024-02-28 14:07:19,323 WARNING:biomolecule.py:157:num_missing_heavy:Missing atom OE1 in residue GLU A 985
2024-02-28 14:07:19,323 WARNING:biomolecule.py:157:num_missing_heavy:Missing atom OE2 in residue GLU A 985
2024-02-28 14:07:19,323 WARNING:biomolecule.py:157:num_missing_heavy:Missing atom CG in residue ARG A 986
2024-02-28 14:07:19,323 WARNING:biomolecule.py:157:num_missing_heavy:Missing atom CD in residue ARG A 986
2024-02-28 14:07:19,323 WARNING:biomolecule.py:157:num_missing_heavy:Missing atom NE in residue ARG A 986
2024-02-28 14:07:19,323 WARNING:biomolecule.py:157:num_missing_heavy:Missing atom CZ in residue ARG A 986
2024-02-28 14:07:19,323 WARNING:biomolecule.py:157:num_missing_heavy:Missing atom NH1 in residue ARG A 986
2024-02-28 14:07:19,323 WARNING:biomolecule.py:157:num_missing_heavy:Missing atom NH2 in residue ARG A 986
2024-02-28 14:07:19,323 WARNING:biomolecule.py:157:num_missing_heavy:Missing atom OG in residue SER A 995
2024-02-28 14:07:19,323 WARNING:biomolecule.py:157:num_missing_heavy:Missing atom CG in residue ARG A 999
2024-02-28 14:07:19,323 WARNING:biomolecule.py:157:num_missing_heavy:Missing atom CD in residue ARG A 999
2024-02-28 14:07:19,323 WARNING:biomolecule.py:157:num_missing_heavy:Missing atom NE in residue ARG A 999
2024-02-28 14:07:19,323 WARNING:biomolecule.py:157:num_missing_heavy:Missing atom CZ in residue ARG A 999
2024-02-28 14:07:19,323 WARNING:biomolecule.py:157:num_missing_heavy:Missing atom NH1 in residue ARG A 999
2024-02-28 14:07:19,323 WARNING:biomolecule.py:157:num_missing_heavy:Missing atom NH2 in residue ARG A 999
2024-02-28 14:07:19,323 WARNING:biomolecule.py:157:num_missing_heavy:Missing atom CG in residue GLU A 1004
2024-02-28 14:07:19,323 WARNING:biomolecule.py:157:num_missing_heavy:Missing atom CD in residue GLU A 1004
2024-02-28 14:07:19,323 WARNING:biomolecule.py:157:num_missing_heavy:Missing atom OE1 in residue GLU A 1004
2024-02-28 14:07:19,323 WARNING:biomolecule.py:157:num_missing_heavy:Missing atom OE2 in residue GLU A 1004
2024-02-28 14:07:19,323 WARNING:biomolecule.py:157:num_missing_heavy:Missing atom CG1 in residue VAL A 1010
2024-02-28 14:07:19,323 WARNING:biomolecule.py:157:num_missing_heavy:Missing atom CG2 in residue VAL A 1010
2024-02-28 14:07:19,323 WARNING:biomolecule.py:157:num_missing_heavy:Missing atom CG1 in residue VAL A 1011
2024-02-28 14:07:19,323 WARNING:biomolecule.py:157:num_missing_heavy:Missing atom CG2 in residue VAL A 1011
2024-02-28 14:07:19,323 WARNING:biomolecule.py:157:num_missing_heavy:Missing atom CG in residue GLU A 1015
2024-02-28 14:07:19,323 WARNING:biomolecule.py:157:num_missing_heavy:Missing atom CD in residue GLU A 1015
2024-02-28 14:07:19,323 WARNING:biomolecule.py:157:num_missing_heavy:Missing atom OE1 in residue GLU A 1015
2024-02-28 14:07:19,324 WARNING:biomolecule.py:157:num_missing_heavy:Missing atom OE2 in residue GLU A 1015
2024-02-28 14:07:19,324 WARNING:biomolecule.py:157:num_missing_heavy:Missing atom CG in residue LEU A 1017
2024-02-28 14:07:19,324 WARNING:biomolecule.py:157:num_missing_heavy:Missing atom CD1 in residue LEU A 1017
2024-02-28 14:07:19,324 WARNING:biomolecule.py:157:num_missing_heavy:Missing atom CD2 in residue LEU A 1017
2024-02-28 14:07:19,324 WARNING:biomolecule.py:157:num_missing_heavy:Missing atom CG1 in residue ILE A 1018
2024-02-28 14:07:19,324 WARNING:biomolecule.py:157:num_missing_heavy:Missing atom CG2 in residue ILE A 1018
2024-02-28 14:07:19,324 WARNING:biomolecule.py:157:num_missing_heavy:Missing atom CD1 in residue ILE A 1018
2024-02-28 14:07:19,324 WARNING:biomolecule.py:157:num_missing_heavy:Missing atom OXT in residue ILE A 1018
2024-02-28 14:07:19,324 WARNING:biomolecule.py:157:num_missing_heavy:Missing atom CG in residue LYS A 713
2024-02-28 14:07:19,324 WARNING:biomolecule.py:157:num_missing_heavy:Missing atom CD in residue LYS A 713
2024-02-28 14:07:19,324 WARNING:biomolecule.py:157:num_missing_heavy:Missing atom CE in residue LYS A 713
2024-02-28 14:07:19,324 WARNING:biomolecule.py:157:num_missing_heavy:Missing atom NZ in residue LYS A 713
2024-02-28 14:07:19,324 WARNING:biomolecule.py:157:num_missing_heavy:Missing atom CG in residue ARG A 748
2024-02-28 14:07:19,421 WARNING:biomolecule.py:157:num_missing_heavy:Missing atom CD in residue ARG A 748
2024-02-28 14:07:19,421 WARNING:biomolecule.py:157:num_missing_heavy:Missing atom NE in residue ARG A 748
2024-02-28 14:07:19,421 WARNING:biomolecule.py:157:num_missing_heavy:Missing atom CZ in residue ARG A 748
2024-02-28 14:07:19,421 WARNING:biomolecule.py:157:num_missing_heavy:Missing atom NH1 in residue ARG A 748
2024-02-28 14:07:19,421 WARNING:biomolecule.py:157:num_missing_heavy:Missing atom NH2 in residue ARG A 748
2024-02-28 14:07:19,421 WARNING:biomolecule.py:157:num_missing_heavy:Missing atom CG in residue GLU A 749
2024-02-28 14:07:19,421 WARNING:biomolecule.py:157:num_missing_heavy:Missing atom CD in residue GLU A 749
2024-02-28 14:07:19,422 WARNING:biomolecule.py:157:num_missing_heavy:Missing atom OE1 in residue GLU A 749
2024-02-28 14:07:19,422 WARNING:biomolecule.py:157:num_missing_heavy:Missing atom OE2 in residue GLU A 749
2024-02-28 14:07:19,422 WARNING:biomolecule.py:157:num_missing_heavy:Missing atom CG in residue LYS A 754
2024-02-28 14:07:19,422 WARNING:biomolecule.py:157:num_missing_heavy:Missing atom CD in residue LYS A 754
2024-02-28 14:07:19,422 WARNING:biomolecule.py:157:num_missing_heavy:Missing atom CE in residue LYS A 754
2024-02-28 14:07:19,422 WARNING:biomolecule.py:157:num_missing_heavy:Missing atom NZ in residue LYS A 754
2024-02-28 14:07:19,422 WARNING:biomolecule.py:157:num_missing_heavy:Missing atom CG in residue LYS A 757
2024-02-28 14:07:19,422 WARNING:biomolecule.py:157:num_missing_heavy:Missing atom CD in residue LYS A 757
2024-02-28 14:07:19,422 WARNING:biomolecule.py:157:num_missing_heavy:Missing atom CE in residue LYS A 757
2024-02-28 14:07:19,422 WARNING:biomolecule.py:157:num_missing_heavy:Missing atom NZ in residue LYS A 757
2024-02-28 14:07:19,422 WARNING:biomolecule.py:157:num_missing_heavy:Missing atom CG in residue GLU A 758
2024-02-28 14:07:19,422 WARNING:biomolecule.py:157:num_missing_heavy:Missing atom CD in residue GLU A 758
2024-02-28 14:07:19,422 WARNING:biomolecule.py:157:num_missing_heavy:Missing atom OE1 in residue GLU A 758
2024-02-28 14:07:19,422 WARNING:biomolecule.py:157:num_missing_heavy:Missing atom OE2 in residue GLU A 758
2024-02-28 14:07:19,422 WARNING:biomolecule.py:157:num_missing_heavy:Missing atom CG in residue ASN A 808
2024-02-28 14:07:19,422 WARNING:biomolecule.py:157:num_missing_heavy:Missing atom OD1 in residue ASN A 808
2024-02-28 14:07:19,422 WARNING:biomolecule.py:157:num_missing_heavy:Missing atom ND2 in residue ASN A 808
2024-02-28 14:07:19,423 WARNING:biomolecule.py:157:num_missing_heavy:Missing atom CG in residue GLU A 866
2024-02-28 14:07:19,423 WARNING:biomolecule.py:157:num_missing_heavy:Missing atom CD in residue GLU A 866
2024-02-28 14:07:19,423 WARNING:biomolecule.py:157:num_missing_heavy:Missing atom OE1 in residue GLU A 866
2024-02-28 14:07:19,423 WARNING:biomolecule.py:157:num_missing_heavy:Missing atom OE2 in residue GLU A 866
2024-02-28 14:07:19,423 WARNING:biomolecule.py:157:num_missing_heavy:Missing atom CG in residue LYS A 867
2024-02-28 14:07:19,423 WARNING:biomolecule.py:157:num_missing_heavy:Missing atom CD in residue LYS A 867
2024-02-28 14:07:19,423 WARNING:biomolecule.py:157:num_missing_heavy:Missing atom CE in residue LYS A 867
2024-02-28 14:07:19,423 WARNING:biomolecule.py:157:num_missing_heavy:Missing atom NZ in residue LYS A 867
2024-02-28 14:07:19,423 WARNING:biomolecule.py:157:num_missing_heavy:Missing atom CG1 in residue VAL A 876
2024-02-28 14:07:19,423 WARNING:biomolecule.py:157:num_missing_heavy:Missing atom CG2 in residue VAL A 876
2024-02-28 14:07:19,423 WARNING:biomolecule.py:157:num_missing_heavy:Missing atom CG in residue MET A 945
2024-02-28 14:07:19,423 WARNING:biomolecule.py:157:num_missing_heavy:Missing atom SD in residue MET A 945
2024-02-28 14:07:19,423 WARNING:biomolecule.py:157:num_missing_heavy:Missing atom CE in residue MET A 945
2024-02-28 14:07:19,423 WARNING:biomolecule.py:157:num_missing_heavy:Missing atom CG in residue ARG A 962
2024-02-28 14:07:19,424 WARNING:biomolecule.py:157:num_missing_heavy:Missing atom CD in residue ARG A 962
2024-02-28 14:07:19,424 WARNING:biomolecule.py:157:num_missing_heavy:Missing atom NE in residue ARG A 962
2024-02-28 14:07:19,424 WARNING:biomolecule.py:157:num_missing_heavy:Missing atom CZ in residue ARG A 962
2024-02-28 14:07:19,424 WARNING:biomolecule.py:157:num_missing_heavy:Missing atom NH1 in residue ARG A 962
2024-02-28 14:07:19,424 WARNING:biomolecule.py:157:num_missing_heavy:Missing atom NH2 in residue ARG A 962
2024-02-28 14:07:19,424 WARNING:biomolecule.py:157:num_missing_heavy:Missing atom CG in residue GLU A 985
2024-02-28 14:07:19,424 WARNING:biomolecule.py:157:num_missing_heavy:Missing atom CD in residue GLU A 985
2024-02-28 14:07:19,424 WARNING:biomolecule.py:157:num_missing_heavy:Missing atom OE1 in residue GLU A 985
2024-02-28 14:07:19,424 WARNING:biomolecule.py:157:num_missing_heavy:Missing atom OE2 in residue GLU A 985
2024-02-28 14:07:19,424 WARNING:biomolecule.py:157:num_missing_heavy:Missing atom CG in residue ARG A 986
2024-02-28 14:07:19,424 WARNING:biomolecule.py:157:num_missing_heavy:Missing atom CD in residue ARG A 986
2024-02-28 14:07:19,424 WARNING:biomolecule.py:157:num_missing_heavy:Missing atom NE in residue ARG A 986
2024-02-28 14:07:19,424 WARNING:biomolecule.py:157:num_missing_heavy:Missing atom CZ in residue ARG A 986
2024-02-28 14:07:19,424 WARNING:biomolecule.py:157:num_missing_heavy:Missing atom NH1 in residue ARG A 986
2024-02-28 14:07:19,424 WARNING:biomolecule.py:157:num_missing_heavy:Missing atom NH2 in residue ARG A 986
2024-02-28 14:07:19,424 WARNING:biomolecule.py:157:num_missing_heavy:Missing atom OG in residue SER A 995
2024-02-28 14:07:19,424 WARNING:biomolecule.py:157:num_missing_heavy:Missing atom CG in residue ARG A 999
2024-02-28 14:07:19,424 WARNING:biomolecule.py:157:num_missing_heavy:Missing atom CD in residue ARG A 999
2024-02-28 14:07:19,424 WARNING:biomolecule.py:157:num_missing_heavy:Missing atom NE in residue ARG A 999
2024-02-28 14:07:19,424 WARNING:biomolecule.py:157:num_missing_heavy:Missing atom CZ in residue ARG A 999
2024-02-28 14:07:19,424 WARNING:biomolecule.py:157:num_missing_heavy:Missing atom NH1 in residue ARG A 999
2024-02-28 14:07:19,424 WARNING:biomolecule.py:157:num_missing_heavy:Missing atom NH2 in residue ARG A 999
2024-02-28 14:07:19,424 WARNING:biomolecule.py:157:num_missing_heavy:Missing atom CG in residue GLU A 1004
2024-02-28 14:07:19,424 WARNING:biomolecule.py:157:num_missing_heavy:Missing atom CD in residue GLU A 1004
2024-02-28 14:07:19,424 WARNING:biomolecule.py:157:num_missing_heavy:Missing atom OE1 in residue GLU A 1004
2024-02-28 14:07:19,424 WARNING:biomolecule.py:157:num_missing_heavy:Missing atom OE2 in residue GLU A 1004
2024-02-28 14:07:19,424 WARNING:biomolecule.py:157:num_missing_heavy:Missing atom CG1 in residue VAL A 1010
2024-02-28 14:07:19,425 WARNING:biomolecule.py:157:num_missing_heavy:Missing atom CG2 in residue VAL A 1010
2024-02-28 14:07:19,425 WARNING:biomolecule.py:157:num_missing_heavy:Missing atom CG1 in residue VAL A 1011
2024-02-28 14:07:19,425 WARNING:biomolecule.py:157:num_missing_heavy:Missing atom CG2 in residue VAL A 1011
2024-02-28 14:07:19,425 WARNING:biomolecule.py:157:num_missing_heavy:Missing atom CG in residue GLU A 1015
2024-02-28 14:07:19,425 WARNING:biomolecule.py:157:num_missing_heavy:Missing atom CD in residue GLU A 1015
2024-02-28 14:07:19,425 WARNING:biomolecule.py:157:num_missing_heavy:Missing atom OE1 in residue GLU A 1015
2024-02-28 14:07:19,425 WARNING:biomolecule.py:157:num_missing_heavy:Missing atom OE2 in residue GLU A 1015
2024-02-28 14:07:19,425 WARNING:biomolecule.py:157:num_missing_heavy:Missing atom CG in residue LEU A 1017
2024-02-28 14:07:19,425 WARNING:biomolecule.py:157:num_missing_heavy:Missing atom CD1 in residue LEU A 1017
2024-02-28 14:07:19,425 WARNING:biomolecule.py:157:num_missing_heavy:Missing atom CD2 in residue LEU A 1017
2024-02-28 14:07:19,425 WARNING:biomolecule.py:157:num_missing_heavy:Missing atom CG1 in residue ILE A 1018
2024-02-28 14:07:19,425 WARNING:biomolecule.py:157:num_missing_heavy:Missing atom CG2 in residue ILE A 1018
2024-02-28 14:07:19,425 WARNING:biomolecule.py:157:num_missing_heavy:Missing atom CD1 in residue ILE A 1018
2024-02-28 14:07:19,425 WARNING:biomolecule.py:157:num_missing_heavy:Missing atom OXT in residue ILE A 1018
2024-02-28 14:07:23,030 WARNING:main.py:311:print_pqr:Ignoring 2387 header lines in output.
2024-02-28 14:07:23,031 WARNING:main.py:315:print_pqr:Ignoring 50 missing lines in output.
