2024-02-28 14:07:18,224 WARNING:biomolecule.py:992:create_residue:Unable to find amino or nucleic acid definition for GI4.  Parsing as new residue.
2024-02-28 14:07:18,824 WARNING:biomolecule.py:992:create_residue:Unable to find amino or nucleic acid definition for ACT.  Parsing as new residue.
2024-02-28 14:07:18,824 WARNING:biomolecule.py:992:create_residue:Unable to find amino or nucleic acid definition for GI4.  Parsing as new residue.
2024-02-28 14:07:18,824 WARNING:biomolecule.py:992:create_residue:Unable to find amino or nucleic acid definition for CA.  Parsing as new residue.
2024-02-28 14:07:18,825 WARNING:main.py:418:setup_molecule:Multiple occupancies found: CA in LYS A 46.
2024-02-28 14:07:18,825 WARNING:main.py:418:setup_molecule:Multiple occupancies found: CB in LYS A 46.
2024-02-28 14:07:18,825 WARNING:main.py:418:setup_molecule:Multiple occupancies found: CG in LYS A 46.
2024-02-28 14:07:18,825 WARNING:main.py:418:setup_molecule:Multiple occupancies found: CD in LYS A 46.
2024-02-28 14:07:18,826 WARNING:main.py:418:setup_molecule:Multiple occupancies found: CE in LYS A 46.
2024-02-28 14:07:18,826 WARNING:main.py:418:setup_molecule:Multiple occupancies found: NZ in LYS A 46.
2024-02-28 14:07:18,826 WARNING:main.py:424:setup_molecule:Multiple occupancies found in LYS A 46. At least one of the instances is being ignored.
2024-02-28 14:07:18,826 WARNING:main.py:418:setup_molecule:Multiple occupancies found: CA in GLU A 69.
2024-02-28 14:07:18,826 WARNING:main.py:418:setup_molecule:Multiple occupancies found: CB in GLU A 69.
2024-02-28 14:07:18,826 WARNING:main.py:418:setup_molecule:Multiple occupancies found: CG in GLU A 69.
2024-02-28 14:07:18,826 WARNING:main.py:418:setup_molecule:Multiple occupancies found: CD in GLU A 69.
2024-02-28 14:07:18,826 WARNING:main.py:418:setup_molecule:Multiple occupancies found: OE1 in GLU A 69.
2024-02-28 14:07:18,826 WARNING:main.py:418:setup_molecule:Multiple occupancies found: OE2 in GLU A 69.
2024-02-28 14:07:18,826 WARNING:main.py:424:setup_molecule:Multiple occupancies found in GLU A 69. At least one of the instances is being ignored.
2024-02-28 14:07:18,826 WARNING:main.py:418:setup_molecule:Multiple occupancies found: CA in LEU A 71.
2024-02-28 14:07:18,826 WARNING:main.py:418:setup_molecule:Multiple occupancies found: CB in LEU A 71.
2024-02-28 14:07:18,826 WARNING:main.py:418:setup_molecule:Multiple occupancies found: CG in LEU A 71.
2024-02-28 14:07:18,826 WARNING:main.py:418:setup_molecule:Multiple occupancies found: CD1 in LEU A 71.
2024-02-28 14:07:18,826 WARNING:main.py:418:setup_molecule:Multiple occupancies found: CD2 in LEU A 71.
2024-02-28 14:07:18,826 WARNING:main.py:424:setup_molecule:Multiple occupancies found in LEU A 71. At least one of the instances is being ignored.
2024-02-28 14:07:18,826 WARNING:main.py:418:setup_molecule:Multiple occupancies found: CA in LYS A 131.
2024-02-28 14:07:18,826 WARNING:main.py:418:setup_molecule:Multiple occupancies found: CB in LYS A 131.
2024-02-28 14:07:18,826 WARNING:main.py:418:setup_molecule:Multiple occupancies found: CG in LYS A 131.
2024-02-28 14:07:18,826 WARNING:main.py:418:setup_molecule:Multiple occupancies found: CD in LYS A 131.
2024-02-28 14:07:18,826 WARNING:main.py:418:setup_molecule:Multiple occupancies found: CE in LYS A 131.
2024-02-28 14:07:18,826 WARNING:main.py:418:setup_molecule:Multiple occupancies found: NZ in LYS A 131.
2024-02-28 14:07:18,826 WARNING:main.py:424:setup_molecule:Multiple occupancies found in LYS A 131. At least one of the instances is being ignored.
2024-02-28 14:07:18,826 WARNING:main.py:418:setup_molecule:Multiple occupancies found: CA in GLU A 138.
2024-02-28 14:07:18,826 WARNING:main.py:418:setup_molecule:Multiple occupancies found: CB in GLU A 138.
2024-02-28 14:07:18,826 WARNING:main.py:418:setup_molecule:Multiple occupancies found: CG in GLU A 138.
2024-02-28 14:07:18,826 WARNING:main.py:418:setup_molecule:Multiple occupancies found: CD in GLU A 138.
2024-02-28 14:07:18,826 WARNING:main.py:418:setup_molecule:Multiple occupancies found: OE1 in GLU A 138.
2024-02-28 14:07:18,826 WARNING:main.py:418:setup_molecule:Multiple occupancies found: OE2 in GLU A 138.
2024-02-28 14:07:18,826 WARNING:main.py:424:setup_molecule:Multiple occupancies found in GLU A 138. At least one of the instances is being ignored.
2024-02-28 14:07:18,826 WARNING:main.py:418:setup_molecule:Multiple occupancies found: CA in ARG A 148.
2024-02-28 14:07:18,826 WARNING:main.py:418:setup_molecule:Multiple occupancies found: CB in ARG A 148.
2024-02-28 14:07:18,826 WARNING:main.py:418:setup_molecule:Multiple occupancies found: CG in ARG A 148.
2024-02-28 14:07:18,826 WARNING:main.py:418:setup_molecule:Multiple occupancies found: CD in ARG A 148.
2024-02-28 14:07:18,827 WARNING:main.py:418:setup_molecule:Multiple occupancies found: NE in ARG A 148.
2024-02-28 14:07:18,827 WARNING:main.py:418:setup_molecule:Multiple occupancies found: CZ in ARG A 148.
2024-02-28 14:07:18,827 WARNING:main.py:418:setup_molecule:Multiple occupancies found: NH1 in ARG A 148.
2024-02-28 14:07:18,827 WARNING:main.py:418:setup_molecule:Multiple occupancies found: NH2 in ARG A 148.
2024-02-28 14:07:18,827 WARNING:main.py:424:setup_molecule:Multiple occupancies found in ARG A 148. At least one of the instances is being ignored.
2024-02-28 14:07:18,827 WARNING:main.py:418:setup_molecule:Multiple occupancies found: CA in GLU A 152.
2024-02-28 14:07:18,827 WARNING:main.py:418:setup_molecule:Multiple occupancies found: CB in GLU A 152.
2024-02-28 14:07:18,827 WARNING:main.py:418:setup_molecule:Multiple occupancies found: CG in GLU A 152.
2024-02-28 14:07:18,827 WARNING:main.py:418:setup_molecule:Multiple occupancies found: CD in GLU A 152.
2024-02-28 14:07:18,827 WARNING:main.py:418:setup_molecule:Multiple occupancies found: OE1 in GLU A 152.
2024-02-28 14:07:18,827 WARNING:main.py:418:setup_molecule:Multiple occupancies found: OE2 in GLU A 152.
2024-02-28 14:07:18,827 WARNING:main.py:424:setup_molecule:Multiple occupancies found in GLU A 152. At least one of the instances is being ignored.
2024-02-28 14:07:18,827 WARNING:main.py:418:setup_molecule:Multiple occupancies found: CA in MET A 184.
2024-02-28 14:07:18,827 WARNING:main.py:418:setup_molecule:Multiple occupancies found: CB in MET A 184.
2024-02-28 14:07:18,827 WARNING:main.py:418:setup_molecule:Multiple occupancies found: CG in MET A 184.
2024-02-28 14:07:18,827 WARNING:main.py:418:setup_molecule:Multiple occupancies found: SD in MET A 184.
2024-02-28 14:07:18,827 WARNING:main.py:418:setup_molecule:Multiple occupancies found: CE in MET A 184.
2024-02-28 14:07:18,827 WARNING:main.py:424:setup_molecule:Multiple occupancies found in MET A 184. At least one of the instances is being ignored.
2024-02-28 14:07:18,827 WARNING:main.py:418:setup_molecule:Multiple occupancies found: CA in ARG A 192.
2024-02-28 14:07:18,827 WARNING:main.py:418:setup_molecule:Multiple occupancies found: CB in ARG A 192.
2024-02-28 14:07:18,827 WARNING:main.py:418:setup_molecule:Multiple occupancies found: CG in ARG A 192.
2024-02-28 14:07:18,827 WARNING:main.py:418:setup_molecule:Multiple occupancies found: CD in ARG A 192.
2024-02-28 14:07:18,827 WARNING:main.py:418:setup_molecule:Multiple occupancies found: NE in ARG A 192.
2024-02-28 14:07:18,827 WARNING:main.py:418:setup_molecule:Multiple occupancies found: CZ in ARG A 192.
2024-02-28 14:07:18,827 WARNING:main.py:418:setup_molecule:Multiple occupancies found: NH1 in ARG A 192.
2024-02-28 14:07:18,827 WARNING:main.py:418:setup_molecule:Multiple occupancies found: NH2 in ARG A 192.
2024-02-28 14:07:18,827 WARNING:main.py:424:setup_molecule:Multiple occupancies found in ARG A 192. At least one of the instances is being ignored.
2024-02-28 14:07:18,827 WARNING:main.py:418:setup_molecule:Multiple occupancies found: CA in ARG A 203.
2024-02-28 14:07:18,827 WARNING:main.py:418:setup_molecule:Multiple occupancies found: CB in ARG A 203.
2024-02-28 14:07:18,827 WARNING:main.py:418:setup_molecule:Multiple occupancies found: CG in ARG A 203.
2024-02-28 14:07:18,827 WARNING:main.py:418:setup_molecule:Multiple occupancies found: CD in ARG A 203.
2024-02-28 14:07:18,827 WARNING:main.py:418:setup_molecule:Multiple occupancies found: NE in ARG A 203.
2024-02-28 14:07:18,827 WARNING:main.py:418:setup_molecule:Multiple occupancies found: CZ in ARG A 203.
2024-02-28 14:07:18,827 WARNING:main.py:418:setup_molecule:Multiple occupancies found: NH1 in ARG A 203.
2024-02-28 14:07:18,827 WARNING:main.py:418:setup_molecule:Multiple occupancies found: NH2 in ARG A 203.
2024-02-28 14:07:18,827 WARNING:main.py:424:setup_molecule:Multiple occupancies found in ARG A 203. At least one of the instances is being ignored.
2024-02-28 14:07:18,827 WARNING:main.py:418:setup_molecule:Multiple occupancies found: CA in THR A 211.
2024-02-28 14:07:18,828 WARNING:main.py:418:setup_molecule:Multiple occupancies found: CB in THR A 211.
2024-02-28 14:07:18,828 WARNING:main.py:418:setup_molecule:Multiple occupancies found: OG1 in THR A 211.
2024-02-28 14:07:18,828 WARNING:main.py:418:setup_molecule:Multiple occupancies found: CG2 in THR A 211.
2024-02-28 14:07:18,828 WARNING:main.py:424:setup_molecule:Multiple occupancies found in THR A 211. At least one of the instances is being ignored.
2024-02-28 14:07:18,828 WARNING:main.py:418:setup_molecule:Multiple occupancies found: CA in ASP A 214.
2024-02-28 14:07:18,828 WARNING:main.py:418:setup_molecule:Multiple occupancies found: CB in ASP A 214.
2024-02-28 14:07:18,828 WARNING:main.py:418:setup_molecule:Multiple occupancies found: CG in ASP A 214.
2024-02-28 14:07:18,828 WARNING:main.py:418:setup_molecule:Multiple occupancies found: OD1 in ASP A 214.
2024-02-28 14:07:18,828 WARNING:main.py:418:setup_molecule:Multiple occupancies found: OD2 in ASP A 214.
2024-02-28 14:07:18,828 WARNING:main.py:424:setup_molecule:Multiple occupancies found in ASP A 214. At least one of the instances is being ignored.
2024-02-28 14:07:18,828 WARNING:main.py:418:setup_molecule:Multiple occupancies found: CA in ARG A 240.
2024-02-28 14:07:18,828 WARNING:main.py:418:setup_molecule:Multiple occupancies found: CB in ARG A 240.
2024-02-28 14:07:18,828 WARNING:main.py:418:setup_molecule:Multiple occupancies found: CG in ARG A 240.
2024-02-28 14:07:18,828 WARNING:main.py:418:setup_molecule:Multiple occupancies found: CD in ARG A 240.
2024-02-28 14:07:18,828 WARNING:main.py:418:setup_molecule:Multiple occupancies found: NE in ARG A 240.
2024-02-28 14:07:18,828 WARNING:main.py:418:setup_molecule:Multiple occupancies found: CZ in ARG A 240.
2024-02-28 14:07:18,828 WARNING:main.py:418:setup_molecule:Multiple occupancies found: NH1 in ARG A 240.
2024-02-28 14:07:18,828 WARNING:main.py:418:setup_molecule:Multiple occupancies found: NH2 in ARG A 240.
2024-02-28 14:07:18,828 WARNING:main.py:424:setup_molecule:Multiple occupancies found in ARG A 240. At least one of the instances is being ignored.
2024-02-28 14:07:18,828 WARNING:main.py:418:setup_molecule:Multiple occupancies found: CA in ASN A 246.
2024-02-28 14:07:18,828 WARNING:main.py:418:setup_molecule:Multiple occupancies found: CB in ASN A 246.
2024-02-28 14:07:18,828 WARNING:main.py:418:setup_molecule:Multiple occupancies found: CG in ASN A 246.
2024-02-28 14:07:18,828 WARNING:main.py:418:setup_molecule:Multiple occupancies found: OD1 in ASN A 246.
2024-02-28 14:07:18,828 WARNING:main.py:418:setup_molecule:Multiple occupancies found: ND2 in ASN A 246.
2024-02-28 14:07:18,828 WARNING:main.py:424:setup_molecule:Multiple occupancies found in ASN A 246. At least one of the instances is being ignored.
2024-02-28 14:07:18,828 WARNING:main.py:418:setup_molecule:Multiple occupancies found: CA in GLU A 266.
2024-02-28 14:07:18,828 WARNING:main.py:418:setup_molecule:Multiple occupancies found: CB in GLU A 266.
2024-02-28 14:07:18,828 WARNING:main.py:418:setup_molecule:Multiple occupancies found: CG in GLU A 266.
2024-02-28 14:07:18,828 WARNING:main.py:418:setup_molecule:Multiple occupancies found: CD in GLU A 266.
2024-02-28 14:07:18,828 WARNING:main.py:418:setup_molecule:Multiple occupancies found: OE1 in GLU A 266.
2024-02-28 14:07:18,828 WARNING:main.py:418:setup_molecule:Multiple occupancies found: OE2 in GLU A 266.
2024-02-28 14:07:18,828 WARNING:main.py:424:setup_molecule:Multiple occupancies found in GLU A 266. At least one of the instances is being ignored.
2024-02-28 14:07:18,828 WARNING:main.py:418:setup_molecule:Multiple occupancies found: CA in SER A 296.
2024-02-28 14:07:18,828 WARNING:main.py:418:setup_molecule:Multiple occupancies found: CB in SER A 296.
2024-02-28 14:07:18,828 WARNING:main.py:418:setup_molecule:Multiple occupancies found: OG in SER A 296.
2024-02-28 14:07:18,828 WARNING:main.py:424:setup_molecule:Multiple occupancies found in SER A 296. At least one of the instances is being ignored.
2024-02-28 14:07:18,829 WARNING:main.py:418:setup_molecule:Multiple occupancies found: CA in LYS A 339.
2024-02-28 14:07:18,829 WARNING:main.py:418:setup_molecule:Multiple occupancies found: CB in LYS A 339.
2024-02-28 14:07:18,829 WARNING:main.py:418:setup_molecule:Multiple occupancies found: CG in LYS A 339.
2024-02-28 14:07:18,829 WARNING:main.py:418:setup_molecule:Multiple occupancies found: CD in LYS A 339.
2024-02-28 14:07:18,829 WARNING:main.py:418:setup_molecule:Multiple occupancies found: CE in LYS A 339.
2024-02-28 14:07:18,829 WARNING:main.py:418:setup_molecule:Multiple occupancies found: NZ in LYS A 339.
2024-02-28 14:07:18,829 WARNING:main.py:424:setup_molecule:Multiple occupancies found in LYS A 339. At least one of the instances is being ignored.
2024-02-28 14:07:18,829 WARNING:main.py:418:setup_molecule:Multiple occupancies found: CA in VAL A 359.
2024-02-28 14:07:18,829 WARNING:main.py:418:setup_molecule:Multiple occupancies found: CB in VAL A 359.
2024-02-28 14:07:18,829 WARNING:main.py:418:setup_molecule:Multiple occupancies found: CG1 in VAL A 359.
2024-02-28 14:07:18,829 WARNING:main.py:418:setup_molecule:Multiple occupancies found: CG2 in VAL A 359.
2024-02-28 14:07:18,829 WARNING:main.py:424:setup_molecule:Multiple occupancies found in VAL A 359. At least one of the instances is being ignored.
2024-02-28 14:07:18,829 WARNING:main.py:418:setup_molecule:Multiple occupancies found: CA in GLU A 362.
2024-02-28 14:07:18,829 WARNING:main.py:418:setup_molecule:Multiple occupancies found: CB in GLU A 362.
2024-02-28 14:07:18,829 WARNING:main.py:418:setup_molecule:Multiple occupancies found: CG in GLU A 362.
2024-02-28 14:07:18,829 WARNING:main.py:418:setup_molecule:Multiple occupancies found: CD in GLU A 362.
2024-02-28 14:07:18,829 WARNING:main.py:418:setup_molecule:Multiple occupancies found: OE1 in GLU A 362.
2024-02-28 14:07:18,829 WARNING:main.py:418:setup_molecule:Multiple occupancies found: OE2 in GLU A 362.
2024-02-28 14:07:18,829 WARNING:main.py:424:setup_molecule:Multiple occupancies found in GLU A 362. At least one of the instances is being ignored.
2024-02-28 14:07:18,829 WARNING:main.py:418:setup_molecule:Multiple occupancies found: CA in ARG A 365.
2024-02-28 14:07:18,829 WARNING:main.py:418:setup_molecule:Multiple occupancies found: CB in ARG A 365.
2024-02-28 14:07:18,829 WARNING:main.py:418:setup_molecule:Multiple occupancies found: CG in ARG A 365.
2024-02-28 14:07:18,829 WARNING:main.py:418:setup_molecule:Multiple occupancies found: CD in ARG A 365.
2024-02-28 14:07:18,829 WARNING:main.py:418:setup_molecule:Multiple occupancies found: NE in ARG A 365.
2024-02-28 14:07:18,829 WARNING:main.py:418:setup_molecule:Multiple occupancies found: CZ in ARG A 365.
2024-02-28 14:07:18,829 WARNING:main.py:418:setup_molecule:Multiple occupancies found: NH1 in ARG A 365.
2024-02-28 14:07:18,829 WARNING:main.py:418:setup_molecule:Multiple occupancies found: NH2 in ARG A 365.
2024-02-28 14:07:18,829 WARNING:main.py:424:setup_molecule:Multiple occupancies found in ARG A 365. At least one of the instances is being ignored.
2024-02-28 14:07:18,829 WARNING:main.py:418:setup_molecule:Multiple occupancies found: CA in SER A 436.
2024-02-28 14:07:18,829 WARNING:main.py:418:setup_molecule:Multiple occupancies found: CB in SER A 436.
2024-02-28 14:07:18,829 WARNING:main.py:418:setup_molecule:Multiple occupancies found: OG in SER A 436.
2024-02-28 14:07:18,829 WARNING:main.py:424:setup_molecule:Multiple occupancies found in SER A 436. At least one of the instances is being ignored.
2024-02-28 14:07:18,830 WARNING:main.py:418:setup_molecule:Multiple occupancies found: CA in GLU B 63.
2024-02-28 14:07:18,830 WARNING:main.py:418:setup_molecule:Multiple occupancies found: CB in GLU B 63.
2024-02-28 14:07:18,830 WARNING:main.py:418:setup_molecule:Multiple occupancies found: CG in GLU B 63.
2024-02-28 14:07:18,830 WARNING:main.py:418:setup_molecule:Multiple occupancies found: CD in GLU B 63.
2024-02-28 14:07:18,830 WARNING:main.py:418:setup_molecule:Multiple occupancies found: OE1 in GLU B 63.
2024-02-28 14:07:18,830 WARNING:main.py:418:setup_molecule:Multiple occupancies found: OE2 in GLU B 63.
2024-02-28 14:07:18,830 WARNING:main.py:424:setup_molecule:Multiple occupancies found in GLU B 63. At least one of the instances is being ignored.
2024-02-28 14:07:18,830 WARNING:main.py:418:setup_molecule:Multiple occupancies found: CA in GLU B 88.
2024-02-28 14:07:18,830 WARNING:main.py:418:setup_molecule:Multiple occupancies found: CB in GLU B 88.
2024-02-28 14:07:18,830 WARNING:main.py:418:setup_molecule:Multiple occupancies found: CG in GLU B 88.
2024-02-28 14:07:18,830 WARNING:main.py:418:setup_molecule:Multiple occupancies found: CD in GLU B 88.
2024-02-28 14:07:18,830 WARNING:main.py:418:setup_molecule:Multiple occupancies found: OE1 in GLU B 88.
2024-02-28 14:07:18,830 WARNING:main.py:418:setup_molecule:Multiple occupancies found: OE2 in GLU B 88.
2024-02-28 14:07:18,830 WARNING:main.py:424:setup_molecule:Multiple occupancies found in GLU B 88. At least one of the instances is being ignored.
2024-02-28 14:07:18,830 WARNING:main.py:418:setup_molecule:Multiple occupancies found: CA in LYS B 131.
2024-02-28 14:07:18,830 WARNING:main.py:418:setup_molecule:Multiple occupancies found: CB in LYS B 131.
2024-02-28 14:07:18,830 WARNING:main.py:418:setup_molecule:Multiple occupancies found: CG in LYS B 131.
2024-02-28 14:07:18,830 WARNING:main.py:418:setup_molecule:Multiple occupancies found: CD in LYS B 131.
2024-02-28 14:07:18,830 WARNING:main.py:418:setup_molecule:Multiple occupancies found: CE in LYS B 131.
2024-02-28 14:07:18,830 WARNING:main.py:418:setup_molecule:Multiple occupancies found: NZ in LYS B 131.
2024-02-28 14:07:18,830 WARNING:main.py:424:setup_molecule:Multiple occupancies found in LYS B 131. At least one of the instances is being ignored.
2024-02-28 14:07:18,830 WARNING:main.py:418:setup_molecule:Multiple occupancies found: CA in MET B 184.
2024-02-28 14:07:18,830 WARNING:main.py:418:setup_molecule:Multiple occupancies found: CB in MET B 184.
2024-02-28 14:07:18,830 WARNING:main.py:418:setup_molecule:Multiple occupancies found: CG in MET B 184.
2024-02-28 14:07:18,830 WARNING:main.py:418:setup_molecule:Multiple occupancies found: SD in MET B 184.
2024-02-28 14:07:18,830 WARNING:main.py:418:setup_molecule:Multiple occupancies found: CE in MET B 184.
2024-02-28 14:07:18,830 WARNING:main.py:424:setup_molecule:Multiple occupancies found in MET B 184. At least one of the instances is being ignored.
2024-02-28 14:07:18,830 WARNING:main.py:418:setup_molecule:Multiple occupancies found: CA in ARG B 185.
2024-02-28 14:07:18,830 WARNING:main.py:418:setup_molecule:Multiple occupancies found: CB in ARG B 185.
2024-02-28 14:07:18,830 WARNING:main.py:418:setup_molecule:Multiple occupancies found: CG in ARG B 185.
2024-02-28 14:07:18,830 WARNING:main.py:418:setup_molecule:Multiple occupancies found: CD in ARG B 185.
2024-02-28 14:07:18,830 WARNING:main.py:418:setup_molecule:Multiple occupancies found: NE in ARG B 185.
2024-02-28 14:07:18,830 WARNING:main.py:418:setup_molecule:Multiple occupancies found: CZ in ARG B 185.
2024-02-28 14:07:18,830 WARNING:main.py:418:setup_molecule:Multiple occupancies found: NH1 in ARG B 185.
2024-02-28 14:07:18,831 WARNING:main.py:418:setup_molecule:Multiple occupancies found: NH2 in ARG B 185.
2024-02-28 14:07:18,831 WARNING:main.py:424:setup_molecule:Multiple occupancies found in ARG B 185. At least one of the instances is being ignored.
2024-02-28 14:07:18,831 WARNING:main.py:418:setup_molecule:Multiple occupancies found: CB in ARG B 203.
2024-02-28 14:07:18,831 WARNING:main.py:418:setup_molecule:Multiple occupancies found: CG in ARG B 203.
2024-02-28 14:07:18,831 WARNING:main.py:418:setup_molecule:Multiple occupancies found: CD in ARG B 203.
2024-02-28 14:07:18,831 WARNING:main.py:418:setup_molecule:Multiple occupancies found: NE in ARG B 203.
2024-02-28 14:07:18,831 WARNING:main.py:418:setup_molecule:Multiple occupancies found: CZ in ARG B 203.
2024-02-28 14:07:18,831 WARNING:main.py:418:setup_molecule:Multiple occupancies found: NH1 in ARG B 203.
2024-02-28 14:07:18,831 WARNING:main.py:418:setup_molecule:Multiple occupancies found: NH2 in ARG B 203.
2024-02-28 14:07:18,831 WARNING:main.py:424:setup_molecule:Multiple occupancies found in ARG B 203. At least one of the instances is being ignored.
2024-02-28 14:07:18,831 WARNING:main.py:418:setup_molecule:Multiple occupancies found: CA in ARG B 237.
2024-02-28 14:07:18,831 WARNING:main.py:418:setup_molecule:Multiple occupancies found: CB in ARG B 237.
2024-02-28 14:07:18,831 WARNING:main.py:418:setup_molecule:Multiple occupancies found: CG in ARG B 237.
2024-02-28 14:07:18,831 WARNING:main.py:418:setup_molecule:Multiple occupancies found: CD in ARG B 237.
2024-02-28 14:07:18,831 WARNING:main.py:418:setup_molecule:Multiple occupancies found: NE in ARG B 237.
2024-02-28 14:07:18,831 WARNING:main.py:418:setup_molecule:Multiple occupancies found: CZ in ARG B 237.
2024-02-28 14:07:18,831 WARNING:main.py:418:setup_molecule:Multiple occupancies found: NH1 in ARG B 237.
2024-02-28 14:07:18,831 WARNING:main.py:418:setup_molecule:Multiple occupancies found: NH2 in ARG B 237.
2024-02-28 14:07:18,831 WARNING:main.py:424:setup_molecule:Multiple occupancies found in ARG B 237. At least one of the instances is being ignored.
2024-02-28 14:07:18,831 WARNING:main.py:418:setup_molecule:Multiple occupancies found: CA in GLU B 270.
2024-02-28 14:07:18,831 WARNING:main.py:418:setup_molecule:Multiple occupancies found: CB in GLU B 270.
2024-02-28 14:07:18,831 WARNING:main.py:418:setup_molecule:Multiple occupancies found: CG in GLU B 270.
2024-02-28 14:07:18,831 WARNING:main.py:418:setup_molecule:Multiple occupancies found: CD in GLU B 270.
2024-02-28 14:07:18,831 WARNING:main.py:418:setup_molecule:Multiple occupancies found: OE1 in GLU B 270.
2024-02-28 14:07:18,831 WARNING:main.py:418:setup_molecule:Multiple occupancies found: OE2 in GLU B 270.
2024-02-28 14:07:18,831 WARNING:main.py:424:setup_molecule:Multiple occupancies found in GLU B 270. At least one of the instances is being ignored.
2024-02-28 14:07:18,831 WARNING:main.py:418:setup_molecule:Multiple occupancies found: CA in VAL B 300.
2024-02-28 14:07:18,831 WARNING:main.py:418:setup_molecule:Multiple occupancies found: CB in VAL B 300.
2024-02-28 14:07:18,831 WARNING:main.py:418:setup_molecule:Multiple occupancies found: CG1 in VAL B 300.
2024-02-28 14:07:18,831 WARNING:main.py:418:setup_molecule:Multiple occupancies found: CG2 in VAL B 300.
2024-02-28 14:07:18,831 WARNING:main.py:424:setup_molecule:Multiple occupancies found in VAL B 300. At least one of the instances is being ignored.
2024-02-28 14:07:18,951 WARNING:biomolecule.py:615:update_bonds:Gap in backbone detected between LYS A 232 and ILE A 236!
2024-02-28 14:07:19,166 WARNING:biomolecule.py:615:update_bonds:Gap in backbone detected between PRO A 304 and ALA A 308!
2024-02-28 14:07:19,169 WARNING:biomolecule.py:615:update_bonds:Gap in backbone detected between ALA B 306 and ALA B 308!
2024-02-28 14:07:19,196 WARNING:biomolecule.py:157:num_missing_heavy:Missing atom CG in residue GLU A 8
2024-02-28 14:07:19,196 WARNING:biomolecule.py:157:num_missing_heavy:Missing atom CD in residue GLU A 8
2024-02-28 14:07:19,196 WARNING:biomolecule.py:157:num_missing_heavy:Missing atom OE1 in residue GLU A 8
2024-02-28 14:07:19,196 WARNING:biomolecule.py:157:num_missing_heavy:Missing atom OE2 in residue GLU A 8
2024-02-28 14:07:19,217 WARNING:biomolecule.py:157:num_missing_heavy:Missing atom CB in residue LYS A 213
2024-02-28 14:07:19,217 WARNING:biomolecule.py:157:num_missing_heavy:Missing atom CG in residue LYS A 213
2024-02-28 14:07:19,217 WARNING:biomolecule.py:157:num_missing_heavy:Missing atom CD in residue LYS A 213
2024-02-28 14:07:19,217 WARNING:biomolecule.py:157:num_missing_heavy:Missing atom CE in residue LYS A 213
2024-02-28 14:07:19,217 WARNING:biomolecule.py:157:num_missing_heavy:Missing atom NZ in residue LYS A 213
2024-02-28 14:07:19,218 WARNING:biomolecule.py:157:num_missing_heavy:Missing atom CD in residue LYS A 309
2024-02-28 14:07:19,218 WARNING:biomolecule.py:157:num_missing_heavy:Missing atom CE in residue LYS A 309
2024-02-28 14:07:19,218 WARNING:biomolecule.py:157:num_missing_heavy:Missing atom NZ in residue LYS A 309
2024-02-28 14:07:19,218 WARNING:biomolecule.py:157:num_missing_heavy:Missing atom CD in residue LYS A 440
2024-02-28 14:07:19,218 WARNING:biomolecule.py:157:num_missing_heavy:Missing atom CE in residue LYS A 440
2024-02-28 14:07:19,219 WARNING:biomolecule.py:157:num_missing_heavy:Missing atom NZ in residue LYS A 440
2024-02-28 14:07:19,219 WARNING:biomolecule.py:157:num_missing_heavy:Missing atom OXT in residue GLU A 445
2024-02-28 14:07:19,219 WARNING:biomolecule.py:157:num_missing_heavy:Missing atom CB in residue GLU B 8
2024-02-28 14:07:19,219 WARNING:biomolecule.py:157:num_missing_heavy:Missing atom CG in residue GLU B 8
2024-02-28 14:07:19,219 WARNING:biomolecule.py:157:num_missing_heavy:Missing atom CD in residue GLU B 8
2024-02-28 14:07:19,219 WARNING:biomolecule.py:157:num_missing_heavy:Missing atom OE1 in residue GLU B 8
2024-02-28 14:07:19,219 WARNING:biomolecule.py:157:num_missing_heavy:Missing atom OE2 in residue GLU B 8
2024-02-28 14:07:19,219 WARNING:biomolecule.py:157:num_missing_heavy:Missing atom CD in residue LYS B 70
2024-02-28 14:07:19,219 WARNING:biomolecule.py:157:num_missing_heavy:Missing atom CE in residue LYS B 70
2024-02-28 14:07:19,219 WARNING:biomolecule.py:157:num_missing_heavy:Missing atom NZ in residue LYS B 70
2024-02-28 14:07:19,219 WARNING:biomolecule.py:157:num_missing_heavy:Missing atom CG in residue LYS B 74
2024-02-28 14:07:19,219 WARNING:biomolecule.py:157:num_missing_heavy:Missing atom CD in residue LYS B 74
2024-02-28 14:07:19,219 WARNING:biomolecule.py:157:num_missing_heavy:Missing atom CE in residue LYS B 74
2024-02-28 14:07:19,219 WARNING:biomolecule.py:157:num_missing_heavy:Missing atom NZ in residue LYS B 74
2024-02-28 14:07:19,219 WARNING:biomolecule.py:157:num_missing_heavy:Missing atom CD in residue ARG B 92
2024-02-28 14:07:19,219 WARNING:biomolecule.py:157:num_missing_heavy:Missing atom NE in residue ARG B 92
2024-02-28 14:07:19,219 WARNING:biomolecule.py:157:num_missing_heavy:Missing atom CZ in residue ARG B 92
2024-02-28 14:07:19,219 WARNING:biomolecule.py:157:num_missing_heavy:Missing atom NH1 in residue ARG B 92
2024-02-28 14:07:19,219 WARNING:biomolecule.py:157:num_missing_heavy:Missing atom NH2 in residue ARG B 92
2024-02-28 14:07:19,220 WARNING:biomolecule.py:157:num_missing_heavy:Missing atom CG in residue GLU B 110
2024-02-28 14:07:19,220 WARNING:biomolecule.py:157:num_missing_heavy:Missing atom CD in residue GLU B 110
2024-02-28 14:07:19,220 WARNING:biomolecule.py:157:num_missing_heavy:Missing atom OE1 in residue GLU B 110
2024-02-28 14:07:19,220 WARNING:biomolecule.py:157:num_missing_heavy:Missing atom OE2 in residue GLU B 110
2024-02-28 14:07:19,220 WARNING:biomolecule.py:157:num_missing_heavy:Missing atom CB in residue LYS B 213
2024-02-28 14:07:19,220 WARNING:biomolecule.py:157:num_missing_heavy:Missing atom CG in residue LYS B 213
2024-02-28 14:07:19,220 WARNING:biomolecule.py:157:num_missing_heavy:Missing atom CD in residue LYS B 213
2024-02-28 14:07:19,220 WARNING:biomolecule.py:157:num_missing_heavy:Missing atom CE in residue LYS B 213
2024-02-28 14:07:19,220 WARNING:biomolecule.py:157:num_missing_heavy:Missing atom NZ in residue LYS B 213
2024-02-28 14:07:19,220 WARNING:biomolecule.py:157:num_missing_heavy:Missing atom CB in residue ASP B 214
2024-02-28 14:07:19,220 WARNING:biomolecule.py:157:num_missing_heavy:Missing atom CG in residue ASP B 214
2024-02-28 14:07:19,220 WARNING:biomolecule.py:157:num_missing_heavy:Missing atom OD1 in residue ASP B 214
2024-02-28 14:07:19,220 WARNING:biomolecule.py:157:num_missing_heavy:Missing atom OD2 in residue ASP B 214
2024-02-28 14:07:19,220 WARNING:biomolecule.py:157:num_missing_heavy:Missing atom CG in residue LYS B 216
2024-02-28 14:07:19,220 WARNING:biomolecule.py:157:num_missing_heavy:Missing atom CD in residue LYS B 216
2024-02-28 14:07:19,220 WARNING:biomolecule.py:157:num_missing_heavy:Missing atom CE in residue LYS B 216
2024-02-28 14:07:19,221 WARNING:biomolecule.py:157:num_missing_heavy:Missing atom NZ in residue LYS B 216
2024-02-28 14:07:19,221 WARNING:biomolecule.py:157:num_missing_heavy:Missing atom CG in residue GLU B 231
2024-02-28 14:07:19,221 WARNING:biomolecule.py:157:num_missing_heavy:Missing atom CD in residue GLU B 231
2024-02-28 14:07:19,221 WARNING:biomolecule.py:157:num_missing_heavy:Missing atom OE1 in residue GLU B 231
2024-02-28 14:07:19,221 WARNING:biomolecule.py:157:num_missing_heavy:Missing atom OE2 in residue GLU B 231
2024-02-28 14:07:19,221 WARNING:biomolecule.py:157:num_missing_heavy:Missing atom CG in residue LYS B 232
2024-02-28 14:07:19,221 WARNING:biomolecule.py:157:num_missing_heavy:Missing atom CD in residue LYS B 232
2024-02-28 14:07:19,221 WARNING:biomolecule.py:157:num_missing_heavy:Missing atom CE in residue LYS B 232
2024-02-28 14:07:19,221 WARNING:biomolecule.py:157:num_missing_heavy:Missing atom NZ in residue LYS B 232
2024-02-28 14:07:19,245 WARNING:biomolecule.py:157:num_missing_heavy:Missing atom CE in residue LYS B 309
2024-02-28 14:07:19,245 WARNING:biomolecule.py:157:num_missing_heavy:Missing atom NZ in residue LYS B 309
2024-02-28 14:07:19,246 WARNING:biomolecule.py:157:num_missing_heavy:Missing atom CG in residue GLU B 314
2024-02-28 14:07:19,246 WARNING:biomolecule.py:157:num_missing_heavy:Missing atom CD in residue GLU B 314
2024-02-28 14:07:19,246 WARNING:biomolecule.py:157:num_missing_heavy:Missing atom OE1 in residue GLU B 314
2024-02-28 14:07:19,246 WARNING:biomolecule.py:157:num_missing_heavy:Missing atom OE2 in residue GLU B 314
2024-02-28 14:07:19,246 WARNING:biomolecule.py:157:num_missing_heavy:Missing atom CB in residue GLU B 362
2024-02-28 14:07:19,246 WARNING:biomolecule.py:157:num_missing_heavy:Missing atom CG in residue GLU B 362
2024-02-28 14:07:19,246 WARNING:biomolecule.py:157:num_missing_heavy:Missing atom CD in residue GLU B 362
2024-02-28 14:07:19,246 WARNING:biomolecule.py:157:num_missing_heavy:Missing atom OE1 in residue GLU B 362
2024-02-28 14:07:19,246 WARNING:biomolecule.py:157:num_missing_heavy:Missing atom OE2 in residue GLU B 362
2024-02-28 14:07:19,246 WARNING:biomolecule.py:157:num_missing_heavy:Missing atom CD in residue LYS B 425
2024-02-28 14:07:19,246 WARNING:biomolecule.py:157:num_missing_heavy:Missing atom CE in residue LYS B 425
2024-02-28 14:07:19,246 WARNING:biomolecule.py:157:num_missing_heavy:Missing atom NZ in residue LYS B 425
2024-02-28 14:07:19,246 WARNING:biomolecule.py:157:num_missing_heavy:Missing atom CG in residue LYS B 440
2024-02-28 14:07:19,246 WARNING:biomolecule.py:157:num_missing_heavy:Missing atom CD in residue LYS B 440
2024-02-28 14:07:19,247 WARNING:biomolecule.py:157:num_missing_heavy:Missing atom CE in residue LYS B 440
2024-02-28 14:07:19,247 WARNING:biomolecule.py:157:num_missing_heavy:Missing atom NZ in residue LYS B 440
2024-02-28 14:07:19,247 WARNING:biomolecule.py:157:num_missing_heavy:Missing atom OXT in residue GLU B 445
2024-02-28 14:07:19,247 WARNING:biomolecule.py:157:num_missing_heavy:Missing atom CG in residue GLU A 8
2024-02-28 14:07:19,247 WARNING:biomolecule.py:157:num_missing_heavy:Missing atom CD in residue GLU A 8
2024-02-28 14:07:19,247 WARNING:biomolecule.py:157:num_missing_heavy:Missing atom OE1 in residue GLU A 8
2024-02-28 14:07:19,247 WARNING:biomolecule.py:157:num_missing_heavy:Missing atom OE2 in residue GLU A 8
2024-02-28 14:07:19,248 WARNING:biomolecule.py:157:num_missing_heavy:Missing atom CB in residue LYS A 213
2024-02-28 14:07:19,248 WARNING:biomolecule.py:157:num_missing_heavy:Missing atom CG in residue LYS A 213
2024-02-28 14:07:19,248 WARNING:biomolecule.py:157:num_missing_heavy:Missing atom CD in residue LYS A 213
2024-02-28 14:07:19,248 WARNING:biomolecule.py:157:num_missing_heavy:Missing atom CE in residue LYS A 213
2024-02-28 14:07:19,248 WARNING:biomolecule.py:157:num_missing_heavy:Missing atom NZ in residue LYS A 213
2024-02-28 14:07:19,248 WARNING:biomolecule.py:157:num_missing_heavy:Missing atom CD in residue LYS A 309
2024-02-28 14:07:19,248 WARNING:biomolecule.py:157:num_missing_heavy:Missing atom CE in residue LYS A 309
2024-02-28 14:07:19,248 WARNING:biomolecule.py:157:num_missing_heavy:Missing atom NZ in residue LYS A 309
2024-02-28 14:07:19,249 WARNING:biomolecule.py:157:num_missing_heavy:Missing atom CD in residue LYS A 440
2024-02-28 14:07:19,249 WARNING:biomolecule.py:157:num_missing_heavy:Missing atom CE in residue LYS A 440
2024-02-28 14:07:19,249 WARNING:biomolecule.py:157:num_missing_heavy:Missing atom NZ in residue LYS A 440
2024-02-28 14:07:19,249 WARNING:biomolecule.py:157:num_missing_heavy:Missing atom OXT in residue GLU A 445
2024-02-28 14:07:19,249 WARNING:biomolecule.py:157:num_missing_heavy:Missing atom CB in residue GLU B 8
2024-02-28 14:07:19,273 WARNING:biomolecule.py:157:num_missing_heavy:Missing atom CG in residue GLU B 8
2024-02-28 14:07:19,273 WARNING:biomolecule.py:157:num_missing_heavy:Missing atom CD in residue GLU B 8
2024-02-28 14:07:19,273 WARNING:biomolecule.py:157:num_missing_heavy:Missing atom OE1 in residue GLU B 8
2024-02-28 14:07:19,273 WARNING:biomolecule.py:157:num_missing_heavy:Missing atom OE2 in residue GLU B 8
2024-02-28 14:07:19,274 WARNING:biomolecule.py:157:num_missing_heavy:Missing atom CD in residue LYS B 70
2024-02-28 14:07:19,274 WARNING:biomolecule.py:157:num_missing_heavy:Missing atom CE in residue LYS B 70
2024-02-28 14:07:19,274 WARNING:biomolecule.py:157:num_missing_heavy:Missing atom NZ in residue LYS B 70
2024-02-28 14:07:19,274 WARNING:biomolecule.py:157:num_missing_heavy:Missing atom CG in residue LYS B 74
2024-02-28 14:07:19,274 WARNING:biomolecule.py:157:num_missing_heavy:Missing atom CD in residue LYS B 74
2024-02-28 14:07:19,274 WARNING:biomolecule.py:157:num_missing_heavy:Missing atom CE in residue LYS B 74
2024-02-28 14:07:19,274 WARNING:biomolecule.py:157:num_missing_heavy:Missing atom NZ in residue LYS B 74
2024-02-28 14:07:19,274 WARNING:biomolecule.py:157:num_missing_heavy:Missing atom CD in residue ARG B 92
2024-02-28 14:07:19,274 WARNING:biomolecule.py:157:num_missing_heavy:Missing atom NE in residue ARG B 92
2024-02-28 14:07:19,274 WARNING:biomolecule.py:157:num_missing_heavy:Missing atom CZ in residue ARG B 92
2024-02-28 14:07:19,274 WARNING:biomolecule.py:157:num_missing_heavy:Missing atom NH1 in residue ARG B 92
2024-02-28 14:07:19,274 WARNING:biomolecule.py:157:num_missing_heavy:Missing atom NH2 in residue ARG B 92
2024-02-28 14:07:19,274 WARNING:biomolecule.py:157:num_missing_heavy:Missing atom CG in residue GLU B 110
2024-02-28 14:07:19,274 WARNING:biomolecule.py:157:num_missing_heavy:Missing atom CD in residue GLU B 110
2024-02-28 14:07:19,274 WARNING:biomolecule.py:157:num_missing_heavy:Missing atom OE1 in residue GLU B 110
2024-02-28 14:07:19,274 WARNING:biomolecule.py:157:num_missing_heavy:Missing atom OE2 in residue GLU B 110
2024-02-28 14:07:19,275 WARNING:biomolecule.py:157:num_missing_heavy:Missing atom CB in residue LYS B 213
2024-02-28 14:07:19,275 WARNING:biomolecule.py:157:num_missing_heavy:Missing atom CG in residue LYS B 213
2024-02-28 14:07:19,275 WARNING:biomolecule.py:157:num_missing_heavy:Missing atom CD in residue LYS B 213
2024-02-28 14:07:19,345 WARNING:biomolecule.py:157:num_missing_heavy:Missing atom CE in residue LYS B 213
2024-02-28 14:07:19,445 WARNING:biomolecule.py:157:num_missing_heavy:Missing atom NZ in residue LYS B 213
2024-02-28 14:07:19,445 WARNING:biomolecule.py:157:num_missing_heavy:Missing atom CB in residue ASP B 214
2024-02-28 14:07:19,445 WARNING:biomolecule.py:157:num_missing_heavy:Missing atom CG in residue ASP B 214
2024-02-28 14:07:19,445 WARNING:biomolecule.py:157:num_missing_heavy:Missing atom OD1 in residue ASP B 214
2024-02-28 14:07:19,445 WARNING:biomolecule.py:157:num_missing_heavy:Missing atom OD2 in residue ASP B 214
2024-02-28 14:07:19,445 WARNING:biomolecule.py:157:num_missing_heavy:Missing atom CG in residue LYS B 216
2024-02-28 14:07:19,445 WARNING:biomolecule.py:157:num_missing_heavy:Missing atom CD in residue LYS B 216
2024-02-28 14:07:19,445 WARNING:biomolecule.py:157:num_missing_heavy:Missing atom CE in residue LYS B 216
2024-02-28 14:07:19,445 WARNING:biomolecule.py:157:num_missing_heavy:Missing atom NZ in residue LYS B 216
2024-02-28 14:07:19,446 WARNING:biomolecule.py:157:num_missing_heavy:Missing atom CG in residue GLU B 231
2024-02-28 14:07:19,446 WARNING:biomolecule.py:157:num_missing_heavy:Missing atom CD in residue GLU B 231
2024-02-28 14:07:19,446 WARNING:biomolecule.py:157:num_missing_heavy:Missing atom OE1 in residue GLU B 231
2024-02-28 14:07:19,446 WARNING:biomolecule.py:157:num_missing_heavy:Missing atom OE2 in residue GLU B 231
2024-02-28 14:07:19,446 WARNING:biomolecule.py:157:num_missing_heavy:Missing atom CG in residue LYS B 232
2024-02-28 14:07:19,446 WARNING:biomolecule.py:157:num_missing_heavy:Missing atom CD in residue LYS B 232
2024-02-28 14:07:19,446 WARNING:biomolecule.py:157:num_missing_heavy:Missing atom CE in residue LYS B 232
2024-02-28 14:07:19,446 WARNING:biomolecule.py:157:num_missing_heavy:Missing atom NZ in residue LYS B 232
2024-02-28 14:07:19,446 WARNING:biomolecule.py:157:num_missing_heavy:Missing atom CE in residue LYS B 309
2024-02-28 14:07:19,446 WARNING:biomolecule.py:157:num_missing_heavy:Missing atom NZ in residue LYS B 309
2024-02-28 14:07:19,446 WARNING:biomolecule.py:157:num_missing_heavy:Missing atom CG in residue GLU B 314
2024-02-28 14:07:19,446 WARNING:biomolecule.py:157:num_missing_heavy:Missing atom CD in residue GLU B 314
2024-02-28 14:07:19,446 WARNING:biomolecule.py:157:num_missing_heavy:Missing atom OE1 in residue GLU B 314
2024-02-28 14:07:19,446 WARNING:biomolecule.py:157:num_missing_heavy:Missing atom OE2 in residue GLU B 314
2024-02-28 14:07:19,447 WARNING:biomolecule.py:157:num_missing_heavy:Missing atom CB in residue GLU B 362
2024-02-28 14:07:19,447 WARNING:biomolecule.py:157:num_missing_heavy:Missing atom CG in residue GLU B 362
2024-02-28 14:07:19,447 WARNING:biomolecule.py:157:num_missing_heavy:Missing atom CD in residue GLU B 362
2024-02-28 14:07:19,447 WARNING:biomolecule.py:157:num_missing_heavy:Missing atom OE1 in residue GLU B 362
2024-02-28 14:07:19,447 WARNING:biomolecule.py:157:num_missing_heavy:Missing atom OE2 in residue GLU B 362
2024-02-28 14:07:19,447 WARNING:biomolecule.py:157:num_missing_heavy:Missing atom CD in residue LYS B 425
2024-02-28 14:07:19,447 WARNING:biomolecule.py:157:num_missing_heavy:Missing atom CE in residue LYS B 425
2024-02-28 14:07:19,447 WARNING:biomolecule.py:157:num_missing_heavy:Missing atom NZ in residue LYS B 425
2024-02-28 14:07:19,447 WARNING:biomolecule.py:157:num_missing_heavy:Missing atom CG in residue LYS B 440
2024-02-28 14:07:19,447 WARNING:biomolecule.py:157:num_missing_heavy:Missing atom CD in residue LYS B 440
2024-02-28 14:07:19,447 WARNING:biomolecule.py:157:num_missing_heavy:Missing atom CE in residue LYS B 440
2024-02-28 14:07:19,447 WARNING:biomolecule.py:157:num_missing_heavy:Missing atom NZ in residue LYS B 440
2024-02-28 14:07:19,447 WARNING:biomolecule.py:157:num_missing_heavy:Missing atom OXT in residue GLU B 445
2024-02-28 14:07:19,448 WARNING:biomolecule.py:157:num_missing_heavy:Missing atom CG in residue GLU A 8
2024-02-28 14:07:19,448 WARNING:biomolecule.py:157:num_missing_heavy:Missing atom CD in residue GLU A 8
2024-02-28 14:07:19,448 WARNING:biomolecule.py:157:num_missing_heavy:Missing atom OE1 in residue GLU A 8
2024-02-28 14:07:19,448 WARNING:biomolecule.py:157:num_missing_heavy:Missing atom OE2 in residue GLU A 8
2024-02-28 14:07:19,449 WARNING:biomolecule.py:157:num_missing_heavy:Missing atom CB in residue LYS A 213
2024-02-28 14:07:19,449 WARNING:biomolecule.py:157:num_missing_heavy:Missing atom CG in residue LYS A 213
2024-02-28 14:07:19,449 WARNING:biomolecule.py:157:num_missing_heavy:Missing atom CD in residue LYS A 213
2024-02-28 14:07:19,449 WARNING:biomolecule.py:157:num_missing_heavy:Missing atom CE in residue LYS A 213
2024-02-28 14:07:19,449 WARNING:biomolecule.py:157:num_missing_heavy:Missing atom NZ in residue LYS A 213
2024-02-28 14:07:19,467 WARNING:biomolecule.py:157:num_missing_heavy:Missing atom CD in residue LYS A 309
2024-02-28 14:07:19,494 WARNING:biomolecule.py:157:num_missing_heavy:Missing atom CE in residue LYS A 309
2024-02-28 14:07:19,494 WARNING:biomolecule.py:157:num_missing_heavy:Missing atom NZ in residue LYS A 309
2024-02-28 14:07:19,495 WARNING:biomolecule.py:157:num_missing_heavy:Missing atom CD in residue LYS A 440
2024-02-28 14:07:19,495 WARNING:biomolecule.py:157:num_missing_heavy:Missing atom CE in residue LYS A 440
2024-02-28 14:07:19,495 WARNING:biomolecule.py:157:num_missing_heavy:Missing atom NZ in residue LYS A 440
2024-02-28 14:07:19,495 WARNING:biomolecule.py:157:num_missing_heavy:Missing atom OXT in residue GLU A 445
2024-02-28 14:07:19,495 WARNING:biomolecule.py:157:num_missing_heavy:Missing atom CB in residue GLU B 8
2024-02-28 14:07:19,533 WARNING:biomolecule.py:157:num_missing_heavy:Missing atom CG in residue GLU B 8
2024-02-28 14:07:19,533 WARNING:biomolecule.py:157:num_missing_heavy:Missing atom CD in residue GLU B 8
2024-02-28 14:07:19,533 WARNING:biomolecule.py:157:num_missing_heavy:Missing atom OE1 in residue GLU B 8
2024-02-28 14:07:19,533 WARNING:biomolecule.py:157:num_missing_heavy:Missing atom OE2 in residue GLU B 8
2024-02-28 14:07:19,534 WARNING:biomolecule.py:157:num_missing_heavy:Missing atom CD in residue LYS B 70
2024-02-28 14:07:19,534 WARNING:biomolecule.py:157:num_missing_heavy:Missing atom CE in residue LYS B 70
2024-02-28 14:07:19,534 WARNING:biomolecule.py:157:num_missing_heavy:Missing atom NZ in residue LYS B 70
2024-02-28 14:07:19,534 WARNING:biomolecule.py:157:num_missing_heavy:Missing atom CG in residue LYS B 74
2024-02-28 14:07:19,534 WARNING:biomolecule.py:157:num_missing_heavy:Missing atom CD in residue LYS B 74
2024-02-28 14:07:19,534 WARNING:biomolecule.py:157:num_missing_heavy:Missing atom CE in residue LYS B 74
2024-02-28 14:07:19,534 WARNING:biomolecule.py:157:num_missing_heavy:Missing atom NZ in residue LYS B 74
2024-02-28 14:07:19,534 WARNING:biomolecule.py:157:num_missing_heavy:Missing atom CD in residue ARG B 92
2024-02-28 14:07:19,534 WARNING:biomolecule.py:157:num_missing_heavy:Missing atom NE in residue ARG B 92
2024-02-28 14:07:19,534 WARNING:biomolecule.py:157:num_missing_heavy:Missing atom CZ in residue ARG B 92
2024-02-28 14:07:19,534 WARNING:biomolecule.py:157:num_missing_heavy:Missing atom NH1 in residue ARG B 92
2024-02-28 14:07:19,534 WARNING:biomolecule.py:157:num_missing_heavy:Missing atom NH2 in residue ARG B 92
2024-02-28 14:07:19,534 WARNING:biomolecule.py:157:num_missing_heavy:Missing atom CG in residue GLU B 110
2024-02-28 14:07:19,534 WARNING:biomolecule.py:157:num_missing_heavy:Missing atom CD in residue GLU B 110
2024-02-28 14:07:19,535 WARNING:biomolecule.py:157:num_missing_heavy:Missing atom OE1 in residue GLU B 110
2024-02-28 14:07:19,535 WARNING:biomolecule.py:157:num_missing_heavy:Missing atom OE2 in residue GLU B 110
2024-02-28 14:07:19,535 WARNING:biomolecule.py:157:num_missing_heavy:Missing atom CB in residue LYS B 213
2024-02-28 14:07:19,535 WARNING:biomolecule.py:157:num_missing_heavy:Missing atom CG in residue LYS B 213
2024-02-28 14:07:19,535 WARNING:biomolecule.py:157:num_missing_heavy:Missing atom CD in residue LYS B 213
2024-02-28 14:07:19,535 WARNING:biomolecule.py:157:num_missing_heavy:Missing atom CE in residue LYS B 213
2024-02-28 14:07:19,535 WARNING:biomolecule.py:157:num_missing_heavy:Missing atom NZ in residue LYS B 213
2024-02-28 14:07:19,535 WARNING:biomolecule.py:157:num_missing_heavy:Missing atom CB in residue ASP B 214
2024-02-28 14:07:19,535 WARNING:biomolecule.py:157:num_missing_heavy:Missing atom CG in residue ASP B 214
2024-02-28 14:07:19,535 WARNING:biomolecule.py:157:num_missing_heavy:Missing atom OD1 in residue ASP B 214
2024-02-28 14:07:19,535 WARNING:biomolecule.py:157:num_missing_heavy:Missing atom OD2 in residue ASP B 214
2024-02-28 14:07:19,535 WARNING:biomolecule.py:157:num_missing_heavy:Missing atom CG in residue LYS B 216
2024-02-28 14:07:19,535 WARNING:biomolecule.py:157:num_missing_heavy:Missing atom CD in residue LYS B 216
2024-02-28 14:07:19,535 WARNING:biomolecule.py:157:num_missing_heavy:Missing atom CE in residue LYS B 216
2024-02-28 14:07:19,535 WARNING:biomolecule.py:157:num_missing_heavy:Missing atom NZ in residue LYS B 216
2024-02-28 14:07:19,536 WARNING:biomolecule.py:157:num_missing_heavy:Missing atom CG in residue GLU B 231
2024-02-28 14:07:19,536 WARNING:biomolecule.py:157:num_missing_heavy:Missing atom CD in residue GLU B 231
2024-02-28 14:07:19,536 WARNING:biomolecule.py:157:num_missing_heavy:Missing atom OE1 in residue GLU B 231
2024-02-28 14:07:19,536 WARNING:biomolecule.py:157:num_missing_heavy:Missing atom OE2 in residue GLU B 231
2024-02-28 14:07:19,536 WARNING:biomolecule.py:157:num_missing_heavy:Missing atom CG in residue LYS B 232
2024-02-28 14:07:19,536 WARNING:biomolecule.py:157:num_missing_heavy:Missing atom CD in residue LYS B 232
2024-02-28 14:07:19,536 WARNING:biomolecule.py:157:num_missing_heavy:Missing atom CE in residue LYS B 232
2024-02-28 14:07:19,536 WARNING:biomolecule.py:157:num_missing_heavy:Missing atom NZ in residue LYS B 232
2024-02-28 14:07:19,536 WARNING:biomolecule.py:157:num_missing_heavy:Missing atom CE in residue LYS B 309
2024-02-28 14:07:19,536 WARNING:biomolecule.py:157:num_missing_heavy:Missing atom NZ in residue LYS B 309
2024-02-28 14:07:19,536 WARNING:biomolecule.py:157:num_missing_heavy:Missing atom CG in residue GLU B 314
2024-02-28 14:07:19,536 WARNING:biomolecule.py:157:num_missing_heavy:Missing atom CD in residue GLU B 314
2024-02-28 14:07:19,536 WARNING:biomolecule.py:157:num_missing_heavy:Missing atom OE1 in residue GLU B 314
2024-02-28 14:07:19,536 WARNING:biomolecule.py:157:num_missing_heavy:Missing atom OE2 in residue GLU B 314
2024-02-28 14:07:19,537 WARNING:biomolecule.py:157:num_missing_heavy:Missing atom CB in residue GLU B 362
2024-02-28 14:07:19,537 WARNING:biomolecule.py:157:num_missing_heavy:Missing atom CG in residue GLU B 362
2024-02-28 14:07:19,537 WARNING:biomolecule.py:157:num_missing_heavy:Missing atom CD in residue GLU B 362
2024-02-28 14:07:19,537 WARNING:biomolecule.py:157:num_missing_heavy:Missing atom OE1 in residue GLU B 362
2024-02-28 14:07:19,537 WARNING:biomolecule.py:157:num_missing_heavy:Missing atom OE2 in residue GLU B 362
2024-02-28 14:07:19,545 WARNING:biomolecule.py:157:num_missing_heavy:Missing atom CD in residue LYS B 425
2024-02-28 14:07:19,545 WARNING:biomolecule.py:157:num_missing_heavy:Missing atom CE in residue LYS B 425
2024-02-28 14:07:19,545 WARNING:biomolecule.py:157:num_missing_heavy:Missing atom NZ in residue LYS B 425
2024-02-28 14:07:19,545 WARNING:biomolecule.py:157:num_missing_heavy:Missing atom CG in residue LYS B 440
2024-02-28 14:07:19,545 WARNING:biomolecule.py:157:num_missing_heavy:Missing atom CD in residue LYS B 440
2024-02-28 14:07:19,545 WARNING:biomolecule.py:157:num_missing_heavy:Missing atom CE in residue LYS B 440
2024-02-28 14:07:19,545 WARNING:biomolecule.py:157:num_missing_heavy:Missing atom NZ in residue LYS B 440
2024-02-28 14:07:19,546 WARNING:biomolecule.py:157:num_missing_heavy:Missing atom OXT in residue GLU B 445
2024-02-28 14:07:22,942 WARNING:main.py:311:print_pqr:Ignoring 2181 header lines in output.
2024-02-28 14:07:22,942 WARNING:main.py:315:print_pqr:Ignoring 41 missing lines in output.
