2024-02-28 14:07:17,089 WARNING:biomolecule.py:992:create_residue:Unable to find amino or nucleic acid definition for CA.  Parsing as new residue.
2024-02-28 14:07:17,147 WARNING:biomolecule.py:992:create_residue:Unable to find amino or nucleic acid definition for SO4.  Parsing as new residue.
2024-02-28 14:07:17,147 WARNING:biomolecule.py:992:create_residue:Unable to find amino or nucleic acid definition for BMZ.  Parsing as new residue.
2024-02-28 14:07:17,148 WARNING:main.py:418:setup_molecule:Multiple occupancies found: CB in VAL A 53.
2024-02-28 14:07:17,148 WARNING:main.py:418:setup_molecule:Multiple occupancies found: CG1 in VAL A 53.
2024-02-28 14:07:17,148 WARNING:main.py:418:setup_molecule:Multiple occupancies found: CG2 in VAL A 53.
2024-02-28 14:07:17,148 WARNING:main.py:418:setup_molecule:Multiple occupancies found: HB in VAL A 53.
2024-02-28 14:07:17,148 WARNING:main.py:418:setup_molecule:Multiple occupancies found: HG11 in VAL A 53.
2024-02-28 14:07:17,148 WARNING:main.py:418:setup_molecule:Multiple occupancies found: HG12 in VAL A 53.
2024-02-28 14:07:17,148 WARNING:main.py:418:setup_molecule:Multiple occupancies found: HG13 in VAL A 53.
2024-02-28 14:07:17,148 WARNING:main.py:418:setup_molecule:Multiple occupancies found: HG21 in VAL A 53.
2024-02-28 14:07:17,148 WARNING:main.py:418:setup_molecule:Multiple occupancies found: HG22 in VAL A 53.
2024-02-28 14:07:17,148 WARNING:main.py:418:setup_molecule:Multiple occupancies found: HG23 in VAL A 53.
2024-02-28 14:07:17,148 WARNING:main.py:424:setup_molecule:Multiple occupancies found in VAL A 53. At least one of the instances is being ignored.
2024-02-28 14:07:17,148 WARNING:main.py:418:setup_molecule:Multiple occupancies found: CB in SER A 61.
2024-02-28 14:07:17,148 WARNING:main.py:418:setup_molecule:Multiple occupancies found: OG in SER A 61.
2024-02-28 14:07:17,149 WARNING:main.py:418:setup_molecule:Multiple occupancies found: HB2 in SER A 61.
2024-02-28 14:07:17,149 WARNING:main.py:418:setup_molecule:Multiple occupancies found: HB3 in SER A 61.
2024-02-28 14:07:17,149 WARNING:main.py:418:setup_molecule:Multiple occupancies found: HG in SER A 61.
2024-02-28 14:07:17,149 WARNING:main.py:424:setup_molecule:Multiple occupancies found in SER A 61. At least one of the instances is being ignored.
2024-02-28 14:07:17,149 WARNING:main.py:418:setup_molecule:Multiple occupancies found: CB in SER A 86.
2024-02-28 14:07:17,149 WARNING:main.py:418:setup_molecule:Multiple occupancies found: OG in SER A 86.
2024-02-28 14:07:17,149 WARNING:main.py:418:setup_molecule:Multiple occupancies found: HB2 in SER A 86.
2024-02-28 14:07:17,149 WARNING:main.py:418:setup_molecule:Multiple occupancies found: HB3 in SER A 86.
2024-02-28 14:07:17,149 WARNING:main.py:418:setup_molecule:Multiple occupancies found: HG in SER A 86.
2024-02-28 14:07:17,149 WARNING:main.py:424:setup_molecule:Multiple occupancies found in SER A 86. At least one of the instances is being ignored.
2024-02-28 14:07:17,149 WARNING:main.py:418:setup_molecule:Multiple occupancies found: CB in MET A 104.
2024-02-28 14:07:17,149 WARNING:main.py:418:setup_molecule:Multiple occupancies found: CG in MET A 104.
2024-02-28 14:07:17,149 WARNING:main.py:418:setup_molecule:Multiple occupancies found: SD in MET A 104.
2024-02-28 14:07:17,149 WARNING:main.py:418:setup_molecule:Multiple occupancies found: CE in MET A 104.
2024-02-28 14:07:17,149 WARNING:main.py:418:setup_molecule:Multiple occupancies found: HB2 in MET A 104.
2024-02-28 14:07:17,149 WARNING:main.py:418:setup_molecule:Multiple occupancies found: HB3 in MET A 104.
2024-02-28 14:07:17,149 WARNING:main.py:418:setup_molecule:Multiple occupancies found: HG2 in MET A 104.
2024-02-28 14:07:17,149 WARNING:main.py:418:setup_molecule:Multiple occupancies found: HG3 in MET A 104.
2024-02-28 14:07:17,149 WARNING:main.py:418:setup_molecule:Multiple occupancies found: HE1 in MET A 104.
2024-02-28 14:07:17,149 WARNING:main.py:418:setup_molecule:Multiple occupancies found: HE2 in MET A 104.
2024-02-28 14:07:17,149 WARNING:main.py:418:setup_molecule:Multiple occupancies found: HE3 in MET A 104.
2024-02-28 14:07:17,149 WARNING:main.py:424:setup_molecule:Multiple occupancies found in MET A 104. At least one of the instances is being ignored.
2024-02-28 14:07:17,149 WARNING:main.py:418:setup_molecule:Multiple occupancies found: CB in SER A 113.
2024-02-28 14:07:17,149 WARNING:main.py:418:setup_molecule:Multiple occupancies found: OG in SER A 113.
2024-02-28 14:07:17,149 WARNING:main.py:418:setup_molecule:Multiple occupancies found: HB2 in SER A 113.
2024-02-28 14:07:17,149 WARNING:main.py:418:setup_molecule:Multiple occupancies found: HB3 in SER A 113.
2024-02-28 14:07:17,149 WARNING:main.py:418:setup_molecule:Multiple occupancies found: HG in SER A 113.
2024-02-28 14:07:17,149 WARNING:main.py:424:setup_molecule:Multiple occupancies found in SER A 113. At least one of the instances is being ignored.
2024-02-28 14:07:17,149 WARNING:main.py:418:setup_molecule:Multiple occupancies found: CB in SER A 116.
2024-02-28 14:07:17,149 WARNING:main.py:418:setup_molecule:Multiple occupancies found: OG in SER A 116.
2024-02-28 14:07:17,150 WARNING:main.py:418:setup_molecule:Multiple occupancies found: HB2 in SER A 116.
2024-02-28 14:07:17,150 WARNING:main.py:418:setup_molecule:Multiple occupancies found: HB3 in SER A 116.
2024-02-28 14:07:17,150 WARNING:main.py:418:setup_molecule:Multiple occupancies found: HG in SER A 116.
2024-02-28 14:07:17,150 WARNING:main.py:424:setup_molecule:Multiple occupancies found in SER A 116. At least one of the instances is being ignored.
2024-02-28 14:07:17,150 WARNING:main.py:418:setup_molecule:Multiple occupancies found: CB in ARG A 117.
2024-02-28 14:07:17,150 WARNING:main.py:418:setup_molecule:Multiple occupancies found: CG in ARG A 117.
2024-02-28 14:07:17,150 WARNING:main.py:418:setup_molecule:Multiple occupancies found: CD in ARG A 117.
2024-02-28 14:07:17,150 WARNING:main.py:418:setup_molecule:Multiple occupancies found: NE in ARG A 117.
2024-02-28 14:07:17,150 WARNING:main.py:418:setup_molecule:Multiple occupancies found: CZ in ARG A 117.
2024-02-28 14:07:17,150 WARNING:main.py:418:setup_molecule:Multiple occupancies found: NH1 in ARG A 117.
2024-02-28 14:07:17,150 WARNING:main.py:418:setup_molecule:Multiple occupancies found: NH2 in ARG A 117.
2024-02-28 14:07:17,150 WARNING:main.py:418:setup_molecule:Multiple occupancies found: HB2 in ARG A 117.
2024-02-28 14:07:17,150 WARNING:main.py:418:setup_molecule:Multiple occupancies found: HB3 in ARG A 117.
2024-02-28 14:07:17,150 WARNING:main.py:418:setup_molecule:Multiple occupancies found: HG2 in ARG A 117.
2024-02-28 14:07:17,150 WARNING:main.py:418:setup_molecule:Multiple occupancies found: HG3 in ARG A 117.
2024-02-28 14:07:17,150 WARNING:main.py:418:setup_molecule:Multiple occupancies found: HD2 in ARG A 117.
2024-02-28 14:07:17,275 WARNING:main.py:418:setup_molecule:Multiple occupancies found: HD3 in ARG A 117.
2024-02-28 14:07:17,459 WARNING:main.py:418:setup_molecule:Multiple occupancies found: HE in ARG A 117.
2024-02-28 14:07:17,459 WARNING:main.py:418:setup_molecule:Multiple occupancies found: HH11 in ARG A 117.
2024-02-28 14:07:17,459 WARNING:main.py:418:setup_molecule:Multiple occupancies found: HH12 in ARG A 117.
2024-02-28 14:07:17,459 WARNING:main.py:418:setup_molecule:Multiple occupancies found: HH21 in ARG A 117.
2024-02-28 14:07:17,459 WARNING:main.py:418:setup_molecule:Multiple occupancies found: HH22 in ARG A 117.
2024-02-28 14:07:17,459 WARNING:main.py:424:setup_molecule:Multiple occupancies found in ARG A 117. At least one of the instances is being ignored.
2024-02-28 14:07:17,459 WARNING:main.py:418:setup_molecule:Multiple occupancies found: CB in SER A 127.
2024-02-28 14:07:17,459 WARNING:main.py:418:setup_molecule:Multiple occupancies found: OG in SER A 127.
2024-02-28 14:07:17,459 WARNING:main.py:418:setup_molecule:Multiple occupancies found: HB2 in SER A 127.
2024-02-28 14:07:17,459 WARNING:main.py:418:setup_molecule:Multiple occupancies found: HB3 in SER A 127.
2024-02-28 14:07:17,459 WARNING:main.py:418:setup_molecule:Multiple occupancies found: HG in SER A 127.
2024-02-28 14:07:17,459 WARNING:main.py:424:setup_molecule:Multiple occupancies found in SER A 127. At least one of the instances is being ignored.
2024-02-28 14:07:17,459 WARNING:main.py:418:setup_molecule:Multiple occupancies found: CB in GLN A 135.
2024-02-28 14:07:17,459 WARNING:main.py:418:setup_molecule:Multiple occupancies found: CG in GLN A 135.
2024-02-28 14:07:17,459 WARNING:main.py:418:setup_molecule:Multiple occupancies found: CD in GLN A 135.
2024-02-28 14:07:17,459 WARNING:main.py:418:setup_molecule:Multiple occupancies found: OE1 in GLN A 135.
2024-02-28 14:07:17,460 WARNING:main.py:418:setup_molecule:Multiple occupancies found: NE2 in GLN A 135.
2024-02-28 14:07:17,460 WARNING:main.py:418:setup_molecule:Multiple occupancies found: HB2 in GLN A 135.
2024-02-28 14:07:17,460 WARNING:main.py:418:setup_molecule:Multiple occupancies found: HB3 in GLN A 135.
2024-02-28 14:07:17,460 WARNING:main.py:418:setup_molecule:Multiple occupancies found: HG2 in GLN A 135.
2024-02-28 14:07:17,621 WARNING:main.py:418:setup_molecule:Multiple occupancies found: HG3 in GLN A 135.
2024-02-28 14:07:17,621 WARNING:main.py:418:setup_molecule:Multiple occupancies found: HE21 in GLN A 135.
2024-02-28 14:07:17,621 WARNING:main.py:418:setup_molecule:Multiple occupancies found: HE22 in GLN A 135.
2024-02-28 14:07:17,621 WARNING:main.py:424:setup_molecule:Multiple occupancies found in GLN A 135. At least one of the instances is being ignored.
2024-02-28 14:07:17,621 WARNING:main.py:418:setup_molecule:Multiple occupancies found: CB in SER A 146.
2024-02-28 14:07:17,621 WARNING:main.py:418:setup_molecule:Multiple occupancies found: OG in SER A 146.
2024-02-28 14:07:17,621 WARNING:main.py:418:setup_molecule:Multiple occupancies found: HB2 in SER A 146.
2024-02-28 14:07:17,621 WARNING:main.py:418:setup_molecule:Multiple occupancies found: HB3 in SER A 146.
2024-02-28 14:07:17,621 WARNING:main.py:418:setup_molecule:Multiple occupancies found: HG in SER A 146.
2024-02-28 14:07:17,622 WARNING:main.py:424:setup_molecule:Multiple occupancies found in SER A 146. At least one of the instances is being ignored.
2024-02-28 14:07:17,622 WARNING:main.py:418:setup_molecule:Multiple occupancies found: CB in SER A 166.
2024-02-28 14:07:17,622 WARNING:main.py:418:setup_molecule:Multiple occupancies found: OG in SER A 166.
2024-02-28 14:07:17,622 WARNING:main.py:418:setup_molecule:Multiple occupancies found: HB2 in SER A 166.
2024-02-28 14:07:17,622 WARNING:main.py:418:setup_molecule:Multiple occupancies found: HB3 in SER A 166.
2024-02-28 14:07:17,622 WARNING:main.py:418:setup_molecule:Multiple occupancies found: HG in SER A 166.
2024-02-28 14:07:17,622 WARNING:main.py:424:setup_molecule:Multiple occupancies found in SER A 166. At least one of the instances is being ignored.
2024-02-28 14:07:17,622 WARNING:main.py:418:setup_molecule:Multiple occupancies found: CB in SER A 167.
2024-02-28 14:07:17,622 WARNING:main.py:418:setup_molecule:Multiple occupancies found: OG in SER A 167.
2024-02-28 14:07:17,622 WARNING:main.py:418:setup_molecule:Multiple occupancies found: HB2 in SER A 167.
2024-02-28 14:07:17,622 WARNING:main.py:418:setup_molecule:Multiple occupancies found: HB3 in SER A 167.
2024-02-28 14:07:17,622 WARNING:main.py:418:setup_molecule:Multiple occupancies found: HG in SER A 167.
2024-02-28 14:07:17,622 WARNING:main.py:424:setup_molecule:Multiple occupancies found in SER A 167. At least one of the instances is being ignored.
2024-02-28 14:07:17,622 WARNING:main.py:418:setup_molecule:Multiple occupancies found: CB in SER A 170.
2024-02-28 14:07:17,622 WARNING:main.py:418:setup_molecule:Multiple occupancies found: OG in SER A 170.
2024-02-28 14:07:17,622 WARNING:main.py:418:setup_molecule:Multiple occupancies found: HB2 in SER A 170.
2024-02-28 14:07:17,622 WARNING:main.py:418:setup_molecule:Multiple occupancies found: HB3 in SER A 170.
2024-02-28 14:07:17,622 WARNING:main.py:418:setup_molecule:Multiple occupancies found: HG in SER A 170.
2024-02-28 14:07:17,622 WARNING:main.py:424:setup_molecule:Multiple occupancies found in SER A 170. At least one of the instances is being ignored.
2024-02-28 14:07:17,622 WARNING:main.py:418:setup_molecule:Multiple occupancies found: CB in GLN A 175.
2024-02-28 14:07:17,622 WARNING:main.py:418:setup_molecule:Multiple occupancies found: CG in GLN A 175.
2024-02-28 14:07:17,622 WARNING:main.py:418:setup_molecule:Multiple occupancies found: CD in GLN A 175.
2024-02-28 14:07:17,622 WARNING:main.py:418:setup_molecule:Multiple occupancies found: OE1 in GLN A 175.
2024-02-28 14:07:17,622 WARNING:main.py:418:setup_molecule:Multiple occupancies found: NE2 in GLN A 175.
2024-02-28 14:07:17,622 WARNING:main.py:418:setup_molecule:Multiple occupancies found: HB2 in GLN A 175.
2024-02-28 14:07:17,622 WARNING:main.py:418:setup_molecule:Multiple occupancies found: HB3 in GLN A 175.
2024-02-28 14:07:17,622 WARNING:main.py:418:setup_molecule:Multiple occupancies found: HG2 in GLN A 175.
2024-02-28 14:07:17,622 WARNING:main.py:418:setup_molecule:Multiple occupancies found: HG3 in GLN A 175.
2024-02-28 14:07:17,622 WARNING:main.py:418:setup_molecule:Multiple occupancies found: HE21 in GLN A 175.
2024-02-28 14:07:17,622 WARNING:main.py:418:setup_molecule:Multiple occupancies found: HE22 in GLN A 175.
2024-02-28 14:07:17,622 WARNING:main.py:424:setup_molecule:Multiple occupancies found in GLN A 175. At least one of the instances is being ignored.
2024-02-28 14:07:17,622 WARNING:main.py:418:setup_molecule:Multiple occupancies found: CB in SER A 178.
2024-02-28 14:07:17,623 WARNING:main.py:418:setup_molecule:Multiple occupancies found: OG in SER A 178.
2024-02-28 14:07:17,623 WARNING:main.py:418:setup_molecule:Multiple occupancies found: HB2 in SER A 178.
2024-02-28 14:07:17,623 WARNING:main.py:418:setup_molecule:Multiple occupancies found: HB3 in SER A 178.
2024-02-28 14:07:17,623 WARNING:main.py:418:setup_molecule:Multiple occupancies found: HG in SER A 178.
2024-02-28 14:07:17,623 WARNING:main.py:424:setup_molecule:Multiple occupancies found in SER A 178. At least one of the instances is being ignored.
2024-02-28 14:07:17,623 WARNING:main.py:418:setup_molecule:Multiple occupancies found: CB in SER A 217.
2024-02-28 14:07:17,623 WARNING:main.py:418:setup_molecule:Multiple occupancies found: OG in SER A 217.
2024-02-28 14:07:17,623 WARNING:main.py:418:setup_molecule:Multiple occupancies found: HB2 in SER A 217.
2024-02-28 14:07:17,623 WARNING:main.py:418:setup_molecule:Multiple occupancies found: HB3 in SER A 217.
2024-02-28 14:07:17,623 WARNING:main.py:418:setup_molecule:Multiple occupancies found: HG in SER A 217.
2024-02-28 14:07:17,623 WARNING:main.py:424:setup_molecule:Multiple occupancies found in SER A 217. At least one of the instances is being ignored.
2024-02-28 14:07:17,623 WARNING:main.py:418:setup_molecule:Multiple occupancies found: CB in SER A 236.
2024-02-28 14:07:17,623 WARNING:main.py:418:setup_molecule:Multiple occupancies found: OG in SER A 236.
2024-02-28 14:07:17,623 WARNING:main.py:418:setup_molecule:Multiple occupancies found: HB2 in SER A 236.
2024-02-28 14:07:17,623 WARNING:main.py:418:setup_molecule:Multiple occupancies found: HB3 in SER A 236.
2024-02-28 14:07:17,623 WARNING:main.py:418:setup_molecule:Multiple occupancies found: HG in SER A 236.
2024-02-28 14:07:17,623 WARNING:main.py:424:setup_molecule:Multiple occupancies found in SER A 236. At least one of the instances is being ignored.
2024-02-28 14:07:17,623 WARNING:main.py:418:setup_molecule:Multiple occupancies found: CB in SER A 244.
2024-02-28 14:07:17,623 WARNING:main.py:418:setup_molecule:Multiple occupancies found: OG in SER A 244.
2024-02-28 14:07:17,623 WARNING:main.py:418:setup_molecule:Multiple occupancies found: HB2 in SER A 244.
2024-02-28 14:07:17,623 WARNING:main.py:418:setup_molecule:Multiple occupancies found: HB3 in SER A 244.
2024-02-28 14:07:17,623 WARNING:main.py:418:setup_molecule:Multiple occupancies found: HG in SER A 244.
2024-02-28 14:07:17,623 WARNING:main.py:424:setup_molecule:Multiple occupancies found in SER A 244. At least one of the instances is being ignored.
2024-02-28 14:07:18,665 WARNING:main.py:311:print_pqr:Ignoring 2004 header lines in output.
2024-02-28 14:07:19,021 WARNING:main.py:315:print_pqr:Ignoring 37 missing lines in output.
