2024-02-28 14:07:11,208 WARNING:biomolecule.py:992:create_residue:Unable to find amino or nucleic acid definition for MMA.  Parsing as new residue.
2024-02-28 14:07:11,209 WARNING:biomolecule.py:992:create_residue:Unable to find amino or nucleic acid definition for MMA.  Parsing as new residue.
2024-02-28 14:07:11,209 WARNING:biomolecule.py:992:create_residue:Unable to find amino or nucleic acid definition for MMA.  Parsing as new residue.
2024-02-28 14:07:11,210 WARNING:biomolecule.py:992:create_residue:Unable to find amino or nucleic acid definition for MMA.  Parsing as new residue.
2024-02-28 14:07:11,233 WARNING:biomolecule.py:157:num_missing_heavy:Missing atom CG in residue GLN B 3
2024-02-28 14:07:11,233 WARNING:biomolecule.py:157:num_missing_heavy:Missing atom CD in residue GLN B 3
2024-02-28 14:07:11,233 WARNING:biomolecule.py:157:num_missing_heavy:Missing atom OE1 in residue GLN B 3
2024-02-28 14:07:11,233 WARNING:biomolecule.py:157:num_missing_heavy:Missing atom NE2 in residue GLN B 3
2024-02-28 14:07:11,233 WARNING:biomolecule.py:157:num_missing_heavy:Missing atom OXT in residue LYS B 18
2024-02-28 14:07:11,234 WARNING:biomolecule.py:157:num_missing_heavy:Missing atom CG in residue GLN D 3
2024-02-28 14:07:11,234 WARNING:biomolecule.py:157:num_missing_heavy:Missing atom CD in residue GLN D 3
2024-02-28 14:07:11,234 WARNING:biomolecule.py:157:num_missing_heavy:Missing atom OE1 in residue GLN D 3
2024-02-28 14:07:11,234 WARNING:biomolecule.py:157:num_missing_heavy:Missing atom NE2 in residue GLN D 3
2024-02-28 14:07:11,235 WARNING:biomolecule.py:157:num_missing_heavy:Missing atom OXT in residue LYS D 18
2024-02-28 14:07:11,235 WARNING:biomolecule.py:157:num_missing_heavy:Missing atom CG in residue GLN F 3
2024-02-28 14:07:11,235 WARNING:biomolecule.py:157:num_missing_heavy:Missing atom CD in residue GLN F 3
2024-02-28 14:07:11,235 WARNING:biomolecule.py:157:num_missing_heavy:Missing atom OE1 in residue GLN F 3
2024-02-28 14:07:11,236 WARNING:biomolecule.py:157:num_missing_heavy:Missing atom NE2 in residue GLN F 3
2024-02-28 14:07:11,236 WARNING:biomolecule.py:157:num_missing_heavy:Missing atom CG in residue GLN H 3
2024-02-28 14:07:11,236 WARNING:biomolecule.py:157:num_missing_heavy:Missing atom CD in residue GLN H 3
2024-02-28 14:07:11,236 WARNING:biomolecule.py:157:num_missing_heavy:Missing atom OE1 in residue GLN H 3
2024-02-28 14:07:11,236 WARNING:biomolecule.py:157:num_missing_heavy:Missing atom NE2 in residue GLN H 3
2024-02-28 14:07:11,237 WARNING:biomolecule.py:157:num_missing_heavy:Missing atom OXT in residue LYS H 18
2024-02-28 14:07:11,237 WARNING:biomolecule.py:157:num_missing_heavy:Missing atom CG in residue GLN B 3
2024-02-28 14:07:11,237 WARNING:biomolecule.py:157:num_missing_heavy:Missing atom CD in residue GLN B 3
2024-02-28 14:07:11,237 WARNING:biomolecule.py:157:num_missing_heavy:Missing atom OE1 in residue GLN B 3
2024-02-28 14:07:11,238 WARNING:biomolecule.py:157:num_missing_heavy:Missing atom NE2 in residue GLN B 3
2024-02-28 14:07:11,238 WARNING:biomolecule.py:157:num_missing_heavy:Missing atom OXT in residue LYS B 18
2024-02-28 14:07:11,238 WARNING:biomolecule.py:157:num_missing_heavy:Missing atom CG in residue GLN D 3
2024-02-28 14:07:11,238 WARNING:biomolecule.py:157:num_missing_heavy:Missing atom CD in residue GLN D 3
2024-02-28 14:07:11,238 WARNING:biomolecule.py:157:num_missing_heavy:Missing atom OE1 in residue GLN D 3
2024-02-28 14:07:11,239 WARNING:biomolecule.py:157:num_missing_heavy:Missing atom NE2 in residue GLN D 3
2024-02-28 14:07:11,239 WARNING:biomolecule.py:157:num_missing_heavy:Missing atom OXT in residue LYS D 18
2024-02-28 14:07:11,239 WARNING:biomolecule.py:157:num_missing_heavy:Missing atom CG in residue GLN F 3
2024-02-28 14:07:11,239 WARNING:biomolecule.py:157:num_missing_heavy:Missing atom CD in residue GLN F 3
2024-02-28 14:07:11,239 WARNING:biomolecule.py:157:num_missing_heavy:Missing atom OE1 in residue GLN F 3
2024-02-28 14:07:11,240 WARNING:biomolecule.py:157:num_missing_heavy:Missing atom NE2 in residue GLN F 3
2024-02-28 14:07:11,240 WARNING:biomolecule.py:157:num_missing_heavy:Missing atom CG in residue GLN H 3
2024-02-28 14:07:11,240 WARNING:biomolecule.py:157:num_missing_heavy:Missing atom CD in residue GLN H 3
2024-02-28 14:07:11,240 WARNING:biomolecule.py:157:num_missing_heavy:Missing atom OE1 in residue GLN H 3
2024-02-28 14:07:11,240 WARNING:biomolecule.py:157:num_missing_heavy:Missing atom NE2 in residue GLN H 3
2024-02-28 14:07:11,240 WARNING:biomolecule.py:157:num_missing_heavy:Missing atom OXT in residue LYS H 18
2024-02-28 14:07:11,241 WARNING:biomolecule.py:157:num_missing_heavy:Missing atom CG in residue GLN B 3
2024-02-28 14:07:11,241 WARNING:biomolecule.py:157:num_missing_heavy:Missing atom CD in residue GLN B 3
2024-02-28 14:07:11,241 WARNING:biomolecule.py:157:num_missing_heavy:Missing atom OE1 in residue GLN B 3
2024-02-28 14:07:11,241 WARNING:biomolecule.py:157:num_missing_heavy:Missing atom NE2 in residue GLN B 3
2024-02-28 14:07:11,242 WARNING:biomolecule.py:157:num_missing_heavy:Missing atom OXT in residue LYS B 18
2024-02-28 14:07:11,242 WARNING:biomolecule.py:157:num_missing_heavy:Missing atom CG in residue GLN D 3
2024-02-28 14:07:11,242 WARNING:biomolecule.py:157:num_missing_heavy:Missing atom CD in residue GLN D 3
2024-02-28 14:07:11,242 WARNING:biomolecule.py:157:num_missing_heavy:Missing atom OE1 in residue GLN D 3
2024-02-28 14:07:11,243 WARNING:biomolecule.py:157:num_missing_heavy:Missing atom NE2 in residue GLN D 3
2024-02-28 14:07:11,243 WARNING:biomolecule.py:157:num_missing_heavy:Missing atom OXT in residue LYS D 18
2024-02-28 14:07:11,243 WARNING:biomolecule.py:157:num_missing_heavy:Missing atom CG in residue GLN F 3
2024-02-28 14:07:11,243 WARNING:biomolecule.py:157:num_missing_heavy:Missing atom CD in residue GLN F 3
2024-02-28 14:07:11,243 WARNING:biomolecule.py:157:num_missing_heavy:Missing atom OE1 in residue GLN F 3
2024-02-28 14:07:11,244 WARNING:biomolecule.py:157:num_missing_heavy:Missing atom NE2 in residue GLN F 3
2024-02-28 14:07:11,244 WARNING:biomolecule.py:157:num_missing_heavy:Missing atom CG in residue GLN H 3
2024-02-28 14:07:11,244 WARNING:biomolecule.py:157:num_missing_heavy:Missing atom CD in residue GLN H 3
2024-02-28 14:07:11,244 WARNING:biomolecule.py:157:num_missing_heavy:Missing atom OE1 in residue GLN H 3
2024-02-28 14:07:11,244 WARNING:biomolecule.py:157:num_missing_heavy:Missing atom NE2 in residue GLN H 3
2024-02-28 14:07:11,244 WARNING:biomolecule.py:157:num_missing_heavy:Missing atom OXT in residue LYS H 18
2024-02-28 14:07:12,647 WARNING:main.py:311:print_pqr:Ignoring 2475 header lines in output.
2024-02-28 14:07:12,647 WARNING:main.py:315:print_pqr:Ignoring 52 missing lines in output.
2024-02-28 14:58:34,390 WARNING:biomolecule.py:992:create_residue:Unable to find amino or nucleic acid definition for MMA.  Parsing as new residue.
2024-02-28 14:58:34,392 WARNING:biomolecule.py:992:create_residue:Unable to find amino or nucleic acid definition for MMA.  Parsing as new residue.
2024-02-28 14:58:34,392 WARNING:biomolecule.py:992:create_residue:Unable to find amino or nucleic acid definition for MMA.  Parsing as new residue.
2024-02-28 14:58:34,392 WARNING:biomolecule.py:992:create_residue:Unable to find amino or nucleic acid definition for MMA.  Parsing as new residue.
2024-02-28 14:58:34,420 WARNING:biomolecule.py:157:num_missing_heavy:Missing atom CG in residue GLN B 3
2024-02-28 14:58:34,421 WARNING:biomolecule.py:157:num_missing_heavy:Missing atom CD in residue GLN B 3
2024-02-28 14:58:34,421 WARNING:biomolecule.py:157:num_missing_heavy:Missing atom OE1 in residue GLN B 3
2024-02-28 14:58:34,421 WARNING:biomolecule.py:157:num_missing_heavy:Missing atom NE2 in residue GLN B 3
2024-02-28 14:58:34,421 WARNING:biomolecule.py:157:num_missing_heavy:Missing atom OXT in residue LYS B 18
2024-02-28 14:58:34,421 WARNING:biomolecule.py:157:num_missing_heavy:Missing atom CG in residue GLN D 3
2024-02-28 14:58:34,421 WARNING:biomolecule.py:157:num_missing_heavy:Missing atom CD in residue GLN D 3
2024-02-28 14:58:34,421 WARNING:biomolecule.py:157:num_missing_heavy:Missing atom OE1 in residue GLN D 3
2024-02-28 14:58:34,421 WARNING:biomolecule.py:157:num_missing_heavy:Missing atom NE2 in residue GLN D 3
2024-02-28 14:58:34,421 WARNING:biomolecule.py:157:num_missing_heavy:Missing atom OXT in residue LYS D 18
2024-02-28 14:58:34,422 WARNING:biomolecule.py:157:num_missing_heavy:Missing atom CG in residue GLN F 3
2024-02-28 14:58:34,422 WARNING:biomolecule.py:157:num_missing_heavy:Missing atom CD in residue GLN F 3
2024-02-28 14:58:34,422 WARNING:biomolecule.py:157:num_missing_heavy:Missing atom OE1 in residue GLN F 3
2024-02-28 14:58:34,422 WARNING:biomolecule.py:157:num_missing_heavy:Missing atom NE2 in residue GLN F 3
2024-02-28 14:58:34,423 WARNING:biomolecule.py:157:num_missing_heavy:Missing atom CG in residue GLN H 3
2024-02-28 14:58:34,423 WARNING:biomolecule.py:157:num_missing_heavy:Missing atom CD in residue GLN H 3
2024-02-28 14:58:34,423 WARNING:biomolecule.py:157:num_missing_heavy:Missing atom OE1 in residue GLN H 3
2024-02-28 14:58:34,423 WARNING:biomolecule.py:157:num_missing_heavy:Missing atom NE2 in residue GLN H 3
2024-02-28 14:58:34,423 WARNING:biomolecule.py:157:num_missing_heavy:Missing atom OXT in residue LYS H 18
2024-02-28 14:58:34,423 WARNING:biomolecule.py:157:num_missing_heavy:Missing atom CG in residue GLN B 3
2024-02-28 14:58:34,423 WARNING:biomolecule.py:157:num_missing_heavy:Missing atom CD in residue GLN B 3
2024-02-28 14:58:34,423 WARNING:biomolecule.py:157:num_missing_heavy:Missing atom OE1 in residue GLN B 3
2024-02-28 14:58:34,423 WARNING:biomolecule.py:157:num_missing_heavy:Missing atom NE2 in residue GLN B 3
2024-02-28 14:58:34,423 WARNING:biomolecule.py:157:num_missing_heavy:Missing atom OXT in residue LYS B 18
2024-02-28 14:58:34,424 WARNING:biomolecule.py:157:num_missing_heavy:Missing atom CG in residue GLN D 3
2024-02-28 14:58:34,424 WARNING:biomolecule.py:157:num_missing_heavy:Missing atom CD in residue GLN D 3
2024-02-28 14:58:34,424 WARNING:biomolecule.py:157:num_missing_heavy:Missing atom OE1 in residue GLN D 3
2024-02-28 14:58:34,424 WARNING:biomolecule.py:157:num_missing_heavy:Missing atom NE2 in residue GLN D 3
2024-02-28 14:58:34,424 WARNING:biomolecule.py:157:num_missing_heavy:Missing atom OXT in residue LYS D 18
2024-02-28 14:58:34,425 WARNING:biomolecule.py:157:num_missing_heavy:Missing atom CG in residue GLN F 3
2024-02-28 14:58:34,425 WARNING:biomolecule.py:157:num_missing_heavy:Missing atom CD in residue GLN F 3
2024-02-28 14:58:34,425 WARNING:biomolecule.py:157:num_missing_heavy:Missing atom OE1 in residue GLN F 3
2024-02-28 14:58:34,425 WARNING:biomolecule.py:157:num_missing_heavy:Missing atom NE2 in residue GLN F 3
2024-02-28 14:58:34,425 WARNING:biomolecule.py:157:num_missing_heavy:Missing atom CG in residue GLN H 3
2024-02-28 14:58:34,425 WARNING:biomolecule.py:157:num_missing_heavy:Missing atom CD in residue GLN H 3
2024-02-28 14:58:34,425 WARNING:biomolecule.py:157:num_missing_heavy:Missing atom OE1 in residue GLN H 3
2024-02-28 14:58:34,425 WARNING:biomolecule.py:157:num_missing_heavy:Missing atom NE2 in residue GLN H 3
2024-02-28 14:58:34,425 WARNING:biomolecule.py:157:num_missing_heavy:Missing atom OXT in residue LYS H 18
2024-02-28 14:58:34,426 WARNING:biomolecule.py:157:num_missing_heavy:Missing atom CG in residue GLN B 3
2024-02-28 14:58:34,426 WARNING:biomolecule.py:157:num_missing_heavy:Missing atom CD in residue GLN B 3
2024-02-28 14:58:34,426 WARNING:biomolecule.py:157:num_missing_heavy:Missing atom OE1 in residue GLN B 3
2024-02-28 14:58:34,426 WARNING:biomolecule.py:157:num_missing_heavy:Missing atom NE2 in residue GLN B 3
2024-02-28 14:58:34,426 WARNING:biomolecule.py:157:num_missing_heavy:Missing atom OXT in residue LYS B 18
2024-02-28 14:58:34,426 WARNING:biomolecule.py:157:num_missing_heavy:Missing atom CG in residue GLN D 3
2024-02-28 14:58:34,427 WARNING:biomolecule.py:157:num_missing_heavy:Missing atom CD in residue GLN D 3
2024-02-28 14:58:34,427 WARNING:biomolecule.py:157:num_missing_heavy:Missing atom OE1 in residue GLN D 3
2024-02-28 14:58:34,427 WARNING:biomolecule.py:157:num_missing_heavy:Missing atom NE2 in residue GLN D 3
2024-02-28 14:58:34,427 WARNING:biomolecule.py:157:num_missing_heavy:Missing atom OXT in residue LYS D 18
2024-02-28 14:58:34,427 WARNING:biomolecule.py:157:num_missing_heavy:Missing atom CG in residue GLN F 3
2024-02-28 14:58:34,427 WARNING:biomolecule.py:157:num_missing_heavy:Missing atom CD in residue GLN F 3
2024-02-28 14:58:34,427 WARNING:biomolecule.py:157:num_missing_heavy:Missing atom OE1 in residue GLN F 3
2024-02-28 14:58:34,427 WARNING:biomolecule.py:157:num_missing_heavy:Missing atom NE2 in residue GLN F 3
2024-02-28 14:58:34,428 WARNING:biomolecule.py:157:num_missing_heavy:Missing atom CG in residue GLN H 3
2024-02-28 14:58:34,428 WARNING:biomolecule.py:157:num_missing_heavy:Missing atom CD in residue GLN H 3
2024-02-28 14:58:34,428 WARNING:biomolecule.py:157:num_missing_heavy:Missing atom OE1 in residue GLN H 3
2024-02-28 14:58:34,428 WARNING:biomolecule.py:157:num_missing_heavy:Missing atom NE2 in residue GLN H 3
2024-02-28 14:58:34,428 WARNING:biomolecule.py:157:num_missing_heavy:Missing atom OXT in residue LYS H 18
2024-02-28 14:58:36,215 WARNING:main.py:311:print_pqr:Ignoring 2475 header lines in output.
2024-02-28 14:58:36,215 WARNING:main.py:315:print_pqr:Ignoring 52 missing lines in output.
