2024-02-28 14:07:17,620 WARNING:biomolecule.py:992:create_residue:Unable to find amino or nucleic acid definition for GAL.  Parsing as new residue.
2024-02-28 14:07:17,655 WARNING:biomolecule.py:992:create_residue:Unable to find amino or nucleic acid definition for SPH.  Parsing as new residue.
2024-02-28 14:07:17,655 WARNING:biomolecule.py:992:create_residue:Unable to find amino or nucleic acid definition for NER.  Parsing as new residue.
2024-02-28 14:07:17,655 WARNING:biomolecule.py:992:create_residue:Unable to find amino or nucleic acid definition for OCT.  Parsing as new residue.
2024-02-28 14:07:17,655 WARNING:main.py:418:setup_molecule:Multiple occupancies found: CZ in ARG A 102.
2024-02-28 14:07:17,656 WARNING:main.py:418:setup_molecule:Multiple occupancies found: NH1 in ARG A 102.
2024-02-28 14:07:17,656 WARNING:main.py:418:setup_molecule:Multiple occupancies found: NH2 in ARG A 102.
2024-02-28 14:07:17,656 WARNING:main.py:424:setup_molecule:Multiple occupancies found in ARG A 102. At least one of the instances is being ignored.
2024-02-28 14:07:17,683 WARNING:biomolecule.py:615:update_bonds:Gap in backbone detected between SER A 166 and GLN A 169!
2024-02-28 14:07:18,107 WARNING:biomolecule.py:157:num_missing_heavy:Missing atom CG in residue GLN A 169
2024-02-28 14:07:18,107 WARNING:biomolecule.py:157:num_missing_heavy:Missing atom CD in residue GLN A 169
2024-02-28 14:07:18,107 WARNING:biomolecule.py:157:num_missing_heavy:Missing atom OE1 in residue GLN A 169
2024-02-28 14:07:18,107 WARNING:biomolecule.py:157:num_missing_heavy:Missing atom NE2 in residue GLN A 169
2024-02-28 14:07:18,108 WARNING:biomolecule.py:157:num_missing_heavy:Missing atom CG in residue GLN A 169
2024-02-28 14:07:18,108 WARNING:biomolecule.py:157:num_missing_heavy:Missing atom CD in residue GLN A 169
2024-02-28 14:07:18,108 WARNING:biomolecule.py:157:num_missing_heavy:Missing atom OE1 in residue GLN A 169
2024-02-28 14:07:18,108 WARNING:biomolecule.py:157:num_missing_heavy:Missing atom NE2 in residue GLN A 169
2024-02-28 14:07:18,109 WARNING:biomolecule.py:157:num_missing_heavy:Missing atom CG in residue GLN A 169
2024-02-28 14:07:18,109 WARNING:biomolecule.py:157:num_missing_heavy:Missing atom CD in residue GLN A 169
2024-02-28 14:07:18,109 WARNING:biomolecule.py:157:num_missing_heavy:Missing atom OE1 in residue GLN A 169
2024-02-28 14:07:18,109 WARNING:biomolecule.py:157:num_missing_heavy:Missing atom NE2 in residue GLN A 169
2024-02-28 14:07:21,269 WARNING:main.py:311:print_pqr:Ignoring 2928 header lines in output.
2024-02-28 14:07:21,273 WARNING:main.py:315:print_pqr:Ignoring 65 missing lines in output.
