2024-02-28 14:07:21,347 WARNING:biomolecule.py:992:create_residue:Unable to find amino or nucleic acid definition for ACT.  Parsing as new residue.
2024-02-28 14:07:21,353 WARNING:biomolecule.py:992:create_residue:Unable to find amino or nucleic acid definition for GIM.  Parsing as new residue.
2024-02-28 14:07:21,353 WARNING:biomolecule.py:992:create_residue:Unable to find amino or nucleic acid definition for ACT.  Parsing as new residue.
2024-02-28 14:07:21,353 WARNING:biomolecule.py:992:create_residue:Unable to find amino or nucleic acid definition for CA.  Parsing as new residue.
2024-02-28 14:07:21,354 WARNING:biomolecule.py:992:create_residue:Unable to find amino or nucleic acid definition for GIM.  Parsing as new residue.
2024-02-28 14:07:21,356 WARNING:main.py:418:setup_molecule:Multiple occupancies found: CA in ASN A 47.
2024-02-28 14:07:21,361 WARNING:main.py:418:setup_molecule:Multiple occupancies found: CB in ASN A 47.
2024-02-28 14:07:21,361 WARNING:main.py:418:setup_molecule:Multiple occupancies found: CG in ASN A 47.
2024-02-28 14:07:21,362 WARNING:main.py:418:setup_molecule:Multiple occupancies found: OD1 in ASN A 47.
2024-02-28 14:07:21,362 WARNING:main.py:418:setup_molecule:Multiple occupancies found: ND2 in ASN A 47.
2024-02-28 14:07:21,362 WARNING:main.py:424:setup_molecule:Multiple occupancies found in ASN A 47. At least one of the instances is being ignored.
2024-02-28 14:07:21,362 WARNING:main.py:418:setup_molecule:Multiple occupancies found: CA in GLU A 63.
2024-02-28 14:07:21,362 WARNING:main.py:418:setup_molecule:Multiple occupancies found: CB in GLU A 63.
2024-02-28 14:07:21,362 WARNING:main.py:418:setup_molecule:Multiple occupancies found: CG in GLU A 63.
2024-02-28 14:07:21,363 WARNING:main.py:418:setup_molecule:Multiple occupancies found: CD in GLU A 63.
2024-02-28 14:07:21,363 WARNING:main.py:418:setup_molecule:Multiple occupancies found: OE1 in GLU A 63.
2024-02-28 14:07:21,363 WARNING:main.py:418:setup_molecule:Multiple occupancies found: OE2 in GLU A 63.
2024-02-28 14:07:21,363 WARNING:main.py:424:setup_molecule:Multiple occupancies found in GLU A 63. At least one of the instances is being ignored.
2024-02-28 14:07:21,364 WARNING:main.py:418:setup_molecule:Multiple occupancies found: CA in GLU A 110.
2024-02-28 14:07:21,364 WARNING:main.py:418:setup_molecule:Multiple occupancies found: CB in GLU A 110.
2024-02-28 14:07:21,364 WARNING:main.py:418:setup_molecule:Multiple occupancies found: CG in GLU A 110.
2024-02-28 14:07:21,364 WARNING:main.py:418:setup_molecule:Multiple occupancies found: CD in GLU A 110.
2024-02-28 14:07:21,365 WARNING:main.py:418:setup_molecule:Multiple occupancies found: OE1 in GLU A 110.
2024-02-28 14:07:21,365 WARNING:main.py:418:setup_molecule:Multiple occupancies found: OE2 in GLU A 110.
2024-02-28 14:07:21,365 WARNING:main.py:424:setup_molecule:Multiple occupancies found in GLU A 110. At least one of the instances is being ignored.
2024-02-28 14:07:21,365 WARNING:main.py:418:setup_molecule:Multiple occupancies found: CA in LYS A 131.
2024-02-28 14:07:21,365 WARNING:main.py:418:setup_molecule:Multiple occupancies found: CB in LYS A 131.
2024-02-28 14:07:21,381 WARNING:main.py:418:setup_molecule:Multiple occupancies found: CG in LYS A 131.
2024-02-28 14:07:21,381 WARNING:main.py:418:setup_molecule:Multiple occupancies found: CD in LYS A 131.
2024-02-28 14:07:21,382 WARNING:main.py:418:setup_molecule:Multiple occupancies found: CE in LYS A 131.
2024-02-28 14:07:21,382 WARNING:main.py:418:setup_molecule:Multiple occupancies found: NZ in LYS A 131.
2024-02-28 14:07:21,382 WARNING:main.py:424:setup_molecule:Multiple occupancies found in LYS A 131. At least one of the instances is being ignored.
2024-02-28 14:07:21,382 WARNING:main.py:418:setup_molecule:Multiple occupancies found: CA in GLU A 152.
2024-02-28 14:07:21,382 WARNING:main.py:418:setup_molecule:Multiple occupancies found: CB in GLU A 152.
2024-02-28 14:07:21,382 WARNING:main.py:418:setup_molecule:Multiple occupancies found: CG in GLU A 152.
2024-02-28 14:07:21,382 WARNING:main.py:418:setup_molecule:Multiple occupancies found: CD in GLU A 152.
2024-02-28 14:07:21,383 WARNING:main.py:418:setup_molecule:Multiple occupancies found: OE1 in GLU A 152.
2024-02-28 14:07:21,383 WARNING:main.py:418:setup_molecule:Multiple occupancies found: OE2 in GLU A 152.
2024-02-28 14:07:21,383 WARNING:main.py:424:setup_molecule:Multiple occupancies found in GLU A 152. At least one of the instances is being ignored.
2024-02-28 14:07:21,383 WARNING:main.py:418:setup_molecule:Multiple occupancies found: CA in ARG A 203.
2024-02-28 14:07:21,383 WARNING:main.py:418:setup_molecule:Multiple occupancies found: CB in ARG A 203.
2024-02-28 14:07:21,383 WARNING:main.py:418:setup_molecule:Multiple occupancies found: CG in ARG A 203.
2024-02-28 14:07:21,383 WARNING:main.py:418:setup_molecule:Multiple occupancies found: CD in ARG A 203.
2024-02-28 14:07:21,384 WARNING:main.py:418:setup_molecule:Multiple occupancies found: NE in ARG A 203.
2024-02-28 14:07:21,384 WARNING:main.py:418:setup_molecule:Multiple occupancies found: CZ in ARG A 203.
2024-02-28 14:07:21,384 WARNING:main.py:418:setup_molecule:Multiple occupancies found: NH1 in ARG A 203.
2024-02-28 14:07:21,384 WARNING:main.py:418:setup_molecule:Multiple occupancies found: NH2 in ARG A 203.
2024-02-28 14:07:21,384 WARNING:main.py:424:setup_molecule:Multiple occupancies found in ARG A 203. At least one of the instances is being ignored.
2024-02-28 14:07:21,384 WARNING:main.py:418:setup_molecule:Multiple occupancies found: CA in THR A 211.
2024-02-28 14:07:21,384 WARNING:main.py:418:setup_molecule:Multiple occupancies found: CB in THR A 211.
2024-02-28 14:07:21,384 WARNING:main.py:418:setup_molecule:Multiple occupancies found: OG1 in THR A 211.
2024-02-28 14:07:21,384 WARNING:main.py:418:setup_molecule:Multiple occupancies found: CG2 in THR A 211.
2024-02-28 14:07:21,385 WARNING:main.py:424:setup_molecule:Multiple occupancies found in THR A 211. At least one of the instances is being ignored.
2024-02-28 14:07:21,385 WARNING:main.py:418:setup_molecule:Multiple occupancies found: CA in ASP A 214.
2024-02-28 14:07:21,385 WARNING:main.py:418:setup_molecule:Multiple occupancies found: CB in ASP A 214.
2024-02-28 14:07:21,385 WARNING:main.py:418:setup_molecule:Multiple occupancies found: CG in ASP A 214.
2024-02-28 14:07:21,385 WARNING:main.py:418:setup_molecule:Multiple occupancies found: OD1 in ASP A 214.
2024-02-28 14:07:21,385 WARNING:main.py:418:setup_molecule:Multiple occupancies found: OD2 in ASP A 214.
2024-02-28 14:07:21,385 WARNING:main.py:424:setup_molecule:Multiple occupancies found in ASP A 214. At least one of the instances is being ignored.
2024-02-28 14:07:21,385 WARNING:main.py:418:setup_molecule:Multiple occupancies found: CA in GLU A 266.
2024-02-28 14:07:21,385 WARNING:main.py:418:setup_molecule:Multiple occupancies found: CB in GLU A 266.
2024-02-28 14:07:21,385 WARNING:main.py:418:setup_molecule:Multiple occupancies found: CG in GLU A 266.
2024-02-28 14:07:21,385 WARNING:main.py:418:setup_molecule:Multiple occupancies found: CD in GLU A 266.
2024-02-28 14:07:21,385 WARNING:main.py:418:setup_molecule:Multiple occupancies found: OE1 in GLU A 266.
2024-02-28 14:07:21,385 WARNING:main.py:418:setup_molecule:Multiple occupancies found: OE2 in GLU A 266.
2024-02-28 14:07:21,385 WARNING:main.py:424:setup_molecule:Multiple occupancies found in GLU A 266. At least one of the instances is being ignored.
2024-02-28 14:07:21,385 WARNING:main.py:418:setup_molecule:Multiple occupancies found: CB in SER A 296.
2024-02-28 14:07:21,385 WARNING:main.py:418:setup_molecule:Multiple occupancies found: OG in SER A 296.
2024-02-28 14:07:21,385 WARNING:main.py:424:setup_molecule:Multiple occupancies found in SER A 296. At least one of the instances is being ignored.
2024-02-28 14:07:21,386 WARNING:main.py:418:setup_molecule:Multiple occupancies found: CA in SER A 361.
2024-02-28 14:07:21,386 WARNING:main.py:418:setup_molecule:Multiple occupancies found: CB in SER A 361.
2024-02-28 14:07:21,386 WARNING:main.py:418:setup_molecule:Multiple occupancies found: OG in SER A 361.
2024-02-28 14:07:21,386 WARNING:main.py:424:setup_molecule:Multiple occupancies found in SER A 361. At least one of the instances is being ignored.
2024-02-28 14:07:21,386 WARNING:main.py:418:setup_molecule:Multiple occupancies found: CA in ASN A 370.
2024-02-28 14:07:21,386 WARNING:main.py:418:setup_molecule:Multiple occupancies found: CB in ASN A 370.
2024-02-28 14:07:21,387 WARNING:main.py:418:setup_molecule:Multiple occupancies found: CG in ASN A 370.
2024-02-28 14:07:21,387 WARNING:main.py:418:setup_molecule:Multiple occupancies found: OD1 in ASN A 370.
2024-02-28 14:07:21,387 WARNING:main.py:418:setup_molecule:Multiple occupancies found: ND2 in ASN A 370.
2024-02-28 14:07:21,387 WARNING:main.py:424:setup_molecule:Multiple occupancies found in ASN A 370. At least one of the instances is being ignored.
2024-02-28 14:07:21,387 WARNING:main.py:418:setup_molecule:Multiple occupancies found: CA in ILE B 21.
2024-02-28 14:07:21,387 WARNING:main.py:418:setup_molecule:Multiple occupancies found: CB in ILE B 21.
2024-02-28 14:07:21,388 WARNING:main.py:418:setup_molecule:Multiple occupancies found: CG1 in ILE B 21.
2024-02-28 14:07:21,388 WARNING:main.py:418:setup_molecule:Multiple occupancies found: CG2 in ILE B 21.
2024-02-28 14:07:21,388 WARNING:main.py:418:setup_molecule:Multiple occupancies found: CD1 in ILE B 21.
2024-02-28 14:07:21,389 WARNING:main.py:424:setup_molecule:Multiple occupancies found in ILE B 21. At least one of the instances is being ignored.
2024-02-28 14:07:21,389 WARNING:main.py:418:setup_molecule:Multiple occupancies found: CA in GLU B 66.
2024-02-28 14:07:21,389 WARNING:main.py:418:setup_molecule:Multiple occupancies found: CB in GLU B 66.
2024-02-28 14:07:21,390 WARNING:main.py:418:setup_molecule:Multiple occupancies found: CG in GLU B 66.
2024-02-28 14:07:21,390 WARNING:main.py:418:setup_molecule:Multiple occupancies found: CD in GLU B 66.
2024-02-28 14:07:21,390 WARNING:main.py:418:setup_molecule:Multiple occupancies found: OE1 in GLU B 66.
2024-02-28 14:07:21,391 WARNING:main.py:418:setup_molecule:Multiple occupancies found: OE2 in GLU B 66.
2024-02-28 14:07:21,391 WARNING:main.py:424:setup_molecule:Multiple occupancies found in GLU B 66. At least one of the instances is being ignored.
2024-02-28 14:07:21,391 WARNING:main.py:418:setup_molecule:Multiple occupancies found: CA in GLU B 88.
2024-02-28 14:07:21,392 WARNING:main.py:418:setup_molecule:Multiple occupancies found: CB in GLU B 88.
2024-02-28 14:07:21,392 WARNING:main.py:418:setup_molecule:Multiple occupancies found: CG in GLU B 88.
2024-02-28 14:07:21,392 WARNING:main.py:418:setup_molecule:Multiple occupancies found: CD in GLU B 88.
2024-02-28 14:07:21,393 WARNING:main.py:418:setup_molecule:Multiple occupancies found: OE1 in GLU B 88.
2024-02-28 14:07:21,393 WARNING:main.py:418:setup_molecule:Multiple occupancies found: OE2 in GLU B 88.
2024-02-28 14:07:21,393 WARNING:main.py:424:setup_molecule:Multiple occupancies found in GLU B 88. At least one of the instances is being ignored.
2024-02-28 14:07:21,393 WARNING:main.py:418:setup_molecule:Multiple occupancies found: N in LYS B 131.
2024-02-28 14:07:21,393 WARNING:main.py:418:setup_molecule:Multiple occupancies found: CA in LYS B 131.
2024-02-28 14:07:21,394 WARNING:main.py:418:setup_molecule:Multiple occupancies found: C in LYS B 131.
2024-02-28 14:07:21,394 WARNING:main.py:418:setup_molecule:Multiple occupancies found: O in LYS B 131.
2024-02-28 14:07:21,394 WARNING:main.py:418:setup_molecule:Multiple occupancies found: CB in LYS B 131.
2024-02-28 14:07:21,394 WARNING:main.py:418:setup_molecule:Multiple occupancies found: CG in LYS B 131.
2024-02-28 14:07:21,394 WARNING:main.py:418:setup_molecule:Multiple occupancies found: CD in LYS B 131.
2024-02-28 14:07:21,394 WARNING:main.py:418:setup_molecule:Multiple occupancies found: CE in LYS B 131.
2024-02-28 14:07:21,394 WARNING:main.py:418:setup_molecule:Multiple occupancies found: NZ in LYS B 131.
2024-02-28 14:07:21,394 WARNING:main.py:424:setup_molecule:Multiple occupancies found in LYS B 131. At least one of the instances is being ignored.
2024-02-28 14:07:21,394 WARNING:main.py:418:setup_molecule:Multiple occupancies found: CA in ASP B 141.
2024-02-28 14:07:21,395 WARNING:main.py:418:setup_molecule:Multiple occupancies found: CB in ASP B 141.
2024-02-28 14:07:21,395 WARNING:main.py:418:setup_molecule:Multiple occupancies found: CG in ASP B 141.
2024-02-28 14:07:21,395 WARNING:main.py:418:setup_molecule:Multiple occupancies found: OD1 in ASP B 141.
2024-02-28 14:07:21,395 WARNING:main.py:418:setup_molecule:Multiple occupancies found: OD2 in ASP B 141.
2024-02-28 14:07:21,395 WARNING:main.py:424:setup_molecule:Multiple occupancies found in ASP B 141. At least one of the instances is being ignored.
2024-02-28 14:07:21,395 WARNING:main.py:418:setup_molecule:Multiple occupancies found: CA in GLU B 145.
2024-02-28 14:07:21,395 WARNING:main.py:418:setup_molecule:Multiple occupancies found: CB in GLU B 145.
2024-02-28 14:07:21,395 WARNING:main.py:418:setup_molecule:Multiple occupancies found: CG in GLU B 145.
2024-02-28 14:07:21,395 WARNING:main.py:418:setup_molecule:Multiple occupancies found: CD in GLU B 145.
2024-02-28 14:07:21,395 WARNING:main.py:418:setup_molecule:Multiple occupancies found: OE1 in GLU B 145.
2024-02-28 14:07:21,401 WARNING:main.py:418:setup_molecule:Multiple occupancies found: OE2 in GLU B 145.
2024-02-28 14:07:21,401 WARNING:main.py:424:setup_molecule:Multiple occupancies found in GLU B 145. At least one of the instances is being ignored.
2024-02-28 14:07:21,402 WARNING:main.py:418:setup_molecule:Multiple occupancies found: CB in ARG B 148.
2024-02-28 14:07:21,402 WARNING:main.py:418:setup_molecule:Multiple occupancies found: CG in ARG B 148.
2024-02-28 14:07:21,405 WARNING:main.py:418:setup_molecule:Multiple occupancies found: CD in ARG B 148.
2024-02-28 14:07:21,405 WARNING:main.py:418:setup_molecule:Multiple occupancies found: NE in ARG B 148.
2024-02-28 14:07:21,405 WARNING:main.py:418:setup_molecule:Multiple occupancies found: CZ in ARG B 148.
2024-02-28 14:07:21,405 WARNING:main.py:418:setup_molecule:Multiple occupancies found: NH1 in ARG B 148.
2024-02-28 14:07:21,406 WARNING:main.py:418:setup_molecule:Multiple occupancies found: NH2 in ARG B 148.
2024-02-28 14:07:21,406 WARNING:main.py:424:setup_molecule:Multiple occupancies found in ARG B 148. At least one of the instances is being ignored.
2024-02-28 14:07:21,406 WARNING:main.py:418:setup_molecule:Multiple occupancies found: CB in MET B 184.
2024-02-28 14:07:21,417 WARNING:main.py:418:setup_molecule:Multiple occupancies found: CG in MET B 184.
2024-02-28 14:07:21,417 WARNING:main.py:418:setup_molecule:Multiple occupancies found: SD in MET B 184.
2024-02-28 14:07:21,418 WARNING:main.py:418:setup_molecule:Multiple occupancies found: CE in MET B 184.
2024-02-28 14:07:21,418 WARNING:main.py:424:setup_molecule:Multiple occupancies found in MET B 184. At least one of the instances is being ignored.
2024-02-28 14:07:21,418 WARNING:main.py:418:setup_molecule:Multiple occupancies found: CA in ARG B 203.
2024-02-28 14:07:21,418 WARNING:main.py:418:setup_molecule:Multiple occupancies found: CB in ARG B 203.
2024-02-28 14:07:21,418 WARNING:main.py:418:setup_molecule:Multiple occupancies found: CG in ARG B 203.
2024-02-28 14:07:21,418 WARNING:main.py:418:setup_molecule:Multiple occupancies found: CD in ARG B 203.
2024-02-28 14:07:21,418 WARNING:main.py:418:setup_molecule:Multiple occupancies found: NE in ARG B 203.
2024-02-28 14:07:21,418 WARNING:main.py:418:setup_molecule:Multiple occupancies found: CZ in ARG B 203.
2024-02-28 14:07:21,418 WARNING:main.py:418:setup_molecule:Multiple occupancies found: NH1 in ARG B 203.
2024-02-28 14:07:21,418 WARNING:main.py:418:setup_molecule:Multiple occupancies found: NH2 in ARG B 203.
2024-02-28 14:07:21,418 WARNING:main.py:424:setup_molecule:Multiple occupancies found in ARG B 203. At least one of the instances is being ignored.
2024-02-28 14:07:21,419 WARNING:main.py:418:setup_molecule:Multiple occupancies found: CB in ASN B 246.
2024-02-28 14:07:21,419 WARNING:main.py:418:setup_molecule:Multiple occupancies found: CG in ASN B 246.
2024-02-28 14:07:21,419 WARNING:main.py:418:setup_molecule:Multiple occupancies found: OD1 in ASN B 246.
2024-02-28 14:07:21,419 WARNING:main.py:418:setup_molecule:Multiple occupancies found: ND2 in ASN B 246.
2024-02-28 14:07:21,419 WARNING:main.py:424:setup_molecule:Multiple occupancies found in ASN B 246. At least one of the instances is being ignored.
2024-02-28 14:07:21,419 WARNING:main.py:418:setup_molecule:Multiple occupancies found: CA in GLU B 266.
2024-02-28 14:07:21,419 WARNING:main.py:418:setup_molecule:Multiple occupancies found: CB in GLU B 266.
2024-02-28 14:07:21,419 WARNING:main.py:418:setup_molecule:Multiple occupancies found: CG in GLU B 266.
2024-02-28 14:07:21,419 WARNING:main.py:418:setup_molecule:Multiple occupancies found: CD in GLU B 266.
2024-02-28 14:07:21,419 WARNING:main.py:418:setup_molecule:Multiple occupancies found: OE1 in GLU B 266.
2024-02-28 14:07:21,419 WARNING:main.py:418:setup_molecule:Multiple occupancies found: OE2 in GLU B 266.
2024-02-28 14:07:21,419 WARNING:main.py:424:setup_molecule:Multiple occupancies found in GLU B 266. At least one of the instances is being ignored.
2024-02-28 14:07:21,419 WARNING:main.py:418:setup_molecule:Multiple occupancies found: CA in ARG B 269.
2024-02-28 14:07:21,419 WARNING:main.py:418:setup_molecule:Multiple occupancies found: CB in ARG B 269.
2024-02-28 14:07:21,419 WARNING:main.py:418:setup_molecule:Multiple occupancies found: CG in ARG B 269.
2024-02-28 14:07:21,419 WARNING:main.py:418:setup_molecule:Multiple occupancies found: CD in ARG B 269.
2024-02-28 14:07:21,419 WARNING:main.py:418:setup_molecule:Multiple occupancies found: NE in ARG B 269.
2024-02-28 14:07:21,419 WARNING:main.py:418:setup_molecule:Multiple occupancies found: CZ in ARG B 269.
2024-02-28 14:07:21,419 WARNING:main.py:418:setup_molecule:Multiple occupancies found: NH1 in ARG B 269.
2024-02-28 14:07:21,420 WARNING:main.py:418:setup_molecule:Multiple occupancies found: NH2 in ARG B 269.
2024-02-28 14:07:21,420 WARNING:main.py:424:setup_molecule:Multiple occupancies found in ARG B 269. At least one of the instances is being ignored.
2024-02-28 14:07:21,420 WARNING:main.py:418:setup_molecule:Multiple occupancies found: CA in GLU B 270.
2024-02-28 14:07:21,420 WARNING:main.py:418:setup_molecule:Multiple occupancies found: CB in GLU B 270.
2024-02-28 14:07:21,421 WARNING:main.py:418:setup_molecule:Multiple occupancies found: CG in GLU B 270.
2024-02-28 14:07:21,421 WARNING:main.py:418:setup_molecule:Multiple occupancies found: CD in GLU B 270.
2024-02-28 14:07:21,421 WARNING:main.py:418:setup_molecule:Multiple occupancies found: OE1 in GLU B 270.
2024-02-28 14:07:21,422 WARNING:main.py:418:setup_molecule:Multiple occupancies found: OE2 in GLU B 270.
2024-02-28 14:07:21,422 WARNING:main.py:424:setup_molecule:Multiple occupancies found in GLU B 270. At least one of the instances is being ignored.
2024-02-28 14:07:21,422 WARNING:main.py:418:setup_molecule:Multiple occupancies found: N in GLU B 274.
2024-02-28 14:07:21,422 WARNING:main.py:418:setup_molecule:Multiple occupancies found: CA in GLU B 274.
2024-02-28 14:07:21,422 WARNING:main.py:418:setup_molecule:Multiple occupancies found: C in GLU B 274.
2024-02-28 14:07:21,422 WARNING:main.py:418:setup_molecule:Multiple occupancies found: O in GLU B 274.
2024-02-28 14:07:21,422 WARNING:main.py:418:setup_molecule:Multiple occupancies found: CB in GLU B 274.
2024-02-28 14:07:21,423 WARNING:main.py:418:setup_molecule:Multiple occupancies found: CG in GLU B 274.
2024-02-28 14:07:21,423 WARNING:main.py:418:setup_molecule:Multiple occupancies found: CD in GLU B 274.
2024-02-28 14:07:21,423 WARNING:main.py:418:setup_molecule:Multiple occupancies found: OE1 in GLU B 274.
2024-02-28 14:07:21,423 WARNING:main.py:418:setup_molecule:Multiple occupancies found: OE2 in GLU B 274.
2024-02-28 14:07:21,423 WARNING:main.py:424:setup_molecule:Multiple occupancies found in GLU B 274. At least one of the instances is being ignored.
2024-02-28 14:07:21,423 WARNING:main.py:418:setup_molecule:Multiple occupancies found: N in ASN B 275.
2024-02-28 14:07:21,423 WARNING:main.py:418:setup_molecule:Multiple occupancies found: CA in ASN B 275.
2024-02-28 14:07:21,423 WARNING:main.py:418:setup_molecule:Multiple occupancies found: C in ASN B 275.
2024-02-28 14:07:21,423 WARNING:main.py:418:setup_molecule:Multiple occupancies found: O in ASN B 275.
2024-02-28 14:07:21,423 WARNING:main.py:418:setup_molecule:Multiple occupancies found: CB in ASN B 275.
2024-02-28 14:07:21,423 WARNING:main.py:418:setup_molecule:Multiple occupancies found: CG in ASN B 275.
2024-02-28 14:07:21,423 WARNING:main.py:418:setup_molecule:Multiple occupancies found: OD1 in ASN B 275.
2024-02-28 14:07:21,423 WARNING:main.py:418:setup_molecule:Multiple occupancies found: ND2 in ASN B 275.
2024-02-28 14:07:21,423 WARNING:main.py:424:setup_molecule:Multiple occupancies found in ASN B 275. At least one of the instances is being ignored.
2024-02-28 14:07:21,423 WARNING:main.py:418:setup_molecule:Multiple occupancies found: CA in ILE B 349.
2024-02-28 14:07:21,423 WARNING:main.py:418:setup_molecule:Multiple occupancies found: CB in ILE B 349.
2024-02-28 14:07:21,423 WARNING:main.py:418:setup_molecule:Multiple occupancies found: CG1 in ILE B 349.
2024-02-28 14:07:21,423 WARNING:main.py:418:setup_molecule:Multiple occupancies found: CG2 in ILE B 349.
2024-02-28 14:07:21,424 WARNING:main.py:418:setup_molecule:Multiple occupancies found: CD1 in ILE B 349.
2024-02-28 14:07:21,424 WARNING:main.py:424:setup_molecule:Multiple occupancies found in ILE B 349. At least one of the instances is being ignored.
2024-02-28 14:07:21,424 WARNING:main.py:418:setup_molecule:Multiple occupancies found: CA in ARG B 365.
2024-02-28 14:07:21,424 WARNING:main.py:418:setup_molecule:Multiple occupancies found: CB in ARG B 365.
2024-02-28 14:07:21,424 WARNING:main.py:418:setup_molecule:Multiple occupancies found: CG in ARG B 365.
2024-02-28 14:07:21,424 WARNING:main.py:418:setup_molecule:Multiple occupancies found: CD in ARG B 365.
2024-02-28 14:07:21,424 WARNING:main.py:418:setup_molecule:Multiple occupancies found: NE in ARG B 365.
2024-02-28 14:07:21,424 WARNING:main.py:418:setup_molecule:Multiple occupancies found: CZ in ARG B 365.
2024-02-28 14:07:21,424 WARNING:main.py:418:setup_molecule:Multiple occupancies found: NH1 in ARG B 365.
2024-02-28 14:07:21,424 WARNING:main.py:418:setup_molecule:Multiple occupancies found: NH2 in ARG B 365.
2024-02-28 14:07:21,424 WARNING:main.py:424:setup_molecule:Multiple occupancies found in ARG B 365. At least one of the instances is being ignored.
2024-02-28 14:07:21,424 WARNING:main.py:418:setup_molecule:Multiple occupancies found: CA in ASP B 368.
2024-02-28 14:07:21,424 WARNING:main.py:418:setup_molecule:Multiple occupancies found: CB in ASP B 368.
2024-02-28 14:07:21,424 WARNING:main.py:418:setup_molecule:Multiple occupancies found: CG in ASP B 368.
2024-02-28 14:07:21,425 WARNING:main.py:418:setup_molecule:Multiple occupancies found: OD1 in ASP B 368.
2024-02-28 14:07:21,425 WARNING:main.py:418:setup_molecule:Multiple occupancies found: OD2 in ASP B 368.
2024-02-28 14:07:21,425 WARNING:main.py:424:setup_molecule:Multiple occupancies found in ASP B 368. At least one of the instances is being ignored.
2024-02-28 14:07:21,425 WARNING:main.py:418:setup_molecule:Multiple occupancies found: CA in LYS B 412.
2024-02-28 14:07:21,425 WARNING:main.py:418:setup_molecule:Multiple occupancies found: CB in LYS B 412.
2024-02-28 14:07:21,425 WARNING:main.py:418:setup_molecule:Multiple occupancies found: CG in LYS B 412.
2024-02-28 14:07:21,425 WARNING:main.py:418:setup_molecule:Multiple occupancies found: CD in LYS B 412.
2024-02-28 14:07:21,425 WARNING:main.py:418:setup_molecule:Multiple occupancies found: CE in LYS B 412.
2024-02-28 14:07:21,425 WARNING:main.py:418:setup_molecule:Multiple occupancies found: NZ in LYS B 412.
2024-02-28 14:07:21,425 WARNING:main.py:424:setup_molecule:Multiple occupancies found in LYS B 412. At least one of the instances is being ignored.
2024-02-28 14:07:21,471 WARNING:biomolecule.py:615:update_bonds:Gap in backbone detected between PRO A 304 and ALA A 308!
2024-02-28 14:07:21,482 WARNING:biomolecule.py:615:update_bonds:Gap in backbone detected between ALA B 306 and LYS B 309!
2024-02-28 14:07:21,518 WARNING:biomolecule.py:157:num_missing_heavy:Missing atom CB in residue LYS A 213
2024-02-28 14:07:21,526 WARNING:biomolecule.py:157:num_missing_heavy:Missing atom CG in residue LYS A 213
2024-02-28 14:07:21,527 WARNING:biomolecule.py:157:num_missing_heavy:Missing atom CD in residue LYS A 213
2024-02-28 14:07:21,527 WARNING:biomolecule.py:157:num_missing_heavy:Missing atom CE in residue LYS A 213
2024-02-28 14:07:21,527 WARNING:biomolecule.py:157:num_missing_heavy:Missing atom NZ in residue LYS A 213
2024-02-28 14:07:21,528 WARNING:biomolecule.py:157:num_missing_heavy:Missing atom CD in residue GLU A 233
2024-02-28 14:07:21,528 WARNING:biomolecule.py:157:num_missing_heavy:Missing atom OE1 in residue GLU A 233
2024-02-28 14:07:21,528 WARNING:biomolecule.py:157:num_missing_heavy:Missing atom OE2 in residue GLU A 233
2024-02-28 14:07:21,529 WARNING:biomolecule.py:157:num_missing_heavy:Missing atom CG in residue GLU A 270
2024-02-28 14:07:21,530 WARNING:biomolecule.py:157:num_missing_heavy:Missing atom CD in residue GLU A 270
2024-02-28 14:07:21,531 WARNING:biomolecule.py:157:num_missing_heavy:Missing atom OE1 in residue GLU A 270
2024-02-28 14:07:21,531 WARNING:biomolecule.py:157:num_missing_heavy:Missing atom OE2 in residue GLU A 270
2024-02-28 14:07:21,531 WARNING:biomolecule.py:157:num_missing_heavy:Missing atom CE in residue LYS A 301
2024-02-28 14:07:21,531 WARNING:biomolecule.py:157:num_missing_heavy:Missing atom NZ in residue LYS A 301
2024-02-28 14:07:21,531 WARNING:biomolecule.py:157:num_missing_heavy:Missing atom CE in residue LYS A 309
2024-02-28 14:07:21,532 WARNING:biomolecule.py:157:num_missing_heavy:Missing atom NZ in residue LYS A 309
2024-02-28 14:07:21,534 WARNING:biomolecule.py:157:num_missing_heavy:Missing atom CG in residue GLU A 362
2024-02-28 14:07:21,534 WARNING:biomolecule.py:157:num_missing_heavy:Missing atom CD in residue GLU A 362
2024-02-28 14:07:21,535 WARNING:biomolecule.py:157:num_missing_heavy:Missing atom OE1 in residue GLU A 362
2024-02-28 14:07:21,535 WARNING:biomolecule.py:157:num_missing_heavy:Missing atom OE2 in residue GLU A 362
2024-02-28 14:07:21,536 WARNING:biomolecule.py:157:num_missing_heavy:Missing atom OXT in residue GLU A 445
2024-02-28 14:07:21,537 WARNING:biomolecule.py:157:num_missing_heavy:Missing atom CD in residue LYS B 5
2024-02-28 14:07:21,537 WARNING:biomolecule.py:157:num_missing_heavy:Missing atom CE in residue LYS B 5
2024-02-28 14:07:21,537 WARNING:biomolecule.py:157:num_missing_heavy:Missing atom CB in residue GLU B 8
2024-02-28 14:07:21,537 WARNING:biomolecule.py:157:num_missing_heavy:Missing atom CG in residue GLU B 8
2024-02-28 14:07:21,537 WARNING:biomolecule.py:157:num_missing_heavy:Missing atom CD in residue GLU B 8
2024-02-28 14:07:21,537 WARNING:biomolecule.py:157:num_missing_heavy:Missing atom OE1 in residue GLU B 8
2024-02-28 14:07:21,537 WARNING:biomolecule.py:157:num_missing_heavy:Missing atom OE2 in residue GLU B 8
2024-02-28 14:07:21,537 WARNING:biomolecule.py:157:num_missing_heavy:Missing atom CG in residue LYS B 62
2024-02-28 14:07:21,538 WARNING:biomolecule.py:157:num_missing_heavy:Missing atom CD in residue LYS B 62
2024-02-28 14:07:21,538 WARNING:biomolecule.py:157:num_missing_heavy:Missing atom CE in residue LYS B 62
2024-02-28 14:07:21,538 WARNING:biomolecule.py:157:num_missing_heavy:Missing atom NZ in residue LYS B 62
2024-02-28 14:07:21,538 WARNING:biomolecule.py:157:num_missing_heavy:Missing atom CG in residue LYS B 70
2024-02-28 14:07:21,538 WARNING:biomolecule.py:157:num_missing_heavy:Missing atom CD in residue LYS B 70
2024-02-28 14:07:21,538 WARNING:biomolecule.py:157:num_missing_heavy:Missing atom CE in residue LYS B 70
2024-02-28 14:07:21,538 WARNING:biomolecule.py:157:num_missing_heavy:Missing atom NZ in residue LYS B 70
2024-02-28 14:07:21,538 WARNING:biomolecule.py:157:num_missing_heavy:Missing atom CB in residue LEU B 71
2024-02-28 14:07:21,538 WARNING:biomolecule.py:157:num_missing_heavy:Missing atom CG in residue LEU B 71
2024-02-28 14:07:21,538 WARNING:biomolecule.py:157:num_missing_heavy:Missing atom CD1 in residue LEU B 71
2024-02-28 14:07:21,538 WARNING:biomolecule.py:157:num_missing_heavy:Missing atom CD2 in residue LEU B 71
2024-02-28 14:07:21,538 WARNING:biomolecule.py:157:num_missing_heavy:Missing atom CG in residue LYS B 74
2024-02-28 14:07:21,538 WARNING:biomolecule.py:157:num_missing_heavy:Missing atom CD in residue LYS B 74
2024-02-28 14:07:21,538 WARNING:biomolecule.py:157:num_missing_heavy:Missing atom CE in residue LYS B 74
2024-02-28 14:07:21,538 WARNING:biomolecule.py:157:num_missing_heavy:Missing atom NZ in residue LYS B 74
2024-02-28 14:07:21,539 WARNING:biomolecule.py:157:num_missing_heavy:Missing atom CG in residue LYS B 206
2024-02-28 14:07:21,539 WARNING:biomolecule.py:157:num_missing_heavy:Missing atom CD in residue LYS B 206
2024-02-28 14:07:21,539 WARNING:biomolecule.py:157:num_missing_heavy:Missing atom CE in residue LYS B 206
2024-02-28 14:07:21,539 WARNING:biomolecule.py:157:num_missing_heavy:Missing atom NZ in residue LYS B 206
2024-02-28 14:07:21,539 WARNING:biomolecule.py:157:num_missing_heavy:Missing atom CB in residue LYS B 213
2024-02-28 14:07:21,539 WARNING:biomolecule.py:157:num_missing_heavy:Missing atom CG in residue LYS B 213
2024-02-28 14:07:21,539 WARNING:biomolecule.py:157:num_missing_heavy:Missing atom CD in residue LYS B 213
2024-02-28 14:07:21,539 WARNING:biomolecule.py:157:num_missing_heavy:Missing atom CE in residue LYS B 213
2024-02-28 14:07:21,539 WARNING:biomolecule.py:157:num_missing_heavy:Missing atom NZ in residue LYS B 213
2024-02-28 14:07:21,539 WARNING:biomolecule.py:157:num_missing_heavy:Missing atom CB in residue ASP B 214
2024-02-28 14:07:21,539 WARNING:biomolecule.py:157:num_missing_heavy:Missing atom CG in residue ASP B 214
2024-02-28 14:07:21,539 WARNING:biomolecule.py:157:num_missing_heavy:Missing atom OD1 in residue ASP B 214
2024-02-28 14:07:21,539 WARNING:biomolecule.py:157:num_missing_heavy:Missing atom OD2 in residue ASP B 214
2024-02-28 14:07:21,539 WARNING:biomolecule.py:157:num_missing_heavy:Missing atom CE in residue LYS B 216
2024-02-28 14:07:21,539 WARNING:biomolecule.py:157:num_missing_heavy:Missing atom NZ in residue LYS B 216
2024-02-28 14:07:21,539 WARNING:biomolecule.py:157:num_missing_heavy:Missing atom CE in residue LYS B 309
2024-02-28 14:07:21,554 WARNING:biomolecule.py:157:num_missing_heavy:Missing atom NZ in residue LYS B 309
2024-02-28 14:07:21,555 WARNING:biomolecule.py:157:num_missing_heavy:Missing atom CB in residue GLU B 362
2024-02-28 14:07:21,555 WARNING:biomolecule.py:157:num_missing_heavy:Missing atom CG in residue GLU B 362
2024-02-28 14:07:21,555 WARNING:biomolecule.py:157:num_missing_heavy:Missing atom CD in residue GLU B 362
2024-02-28 14:07:21,555 WARNING:biomolecule.py:157:num_missing_heavy:Missing atom OE1 in residue GLU B 362
2024-02-28 14:07:21,555 WARNING:biomolecule.py:157:num_missing_heavy:Missing atom OE2 in residue GLU B 362
2024-02-28 14:07:21,556 WARNING:biomolecule.py:157:num_missing_heavy:Missing atom CG in residue LYS B 376
2024-02-28 14:07:21,556 WARNING:biomolecule.py:157:num_missing_heavy:Missing atom CD in residue LYS B 376
2024-02-28 14:07:21,556 WARNING:biomolecule.py:157:num_missing_heavy:Missing atom CE in residue LYS B 376
2024-02-28 14:07:21,556 WARNING:biomolecule.py:157:num_missing_heavy:Missing atom NZ in residue LYS B 376
2024-02-28 14:07:21,556 WARNING:biomolecule.py:157:num_missing_heavy:Missing atom CD in residue LYS B 425
2024-02-28 14:07:21,557 WARNING:biomolecule.py:157:num_missing_heavy:Missing atom CE in residue LYS B 425
2024-02-28 14:07:21,558 WARNING:biomolecule.py:157:num_missing_heavy:Missing atom NZ in residue LYS B 425
2024-02-28 14:07:21,558 WARNING:biomolecule.py:157:num_missing_heavy:Missing atom CG in residue LYS B 440
2024-02-28 14:07:21,558 WARNING:biomolecule.py:157:num_missing_heavy:Missing atom CD in residue LYS B 440
2024-02-28 14:07:21,558 WARNING:biomolecule.py:157:num_missing_heavy:Missing atom CE in residue LYS B 440
2024-02-28 14:07:21,558 WARNING:biomolecule.py:157:num_missing_heavy:Missing atom NZ in residue LYS B 440
2024-02-28 14:07:21,558 WARNING:biomolecule.py:157:num_missing_heavy:Missing atom OXT in residue LEU B 444
2024-02-28 14:07:21,559 WARNING:biomolecule.py:157:num_missing_heavy:Missing atom CB in residue LYS A 213
2024-02-28 14:07:21,559 WARNING:biomolecule.py:157:num_missing_heavy:Missing atom CG in residue LYS A 213
2024-02-28 14:07:21,559 WARNING:biomolecule.py:157:num_missing_heavy:Missing atom CD in residue LYS A 213
2024-02-28 14:07:21,559 WARNING:biomolecule.py:157:num_missing_heavy:Missing atom CE in residue LYS A 213
2024-02-28 14:07:21,559 WARNING:biomolecule.py:157:num_missing_heavy:Missing atom NZ in residue LYS A 213
2024-02-28 14:07:21,560 WARNING:biomolecule.py:157:num_missing_heavy:Missing atom CD in residue GLU A 233
2024-02-28 14:07:21,560 WARNING:biomolecule.py:157:num_missing_heavy:Missing atom OE1 in residue GLU A 233
2024-02-28 14:07:21,560 WARNING:biomolecule.py:157:num_missing_heavy:Missing atom OE2 in residue GLU A 233
2024-02-28 14:07:21,560 WARNING:biomolecule.py:157:num_missing_heavy:Missing atom CG in residue GLU A 270
2024-02-28 14:07:21,560 WARNING:biomolecule.py:157:num_missing_heavy:Missing atom CD in residue GLU A 270
2024-02-28 14:07:21,560 WARNING:biomolecule.py:157:num_missing_heavy:Missing atom OE1 in residue GLU A 270
2024-02-28 14:07:21,560 WARNING:biomolecule.py:157:num_missing_heavy:Missing atom OE2 in residue GLU A 270
2024-02-28 14:07:21,560 WARNING:biomolecule.py:157:num_missing_heavy:Missing atom CE in residue LYS A 301
2024-02-28 14:07:21,560 WARNING:biomolecule.py:157:num_missing_heavy:Missing atom NZ in residue LYS A 301
2024-02-28 14:07:21,560 WARNING:biomolecule.py:157:num_missing_heavy:Missing atom CE in residue LYS A 309
2024-02-28 14:07:21,560 WARNING:biomolecule.py:157:num_missing_heavy:Missing atom NZ in residue LYS A 309
2024-02-28 14:07:21,560 WARNING:biomolecule.py:157:num_missing_heavy:Missing atom CG in residue GLU A 362
2024-02-28 14:07:21,560 WARNING:biomolecule.py:157:num_missing_heavy:Missing atom CD in residue GLU A 362
2024-02-28 14:07:21,560 WARNING:biomolecule.py:157:num_missing_heavy:Missing atom OE1 in residue GLU A 362
2024-02-28 14:07:21,560 WARNING:biomolecule.py:157:num_missing_heavy:Missing atom OE2 in residue GLU A 362
2024-02-28 14:07:21,561 WARNING:biomolecule.py:157:num_missing_heavy:Missing atom OXT in residue GLU A 445
2024-02-28 14:07:21,583 WARNING:biomolecule.py:157:num_missing_heavy:Missing atom CD in residue LYS B 5
2024-02-28 14:07:21,583 WARNING:biomolecule.py:157:num_missing_heavy:Missing atom CE in residue LYS B 5
2024-02-28 14:07:21,584 WARNING:biomolecule.py:157:num_missing_heavy:Missing atom CB in residue GLU B 8
2024-02-28 14:07:21,585 WARNING:biomolecule.py:157:num_missing_heavy:Missing atom CG in residue GLU B 8
2024-02-28 14:07:21,585 WARNING:biomolecule.py:157:num_missing_heavy:Missing atom CD in residue GLU B 8
2024-02-28 14:07:21,585 WARNING:biomolecule.py:157:num_missing_heavy:Missing atom OE1 in residue GLU B 8
2024-02-28 14:07:21,586 WARNING:biomolecule.py:157:num_missing_heavy:Missing atom OE2 in residue GLU B 8
2024-02-28 14:07:21,589 WARNING:biomolecule.py:157:num_missing_heavy:Missing atom CG in residue LYS B 62
2024-02-28 14:07:21,590 WARNING:biomolecule.py:157:num_missing_heavy:Missing atom CD in residue LYS B 62
2024-02-28 14:07:21,591 WARNING:biomolecule.py:157:num_missing_heavy:Missing atom CE in residue LYS B 62
2024-02-28 14:07:21,591 WARNING:biomolecule.py:157:num_missing_heavy:Missing atom NZ in residue LYS B 62
2024-02-28 14:07:21,591 WARNING:biomolecule.py:157:num_missing_heavy:Missing atom CG in residue LYS B 70
2024-02-28 14:07:21,591 WARNING:biomolecule.py:157:num_missing_heavy:Missing atom CD in residue LYS B 70
2024-02-28 14:07:21,591 WARNING:biomolecule.py:157:num_missing_heavy:Missing atom CE in residue LYS B 70
2024-02-28 14:07:21,592 WARNING:biomolecule.py:157:num_missing_heavy:Missing atom NZ in residue LYS B 70
2024-02-28 14:07:21,592 WARNING:biomolecule.py:157:num_missing_heavy:Missing atom CB in residue LEU B 71
2024-02-28 14:07:21,592 WARNING:biomolecule.py:157:num_missing_heavy:Missing atom CG in residue LEU B 71
2024-02-28 14:07:21,592 WARNING:biomolecule.py:157:num_missing_heavy:Missing atom CD1 in residue LEU B 71
2024-02-28 14:07:21,592 WARNING:biomolecule.py:157:num_missing_heavy:Missing atom CD2 in residue LEU B 71
2024-02-28 14:07:21,592 WARNING:biomolecule.py:157:num_missing_heavy:Missing atom CG in residue LYS B 74
2024-02-28 14:07:21,592 WARNING:biomolecule.py:157:num_missing_heavy:Missing atom CD in residue LYS B 74
2024-02-28 14:07:21,592 WARNING:biomolecule.py:157:num_missing_heavy:Missing atom CE in residue LYS B 74
2024-02-28 14:07:21,592 WARNING:biomolecule.py:157:num_missing_heavy:Missing atom NZ in residue LYS B 74
2024-02-28 14:07:21,595 WARNING:biomolecule.py:157:num_missing_heavy:Missing atom CG in residue LYS B 206
2024-02-28 14:07:21,595 WARNING:biomolecule.py:157:num_missing_heavy:Missing atom CD in residue LYS B 206
2024-02-28 14:07:21,595 WARNING:biomolecule.py:157:num_missing_heavy:Missing atom CE in residue LYS B 206
2024-02-28 14:07:21,595 WARNING:biomolecule.py:157:num_missing_heavy:Missing atom NZ in residue LYS B 206
2024-02-28 14:07:21,595 WARNING:biomolecule.py:157:num_missing_heavy:Missing atom CB in residue LYS B 213
2024-02-28 14:07:21,595 WARNING:biomolecule.py:157:num_missing_heavy:Missing atom CG in residue LYS B 213
2024-02-28 14:07:21,595 WARNING:biomolecule.py:157:num_missing_heavy:Missing atom CD in residue LYS B 213
2024-02-28 14:07:21,595 WARNING:biomolecule.py:157:num_missing_heavy:Missing atom CE in residue LYS B 213
2024-02-28 14:07:21,595 WARNING:biomolecule.py:157:num_missing_heavy:Missing atom NZ in residue LYS B 213
2024-02-28 14:07:21,595 WARNING:biomolecule.py:157:num_missing_heavy:Missing atom CB in residue ASP B 214
2024-02-28 14:07:21,595 WARNING:biomolecule.py:157:num_missing_heavy:Missing atom CG in residue ASP B 214
2024-02-28 14:07:21,597 WARNING:biomolecule.py:157:num_missing_heavy:Missing atom OD1 in residue ASP B 214
2024-02-28 14:07:21,597 WARNING:biomolecule.py:157:num_missing_heavy:Missing atom OD2 in residue ASP B 214
2024-02-28 14:07:21,598 WARNING:biomolecule.py:157:num_missing_heavy:Missing atom CE in residue LYS B 216
2024-02-28 14:07:21,598 WARNING:biomolecule.py:157:num_missing_heavy:Missing atom NZ in residue LYS B 216
2024-02-28 14:07:21,598 WARNING:biomolecule.py:157:num_missing_heavy:Missing atom CE in residue LYS B 309
2024-02-28 14:07:21,598 WARNING:biomolecule.py:157:num_missing_heavy:Missing atom NZ in residue LYS B 309
2024-02-28 14:07:21,601 WARNING:biomolecule.py:157:num_missing_heavy:Missing atom CB in residue GLU B 362
2024-02-28 14:07:21,601 WARNING:biomolecule.py:157:num_missing_heavy:Missing atom CG in residue GLU B 362
2024-02-28 14:07:21,601 WARNING:biomolecule.py:157:num_missing_heavy:Missing atom CD in residue GLU B 362
2024-02-28 14:07:21,602 WARNING:biomolecule.py:157:num_missing_heavy:Missing atom OE1 in residue GLU B 362
2024-02-28 14:07:21,602 WARNING:biomolecule.py:157:num_missing_heavy:Missing atom OE2 in residue GLU B 362
2024-02-28 14:07:21,602 WARNING:biomolecule.py:157:num_missing_heavy:Missing atom CG in residue LYS B 376
2024-02-28 14:07:21,603 WARNING:biomolecule.py:157:num_missing_heavy:Missing atom CD in residue LYS B 376
2024-02-28 14:07:21,603 WARNING:biomolecule.py:157:num_missing_heavy:Missing atom CE in residue LYS B 376
2024-02-28 14:07:21,603 WARNING:biomolecule.py:157:num_missing_heavy:Missing atom NZ in residue LYS B 376
2024-02-28 14:07:21,607 WARNING:biomolecule.py:157:num_missing_heavy:Missing atom CD in residue LYS B 425
2024-02-28 14:07:21,607 WARNING:biomolecule.py:157:num_missing_heavy:Missing atom CE in residue LYS B 425
2024-02-28 14:07:21,608 WARNING:biomolecule.py:157:num_missing_heavy:Missing atom NZ in residue LYS B 425
2024-02-28 14:07:21,608 WARNING:biomolecule.py:157:num_missing_heavy:Missing atom CG in residue LYS B 440
2024-02-28 14:07:21,608 WARNING:biomolecule.py:157:num_missing_heavy:Missing atom CD in residue LYS B 440
2024-02-28 14:07:21,608 WARNING:biomolecule.py:157:num_missing_heavy:Missing atom CE in residue LYS B 440
2024-02-28 14:07:21,608 WARNING:biomolecule.py:157:num_missing_heavy:Missing atom NZ in residue LYS B 440
2024-02-28 14:07:21,609 WARNING:biomolecule.py:157:num_missing_heavy:Missing atom OXT in residue LEU B 444
2024-02-28 14:07:21,613 WARNING:biomolecule.py:157:num_missing_heavy:Missing atom CB in residue LYS A 213
2024-02-28 14:07:21,613 WARNING:biomolecule.py:157:num_missing_heavy:Missing atom CG in residue LYS A 213
2024-02-28 14:07:21,613 WARNING:biomolecule.py:157:num_missing_heavy:Missing atom CD in residue LYS A 213
2024-02-28 14:07:21,622 WARNING:biomolecule.py:157:num_missing_heavy:Missing atom CE in residue LYS A 213
2024-02-28 14:07:21,622 WARNING:biomolecule.py:157:num_missing_heavy:Missing atom NZ in residue LYS A 213
2024-02-28 14:07:21,623 WARNING:biomolecule.py:157:num_missing_heavy:Missing atom CD in residue GLU A 233
2024-02-28 14:07:21,623 WARNING:biomolecule.py:157:num_missing_heavy:Missing atom OE1 in residue GLU A 233
2024-02-28 14:07:21,623 WARNING:biomolecule.py:157:num_missing_heavy:Missing atom OE2 in residue GLU A 233
2024-02-28 14:07:21,625 WARNING:biomolecule.py:157:num_missing_heavy:Missing atom CG in residue GLU A 270
2024-02-28 14:07:21,625 WARNING:biomolecule.py:157:num_missing_heavy:Missing atom CD in residue GLU A 270
2024-02-28 14:07:21,625 WARNING:biomolecule.py:157:num_missing_heavy:Missing atom OE1 in residue GLU A 270
2024-02-28 14:07:21,625 WARNING:biomolecule.py:157:num_missing_heavy:Missing atom OE2 in residue GLU A 270
2024-02-28 14:07:21,626 WARNING:biomolecule.py:157:num_missing_heavy:Missing atom CE in residue LYS A 301
2024-02-28 14:07:21,628 WARNING:biomolecule.py:157:num_missing_heavy:Missing atom NZ in residue LYS A 301
2024-02-28 14:07:21,628 WARNING:biomolecule.py:157:num_missing_heavy:Missing atom CE in residue LYS A 309
2024-02-28 14:07:21,628 WARNING:biomolecule.py:157:num_missing_heavy:Missing atom NZ in residue LYS A 309
2024-02-28 14:07:21,629 WARNING:biomolecule.py:157:num_missing_heavy:Missing atom CG in residue GLU A 362
2024-02-28 14:07:21,629 WARNING:biomolecule.py:157:num_missing_heavy:Missing atom CD in residue GLU A 362
2024-02-28 14:07:21,631 WARNING:biomolecule.py:157:num_missing_heavy:Missing atom OE1 in residue GLU A 362
2024-02-28 14:07:21,631 WARNING:biomolecule.py:157:num_missing_heavy:Missing atom OE2 in residue GLU A 362
2024-02-28 14:07:21,635 WARNING:biomolecule.py:157:num_missing_heavy:Missing atom OXT in residue GLU A 445
2024-02-28 14:07:21,636 WARNING:biomolecule.py:157:num_missing_heavy:Missing atom CD in residue LYS B 5
2024-02-28 14:07:21,636 WARNING:biomolecule.py:157:num_missing_heavy:Missing atom CE in residue LYS B 5
2024-02-28 14:07:21,636 WARNING:biomolecule.py:157:num_missing_heavy:Missing atom CB in residue GLU B 8
2024-02-28 14:07:21,637 WARNING:biomolecule.py:157:num_missing_heavy:Missing atom CG in residue GLU B 8
2024-02-28 14:07:21,638 WARNING:biomolecule.py:157:num_missing_heavy:Missing atom CD in residue GLU B 8
2024-02-28 14:07:21,642 WARNING:biomolecule.py:157:num_missing_heavy:Missing atom OE1 in residue GLU B 8
2024-02-28 14:07:21,642 WARNING:biomolecule.py:157:num_missing_heavy:Missing atom OE2 in residue GLU B 8
2024-02-28 14:07:21,643 WARNING:biomolecule.py:157:num_missing_heavy:Missing atom CG in residue LYS B 62
2024-02-28 14:07:21,643 WARNING:biomolecule.py:157:num_missing_heavy:Missing atom CD in residue LYS B 62
2024-02-28 14:07:21,645 WARNING:biomolecule.py:157:num_missing_heavy:Missing atom CE in residue LYS B 62
2024-02-28 14:07:21,646 WARNING:biomolecule.py:157:num_missing_heavy:Missing atom NZ in residue LYS B 62
2024-02-28 14:07:21,646 WARNING:biomolecule.py:157:num_missing_heavy:Missing atom CG in residue LYS B 70
2024-02-28 14:07:21,646 WARNING:biomolecule.py:157:num_missing_heavy:Missing atom CD in residue LYS B 70
2024-02-28 14:07:21,646 WARNING:biomolecule.py:157:num_missing_heavy:Missing atom CE in residue LYS B 70
2024-02-28 14:07:21,647 WARNING:biomolecule.py:157:num_missing_heavy:Missing atom NZ in residue LYS B 70
2024-02-28 14:07:21,647 WARNING:biomolecule.py:157:num_missing_heavy:Missing atom CB in residue LEU B 71
2024-02-28 14:07:21,647 WARNING:biomolecule.py:157:num_missing_heavy:Missing atom CG in residue LEU B 71
2024-02-28 14:07:21,647 WARNING:biomolecule.py:157:num_missing_heavy:Missing atom CD1 in residue LEU B 71
2024-02-28 14:07:21,647 WARNING:biomolecule.py:157:num_missing_heavy:Missing atom CD2 in residue LEU B 71
2024-02-28 14:07:21,649 WARNING:biomolecule.py:157:num_missing_heavy:Missing atom CG in residue LYS B 74
2024-02-28 14:07:21,649 WARNING:biomolecule.py:157:num_missing_heavy:Missing atom CD in residue LYS B 74
2024-02-28 14:07:21,649 WARNING:biomolecule.py:157:num_missing_heavy:Missing atom CE in residue LYS B 74
2024-02-28 14:07:21,649 WARNING:biomolecule.py:157:num_missing_heavy:Missing atom NZ in residue LYS B 74
2024-02-28 14:07:21,650 WARNING:biomolecule.py:157:num_missing_heavy:Missing atom CG in residue LYS B 206
2024-02-28 14:07:21,650 WARNING:biomolecule.py:157:num_missing_heavy:Missing atom CD in residue LYS B 206
2024-02-28 14:07:21,650 WARNING:biomolecule.py:157:num_missing_heavy:Missing atom CE in residue LYS B 206
2024-02-28 14:07:21,650 WARNING:biomolecule.py:157:num_missing_heavy:Missing atom NZ in residue LYS B 206
2024-02-28 14:07:21,652 WARNING:biomolecule.py:157:num_missing_heavy:Missing atom CB in residue LYS B 213
2024-02-28 14:07:21,654 WARNING:biomolecule.py:157:num_missing_heavy:Missing atom CG in residue LYS B 213
2024-02-28 14:07:21,654 WARNING:biomolecule.py:157:num_missing_heavy:Missing atom CD in residue LYS B 213
2024-02-28 14:07:21,657 WARNING:biomolecule.py:157:num_missing_heavy:Missing atom CE in residue LYS B 213
2024-02-28 14:07:21,657 WARNING:biomolecule.py:157:num_missing_heavy:Missing atom NZ in residue LYS B 213
2024-02-28 14:07:21,657 WARNING:biomolecule.py:157:num_missing_heavy:Missing atom CB in residue ASP B 214
2024-02-28 14:07:21,657 WARNING:biomolecule.py:157:num_missing_heavy:Missing atom CG in residue ASP B 214
2024-02-28 14:07:21,658 WARNING:biomolecule.py:157:num_missing_heavy:Missing atom OD1 in residue ASP B 214
2024-02-28 14:07:21,658 WARNING:biomolecule.py:157:num_missing_heavy:Missing atom OD2 in residue ASP B 214
2024-02-28 14:07:21,658 WARNING:biomolecule.py:157:num_missing_heavy:Missing atom CE in residue LYS B 216
2024-02-28 14:07:21,658 WARNING:biomolecule.py:157:num_missing_heavy:Missing atom NZ in residue LYS B 216
2024-02-28 14:07:21,659 WARNING:biomolecule.py:157:num_missing_heavy:Missing atom CE in residue LYS B 309
2024-02-28 14:07:21,659 WARNING:biomolecule.py:157:num_missing_heavy:Missing atom NZ in residue LYS B 309
2024-02-28 14:07:21,660 WARNING:biomolecule.py:157:num_missing_heavy:Missing atom CB in residue GLU B 362
2024-02-28 14:07:21,660 WARNING:biomolecule.py:157:num_missing_heavy:Missing atom CG in residue GLU B 362
2024-02-28 14:07:21,660 WARNING:biomolecule.py:157:num_missing_heavy:Missing atom CD in residue GLU B 362
2024-02-28 14:07:21,660 WARNING:biomolecule.py:157:num_missing_heavy:Missing atom OE1 in residue GLU B 362
2024-02-28 14:07:21,660 WARNING:biomolecule.py:157:num_missing_heavy:Missing atom OE2 in residue GLU B 362
2024-02-28 14:07:21,661 WARNING:biomolecule.py:157:num_missing_heavy:Missing atom CG in residue LYS B 376
2024-02-28 14:07:21,661 WARNING:biomolecule.py:157:num_missing_heavy:Missing atom CD in residue LYS B 376
2024-02-28 14:07:21,661 WARNING:biomolecule.py:157:num_missing_heavy:Missing atom CE in residue LYS B 376
2024-02-28 14:07:21,661 WARNING:biomolecule.py:157:num_missing_heavy:Missing atom NZ in residue LYS B 376
2024-02-28 14:07:21,663 WARNING:biomolecule.py:157:num_missing_heavy:Missing atom CD in residue LYS B 425
2024-02-28 14:07:21,663 WARNING:biomolecule.py:157:num_missing_heavy:Missing atom CE in residue LYS B 425
2024-02-28 14:07:21,663 WARNING:biomolecule.py:157:num_missing_heavy:Missing atom NZ in residue LYS B 425
2024-02-28 14:07:21,663 WARNING:biomolecule.py:157:num_missing_heavy:Missing atom CG in residue LYS B 440
2024-02-28 14:07:21,664 WARNING:biomolecule.py:157:num_missing_heavy:Missing atom CD in residue LYS B 440
2024-02-28 14:07:21,665 WARNING:biomolecule.py:157:num_missing_heavy:Missing atom CE in residue LYS B 440
2024-02-28 14:07:21,665 WARNING:biomolecule.py:157:num_missing_heavy:Missing atom NZ in residue LYS B 440
2024-02-28 14:07:21,665 WARNING:biomolecule.py:157:num_missing_heavy:Missing atom OXT in residue LEU B 444
2024-02-28 14:07:24,911 WARNING:main.py:311:print_pqr:Ignoring 2019 header lines in output.
2024-02-28 14:07:24,911 WARNING:main.py:315:print_pqr:Ignoring 37 missing lines in output.
