2024-02-28 14:07:18,266 WARNING:biomolecule.py:992:create_residue:Unable to find amino or nucleic acid definition for PLG.  Parsing as new residue.
2024-02-28 14:07:18,824 WARNING:biomolecule.py:992:create_residue:Unable to find amino or nucleic acid definition for FFO.  Parsing as new residue.
2024-02-28 14:07:18,825 WARNING:biomolecule.py:992:create_residue:Unable to find amino or nucleic acid definition for PLG.  Parsing as new residue.
2024-02-28 14:07:18,825 WARNING:biomolecule.py:992:create_residue:Unable to find amino or nucleic acid definition for FFO.  Parsing as new residue.
2024-02-28 14:07:18,825 WARNING:biomolecule.py:992:create_residue:Unable to find amino or nucleic acid definition for PLG.  Parsing as new residue.
2024-02-28 14:07:18,825 WARNING:biomolecule.py:992:create_residue:Unable to find amino or nucleic acid definition for FFO.  Parsing as new residue.
2024-02-28 14:07:18,825 WARNING:biomolecule.py:992:create_residue:Unable to find amino or nucleic acid definition for PLG.  Parsing as new residue.
2024-02-28 14:07:18,825 WARNING:biomolecule.py:992:create_residue:Unable to find amino or nucleic acid definition for FFO.  Parsing as new residue.
2024-02-28 14:07:19,034 WARNING:biomolecule.py:157:num_missing_heavy:Missing atom CG in residue LYS A 3
2024-02-28 14:07:19,261 WARNING:biomolecule.py:157:num_missing_heavy:Missing atom CD in residue LYS A 3
2024-02-28 14:07:19,261 WARNING:biomolecule.py:157:num_missing_heavy:Missing atom CE in residue LYS A 3
2024-02-28 14:07:19,261 WARNING:biomolecule.py:157:num_missing_heavy:Missing atom NZ in residue LYS A 3
2024-02-28 14:07:19,262 WARNING:biomolecule.py:157:num_missing_heavy:Missing atom CG in residue LYS A 160
2024-02-28 14:07:19,262 WARNING:biomolecule.py:157:num_missing_heavy:Missing atom CD in residue LYS A 160
2024-02-28 14:07:19,262 WARNING:biomolecule.py:157:num_missing_heavy:Missing atom CE in residue LYS A 160
2024-02-28 14:07:19,262 WARNING:biomolecule.py:157:num_missing_heavy:Missing atom NZ in residue LYS A 160
2024-02-28 14:07:19,262 WARNING:biomolecule.py:157:num_missing_heavy:Missing atom CG in residue LYS A 166
2024-02-28 14:07:19,262 WARNING:biomolecule.py:157:num_missing_heavy:Missing atom CD in residue LYS A 166
2024-02-28 14:07:19,262 WARNING:biomolecule.py:157:num_missing_heavy:Missing atom CE in residue LYS A 166
2024-02-28 14:07:19,262 WARNING:biomolecule.py:157:num_missing_heavy:Missing atom NZ in residue LYS A 166
2024-02-28 14:07:19,263 WARNING:biomolecule.py:157:num_missing_heavy:Missing atom CG in residue GLU A 246
2024-02-28 14:07:19,263 WARNING:biomolecule.py:157:num_missing_heavy:Missing atom CD in residue GLU A 246
2024-02-28 14:07:19,263 WARNING:biomolecule.py:157:num_missing_heavy:Missing atom OE1 in residue GLU A 246
2024-02-28 14:07:19,263 WARNING:biomolecule.py:157:num_missing_heavy:Missing atom OE2 in residue GLU A 246
2024-02-28 14:07:19,263 WARNING:biomolecule.py:157:num_missing_heavy:Missing atom CG in residue GLU A 247
2024-02-28 14:07:19,263 WARNING:biomolecule.py:157:num_missing_heavy:Missing atom CD in residue GLU A 247
2024-02-28 14:07:19,263 WARNING:biomolecule.py:157:num_missing_heavy:Missing atom OE1 in residue GLU A 247
2024-02-28 14:07:19,263 WARNING:biomolecule.py:157:num_missing_heavy:Missing atom OE2 in residue GLU A 247
2024-02-28 14:07:19,263 WARNING:biomolecule.py:157:num_missing_heavy:Missing atom CG in residue LYS A 250
2024-02-28 14:07:19,263 WARNING:biomolecule.py:157:num_missing_heavy:Missing atom CD in residue LYS A 250
2024-02-28 14:07:19,263 WARNING:biomolecule.py:157:num_missing_heavy:Missing atom CE in residue LYS A 250
2024-02-28 14:07:19,263 WARNING:biomolecule.py:157:num_missing_heavy:Missing atom NZ in residue LYS A 250
2024-02-28 14:07:19,276 WARNING:biomolecule.py:157:num_missing_heavy:Missing atom CG in residue GLU A 396
2024-02-28 14:07:19,276 WARNING:biomolecule.py:157:num_missing_heavy:Missing atom CD in residue GLU A 396
2024-02-28 14:07:19,276 WARNING:biomolecule.py:157:num_missing_heavy:Missing atom OE1 in residue GLU A 396
2024-02-28 14:07:19,276 WARNING:biomolecule.py:157:num_missing_heavy:Missing atom OE2 in residue GLU A 396
2024-02-28 14:07:19,276 WARNING:biomolecule.py:157:num_missing_heavy:Missing atom CG in residue ARG A 401
2024-02-28 14:07:19,276 WARNING:biomolecule.py:157:num_missing_heavy:Missing atom CD in residue ARG A 401
2024-02-28 14:07:19,276 WARNING:biomolecule.py:157:num_missing_heavy:Missing atom NE in residue ARG A 401
2024-02-28 14:07:19,276 WARNING:biomolecule.py:157:num_missing_heavy:Missing atom CZ in residue ARG A 401
2024-02-28 14:07:19,276 WARNING:biomolecule.py:157:num_missing_heavy:Missing atom NH1 in residue ARG A 401
2024-02-28 14:07:19,277 WARNING:biomolecule.py:157:num_missing_heavy:Missing atom NH2 in residue ARG A 401
2024-02-28 14:07:19,277 WARNING:biomolecule.py:157:num_missing_heavy:Missing atom CG in residue LYS B 3
2024-02-28 14:07:19,277 WARNING:biomolecule.py:157:num_missing_heavy:Missing atom CD in residue LYS B 3
2024-02-28 14:07:19,346 WARNING:biomolecule.py:157:num_missing_heavy:Missing atom CE in residue LYS B 3
2024-02-28 14:07:19,346 WARNING:biomolecule.py:157:num_missing_heavy:Missing atom NZ in residue LYS B 3
2024-02-28 14:07:19,346 WARNING:biomolecule.py:157:num_missing_heavy:Missing atom CG in residue LYS B 62
2024-02-28 14:07:19,346 WARNING:biomolecule.py:157:num_missing_heavy:Missing atom CD in residue LYS B 62
2024-02-28 14:07:19,445 WARNING:biomolecule.py:157:num_missing_heavy:Missing atom CE in residue LYS B 62
2024-02-28 14:07:19,445 WARNING:biomolecule.py:157:num_missing_heavy:Missing atom NZ in residue LYS B 62
2024-02-28 14:07:19,446 WARNING:biomolecule.py:157:num_missing_heavy:Missing atom CG in residue LYS B 160
2024-02-28 14:07:19,446 WARNING:biomolecule.py:157:num_missing_heavy:Missing atom CD in residue LYS B 160
2024-02-28 14:07:19,446 WARNING:biomolecule.py:157:num_missing_heavy:Missing atom CE in residue LYS B 160
2024-02-28 14:07:19,446 WARNING:biomolecule.py:157:num_missing_heavy:Missing atom NZ in residue LYS B 160
2024-02-28 14:07:19,446 WARNING:biomolecule.py:157:num_missing_heavy:Missing atom CG in residue GLU B 246
2024-02-28 14:07:19,446 WARNING:biomolecule.py:157:num_missing_heavy:Missing atom CD in residue GLU B 246
2024-02-28 14:07:19,446 WARNING:biomolecule.py:157:num_missing_heavy:Missing atom OE1 in residue GLU B 246
2024-02-28 14:07:19,446 WARNING:biomolecule.py:157:num_missing_heavy:Missing atom OE2 in residue GLU B 246
2024-02-28 14:07:19,446 WARNING:biomolecule.py:157:num_missing_heavy:Missing atom CG in residue LYS B 250
2024-02-28 14:07:19,446 WARNING:biomolecule.py:157:num_missing_heavy:Missing atom CD in residue LYS B 250
2024-02-28 14:07:19,447 WARNING:biomolecule.py:157:num_missing_heavy:Missing atom CE in residue LYS B 250
2024-02-28 14:07:19,447 WARNING:biomolecule.py:157:num_missing_heavy:Missing atom NZ in residue LYS B 250
2024-02-28 14:07:19,447 WARNING:biomolecule.py:157:num_missing_heavy:Missing atom CG in residue ASN B 327
2024-02-28 14:07:19,447 WARNING:biomolecule.py:157:num_missing_heavy:Missing atom OD1 in residue ASN B 327
2024-02-28 14:07:19,447 WARNING:biomolecule.py:157:num_missing_heavy:Missing atom ND2 in residue ASN B 327
2024-02-28 14:07:19,448 WARNING:biomolecule.py:157:num_missing_heavy:Missing atom CG in residue LYS C 62
2024-02-28 14:07:19,448 WARNING:biomolecule.py:157:num_missing_heavy:Missing atom CD in residue LYS C 62
2024-02-28 14:07:19,448 WARNING:biomolecule.py:157:num_missing_heavy:Missing atom CE in residue LYS C 62
2024-02-28 14:07:19,448 WARNING:biomolecule.py:157:num_missing_heavy:Missing atom NZ in residue LYS C 62
2024-02-28 14:07:19,448 WARNING:biomolecule.py:157:num_missing_heavy:Missing atom CG in residue LYS C 160
2024-02-28 14:07:19,448 WARNING:biomolecule.py:157:num_missing_heavy:Missing atom CD in residue LYS C 160
2024-02-28 14:07:19,448 WARNING:biomolecule.py:157:num_missing_heavy:Missing atom CE in residue LYS C 160
2024-02-28 14:07:19,448 WARNING:biomolecule.py:157:num_missing_heavy:Missing atom NZ in residue LYS C 160
2024-02-28 14:07:19,448 WARNING:biomolecule.py:157:num_missing_heavy:Missing atom CG in residue LYS C 163
2024-02-28 14:07:19,448 WARNING:biomolecule.py:157:num_missing_heavy:Missing atom CD in residue LYS C 163
2024-02-28 14:07:19,448 WARNING:biomolecule.py:157:num_missing_heavy:Missing atom CE in residue LYS C 163
2024-02-28 14:07:19,448 WARNING:biomolecule.py:157:num_missing_heavy:Missing atom NZ in residue LYS C 163
2024-02-28 14:07:19,448 WARNING:biomolecule.py:157:num_missing_heavy:Missing atom CG in residue LYS C 166
2024-02-28 14:07:19,448 WARNING:biomolecule.py:157:num_missing_heavy:Missing atom CD in residue LYS C 166
2024-02-28 14:07:19,448 WARNING:biomolecule.py:157:num_missing_heavy:Missing atom CE in residue LYS C 166
2024-02-28 14:07:19,449 WARNING:biomolecule.py:157:num_missing_heavy:Missing atom NZ in residue LYS C 166
2024-02-28 14:07:19,449 WARNING:biomolecule.py:157:num_missing_heavy:Missing atom CG in residue LYS C 168
2024-02-28 14:07:19,449 WARNING:biomolecule.py:157:num_missing_heavy:Missing atom CD in residue LYS C 168
2024-02-28 14:07:19,449 WARNING:biomolecule.py:157:num_missing_heavy:Missing atom CE in residue LYS C 168
2024-02-28 14:07:19,449 WARNING:biomolecule.py:157:num_missing_heavy:Missing atom NZ in residue LYS C 168
2024-02-28 14:07:19,461 WARNING:biomolecule.py:157:num_missing_heavy:Missing atom CG in residue GLU C 246
2024-02-28 14:07:19,461 WARNING:biomolecule.py:157:num_missing_heavy:Missing atom CD in residue GLU C 246
2024-02-28 14:07:19,461 WARNING:biomolecule.py:157:num_missing_heavy:Missing atom OE1 in residue GLU C 246
2024-02-28 14:07:19,461 WARNING:biomolecule.py:157:num_missing_heavy:Missing atom OE2 in residue GLU C 246
2024-02-28 14:07:19,461 WARNING:biomolecule.py:157:num_missing_heavy:Missing atom CG in residue GLU C 247
2024-02-28 14:07:19,461 WARNING:biomolecule.py:157:num_missing_heavy:Missing atom CD in residue GLU C 247
2024-02-28 14:07:19,461 WARNING:biomolecule.py:157:num_missing_heavy:Missing atom OE1 in residue GLU C 247
2024-02-28 14:07:19,461 WARNING:biomolecule.py:157:num_missing_heavy:Missing atom OE2 in residue GLU C 247
2024-02-28 14:07:19,461 WARNING:biomolecule.py:157:num_missing_heavy:Missing atom CG in residue LYS C 250
2024-02-28 14:07:19,461 WARNING:biomolecule.py:157:num_missing_heavy:Missing atom CD in residue LYS C 250
2024-02-28 14:07:19,461 WARNING:biomolecule.py:157:num_missing_heavy:Missing atom CE in residue LYS C 250
2024-02-28 14:07:19,462 WARNING:biomolecule.py:157:num_missing_heavy:Missing atom NZ in residue LYS C 250
2024-02-28 14:07:19,462 WARNING:biomolecule.py:157:num_missing_heavy:Missing atom CG in residue LYS C 293
2024-02-28 14:07:19,462 WARNING:biomolecule.py:157:num_missing_heavy:Missing atom CD in residue LYS C 293
2024-02-28 14:07:19,462 WARNING:biomolecule.py:157:num_missing_heavy:Missing atom CE in residue LYS C 293
2024-02-28 14:07:19,462 WARNING:biomolecule.py:157:num_missing_heavy:Missing atom NZ in residue LYS C 293
2024-02-28 14:07:19,462 WARNING:biomolecule.py:157:num_missing_heavy:Missing atom CG in residue GLU C 396
2024-02-28 14:07:19,462 WARNING:biomolecule.py:157:num_missing_heavy:Missing atom CD in residue GLU C 396
2024-02-28 14:07:19,462 WARNING:biomolecule.py:157:num_missing_heavy:Missing atom OE1 in residue GLU C 396
2024-02-28 14:07:19,462 WARNING:biomolecule.py:157:num_missing_heavy:Missing atom OE2 in residue GLU C 396
2024-02-28 14:07:19,462 WARNING:biomolecule.py:157:num_missing_heavy:Missing atom CG in residue GLU C 400
2024-02-28 14:07:19,462 WARNING:biomolecule.py:157:num_missing_heavy:Missing atom CD in residue GLU C 400
2024-02-28 14:07:19,463 WARNING:biomolecule.py:157:num_missing_heavy:Missing atom OE1 in residue GLU C 400
2024-02-28 14:07:19,463 WARNING:biomolecule.py:157:num_missing_heavy:Missing atom OE2 in residue GLU C 400
2024-02-28 14:07:19,463 WARNING:biomolecule.py:157:num_missing_heavy:Missing atom CG in residue ARG C 401
2024-02-28 14:07:19,463 WARNING:biomolecule.py:157:num_missing_heavy:Missing atom CD in residue ARG C 401
2024-02-28 14:07:19,463 WARNING:biomolecule.py:157:num_missing_heavy:Missing atom NE in residue ARG C 401
2024-02-28 14:07:19,463 WARNING:biomolecule.py:157:num_missing_heavy:Missing atom CZ in residue ARG C 401
2024-02-28 14:07:19,463 WARNING:biomolecule.py:157:num_missing_heavy:Missing atom NH1 in residue ARG C 401
2024-02-28 14:07:19,463 WARNING:biomolecule.py:157:num_missing_heavy:Missing atom NH2 in residue ARG C 401
2024-02-28 14:07:19,463 WARNING:biomolecule.py:157:num_missing_heavy:Missing atom CG in residue LYS D 3
2024-02-28 14:07:19,463 WARNING:biomolecule.py:157:num_missing_heavy:Missing atom CD in residue LYS D 3
2024-02-28 14:07:19,463 WARNING:biomolecule.py:157:num_missing_heavy:Missing atom CE in residue LYS D 3
2024-02-28 14:07:19,463 WARNING:biomolecule.py:157:num_missing_heavy:Missing atom NZ in residue LYS D 3
2024-02-28 14:07:19,463 WARNING:biomolecule.py:157:num_missing_heavy:Missing atom CG in residue ARG D 4
2024-02-28 14:07:19,463 WARNING:biomolecule.py:157:num_missing_heavy:Missing atom CD in residue ARG D 4
2024-02-28 14:07:19,463 WARNING:biomolecule.py:157:num_missing_heavy:Missing atom NE in residue ARG D 4
2024-02-28 14:07:19,463 WARNING:biomolecule.py:157:num_missing_heavy:Missing atom CZ in residue ARG D 4
2024-02-28 14:07:19,463 WARNING:biomolecule.py:157:num_missing_heavy:Missing atom NH1 in residue ARG D 4
2024-02-28 14:07:19,463 WARNING:biomolecule.py:157:num_missing_heavy:Missing atom NH2 in residue ARG D 4
2024-02-28 14:07:19,463 WARNING:biomolecule.py:157:num_missing_heavy:Missing atom CG in residue ASN D 7
2024-02-28 14:07:19,463 WARNING:biomolecule.py:157:num_missing_heavy:Missing atom OD1 in residue ASN D 7
2024-02-28 14:07:19,463 WARNING:biomolecule.py:157:num_missing_heavy:Missing atom ND2 in residue ASN D 7
2024-02-28 14:07:19,464 WARNING:biomolecule.py:157:num_missing_heavy:Missing atom CG in residue LYS D 62
2024-02-28 14:07:19,464 WARNING:biomolecule.py:157:num_missing_heavy:Missing atom CD in residue LYS D 62
2024-02-28 14:07:19,464 WARNING:biomolecule.py:157:num_missing_heavy:Missing atom CE in residue LYS D 62
2024-02-28 14:07:19,464 WARNING:biomolecule.py:157:num_missing_heavy:Missing atom NZ in residue LYS D 62
2024-02-28 14:07:19,464 WARNING:biomolecule.py:157:num_missing_heavy:Missing atom CG in residue LYS D 168
2024-02-28 14:07:19,489 WARNING:biomolecule.py:157:num_missing_heavy:Missing atom CD in residue LYS D 168
2024-02-28 14:07:19,489 WARNING:biomolecule.py:157:num_missing_heavy:Missing atom CE in residue LYS D 168
2024-02-28 14:07:19,489 WARNING:biomolecule.py:157:num_missing_heavy:Missing atom NZ in residue LYS D 168
2024-02-28 14:07:19,490 WARNING:biomolecule.py:157:num_missing_heavy:Missing atom CG in residue GLU D 247
2024-02-28 14:07:19,510 WARNING:biomolecule.py:157:num_missing_heavy:Missing atom CD in residue GLU D 247
2024-02-28 14:07:19,510 WARNING:biomolecule.py:157:num_missing_heavy:Missing atom OE1 in residue GLU D 247
2024-02-28 14:07:19,510 WARNING:biomolecule.py:157:num_missing_heavy:Missing atom OE2 in residue GLU D 247
2024-02-28 14:07:19,510 WARNING:biomolecule.py:157:num_missing_heavy:Missing atom CG in residue LYS D 250
2024-02-28 14:07:19,510 WARNING:biomolecule.py:157:num_missing_heavy:Missing atom CD in residue LYS D 250
2024-02-28 14:07:19,510 WARNING:biomolecule.py:157:num_missing_heavy:Missing atom CE in residue LYS D 250
2024-02-28 14:07:19,510 WARNING:biomolecule.py:157:num_missing_heavy:Missing atom NZ in residue LYS D 250
2024-02-28 14:07:19,511 WARNING:biomolecule.py:157:num_missing_heavy:Missing atom CG in residue LYS D 293
2024-02-28 14:07:19,511 WARNING:biomolecule.py:157:num_missing_heavy:Missing atom CD in residue LYS D 293
2024-02-28 14:07:19,511 WARNING:biomolecule.py:157:num_missing_heavy:Missing atom CE in residue LYS D 293
2024-02-28 14:07:19,511 WARNING:biomolecule.py:157:num_missing_heavy:Missing atom NZ in residue LYS D 293
2024-02-28 14:07:19,511 WARNING:biomolecule.py:157:num_missing_heavy:Missing atom CG in residue GLU D 396
2024-02-28 14:07:19,511 WARNING:biomolecule.py:157:num_missing_heavy:Missing atom CD in residue GLU D 396
2024-02-28 14:07:19,511 WARNING:biomolecule.py:157:num_missing_heavy:Missing atom OE1 in residue GLU D 396
2024-02-28 14:07:19,511 WARNING:biomolecule.py:157:num_missing_heavy:Missing atom OE2 in residue GLU D 396
2024-02-28 14:07:19,511 WARNING:biomolecule.py:157:num_missing_heavy:Missing atom CG in residue LYS A 3
2024-02-28 14:07:19,511 WARNING:biomolecule.py:157:num_missing_heavy:Missing atom CD in residue LYS A 3
2024-02-28 14:07:19,512 WARNING:biomolecule.py:157:num_missing_heavy:Missing atom CE in residue LYS A 3
2024-02-28 14:07:19,512 WARNING:biomolecule.py:157:num_missing_heavy:Missing atom NZ in residue LYS A 3
2024-02-28 14:07:19,521 WARNING:biomolecule.py:157:num_missing_heavy:Missing atom CG in residue LYS A 160
2024-02-28 14:07:19,522 WARNING:biomolecule.py:157:num_missing_heavy:Missing atom CD in residue LYS A 160
2024-02-28 14:07:19,522 WARNING:biomolecule.py:157:num_missing_heavy:Missing atom CE in residue LYS A 160
2024-02-28 14:07:19,522 WARNING:biomolecule.py:157:num_missing_heavy:Missing atom NZ in residue LYS A 160
2024-02-28 14:07:19,522 WARNING:biomolecule.py:157:num_missing_heavy:Missing atom CG in residue LYS A 166
2024-02-28 14:07:19,522 WARNING:biomolecule.py:157:num_missing_heavy:Missing atom CD in residue LYS A 166
2024-02-28 14:07:19,522 WARNING:biomolecule.py:157:num_missing_heavy:Missing atom CE in residue LYS A 166
2024-02-28 14:07:19,522 WARNING:biomolecule.py:157:num_missing_heavy:Missing atom NZ in residue LYS A 166
2024-02-28 14:07:19,522 WARNING:biomolecule.py:157:num_missing_heavy:Missing atom CG in residue GLU A 246
2024-02-28 14:07:19,522 WARNING:biomolecule.py:157:num_missing_heavy:Missing atom CD in residue GLU A 246
2024-02-28 14:07:19,522 WARNING:biomolecule.py:157:num_missing_heavy:Missing atom OE1 in residue GLU A 246
2024-02-28 14:07:19,522 WARNING:biomolecule.py:157:num_missing_heavy:Missing atom OE2 in residue GLU A 246
2024-02-28 14:07:19,522 WARNING:biomolecule.py:157:num_missing_heavy:Missing atom CG in residue GLU A 247
2024-02-28 14:07:19,522 WARNING:biomolecule.py:157:num_missing_heavy:Missing atom CD in residue GLU A 247
2024-02-28 14:07:19,522 WARNING:biomolecule.py:157:num_missing_heavy:Missing atom OE1 in residue GLU A 247
2024-02-28 14:07:19,522 WARNING:biomolecule.py:157:num_missing_heavy:Missing atom OE2 in residue GLU A 247
2024-02-28 14:07:19,522 WARNING:biomolecule.py:157:num_missing_heavy:Missing atom CG in residue LYS A 250
2024-02-28 14:07:19,522 WARNING:biomolecule.py:157:num_missing_heavy:Missing atom CD in residue LYS A 250
2024-02-28 14:07:19,522 WARNING:biomolecule.py:157:num_missing_heavy:Missing atom CE in residue LYS A 250
2024-02-28 14:07:19,522 WARNING:biomolecule.py:157:num_missing_heavy:Missing atom NZ in residue LYS A 250
2024-02-28 14:07:19,523 WARNING:biomolecule.py:157:num_missing_heavy:Missing atom CG in residue GLU A 396
2024-02-28 14:07:19,523 WARNING:biomolecule.py:157:num_missing_heavy:Missing atom CD in residue GLU A 396
2024-02-28 14:07:19,523 WARNING:biomolecule.py:157:num_missing_heavy:Missing atom OE1 in residue GLU A 396
2024-02-28 14:07:19,523 WARNING:biomolecule.py:157:num_missing_heavy:Missing atom OE2 in residue GLU A 396
2024-02-28 14:07:19,523 WARNING:biomolecule.py:157:num_missing_heavy:Missing atom CG in residue ARG A 401
2024-02-28 14:07:19,523 WARNING:biomolecule.py:157:num_missing_heavy:Missing atom CD in residue ARG A 401
2024-02-28 14:07:19,523 WARNING:biomolecule.py:157:num_missing_heavy:Missing atom NE in residue ARG A 401
2024-02-28 14:07:19,523 WARNING:biomolecule.py:157:num_missing_heavy:Missing atom CZ in residue ARG A 401
2024-02-28 14:07:19,523 WARNING:biomolecule.py:157:num_missing_heavy:Missing atom NH1 in residue ARG A 401
2024-02-28 14:07:19,523 WARNING:biomolecule.py:157:num_missing_heavy:Missing atom NH2 in residue ARG A 401
2024-02-28 14:07:19,524 WARNING:biomolecule.py:157:num_missing_heavy:Missing atom CG in residue LYS B 3
2024-02-28 14:07:19,524 WARNING:biomolecule.py:157:num_missing_heavy:Missing atom CD in residue LYS B 3
2024-02-28 14:07:19,524 WARNING:biomolecule.py:157:num_missing_heavy:Missing atom CE in residue LYS B 3
2024-02-28 14:07:19,524 WARNING:biomolecule.py:157:num_missing_heavy:Missing atom NZ in residue LYS B 3
2024-02-28 14:07:19,524 WARNING:biomolecule.py:157:num_missing_heavy:Missing atom CG in residue LYS B 62
2024-02-28 14:07:19,524 WARNING:biomolecule.py:157:num_missing_heavy:Missing atom CD in residue LYS B 62
2024-02-28 14:07:19,524 WARNING:biomolecule.py:157:num_missing_heavy:Missing atom CE in residue LYS B 62
2024-02-28 14:07:19,524 WARNING:biomolecule.py:157:num_missing_heavy:Missing atom NZ in residue LYS B 62
2024-02-28 14:07:19,524 WARNING:biomolecule.py:157:num_missing_heavy:Missing atom CG in residue LYS B 160
2024-02-28 14:07:19,524 WARNING:biomolecule.py:157:num_missing_heavy:Missing atom CD in residue LYS B 160
2024-02-28 14:07:19,524 WARNING:biomolecule.py:157:num_missing_heavy:Missing atom CE in residue LYS B 160
2024-02-28 14:07:19,524 WARNING:biomolecule.py:157:num_missing_heavy:Missing atom NZ in residue LYS B 160
2024-02-28 14:07:19,525 WARNING:biomolecule.py:157:num_missing_heavy:Missing atom CG in residue GLU B 246
2024-02-28 14:07:19,525 WARNING:biomolecule.py:157:num_missing_heavy:Missing atom CD in residue GLU B 246
2024-02-28 14:07:19,525 WARNING:biomolecule.py:157:num_missing_heavy:Missing atom OE1 in residue GLU B 246
2024-02-28 14:07:19,525 WARNING:biomolecule.py:157:num_missing_heavy:Missing atom OE2 in residue GLU B 246
2024-02-28 14:07:19,525 WARNING:biomolecule.py:157:num_missing_heavy:Missing atom CG in residue LYS B 250
2024-02-28 14:07:19,549 WARNING:biomolecule.py:157:num_missing_heavy:Missing atom CD in residue LYS B 250
2024-02-28 14:07:19,549 WARNING:biomolecule.py:157:num_missing_heavy:Missing atom CE in residue LYS B 250
2024-02-28 14:07:19,549 WARNING:biomolecule.py:157:num_missing_heavy:Missing atom NZ in residue LYS B 250
2024-02-28 14:07:19,550 WARNING:biomolecule.py:157:num_missing_heavy:Missing atom CG in residue ASN B 327
2024-02-28 14:07:19,550 WARNING:biomolecule.py:157:num_missing_heavy:Missing atom OD1 in residue ASN B 327
2024-02-28 14:07:19,550 WARNING:biomolecule.py:157:num_missing_heavy:Missing atom ND2 in residue ASN B 327
2024-02-28 14:07:19,550 WARNING:biomolecule.py:157:num_missing_heavy:Missing atom CG in residue LYS C 62
2024-02-28 14:07:19,550 WARNING:biomolecule.py:157:num_missing_heavy:Missing atom CD in residue LYS C 62
2024-02-28 14:07:19,550 WARNING:biomolecule.py:157:num_missing_heavy:Missing atom CE in residue LYS C 62
2024-02-28 14:07:19,551 WARNING:biomolecule.py:157:num_missing_heavy:Missing atom NZ in residue LYS C 62
2024-02-28 14:07:19,551 WARNING:biomolecule.py:157:num_missing_heavy:Missing atom CG in residue LYS C 160
2024-02-28 14:07:19,551 WARNING:biomolecule.py:157:num_missing_heavy:Missing atom CD in residue LYS C 160
2024-02-28 14:07:19,551 WARNING:biomolecule.py:157:num_missing_heavy:Missing atom CE in residue LYS C 160
2024-02-28 14:07:19,551 WARNING:biomolecule.py:157:num_missing_heavy:Missing atom NZ in residue LYS C 160
2024-02-28 14:07:19,551 WARNING:biomolecule.py:157:num_missing_heavy:Missing atom CG in residue LYS C 163
2024-02-28 14:07:19,551 WARNING:biomolecule.py:157:num_missing_heavy:Missing atom CD in residue LYS C 163
2024-02-28 14:07:19,551 WARNING:biomolecule.py:157:num_missing_heavy:Missing atom CE in residue LYS C 163
2024-02-28 14:07:19,551 WARNING:biomolecule.py:157:num_missing_heavy:Missing atom NZ in residue LYS C 163
2024-02-28 14:07:19,551 WARNING:biomolecule.py:157:num_missing_heavy:Missing atom CG in residue LYS C 166
2024-02-28 14:07:19,551 WARNING:biomolecule.py:157:num_missing_heavy:Missing atom CD in residue LYS C 166
2024-02-28 14:07:19,551 WARNING:biomolecule.py:157:num_missing_heavy:Missing atom CE in residue LYS C 166
2024-02-28 14:07:19,551 WARNING:biomolecule.py:157:num_missing_heavy:Missing atom NZ in residue LYS C 166
2024-02-28 14:07:19,551 WARNING:biomolecule.py:157:num_missing_heavy:Missing atom CG in residue LYS C 168
2024-02-28 14:07:19,551 WARNING:biomolecule.py:157:num_missing_heavy:Missing atom CD in residue LYS C 168
2024-02-28 14:07:19,551 WARNING:biomolecule.py:157:num_missing_heavy:Missing atom CE in residue LYS C 168
2024-02-28 14:07:19,551 WARNING:biomolecule.py:157:num_missing_heavy:Missing atom NZ in residue LYS C 168
2024-02-28 14:07:19,552 WARNING:biomolecule.py:157:num_missing_heavy:Missing atom CG in residue GLU C 246
2024-02-28 14:07:19,552 WARNING:biomolecule.py:157:num_missing_heavy:Missing atom CD in residue GLU C 246
2024-02-28 14:07:19,552 WARNING:biomolecule.py:157:num_missing_heavy:Missing atom OE1 in residue GLU C 246
2024-02-28 14:07:19,552 WARNING:biomolecule.py:157:num_missing_heavy:Missing atom OE2 in residue GLU C 246
2024-02-28 14:07:19,552 WARNING:biomolecule.py:157:num_missing_heavy:Missing atom CG in residue GLU C 247
2024-02-28 14:07:19,552 WARNING:biomolecule.py:157:num_missing_heavy:Missing atom CD in residue GLU C 247
2024-02-28 14:07:19,552 WARNING:biomolecule.py:157:num_missing_heavy:Missing atom OE1 in residue GLU C 247
2024-02-28 14:07:19,552 WARNING:biomolecule.py:157:num_missing_heavy:Missing atom OE2 in residue GLU C 247
2024-02-28 14:07:19,552 WARNING:biomolecule.py:157:num_missing_heavy:Missing atom CG in residue LYS C 250
2024-02-28 14:07:19,552 WARNING:biomolecule.py:157:num_missing_heavy:Missing atom CD in residue LYS C 250
2024-02-28 14:07:19,552 WARNING:biomolecule.py:157:num_missing_heavy:Missing atom CE in residue LYS C 250
2024-02-28 14:07:19,552 WARNING:biomolecule.py:157:num_missing_heavy:Missing atom NZ in residue LYS C 250
2024-02-28 14:07:19,552 WARNING:biomolecule.py:157:num_missing_heavy:Missing atom CG in residue LYS C 293
2024-02-28 14:07:19,552 WARNING:biomolecule.py:157:num_missing_heavy:Missing atom CD in residue LYS C 293
2024-02-28 14:07:19,552 WARNING:biomolecule.py:157:num_missing_heavy:Missing atom CE in residue LYS C 293
2024-02-28 14:07:19,552 WARNING:biomolecule.py:157:num_missing_heavy:Missing atom NZ in residue LYS C 293
2024-02-28 14:07:19,553 WARNING:biomolecule.py:157:num_missing_heavy:Missing atom CG in residue GLU C 396
2024-02-28 14:07:19,553 WARNING:biomolecule.py:157:num_missing_heavy:Missing atom CD in residue GLU C 396
2024-02-28 14:07:19,553 WARNING:biomolecule.py:157:num_missing_heavy:Missing atom OE1 in residue GLU C 396
2024-02-28 14:07:19,553 WARNING:biomolecule.py:157:num_missing_heavy:Missing atom OE2 in residue GLU C 396
2024-02-28 14:07:19,587 WARNING:biomolecule.py:157:num_missing_heavy:Missing atom CG in residue GLU C 400
2024-02-28 14:07:19,587 WARNING:biomolecule.py:157:num_missing_heavy:Missing atom CD in residue GLU C 400
2024-02-28 14:07:19,587 WARNING:biomolecule.py:157:num_missing_heavy:Missing atom OE1 in residue GLU C 400
2024-02-28 14:07:19,587 WARNING:biomolecule.py:157:num_missing_heavy:Missing atom OE2 in residue GLU C 400
2024-02-28 14:07:19,587 WARNING:biomolecule.py:157:num_missing_heavy:Missing atom CG in residue ARG C 401
2024-02-28 14:07:19,587 WARNING:biomolecule.py:157:num_missing_heavy:Missing atom CD in residue ARG C 401
2024-02-28 14:07:19,587 WARNING:biomolecule.py:157:num_missing_heavy:Missing atom NE in residue ARG C 401
2024-02-28 14:07:19,587 WARNING:biomolecule.py:157:num_missing_heavy:Missing atom CZ in residue ARG C 401
2024-02-28 14:07:19,588 WARNING:biomolecule.py:157:num_missing_heavy:Missing atom NH1 in residue ARG C 401
2024-02-28 14:07:19,588 WARNING:biomolecule.py:157:num_missing_heavy:Missing atom NH2 in residue ARG C 401
2024-02-28 14:07:19,588 WARNING:biomolecule.py:157:num_missing_heavy:Missing atom CG in residue LYS D 3
2024-02-28 14:07:19,588 WARNING:biomolecule.py:157:num_missing_heavy:Missing atom CD in residue LYS D 3
2024-02-28 14:07:19,588 WARNING:biomolecule.py:157:num_missing_heavy:Missing atom CE in residue LYS D 3
2024-02-28 14:07:19,588 WARNING:biomolecule.py:157:num_missing_heavy:Missing atom NZ in residue LYS D 3
2024-02-28 14:07:19,588 WARNING:biomolecule.py:157:num_missing_heavy:Missing atom CG in residue ARG D 4
2024-02-28 14:07:19,588 WARNING:biomolecule.py:157:num_missing_heavy:Missing atom CD in residue ARG D 4
2024-02-28 14:07:19,588 WARNING:biomolecule.py:157:num_missing_heavy:Missing atom NE in residue ARG D 4
2024-02-28 14:07:19,588 WARNING:biomolecule.py:157:num_missing_heavy:Missing atom CZ in residue ARG D 4
2024-02-28 14:07:19,588 WARNING:biomolecule.py:157:num_missing_heavy:Missing atom NH1 in residue ARG D 4
2024-02-28 14:07:19,588 WARNING:biomolecule.py:157:num_missing_heavy:Missing atom NH2 in residue ARG D 4
2024-02-28 14:07:19,588 WARNING:biomolecule.py:157:num_missing_heavy:Missing atom CG in residue ASN D 7
2024-02-28 14:07:19,588 WARNING:biomolecule.py:157:num_missing_heavy:Missing atom OD1 in residue ASN D 7
2024-02-28 14:07:19,588 WARNING:biomolecule.py:157:num_missing_heavy:Missing atom ND2 in residue ASN D 7
2024-02-28 14:07:19,588 WARNING:biomolecule.py:157:num_missing_heavy:Missing atom CG in residue LYS D 62
2024-02-28 14:07:19,588 WARNING:biomolecule.py:157:num_missing_heavy:Missing atom CD in residue LYS D 62
2024-02-28 14:07:19,588 WARNING:biomolecule.py:157:num_missing_heavy:Missing atom CE in residue LYS D 62
2024-02-28 14:07:19,589 WARNING:biomolecule.py:157:num_missing_heavy:Missing atom NZ in residue LYS D 62
2024-02-28 14:07:19,589 WARNING:biomolecule.py:157:num_missing_heavy:Missing atom CG in residue LYS D 168
2024-02-28 14:07:19,589 WARNING:biomolecule.py:157:num_missing_heavy:Missing atom CD in residue LYS D 168
2024-02-28 14:07:19,589 WARNING:biomolecule.py:157:num_missing_heavy:Missing atom CE in residue LYS D 168
2024-02-28 14:07:19,589 WARNING:biomolecule.py:157:num_missing_heavy:Missing atom NZ in residue LYS D 168
2024-02-28 14:07:19,589 WARNING:biomolecule.py:157:num_missing_heavy:Missing atom CG in residue GLU D 247
2024-02-28 14:07:19,589 WARNING:biomolecule.py:157:num_missing_heavy:Missing atom CD in residue GLU D 247
2024-02-28 14:07:19,589 WARNING:biomolecule.py:157:num_missing_heavy:Missing atom OE1 in residue GLU D 247
2024-02-28 14:07:19,590 WARNING:biomolecule.py:157:num_missing_heavy:Missing atom OE2 in residue GLU D 247
2024-02-28 14:07:19,590 WARNING:biomolecule.py:157:num_missing_heavy:Missing atom CG in residue LYS D 250
2024-02-28 14:07:19,590 WARNING:biomolecule.py:157:num_missing_heavy:Missing atom CD in residue LYS D 250
2024-02-28 14:07:19,590 WARNING:biomolecule.py:157:num_missing_heavy:Missing atom CE in residue LYS D 250
2024-02-28 14:07:19,590 WARNING:biomolecule.py:157:num_missing_heavy:Missing atom NZ in residue LYS D 250
2024-02-28 14:07:19,590 WARNING:biomolecule.py:157:num_missing_heavy:Missing atom CG in residue LYS D 293
2024-02-28 14:07:19,590 WARNING:biomolecule.py:157:num_missing_heavy:Missing atom CD in residue LYS D 293
2024-02-28 14:07:19,590 WARNING:biomolecule.py:157:num_missing_heavy:Missing atom CE in residue LYS D 293
2024-02-28 14:07:19,590 WARNING:biomolecule.py:157:num_missing_heavy:Missing atom NZ in residue LYS D 293
2024-02-28 14:07:19,590 WARNING:biomolecule.py:157:num_missing_heavy:Missing atom CG in residue GLU D 396
2024-02-28 14:07:19,590 WARNING:biomolecule.py:157:num_missing_heavy:Missing atom CD in residue GLU D 396
2024-02-28 14:07:19,590 WARNING:biomolecule.py:157:num_missing_heavy:Missing atom OE1 in residue GLU D 396
2024-02-28 14:07:19,591 WARNING:biomolecule.py:157:num_missing_heavy:Missing atom OE2 in residue GLU D 396
2024-02-28 14:07:19,591 WARNING:biomolecule.py:157:num_missing_heavy:Missing atom CG in residue LYS A 3
2024-02-28 14:07:19,591 WARNING:biomolecule.py:157:num_missing_heavy:Missing atom CD in residue LYS A 3
2024-02-28 14:07:19,591 WARNING:biomolecule.py:157:num_missing_heavy:Missing atom CE in residue LYS A 3
2024-02-28 14:07:19,591 WARNING:biomolecule.py:157:num_missing_heavy:Missing atom NZ in residue LYS A 3
2024-02-28 14:07:19,591 WARNING:biomolecule.py:157:num_missing_heavy:Missing atom CG in residue LYS A 160
2024-02-28 14:07:19,591 WARNING:biomolecule.py:157:num_missing_heavy:Missing atom CD in residue LYS A 160
2024-02-28 14:07:19,591 WARNING:biomolecule.py:157:num_missing_heavy:Missing atom CE in residue LYS A 160
2024-02-28 14:07:19,592 WARNING:biomolecule.py:157:num_missing_heavy:Missing atom NZ in residue LYS A 160
2024-02-28 14:07:19,592 WARNING:biomolecule.py:157:num_missing_heavy:Missing atom CG in residue LYS A 166
2024-02-28 14:07:19,592 WARNING:biomolecule.py:157:num_missing_heavy:Missing atom CD in residue LYS A 166
2024-02-28 14:07:19,592 WARNING:biomolecule.py:157:num_missing_heavy:Missing atom CE in residue LYS A 166
2024-02-28 14:07:19,592 WARNING:biomolecule.py:157:num_missing_heavy:Missing atom NZ in residue LYS A 166
2024-02-28 14:07:19,592 WARNING:biomolecule.py:157:num_missing_heavy:Missing atom CG in residue GLU A 246
2024-02-28 14:07:19,592 WARNING:biomolecule.py:157:num_missing_heavy:Missing atom CD in residue GLU A 246
2024-02-28 14:07:19,592 WARNING:biomolecule.py:157:num_missing_heavy:Missing atom OE1 in residue GLU A 246
2024-02-28 14:07:19,592 WARNING:biomolecule.py:157:num_missing_heavy:Missing atom OE2 in residue GLU A 246
2024-02-28 14:07:19,592 WARNING:biomolecule.py:157:num_missing_heavy:Missing atom CG in residue GLU A 247
2024-02-28 14:07:19,592 WARNING:biomolecule.py:157:num_missing_heavy:Missing atom CD in residue GLU A 247
2024-02-28 14:07:19,592 WARNING:biomolecule.py:157:num_missing_heavy:Missing atom OE1 in residue GLU A 247
2024-02-28 14:07:19,592 WARNING:biomolecule.py:157:num_missing_heavy:Missing atom OE2 in residue GLU A 247
2024-02-28 14:07:19,592 WARNING:biomolecule.py:157:num_missing_heavy:Missing atom CG in residue LYS A 250
2024-02-28 14:07:19,592 WARNING:biomolecule.py:157:num_missing_heavy:Missing atom CD in residue LYS A 250
2024-02-28 14:07:19,592 WARNING:biomolecule.py:157:num_missing_heavy:Missing atom CE in residue LYS A 250
2024-02-28 14:07:19,592 WARNING:biomolecule.py:157:num_missing_heavy:Missing atom NZ in residue LYS A 250
2024-02-28 14:07:19,633 WARNING:biomolecule.py:157:num_missing_heavy:Missing atom CG in residue GLU A 396
2024-02-28 14:07:19,657 WARNING:biomolecule.py:157:num_missing_heavy:Missing atom CD in residue GLU A 396
2024-02-28 14:07:19,657 WARNING:biomolecule.py:157:num_missing_heavy:Missing atom OE1 in residue GLU A 396
2024-02-28 14:07:19,658 WARNING:biomolecule.py:157:num_missing_heavy:Missing atom OE2 in residue GLU A 396
2024-02-28 14:07:19,658 WARNING:biomolecule.py:157:num_missing_heavy:Missing atom CG in residue ARG A 401
2024-02-28 14:07:19,658 WARNING:biomolecule.py:157:num_missing_heavy:Missing atom CD in residue ARG A 401
2024-02-28 14:07:19,658 WARNING:biomolecule.py:157:num_missing_heavy:Missing atom NE in residue ARG A 401
2024-02-28 14:07:19,658 WARNING:biomolecule.py:157:num_missing_heavy:Missing atom CZ in residue ARG A 401
2024-02-28 14:07:19,658 WARNING:biomolecule.py:157:num_missing_heavy:Missing atom NH1 in residue ARG A 401
2024-02-28 14:07:19,659 WARNING:biomolecule.py:157:num_missing_heavy:Missing atom NH2 in residue ARG A 401
2024-02-28 14:07:19,659 WARNING:biomolecule.py:157:num_missing_heavy:Missing atom CG in residue LYS B 3
2024-02-28 14:07:19,659 WARNING:biomolecule.py:157:num_missing_heavy:Missing atom CD in residue LYS B 3
2024-02-28 14:07:19,659 WARNING:biomolecule.py:157:num_missing_heavy:Missing atom CE in residue LYS B 3
2024-02-28 14:07:19,659 WARNING:biomolecule.py:157:num_missing_heavy:Missing atom NZ in residue LYS B 3
2024-02-28 14:07:19,659 WARNING:biomolecule.py:157:num_missing_heavy:Missing atom CG in residue LYS B 62
2024-02-28 14:07:19,659 WARNING:biomolecule.py:157:num_missing_heavy:Missing atom CD in residue LYS B 62
2024-02-28 14:07:19,659 WARNING:biomolecule.py:157:num_missing_heavy:Missing atom CE in residue LYS B 62
2024-02-28 14:07:19,659 WARNING:biomolecule.py:157:num_missing_heavy:Missing atom NZ in residue LYS B 62
2024-02-28 14:07:19,660 WARNING:biomolecule.py:157:num_missing_heavy:Missing atom CG in residue LYS B 160
2024-02-28 14:07:19,660 WARNING:biomolecule.py:157:num_missing_heavy:Missing atom CD in residue LYS B 160
2024-02-28 14:07:19,660 WARNING:biomolecule.py:157:num_missing_heavy:Missing atom CE in residue LYS B 160
2024-02-28 14:07:19,660 WARNING:biomolecule.py:157:num_missing_heavy:Missing atom NZ in residue LYS B 160
2024-02-28 14:07:19,660 WARNING:biomolecule.py:157:num_missing_heavy:Missing atom CG in residue GLU B 246
2024-02-28 14:07:19,660 WARNING:biomolecule.py:157:num_missing_heavy:Missing atom CD in residue GLU B 246
2024-02-28 14:07:19,660 WARNING:biomolecule.py:157:num_missing_heavy:Missing atom OE1 in residue GLU B 246
2024-02-28 14:07:19,660 WARNING:biomolecule.py:157:num_missing_heavy:Missing atom OE2 in residue GLU B 246
2024-02-28 14:07:19,660 WARNING:biomolecule.py:157:num_missing_heavy:Missing atom CG in residue LYS B 250
2024-02-28 14:07:19,660 WARNING:biomolecule.py:157:num_missing_heavy:Missing atom CD in residue LYS B 250
2024-02-28 14:07:19,660 WARNING:biomolecule.py:157:num_missing_heavy:Missing atom CE in residue LYS B 250
2024-02-28 14:07:19,660 WARNING:biomolecule.py:157:num_missing_heavy:Missing atom NZ in residue LYS B 250
2024-02-28 14:07:19,661 WARNING:biomolecule.py:157:num_missing_heavy:Missing atom CG in residue ASN B 327
2024-02-28 14:07:19,661 WARNING:biomolecule.py:157:num_missing_heavy:Missing atom OD1 in residue ASN B 327
2024-02-28 14:07:19,661 WARNING:biomolecule.py:157:num_missing_heavy:Missing atom ND2 in residue ASN B 327
2024-02-28 14:07:19,661 WARNING:biomolecule.py:157:num_missing_heavy:Missing atom CG in residue LYS C 62
2024-02-28 14:07:19,661 WARNING:biomolecule.py:157:num_missing_heavy:Missing atom CD in residue LYS C 62
2024-02-28 14:07:19,661 WARNING:biomolecule.py:157:num_missing_heavy:Missing atom CE in residue LYS C 62
2024-02-28 14:07:19,662 WARNING:biomolecule.py:157:num_missing_heavy:Missing atom NZ in residue LYS C 62
2024-02-28 14:07:19,662 WARNING:biomolecule.py:157:num_missing_heavy:Missing atom CG in residue LYS C 160
2024-02-28 14:07:19,662 WARNING:biomolecule.py:157:num_missing_heavy:Missing atom CD in residue LYS C 160
2024-02-28 14:07:19,662 WARNING:biomolecule.py:157:num_missing_heavy:Missing atom CE in residue LYS C 160
2024-02-28 14:07:19,662 WARNING:biomolecule.py:157:num_missing_heavy:Missing atom NZ in residue LYS C 160
2024-02-28 14:07:19,662 WARNING:biomolecule.py:157:num_missing_heavy:Missing atom CG in residue LYS C 163
2024-02-28 14:07:19,662 WARNING:biomolecule.py:157:num_missing_heavy:Missing atom CD in residue LYS C 163
2024-02-28 14:07:19,662 WARNING:biomolecule.py:157:num_missing_heavy:Missing atom CE in residue LYS C 163
2024-02-28 14:07:19,662 WARNING:biomolecule.py:157:num_missing_heavy:Missing atom NZ in residue LYS C 163
2024-02-28 14:07:19,662 WARNING:biomolecule.py:157:num_missing_heavy:Missing atom CG in residue LYS C 166
2024-02-28 14:07:19,662 WARNING:biomolecule.py:157:num_missing_heavy:Missing atom CD in residue LYS C 166
2024-02-28 14:07:19,663 WARNING:biomolecule.py:157:num_missing_heavy:Missing atom CE in residue LYS C 166
2024-02-28 14:07:19,663 WARNING:biomolecule.py:157:num_missing_heavy:Missing atom NZ in residue LYS C 166
2024-02-28 14:07:19,663 WARNING:biomolecule.py:157:num_missing_heavy:Missing atom CG in residue LYS C 168
2024-02-28 14:07:19,663 WARNING:biomolecule.py:157:num_missing_heavy:Missing atom CD in residue LYS C 168
2024-02-28 14:07:19,663 WARNING:biomolecule.py:157:num_missing_heavy:Missing atom CE in residue LYS C 168
2024-02-28 14:07:19,663 WARNING:biomolecule.py:157:num_missing_heavy:Missing atom NZ in residue LYS C 168
2024-02-28 14:07:19,663 WARNING:biomolecule.py:157:num_missing_heavy:Missing atom CG in residue GLU C 246
2024-02-28 14:07:19,663 WARNING:biomolecule.py:157:num_missing_heavy:Missing atom CD in residue GLU C 246
2024-02-28 14:07:19,663 WARNING:biomolecule.py:157:num_missing_heavy:Missing atom OE1 in residue GLU C 246
2024-02-28 14:07:19,663 WARNING:biomolecule.py:157:num_missing_heavy:Missing atom OE2 in residue GLU C 246
2024-02-28 14:07:19,663 WARNING:biomolecule.py:157:num_missing_heavy:Missing atom CG in residue GLU C 247
2024-02-28 14:07:19,663 WARNING:biomolecule.py:157:num_missing_heavy:Missing atom CD in residue GLU C 247
2024-02-28 14:07:19,663 WARNING:biomolecule.py:157:num_missing_heavy:Missing atom OE1 in residue GLU C 247
2024-02-28 14:07:19,663 WARNING:biomolecule.py:157:num_missing_heavy:Missing atom OE2 in residue GLU C 247
2024-02-28 14:07:19,663 WARNING:biomolecule.py:157:num_missing_heavy:Missing atom CG in residue LYS C 250
2024-02-28 14:07:19,663 WARNING:biomolecule.py:157:num_missing_heavy:Missing atom CD in residue LYS C 250
2024-02-28 14:07:19,663 WARNING:biomolecule.py:157:num_missing_heavy:Missing atom CE in residue LYS C 250
2024-02-28 14:07:19,663 WARNING:biomolecule.py:157:num_missing_heavy:Missing atom NZ in residue LYS C 250
2024-02-28 14:07:19,664 WARNING:biomolecule.py:157:num_missing_heavy:Missing atom CG in residue LYS C 293
2024-02-28 14:07:19,664 WARNING:biomolecule.py:157:num_missing_heavy:Missing atom CD in residue LYS C 293
2024-02-28 14:07:19,664 WARNING:biomolecule.py:157:num_missing_heavy:Missing atom CE in residue LYS C 293
2024-02-28 14:07:19,664 WARNING:biomolecule.py:157:num_missing_heavy:Missing atom NZ in residue LYS C 293
2024-02-28 14:07:19,664 WARNING:biomolecule.py:157:num_missing_heavy:Missing atom CG in residue GLU C 396
2024-02-28 14:07:19,664 WARNING:biomolecule.py:157:num_missing_heavy:Missing atom CD in residue GLU C 396
2024-02-28 14:07:19,664 WARNING:biomolecule.py:157:num_missing_heavy:Missing atom OE1 in residue GLU C 396
2024-02-28 14:07:19,664 WARNING:biomolecule.py:157:num_missing_heavy:Missing atom OE2 in residue GLU C 396
2024-02-28 14:07:19,664 WARNING:biomolecule.py:157:num_missing_heavy:Missing atom CG in residue GLU C 400
2024-02-28 14:07:19,664 WARNING:biomolecule.py:157:num_missing_heavy:Missing atom CD in residue GLU C 400
2024-02-28 14:07:19,664 WARNING:biomolecule.py:157:num_missing_heavy:Missing atom OE1 in residue GLU C 400
2024-02-28 14:07:19,664 WARNING:biomolecule.py:157:num_missing_heavy:Missing atom OE2 in residue GLU C 400
2024-02-28 14:07:19,664 WARNING:biomolecule.py:157:num_missing_heavy:Missing atom CG in residue ARG C 401
2024-02-28 14:07:19,664 WARNING:biomolecule.py:157:num_missing_heavy:Missing atom CD in residue ARG C 401
2024-02-28 14:07:19,665 WARNING:biomolecule.py:157:num_missing_heavy:Missing atom NE in residue ARG C 401
2024-02-28 14:07:19,665 WARNING:biomolecule.py:157:num_missing_heavy:Missing atom CZ in residue ARG C 401
2024-02-28 14:07:19,665 WARNING:biomolecule.py:157:num_missing_heavy:Missing atom NH1 in residue ARG C 401
2024-02-28 14:07:19,665 WARNING:biomolecule.py:157:num_missing_heavy:Missing atom NH2 in residue ARG C 401
2024-02-28 14:07:19,665 WARNING:biomolecule.py:157:num_missing_heavy:Missing atom CG in residue LYS D 3
2024-02-28 14:07:19,665 WARNING:biomolecule.py:157:num_missing_heavy:Missing atom CD in residue LYS D 3
2024-02-28 14:07:19,665 WARNING:biomolecule.py:157:num_missing_heavy:Missing atom CE in residue LYS D 3
2024-02-28 14:07:19,665 WARNING:biomolecule.py:157:num_missing_heavy:Missing atom NZ in residue LYS D 3
2024-02-28 14:07:19,665 WARNING:biomolecule.py:157:num_missing_heavy:Missing atom CG in residue ARG D 4
2024-02-28 14:07:19,665 WARNING:biomolecule.py:157:num_missing_heavy:Missing atom CD in residue ARG D 4
2024-02-28 14:07:19,665 WARNING:biomolecule.py:157:num_missing_heavy:Missing atom NE in residue ARG D 4
2024-02-28 14:07:19,665 WARNING:biomolecule.py:157:num_missing_heavy:Missing atom CZ in residue ARG D 4
2024-02-28 14:07:19,685 WARNING:biomolecule.py:157:num_missing_heavy:Missing atom NH1 in residue ARG D 4
2024-02-28 14:07:19,685 WARNING:biomolecule.py:157:num_missing_heavy:Missing atom NH2 in residue ARG D 4
2024-02-28 14:07:19,685 WARNING:biomolecule.py:157:num_missing_heavy:Missing atom CG in residue ASN D 7
2024-02-28 14:07:19,685 WARNING:biomolecule.py:157:num_missing_heavy:Missing atom OD1 in residue ASN D 7
2024-02-28 14:07:19,685 WARNING:biomolecule.py:157:num_missing_heavy:Missing atom ND2 in residue ASN D 7
2024-02-28 14:07:19,686 WARNING:biomolecule.py:157:num_missing_heavy:Missing atom CG in residue LYS D 62
2024-02-28 14:07:19,686 WARNING:biomolecule.py:157:num_missing_heavy:Missing atom CD in residue LYS D 62
2024-02-28 14:07:19,686 WARNING:biomolecule.py:157:num_missing_heavy:Missing atom CE in residue LYS D 62
2024-02-28 14:07:19,686 WARNING:biomolecule.py:157:num_missing_heavy:Missing atom NZ in residue LYS D 62
2024-02-28 14:07:19,686 WARNING:biomolecule.py:157:num_missing_heavy:Missing atom CG in residue LYS D 168
2024-02-28 14:07:19,686 WARNING:biomolecule.py:157:num_missing_heavy:Missing atom CD in residue LYS D 168
2024-02-28 14:07:19,686 WARNING:biomolecule.py:157:num_missing_heavy:Missing atom CE in residue LYS D 168
2024-02-28 14:07:19,686 WARNING:biomolecule.py:157:num_missing_heavy:Missing atom NZ in residue LYS D 168
2024-02-28 14:07:19,687 WARNING:biomolecule.py:157:num_missing_heavy:Missing atom CG in residue GLU D 247
2024-02-28 14:07:19,690 WARNING:biomolecule.py:157:num_missing_heavy:Missing atom CD in residue GLU D 247
2024-02-28 14:07:19,690 WARNING:biomolecule.py:157:num_missing_heavy:Missing atom OE1 in residue GLU D 247
2024-02-28 14:07:19,690 WARNING:biomolecule.py:157:num_missing_heavy:Missing atom OE2 in residue GLU D 247
2024-02-28 14:07:19,690 WARNING:biomolecule.py:157:num_missing_heavy:Missing atom CG in residue LYS D 250
2024-02-28 14:07:19,690 WARNING:biomolecule.py:157:num_missing_heavy:Missing atom CD in residue LYS D 250
2024-02-28 14:07:19,691 WARNING:biomolecule.py:157:num_missing_heavy:Missing atom CE in residue LYS D 250
2024-02-28 14:07:19,692 WARNING:biomolecule.py:157:num_missing_heavy:Missing atom NZ in residue LYS D 250
2024-02-28 14:07:19,694 WARNING:biomolecule.py:157:num_missing_heavy:Missing atom CG in residue LYS D 293
2024-02-28 14:07:19,698 WARNING:biomolecule.py:157:num_missing_heavy:Missing atom CD in residue LYS D 293
2024-02-28 14:07:19,698 WARNING:biomolecule.py:157:num_missing_heavy:Missing atom CE in residue LYS D 293
2024-02-28 14:07:19,698 WARNING:biomolecule.py:157:num_missing_heavy:Missing atom NZ in residue LYS D 293
2024-02-28 14:07:19,706 WARNING:biomolecule.py:157:num_missing_heavy:Missing atom CG in residue GLU D 396
2024-02-28 14:07:19,706 WARNING:biomolecule.py:157:num_missing_heavy:Missing atom CD in residue GLU D 396
2024-02-28 14:07:19,706 WARNING:biomolecule.py:157:num_missing_heavy:Missing atom OE1 in residue GLU D 396
2024-02-28 14:07:19,706 WARNING:biomolecule.py:157:num_missing_heavy:Missing atom OE2 in residue GLU D 396
2024-02-28 14:07:26,780 WARNING:debump.py:354:get_closest_atom:Skipped atom during water optimization: H1 in HOH A 581 skipped when optimizing H2 in HOH A 785
2024-02-28 14:07:26,888 WARNING:debump.py:354:get_closest_atom:Skipped atom during water optimization: H2 in HOH A 623 skipped when optimizing H2 in HOH A 643
2024-02-28 14:07:26,890 WARNING:debump.py:354:get_closest_atom:Skipped atom during water optimization: H2 in HOH A 623 skipped when optimizing H2 in HOH A 643
2024-02-28 14:07:26,892 WARNING:debump.py:354:get_closest_atom:Skipped atom during water optimization: H2 in HOH A 623 skipped when optimizing H2 in HOH A 643
2024-02-28 14:07:26,894 WARNING:debump.py:354:get_closest_atom:Skipped atom during water optimization: H2 in HOH A 623 skipped when optimizing H2 in HOH A 643
2024-02-28 14:07:26,895 WARNING:debump.py:354:get_closest_atom:Skipped atom during water optimization: H2 in HOH A 623 skipped when optimizing H2 in HOH A 643
2024-02-28 14:07:26,897 WARNING:debump.py:354:get_closest_atom:Skipped atom during water optimization: H2 in HOH B 553 skipped when optimizing H2 in HOH A 643
2024-02-28 14:07:26,899 WARNING:debump.py:354:get_closest_atom:Skipped atom during water optimization: H2 in HOH B 553 skipped when optimizing H2 in HOH A 643
2024-02-28 14:07:26,901 WARNING:debump.py:354:get_closest_atom:Skipped atom during water optimization: H2 in HOH B 553 skipped when optimizing H2 in HOH A 643
2024-02-28 14:07:26,902 WARNING:io.py:40:filter:Suppressing further "Skipped atom during water optimization" messages
2024-02-28 14:07:30,631 WARNING:main.py:311:print_pqr:Ignoring 8380 header lines in output.
2024-02-28 14:07:30,632 WARNING:main.py:315:print_pqr:Ignoring 216 missing lines in output.
