2024-02-28 14:07:09,512 WARNING:biomolecule.py:992:create_residue:Unable to find amino or nucleic acid definition for CA.  Parsing as new residue.
2024-02-28 14:07:09,513 WARNING:biomolecule.py:992:create_residue:Unable to find amino or nucleic acid definition for CA.  Parsing as new residue.
2024-02-28 14:07:09,513 WARNING:biomolecule.py:992:create_residue:Unable to find amino or nucleic acid definition for ZN.  Parsing as new residue.
2024-02-28 14:07:09,514 WARNING:biomolecule.py:992:create_residue:Unable to find amino or nucleic acid definition for ZN.  Parsing as new residue.
2024-02-28 14:07:09,514 WARNING:biomolecule.py:992:create_residue:Unable to find amino or nucleic acid definition for EIN.  Parsing as new residue.
2024-02-28 14:07:09,515 WARNING:biomolecule.py:992:create_residue:Unable to find amino or nucleic acid definition for MES.  Parsing as new residue.
2024-02-28 14:07:09,526 WARNING:biomolecule.py:157:num_missing_heavy:Missing atom OXT in residue GLY A 242
2024-02-28 14:07:09,527 WARNING:biomolecule.py:157:num_missing_heavy:Missing atom OXT in residue GLY A 242
2024-02-28 14:07:09,527 WARNING:biomolecule.py:157:num_missing_heavy:Missing atom OXT in residue GLY A 242
2024-02-28 14:07:09,904 WARNING:main.py:311:print_pqr:Ignoring 2152 header lines in output.
2024-02-28 14:07:09,904 WARNING:main.py:315:print_pqr:Ignoring 42 missing lines in output.
2024-02-28 14:58:37,615 WARNING:biomolecule.py:992:create_residue:Unable to find amino or nucleic acid definition for CA.  Parsing as new residue.
2024-02-28 14:58:37,615 WARNING:biomolecule.py:992:create_residue:Unable to find amino or nucleic acid definition for CA.  Parsing as new residue.
2024-02-28 14:58:37,615 WARNING:biomolecule.py:992:create_residue:Unable to find amino or nucleic acid definition for ZN.  Parsing as new residue.
2024-02-28 14:58:37,615 WARNING:biomolecule.py:992:create_residue:Unable to find amino or nucleic acid definition for ZN.  Parsing as new residue.
2024-02-28 14:58:37,615 WARNING:biomolecule.py:992:create_residue:Unable to find amino or nucleic acid definition for EIN.  Parsing as new residue.
2024-02-28 14:58:37,616 WARNING:biomolecule.py:992:create_residue:Unable to find amino or nucleic acid definition for MES.  Parsing as new residue.
2024-02-28 14:58:37,629 WARNING:biomolecule.py:157:num_missing_heavy:Missing atom OXT in residue GLY A 242
2024-02-28 14:58:37,634 WARNING:biomolecule.py:157:num_missing_heavy:Missing atom OXT in residue GLY A 242
2024-02-28 14:58:37,635 WARNING:biomolecule.py:157:num_missing_heavy:Missing atom OXT in residue GLY A 242
2024-02-28 14:58:38,438 WARNING:main.py:311:print_pqr:Ignoring 2152 header lines in output.
2024-02-28 14:58:38,438 WARNING:main.py:315:print_pqr:Ignoring 42 missing lines in output.
