2024-02-28 14:07:14,571 WARNING:biomolecule.py:992:create_residue:Unable to find amino or nucleic acid definition for ZN.  Parsing as new residue.
2024-02-28 14:07:14,571 WARNING:biomolecule.py:992:create_residue:Unable to find amino or nucleic acid definition for ZN.  Parsing as new residue.
2024-02-28 14:07:14,571 WARNING:biomolecule.py:992:create_residue:Unable to find amino or nucleic acid definition for AMP.  Parsing as new residue.
2024-02-28 14:07:14,572 WARNING:biomolecule.py:992:create_residue:Unable to find amino or nucleic acid definition for ZN.  Parsing as new residue.
2024-02-28 14:07:14,572 WARNING:biomolecule.py:992:create_residue:Unable to find amino or nucleic acid definition for ZN.  Parsing as new residue.
2024-02-28 14:07:14,572 WARNING:biomolecule.py:992:create_residue:Unable to find amino or nucleic acid definition for AMP.  Parsing as new residue.
2024-02-28 14:07:14,573 WARNING:main.py:418:setup_molecule:Multiple occupancies found: N in SER A 328.
2024-02-28 14:07:14,573 WARNING:main.py:418:setup_molecule:Multiple occupancies found: CA in SER A 328.
2024-02-28 14:07:14,573 WARNING:main.py:418:setup_molecule:Multiple occupancies found: C in SER A 328.
2024-02-28 14:07:14,574 WARNING:main.py:418:setup_molecule:Multiple occupancies found: O in SER A 328.
2024-02-28 14:07:14,574 WARNING:main.py:418:setup_molecule:Multiple occupancies found: CB in SER A 328.
2024-02-28 14:07:14,574 WARNING:main.py:418:setup_molecule:Multiple occupancies found: OG in SER A 328.
2024-02-28 14:07:14,574 WARNING:main.py:424:setup_molecule:Multiple occupancies found in SER A 328. At least one of the instances is being ignored.
2024-02-28 14:07:14,574 WARNING:main.py:418:setup_molecule:Multiple occupancies found: N in SER A 334.
2024-02-28 14:07:14,574 WARNING:main.py:418:setup_molecule:Multiple occupancies found: CA in SER A 334.
2024-02-28 14:07:14,575 WARNING:main.py:418:setup_molecule:Multiple occupancies found: C in SER A 334.
2024-02-28 14:07:14,575 WARNING:main.py:418:setup_molecule:Multiple occupancies found: O in SER A 334.
2024-02-28 14:07:14,575 WARNING:main.py:418:setup_molecule:Multiple occupancies found: CB in SER A 334.
2024-02-28 14:07:14,575 WARNING:main.py:418:setup_molecule:Multiple occupancies found: OG in SER A 334.
2024-02-28 14:07:14,575 WARNING:main.py:424:setup_molecule:Multiple occupancies found in SER A 334. At least one of the instances is being ignored.
2024-02-28 14:07:14,575 WARNING:main.py:418:setup_molecule:Multiple occupancies found: N in SER A 402.
2024-02-28 14:07:14,576 WARNING:main.py:418:setup_molecule:Multiple occupancies found: CA in SER A 402.
2024-02-28 14:07:14,576 WARNING:main.py:418:setup_molecule:Multiple occupancies found: C in SER A 402.
2024-02-28 14:07:14,576 WARNING:main.py:418:setup_molecule:Multiple occupancies found: O in SER A 402.
2024-02-28 14:07:14,576 WARNING:main.py:418:setup_molecule:Multiple occupancies found: CB in SER A 402.
2024-02-28 14:07:14,576 WARNING:main.py:418:setup_molecule:Multiple occupancies found: OG in SER A 402.
2024-02-28 14:07:14,576 WARNING:main.py:424:setup_molecule:Multiple occupancies found in SER A 402. At least one of the instances is being ignored.
2024-02-28 14:07:14,577 WARNING:main.py:418:setup_molecule:Multiple occupancies found: N in VAL B 166.
2024-02-28 14:07:14,577 WARNING:main.py:418:setup_molecule:Multiple occupancies found: CA in VAL B 166.
2024-02-28 14:07:14,577 WARNING:main.py:418:setup_molecule:Multiple occupancies found: C in VAL B 166.
2024-02-28 14:07:14,577 WARNING:main.py:418:setup_molecule:Multiple occupancies found: O in VAL B 166.
2024-02-28 14:07:14,577 WARNING:main.py:418:setup_molecule:Multiple occupancies found: CB in VAL B 166.
2024-02-28 14:07:14,577 WARNING:main.py:418:setup_molecule:Multiple occupancies found: CG1 in VAL B 166.
2024-02-28 14:07:14,577 WARNING:main.py:418:setup_molecule:Multiple occupancies found: CG2 in VAL B 166.
2024-02-28 14:07:14,578 WARNING:main.py:424:setup_molecule:Multiple occupancies found in VAL B 166. At least one of the instances is being ignored.
2024-02-28 14:07:14,578 WARNING:main.py:418:setup_molecule:Multiple occupancies found: N in SER B 334.
2024-02-28 14:07:14,578 WARNING:main.py:418:setup_molecule:Multiple occupancies found: CA in SER B 334.
2024-02-28 14:07:14,578 WARNING:main.py:418:setup_molecule:Multiple occupancies found: C in SER B 334.
2024-02-28 14:07:14,579 WARNING:main.py:418:setup_molecule:Multiple occupancies found: O in SER B 334.
2024-02-28 14:07:14,579 WARNING:main.py:418:setup_molecule:Multiple occupancies found: CB in SER B 334.
2024-02-28 14:07:14,579 WARNING:main.py:418:setup_molecule:Multiple occupancies found: OG in SER B 334.
2024-02-28 14:07:14,579 WARNING:main.py:424:setup_molecule:Multiple occupancies found in SER B 334. At least one of the instances is being ignored.
2024-02-28 14:07:14,579 WARNING:main.py:418:setup_molecule:Multiple occupancies found: N in SER B 402.
2024-02-28 14:07:14,580 WARNING:main.py:418:setup_molecule:Multiple occupancies found: CA in SER B 402.
2024-02-28 14:07:14,580 WARNING:main.py:418:setup_molecule:Multiple occupancies found: C in SER B 402.
2024-02-28 14:07:14,580 WARNING:main.py:418:setup_molecule:Multiple occupancies found: O in SER B 402.
2024-02-28 14:07:14,580 WARNING:main.py:418:setup_molecule:Multiple occupancies found: CB in SER B 402.
2024-02-28 14:07:14,580 WARNING:main.py:418:setup_molecule:Multiple occupancies found: OG in SER B 402.
2024-02-28 14:07:14,581 WARNING:main.py:424:setup_molecule:Multiple occupancies found in SER B 402. At least one of the instances is being ignored.
2024-02-28 14:07:14,605 WARNING:biomolecule.py:157:num_missing_heavy:Missing atom OXT in residue MET A 425
2024-02-28 14:07:14,606 WARNING:biomolecule.py:157:num_missing_heavy:Missing atom OXT in residue MET B 425
2024-02-28 14:07:14,607 WARNING:biomolecule.py:157:num_missing_heavy:Missing atom OXT in residue MET A 425
2024-02-28 14:07:14,609 WARNING:biomolecule.py:157:num_missing_heavy:Missing atom OXT in residue MET B 425
2024-02-28 14:07:14,610 WARNING:biomolecule.py:157:num_missing_heavy:Missing atom OXT in residue MET A 425
2024-02-28 14:07:14,611 WARNING:biomolecule.py:157:num_missing_heavy:Missing atom OXT in residue MET B 425
2024-02-28 14:07:16,395 WARNING:main.py:311:print_pqr:Ignoring 2477 header lines in output.
2024-02-28 14:07:16,396 WARNING:main.py:315:print_pqr:Ignoring 50 missing lines in output.
