2024-02-28 14:07:04,507 WARNING:biomolecule.py:992:create_residue:Unable to find amino or nucleic acid definition for TYS.  Parsing as new residue.
2024-02-28 14:07:04,507 WARNING:biomolecule.py:992:create_residue:Unable to find amino or nucleic acid definition for PRL.  Parsing as new residue.
2024-02-28 14:07:04,508 WARNING:main.py:418:setup_molecule:Multiple occupancies found: CB in ARG H 75.
2024-02-28 14:07:04,508 WARNING:main.py:418:setup_molecule:Multiple occupancies found: CG in ARG H 75.
2024-02-28 14:07:04,508 WARNING:main.py:418:setup_molecule:Multiple occupancies found: CD in ARG H 75.
2024-02-28 14:07:04,508 WARNING:main.py:418:setup_molecule:Multiple occupancies found: NE in ARG H 75.
2024-02-28 14:07:04,508 WARNING:main.py:418:setup_molecule:Multiple occupancies found: CZ in ARG H 75.
2024-02-28 14:07:04,509 WARNING:main.py:418:setup_molecule:Multiple occupancies found: NH1 in ARG H 75.
2024-02-28 14:07:04,509 WARNING:main.py:418:setup_molecule:Multiple occupancies found: NH2 in ARG H 75.
2024-02-28 14:07:04,509 WARNING:main.py:424:setup_molecule:Multiple occupancies found in ARG H 75. At least one of the instances is being ignored.
2024-02-28 14:07:04,515 WARNING:biomolecule.py:615:update_bonds:Gap in backbone detected between GLU H 146 and GLY H 150!
2024-02-28 14:07:04,524 WARNING:biomolecule.py:157:num_missing_heavy:Missing atom OXT in residue PHE H 245
2024-02-28 14:07:04,524 WARNING:biomolecule.py:157:num_missing_heavy:Missing atom OXT in residue LEU I 64
2024-02-28 14:07:04,525 WARNING:biomolecule.py:157:num_missing_heavy:Missing atom OXT in residue TYR L 14J
2024-02-28 14:07:04,525 WARNING:biomolecule.py:157:num_missing_heavy:Missing atom OXT in residue PHE H 245
2024-02-28 14:07:04,526 WARNING:biomolecule.py:157:num_missing_heavy:Missing atom OXT in residue LEU I 64
2024-02-28 14:07:04,526 WARNING:biomolecule.py:157:num_missing_heavy:Missing atom OXT in residue TYR L 14J
2024-02-28 14:07:04,527 WARNING:biomolecule.py:157:num_missing_heavy:Missing atom OXT in residue PHE H 245
2024-02-28 14:07:04,527 WARNING:biomolecule.py:157:num_missing_heavy:Missing atom OXT in residue LEU I 64
2024-02-28 14:07:04,527 WARNING:biomolecule.py:157:num_missing_heavy:Missing atom OXT in residue TYR L 14J
2024-02-28 14:07:05,263 WARNING:main.py:311:print_pqr:Ignoring 1806 header lines in output.
2024-02-28 14:07:05,263 WARNING:main.py:315:print_pqr:Ignoring 32 missing lines in output.
