2024-02-28 14:07:14,492 WARNING:biomolecule.py:992:create_residue:Unable to find amino or nucleic acid definition for ZN.  Parsing as new residue.
2024-02-28 14:07:14,492 WARNING:biomolecule.py:992:create_residue:Unable to find amino or nucleic acid definition for ZN.  Parsing as new residue.
2024-02-28 14:07:14,493 WARNING:biomolecule.py:992:create_residue:Unable to find amino or nucleic acid definition for SO4.  Parsing as new residue.
2024-02-28 14:07:14,493 WARNING:biomolecule.py:992:create_residue:Unable to find amino or nucleic acid definition for SO4.  Parsing as new residue.
2024-02-28 14:07:14,493 WARNING:biomolecule.py:992:create_residue:Unable to find amino or nucleic acid definition for SO4.  Parsing as new residue.
2024-02-28 14:07:14,494 WARNING:biomolecule.py:992:create_residue:Unable to find amino or nucleic acid definition for SO4.  Parsing as new residue.
2024-02-28 14:07:14,494 WARNING:biomolecule.py:992:create_residue:Unable to find amino or nucleic acid definition for CL.  Parsing as new residue.
2024-02-28 14:07:14,494 WARNING:biomolecule.py:992:create_residue:Unable to find amino or nucleic acid definition for MCO.  Parsing as new residue.
2024-02-28 14:07:14,495 WARNING:biomolecule.py:992:create_residue:Unable to find amino or nucleic acid definition for GOL.  Parsing as new residue.
2024-02-28 14:07:14,509 WARNING:biomolecule.py:157:num_missing_heavy:Missing atom CB in residue TYR A 36
2024-02-28 14:07:14,510 WARNING:biomolecule.py:157:num_missing_heavy:Missing atom CB in residue TYR A 36
2024-02-28 14:07:14,510 WARNING:biomolecule.py:157:num_missing_heavy:Missing atom CB in residue TYR A 36
2024-02-28 14:07:14,563 WARNING:debump.py:172:debump_biomolecule:WARNING: Unable to debump TYR A 36
2024-02-28 14:07:14,878 WARNING:debump.py:172:debump_biomolecule:WARNING: Unable to debump TYR A 36
2024-02-28 14:07:15,173 WARNING:main.py:311:print_pqr:Ignoring 2168 header lines in output.
2024-02-28 14:07:15,174 WARNING:main.py:315:print_pqr:Ignoring 43 missing lines in output.
2024-02-28 14:58:39,842 WARNING:biomolecule.py:992:create_residue:Unable to find amino or nucleic acid definition for ZN.  Parsing as new residue.
2024-02-28 14:58:39,847 WARNING:biomolecule.py:992:create_residue:Unable to find amino or nucleic acid definition for ZN.  Parsing as new residue.
2024-02-28 14:58:39,847 WARNING:biomolecule.py:992:create_residue:Unable to find amino or nucleic acid definition for SO4.  Parsing as new residue.
2024-02-28 14:58:39,847 WARNING:biomolecule.py:992:create_residue:Unable to find amino or nucleic acid definition for SO4.  Parsing as new residue.
2024-02-28 14:58:39,847 WARNING:biomolecule.py:992:create_residue:Unable to find amino or nucleic acid definition for SO4.  Parsing as new residue.
2024-02-28 14:58:39,847 WARNING:biomolecule.py:992:create_residue:Unable to find amino or nucleic acid definition for SO4.  Parsing as new residue.
2024-02-28 14:58:39,847 WARNING:biomolecule.py:992:create_residue:Unable to find amino or nucleic acid definition for CL.  Parsing as new residue.
2024-02-28 14:58:39,848 WARNING:biomolecule.py:992:create_residue:Unable to find amino or nucleic acid definition for MCO.  Parsing as new residue.
2024-02-28 14:58:39,848 WARNING:biomolecule.py:992:create_residue:Unable to find amino or nucleic acid definition for GOL.  Parsing as new residue.
2024-02-28 14:58:39,893 WARNING:biomolecule.py:157:num_missing_heavy:Missing atom CB in residue TYR A 36
2024-02-28 14:58:39,908 WARNING:biomolecule.py:157:num_missing_heavy:Missing atom CB in residue TYR A 36
2024-02-28 14:58:39,909 WARNING:biomolecule.py:157:num_missing_heavy:Missing atom CB in residue TYR A 36
2024-02-28 14:58:40,003 WARNING:debump.py:172:debump_biomolecule:WARNING: Unable to debump TYR A 36
2024-02-28 14:58:40,366 WARNING:debump.py:172:debump_biomolecule:WARNING: Unable to debump TYR A 36
2024-02-28 14:58:41,441 WARNING:main.py:311:print_pqr:Ignoring 2168 header lines in output.
2024-02-28 14:58:41,441 WARNING:main.py:315:print_pqr:Ignoring 43 missing lines in output.
