2024-02-28 14:07:10,996 WARNING:biomolecule.py:992:create_residue:Unable to find amino or nucleic acid definition for PCQ.  Parsing as new residue.
2024-02-28 14:07:10,997 WARNING:biomolecule.py:992:create_residue:Unable to find amino or nucleic acid definition for PCQ.  Parsing as new residue.
2024-02-28 14:07:10,997 WARNING:main.py:418:setup_molecule:Multiple occupancies found: CB in SER A 23.
2024-02-28 14:07:10,997 WARNING:main.py:418:setup_molecule:Multiple occupancies found: OG in SER A 23.
2024-02-28 14:07:10,997 WARNING:main.py:424:setup_molecule:Multiple occupancies found in SER A 23. At least one of the instances is being ignored.
2024-02-28 14:07:10,998 WARNING:main.py:418:setup_molecule:Multiple occupancies found: CB in ILE A 26.
2024-02-28 14:07:10,998 WARNING:main.py:418:setup_molecule:Multiple occupancies found: CG2 in ILE A 26.
2024-02-28 14:07:10,998 WARNING:main.py:424:setup_molecule:Multiple occupancies found in ILE A 26. At least one of the instances is being ignored.
2024-02-28 14:07:10,999 WARNING:main.py:418:setup_molecule:Multiple occupancies found: CB in SER A 117.
2024-02-28 14:07:10,999 WARNING:main.py:418:setup_molecule:Multiple occupancies found: OG in SER A 117.
2024-02-28 14:07:10,999 WARNING:main.py:424:setup_molecule:Multiple occupancies found in SER A 117. At least one of the instances is being ignored.
2024-02-28 14:07:10,999 WARNING:main.py:418:setup_molecule:Multiple occupancies found: CB in THR A 119.
2024-02-28 14:07:10,999 WARNING:main.py:418:setup_molecule:Multiple occupancies found: OG1 in THR A 119.
2024-02-28 14:07:11,000 WARNING:main.py:418:setup_molecule:Multiple occupancies found: CG2 in THR A 119.
2024-02-28 14:07:11,000 WARNING:main.py:424:setup_molecule:Multiple occupancies found in THR A 119. At least one of the instances is being ignored.
2024-02-28 14:07:11,000 WARNING:main.py:418:setup_molecule:Multiple occupancies found: CB in SER B 85.
2024-02-28 14:07:11,000 WARNING:main.py:418:setup_molecule:Multiple occupancies found: OG in SER B 85.
2024-02-28 14:07:11,001 WARNING:main.py:424:setup_molecule:Multiple occupancies found in SER B 85. At least one of the instances is being ignored.
2024-02-28 14:07:11,001 WARNING:main.py:418:setup_molecule:Multiple occupancies found: CB in SER B 117.
2024-02-28 14:07:11,001 WARNING:main.py:418:setup_molecule:Multiple occupancies found: OG in SER B 117.
2024-02-28 14:07:11,002 WARNING:main.py:424:setup_molecule:Multiple occupancies found in SER B 117. At least one of the instances is being ignored.
2024-02-28 14:07:11,002 WARNING:main.py:418:setup_molecule:Multiple occupancies found: CB in THR B 119.
2024-02-28 14:07:11,002 WARNING:main.py:418:setup_molecule:Multiple occupancies found: OG1 in THR B 119.
2024-02-28 14:07:11,003 WARNING:main.py:418:setup_molecule:Multiple occupancies found: CG2 in THR B 119.
2024-02-28 14:07:11,003 WARNING:main.py:424:setup_molecule:Multiple occupancies found in THR B 119. At least one of the instances is being ignored.
2024-02-28 14:07:11,009 WARNING:biomolecule.py:615:update_bonds:Gap in backbone detected between SER B 100 and ARG B 104!
2024-02-28 14:07:11,018 WARNING:biomolecule.py:157:num_missing_heavy:Missing atom OXT in residue ASN A 124
2024-02-28 14:07:11,018 WARNING:biomolecule.py:157:num_missing_heavy:Missing atom CG in residue ARG B 104
2024-02-28 14:07:11,018 WARNING:biomolecule.py:157:num_missing_heavy:Missing atom CD in residue ARG B 104
2024-02-28 14:07:11,018 WARNING:biomolecule.py:157:num_missing_heavy:Missing atom NE in residue ARG B 104
2024-02-28 14:07:11,018 WARNING:biomolecule.py:157:num_missing_heavy:Missing atom CZ in residue ARG B 104
2024-02-28 14:07:11,018 WARNING:biomolecule.py:157:num_missing_heavy:Missing atom NH1 in residue ARG B 104
2024-02-28 14:07:11,018 WARNING:biomolecule.py:157:num_missing_heavy:Missing atom NH2 in residue ARG B 104
2024-02-28 14:07:11,018 WARNING:biomolecule.py:157:num_missing_heavy:Missing atom OXT in residue ASN B 124
2024-02-28 14:07:11,019 WARNING:biomolecule.py:157:num_missing_heavy:Missing atom OXT in residue ASN A 124
2024-02-28 14:07:11,019 WARNING:biomolecule.py:157:num_missing_heavy:Missing atom CG in residue ARG B 104
2024-02-28 14:07:11,019 WARNING:biomolecule.py:157:num_missing_heavy:Missing atom CD in residue ARG B 104
2024-02-28 14:07:11,019 WARNING:biomolecule.py:157:num_missing_heavy:Missing atom NE in residue ARG B 104
2024-02-28 14:07:11,019 WARNING:biomolecule.py:157:num_missing_heavy:Missing atom CZ in residue ARG B 104
2024-02-28 14:07:11,020 WARNING:biomolecule.py:157:num_missing_heavy:Missing atom NH1 in residue ARG B 104
2024-02-28 14:07:11,020 WARNING:biomolecule.py:157:num_missing_heavy:Missing atom NH2 in residue ARG B 104
2024-02-28 14:07:11,020 WARNING:biomolecule.py:157:num_missing_heavy:Missing atom OXT in residue ASN B 124
2024-02-28 14:07:11,021 WARNING:biomolecule.py:157:num_missing_heavy:Missing atom OXT in residue ASN A 124
2024-02-28 14:07:11,021 WARNING:biomolecule.py:157:num_missing_heavy:Missing atom CG in residue ARG B 104
2024-02-28 14:07:11,021 WARNING:biomolecule.py:157:num_missing_heavy:Missing atom CD in residue ARG B 104
2024-02-28 14:07:11,021 WARNING:biomolecule.py:157:num_missing_heavy:Missing atom NE in residue ARG B 104
2024-02-28 14:07:11,021 WARNING:biomolecule.py:157:num_missing_heavy:Missing atom CZ in residue ARG B 104
2024-02-28 14:07:11,021 WARNING:biomolecule.py:157:num_missing_heavy:Missing atom NH1 in residue ARG B 104
2024-02-28 14:07:11,022 WARNING:biomolecule.py:157:num_missing_heavy:Missing atom NH2 in residue ARG B 104
2024-02-28 14:07:11,022 WARNING:biomolecule.py:157:num_missing_heavy:Missing atom OXT in residue ASN B 124
2024-02-28 14:07:11,539 WARNING:main.py:311:print_pqr:Ignoring 1970 header lines in output.
2024-02-28 14:07:11,539 WARNING:main.py:315:print_pqr:Ignoring 36 missing lines in output.
