2024-02-28 14:07:17,879 WARNING:biomolecule.py:992:create_residue:Unable to find amino or nucleic acid definition for NVA.  Parsing as new residue.
2024-02-28 14:07:17,885 WARNING:biomolecule.py:992:create_residue:Unable to find amino or nucleic acid definition for U1.  Parsing as new residue.
2024-02-28 14:07:17,885 WARNING:biomolecule.py:992:create_residue:Unable to find amino or nucleic acid definition for U1.  Parsing as new residue.
2024-02-28 14:07:17,885 WARNING:biomolecule.py:992:create_residue:Unable to find amino or nucleic acid definition for U1.  Parsing as new residue.
2024-02-28 14:07:17,885 WARNING:biomolecule.py:992:create_residue:Unable to find amino or nucleic acid definition for U1.  Parsing as new residue.
2024-02-28 14:07:17,885 WARNING:biomolecule.py:992:create_residue:Unable to find amino or nucleic acid definition for U1.  Parsing as new residue.
2024-02-28 14:07:17,885 WARNING:biomolecule.py:992:create_residue:Unable to find amino or nucleic acid definition for U1.  Parsing as new residue.
2024-02-28 14:07:17,885 WARNING:biomolecule.py:992:create_residue:Unable to find amino or nucleic acid definition for U1.  Parsing as new residue.
2024-02-28 14:07:17,886 WARNING:biomolecule.py:992:create_residue:Unable to find amino or nucleic acid definition for U1.  Parsing as new residue.
2024-02-28 14:07:17,886 WARNING:main.py:418:setup_molecule:Multiple occupancies found: OG in SER A 21.
2024-02-28 14:07:17,886 WARNING:main.py:424:setup_molecule:Multiple occupancies found in SER A 21. At least one of the instances is being ignored.
2024-02-28 14:07:17,886 WARNING:main.py:418:setup_molecule:Multiple occupancies found: CB in VAL A 52.
2024-02-28 14:07:17,886 WARNING:main.py:418:setup_molecule:Multiple occupancies found: CG1 in VAL A 52.
2024-02-28 14:07:17,886 WARNING:main.py:418:setup_molecule:Multiple occupancies found: CG2 in VAL A 52.
2024-02-28 14:07:17,886 WARNING:main.py:424:setup_molecule:Multiple occupancies found in VAL A 52. At least one of the instances is being ignored.
2024-02-28 14:07:17,886 WARNING:main.py:418:setup_molecule:Multiple occupancies found: OG in SER A 57.
2024-02-28 14:07:17,886 WARNING:main.py:424:setup_molecule:Multiple occupancies found in SER A 57. At least one of the instances is being ignored.
2024-02-28 14:07:17,887 WARNING:main.py:418:setup_molecule:Multiple occupancies found: CB in VAL A 160.
2024-02-28 14:07:17,887 WARNING:main.py:418:setup_molecule:Multiple occupancies found: CG1 in VAL A 160.
2024-02-28 14:07:17,887 WARNING:main.py:418:setup_molecule:Multiple occupancies found: CG2 in VAL A 160.
2024-02-28 14:07:17,887 WARNING:main.py:424:setup_molecule:Multiple occupancies found in VAL A 160. At least one of the instances is being ignored.
2024-02-28 14:07:17,887 WARNING:main.py:418:setup_molecule:Multiple occupancies found: CG in LYS A 326.
2024-02-28 14:07:17,887 WARNING:main.py:418:setup_molecule:Multiple occupancies found: CD in LYS A 326.
2024-02-28 14:07:17,887 WARNING:main.py:418:setup_molecule:Multiple occupancies found: CE in LYS A 326.
2024-02-28 14:07:17,887 WARNING:main.py:418:setup_molecule:Multiple occupancies found: NZ in LYS A 326.
2024-02-28 14:07:17,887 WARNING:main.py:424:setup_molecule:Multiple occupancies found in LYS A 326. At least one of the instances is being ignored.
2024-02-28 14:07:17,887 WARNING:main.py:418:setup_molecule:Multiple occupancies found: CB in LEU A 363.
2024-02-28 14:07:17,887 WARNING:main.py:418:setup_molecule:Multiple occupancies found: CG in LEU A 363.
2024-02-28 14:07:17,887 WARNING:main.py:418:setup_molecule:Multiple occupancies found: CD1 in LEU A 363.
2024-02-28 14:07:17,887 WARNING:main.py:418:setup_molecule:Multiple occupancies found: CD2 in LEU A 363.
2024-02-28 14:07:17,887 WARNING:main.py:424:setup_molecule:Multiple occupancies found in LEU A 363. At least one of the instances is being ignored.
2024-02-28 14:07:17,887 WARNING:main.py:418:setup_molecule:Multiple occupancies found: CB in VAL A 388.
2024-02-28 14:07:17,887 WARNING:main.py:418:setup_molecule:Multiple occupancies found: CG1 in VAL A 388.
2024-02-28 14:07:17,887 WARNING:main.py:418:setup_molecule:Multiple occupancies found: CG2 in VAL A 388.
2024-02-28 14:07:17,887 WARNING:main.py:424:setup_molecule:Multiple occupancies found in VAL A 388. At least one of the instances is being ignored.
2024-02-28 14:07:17,887 WARNING:main.py:418:setup_molecule:Multiple occupancies found: CG in ASP A 402.
2024-02-28 14:07:17,887 WARNING:main.py:418:setup_molecule:Multiple occupancies found: OD1 in ASP A 402.
2024-02-28 14:07:17,887 WARNING:main.py:418:setup_molecule:Multiple occupancies found: OD2 in ASP A 402.
2024-02-28 14:07:17,887 WARNING:main.py:424:setup_molecule:Multiple occupancies found in ASP A 402. At least one of the instances is being ignored.
2024-02-28 14:07:17,887 WARNING:main.py:418:setup_molecule:Multiple occupancies found: CB in SER A 432.
2024-02-28 14:07:17,887 WARNING:main.py:418:setup_molecule:Multiple occupancies found: OG in SER A 432.
2024-02-28 14:07:17,887 WARNING:main.py:424:setup_molecule:Multiple occupancies found in SER A 432. At least one of the instances is being ignored.
2024-02-28 14:07:17,887 WARNING:main.py:418:setup_molecule:Multiple occupancies found: CB in ILE A 507.
2024-02-28 14:07:17,888 WARNING:main.py:418:setup_molecule:Multiple occupancies found: CG1 in ILE A 507.
2024-02-28 14:07:17,888 WARNING:main.py:418:setup_molecule:Multiple occupancies found: CG2 in ILE A 507.
2024-02-28 14:07:17,888 WARNING:main.py:418:setup_molecule:Multiple occupancies found: CD1 in ILE A 507.
2024-02-28 14:07:17,888 WARNING:main.py:424:setup_molecule:Multiple occupancies found in ILE A 507. At least one of the instances is being ignored.
2024-02-28 14:07:22,680 WARNING:main.py:311:print_pqr:Ignoring 1221 header lines in output.
2024-02-28 14:07:22,681 WARNING:main.py:315:print_pqr:Ignoring 15 missing lines in output.
