2024-02-28 14:07:17,048 WARNING:biomolecule.py:992:create_residue:Unable to find amino or nucleic acid definition for MYR.  Parsing as new residue.
2024-02-28 14:07:17,061 WARNING:biomolecule.py:992:create_residue:Unable to find amino or nucleic acid definition for MYR.  Parsing as new residue.
2024-02-28 14:07:17,061 WARNING:biomolecule.py:992:create_residue:Unable to find amino or nucleic acid definition for MYR.  Parsing as new residue.
2024-02-28 14:07:17,062 WARNING:biomolecule.py:992:create_residue:Unable to find amino or nucleic acid definition for MYR.  Parsing as new residue.
2024-02-28 14:07:17,062 WARNING:biomolecule.py:992:create_residue:Unable to find amino or nucleic acid definition for MYR.  Parsing as new residue.
2024-02-28 14:07:17,062 WARNING:biomolecule.py:992:create_residue:Unable to find amino or nucleic acid definition for MYR.  Parsing as new residue.
2024-02-28 14:07:17,062 WARNING:biomolecule.py:992:create_residue:Unable to find amino or nucleic acid definition for RWF.  Parsing as new residue.
2024-02-28 14:07:17,102 WARNING:biomolecule.py:157:num_missing_heavy:Missing atom CG in residue HIS A 3
2024-02-28 14:07:17,147 WARNING:biomolecule.py:157:num_missing_heavy:Missing atom ND1 in residue HIS A 3
2024-02-28 14:07:17,147 WARNING:biomolecule.py:157:num_missing_heavy:Missing atom CD2 in residue HIS A 3
2024-02-28 14:07:17,147 WARNING:biomolecule.py:157:num_missing_heavy:Missing atom CE1 in residue HIS A 3
2024-02-28 14:07:17,147 WARNING:biomolecule.py:157:num_missing_heavy:Missing atom NE2 in residue HIS A 3
2024-02-28 14:07:17,148 WARNING:biomolecule.py:157:num_missing_heavy:Missing atom CG in residue GLN A 94
2024-02-28 14:07:17,148 WARNING:biomolecule.py:157:num_missing_heavy:Missing atom CD in residue GLN A 94
2024-02-28 14:07:17,148 WARNING:biomolecule.py:157:num_missing_heavy:Missing atom OE1 in residue GLN A 94
2024-02-28 14:07:17,148 WARNING:biomolecule.py:157:num_missing_heavy:Missing atom NE2 in residue GLN A 94
2024-02-28 14:07:17,270 WARNING:biomolecule.py:157:num_missing_heavy:Missing atom CG in residue GLU A 119
2024-02-28 14:07:17,270 WARNING:biomolecule.py:157:num_missing_heavy:Missing atom CD in residue GLU A 119
2024-02-28 14:07:17,270 WARNING:biomolecule.py:157:num_missing_heavy:Missing atom OE1 in residue GLU A 119
2024-02-28 14:07:17,270 WARNING:biomolecule.py:157:num_missing_heavy:Missing atom OE2 in residue GLU A 119
2024-02-28 14:07:17,271 WARNING:biomolecule.py:157:num_missing_heavy:Missing atom CG in residue LYS A 199
2024-02-28 14:07:17,271 WARNING:biomolecule.py:157:num_missing_heavy:Missing atom CD in residue LYS A 199
2024-02-28 14:07:17,271 WARNING:biomolecule.py:157:num_missing_heavy:Missing atom CE in residue LYS A 199
2024-02-28 14:07:17,271 WARNING:biomolecule.py:157:num_missing_heavy:Missing atom NZ in residue LYS A 199
2024-02-28 14:07:17,271 WARNING:biomolecule.py:157:num_missing_heavy:Missing atom CG in residue GLN A 204
2024-02-28 14:07:17,271 WARNING:biomolecule.py:157:num_missing_heavy:Missing atom CD in residue GLN A 204
2024-02-28 14:07:17,271 WARNING:biomolecule.py:157:num_missing_heavy:Missing atom OE1 in residue GLN A 204
2024-02-28 14:07:17,271 WARNING:biomolecule.py:157:num_missing_heavy:Missing atom NE2 in residue GLN A 204
2024-02-28 14:07:17,271 WARNING:biomolecule.py:157:num_missing_heavy:Missing atom CD in residue LYS A 240
2024-02-28 14:07:17,271 WARNING:biomolecule.py:157:num_missing_heavy:Missing atom CE in residue LYS A 240
2024-02-28 14:07:17,271 WARNING:biomolecule.py:157:num_missing_heavy:Missing atom NZ in residue LYS A 240
2024-02-28 14:07:17,272 WARNING:biomolecule.py:157:num_missing_heavy:Missing atom CG in residue GLU A 280
2024-02-28 14:07:17,272 WARNING:biomolecule.py:157:num_missing_heavy:Missing atom CD in residue GLU A 280
2024-02-28 14:07:17,272 WARNING:biomolecule.py:157:num_missing_heavy:Missing atom OE1 in residue GLU A 280
2024-02-28 14:07:17,272 WARNING:biomolecule.py:157:num_missing_heavy:Missing atom OE2 in residue GLU A 280
2024-02-28 14:07:17,272 WARNING:biomolecule.py:157:num_missing_heavy:Missing atom CG in residue LYS A 313
2024-02-28 14:07:17,272 WARNING:biomolecule.py:157:num_missing_heavy:Missing atom CD in residue LYS A 313
2024-02-28 14:07:17,272 WARNING:biomolecule.py:157:num_missing_heavy:Missing atom CE in residue LYS A 313
2024-02-28 14:07:17,272 WARNING:biomolecule.py:157:num_missing_heavy:Missing atom NZ in residue LYS A 313
2024-02-28 14:07:17,273 WARNING:biomolecule.py:157:num_missing_heavy:Missing atom CG in residue GLU A 465
2024-02-28 14:07:17,273 WARNING:biomolecule.py:157:num_missing_heavy:Missing atom CD in residue GLU A 465
2024-02-28 14:07:17,273 WARNING:biomolecule.py:157:num_missing_heavy:Missing atom OE1 in residue GLU A 465
2024-02-28 14:07:17,273 WARNING:biomolecule.py:157:num_missing_heavy:Missing atom OE2 in residue GLU A 465
2024-02-28 14:07:17,273 WARNING:biomolecule.py:157:num_missing_heavy:Missing atom CG in residue LYS A 466
2024-02-28 14:07:17,273 WARNING:biomolecule.py:157:num_missing_heavy:Missing atom CD in residue LYS A 466
2024-02-28 14:07:17,273 WARNING:biomolecule.py:157:num_missing_heavy:Missing atom CE in residue LYS A 466
2024-02-28 14:07:17,273 WARNING:biomolecule.py:157:num_missing_heavy:Missing atom NZ in residue LYS A 466
2024-02-28 14:07:17,273 WARNING:biomolecule.py:157:num_missing_heavy:Missing atom CG in residue LYS A 524
2024-02-28 14:07:17,273 WARNING:biomolecule.py:157:num_missing_heavy:Missing atom CD in residue LYS A 524
2024-02-28 14:07:17,273 WARNING:biomolecule.py:157:num_missing_heavy:Missing atom CE in residue LYS A 524
2024-02-28 14:07:17,273 WARNING:biomolecule.py:157:num_missing_heavy:Missing atom NZ in residue LYS A 524
2024-02-28 14:07:17,274 WARNING:biomolecule.py:157:num_missing_heavy:Missing atom CA in residue LEU A 585
2024-02-28 14:07:17,274 WARNING:biomolecule.py:157:num_missing_heavy:Missing atom C in residue LEU A 585
2024-02-28 14:07:17,274 WARNING:biomolecule.py:157:num_missing_heavy:Missing atom O in residue LEU A 585
2024-02-28 14:07:17,274 WARNING:biomolecule.py:157:num_missing_heavy:Missing atom CB in residue LEU A 585
2024-02-28 14:07:17,274 WARNING:biomolecule.py:157:num_missing_heavy:Missing atom CG in residue LEU A 585
2024-02-28 14:07:17,274 WARNING:biomolecule.py:157:num_missing_heavy:Missing atom CD1 in residue LEU A 585
2024-02-28 14:07:17,274 WARNING:biomolecule.py:157:num_missing_heavy:Missing atom CD2 in residue LEU A 585
2024-02-28 14:07:17,274 WARNING:biomolecule.py:157:num_missing_heavy:Missing atom OXT in residue LEU A 585
2024-02-28 14:07:17,274 WARNING:biomolecule.py:157:num_missing_heavy:Missing atom CG in residue HIS A 3
2024-02-28 14:07:17,274 WARNING:biomolecule.py:157:num_missing_heavy:Missing atom ND1 in residue HIS A 3
2024-02-28 14:07:17,274 WARNING:biomolecule.py:157:num_missing_heavy:Missing atom CD2 in residue HIS A 3
2024-02-28 14:07:17,274 WARNING:biomolecule.py:157:num_missing_heavy:Missing atom CE1 in residue HIS A 3
2024-02-28 14:07:17,274 WARNING:biomolecule.py:157:num_missing_heavy:Missing atom NE2 in residue HIS A 3
2024-02-28 14:07:17,275 WARNING:biomolecule.py:157:num_missing_heavy:Missing atom CG in residue GLN A 94
2024-02-28 14:07:17,275 WARNING:biomolecule.py:157:num_missing_heavy:Missing atom CD in residue GLN A 94
2024-02-28 14:07:17,457 WARNING:biomolecule.py:157:num_missing_heavy:Missing atom OE1 in residue GLN A 94
2024-02-28 14:07:17,457 WARNING:biomolecule.py:157:num_missing_heavy:Missing atom NE2 in residue GLN A 94
2024-02-28 14:07:17,457 WARNING:biomolecule.py:157:num_missing_heavy:Missing atom CG in residue GLU A 119
2024-02-28 14:07:17,457 WARNING:biomolecule.py:157:num_missing_heavy:Missing atom CD in residue GLU A 119
2024-02-28 14:07:17,457 WARNING:biomolecule.py:157:num_missing_heavy:Missing atom OE1 in residue GLU A 119
2024-02-28 14:07:17,457 WARNING:biomolecule.py:157:num_missing_heavy:Missing atom OE2 in residue GLU A 119
2024-02-28 14:07:17,458 WARNING:biomolecule.py:157:num_missing_heavy:Missing atom CG in residue LYS A 199
2024-02-28 14:07:17,458 WARNING:biomolecule.py:157:num_missing_heavy:Missing atom CD in residue LYS A 199
2024-02-28 14:07:17,458 WARNING:biomolecule.py:157:num_missing_heavy:Missing atom CE in residue LYS A 199
2024-02-28 14:07:17,458 WARNING:biomolecule.py:157:num_missing_heavy:Missing atom NZ in residue LYS A 199
2024-02-28 14:07:17,458 WARNING:biomolecule.py:157:num_missing_heavy:Missing atom CG in residue GLN A 204
2024-02-28 14:07:17,458 WARNING:biomolecule.py:157:num_missing_heavy:Missing atom CD in residue GLN A 204
2024-02-28 14:07:17,458 WARNING:biomolecule.py:157:num_missing_heavy:Missing atom OE1 in residue GLN A 204
2024-02-28 14:07:17,458 WARNING:biomolecule.py:157:num_missing_heavy:Missing atom NE2 in residue GLN A 204
2024-02-28 14:07:17,458 WARNING:biomolecule.py:157:num_missing_heavy:Missing atom CD in residue LYS A 240
2024-02-28 14:07:17,458 WARNING:biomolecule.py:157:num_missing_heavy:Missing atom CE in residue LYS A 240
2024-02-28 14:07:17,458 WARNING:biomolecule.py:157:num_missing_heavy:Missing atom NZ in residue LYS A 240
2024-02-28 14:07:17,459 WARNING:biomolecule.py:157:num_missing_heavy:Missing atom CG in residue GLU A 280
2024-02-28 14:07:17,459 WARNING:biomolecule.py:157:num_missing_heavy:Missing atom CD in residue GLU A 280
2024-02-28 14:07:17,613 WARNING:biomolecule.py:157:num_missing_heavy:Missing atom OE1 in residue GLU A 280
2024-02-28 14:07:17,614 WARNING:biomolecule.py:157:num_missing_heavy:Missing atom OE2 in residue GLU A 280
2024-02-28 14:07:17,614 WARNING:biomolecule.py:157:num_missing_heavy:Missing atom CG in residue LYS A 313
2024-02-28 14:07:17,614 WARNING:biomolecule.py:157:num_missing_heavy:Missing atom CD in residue LYS A 313
2024-02-28 14:07:17,614 WARNING:biomolecule.py:157:num_missing_heavy:Missing atom CE in residue LYS A 313
2024-02-28 14:07:17,614 WARNING:biomolecule.py:157:num_missing_heavy:Missing atom NZ in residue LYS A 313
2024-02-28 14:07:17,615 WARNING:biomolecule.py:157:num_missing_heavy:Missing atom CG in residue GLU A 465
2024-02-28 14:07:17,615 WARNING:biomolecule.py:157:num_missing_heavy:Missing atom CD in residue GLU A 465
2024-02-28 14:07:17,615 WARNING:biomolecule.py:157:num_missing_heavy:Missing atom OE1 in residue GLU A 465
2024-02-28 14:07:17,615 WARNING:biomolecule.py:157:num_missing_heavy:Missing atom OE2 in residue GLU A 465
2024-02-28 14:07:17,615 WARNING:biomolecule.py:157:num_missing_heavy:Missing atom CG in residue LYS A 466
2024-02-28 14:07:17,615 WARNING:biomolecule.py:157:num_missing_heavy:Missing atom CD in residue LYS A 466
2024-02-28 14:07:17,615 WARNING:biomolecule.py:157:num_missing_heavy:Missing atom CE in residue LYS A 466
2024-02-28 14:07:17,615 WARNING:biomolecule.py:157:num_missing_heavy:Missing atom NZ in residue LYS A 466
2024-02-28 14:07:17,615 WARNING:biomolecule.py:157:num_missing_heavy:Missing atom CG in residue LYS A 524
2024-02-28 14:07:17,615 WARNING:biomolecule.py:157:num_missing_heavy:Missing atom CD in residue LYS A 524
2024-02-28 14:07:17,615 WARNING:biomolecule.py:157:num_missing_heavy:Missing atom CE in residue LYS A 524
2024-02-28 14:07:17,615 WARNING:biomolecule.py:157:num_missing_heavy:Missing atom NZ in residue LYS A 524
2024-02-28 14:07:17,616 WARNING:biomolecule.py:157:num_missing_heavy:Missing atom CA in residue LEU A 585
2024-02-28 14:07:17,616 WARNING:biomolecule.py:157:num_missing_heavy:Missing atom C in residue LEU A 585
2024-02-28 14:07:17,616 WARNING:biomolecule.py:157:num_missing_heavy:Missing atom O in residue LEU A 585
2024-02-28 14:07:17,616 WARNING:biomolecule.py:157:num_missing_heavy:Missing atom CB in residue LEU A 585
2024-02-28 14:07:17,616 WARNING:biomolecule.py:157:num_missing_heavy:Missing atom CG in residue LEU A 585
2024-02-28 14:07:17,616 WARNING:biomolecule.py:157:num_missing_heavy:Missing atom CD1 in residue LEU A 585
2024-02-28 14:07:17,616 WARNING:biomolecule.py:157:num_missing_heavy:Missing atom CD2 in residue LEU A 585
2024-02-28 14:07:17,616 WARNING:biomolecule.py:157:num_missing_heavy:Missing atom OXT in residue LEU A 585
2024-02-28 14:07:17,616 WARNING:biomolecule.py:157:num_missing_heavy:Missing atom CG in residue HIS A 3
2024-02-28 14:07:17,616 WARNING:biomolecule.py:157:num_missing_heavy:Missing atom ND1 in residue HIS A 3
2024-02-28 14:07:17,616 WARNING:biomolecule.py:157:num_missing_heavy:Missing atom CD2 in residue HIS A 3
2024-02-28 14:07:17,616 WARNING:biomolecule.py:157:num_missing_heavy:Missing atom CE1 in residue HIS A 3
2024-02-28 14:07:17,616 WARNING:biomolecule.py:157:num_missing_heavy:Missing atom NE2 in residue HIS A 3
2024-02-28 14:07:17,616 WARNING:biomolecule.py:157:num_missing_heavy:Missing atom CG in residue GLN A 94
2024-02-28 14:07:17,616 WARNING:biomolecule.py:157:num_missing_heavy:Missing atom CD in residue GLN A 94
2024-02-28 14:07:17,617 WARNING:biomolecule.py:157:num_missing_heavy:Missing atom OE1 in residue GLN A 94
2024-02-28 14:07:17,617 WARNING:biomolecule.py:157:num_missing_heavy:Missing atom NE2 in residue GLN A 94
2024-02-28 14:07:17,617 WARNING:biomolecule.py:157:num_missing_heavy:Missing atom CG in residue GLU A 119
2024-02-28 14:07:17,617 WARNING:biomolecule.py:157:num_missing_heavy:Missing atom CD in residue GLU A 119
2024-02-28 14:07:17,617 WARNING:biomolecule.py:157:num_missing_heavy:Missing atom OE1 in residue GLU A 119
2024-02-28 14:07:17,617 WARNING:biomolecule.py:157:num_missing_heavy:Missing atom OE2 in residue GLU A 119
2024-02-28 14:07:17,617 WARNING:biomolecule.py:157:num_missing_heavy:Missing atom CG in residue LYS A 199
2024-02-28 14:07:17,617 WARNING:biomolecule.py:157:num_missing_heavy:Missing atom CD in residue LYS A 199
2024-02-28 14:07:17,617 WARNING:biomolecule.py:157:num_missing_heavy:Missing atom CE in residue LYS A 199
2024-02-28 14:07:17,617 WARNING:biomolecule.py:157:num_missing_heavy:Missing atom NZ in residue LYS A 199
2024-02-28 14:07:17,617 WARNING:biomolecule.py:157:num_missing_heavy:Missing atom CG in residue GLN A 204
2024-02-28 14:07:17,617 WARNING:biomolecule.py:157:num_missing_heavy:Missing atom CD in residue GLN A 204
2024-02-28 14:07:17,617 WARNING:biomolecule.py:157:num_missing_heavy:Missing atom OE1 in residue GLN A 204
2024-02-28 14:07:17,617 WARNING:biomolecule.py:157:num_missing_heavy:Missing atom NE2 in residue GLN A 204
2024-02-28 14:07:17,618 WARNING:biomolecule.py:157:num_missing_heavy:Missing atom CD in residue LYS A 240
2024-02-28 14:07:17,618 WARNING:biomolecule.py:157:num_missing_heavy:Missing atom CE in residue LYS A 240
2024-02-28 14:07:17,618 WARNING:biomolecule.py:157:num_missing_heavy:Missing atom NZ in residue LYS A 240
2024-02-28 14:07:17,618 WARNING:biomolecule.py:157:num_missing_heavy:Missing atom CG in residue GLU A 280
2024-02-28 14:07:17,618 WARNING:biomolecule.py:157:num_missing_heavy:Missing atom CD in residue GLU A 280
2024-02-28 14:07:17,618 WARNING:biomolecule.py:157:num_missing_heavy:Missing atom OE1 in residue GLU A 280
2024-02-28 14:07:17,618 WARNING:biomolecule.py:157:num_missing_heavy:Missing atom OE2 in residue GLU A 280
2024-02-28 14:07:17,618 WARNING:biomolecule.py:157:num_missing_heavy:Missing atom CG in residue LYS A 313
2024-02-28 14:07:17,618 WARNING:biomolecule.py:157:num_missing_heavy:Missing atom CD in residue LYS A 313
2024-02-28 14:07:17,618 WARNING:biomolecule.py:157:num_missing_heavy:Missing atom CE in residue LYS A 313
2024-02-28 14:07:17,618 WARNING:biomolecule.py:157:num_missing_heavy:Missing atom NZ in residue LYS A 313
2024-02-28 14:07:17,619 WARNING:biomolecule.py:157:num_missing_heavy:Missing atom CG in residue GLU A 465
2024-02-28 14:07:17,619 WARNING:biomolecule.py:157:num_missing_heavy:Missing atom CD in residue GLU A 465
2024-02-28 14:07:17,619 WARNING:biomolecule.py:157:num_missing_heavy:Missing atom OE1 in residue GLU A 465
2024-02-28 14:07:17,619 WARNING:biomolecule.py:157:num_missing_heavy:Missing atom OE2 in residue GLU A 465
2024-02-28 14:07:17,619 WARNING:biomolecule.py:157:num_missing_heavy:Missing atom CG in residue LYS A 466
2024-02-28 14:07:17,619 WARNING:biomolecule.py:157:num_missing_heavy:Missing atom CD in residue LYS A 466
2024-02-28 14:07:17,619 WARNING:biomolecule.py:157:num_missing_heavy:Missing atom CE in residue LYS A 466
2024-02-28 14:07:17,619 WARNING:biomolecule.py:157:num_missing_heavy:Missing atom NZ in residue LYS A 466
2024-02-28 14:07:17,619 WARNING:biomolecule.py:157:num_missing_heavy:Missing atom CG in residue LYS A 524
2024-02-28 14:07:17,619 WARNING:biomolecule.py:157:num_missing_heavy:Missing atom CD in residue LYS A 524
2024-02-28 14:07:17,619 WARNING:biomolecule.py:157:num_missing_heavy:Missing atom CE in residue LYS A 524
2024-02-28 14:07:17,619 WARNING:biomolecule.py:157:num_missing_heavy:Missing atom NZ in residue LYS A 524
2024-02-28 14:07:17,620 WARNING:biomolecule.py:157:num_missing_heavy:Missing atom CA in residue LEU A 585
2024-02-28 14:07:17,620 WARNING:biomolecule.py:157:num_missing_heavy:Missing atom C in residue LEU A 585
2024-02-28 14:07:17,620 WARNING:biomolecule.py:157:num_missing_heavy:Missing atom O in residue LEU A 585
2024-02-28 14:07:17,620 WARNING:biomolecule.py:157:num_missing_heavy:Missing atom CB in residue LEU A 585
2024-02-28 14:07:17,620 WARNING:biomolecule.py:157:num_missing_heavy:Missing atom CG in residue LEU A 585
2024-02-28 14:07:17,620 WARNING:biomolecule.py:157:num_missing_heavy:Missing atom CD1 in residue LEU A 585
2024-02-28 14:07:17,620 WARNING:biomolecule.py:157:num_missing_heavy:Missing atom CD2 in residue LEU A 585
2024-02-28 14:07:17,620 WARNING:biomolecule.py:157:num_missing_heavy:Missing atom OXT in residue LEU A 585
2024-02-28 14:07:17,641 CRITICAL:main.py:800:main_driver:Too few atoms present to reconstruct or cap residue LEU A 585 in structure! This error is generally caused by missing backbone atoms in this biomolecule; you must use an external program to complete gaps in the biomolecule backbone. Heavy atoms missing from LEU A 585:  C O CB CG CD1 CD2 OXT CA
2024-02-28 14:07:17,641 CRITICAL:main.py:801:main_driver:Giving up.
