2024-02-28 14:07:18,007 WARNING:biomolecule.py:992:create_residue:Unable to find amino or nucleic acid definition for RC1.  Parsing as new residue.
2024-02-28 14:07:18,442 WARNING:biomolecule.py:992:create_residue:Unable to find amino or nucleic acid definition for FMT.  Parsing as new residue.
2024-02-28 14:07:18,442 WARNING:biomolecule.py:992:create_residue:Unable to find amino or nucleic acid definition for FMT.  Parsing as new residue.
2024-02-28 14:07:18,442 WARNING:biomolecule.py:992:create_residue:Unable to find amino or nucleic acid definition for FMT.  Parsing as new residue.
2024-02-28 14:07:18,442 WARNING:biomolecule.py:992:create_residue:Unable to find amino or nucleic acid definition for FMT.  Parsing as new residue.
2024-02-28 14:07:18,442 WARNING:biomolecule.py:992:create_residue:Unable to find amino or nucleic acid definition for FMT.  Parsing as new residue.
2024-02-28 14:07:18,442 WARNING:biomolecule.py:992:create_residue:Unable to find amino or nucleic acid definition for FMT.  Parsing as new residue.
2024-02-28 14:07:18,442 WARNING:biomolecule.py:992:create_residue:Unable to find amino or nucleic acid definition for FMT.  Parsing as new residue.
2024-02-28 14:07:18,443 WARNING:main.py:418:setup_molecule:Multiple occupancies found: CB in ARG A 11.
2024-02-28 14:07:18,443 WARNING:main.py:418:setup_molecule:Multiple occupancies found: CG in ARG A 11.
2024-02-28 14:07:18,443 WARNING:main.py:418:setup_molecule:Multiple occupancies found: CD in ARG A 11.
2024-02-28 14:07:18,443 WARNING:main.py:418:setup_molecule:Multiple occupancies found: NE in ARG A 11.
2024-02-28 14:07:18,443 WARNING:main.py:418:setup_molecule:Multiple occupancies found: CZ in ARG A 11.
2024-02-28 14:07:18,443 WARNING:main.py:418:setup_molecule:Multiple occupancies found: NH1 in ARG A 11.
2024-02-28 14:07:18,443 WARNING:main.py:418:setup_molecule:Multiple occupancies found: NH2 in ARG A 11.
2024-02-28 14:07:18,443 WARNING:main.py:424:setup_molecule:Multiple occupancies found in ARG A 11. At least one of the instances is being ignored.
2024-02-28 14:07:18,443 WARNING:main.py:418:setup_molecule:Multiple occupancies found: CB in ASN A 17.
2024-02-28 14:07:18,443 WARNING:main.py:418:setup_molecule:Multiple occupancies found: CG in ASN A 17.
2024-02-28 14:07:18,443 WARNING:main.py:418:setup_molecule:Multiple occupancies found: OD1 in ASN A 17.
2024-02-28 14:07:18,443 WARNING:main.py:418:setup_molecule:Multiple occupancies found: ND2 in ASN A 17.
2024-02-28 14:07:18,443 WARNING:main.py:424:setup_molecule:Multiple occupancies found in ASN A 17. At least one of the instances is being ignored.
2024-02-28 14:07:18,443 WARNING:main.py:418:setup_molecule:Multiple occupancies found: CB in MET A 53.
2024-02-28 14:07:18,443 WARNING:main.py:418:setup_molecule:Multiple occupancies found: CG in MET A 53.
2024-02-28 14:07:18,443 WARNING:main.py:418:setup_molecule:Multiple occupancies found: SD in MET A 53.
2024-02-28 14:07:18,443 WARNING:main.py:418:setup_molecule:Multiple occupancies found: CE in MET A 53.
2024-02-28 14:07:18,443 WARNING:main.py:424:setup_molecule:Multiple occupancies found in MET A 53. At least one of the instances is being ignored.
2024-02-28 14:07:18,443 WARNING:main.py:418:setup_molecule:Multiple occupancies found: CB in SER A 110.
2024-02-28 14:07:18,444 WARNING:main.py:418:setup_molecule:Multiple occupancies found: OG in SER A 110.
2024-02-28 14:07:18,444 WARNING:main.py:424:setup_molecule:Multiple occupancies found in SER A 110. At least one of the instances is being ignored.
2024-02-28 14:07:18,444 WARNING:main.py:418:setup_molecule:Multiple occupancies found: CB in MET A 121.
2024-02-28 14:07:18,444 WARNING:main.py:418:setup_molecule:Multiple occupancies found: CG in MET A 121.
2024-02-28 14:07:18,444 WARNING:main.py:418:setup_molecule:Multiple occupancies found: SD in MET A 121.
2024-02-28 14:07:18,444 WARNING:main.py:418:setup_molecule:Multiple occupancies found: CE in MET A 121.
2024-02-28 14:07:18,444 WARNING:main.py:424:setup_molecule:Multiple occupancies found in MET A 121. At least one of the instances is being ignored.
2024-02-28 14:07:18,444 WARNING:main.py:418:setup_molecule:Multiple occupancies found: CB in GLN A 145.
2024-02-28 14:07:18,444 WARNING:main.py:418:setup_molecule:Multiple occupancies found: CG in GLN A 145.
2024-02-28 14:07:18,444 WARNING:main.py:418:setup_molecule:Multiple occupancies found: CD in GLN A 145.
2024-02-28 14:07:18,444 WARNING:main.py:418:setup_molecule:Multiple occupancies found: OE1 in GLN A 145.
2024-02-28 14:07:18,444 WARNING:main.py:418:setup_molecule:Multiple occupancies found: NE2 in GLN A 145.
2024-02-28 14:07:18,862 WARNING:main.py:424:setup_molecule:Multiple occupancies found in GLN A 145. At least one of the instances is being ignored.
2024-02-28 14:07:18,862 WARNING:main.py:418:setup_molecule:Multiple occupancies found: CB in GLU A 185.
2024-02-28 14:07:18,862 WARNING:main.py:418:setup_molecule:Multiple occupancies found: CG in GLU A 185.
2024-02-28 14:07:18,862 WARNING:main.py:418:setup_molecule:Multiple occupancies found: CD in GLU A 185.
2024-02-28 14:07:18,862 WARNING:main.py:418:setup_molecule:Multiple occupancies found: OE1 in GLU A 185.
2024-02-28 14:07:18,862 WARNING:main.py:418:setup_molecule:Multiple occupancies found: OE2 in GLU A 185.
2024-02-28 14:07:18,862 WARNING:main.py:424:setup_molecule:Multiple occupancies found in GLU A 185. At least one of the instances is being ignored.
2024-02-28 14:07:18,862 WARNING:main.py:418:setup_molecule:Multiple occupancies found: CB in SER A 269.
2024-02-28 14:07:18,862 WARNING:main.py:418:setup_molecule:Multiple occupancies found: OG in SER A 269.
2024-02-28 14:07:18,862 WARNING:main.py:424:setup_molecule:Multiple occupancies found in SER A 269. At least one of the instances is being ignored.
2024-02-28 14:07:18,862 WARNING:main.py:418:setup_molecule:Multiple occupancies found: CB in ARG A 332.
2024-02-28 14:07:18,862 WARNING:main.py:418:setup_molecule:Multiple occupancies found: CG in ARG A 332.
2024-02-28 14:07:18,863 WARNING:main.py:418:setup_molecule:Multiple occupancies found: CD in ARG A 332.
2024-02-28 14:07:18,863 WARNING:main.py:418:setup_molecule:Multiple occupancies found: NE in ARG A 332.
2024-02-28 14:07:18,863 WARNING:main.py:418:setup_molecule:Multiple occupancies found: CZ in ARG A 332.
2024-02-28 14:07:18,863 WARNING:main.py:418:setup_molecule:Multiple occupancies found: NH1 in ARG A 332.
2024-02-28 14:07:18,863 WARNING:main.py:418:setup_molecule:Multiple occupancies found: NH2 in ARG A 332.
2024-02-28 14:07:18,863 WARNING:main.py:424:setup_molecule:Multiple occupancies found in ARG A 332. At least one of the instances is being ignored.
2024-02-28 14:07:18,863 WARNING:main.py:418:setup_molecule:Multiple occupancies found: CB in ARG A 367.
2024-02-28 14:07:18,863 WARNING:main.py:418:setup_molecule:Multiple occupancies found: CG in ARG A 367.
2024-02-28 14:07:18,863 WARNING:main.py:418:setup_molecule:Multiple occupancies found: CD in ARG A 367.
2024-02-28 14:07:18,863 WARNING:main.py:418:setup_molecule:Multiple occupancies found: NE in ARG A 367.
2024-02-28 14:07:18,863 WARNING:main.py:418:setup_molecule:Multiple occupancies found: CZ in ARG A 367.
2024-02-28 14:07:18,863 WARNING:main.py:418:setup_molecule:Multiple occupancies found: NH1 in ARG A 367.
2024-02-28 14:07:18,863 WARNING:main.py:418:setup_molecule:Multiple occupancies found: NH2 in ARG A 367.
2024-02-28 14:07:18,863 WARNING:main.py:424:setup_molecule:Multiple occupancies found in ARG A 367. At least one of the instances is being ignored.
2024-02-28 14:07:23,260 WARNING:main.py:311:print_pqr:Ignoring 2276 header lines in output.
2024-02-28 14:07:23,260 WARNING:main.py:315:print_pqr:Ignoring 46 missing lines in output.
