2024-02-28 14:07:17,584 WARNING:biomolecule.py:992:create_residue:Unable to find amino or nucleic acid definition for 2NC.  Parsing as new residue.
2024-02-28 14:07:17,586 WARNING:biomolecule.py:992:create_residue:Unable to find amino or nucleic acid definition for UNX.  Parsing as new residue.
2024-02-28 14:07:17,587 WARNING:biomolecule.py:992:create_residue:Unable to find amino or nucleic acid definition for GOL.  Parsing as new residue.
2024-02-28 14:07:17,587 WARNING:biomolecule.py:992:create_residue:Unable to find amino or nucleic acid definition for GOL.  Parsing as new residue.
2024-02-28 14:07:17,587 WARNING:biomolecule.py:992:create_residue:Unable to find amino or nucleic acid definition for GOL.  Parsing as new residue.
2024-02-28 14:07:17,587 WARNING:biomolecule.py:992:create_residue:Unable to find amino or nucleic acid definition for ACY.  Parsing as new residue.
2024-02-28 14:07:17,587 WARNING:biomolecule.py:992:create_residue:Unable to find amino or nucleic acid definition for GOL.  Parsing as new residue.
2024-02-28 14:07:17,587 WARNING:biomolecule.py:992:create_residue:Unable to find amino or nucleic acid definition for GOL.  Parsing as new residue.
2024-02-28 14:07:17,588 WARNING:main.py:418:setup_molecule:Multiple occupancies found: CB in LYS A 7.
2024-02-28 14:07:17,588 WARNING:main.py:418:setup_molecule:Multiple occupancies found: CG in LYS A 7.
2024-02-28 14:07:17,588 WARNING:main.py:418:setup_molecule:Multiple occupancies found: CD in LYS A 7.
2024-02-28 14:07:17,588 WARNING:main.py:418:setup_molecule:Multiple occupancies found: CE in LYS A 7.
2024-02-28 14:07:17,588 WARNING:main.py:418:setup_molecule:Multiple occupancies found: NZ in LYS A 7.
2024-02-28 14:07:17,588 WARNING:main.py:424:setup_molecule:Multiple occupancies found in LYS A 7. At least one of the instances is being ignored.
2024-02-28 14:07:17,588 WARNING:main.py:418:setup_molecule:Multiple occupancies found: CB in LYS A 14.
2024-02-28 14:07:17,588 WARNING:main.py:418:setup_molecule:Multiple occupancies found: CG in LYS A 14.
2024-02-28 14:07:17,588 WARNING:main.py:418:setup_molecule:Multiple occupancies found: CD in LYS A 14.
2024-02-28 14:07:17,588 WARNING:main.py:418:setup_molecule:Multiple occupancies found: CE in LYS A 14.
2024-02-28 14:07:17,588 WARNING:main.py:418:setup_molecule:Multiple occupancies found: NZ in LYS A 14.
2024-02-28 14:07:17,588 WARNING:main.py:424:setup_molecule:Multiple occupancies found in LYS A 14. At least one of the instances is being ignored.
2024-02-28 14:07:17,588 WARNING:main.py:418:setup_molecule:Multiple occupancies found: CB in GLU A 21.
2024-02-28 14:07:17,588 WARNING:main.py:418:setup_molecule:Multiple occupancies found: CG in GLU A 21.
2024-02-28 14:07:17,588 WARNING:main.py:418:setup_molecule:Multiple occupancies found: CD in GLU A 21.
2024-02-28 14:07:17,588 WARNING:main.py:418:setup_molecule:Multiple occupancies found: OE1 in GLU A 21.
2024-02-28 14:07:17,588 WARNING:main.py:418:setup_molecule:Multiple occupancies found: OE2 in GLU A 21.
2024-02-28 14:07:17,588 WARNING:main.py:424:setup_molecule:Multiple occupancies found in GLU A 21. At least one of the instances is being ignored.
2024-02-28 14:07:17,588 WARNING:main.py:418:setup_molecule:Multiple occupancies found: CB in SER A 37.
2024-02-28 14:07:17,588 WARNING:main.py:418:setup_molecule:Multiple occupancies found: OG in SER A 37.
2024-02-28 14:07:17,588 WARNING:main.py:424:setup_molecule:Multiple occupancies found in SER A 37. At least one of the instances is being ignored.
2024-02-28 14:07:17,588 WARNING:main.py:418:setup_molecule:Multiple occupancies found: CB in ARG A 41.
2024-02-28 14:07:17,588 WARNING:main.py:418:setup_molecule:Multiple occupancies found: CG in ARG A 41.
2024-02-28 14:07:17,588 WARNING:main.py:418:setup_molecule:Multiple occupancies found: CD in ARG A 41.
2024-02-28 14:07:17,588 WARNING:main.py:418:setup_molecule:Multiple occupancies found: NE in ARG A 41.
2024-02-28 14:07:17,588 WARNING:main.py:418:setup_molecule:Multiple occupancies found: CZ in ARG A 41.
2024-02-28 14:07:17,588 WARNING:main.py:418:setup_molecule:Multiple occupancies found: NH1 in ARG A 41.
2024-02-28 14:07:17,588 WARNING:main.py:418:setup_molecule:Multiple occupancies found: NH2 in ARG A 41.
2024-02-28 14:07:17,588 WARNING:main.py:424:setup_molecule:Multiple occupancies found in ARG A 41. At least one of the instances is being ignored.
2024-02-28 14:07:17,588 WARNING:main.py:418:setup_molecule:Multiple occupancies found: CB in LYS A 43.
2024-02-28 14:07:17,588 WARNING:main.py:418:setup_molecule:Multiple occupancies found: CG in LYS A 43.
2024-02-28 14:07:17,589 WARNING:main.py:418:setup_molecule:Multiple occupancies found: CD in LYS A 43.
2024-02-28 14:07:17,589 WARNING:main.py:418:setup_molecule:Multiple occupancies found: CE in LYS A 43.
2024-02-28 14:07:17,589 WARNING:main.py:418:setup_molecule:Multiple occupancies found: NZ in LYS A 43.
2024-02-28 14:07:17,589 WARNING:main.py:424:setup_molecule:Multiple occupancies found in LYS A 43. At least one of the instances is being ignored.
2024-02-28 14:07:17,589 WARNING:main.py:418:setup_molecule:Multiple occupancies found: CE in LYS A 45.
2024-02-28 14:07:17,589 WARNING:main.py:418:setup_molecule:Multiple occupancies found: NZ in LYS A 45.
2024-02-28 14:07:17,589 WARNING:main.py:424:setup_molecule:Multiple occupancies found in LYS A 45. At least one of the instances is being ignored.
2024-02-28 14:07:17,589 WARNING:main.py:418:setup_molecule:Multiple occupancies found: CB in MET A 46.
2024-02-28 14:07:17,589 WARNING:main.py:418:setup_molecule:Multiple occupancies found: CG in MET A 46.
2024-02-28 14:07:17,589 WARNING:main.py:418:setup_molecule:Multiple occupancies found: SD in MET A 46.
2024-02-28 14:07:17,589 WARNING:main.py:418:setup_molecule:Multiple occupancies found: CE in MET A 46.
2024-02-28 14:07:17,589 WARNING:main.py:424:setup_molecule:Multiple occupancies found in MET A 46. At least one of the instances is being ignored.
2024-02-28 14:07:17,589 WARNING:main.py:418:setup_molecule:Multiple occupancies found: CB in LYS A 55.
2024-02-28 14:07:17,589 WARNING:main.py:418:setup_molecule:Multiple occupancies found: CG in LYS A 55.
2024-02-28 14:07:17,589 WARNING:main.py:418:setup_molecule:Multiple occupancies found: CD in LYS A 55.
2024-02-28 14:07:17,589 WARNING:main.py:418:setup_molecule:Multiple occupancies found: CE in LYS A 55.
2024-02-28 14:07:17,589 WARNING:main.py:418:setup_molecule:Multiple occupancies found: NZ in LYS A 55.
2024-02-28 14:07:17,589 WARNING:main.py:424:setup_molecule:Multiple occupancies found in LYS A 55. At least one of the instances is being ignored.
2024-02-28 14:07:17,589 WARNING:main.py:418:setup_molecule:Multiple occupancies found: CB in ARG A 57.
2024-02-28 14:07:17,589 WARNING:main.py:418:setup_molecule:Multiple occupancies found: CG in ARG A 57.
2024-02-28 14:07:17,589 WARNING:main.py:418:setup_molecule:Multiple occupancies found: CD in ARG A 57.
2024-02-28 14:07:17,589 WARNING:main.py:418:setup_molecule:Multiple occupancies found: NE in ARG A 57.
2024-02-28 14:07:17,589 WARNING:main.py:418:setup_molecule:Multiple occupancies found: CZ in ARG A 57.
2024-02-28 14:07:17,589 WARNING:main.py:418:setup_molecule:Multiple occupancies found: NH1 in ARG A 57.
2024-02-28 14:07:17,589 WARNING:main.py:418:setup_molecule:Multiple occupancies found: NH2 in ARG A 57.
2024-02-28 14:07:17,589 WARNING:main.py:424:setup_molecule:Multiple occupancies found in ARG A 57. At least one of the instances is being ignored.
2024-02-28 14:07:17,589 WARNING:main.py:418:setup_molecule:Multiple occupancies found: CB in GLN A 58.
2024-02-28 14:07:17,589 WARNING:main.py:418:setup_molecule:Multiple occupancies found: CG in GLN A 58.
2024-02-28 14:07:17,589 WARNING:main.py:418:setup_molecule:Multiple occupancies found: CD in GLN A 58.
2024-02-28 14:07:17,589 WARNING:main.py:418:setup_molecule:Multiple occupancies found: OE1 in GLN A 58.
2024-02-28 14:07:17,589 WARNING:main.py:418:setup_molecule:Multiple occupancies found: NE2 in GLN A 58.
2024-02-28 14:07:17,589 WARNING:main.py:424:setup_molecule:Multiple occupancies found in GLN A 58. At least one of the instances is being ignored.
2024-02-28 14:07:17,589 WARNING:main.py:418:setup_molecule:Multiple occupancies found: CB in ILE A 64.
2024-02-28 14:07:17,590 WARNING:main.py:418:setup_molecule:Multiple occupancies found: CG1 in ILE A 64.
2024-02-28 14:07:17,590 WARNING:main.py:418:setup_molecule:Multiple occupancies found: CG2 in ILE A 64.
2024-02-28 14:07:17,590 WARNING:main.py:418:setup_molecule:Multiple occupancies found: CD1 in ILE A 64.
2024-02-28 14:07:17,590 WARNING:main.py:424:setup_molecule:Multiple occupancies found in ILE A 64. At least one of the instances is being ignored.
2024-02-28 14:07:17,590 WARNING:main.py:418:setup_molecule:Multiple occupancies found: CG in GLU A 65.
2024-02-28 14:07:17,590 WARNING:main.py:418:setup_molecule:Multiple occupancies found: CD in GLU A 65.
2024-02-28 14:07:17,590 WARNING:main.py:418:setup_molecule:Multiple occupancies found: OE1 in GLU A 65.
2024-02-28 14:07:17,590 WARNING:main.py:418:setup_molecule:Multiple occupancies found: OE2 in GLU A 65.
2024-02-28 14:07:17,590 WARNING:main.py:424:setup_molecule:Multiple occupancies found in GLU A 65. At least one of the instances is being ignored.
2024-02-28 14:07:17,590 WARNING:main.py:418:setup_molecule:Multiple occupancies found: N in LYS A 70.
2024-02-28 14:07:17,590 WARNING:main.py:418:setup_molecule:Multiple occupancies found: CA in LYS A 70.
2024-02-28 14:07:17,590 WARNING:main.py:418:setup_molecule:Multiple occupancies found: C in LYS A 70.
2024-02-28 14:07:17,590 WARNING:main.py:418:setup_molecule:Multiple occupancies found: O in LYS A 70.
2024-02-28 14:07:17,590 WARNING:main.py:424:setup_molecule:Multiple occupancies found in LYS A 70. At least one of the instances is being ignored.
2024-02-28 14:07:17,590 WARNING:main.py:418:setup_molecule:Multiple occupancies found: N in ALA A 71.
2024-02-28 14:07:17,590 WARNING:main.py:418:setup_molecule:Multiple occupancies found: CA in ALA A 71.
2024-02-28 14:07:17,590 WARNING:main.py:418:setup_molecule:Multiple occupancies found: C in ALA A 71.
2024-02-28 14:07:17,590 WARNING:main.py:418:setup_molecule:Multiple occupancies found: O in ALA A 71.
2024-02-28 14:07:17,590 WARNING:main.py:418:setup_molecule:Multiple occupancies found: CB in ALA A 71.
2024-02-28 14:07:17,590 WARNING:main.py:424:setup_molecule:Multiple occupancies found in ALA A 71. At least one of the instances is being ignored.
2024-02-28 14:07:17,590 WARNING:main.py:418:setup_molecule:Multiple occupancies found: N in ILE A 72.
2024-02-28 14:07:17,590 WARNING:main.py:418:setup_molecule:Multiple occupancies found: CA in ILE A 72.
2024-02-28 14:07:17,590 WARNING:main.py:424:setup_molecule:Multiple occupancies found in ILE A 72. At least one of the instances is being ignored.
2024-02-28 14:07:17,590 WARNING:main.py:418:setup_molecule:Multiple occupancies found: CB in ILE A 84.
2024-02-28 14:07:17,590 WARNING:main.py:418:setup_molecule:Multiple occupancies found: CG1 in ILE A 84.
2024-02-28 14:07:17,590 WARNING:main.py:418:setup_molecule:Multiple occupancies found: CG2 in ILE A 84.
2024-02-28 14:07:17,590 WARNING:main.py:418:setup_molecule:Multiple occupancies found: CD1 in ILE A 84.
2024-02-28 14:07:17,590 WARNING:main.py:424:setup_molecule:Multiple occupancies found in ILE A 84. At least one of the instances is being ignored.
2024-02-28 14:07:17,590 WARNING:main.py:418:setup_molecule:Multiple occupancies found: CB in LEU A 97.
2024-02-28 14:07:17,590 WARNING:main.py:418:setup_molecule:Multiple occupancies found: CG in LEU A 97.
2024-02-28 14:07:17,590 WARNING:main.py:418:setup_molecule:Multiple occupancies found: CD1 in LEU A 97.
2024-02-28 14:07:17,590 WARNING:main.py:418:setup_molecule:Multiple occupancies found: CD2 in LEU A 97.
2024-02-28 14:07:17,590 WARNING:main.py:424:setup_molecule:Multiple occupancies found in LEU A 97. At least one of the instances is being ignored.
2024-02-28 14:07:17,590 WARNING:main.py:418:setup_molecule:Multiple occupancies found: UNK in UNX A 101.
2024-02-28 14:07:17,591 WARNING:main.py:424:setup_molecule:Multiple occupancies found in UNX A 101. At least one of the instances is being ignored.
2024-02-28 14:07:17,591 WARNING:main.py:418:setup_molecule:Multiple occupancies found: CB in LYS B 107.
2024-02-28 14:07:17,591 WARNING:main.py:418:setup_molecule:Multiple occupancies found: CG in LYS B 107.
2024-02-28 14:07:17,591 WARNING:main.py:418:setup_molecule:Multiple occupancies found: CD in LYS B 107.
2024-02-28 14:07:17,591 WARNING:main.py:418:setup_molecule:Multiple occupancies found: CE in LYS B 107.
2024-02-28 14:07:17,591 WARNING:main.py:418:setup_molecule:Multiple occupancies found: NZ in LYS B 107.
2024-02-28 14:07:17,591 WARNING:main.py:424:setup_molecule:Multiple occupancies found in LYS B 107. At least one of the instances is being ignored.
2024-02-28 14:07:17,591 WARNING:main.py:418:setup_molecule:Multiple occupancies found: CD in ARG B 108.
2024-02-28 14:07:17,591 WARNING:main.py:418:setup_molecule:Multiple occupancies found: NE in ARG B 108.
2024-02-28 14:07:17,591 WARNING:main.py:418:setup_molecule:Multiple occupancies found: CZ in ARG B 108.
2024-02-28 14:07:17,591 WARNING:main.py:418:setup_molecule:Multiple occupancies found: NH1 in ARG B 108.
2024-02-28 14:07:17,591 WARNING:main.py:418:setup_molecule:Multiple occupancies found: NH2 in ARG B 108.
2024-02-28 14:07:17,591 WARNING:main.py:424:setup_molecule:Multiple occupancies found in ARG B 108. At least one of the instances is being ignored.
2024-02-28 14:07:17,591 WARNING:main.py:418:setup_molecule:Multiple occupancies found: CD in LYS B 114.
2024-02-28 14:07:17,591 WARNING:main.py:418:setup_molecule:Multiple occupancies found: CE in LYS B 114.
2024-02-28 14:07:17,591 WARNING:main.py:418:setup_molecule:Multiple occupancies found: NZ in LYS B 114.
2024-02-28 14:07:17,591 WARNING:main.py:424:setup_molecule:Multiple occupancies found in LYS B 114. At least one of the instances is being ignored.
2024-02-28 14:07:17,591 WARNING:main.py:418:setup_molecule:Multiple occupancies found: CB in ILE B 115.
2024-02-28 14:07:17,591 WARNING:main.py:418:setup_molecule:Multiple occupancies found: CG1 in ILE B 115.
2024-02-28 14:07:17,591 WARNING:main.py:418:setup_molecule:Multiple occupancies found: CG2 in ILE B 115.
2024-02-28 14:07:17,591 WARNING:main.py:418:setup_molecule:Multiple occupancies found: CD1 in ILE B 115.
2024-02-28 14:07:17,591 WARNING:main.py:424:setup_molecule:Multiple occupancies found in ILE B 115. At least one of the instances is being ignored.
2024-02-28 14:07:17,591 WARNING:main.py:418:setup_molecule:Multiple occupancies found: CB in GLN B 118.
2024-02-28 14:07:17,591 WARNING:main.py:418:setup_molecule:Multiple occupancies found: CG in GLN B 118.
2024-02-28 14:07:17,591 WARNING:main.py:418:setup_molecule:Multiple occupancies found: CD in GLN B 118.
2024-02-28 14:07:17,591 WARNING:main.py:418:setup_molecule:Multiple occupancies found: OE1 in GLN B 118.
2024-02-28 14:07:17,591 WARNING:main.py:418:setup_molecule:Multiple occupancies found: NE2 in GLN B 118.
2024-02-28 14:07:17,591 WARNING:main.py:424:setup_molecule:Multiple occupancies found in GLN B 118. At least one of the instances is being ignored.
2024-02-28 14:07:17,591 WARNING:main.py:418:setup_molecule:Multiple occupancies found: CB in GLU B 121.
2024-02-28 14:07:17,591 WARNING:main.py:418:setup_molecule:Multiple occupancies found: CG in GLU B 121.
2024-02-28 14:07:17,591 WARNING:main.py:418:setup_molecule:Multiple occupancies found: CD in GLU B 121.
2024-02-28 14:07:17,591 WARNING:main.py:418:setup_molecule:Multiple occupancies found: OE1 in GLU B 121.
2024-02-28 14:07:17,591 WARNING:main.py:418:setup_molecule:Multiple occupancies found: OE2 in GLU B 121.
2024-02-28 14:07:17,592 WARNING:main.py:424:setup_molecule:Multiple occupancies found in GLU B 121. At least one of the instances is being ignored.
2024-02-28 14:07:17,592 WARNING:main.py:418:setup_molecule:Multiple occupancies found: CB in ILE B 133.
2024-02-28 14:07:17,592 WARNING:main.py:418:setup_molecule:Multiple occupancies found: CG1 in ILE B 133.
2024-02-28 14:07:17,592 WARNING:main.py:418:setup_molecule:Multiple occupancies found: CG2 in ILE B 133.
2024-02-28 14:07:17,592 WARNING:main.py:418:setup_molecule:Multiple occupancies found: CD1 in ILE B 133.
2024-02-28 14:07:17,592 WARNING:main.py:424:setup_molecule:Multiple occupancies found in ILE B 133. At least one of the instances is being ignored.
2024-02-28 14:07:17,592 WARNING:main.py:418:setup_molecule:Multiple occupancies found: CB in GLU B 134.
2024-02-28 14:07:17,592 WARNING:main.py:418:setup_molecule:Multiple occupancies found: CG in GLU B 134.
2024-02-28 14:07:17,592 WARNING:main.py:418:setup_molecule:Multiple occupancies found: CD in GLU B 134.
2024-02-28 14:07:17,592 WARNING:main.py:418:setup_molecule:Multiple occupancies found: OE1 in GLU B 134.
2024-02-28 14:07:17,592 WARNING:main.py:418:setup_molecule:Multiple occupancies found: OE2 in GLU B 134.
2024-02-28 14:07:17,592 WARNING:main.py:424:setup_molecule:Multiple occupancies found in GLU B 134. At least one of the instances is being ignored.
2024-02-28 14:07:17,592 WARNING:main.py:418:setup_molecule:Multiple occupancies found: CB in GLU B 135.
2024-02-28 14:07:17,592 WARNING:main.py:418:setup_molecule:Multiple occupancies found: CG in GLU B 135.
2024-02-28 14:07:17,592 WARNING:main.py:418:setup_molecule:Multiple occupancies found: CD in GLU B 135.
2024-02-28 14:07:17,592 WARNING:main.py:418:setup_molecule:Multiple occupancies found: OE1 in GLU B 135.
2024-02-28 14:07:17,592 WARNING:main.py:418:setup_molecule:Multiple occupancies found: OE2 in GLU B 135.
2024-02-28 14:07:17,592 WARNING:main.py:424:setup_molecule:Multiple occupancies found in GLU B 135. At least one of the instances is being ignored.
2024-02-28 14:07:17,592 WARNING:main.py:418:setup_molecule:Multiple occupancies found: CB in SER B 137.
2024-02-28 14:07:17,592 WARNING:main.py:418:setup_molecule:Multiple occupancies found: OG in SER B 137.
2024-02-28 14:07:17,592 WARNING:main.py:424:setup_molecule:Multiple occupancies found in SER B 137. At least one of the instances is being ignored.
2024-02-28 14:07:17,592 WARNING:main.py:418:setup_molecule:Multiple occupancies found: N in PRO B 139.
2024-02-28 14:07:17,592 WARNING:main.py:418:setup_molecule:Multiple occupancies found: CA in PRO B 139.
2024-02-28 14:07:17,592 WARNING:main.py:418:setup_molecule:Multiple occupancies found: C in PRO B 139.
2024-02-28 14:07:17,592 WARNING:main.py:418:setup_molecule:Multiple occupancies found: O in PRO B 139.
2024-02-28 14:07:17,592 WARNING:main.py:418:setup_molecule:Multiple occupancies found: CB in PRO B 139.
2024-02-28 14:07:17,592 WARNING:main.py:418:setup_molecule:Multiple occupancies found: CG in PRO B 139.
2024-02-28 14:07:17,592 WARNING:main.py:418:setup_molecule:Multiple occupancies found: CD in PRO B 139.
2024-02-28 14:07:17,592 WARNING:main.py:424:setup_molecule:Multiple occupancies found in PRO B 139. At least one of the instances is being ignored.
2024-02-28 14:07:17,592 WARNING:main.py:418:setup_molecule:Multiple occupancies found: CB in LYS B 143.
2024-02-28 14:07:17,592 WARNING:main.py:418:setup_molecule:Multiple occupancies found: CG in LYS B 143.
2024-02-28 14:07:17,592 WARNING:main.py:418:setup_molecule:Multiple occupancies found: CD in LYS B 143.
2024-02-28 14:07:17,592 WARNING:main.py:418:setup_molecule:Multiple occupancies found: CE in LYS B 143.
2024-02-28 14:07:17,592 WARNING:main.py:418:setup_molecule:Multiple occupancies found: NZ in LYS B 143.
2024-02-28 14:07:17,593 WARNING:main.py:424:setup_molecule:Multiple occupancies found in LYS B 143. At least one of the instances is being ignored.
2024-02-28 14:07:17,593 WARNING:main.py:418:setup_molecule:Multiple occupancies found: CB in MET B 146.
2024-02-28 14:07:17,593 WARNING:main.py:418:setup_molecule:Multiple occupancies found: CG in MET B 146.
2024-02-28 14:07:17,593 WARNING:main.py:418:setup_molecule:Multiple occupancies found: SD in MET B 146.
2024-02-28 14:07:17,593 WARNING:main.py:418:setup_molecule:Multiple occupancies found: CE in MET B 146.
2024-02-28 14:07:17,593 WARNING:main.py:424:setup_molecule:Multiple occupancies found in MET B 146. At least one of the instances is being ignored.
2024-02-28 14:07:17,593 WARNING:main.py:418:setup_molecule:Multiple occupancies found: CA in ILE B 150.
2024-02-28 14:07:17,593 WARNING:main.py:418:setup_molecule:Multiple occupancies found: CB in ILE B 150.
2024-02-28 14:07:17,593 WARNING:main.py:418:setup_molecule:Multiple occupancies found: CG1 in ILE B 150.
2024-02-28 14:07:17,593 WARNING:main.py:418:setup_molecule:Multiple occupancies found: CG2 in ILE B 150.
2024-02-28 14:07:17,593 WARNING:main.py:418:setup_molecule:Multiple occupancies found: CD1 in ILE B 150.
2024-02-28 14:07:17,593 WARNING:main.py:424:setup_molecule:Multiple occupancies found in ILE B 150. At least one of the instances is being ignored.
2024-02-28 14:07:17,593 WARNING:main.py:418:setup_molecule:Multiple occupancies found: CB in LYS B 155.
2024-02-28 14:07:17,593 WARNING:main.py:418:setup_molecule:Multiple occupancies found: CG in LYS B 155.
2024-02-28 14:07:17,593 WARNING:main.py:418:setup_molecule:Multiple occupancies found: CD in LYS B 155.
2024-02-28 14:07:17,593 WARNING:main.py:418:setup_molecule:Multiple occupancies found: CE in LYS B 155.
2024-02-28 14:07:17,593 WARNING:main.py:418:setup_molecule:Multiple occupancies found: NZ in LYS B 155.
2024-02-28 14:07:17,621 WARNING:main.py:424:setup_molecule:Multiple occupancies found in LYS B 155. At least one of the instances is being ignored.
2024-02-28 14:07:17,621 WARNING:main.py:418:setup_molecule:Multiple occupancies found: CB in GLN B 161.
2024-02-28 14:07:17,621 WARNING:main.py:418:setup_molecule:Multiple occupancies found: CG in GLN B 161.
2024-02-28 14:07:17,621 WARNING:main.py:418:setup_molecule:Multiple occupancies found: CD in GLN B 161.
2024-02-28 14:07:17,621 WARNING:main.py:418:setup_molecule:Multiple occupancies found: OE1 in GLN B 161.
2024-02-28 14:07:17,621 WARNING:main.py:418:setup_molecule:Multiple occupancies found: NE2 in GLN B 161.
2024-02-28 14:07:17,621 WARNING:main.py:424:setup_molecule:Multiple occupancies found in GLN B 161. At least one of the instances is being ignored.
2024-02-28 14:07:17,621 WARNING:main.py:418:setup_molecule:Multiple occupancies found: CB in GLU B 165.
2024-02-28 14:07:17,621 WARNING:main.py:418:setup_molecule:Multiple occupancies found: CG in GLU B 165.
2024-02-28 14:07:17,622 WARNING:main.py:418:setup_molecule:Multiple occupancies found: CD in GLU B 165.
2024-02-28 14:07:17,622 WARNING:main.py:418:setup_molecule:Multiple occupancies found: OE1 in GLU B 165.
2024-02-28 14:07:17,622 WARNING:main.py:418:setup_molecule:Multiple occupancies found: OE2 in GLU B 165.
2024-02-28 14:07:17,622 WARNING:main.py:424:setup_molecule:Multiple occupancies found in GLU B 165. At least one of the instances is being ignored.
2024-02-28 14:07:17,622 WARNING:main.py:418:setup_molecule:Multiple occupancies found: CB in ILE B 166.
2024-02-28 14:07:17,622 WARNING:main.py:418:setup_molecule:Multiple occupancies found: CG1 in ILE B 166.
2024-02-28 14:07:17,622 WARNING:main.py:418:setup_molecule:Multiple occupancies found: CG2 in ILE B 166.
2024-02-28 14:07:17,622 WARNING:main.py:418:setup_molecule:Multiple occupancies found: CD1 in ILE B 166.
2024-02-28 14:07:17,622 WARNING:main.py:424:setup_molecule:Multiple occupancies found in ILE B 166. At least one of the instances is being ignored.
2024-02-28 14:07:17,622 WARNING:main.py:418:setup_molecule:Multiple occupancies found: CG in LYS B 170.
2024-02-28 14:07:17,622 WARNING:main.py:418:setup_molecule:Multiple occupancies found: CD in LYS B 170.
2024-02-28 14:07:17,622 WARNING:main.py:418:setup_molecule:Multiple occupancies found: CE in LYS B 170.
2024-02-28 14:07:17,622 WARNING:main.py:418:setup_molecule:Multiple occupancies found: NZ in LYS B 170.
2024-02-28 14:07:17,622 WARNING:main.py:424:setup_molecule:Multiple occupancies found in LYS B 170. At least one of the instances is being ignored.
2024-02-28 14:07:17,622 WARNING:main.py:418:setup_molecule:Multiple occupancies found: CB in PRO B 181.
2024-02-28 14:07:17,622 WARNING:main.py:418:setup_molecule:Multiple occupancies found: CG in PRO B 181.
2024-02-28 14:07:17,622 WARNING:main.py:418:setup_molecule:Multiple occupancies found: CD in PRO B 181.
2024-02-28 14:07:17,622 WARNING:main.py:424:setup_molecule:Multiple occupancies found in PRO B 181. At least one of the instances is being ignored.
2024-02-28 14:07:17,622 WARNING:main.py:418:setup_molecule:Multiple occupancies found: CB in LEU B 197.
2024-02-28 14:07:17,622 WARNING:main.py:418:setup_molecule:Multiple occupancies found: CG in LEU B 197.
2024-02-28 14:07:17,622 WARNING:main.py:418:setup_molecule:Multiple occupancies found: CD1 in LEU B 197.
2024-02-28 14:07:17,622 WARNING:main.py:418:setup_molecule:Multiple occupancies found: CD2 in LEU B 197.
2024-02-28 14:07:17,622 WARNING:main.py:424:setup_molecule:Multiple occupancies found in LEU B 197. At least one of the instances is being ignored.
2024-02-28 14:07:21,088 WARNING:main.py:311:print_pqr:Ignoring 3721 header lines in output.
2024-02-28 14:07:21,089 WARNING:main.py:315:print_pqr:Ignoring 89 missing lines in output.
