2024-02-28 14:07:16,952 WARNING:biomolecule.py:992:create_residue:Unable to find amino or nucleic acid definition for CO.  Parsing as new residue.
2024-02-28 14:07:16,955 WARNING:biomolecule.py:992:create_residue:Unable to find amino or nucleic acid definition for CO.  Parsing as new residue.
2024-02-28 14:07:16,955 WARNING:biomolecule.py:992:create_residue:Unable to find amino or nucleic acid definition for FUA.  Parsing as new residue.
2024-02-28 14:07:16,960 WARNING:biomolecule.py:615:update_bonds:Gap in backbone detected between GLY A 138 and PRO A 141!
2024-02-28 14:07:16,970 WARNING:biomolecule.py:157:num_missing_heavy:Missing atom SD in residue MET A 6
2024-02-28 14:07:16,973 WARNING:biomolecule.py:157:num_missing_heavy:Missing atom CE in residue MET A 6
2024-02-28 14:07:16,973 WARNING:biomolecule.py:157:num_missing_heavy:Missing atom CG in residue LYS A 14
2024-02-28 14:07:16,973 WARNING:biomolecule.py:157:num_missing_heavy:Missing atom CD in residue LYS A 14
2024-02-28 14:07:16,973 WARNING:biomolecule.py:157:num_missing_heavy:Missing atom CE in residue LYS A 14
2024-02-28 14:07:16,973 WARNING:biomolecule.py:157:num_missing_heavy:Missing atom NZ in residue LYS A 14
2024-02-28 14:07:16,973 WARNING:biomolecule.py:157:num_missing_heavy:Missing atom OD1 in residue ASN A 15
2024-02-28 14:07:16,973 WARNING:biomolecule.py:157:num_missing_heavy:Missing atom ND2 in residue ASN A 15
2024-02-28 14:07:16,973 WARNING:biomolecule.py:157:num_missing_heavy:Missing atom CD in residue ARG A 19
2024-02-28 14:07:16,973 WARNING:biomolecule.py:157:num_missing_heavy:Missing atom NE in residue ARG A 19
2024-02-28 14:07:16,974 WARNING:biomolecule.py:157:num_missing_heavy:Missing atom CZ in residue ARG A 19
2024-02-28 14:07:16,974 WARNING:biomolecule.py:157:num_missing_heavy:Missing atom NH1 in residue ARG A 19
2024-02-28 14:07:16,974 WARNING:biomolecule.py:157:num_missing_heavy:Missing atom NH2 in residue ARG A 19
2024-02-28 14:07:16,974 WARNING:biomolecule.py:157:num_missing_heavy:Missing atom CG in residue LYS A 46
2024-02-28 14:07:16,974 WARNING:biomolecule.py:157:num_missing_heavy:Missing atom CD in residue LYS A 46
2024-02-28 14:07:16,974 WARNING:biomolecule.py:157:num_missing_heavy:Missing atom CE in residue LYS A 46
2024-02-28 14:07:16,974 WARNING:biomolecule.py:157:num_missing_heavy:Missing atom NZ in residue LYS A 46
2024-02-28 14:07:16,974 WARNING:biomolecule.py:157:num_missing_heavy:Missing atom OD1 in residue ASP A 50
2024-02-28 14:07:16,974 WARNING:biomolecule.py:157:num_missing_heavy:Missing atom OD2 in residue ASP A 50
2024-02-28 14:07:16,974 WARNING:biomolecule.py:157:num_missing_heavy:Missing atom CD in residue LYS A 54
2024-02-28 14:07:16,974 WARNING:biomolecule.py:157:num_missing_heavy:Missing atom CE in residue LYS A 54
2024-02-28 14:07:16,974 WARNING:biomolecule.py:157:num_missing_heavy:Missing atom NZ in residue LYS A 54
2024-02-28 14:07:16,974 WARNING:biomolecule.py:157:num_missing_heavy:Missing atom CD in residue GLN A 69
2024-02-28 14:07:16,974 WARNING:biomolecule.py:157:num_missing_heavy:Missing atom OE1 in residue GLN A 69
2024-02-28 14:07:16,974 WARNING:biomolecule.py:157:num_missing_heavy:Missing atom NE2 in residue GLN A 69
2024-02-28 14:07:16,974 WARNING:biomolecule.py:157:num_missing_heavy:Missing atom CD in residue GLN A 98
2024-02-28 14:07:16,974 WARNING:biomolecule.py:157:num_missing_heavy:Missing atom OE1 in residue GLN A 98
2024-02-28 14:07:16,974 WARNING:biomolecule.py:157:num_missing_heavy:Missing atom NE2 in residue GLN A 98
2024-02-28 14:07:16,974 WARNING:biomolecule.py:157:num_missing_heavy:Missing atom OE1 in residue GLN A 116
2024-02-28 14:07:16,975 WARNING:biomolecule.py:157:num_missing_heavy:Missing atom NE2 in residue GLN A 116
2024-02-28 14:07:16,975 WARNING:biomolecule.py:157:num_missing_heavy:Missing atom CB in residue GLU A 126
2024-02-28 14:07:16,975 WARNING:biomolecule.py:157:num_missing_heavy:Missing atom CG in residue GLU A 126
2024-02-28 14:07:16,975 WARNING:biomolecule.py:157:num_missing_heavy:Missing atom CD in residue GLU A 126
2024-02-28 14:07:16,975 WARNING:biomolecule.py:157:num_missing_heavy:Missing atom OE1 in residue GLU A 126
2024-02-28 14:07:16,975 WARNING:biomolecule.py:157:num_missing_heavy:Missing atom OE2 in residue GLU A 126
2024-02-28 14:07:16,975 WARNING:biomolecule.py:157:num_missing_heavy:Missing atom NE in residue ARG A 127
2024-02-28 14:07:16,975 WARNING:biomolecule.py:157:num_missing_heavy:Missing atom CZ in residue ARG A 127
2024-02-28 14:07:16,975 WARNING:biomolecule.py:157:num_missing_heavy:Missing atom NH1 in residue ARG A 127
2024-02-28 14:07:16,975 WARNING:biomolecule.py:157:num_missing_heavy:Missing atom NH2 in residue ARG A 127
2024-02-28 14:07:16,975 WARNING:biomolecule.py:157:num_missing_heavy:Missing atom CE in residue LYS A 129
2024-02-28 14:07:16,975 WARNING:biomolecule.py:157:num_missing_heavy:Missing atom NZ in residue LYS A 129
2024-02-28 14:07:16,975 WARNING:biomolecule.py:157:num_missing_heavy:Missing atom CE in residue LYS A 133
2024-02-28 14:07:16,975 WARNING:biomolecule.py:157:num_missing_heavy:Missing atom NZ in residue LYS A 133
2024-02-28 14:07:16,975 WARNING:biomolecule.py:157:num_missing_heavy:Missing atom CG in residue ASN A 164
2024-02-28 14:07:16,975 WARNING:biomolecule.py:157:num_missing_heavy:Missing atom OD1 in residue ASN A 164
2024-02-28 14:07:16,975 WARNING:biomolecule.py:157:num_missing_heavy:Missing atom ND2 in residue ASN A 164
2024-02-28 14:07:16,975 WARNING:biomolecule.py:157:num_missing_heavy:Missing atom CD in residue GLN A 180
2024-02-28 14:07:16,975 WARNING:biomolecule.py:157:num_missing_heavy:Missing atom OE1 in residue GLN A 180
2024-02-28 14:07:16,975 WARNING:biomolecule.py:157:num_missing_heavy:Missing atom NE2 in residue GLN A 180
2024-02-28 14:07:16,975 WARNING:biomolecule.py:157:num_missing_heavy:Missing atom CD in residue GLU A 181
2024-02-28 14:07:16,975 WARNING:biomolecule.py:157:num_missing_heavy:Missing atom OE1 in residue GLU A 181
2024-02-28 14:07:16,976 WARNING:biomolecule.py:157:num_missing_heavy:Missing atom OE2 in residue GLU A 181
2024-02-28 14:07:16,976 WARNING:biomolecule.py:157:num_missing_heavy:Missing atom CG in residue ASP A 183
2024-02-28 14:07:16,976 WARNING:biomolecule.py:157:num_missing_heavy:Missing atom OD1 in residue ASP A 183
2024-02-28 14:07:16,976 WARNING:biomolecule.py:157:num_missing_heavy:Missing atom OD2 in residue ASP A 183
2024-02-28 14:07:16,976 WARNING:biomolecule.py:157:num_missing_heavy:Missing atom CZ in residue ARG A 184
2024-02-28 14:07:16,976 WARNING:biomolecule.py:157:num_missing_heavy:Missing atom NH1 in residue ARG A 184
2024-02-28 14:07:16,976 WARNING:biomolecule.py:157:num_missing_heavy:Missing atom NH2 in residue ARG A 184
2024-02-28 14:07:16,976 WARNING:biomolecule.py:157:num_missing_heavy:Missing atom CD in residue LYS A 217
2024-02-28 14:07:16,976 WARNING:biomolecule.py:157:num_missing_heavy:Missing atom CE in residue LYS A 217
2024-02-28 14:07:16,976 WARNING:biomolecule.py:157:num_missing_heavy:Missing atom NZ in residue LYS A 217
2024-02-28 14:07:16,976 WARNING:biomolecule.py:157:num_missing_heavy:Missing atom NZ in residue LYS A 219
2024-02-28 14:07:16,976 WARNING:biomolecule.py:157:num_missing_heavy:Missing atom SD in residue MET A 6
2024-02-28 14:07:16,976 WARNING:biomolecule.py:157:num_missing_heavy:Missing atom CE in residue MET A 6
2024-02-28 14:07:16,989 WARNING:biomolecule.py:157:num_missing_heavy:Missing atom CG in residue LYS A 14
2024-02-28 14:07:16,989 WARNING:biomolecule.py:157:num_missing_heavy:Missing atom CD in residue LYS A 14
2024-02-28 14:07:16,989 WARNING:biomolecule.py:157:num_missing_heavy:Missing atom CE in residue LYS A 14
2024-02-28 14:07:16,989 WARNING:biomolecule.py:157:num_missing_heavy:Missing atom NZ in residue LYS A 14
2024-02-28 14:07:16,989 WARNING:biomolecule.py:157:num_missing_heavy:Missing atom OD1 in residue ASN A 15
2024-02-28 14:07:16,989 WARNING:biomolecule.py:157:num_missing_heavy:Missing atom ND2 in residue ASN A 15
2024-02-28 14:07:16,989 WARNING:biomolecule.py:157:num_missing_heavy:Missing atom CD in residue ARG A 19
2024-02-28 14:07:16,989 WARNING:biomolecule.py:157:num_missing_heavy:Missing atom NE in residue ARG A 19
2024-02-28 14:07:16,989 WARNING:biomolecule.py:157:num_missing_heavy:Missing atom CZ in residue ARG A 19
2024-02-28 14:07:16,989 WARNING:biomolecule.py:157:num_missing_heavy:Missing atom NH1 in residue ARG A 19
2024-02-28 14:07:16,989 WARNING:biomolecule.py:157:num_missing_heavy:Missing atom NH2 in residue ARG A 19
2024-02-28 14:07:16,990 WARNING:biomolecule.py:157:num_missing_heavy:Missing atom CG in residue LYS A 46
2024-02-28 14:07:16,990 WARNING:biomolecule.py:157:num_missing_heavy:Missing atom CD in residue LYS A 46
2024-02-28 14:07:16,990 WARNING:biomolecule.py:157:num_missing_heavy:Missing atom CE in residue LYS A 46
2024-02-28 14:07:16,990 WARNING:biomolecule.py:157:num_missing_heavy:Missing atom NZ in residue LYS A 46
2024-02-28 14:07:16,990 WARNING:biomolecule.py:157:num_missing_heavy:Missing atom OD1 in residue ASP A 50
2024-02-28 14:07:16,990 WARNING:biomolecule.py:157:num_missing_heavy:Missing atom OD2 in residue ASP A 50
2024-02-28 14:07:16,990 WARNING:biomolecule.py:157:num_missing_heavy:Missing atom CD in residue LYS A 54
2024-02-28 14:07:16,990 WARNING:biomolecule.py:157:num_missing_heavy:Missing atom CE in residue LYS A 54
2024-02-28 14:07:16,990 WARNING:biomolecule.py:157:num_missing_heavy:Missing atom NZ in residue LYS A 54
2024-02-28 14:07:16,990 WARNING:biomolecule.py:157:num_missing_heavy:Missing atom CD in residue GLN A 69
2024-02-28 14:07:16,990 WARNING:biomolecule.py:157:num_missing_heavy:Missing atom OE1 in residue GLN A 69
2024-02-28 14:07:16,990 WARNING:biomolecule.py:157:num_missing_heavy:Missing atom NE2 in residue GLN A 69
2024-02-28 14:07:16,990 WARNING:biomolecule.py:157:num_missing_heavy:Missing atom CD in residue GLN A 98
2024-02-28 14:07:16,990 WARNING:biomolecule.py:157:num_missing_heavy:Missing atom OE1 in residue GLN A 98
2024-02-28 14:07:16,990 WARNING:biomolecule.py:157:num_missing_heavy:Missing atom NE2 in residue GLN A 98
2024-02-28 14:07:16,990 WARNING:biomolecule.py:157:num_missing_heavy:Missing atom OE1 in residue GLN A 116
2024-02-28 14:07:16,990 WARNING:biomolecule.py:157:num_missing_heavy:Missing atom NE2 in residue GLN A 116
2024-02-28 14:07:16,990 WARNING:biomolecule.py:157:num_missing_heavy:Missing atom CB in residue GLU A 126
2024-02-28 14:07:16,990 WARNING:biomolecule.py:157:num_missing_heavy:Missing atom CG in residue GLU A 126
2024-02-28 14:07:16,990 WARNING:biomolecule.py:157:num_missing_heavy:Missing atom CD in residue GLU A 126
2024-02-28 14:07:16,990 WARNING:biomolecule.py:157:num_missing_heavy:Missing atom OE1 in residue GLU A 126
2024-02-28 14:07:16,991 WARNING:biomolecule.py:157:num_missing_heavy:Missing atom OE2 in residue GLU A 126
2024-02-28 14:07:16,991 WARNING:biomolecule.py:157:num_missing_heavy:Missing atom NE in residue ARG A 127
2024-02-28 14:07:16,991 WARNING:biomolecule.py:157:num_missing_heavy:Missing atom CZ in residue ARG A 127
2024-02-28 14:07:16,991 WARNING:biomolecule.py:157:num_missing_heavy:Missing atom NH1 in residue ARG A 127
2024-02-28 14:07:16,991 WARNING:biomolecule.py:157:num_missing_heavy:Missing atom NH2 in residue ARG A 127
2024-02-28 14:07:16,991 WARNING:biomolecule.py:157:num_missing_heavy:Missing atom CE in residue LYS A 129
2024-02-28 14:07:16,991 WARNING:biomolecule.py:157:num_missing_heavy:Missing atom NZ in residue LYS A 129
2024-02-28 14:07:16,991 WARNING:biomolecule.py:157:num_missing_heavy:Missing atom CE in residue LYS A 133
2024-02-28 14:07:16,991 WARNING:biomolecule.py:157:num_missing_heavy:Missing atom NZ in residue LYS A 133
2024-02-28 14:07:16,991 WARNING:biomolecule.py:157:num_missing_heavy:Missing atom CG in residue ASN A 164
2024-02-28 14:07:16,991 WARNING:biomolecule.py:157:num_missing_heavy:Missing atom OD1 in residue ASN A 164
2024-02-28 14:07:16,991 WARNING:biomolecule.py:157:num_missing_heavy:Missing atom ND2 in residue ASN A 164
2024-02-28 14:07:16,991 WARNING:biomolecule.py:157:num_missing_heavy:Missing atom CD in residue GLN A 180
2024-02-28 14:07:16,991 WARNING:biomolecule.py:157:num_missing_heavy:Missing atom OE1 in residue GLN A 180
2024-02-28 14:07:16,991 WARNING:biomolecule.py:157:num_missing_heavy:Missing atom NE2 in residue GLN A 180
2024-02-28 14:07:16,991 WARNING:biomolecule.py:157:num_missing_heavy:Missing atom CD in residue GLU A 181
2024-02-28 14:07:16,991 WARNING:biomolecule.py:157:num_missing_heavy:Missing atom OE1 in residue GLU A 181
2024-02-28 14:07:16,991 WARNING:biomolecule.py:157:num_missing_heavy:Missing atom OE2 in residue GLU A 181
2024-02-28 14:07:16,991 WARNING:biomolecule.py:157:num_missing_heavy:Missing atom CG in residue ASP A 183
2024-02-28 14:07:16,991 WARNING:biomolecule.py:157:num_missing_heavy:Missing atom OD1 in residue ASP A 183
2024-02-28 14:07:16,991 WARNING:biomolecule.py:157:num_missing_heavy:Missing atom OD2 in residue ASP A 183
2024-02-28 14:07:16,991 WARNING:biomolecule.py:157:num_missing_heavy:Missing atom CZ in residue ARG A 184
2024-02-28 14:07:16,991 WARNING:biomolecule.py:157:num_missing_heavy:Missing atom NH1 in residue ARG A 184
2024-02-28 14:07:16,991 WARNING:biomolecule.py:157:num_missing_heavy:Missing atom NH2 in residue ARG A 184
2024-02-28 14:07:16,992 WARNING:biomolecule.py:157:num_missing_heavy:Missing atom CD in residue LYS A 217
2024-02-28 14:07:16,992 WARNING:biomolecule.py:157:num_missing_heavy:Missing atom CE in residue LYS A 217
2024-02-28 14:07:16,992 WARNING:biomolecule.py:157:num_missing_heavy:Missing atom NZ in residue LYS A 217
2024-02-28 14:07:16,992 WARNING:biomolecule.py:157:num_missing_heavy:Missing atom NZ in residue LYS A 219
2024-02-28 14:07:16,992 WARNING:biomolecule.py:157:num_missing_heavy:Missing atom SD in residue MET A 6
2024-02-28 14:07:17,005 WARNING:biomolecule.py:157:num_missing_heavy:Missing atom CE in residue MET A 6
2024-02-28 14:07:17,005 WARNING:biomolecule.py:157:num_missing_heavy:Missing atom CG in residue LYS A 14
2024-02-28 14:07:17,005 WARNING:biomolecule.py:157:num_missing_heavy:Missing atom CD in residue LYS A 14
2024-02-28 14:07:17,006 WARNING:biomolecule.py:157:num_missing_heavy:Missing atom CE in residue LYS A 14
2024-02-28 14:07:17,006 WARNING:biomolecule.py:157:num_missing_heavy:Missing atom NZ in residue LYS A 14
2024-02-28 14:07:17,006 WARNING:biomolecule.py:157:num_missing_heavy:Missing atom OD1 in residue ASN A 15
2024-02-28 14:07:17,006 WARNING:biomolecule.py:157:num_missing_heavy:Missing atom ND2 in residue ASN A 15
2024-02-28 14:07:17,006 WARNING:biomolecule.py:157:num_missing_heavy:Missing atom CD in residue ARG A 19
2024-02-28 14:07:17,006 WARNING:biomolecule.py:157:num_missing_heavy:Missing atom NE in residue ARG A 19
2024-02-28 14:07:17,006 WARNING:biomolecule.py:157:num_missing_heavy:Missing atom CZ in residue ARG A 19
2024-02-28 14:07:17,006 WARNING:biomolecule.py:157:num_missing_heavy:Missing atom NH1 in residue ARG A 19
2024-02-28 14:07:17,006 WARNING:biomolecule.py:157:num_missing_heavy:Missing atom NH2 in residue ARG A 19
2024-02-28 14:07:17,006 WARNING:biomolecule.py:157:num_missing_heavy:Missing atom CG in residue LYS A 46
2024-02-28 14:07:17,006 WARNING:biomolecule.py:157:num_missing_heavy:Missing atom CD in residue LYS A 46
2024-02-28 14:07:17,006 WARNING:biomolecule.py:157:num_missing_heavy:Missing atom CE in residue LYS A 46
2024-02-28 14:07:17,006 WARNING:biomolecule.py:157:num_missing_heavy:Missing atom NZ in residue LYS A 46
2024-02-28 14:07:17,006 WARNING:biomolecule.py:157:num_missing_heavy:Missing atom OD1 in residue ASP A 50
2024-02-28 14:07:17,006 WARNING:biomolecule.py:157:num_missing_heavy:Missing atom OD2 in residue ASP A 50
2024-02-28 14:07:17,006 WARNING:biomolecule.py:157:num_missing_heavy:Missing atom CD in residue LYS A 54
2024-02-28 14:07:17,006 WARNING:biomolecule.py:157:num_missing_heavy:Missing atom CE in residue LYS A 54
2024-02-28 14:07:17,006 WARNING:biomolecule.py:157:num_missing_heavy:Missing atom NZ in residue LYS A 54
2024-02-28 14:07:17,006 WARNING:biomolecule.py:157:num_missing_heavy:Missing atom CD in residue GLN A 69
2024-02-28 14:07:17,006 WARNING:biomolecule.py:157:num_missing_heavy:Missing atom OE1 in residue GLN A 69
2024-02-28 14:07:17,006 WARNING:biomolecule.py:157:num_missing_heavy:Missing atom NE2 in residue GLN A 69
2024-02-28 14:07:17,007 WARNING:biomolecule.py:157:num_missing_heavy:Missing atom CD in residue GLN A 98
2024-02-28 14:07:17,007 WARNING:biomolecule.py:157:num_missing_heavy:Missing atom OE1 in residue GLN A 98
2024-02-28 14:07:17,007 WARNING:biomolecule.py:157:num_missing_heavy:Missing atom NE2 in residue GLN A 98
2024-02-28 14:07:17,007 WARNING:biomolecule.py:157:num_missing_heavy:Missing atom OE1 in residue GLN A 116
2024-02-28 14:07:17,007 WARNING:biomolecule.py:157:num_missing_heavy:Missing atom NE2 in residue GLN A 116
2024-02-28 14:07:17,007 WARNING:biomolecule.py:157:num_missing_heavy:Missing atom CB in residue GLU A 126
2024-02-28 14:07:17,007 WARNING:biomolecule.py:157:num_missing_heavy:Missing atom CG in residue GLU A 126
2024-02-28 14:07:17,007 WARNING:biomolecule.py:157:num_missing_heavy:Missing atom CD in residue GLU A 126
2024-02-28 14:07:17,007 WARNING:biomolecule.py:157:num_missing_heavy:Missing atom OE1 in residue GLU A 126
2024-02-28 14:07:17,007 WARNING:biomolecule.py:157:num_missing_heavy:Missing atom OE2 in residue GLU A 126
2024-02-28 14:07:17,007 WARNING:biomolecule.py:157:num_missing_heavy:Missing atom NE in residue ARG A 127
2024-02-28 14:07:17,007 WARNING:biomolecule.py:157:num_missing_heavy:Missing atom CZ in residue ARG A 127
2024-02-28 14:07:17,007 WARNING:biomolecule.py:157:num_missing_heavy:Missing atom NH1 in residue ARG A 127
2024-02-28 14:07:17,007 WARNING:biomolecule.py:157:num_missing_heavy:Missing atom NH2 in residue ARG A 127
2024-02-28 14:07:17,007 WARNING:biomolecule.py:157:num_missing_heavy:Missing atom CE in residue LYS A 129
2024-02-28 14:07:17,007 WARNING:biomolecule.py:157:num_missing_heavy:Missing atom NZ in residue LYS A 129
2024-02-28 14:07:17,007 WARNING:biomolecule.py:157:num_missing_heavy:Missing atom CE in residue LYS A 133
2024-02-28 14:07:17,007 WARNING:biomolecule.py:157:num_missing_heavy:Missing atom NZ in residue LYS A 133
2024-02-28 14:07:17,008 WARNING:biomolecule.py:157:num_missing_heavy:Missing atom CG in residue ASN A 164
2024-02-28 14:07:17,008 WARNING:biomolecule.py:157:num_missing_heavy:Missing atom OD1 in residue ASN A 164
2024-02-28 14:07:17,008 WARNING:biomolecule.py:157:num_missing_heavy:Missing atom ND2 in residue ASN A 164
2024-02-28 14:07:17,008 WARNING:biomolecule.py:157:num_missing_heavy:Missing atom CD in residue GLN A 180
2024-02-28 14:07:17,008 WARNING:biomolecule.py:157:num_missing_heavy:Missing atom OE1 in residue GLN A 180
2024-02-28 14:07:17,008 WARNING:biomolecule.py:157:num_missing_heavy:Missing atom NE2 in residue GLN A 180
2024-02-28 14:07:17,008 WARNING:biomolecule.py:157:num_missing_heavy:Missing atom CD in residue GLU A 181
2024-02-28 14:07:17,008 WARNING:biomolecule.py:157:num_missing_heavy:Missing atom OE1 in residue GLU A 181
2024-02-28 14:07:17,008 WARNING:biomolecule.py:157:num_missing_heavy:Missing atom OE2 in residue GLU A 181
2024-02-28 14:07:17,008 WARNING:biomolecule.py:157:num_missing_heavy:Missing atom CG in residue ASP A 183
2024-02-28 14:07:17,008 WARNING:biomolecule.py:157:num_missing_heavy:Missing atom OD1 in residue ASP A 183
2024-02-28 14:07:17,008 WARNING:biomolecule.py:157:num_missing_heavy:Missing atom OD2 in residue ASP A 183
2024-02-28 14:07:17,008 WARNING:biomolecule.py:157:num_missing_heavy:Missing atom CZ in residue ARG A 184
2024-02-28 14:07:17,008 WARNING:biomolecule.py:157:num_missing_heavy:Missing atom NH1 in residue ARG A 184
2024-02-28 14:07:17,008 WARNING:biomolecule.py:157:num_missing_heavy:Missing atom NH2 in residue ARG A 184
2024-02-28 14:07:17,008 WARNING:biomolecule.py:157:num_missing_heavy:Missing atom CD in residue LYS A 217
2024-02-28 14:07:17,008 WARNING:biomolecule.py:157:num_missing_heavy:Missing atom CE in residue LYS A 217
2024-02-28 14:07:17,008 WARNING:biomolecule.py:157:num_missing_heavy:Missing atom NZ in residue LYS A 217
2024-02-28 14:07:17,008 WARNING:biomolecule.py:157:num_missing_heavy:Missing atom NZ in residue LYS A 219
2024-02-28 14:07:19,845 WARNING:main.py:311:print_pqr:Ignoring 2066 header lines in output.
2024-02-28 14:07:19,845 WARNING:main.py:315:print_pqr:Ignoring 39 missing lines in output.
