2024-02-28 14:07:18,715 WARNING:biomolecule.py:615:update_bonds:Gap in backbone detected between THR A 404 and ARG A 420!
2024-02-28 14:07:19,063 WARNING:biomolecule.py:615:update_bonds:Gap in backbone detected between SER A 552 and GLY A 559!
2024-02-28 14:07:19,064 WARNING:biomolecule.py:615:update_bonds:Gap in backbone detected between PRO B 405 and ARG B 420!
2024-02-28 14:07:19,065 WARNING:biomolecule.py:615:update_bonds:Gap in backbone detected between SER B 552 and GLY B 560!
2024-02-28 14:07:19,098 WARNING:biomolecule.py:157:num_missing_heavy:Missing atom CG in residue LYS A 285
2024-02-28 14:07:19,098 WARNING:biomolecule.py:157:num_missing_heavy:Missing atom CD in residue LYS A 285
2024-02-28 14:07:19,098 WARNING:biomolecule.py:157:num_missing_heavy:Missing atom CE in residue LYS A 285
2024-02-28 14:07:19,098 WARNING:biomolecule.py:157:num_missing_heavy:Missing atom NZ in residue LYS A 285
2024-02-28 14:07:19,098 WARNING:biomolecule.py:157:num_missing_heavy:Missing atom CG in residue GLN A 288
2024-02-28 14:07:19,098 WARNING:biomolecule.py:157:num_missing_heavy:Missing atom CD in residue GLN A 288
2024-02-28 14:07:19,098 WARNING:biomolecule.py:157:num_missing_heavy:Missing atom OE1 in residue GLN A 288
2024-02-28 14:07:19,099 WARNING:biomolecule.py:157:num_missing_heavy:Missing atom NE2 in residue GLN A 288
2024-02-28 14:07:19,099 WARNING:biomolecule.py:157:num_missing_heavy:Missing atom CG in residue GLN A 300
2024-02-28 14:07:19,099 WARNING:biomolecule.py:157:num_missing_heavy:Missing atom CD in residue GLN A 300
2024-02-28 14:07:19,099 WARNING:biomolecule.py:157:num_missing_heavy:Missing atom OE1 in residue GLN A 300
2024-02-28 14:07:19,099 WARNING:biomolecule.py:157:num_missing_heavy:Missing atom NE2 in residue GLN A 300
2024-02-28 14:07:19,099 WARNING:biomolecule.py:157:num_missing_heavy:Missing atom CG in residue ARG A 383
2024-02-28 14:07:19,099 WARNING:biomolecule.py:157:num_missing_heavy:Missing atom CD in residue ARG A 383
2024-02-28 14:07:19,099 WARNING:biomolecule.py:157:num_missing_heavy:Missing atom NE in residue ARG A 383
2024-02-28 14:07:19,099 WARNING:biomolecule.py:157:num_missing_heavy:Missing atom CZ in residue ARG A 383
2024-02-28 14:07:19,099 WARNING:biomolecule.py:157:num_missing_heavy:Missing atom NH1 in residue ARG A 383
2024-02-28 14:07:19,099 WARNING:biomolecule.py:157:num_missing_heavy:Missing atom NH2 in residue ARG A 383
2024-02-28 14:07:19,099 WARNING:biomolecule.py:157:num_missing_heavy:Missing atom OG1 in residue THR A 404
2024-02-28 14:07:19,099 WARNING:biomolecule.py:157:num_missing_heavy:Missing atom CG2 in residue THR A 404
2024-02-28 14:07:19,099 WARNING:biomolecule.py:157:num_missing_heavy:Missing atom CG in residue ARG A 420
2024-02-28 14:07:19,099 WARNING:biomolecule.py:157:num_missing_heavy:Missing atom CD in residue ARG A 420
2024-02-28 14:07:19,099 WARNING:biomolecule.py:157:num_missing_heavy:Missing atom NE in residue ARG A 420
2024-02-28 14:07:19,100 WARNING:biomolecule.py:157:num_missing_heavy:Missing atom CZ in residue ARG A 420
2024-02-28 14:07:19,100 WARNING:biomolecule.py:157:num_missing_heavy:Missing atom NH1 in residue ARG A 420
2024-02-28 14:07:19,100 WARNING:biomolecule.py:157:num_missing_heavy:Missing atom NH2 in residue ARG A 420
2024-02-28 14:07:19,100 WARNING:biomolecule.py:157:num_missing_heavy:Missing atom CG1 in residue ILE A 421
2024-02-28 14:07:19,100 WARNING:biomolecule.py:157:num_missing_heavy:Missing atom CG2 in residue ILE A 421
2024-02-28 14:07:19,100 WARNING:biomolecule.py:157:num_missing_heavy:Missing atom CD1 in residue ILE A 421
2024-02-28 14:07:19,100 WARNING:biomolecule.py:157:num_missing_heavy:Missing atom CG in residue LEU A 422
2024-02-28 14:07:19,100 WARNING:biomolecule.py:157:num_missing_heavy:Missing atom CD1 in residue LEU A 422
2024-02-28 14:07:19,100 WARNING:biomolecule.py:157:num_missing_heavy:Missing atom CD2 in residue LEU A 422
2024-02-28 14:07:19,100 WARNING:biomolecule.py:157:num_missing_heavy:Missing atom CG in residue GLU A 502
2024-02-28 14:07:19,100 WARNING:biomolecule.py:157:num_missing_heavy:Missing atom CD in residue GLU A 502
2024-02-28 14:07:19,100 WARNING:biomolecule.py:157:num_missing_heavy:Missing atom OE1 in residue GLU A 502
2024-02-28 14:07:19,100 WARNING:biomolecule.py:157:num_missing_heavy:Missing atom OE2 in residue GLU A 502
2024-02-28 14:07:19,101 WARNING:biomolecule.py:157:num_missing_heavy:Missing atom CG in residue GLU B 292
2024-02-28 14:07:19,101 WARNING:biomolecule.py:157:num_missing_heavy:Missing atom CD in residue GLU B 292
2024-02-28 14:07:19,101 WARNING:biomolecule.py:157:num_missing_heavy:Missing atom OE1 in residue GLU B 292
2024-02-28 14:07:19,101 WARNING:biomolecule.py:157:num_missing_heavy:Missing atom OE2 in residue GLU B 292
2024-02-28 14:07:19,101 WARNING:biomolecule.py:157:num_missing_heavy:Missing atom CG in residue GLN B 300
2024-02-28 14:07:19,101 WARNING:biomolecule.py:157:num_missing_heavy:Missing atom CD in residue GLN B 300
2024-02-28 14:07:19,101 WARNING:biomolecule.py:157:num_missing_heavy:Missing atom OE1 in residue GLN B 300
2024-02-28 14:07:19,101 WARNING:biomolecule.py:157:num_missing_heavy:Missing atom NE2 in residue GLN B 300
2024-02-28 14:07:19,118 WARNING:biomolecule.py:157:num_missing_heavy:Missing atom CG in residue LYS A 285
2024-02-28 14:07:19,118 WARNING:biomolecule.py:157:num_missing_heavy:Missing atom CD in residue LYS A 285
2024-02-28 14:07:19,118 WARNING:biomolecule.py:157:num_missing_heavy:Missing atom CE in residue LYS A 285
2024-02-28 14:07:19,118 WARNING:biomolecule.py:157:num_missing_heavy:Missing atom NZ in residue LYS A 285
2024-02-28 14:07:19,118 WARNING:biomolecule.py:157:num_missing_heavy:Missing atom CG in residue GLN A 288
2024-02-28 14:07:19,118 WARNING:biomolecule.py:157:num_missing_heavy:Missing atom CD in residue GLN A 288
2024-02-28 14:07:19,118 WARNING:biomolecule.py:157:num_missing_heavy:Missing atom OE1 in residue GLN A 288
2024-02-28 14:07:19,118 WARNING:biomolecule.py:157:num_missing_heavy:Missing atom NE2 in residue GLN A 288
2024-02-28 14:07:19,119 WARNING:biomolecule.py:157:num_missing_heavy:Missing atom CG in residue GLN A 300
2024-02-28 14:07:19,119 WARNING:biomolecule.py:157:num_missing_heavy:Missing atom CD in residue GLN A 300
2024-02-28 14:07:19,119 WARNING:biomolecule.py:157:num_missing_heavy:Missing atom OE1 in residue GLN A 300
2024-02-28 14:07:19,119 WARNING:biomolecule.py:157:num_missing_heavy:Missing atom NE2 in residue GLN A 300
2024-02-28 14:07:19,119 WARNING:biomolecule.py:157:num_missing_heavy:Missing atom CG in residue ARG A 383
2024-02-28 14:07:19,119 WARNING:biomolecule.py:157:num_missing_heavy:Missing atom CD in residue ARG A 383
2024-02-28 14:07:19,119 WARNING:biomolecule.py:157:num_missing_heavy:Missing atom NE in residue ARG A 383
2024-02-28 14:07:19,119 WARNING:biomolecule.py:157:num_missing_heavy:Missing atom CZ in residue ARG A 383
2024-02-28 14:07:19,119 WARNING:biomolecule.py:157:num_missing_heavy:Missing atom NH1 in residue ARG A 383
2024-02-28 14:07:19,119 WARNING:biomolecule.py:157:num_missing_heavy:Missing atom NH2 in residue ARG A 383
2024-02-28 14:07:19,119 WARNING:biomolecule.py:157:num_missing_heavy:Missing atom OG1 in residue THR A 404
2024-02-28 14:07:19,119 WARNING:biomolecule.py:157:num_missing_heavy:Missing atom CG2 in residue THR A 404
2024-02-28 14:07:19,119 WARNING:biomolecule.py:157:num_missing_heavy:Missing atom CG in residue ARG A 420
2024-02-28 14:07:19,119 WARNING:biomolecule.py:157:num_missing_heavy:Missing atom CD in residue ARG A 420
2024-02-28 14:07:19,119 WARNING:biomolecule.py:157:num_missing_heavy:Missing atom NE in residue ARG A 420
2024-02-28 14:07:19,119 WARNING:biomolecule.py:157:num_missing_heavy:Missing atom CZ in residue ARG A 420
2024-02-28 14:07:19,119 WARNING:biomolecule.py:157:num_missing_heavy:Missing atom NH1 in residue ARG A 420
2024-02-28 14:07:19,119 WARNING:biomolecule.py:157:num_missing_heavy:Missing atom NH2 in residue ARG A 420
2024-02-28 14:07:19,120 WARNING:biomolecule.py:157:num_missing_heavy:Missing atom CG1 in residue ILE A 421
2024-02-28 14:07:19,120 WARNING:biomolecule.py:157:num_missing_heavy:Missing atom CG2 in residue ILE A 421
2024-02-28 14:07:19,120 WARNING:biomolecule.py:157:num_missing_heavy:Missing atom CD1 in residue ILE A 421
2024-02-28 14:07:19,120 WARNING:biomolecule.py:157:num_missing_heavy:Missing atom CG in residue LEU A 422
2024-02-28 14:07:19,120 WARNING:biomolecule.py:157:num_missing_heavy:Missing atom CD1 in residue LEU A 422
2024-02-28 14:07:19,120 WARNING:biomolecule.py:157:num_missing_heavy:Missing atom CD2 in residue LEU A 422
2024-02-28 14:07:19,120 WARNING:biomolecule.py:157:num_missing_heavy:Missing atom CG in residue GLU A 502
2024-02-28 14:07:19,120 WARNING:biomolecule.py:157:num_missing_heavy:Missing atom CD in residue GLU A 502
2024-02-28 14:07:19,120 WARNING:biomolecule.py:157:num_missing_heavy:Missing atom OE1 in residue GLU A 502
2024-02-28 14:07:19,120 WARNING:biomolecule.py:157:num_missing_heavy:Missing atom OE2 in residue GLU A 502
2024-02-28 14:07:19,121 WARNING:biomolecule.py:157:num_missing_heavy:Missing atom CG in residue GLU B 292
2024-02-28 14:07:19,121 WARNING:biomolecule.py:157:num_missing_heavy:Missing atom CD in residue GLU B 292
2024-02-28 14:07:19,121 WARNING:biomolecule.py:157:num_missing_heavy:Missing atom OE1 in residue GLU B 292
2024-02-28 14:07:19,121 WARNING:biomolecule.py:157:num_missing_heavy:Missing atom OE2 in residue GLU B 292
2024-02-28 14:07:19,121 WARNING:biomolecule.py:157:num_missing_heavy:Missing atom CG in residue GLN B 300
2024-02-28 14:07:19,121 WARNING:biomolecule.py:157:num_missing_heavy:Missing atom CD in residue GLN B 300
2024-02-28 14:07:19,121 WARNING:biomolecule.py:157:num_missing_heavy:Missing atom OE1 in residue GLN B 300
2024-02-28 14:07:19,121 WARNING:biomolecule.py:157:num_missing_heavy:Missing atom NE2 in residue GLN B 300
2024-02-28 14:07:19,150 WARNING:biomolecule.py:157:num_missing_heavy:Missing atom CG in residue LYS A 285
2024-02-28 14:07:19,150 WARNING:biomolecule.py:157:num_missing_heavy:Missing atom CD in residue LYS A 285
2024-02-28 14:07:19,150 WARNING:biomolecule.py:157:num_missing_heavy:Missing atom CE in residue LYS A 285
2024-02-28 14:07:19,150 WARNING:biomolecule.py:157:num_missing_heavy:Missing atom NZ in residue LYS A 285
2024-02-28 14:07:19,150 WARNING:biomolecule.py:157:num_missing_heavy:Missing atom CG in residue GLN A 288
2024-02-28 14:07:19,150 WARNING:biomolecule.py:157:num_missing_heavy:Missing atom CD in residue GLN A 288
2024-02-28 14:07:19,150 WARNING:biomolecule.py:157:num_missing_heavy:Missing atom OE1 in residue GLN A 288
2024-02-28 14:07:19,150 WARNING:biomolecule.py:157:num_missing_heavy:Missing atom NE2 in residue GLN A 288
2024-02-28 14:07:19,151 WARNING:biomolecule.py:157:num_missing_heavy:Missing atom CG in residue GLN A 300
2024-02-28 14:07:19,151 WARNING:biomolecule.py:157:num_missing_heavy:Missing atom CD in residue GLN A 300
2024-02-28 14:07:19,151 WARNING:biomolecule.py:157:num_missing_heavy:Missing atom OE1 in residue GLN A 300
2024-02-28 14:07:19,151 WARNING:biomolecule.py:157:num_missing_heavy:Missing atom NE2 in residue GLN A 300
2024-02-28 14:07:19,151 WARNING:biomolecule.py:157:num_missing_heavy:Missing atom CG in residue ARG A 383
2024-02-28 14:07:19,151 WARNING:biomolecule.py:157:num_missing_heavy:Missing atom CD in residue ARG A 383
2024-02-28 14:07:19,151 WARNING:biomolecule.py:157:num_missing_heavy:Missing atom NE in residue ARG A 383
2024-02-28 14:07:19,151 WARNING:biomolecule.py:157:num_missing_heavy:Missing atom CZ in residue ARG A 383
2024-02-28 14:07:19,151 WARNING:biomolecule.py:157:num_missing_heavy:Missing atom NH1 in residue ARG A 383
2024-02-28 14:07:19,151 WARNING:biomolecule.py:157:num_missing_heavy:Missing atom NH2 in residue ARG A 383
2024-02-28 14:07:19,151 WARNING:biomolecule.py:157:num_missing_heavy:Missing atom OG1 in residue THR A 404
2024-02-28 14:07:19,151 WARNING:biomolecule.py:157:num_missing_heavy:Missing atom CG2 in residue THR A 404
2024-02-28 14:07:19,151 WARNING:biomolecule.py:157:num_missing_heavy:Missing atom CG in residue ARG A 420
2024-02-28 14:07:19,151 WARNING:biomolecule.py:157:num_missing_heavy:Missing atom CD in residue ARG A 420
2024-02-28 14:07:19,151 WARNING:biomolecule.py:157:num_missing_heavy:Missing atom NE in residue ARG A 420
2024-02-28 14:07:19,151 WARNING:biomolecule.py:157:num_missing_heavy:Missing atom CZ in residue ARG A 420
2024-02-28 14:07:19,152 WARNING:biomolecule.py:157:num_missing_heavy:Missing atom NH1 in residue ARG A 420
2024-02-28 14:07:19,152 WARNING:biomolecule.py:157:num_missing_heavy:Missing atom NH2 in residue ARG A 420
2024-02-28 14:07:19,152 WARNING:biomolecule.py:157:num_missing_heavy:Missing atom CG1 in residue ILE A 421
2024-02-28 14:07:19,152 WARNING:biomolecule.py:157:num_missing_heavy:Missing atom CG2 in residue ILE A 421
2024-02-28 14:07:19,152 WARNING:biomolecule.py:157:num_missing_heavy:Missing atom CD1 in residue ILE A 421
2024-02-28 14:07:19,152 WARNING:biomolecule.py:157:num_missing_heavy:Missing atom CG in residue LEU A 422
2024-02-28 14:07:19,152 WARNING:biomolecule.py:157:num_missing_heavy:Missing atom CD1 in residue LEU A 422
2024-02-28 14:07:19,152 WARNING:biomolecule.py:157:num_missing_heavy:Missing atom CD2 in residue LEU A 422
2024-02-28 14:07:19,152 WARNING:biomolecule.py:157:num_missing_heavy:Missing atom CG in residue GLU A 502
2024-02-28 14:07:19,152 WARNING:biomolecule.py:157:num_missing_heavy:Missing atom CD in residue GLU A 502
2024-02-28 14:07:19,152 WARNING:biomolecule.py:157:num_missing_heavy:Missing atom OE1 in residue GLU A 502
2024-02-28 14:07:19,152 WARNING:biomolecule.py:157:num_missing_heavy:Missing atom OE2 in residue GLU A 502
2024-02-28 14:07:19,153 WARNING:biomolecule.py:157:num_missing_heavy:Missing atom CG in residue GLU B 292
2024-02-28 14:07:19,153 WARNING:biomolecule.py:157:num_missing_heavy:Missing atom CD in residue GLU B 292
2024-02-28 14:07:19,153 WARNING:biomolecule.py:157:num_missing_heavy:Missing atom OE1 in residue GLU B 292
2024-02-28 14:07:19,153 WARNING:biomolecule.py:157:num_missing_heavy:Missing atom OE2 in residue GLU B 292
2024-02-28 14:07:19,153 WARNING:biomolecule.py:157:num_missing_heavy:Missing atom CG in residue GLN B 300
2024-02-28 14:07:19,153 WARNING:biomolecule.py:157:num_missing_heavy:Missing atom CD in residue GLN B 300
2024-02-28 14:07:19,153 WARNING:biomolecule.py:157:num_missing_heavy:Missing atom OE1 in residue GLN B 300
2024-02-28 14:07:19,153 WARNING:biomolecule.py:157:num_missing_heavy:Missing atom NE2 in residue GLN B 300
2024-02-28 14:07:23,941 WARNING:main.py:311:print_pqr:Ignoring 392 header lines in output.
