2024-02-28 14:07:18,036 WARNING:biomolecule.py:992:create_residue:Unable to find amino or nucleic acid definition for OXZ.  Parsing as new residue.
2024-02-28 14:07:18,473 WARNING:biomolecule.py:992:create_residue:Unable to find amino or nucleic acid definition for OXZ.  Parsing as new residue.
2024-02-28 14:07:18,475 WARNING:main.py:418:setup_molecule:Multiple occupancies found: CB in LYS A 70.
2024-02-28 14:07:18,475 WARNING:main.py:418:setup_molecule:Multiple occupancies found: CG in LYS A 70.
2024-02-28 14:07:18,475 WARNING:main.py:418:setup_molecule:Multiple occupancies found: CD in LYS A 70.
2024-02-28 14:07:18,475 WARNING:main.py:418:setup_molecule:Multiple occupancies found: CE in LYS A 70.
2024-02-28 14:07:18,475 WARNING:main.py:418:setup_molecule:Multiple occupancies found: NZ in LYS A 70.
2024-02-28 14:07:18,475 WARNING:main.py:424:setup_molecule:Multiple occupancies found in LYS A 70. At least one of the instances is being ignored.
2024-02-28 14:07:18,475 WARNING:main.py:418:setup_molecule:Multiple occupancies found: CB in GLU A 152.
2024-02-28 14:07:18,475 WARNING:main.py:418:setup_molecule:Multiple occupancies found: CG in GLU A 152.
2024-02-28 14:07:18,475 WARNING:main.py:418:setup_molecule:Multiple occupancies found: CD in GLU A 152.
2024-02-28 14:07:18,475 WARNING:main.py:418:setup_molecule:Multiple occupancies found: OE1 in GLU A 152.
2024-02-28 14:07:18,475 WARNING:main.py:418:setup_molecule:Multiple occupancies found: OE2 in GLU A 152.
2024-02-28 14:07:18,475 WARNING:main.py:424:setup_molecule:Multiple occupancies found in GLU A 152. At least one of the instances is being ignored.
2024-02-28 14:07:18,475 WARNING:main.py:418:setup_molecule:Multiple occupancies found: CB in MET A 184.
2024-02-28 14:07:18,475 WARNING:main.py:418:setup_molecule:Multiple occupancies found: CG in MET A 184.
2024-02-28 14:07:18,475 WARNING:main.py:418:setup_molecule:Multiple occupancies found: SD in MET A 184.
2024-02-28 14:07:18,475 WARNING:main.py:418:setup_molecule:Multiple occupancies found: CE in MET A 184.
2024-02-28 14:07:18,475 WARNING:main.py:424:setup_molecule:Multiple occupancies found in MET A 184. At least one of the instances is being ignored.
2024-02-28 14:07:18,475 WARNING:main.py:418:setup_molecule:Multiple occupancies found: CB in GLU A 231.
2024-02-28 14:07:18,475 WARNING:main.py:418:setup_molecule:Multiple occupancies found: CG in GLU A 231.
2024-02-28 14:07:18,475 WARNING:main.py:418:setup_molecule:Multiple occupancies found: CD in GLU A 231.
2024-02-28 14:07:18,475 WARNING:main.py:418:setup_molecule:Multiple occupancies found: OE1 in GLU A 231.
2024-02-28 14:07:18,475 WARNING:main.py:418:setup_molecule:Multiple occupancies found: OE2 in GLU A 231.
2024-02-28 14:07:18,476 WARNING:main.py:424:setup_molecule:Multiple occupancies found in GLU A 231. At least one of the instances is being ignored.
2024-02-28 14:07:18,476 WARNING:main.py:418:setup_molecule:Multiple occupancies found: CB in ASN A 246.
2024-02-28 14:07:18,476 WARNING:main.py:418:setup_molecule:Multiple occupancies found: CG in ASN A 246.
2024-02-28 14:07:18,476 WARNING:main.py:418:setup_molecule:Multiple occupancies found: OD1 in ASN A 246.
2024-02-28 14:07:18,476 WARNING:main.py:418:setup_molecule:Multiple occupancies found: ND2 in ASN A 246.
2024-02-28 14:07:18,476 WARNING:main.py:424:setup_molecule:Multiple occupancies found in ASN A 246. At least one of the instances is being ignored.
2024-02-28 14:07:18,476 WARNING:main.py:418:setup_molecule:Multiple occupancies found: CB in GLU A 262.
2024-02-28 14:07:18,476 WARNING:main.py:418:setup_molecule:Multiple occupancies found: CG in GLU A 262.
2024-02-28 14:07:18,476 WARNING:main.py:418:setup_molecule:Multiple occupancies found: CD in GLU A 262.
2024-02-28 14:07:18,476 WARNING:main.py:418:setup_molecule:Multiple occupancies found: OE1 in GLU A 262.
2024-02-28 14:07:18,476 WARNING:main.py:418:setup_molecule:Multiple occupancies found: OE2 in GLU A 262.
2024-02-28 14:07:18,476 WARNING:main.py:424:setup_molecule:Multiple occupancies found in GLU A 262. At least one of the instances is being ignored.
2024-02-28 14:07:18,476 WARNING:main.py:418:setup_molecule:Multiple occupancies found: CG in HIS B 40.
2024-02-28 14:07:18,476 WARNING:main.py:418:setup_molecule:Multiple occupancies found: ND1 in HIS B 40.
2024-02-28 14:07:18,476 WARNING:main.py:418:setup_molecule:Multiple occupancies found: CD2 in HIS B 40.
2024-02-28 14:07:18,476 WARNING:main.py:418:setup_molecule:Multiple occupancies found: CE1 in HIS B 40.
2024-02-28 14:07:18,476 WARNING:main.py:418:setup_molecule:Multiple occupancies found: NE2 in HIS B 40.
2024-02-28 14:07:18,476 WARNING:main.py:424:setup_molecule:Multiple occupancies found in HIS B 40. At least one of the instances is being ignored.
2024-02-28 14:07:18,476 WARNING:main.py:418:setup_molecule:Multiple occupancies found: CB in ASP B 141.
2024-02-28 14:07:18,476 WARNING:main.py:418:setup_molecule:Multiple occupancies found: CG in ASP B 141.
2024-02-28 14:07:18,476 WARNING:main.py:418:setup_molecule:Multiple occupancies found: OD1 in ASP B 141.
2024-02-28 14:07:18,476 WARNING:main.py:418:setup_molecule:Multiple occupancies found: OD2 in ASP B 141.
2024-02-28 14:07:18,476 WARNING:main.py:424:setup_molecule:Multiple occupancies found in ASP B 141. At least one of the instances is being ignored.
2024-02-28 14:07:18,476 WARNING:main.py:418:setup_molecule:Multiple occupancies found: CB in MET B 184.
2024-02-28 14:07:18,476 WARNING:main.py:418:setup_molecule:Multiple occupancies found: CG in MET B 184.
2024-02-28 14:07:18,476 WARNING:main.py:418:setup_molecule:Multiple occupancies found: SD in MET B 184.
2024-02-28 14:07:18,477 WARNING:main.py:418:setup_molecule:Multiple occupancies found: CE in MET B 184.
2024-02-28 14:07:18,477 WARNING:main.py:424:setup_molecule:Multiple occupancies found in MET B 184. At least one of the instances is being ignored.
2024-02-28 14:07:18,477 WARNING:main.py:418:setup_molecule:Multiple occupancies found: CB in ARG B 203.
2024-02-28 14:07:18,477 WARNING:main.py:418:setup_molecule:Multiple occupancies found: CG in ARG B 203.
2024-02-28 14:07:18,477 WARNING:main.py:418:setup_molecule:Multiple occupancies found: CD in ARG B 203.
2024-02-28 14:07:18,477 WARNING:main.py:418:setup_molecule:Multiple occupancies found: NE in ARG B 203.
2024-02-28 14:07:18,477 WARNING:main.py:418:setup_molecule:Multiple occupancies found: CZ in ARG B 203.
2024-02-28 14:07:18,477 WARNING:main.py:418:setup_molecule:Multiple occupancies found: NH1 in ARG B 203.
2024-02-28 14:07:18,477 WARNING:main.py:418:setup_molecule:Multiple occupancies found: NH2 in ARG B 203.
2024-02-28 14:07:18,477 WARNING:main.py:424:setup_molecule:Multiple occupancies found in ARG B 203. At least one of the instances is being ignored.
2024-02-28 14:07:18,477 WARNING:main.py:418:setup_molecule:Multiple occupancies found: CB in LYS B 206.
2024-02-28 14:07:18,477 WARNING:main.py:418:setup_molecule:Multiple occupancies found: CG in LYS B 206.
2024-02-28 14:07:18,477 WARNING:main.py:418:setup_molecule:Multiple occupancies found: CD in LYS B 206.
2024-02-28 14:07:18,477 WARNING:main.py:418:setup_molecule:Multiple occupancies found: CE in LYS B 206.
2024-02-28 14:07:18,477 WARNING:main.py:418:setup_molecule:Multiple occupancies found: NZ in LYS B 206.
2024-02-28 14:07:18,477 WARNING:main.py:424:setup_molecule:Multiple occupancies found in LYS B 206. At least one of the instances is being ignored.
2024-02-28 14:07:18,477 WARNING:main.py:418:setup_molecule:Multiple occupancies found: CB in ASN B 246.
2024-02-28 14:07:18,477 WARNING:main.py:418:setup_molecule:Multiple occupancies found: CG in ASN B 246.
2024-02-28 14:07:18,477 WARNING:main.py:418:setup_molecule:Multiple occupancies found: OD1 in ASN B 246.
2024-02-28 14:07:18,477 WARNING:main.py:418:setup_molecule:Multiple occupancies found: ND2 in ASN B 246.
2024-02-28 14:07:18,477 WARNING:main.py:424:setup_molecule:Multiple occupancies found in ASN B 246. At least one of the instances is being ignored.
2024-02-28 14:07:18,547 WARNING:biomolecule.py:615:update_bonds:Gap in backbone detected between VAL B 212 and ASP B 214!
2024-02-28 14:07:18,548 WARNING:biomolecule.py:615:update_bonds:Gap in backbone detected between ALA B 306 and ALA B 308!
2024-02-28 14:07:18,629 WARNING:biomolecule.py:157:num_missing_heavy:Missing atom CD in residue LYS A 232
2024-02-28 14:07:19,009 WARNING:biomolecule.py:157:num_missing_heavy:Missing atom CE in residue LYS A 232
2024-02-28 14:07:19,009 WARNING:biomolecule.py:157:num_missing_heavy:Missing atom NZ in residue LYS A 232
2024-02-28 14:07:19,010 WARNING:biomolecule.py:157:num_missing_heavy:Missing atom CG in residue GLU A 270
2024-02-28 14:07:19,010 WARNING:biomolecule.py:157:num_missing_heavy:Missing atom CD in residue GLU A 270
2024-02-28 14:07:19,010 WARNING:biomolecule.py:157:num_missing_heavy:Missing atom OE1 in residue GLU A 270
2024-02-28 14:07:19,010 WARNING:biomolecule.py:157:num_missing_heavy:Missing atom OE2 in residue GLU A 270
2024-02-28 14:07:19,010 WARNING:biomolecule.py:157:num_missing_heavy:Missing atom CD in residue LYS A 301
2024-02-28 14:07:19,010 WARNING:biomolecule.py:157:num_missing_heavy:Missing atom CE in residue LYS A 301
2024-02-28 14:07:19,010 WARNING:biomolecule.py:157:num_missing_heavy:Missing atom NZ in residue LYS A 301
2024-02-28 14:07:19,010 WARNING:biomolecule.py:157:num_missing_heavy:Missing atom CD in residue LYS A 309
2024-02-28 14:07:19,010 WARNING:biomolecule.py:157:num_missing_heavy:Missing atom CE in residue LYS A 309
2024-02-28 14:07:19,010 WARNING:biomolecule.py:157:num_missing_heavy:Missing atom NZ in residue LYS A 309
2024-02-28 14:07:19,011 WARNING:biomolecule.py:157:num_missing_heavy:Missing atom CE in residue LYS A 440
2024-02-28 14:07:19,011 WARNING:biomolecule.py:157:num_missing_heavy:Missing atom NZ in residue LYS A 440
2024-02-28 14:07:19,011 WARNING:biomolecule.py:157:num_missing_heavy:Missing atom CD in residue LYS B 5
2024-02-28 14:07:19,011 WARNING:biomolecule.py:157:num_missing_heavy:Missing atom CE in residue LYS B 5
2024-02-28 14:07:19,011 WARNING:biomolecule.py:157:num_missing_heavy:Missing atom CB in residue GLU B 8
2024-02-28 14:07:19,011 WARNING:biomolecule.py:157:num_missing_heavy:Missing atom CG in residue GLU B 8
2024-02-28 14:07:19,011 WARNING:biomolecule.py:157:num_missing_heavy:Missing atom CD in residue GLU B 8
2024-02-28 14:07:19,011 WARNING:biomolecule.py:157:num_missing_heavy:Missing atom OE1 in residue GLU B 8
2024-02-28 14:07:19,011 WARNING:biomolecule.py:157:num_missing_heavy:Missing atom OE2 in residue GLU B 8
2024-02-28 14:07:19,011 WARNING:biomolecule.py:157:num_missing_heavy:Missing atom CD in residue LYS B 46
2024-02-28 14:07:19,011 WARNING:biomolecule.py:157:num_missing_heavy:Missing atom CE in residue LYS B 46
2024-02-28 14:07:19,011 WARNING:biomolecule.py:157:num_missing_heavy:Missing atom NZ in residue LYS B 46
2024-02-28 14:07:19,012 WARNING:biomolecule.py:157:num_missing_heavy:Missing atom CD in residue LYS B 62
2024-02-28 14:07:19,012 WARNING:biomolecule.py:157:num_missing_heavy:Missing atom CE in residue LYS B 62
2024-02-28 14:07:19,012 WARNING:biomolecule.py:157:num_missing_heavy:Missing atom NZ in residue LYS B 62
2024-02-28 14:07:19,012 WARNING:biomolecule.py:157:num_missing_heavy:Missing atom CG in residue LYS B 74
2024-02-28 14:07:19,012 WARNING:biomolecule.py:157:num_missing_heavy:Missing atom CD in residue LYS B 74
2024-02-28 14:07:19,012 WARNING:biomolecule.py:157:num_missing_heavy:Missing atom CE in residue LYS B 74
2024-02-28 14:07:19,012 WARNING:biomolecule.py:157:num_missing_heavy:Missing atom NZ in residue LYS B 74
2024-02-28 14:07:19,012 WARNING:biomolecule.py:157:num_missing_heavy:Missing atom CD in residue ARG B 92
2024-02-28 14:07:19,012 WARNING:biomolecule.py:157:num_missing_heavy:Missing atom NE in residue ARG B 92
2024-02-28 14:07:19,012 WARNING:biomolecule.py:157:num_missing_heavy:Missing atom CZ in residue ARG B 92
2024-02-28 14:07:19,012 WARNING:biomolecule.py:157:num_missing_heavy:Missing atom NH1 in residue ARG B 92
2024-02-28 14:07:19,012 WARNING:biomolecule.py:157:num_missing_heavy:Missing atom NH2 in residue ARG B 92
2024-02-28 14:07:19,013 WARNING:biomolecule.py:157:num_missing_heavy:Missing atom CB in residue ASP B 214
2024-02-28 14:07:19,013 WARNING:biomolecule.py:157:num_missing_heavy:Missing atom CG in residue ASP B 214
2024-02-28 14:07:19,013 WARNING:biomolecule.py:157:num_missing_heavy:Missing atom OD1 in residue ASP B 214
2024-02-28 14:07:19,013 WARNING:biomolecule.py:157:num_missing_heavy:Missing atom OD2 in residue ASP B 214
2024-02-28 14:07:19,013 WARNING:biomolecule.py:157:num_missing_heavy:Missing atom CD in residue LYS B 216
2024-02-28 14:07:19,013 WARNING:biomolecule.py:157:num_missing_heavy:Missing atom CE in residue LYS B 216
2024-02-28 14:07:19,013 WARNING:biomolecule.py:157:num_missing_heavy:Missing atom NZ in residue LYS B 216
2024-02-28 14:07:19,013 WARNING:biomolecule.py:157:num_missing_heavy:Missing atom CG in residue LYS B 232
2024-02-28 14:07:19,013 WARNING:biomolecule.py:157:num_missing_heavy:Missing atom CD in residue LYS B 232
2024-02-28 14:07:19,013 WARNING:biomolecule.py:157:num_missing_heavy:Missing atom CE in residue LYS B 232
2024-02-28 14:07:19,013 WARNING:biomolecule.py:157:num_missing_heavy:Missing atom NZ in residue LYS B 232
2024-02-28 14:07:19,014 WARNING:biomolecule.py:157:num_missing_heavy:Missing atom CE in residue LYS B 309
2024-02-28 14:07:19,014 WARNING:biomolecule.py:157:num_missing_heavy:Missing atom NZ in residue LYS B 309
2024-02-28 14:07:19,014 WARNING:biomolecule.py:157:num_missing_heavy:Missing atom CB in residue GLU B 362
2024-02-28 14:07:19,014 WARNING:biomolecule.py:157:num_missing_heavy:Missing atom CG in residue GLU B 362
2024-02-28 14:07:19,014 WARNING:biomolecule.py:157:num_missing_heavy:Missing atom CD in residue GLU B 362
2024-02-28 14:07:19,014 WARNING:biomolecule.py:157:num_missing_heavy:Missing atom OE1 in residue GLU B 362
2024-02-28 14:07:19,014 WARNING:biomolecule.py:157:num_missing_heavy:Missing atom OE2 in residue GLU B 362
2024-02-28 14:07:19,014 WARNING:biomolecule.py:157:num_missing_heavy:Missing atom CE in residue LYS B 376
2024-02-28 14:07:19,249 WARNING:biomolecule.py:157:num_missing_heavy:Missing atom NZ in residue LYS B 376
2024-02-28 14:07:19,250 WARNING:biomolecule.py:157:num_missing_heavy:Missing atom CG in residue LYS B 440
2024-02-28 14:07:19,250 WARNING:biomolecule.py:157:num_missing_heavy:Missing atom CD in residue LYS B 440
2024-02-28 14:07:19,250 WARNING:biomolecule.py:157:num_missing_heavy:Missing atom CE in residue LYS B 440
2024-02-28 14:07:19,250 WARNING:biomolecule.py:157:num_missing_heavy:Missing atom NZ in residue LYS B 440
2024-02-28 14:07:19,250 WARNING:biomolecule.py:157:num_missing_heavy:Missing atom OXT in residue LEU B 444
2024-02-28 14:07:19,251 WARNING:biomolecule.py:157:num_missing_heavy:Missing atom CD in residue LYS A 232
2024-02-28 14:07:19,251 WARNING:biomolecule.py:157:num_missing_heavy:Missing atom CE in residue LYS A 232
2024-02-28 14:07:19,251 WARNING:biomolecule.py:157:num_missing_heavy:Missing atom NZ in residue LYS A 232
2024-02-28 14:07:19,251 WARNING:biomolecule.py:157:num_missing_heavy:Missing atom CG in residue GLU A 270
2024-02-28 14:07:19,251 WARNING:biomolecule.py:157:num_missing_heavy:Missing atom CD in residue GLU A 270
2024-02-28 14:07:19,251 WARNING:biomolecule.py:157:num_missing_heavy:Missing atom OE1 in residue GLU A 270
2024-02-28 14:07:19,251 WARNING:biomolecule.py:157:num_missing_heavy:Missing atom OE2 in residue GLU A 270
2024-02-28 14:07:19,251 WARNING:biomolecule.py:157:num_missing_heavy:Missing atom CD in residue LYS A 301
2024-02-28 14:07:19,251 WARNING:biomolecule.py:157:num_missing_heavy:Missing atom CE in residue LYS A 301
2024-02-28 14:07:19,252 WARNING:biomolecule.py:157:num_missing_heavy:Missing atom NZ in residue LYS A 301
2024-02-28 14:07:19,252 WARNING:biomolecule.py:157:num_missing_heavy:Missing atom CD in residue LYS A 309
2024-02-28 14:07:19,252 WARNING:biomolecule.py:157:num_missing_heavy:Missing atom CE in residue LYS A 309
2024-02-28 14:07:19,252 WARNING:biomolecule.py:157:num_missing_heavy:Missing atom NZ in residue LYS A 309
2024-02-28 14:07:19,252 WARNING:biomolecule.py:157:num_missing_heavy:Missing atom CE in residue LYS A 440
2024-02-28 14:07:19,252 WARNING:biomolecule.py:157:num_missing_heavy:Missing atom NZ in residue LYS A 440
2024-02-28 14:07:19,252 WARNING:biomolecule.py:157:num_missing_heavy:Missing atom CD in residue LYS B 5
2024-02-28 14:07:19,252 WARNING:biomolecule.py:157:num_missing_heavy:Missing atom CE in residue LYS B 5
2024-02-28 14:07:19,252 WARNING:biomolecule.py:157:num_missing_heavy:Missing atom CB in residue GLU B 8
2024-02-28 14:07:19,253 WARNING:biomolecule.py:157:num_missing_heavy:Missing atom CG in residue GLU B 8
2024-02-28 14:07:19,253 WARNING:biomolecule.py:157:num_missing_heavy:Missing atom CD in residue GLU B 8
2024-02-28 14:07:19,253 WARNING:biomolecule.py:157:num_missing_heavy:Missing atom OE1 in residue GLU B 8
2024-02-28 14:07:19,253 WARNING:biomolecule.py:157:num_missing_heavy:Missing atom OE2 in residue GLU B 8
2024-02-28 14:07:19,253 WARNING:biomolecule.py:157:num_missing_heavy:Missing atom CD in residue LYS B 46
2024-02-28 14:07:19,253 WARNING:biomolecule.py:157:num_missing_heavy:Missing atom CE in residue LYS B 46
2024-02-28 14:07:19,253 WARNING:biomolecule.py:157:num_missing_heavy:Missing atom NZ in residue LYS B 46
2024-02-28 14:07:19,266 WARNING:biomolecule.py:157:num_missing_heavy:Missing atom CD in residue LYS B 62
2024-02-28 14:07:19,305 WARNING:biomolecule.py:157:num_missing_heavy:Missing atom CE in residue LYS B 62
2024-02-28 14:07:19,305 WARNING:biomolecule.py:157:num_missing_heavy:Missing atom NZ in residue LYS B 62
2024-02-28 14:07:19,305 WARNING:biomolecule.py:157:num_missing_heavy:Missing atom CG in residue LYS B 74
2024-02-28 14:07:19,305 WARNING:biomolecule.py:157:num_missing_heavy:Missing atom CD in residue LYS B 74
2024-02-28 14:07:19,305 WARNING:biomolecule.py:157:num_missing_heavy:Missing atom CE in residue LYS B 74
2024-02-28 14:07:19,305 WARNING:biomolecule.py:157:num_missing_heavy:Missing atom NZ in residue LYS B 74
2024-02-28 14:07:19,306 WARNING:biomolecule.py:157:num_missing_heavy:Missing atom CD in residue ARG B 92
2024-02-28 14:07:19,306 WARNING:biomolecule.py:157:num_missing_heavy:Missing atom NE in residue ARG B 92
2024-02-28 14:07:19,306 WARNING:biomolecule.py:157:num_missing_heavy:Missing atom CZ in residue ARG B 92
2024-02-28 14:07:19,306 WARNING:biomolecule.py:157:num_missing_heavy:Missing atom NH1 in residue ARG B 92
2024-02-28 14:07:19,306 WARNING:biomolecule.py:157:num_missing_heavy:Missing atom NH2 in residue ARG B 92
2024-02-28 14:07:19,306 WARNING:biomolecule.py:157:num_missing_heavy:Missing atom CB in residue ASP B 214
2024-02-28 14:07:19,306 WARNING:biomolecule.py:157:num_missing_heavy:Missing atom CG in residue ASP B 214
2024-02-28 14:07:19,306 WARNING:biomolecule.py:157:num_missing_heavy:Missing atom OD1 in residue ASP B 214
2024-02-28 14:07:19,306 WARNING:biomolecule.py:157:num_missing_heavy:Missing atom OD2 in residue ASP B 214
2024-02-28 14:07:19,306 WARNING:biomolecule.py:157:num_missing_heavy:Missing atom CD in residue LYS B 216
2024-02-28 14:07:19,307 WARNING:biomolecule.py:157:num_missing_heavy:Missing atom CE in residue LYS B 216
2024-02-28 14:07:19,307 WARNING:biomolecule.py:157:num_missing_heavy:Missing atom NZ in residue LYS B 216
2024-02-28 14:07:19,307 WARNING:biomolecule.py:157:num_missing_heavy:Missing atom CG in residue LYS B 232
2024-02-28 14:07:19,307 WARNING:biomolecule.py:157:num_missing_heavy:Missing atom CD in residue LYS B 232
2024-02-28 14:07:19,307 WARNING:biomolecule.py:157:num_missing_heavy:Missing atom CE in residue LYS B 232
2024-02-28 14:07:19,307 WARNING:biomolecule.py:157:num_missing_heavy:Missing atom NZ in residue LYS B 232
2024-02-28 14:07:19,307 WARNING:biomolecule.py:157:num_missing_heavy:Missing atom CE in residue LYS B 309
2024-02-28 14:07:19,307 WARNING:biomolecule.py:157:num_missing_heavy:Missing atom NZ in residue LYS B 309
2024-02-28 14:07:19,307 WARNING:biomolecule.py:157:num_missing_heavy:Missing atom CB in residue GLU B 362
2024-02-28 14:07:19,307 WARNING:biomolecule.py:157:num_missing_heavy:Missing atom CG in residue GLU B 362
2024-02-28 14:07:19,308 WARNING:biomolecule.py:157:num_missing_heavy:Missing atom CD in residue GLU B 362
2024-02-28 14:07:19,308 WARNING:biomolecule.py:157:num_missing_heavy:Missing atom OE1 in residue GLU B 362
2024-02-28 14:07:19,308 WARNING:biomolecule.py:157:num_missing_heavy:Missing atom OE2 in residue GLU B 362
2024-02-28 14:07:19,308 WARNING:biomolecule.py:157:num_missing_heavy:Missing atom CE in residue LYS B 376
2024-02-28 14:07:19,361 WARNING:biomolecule.py:157:num_missing_heavy:Missing atom NZ in residue LYS B 376
2024-02-28 14:07:19,362 WARNING:biomolecule.py:157:num_missing_heavy:Missing atom CG in residue LYS B 440
2024-02-28 14:07:19,362 WARNING:biomolecule.py:157:num_missing_heavy:Missing atom CD in residue LYS B 440
2024-02-28 14:07:19,362 WARNING:biomolecule.py:157:num_missing_heavy:Missing atom CE in residue LYS B 440
2024-02-28 14:07:19,362 WARNING:biomolecule.py:157:num_missing_heavy:Missing atom NZ in residue LYS B 440
2024-02-28 14:07:19,362 WARNING:biomolecule.py:157:num_missing_heavy:Missing atom OXT in residue LEU B 444
2024-02-28 14:07:19,363 WARNING:biomolecule.py:157:num_missing_heavy:Missing atom CD in residue LYS A 232
2024-02-28 14:07:19,363 WARNING:biomolecule.py:157:num_missing_heavy:Missing atom CE in residue LYS A 232
2024-02-28 14:07:19,363 WARNING:biomolecule.py:157:num_missing_heavy:Missing atom NZ in residue LYS A 232
2024-02-28 14:07:19,363 WARNING:biomolecule.py:157:num_missing_heavy:Missing atom CG in residue GLU A 270
2024-02-28 14:07:19,363 WARNING:biomolecule.py:157:num_missing_heavy:Missing atom CD in residue GLU A 270
2024-02-28 14:07:19,363 WARNING:biomolecule.py:157:num_missing_heavy:Missing atom OE1 in residue GLU A 270
2024-02-28 14:07:19,363 WARNING:biomolecule.py:157:num_missing_heavy:Missing atom OE2 in residue GLU A 270
2024-02-28 14:07:19,363 WARNING:biomolecule.py:157:num_missing_heavy:Missing atom CD in residue LYS A 301
2024-02-28 14:07:19,363 WARNING:biomolecule.py:157:num_missing_heavy:Missing atom CE in residue LYS A 301
2024-02-28 14:07:19,364 WARNING:biomolecule.py:157:num_missing_heavy:Missing atom NZ in residue LYS A 301
2024-02-28 14:07:19,364 WARNING:biomolecule.py:157:num_missing_heavy:Missing atom CD in residue LYS A 309
2024-02-28 14:07:19,364 WARNING:biomolecule.py:157:num_missing_heavy:Missing atom CE in residue LYS A 309
2024-02-28 14:07:19,364 WARNING:biomolecule.py:157:num_missing_heavy:Missing atom NZ in residue LYS A 309
2024-02-28 14:07:19,364 WARNING:biomolecule.py:157:num_missing_heavy:Missing atom CE in residue LYS A 440
2024-02-28 14:07:19,364 WARNING:biomolecule.py:157:num_missing_heavy:Missing atom NZ in residue LYS A 440
2024-02-28 14:07:19,364 WARNING:biomolecule.py:157:num_missing_heavy:Missing atom CD in residue LYS B 5
2024-02-28 14:07:19,364 WARNING:biomolecule.py:157:num_missing_heavy:Missing atom CE in residue LYS B 5
2024-02-28 14:07:19,365 WARNING:biomolecule.py:157:num_missing_heavy:Missing atom CB in residue GLU B 8
2024-02-28 14:07:19,365 WARNING:biomolecule.py:157:num_missing_heavy:Missing atom CG in residue GLU B 8
2024-02-28 14:07:19,365 WARNING:biomolecule.py:157:num_missing_heavy:Missing atom CD in residue GLU B 8
2024-02-28 14:07:19,365 WARNING:biomolecule.py:157:num_missing_heavy:Missing atom OE1 in residue GLU B 8
2024-02-28 14:07:19,365 WARNING:biomolecule.py:157:num_missing_heavy:Missing atom OE2 in residue GLU B 8
2024-02-28 14:07:19,365 WARNING:biomolecule.py:157:num_missing_heavy:Missing atom CD in residue LYS B 46
2024-02-28 14:07:19,365 WARNING:biomolecule.py:157:num_missing_heavy:Missing atom CE in residue LYS B 46
2024-02-28 14:07:19,365 WARNING:biomolecule.py:157:num_missing_heavy:Missing atom NZ in residue LYS B 46
2024-02-28 14:07:19,373 WARNING:biomolecule.py:157:num_missing_heavy:Missing atom CD in residue LYS B 62
2024-02-28 14:07:19,373 WARNING:biomolecule.py:157:num_missing_heavy:Missing atom CE in residue LYS B 62
2024-02-28 14:07:19,373 WARNING:biomolecule.py:157:num_missing_heavy:Missing atom NZ in residue LYS B 62
2024-02-28 14:07:19,373 WARNING:biomolecule.py:157:num_missing_heavy:Missing atom CG in residue LYS B 74
2024-02-28 14:07:19,373 WARNING:biomolecule.py:157:num_missing_heavy:Missing atom CD in residue LYS B 74
2024-02-28 14:07:19,373 WARNING:biomolecule.py:157:num_missing_heavy:Missing atom CE in residue LYS B 74
2024-02-28 14:07:19,373 WARNING:biomolecule.py:157:num_missing_heavy:Missing atom NZ in residue LYS B 74
2024-02-28 14:07:19,374 WARNING:biomolecule.py:157:num_missing_heavy:Missing atom CD in residue ARG B 92
2024-02-28 14:07:19,374 WARNING:biomolecule.py:157:num_missing_heavy:Missing atom NE in residue ARG B 92
2024-02-28 14:07:19,374 WARNING:biomolecule.py:157:num_missing_heavy:Missing atom CZ in residue ARG B 92
2024-02-28 14:07:19,374 WARNING:biomolecule.py:157:num_missing_heavy:Missing atom NH1 in residue ARG B 92
2024-02-28 14:07:19,374 WARNING:biomolecule.py:157:num_missing_heavy:Missing atom NH2 in residue ARG B 92
2024-02-28 14:07:19,374 WARNING:biomolecule.py:157:num_missing_heavy:Missing atom CB in residue ASP B 214
2024-02-28 14:07:19,374 WARNING:biomolecule.py:157:num_missing_heavy:Missing atom CG in residue ASP B 214
2024-02-28 14:07:19,374 WARNING:biomolecule.py:157:num_missing_heavy:Missing atom OD1 in residue ASP B 214
2024-02-28 14:07:19,374 WARNING:biomolecule.py:157:num_missing_heavy:Missing atom OD2 in residue ASP B 214
2024-02-28 14:07:19,374 WARNING:biomolecule.py:157:num_missing_heavy:Missing atom CD in residue LYS B 216
2024-02-28 14:07:19,374 WARNING:biomolecule.py:157:num_missing_heavy:Missing atom CE in residue LYS B 216
2024-02-28 14:07:19,374 WARNING:biomolecule.py:157:num_missing_heavy:Missing atom NZ in residue LYS B 216
2024-02-28 14:07:19,375 WARNING:biomolecule.py:157:num_missing_heavy:Missing atom CG in residue LYS B 232
2024-02-28 14:07:19,375 WARNING:biomolecule.py:157:num_missing_heavy:Missing atom CD in residue LYS B 232
2024-02-28 14:07:19,375 WARNING:biomolecule.py:157:num_missing_heavy:Missing atom CE in residue LYS B 232
2024-02-28 14:07:19,375 WARNING:biomolecule.py:157:num_missing_heavy:Missing atom NZ in residue LYS B 232
2024-02-28 14:07:19,375 WARNING:biomolecule.py:157:num_missing_heavy:Missing atom CE in residue LYS B 309
2024-02-28 14:07:19,375 WARNING:biomolecule.py:157:num_missing_heavy:Missing atom NZ in residue LYS B 309
2024-02-28 14:07:19,375 WARNING:biomolecule.py:157:num_missing_heavy:Missing atom CB in residue GLU B 362
2024-02-28 14:07:19,375 WARNING:biomolecule.py:157:num_missing_heavy:Missing atom CG in residue GLU B 362
2024-02-28 14:07:19,375 WARNING:biomolecule.py:157:num_missing_heavy:Missing atom CD in residue GLU B 362
2024-02-28 14:07:19,376 WARNING:biomolecule.py:157:num_missing_heavy:Missing atom OE1 in residue GLU B 362
2024-02-28 14:07:19,376 WARNING:biomolecule.py:157:num_missing_heavy:Missing atom OE2 in residue GLU B 362
2024-02-28 14:07:19,376 WARNING:biomolecule.py:157:num_missing_heavy:Missing atom CE in residue LYS B 376
2024-02-28 14:07:19,376 WARNING:biomolecule.py:157:num_missing_heavy:Missing atom NZ in residue LYS B 376
2024-02-28 14:07:19,376 WARNING:biomolecule.py:157:num_missing_heavy:Missing atom CG in residue LYS B 440
2024-02-28 14:07:19,376 WARNING:biomolecule.py:157:num_missing_heavy:Missing atom CD in residue LYS B 440
2024-02-28 14:07:19,376 WARNING:biomolecule.py:157:num_missing_heavy:Missing atom CE in residue LYS B 440
2024-02-28 14:07:19,376 WARNING:biomolecule.py:157:num_missing_heavy:Missing atom NZ in residue LYS B 440
2024-02-28 14:07:19,376 WARNING:biomolecule.py:157:num_missing_heavy:Missing atom OXT in residue LEU B 444
2024-02-28 14:07:24,453 WARNING:main.py:311:print_pqr:Ignoring 1440 header lines in output.
2024-02-28 14:07:24,453 WARNING:main.py:315:print_pqr:Ignoring 20 missing lines in output.
