2024-02-28 14:07:14,113 WARNING:biomolecule.py:992:create_residue:Unable to find amino or nucleic acid definition for IFL.  Parsing as new residue.
2024-02-28 14:07:14,113 WARNING:biomolecule.py:992:create_residue:Unable to find amino or nucleic acid definition for GOL.  Parsing as new residue.
2024-02-28 14:07:14,114 WARNING:biomolecule.py:992:create_residue:Unable to find amino or nucleic acid definition for GOL.  Parsing as new residue.
2024-02-28 14:07:14,114 WARNING:biomolecule.py:992:create_residue:Unable to find amino or nucleic acid definition for GOL.  Parsing as new residue.
2024-02-28 14:07:14,114 WARNING:biomolecule.py:992:create_residue:Unable to find amino or nucleic acid definition for SO4.  Parsing as new residue.
2024-02-28 14:07:14,130 WARNING:biomolecule.py:157:num_missing_heavy:Missing atom CG in residue GLU A 22
2024-02-28 14:07:14,130 WARNING:biomolecule.py:157:num_missing_heavy:Missing atom CD in residue GLU A 22
2024-02-28 14:07:14,130 WARNING:biomolecule.py:157:num_missing_heavy:Missing atom OE1 in residue GLU A 22
2024-02-28 14:07:14,131 WARNING:biomolecule.py:157:num_missing_heavy:Missing atom OE2 in residue GLU A 22
2024-02-28 14:07:14,131 WARNING:biomolecule.py:157:num_missing_heavy:Missing atom CD in residue LYS A 37
2024-02-28 14:07:14,132 WARNING:biomolecule.py:157:num_missing_heavy:Missing atom CE in residue LYS A 37
2024-02-28 14:07:14,132 WARNING:biomolecule.py:157:num_missing_heavy:Missing atom NZ in residue LYS A 37
2024-02-28 14:07:14,133 WARNING:biomolecule.py:157:num_missing_heavy:Missing atom O in residue GLN A 430
2024-02-28 14:07:14,133 WARNING:biomolecule.py:157:num_missing_heavy:Missing atom OXT in residue PRO A 431
2024-02-28 14:07:14,133 WARNING:biomolecule.py:157:num_missing_heavy:Missing atom CG in residue GLU A 22
2024-02-28 14:07:14,134 WARNING:biomolecule.py:157:num_missing_heavy:Missing atom CD in residue GLU A 22
2024-02-28 14:07:14,134 WARNING:biomolecule.py:157:num_missing_heavy:Missing atom OE1 in residue GLU A 22
2024-02-28 14:07:14,134 WARNING:biomolecule.py:157:num_missing_heavy:Missing atom OE2 in residue GLU A 22
2024-02-28 14:07:14,134 WARNING:biomolecule.py:157:num_missing_heavy:Missing atom CD in residue LYS A 37
2024-02-28 14:07:14,135 WARNING:biomolecule.py:157:num_missing_heavy:Missing atom CE in residue LYS A 37
2024-02-28 14:07:14,135 WARNING:biomolecule.py:157:num_missing_heavy:Missing atom NZ in residue LYS A 37
2024-02-28 14:07:14,136 WARNING:biomolecule.py:157:num_missing_heavy:Missing atom O in residue GLN A 430
2024-02-28 14:07:14,136 WARNING:biomolecule.py:157:num_missing_heavy:Missing atom OXT in residue PRO A 431
2024-02-28 14:07:14,136 WARNING:biomolecule.py:157:num_missing_heavy:Missing atom CG in residue GLU A 22
2024-02-28 14:07:14,137 WARNING:biomolecule.py:157:num_missing_heavy:Missing atom CD in residue GLU A 22
2024-02-28 14:07:14,137 WARNING:biomolecule.py:157:num_missing_heavy:Missing atom OE1 in residue GLU A 22
2024-02-28 14:07:14,137 WARNING:biomolecule.py:157:num_missing_heavy:Missing atom OE2 in residue GLU A 22
2024-02-28 14:07:14,137 WARNING:biomolecule.py:157:num_missing_heavy:Missing atom CD in residue LYS A 37
2024-02-28 14:07:14,137 WARNING:biomolecule.py:157:num_missing_heavy:Missing atom CE in residue LYS A 37
2024-02-28 14:07:14,137 WARNING:biomolecule.py:157:num_missing_heavy:Missing atom NZ in residue LYS A 37
2024-02-28 14:07:14,138 WARNING:biomolecule.py:157:num_missing_heavy:Missing atom O in residue GLN A 430
2024-02-28 14:07:14,138 WARNING:biomolecule.py:157:num_missing_heavy:Missing atom OXT in residue PRO A 431
2024-02-28 14:07:15,229 WARNING:main.py:311:print_pqr:Ignoring 1914 header lines in output.
2024-02-28 14:07:15,229 WARNING:main.py:315:print_pqr:Ignoring 34 missing lines in output.
2024-02-28 14:58:40,946 WARNING:biomolecule.py:992:create_residue:Unable to find amino or nucleic acid definition for IFL.  Parsing as new residue.
2024-02-28 14:58:40,949 WARNING:biomolecule.py:992:create_residue:Unable to find amino or nucleic acid definition for GOL.  Parsing as new residue.
2024-02-28 14:58:40,949 WARNING:biomolecule.py:992:create_residue:Unable to find amino or nucleic acid definition for GOL.  Parsing as new residue.
2024-02-28 14:58:40,949 WARNING:biomolecule.py:992:create_residue:Unable to find amino or nucleic acid definition for GOL.  Parsing as new residue.
2024-02-28 14:58:40,949 WARNING:biomolecule.py:992:create_residue:Unable to find amino or nucleic acid definition for SO4.  Parsing as new residue.
2024-02-28 14:58:40,989 WARNING:biomolecule.py:157:num_missing_heavy:Missing atom CG in residue GLU A 22
2024-02-28 14:58:40,989 WARNING:biomolecule.py:157:num_missing_heavy:Missing atom CD in residue GLU A 22
2024-02-28 14:58:40,989 WARNING:biomolecule.py:157:num_missing_heavy:Missing atom OE1 in residue GLU A 22
2024-02-28 14:58:40,989 WARNING:biomolecule.py:157:num_missing_heavy:Missing atom OE2 in residue GLU A 22
2024-02-28 14:58:40,989 WARNING:biomolecule.py:157:num_missing_heavy:Missing atom CD in residue LYS A 37
2024-02-28 14:58:40,989 WARNING:biomolecule.py:157:num_missing_heavy:Missing atom CE in residue LYS A 37
2024-02-28 14:58:40,989 WARNING:biomolecule.py:157:num_missing_heavy:Missing atom NZ in residue LYS A 37
2024-02-28 14:58:40,991 WARNING:biomolecule.py:157:num_missing_heavy:Missing atom O in residue GLN A 430
2024-02-28 14:58:40,991 WARNING:biomolecule.py:157:num_missing_heavy:Missing atom OXT in residue PRO A 431
2024-02-28 14:58:40,991 WARNING:biomolecule.py:157:num_missing_heavy:Missing atom CG in residue GLU A 22
2024-02-28 14:58:40,991 WARNING:biomolecule.py:157:num_missing_heavy:Missing atom CD in residue GLU A 22
2024-02-28 14:58:40,991 WARNING:biomolecule.py:157:num_missing_heavy:Missing atom OE1 in residue GLU A 22
2024-02-28 14:58:40,991 WARNING:biomolecule.py:157:num_missing_heavy:Missing atom OE2 in residue GLU A 22
2024-02-28 14:58:40,991 WARNING:biomolecule.py:157:num_missing_heavy:Missing atom CD in residue LYS A 37
2024-02-28 14:58:40,991 WARNING:biomolecule.py:157:num_missing_heavy:Missing atom CE in residue LYS A 37
2024-02-28 14:58:40,991 WARNING:biomolecule.py:157:num_missing_heavy:Missing atom NZ in residue LYS A 37
2024-02-28 14:58:40,993 WARNING:biomolecule.py:157:num_missing_heavy:Missing atom O in residue GLN A 430
2024-02-28 14:58:40,993 WARNING:biomolecule.py:157:num_missing_heavy:Missing atom OXT in residue PRO A 431
2024-02-28 14:58:40,993 WARNING:biomolecule.py:157:num_missing_heavy:Missing atom CG in residue GLU A 22
2024-02-28 14:58:40,993 WARNING:biomolecule.py:157:num_missing_heavy:Missing atom CD in residue GLU A 22
2024-02-28 14:58:40,993 WARNING:biomolecule.py:157:num_missing_heavy:Missing atom OE1 in residue GLU A 22
2024-02-28 14:58:40,993 WARNING:biomolecule.py:157:num_missing_heavy:Missing atom OE2 in residue GLU A 22
2024-02-28 14:58:40,993 WARNING:biomolecule.py:157:num_missing_heavy:Missing atom CD in residue LYS A 37
2024-02-28 14:58:40,993 WARNING:biomolecule.py:157:num_missing_heavy:Missing atom CE in residue LYS A 37
2024-02-28 14:58:40,993 WARNING:biomolecule.py:157:num_missing_heavy:Missing atom NZ in residue LYS A 37
2024-02-28 14:58:40,995 WARNING:biomolecule.py:157:num_missing_heavy:Missing atom O in residue GLN A 430
2024-02-28 14:58:40,995 WARNING:biomolecule.py:157:num_missing_heavy:Missing atom OXT in residue PRO A 431
