2024-02-28 14:07:19,550 WARNING:biomolecule.py:992:create_residue:Unable to find amino or nucleic acid definition for ABA.  Parsing as new residue.
2024-02-28 14:07:19,566 WARNING:biomolecule.py:992:create_residue:Unable to find amino or nucleic acid definition for ABA.  Parsing as new residue.
2024-02-28 14:07:19,594 WARNING:biomolecule.py:992:create_residue:Unable to find amino or nucleic acid definition for ABA.  Parsing as new residue.
2024-02-28 14:07:19,596 WARNING:biomolecule.py:992:create_residue:Unable to find amino or nucleic acid definition for ABA.  Parsing as new residue.
2024-02-28 14:07:19,596 WARNING:biomolecule.py:992:create_residue:Unable to find amino or nucleic acid definition for SO4.  Parsing as new residue.
2024-02-28 14:07:19,596 WARNING:biomolecule.py:992:create_residue:Unable to find amino or nucleic acid definition for SO4.  Parsing as new residue.
2024-02-28 14:07:19,596 WARNING:biomolecule.py:992:create_residue:Unable to find amino or nucleic acid definition for PI6.  Parsing as new residue.
2024-02-28 14:07:19,596 WARNING:biomolecule.py:992:create_residue:Unable to find amino or nucleic acid definition for SO4.  Parsing as new residue.
2024-02-28 14:07:19,597 WARNING:main.py:418:setup_molecule:Multiple occupancies found: CB in GLU A 34.
2024-02-28 14:07:19,597 WARNING:main.py:418:setup_molecule:Multiple occupancies found: CG in GLU A 34.
2024-02-28 14:07:19,597 WARNING:main.py:418:setup_molecule:Multiple occupancies found: CD in GLU A 34.
2024-02-28 14:07:19,597 WARNING:main.py:418:setup_molecule:Multiple occupancies found: OE1 in GLU A 34.
2024-02-28 14:07:19,597 WARNING:main.py:418:setup_molecule:Multiple occupancies found: OE2 in GLU A 34.
2024-02-28 14:07:19,597 WARNING:main.py:424:setup_molecule:Multiple occupancies found in GLU A 34. At least one of the instances is being ignored.
2024-02-28 14:07:19,597 WARNING:main.py:418:setup_molecule:Multiple occupancies found: CB in GLU A 35.
2024-02-28 14:07:19,597 WARNING:main.py:418:setup_molecule:Multiple occupancies found: CG in GLU A 35.
2024-02-28 14:07:19,597 WARNING:main.py:418:setup_molecule:Multiple occupancies found: CD in GLU A 35.
2024-02-28 14:07:19,597 WARNING:main.py:418:setup_molecule:Multiple occupancies found: OE1 in GLU A 35.
2024-02-28 14:07:19,597 WARNING:main.py:418:setup_molecule:Multiple occupancies found: OE2 in GLU A 35.
2024-02-28 14:07:19,597 WARNING:main.py:424:setup_molecule:Multiple occupancies found in GLU A 35. At least one of the instances is being ignored.
2024-02-28 14:07:19,597 WARNING:main.py:418:setup_molecule:Multiple occupancies found: N in ILE A 50.
2024-02-28 14:07:19,597 WARNING:main.py:418:setup_molecule:Multiple occupancies found: CA in ILE A 50.
2024-02-28 14:07:19,597 WARNING:main.py:418:setup_molecule:Multiple occupancies found: C in ILE A 50.
2024-02-28 14:07:19,597 WARNING:main.py:418:setup_molecule:Multiple occupancies found: O in ILE A 50.
2024-02-28 14:07:19,653 WARNING:main.py:418:setup_molecule:Multiple occupancies found: CB in ILE A 50.
2024-02-28 14:07:19,653 WARNING:main.py:418:setup_molecule:Multiple occupancies found: CG1 in ILE A 50.
2024-02-28 14:07:19,653 WARNING:main.py:418:setup_molecule:Multiple occupancies found: CG2 in ILE A 50.
2024-02-28 14:07:19,653 WARNING:main.py:418:setup_molecule:Multiple occupancies found: CD1 in ILE A 50.
2024-02-28 14:07:19,653 WARNING:main.py:424:setup_molecule:Multiple occupancies found in ILE A 50. At least one of the instances is being ignored.
2024-02-28 14:07:19,653 WARNING:main.py:418:setup_molecule:Multiple occupancies found: N in GLY A 51.
2024-02-28 14:07:19,653 WARNING:main.py:418:setup_molecule:Multiple occupancies found: CA in GLY A 51.
2024-02-28 14:07:19,653 WARNING:main.py:418:setup_molecule:Multiple occupancies found: C in GLY A 51.
2024-02-28 14:07:19,653 WARNING:main.py:418:setup_molecule:Multiple occupancies found: O in GLY A 51.
2024-02-28 14:07:19,653 WARNING:main.py:424:setup_molecule:Multiple occupancies found in GLY A 51. At least one of the instances is being ignored.
2024-02-28 14:07:19,653 WARNING:main.py:418:setup_molecule:Multiple occupancies found: CB in ARG A 57.
2024-02-28 14:07:19,654 WARNING:main.py:418:setup_molecule:Multiple occupancies found: CG in ARG A 57.
2024-02-28 14:07:19,654 WARNING:main.py:418:setup_molecule:Multiple occupancies found: CD in ARG A 57.
2024-02-28 14:07:19,654 WARNING:main.py:418:setup_molecule:Multiple occupancies found: NE in ARG A 57.
2024-02-28 14:07:19,654 WARNING:main.py:418:setup_molecule:Multiple occupancies found: CZ in ARG A 57.
2024-02-28 14:07:19,654 WARNING:main.py:418:setup_molecule:Multiple occupancies found: NH1 in ARG A 57.
2024-02-28 14:07:19,654 WARNING:main.py:418:setup_molecule:Multiple occupancies found: NH2 in ARG A 57.
2024-02-28 14:07:19,654 WARNING:main.py:424:setup_molecule:Multiple occupancies found in ARG A 57. At least one of the instances is being ignored.
2024-02-28 14:07:19,654 WARNING:main.py:418:setup_molecule:Multiple occupancies found: CB in MET B 46.
2024-02-28 14:07:19,654 WARNING:main.py:418:setup_molecule:Multiple occupancies found: CG in MET B 46.
2024-02-28 14:07:19,654 WARNING:main.py:418:setup_molecule:Multiple occupancies found: SD in MET B 46.
2024-02-28 14:07:19,654 WARNING:main.py:418:setup_molecule:Multiple occupancies found: CE in MET B 46.
2024-02-28 14:07:19,654 WARNING:main.py:424:setup_molecule:Multiple occupancies found in MET B 46. At least one of the instances is being ignored.
2024-02-28 14:07:19,654 WARNING:main.py:418:setup_molecule:Multiple occupancies found: N in ILE B 50.
2024-02-28 14:07:19,654 WARNING:main.py:418:setup_molecule:Multiple occupancies found: CA in ILE B 50.
2024-02-28 14:07:19,654 WARNING:main.py:418:setup_molecule:Multiple occupancies found: C in ILE B 50.
2024-02-28 14:07:19,654 WARNING:main.py:418:setup_molecule:Multiple occupancies found: O in ILE B 50.
2024-02-28 14:07:19,654 WARNING:main.py:418:setup_molecule:Multiple occupancies found: CB in ILE B 50.
2024-02-28 14:07:19,654 WARNING:main.py:418:setup_molecule:Multiple occupancies found: CG1 in ILE B 50.
2024-02-28 14:07:19,654 WARNING:main.py:418:setup_molecule:Multiple occupancies found: CG2 in ILE B 50.
2024-02-28 14:07:19,654 WARNING:main.py:418:setup_molecule:Multiple occupancies found: CD1 in ILE B 50.
2024-02-28 14:07:19,654 WARNING:main.py:424:setup_molecule:Multiple occupancies found in ILE B 50. At least one of the instances is being ignored.
2024-02-28 14:07:19,654 WARNING:main.py:418:setup_molecule:Multiple occupancies found: N in GLY B 51.
2024-02-28 14:07:19,654 WARNING:main.py:418:setup_molecule:Multiple occupancies found: CA in GLY B 51.
2024-02-28 14:07:19,654 WARNING:main.py:418:setup_molecule:Multiple occupancies found: C in GLY B 51.
2024-02-28 14:07:19,654 WARNING:main.py:418:setup_molecule:Multiple occupancies found: O in GLY B 51.
2024-02-28 14:07:19,654 WARNING:main.py:424:setup_molecule:Multiple occupancies found in GLY B 51. At least one of the instances is being ignored.
2024-02-28 14:07:19,734 WARNING:biomolecule.py:157:num_missing_heavy:Missing atom CG in residue LYS A 41
2024-02-28 14:07:19,741 WARNING:biomolecule.py:157:num_missing_heavy:Missing atom CD in residue LYS A 41
2024-02-28 14:07:19,741 WARNING:biomolecule.py:157:num_missing_heavy:Missing atom CE in residue LYS A 41
2024-02-28 14:07:19,741 WARNING:biomolecule.py:157:num_missing_heavy:Missing atom NZ in residue LYS A 41
2024-02-28 14:07:19,741 WARNING:biomolecule.py:157:num_missing_heavy:Missing atom CG in residue LYS A 43
2024-02-28 14:07:19,741 WARNING:biomolecule.py:157:num_missing_heavy:Missing atom CD in residue LYS A 43
2024-02-28 14:07:19,741 WARNING:biomolecule.py:157:num_missing_heavy:Missing atom CE in residue LYS A 43
2024-02-28 14:07:19,741 WARNING:biomolecule.py:157:num_missing_heavy:Missing atom NZ in residue LYS A 43
2024-02-28 14:07:19,742 WARNING:biomolecule.py:157:num_missing_heavy:Missing atom CG in residue LYS B 41
2024-02-28 14:07:19,742 WARNING:biomolecule.py:157:num_missing_heavy:Missing atom CD in residue LYS B 41
2024-02-28 14:07:19,742 WARNING:biomolecule.py:157:num_missing_heavy:Missing atom CE in residue LYS B 41
2024-02-28 14:07:19,742 WARNING:biomolecule.py:157:num_missing_heavy:Missing atom NZ in residue LYS B 41
2024-02-28 14:07:19,742 WARNING:biomolecule.py:157:num_missing_heavy:Missing atom CG in residue LYS B 43
2024-02-28 14:07:19,742 WARNING:biomolecule.py:157:num_missing_heavy:Missing atom CD in residue LYS B 43
2024-02-28 14:07:19,742 WARNING:biomolecule.py:157:num_missing_heavy:Missing atom CE in residue LYS B 43
2024-02-28 14:07:19,742 WARNING:biomolecule.py:157:num_missing_heavy:Missing atom NZ in residue LYS B 43
2024-02-28 14:07:19,742 WARNING:biomolecule.py:157:num_missing_heavy:Missing atom CG in residue LYS A 41
2024-02-28 14:07:19,743 WARNING:biomolecule.py:157:num_missing_heavy:Missing atom CD in residue LYS A 41
2024-02-28 14:07:19,743 WARNING:biomolecule.py:157:num_missing_heavy:Missing atom CE in residue LYS A 41
2024-02-28 14:07:19,743 WARNING:biomolecule.py:157:num_missing_heavy:Missing atom NZ in residue LYS A 41
2024-02-28 14:07:19,743 WARNING:biomolecule.py:157:num_missing_heavy:Missing atom CG in residue LYS A 43
2024-02-28 14:07:19,743 WARNING:biomolecule.py:157:num_missing_heavy:Missing atom CD in residue LYS A 43
2024-02-28 14:07:19,743 WARNING:biomolecule.py:157:num_missing_heavy:Missing atom CE in residue LYS A 43
2024-02-28 14:07:19,743 WARNING:biomolecule.py:157:num_missing_heavy:Missing atom NZ in residue LYS A 43
2024-02-28 14:07:19,743 WARNING:biomolecule.py:157:num_missing_heavy:Missing atom CG in residue LYS B 41
2024-02-28 14:07:19,743 WARNING:biomolecule.py:157:num_missing_heavy:Missing atom CD in residue LYS B 41
2024-02-28 14:07:19,743 WARNING:biomolecule.py:157:num_missing_heavy:Missing atom CE in residue LYS B 41
2024-02-28 14:07:19,743 WARNING:biomolecule.py:157:num_missing_heavy:Missing atom NZ in residue LYS B 41
2024-02-28 14:07:19,743 WARNING:biomolecule.py:157:num_missing_heavy:Missing atom CG in residue LYS B 43
2024-02-28 14:07:19,743 WARNING:biomolecule.py:157:num_missing_heavy:Missing atom CD in residue LYS B 43
2024-02-28 14:07:19,743 WARNING:biomolecule.py:157:num_missing_heavy:Missing atom CE in residue LYS B 43
2024-02-28 14:07:19,743 WARNING:biomolecule.py:157:num_missing_heavy:Missing atom NZ in residue LYS B 43
2024-02-28 14:07:19,744 WARNING:biomolecule.py:157:num_missing_heavy:Missing atom CG in residue LYS A 41
2024-02-28 14:07:19,744 WARNING:biomolecule.py:157:num_missing_heavy:Missing atom CD in residue LYS A 41
2024-02-28 14:07:19,744 WARNING:biomolecule.py:157:num_missing_heavy:Missing atom CE in residue LYS A 41
2024-02-28 14:07:19,744 WARNING:biomolecule.py:157:num_missing_heavy:Missing atom NZ in residue LYS A 41
2024-02-28 14:07:19,744 WARNING:biomolecule.py:157:num_missing_heavy:Missing atom CG in residue LYS A 43
2024-02-28 14:07:19,744 WARNING:biomolecule.py:157:num_missing_heavy:Missing atom CD in residue LYS A 43
2024-02-28 14:07:19,744 WARNING:biomolecule.py:157:num_missing_heavy:Missing atom CE in residue LYS A 43
2024-02-28 14:07:19,744 WARNING:biomolecule.py:157:num_missing_heavy:Missing atom NZ in residue LYS A 43
2024-02-28 14:07:19,744 WARNING:biomolecule.py:157:num_missing_heavy:Missing atom CG in residue LYS B 41
2024-02-28 14:07:19,744 WARNING:biomolecule.py:157:num_missing_heavy:Missing atom CD in residue LYS B 41
2024-02-28 14:07:19,744 WARNING:biomolecule.py:157:num_missing_heavy:Missing atom CE in residue LYS B 41
2024-02-28 14:07:19,744 WARNING:biomolecule.py:157:num_missing_heavy:Missing atom NZ in residue LYS B 41
2024-02-28 14:07:19,744 WARNING:biomolecule.py:157:num_missing_heavy:Missing atom CG in residue LYS B 43
2024-02-28 14:07:19,744 WARNING:biomolecule.py:157:num_missing_heavy:Missing atom CD in residue LYS B 43
2024-02-28 14:07:19,744 WARNING:biomolecule.py:157:num_missing_heavy:Missing atom CE in residue LYS B 43
2024-02-28 14:07:19,744 WARNING:biomolecule.py:157:num_missing_heavy:Missing atom NZ in residue LYS B 43
2024-02-28 14:07:22,868 WARNING:main.py:311:print_pqr:Ignoring 3435 header lines in output.
2024-02-28 14:07:22,868 WARNING:main.py:315:print_pqr:Ignoring 82 missing lines in output.
