2024-02-28 14:07:16,845 WARNING:biomolecule.py:992:create_residue:Unable to find amino or nucleic acid definition for FRG.  Parsing as new residue.
2024-02-28 14:07:16,845 WARNING:biomolecule.py:992:create_residue:Unable to find amino or nucleic acid definition for FRG.  Parsing as new residue.
2024-02-28 14:07:16,846 WARNING:main.py:418:setup_molecule:Multiple occupancies found: CG in GLU B 116.
2024-02-28 14:07:16,846 WARNING:main.py:418:setup_molecule:Multiple occupancies found: CD in GLU B 116.
2024-02-28 14:07:16,846 WARNING:main.py:418:setup_molecule:Multiple occupancies found: OE1 in GLU B 116.
2024-02-28 14:07:16,846 WARNING:main.py:418:setup_molecule:Multiple occupancies found: OE2 in GLU B 116.
2024-02-28 14:07:16,846 WARNING:main.py:424:setup_molecule:Multiple occupancies found in GLU B 116. At least one of the instances is being ignored.
2024-02-28 14:07:16,851 WARNING:biomolecule.py:615:update_bonds:Gap in backbone detected between GLN A 74 and ARG A 81!
2024-02-28 14:07:16,852 WARNING:biomolecule.py:615:update_bonds:Gap in backbone detected between PHE B 78 and ARG B 83!
2024-02-28 14:07:16,862 WARNING:biomolecule.py:157:num_missing_heavy:Missing atom CG in residue ARG A 81
2024-02-28 14:07:16,862 WARNING:biomolecule.py:157:num_missing_heavy:Missing atom CD in residue ARG A 81
2024-02-28 14:07:16,862 WARNING:biomolecule.py:157:num_missing_heavy:Missing atom NE in residue ARG A 81
2024-02-28 14:07:16,862 WARNING:biomolecule.py:157:num_missing_heavy:Missing atom CZ in residue ARG A 81
2024-02-28 14:07:16,862 WARNING:biomolecule.py:157:num_missing_heavy:Missing atom NH1 in residue ARG A 81
2024-02-28 14:07:16,862 WARNING:biomolecule.py:157:num_missing_heavy:Missing atom NH2 in residue ARG A 81
2024-02-28 14:07:16,862 WARNING:biomolecule.py:157:num_missing_heavy:Missing atom OXT in residue LEU A 132
2024-02-28 14:07:16,862 WARNING:biomolecule.py:157:num_missing_heavy:Missing atom OXT in residue THR B 133
2024-02-28 14:07:16,863 WARNING:biomolecule.py:157:num_missing_heavy:Missing atom CG in residue ARG A 81
2024-02-28 14:07:16,863 WARNING:biomolecule.py:157:num_missing_heavy:Missing atom CD in residue ARG A 81
2024-02-28 14:07:16,863 WARNING:biomolecule.py:157:num_missing_heavy:Missing atom NE in residue ARG A 81
2024-02-28 14:07:16,863 WARNING:biomolecule.py:157:num_missing_heavy:Missing atom CZ in residue ARG A 81
2024-02-28 14:07:16,863 WARNING:biomolecule.py:157:num_missing_heavy:Missing atom NH1 in residue ARG A 81
2024-02-28 14:07:16,863 WARNING:biomolecule.py:157:num_missing_heavy:Missing atom NH2 in residue ARG A 81
2024-02-28 14:07:16,863 WARNING:biomolecule.py:157:num_missing_heavy:Missing atom OXT in residue LEU A 132
2024-02-28 14:07:16,864 WARNING:biomolecule.py:157:num_missing_heavy:Missing atom OXT in residue THR B 133
2024-02-28 14:07:16,864 WARNING:biomolecule.py:157:num_missing_heavy:Missing atom CG in residue ARG A 81
2024-02-28 14:07:16,864 WARNING:biomolecule.py:157:num_missing_heavy:Missing atom CD in residue ARG A 81
2024-02-28 14:07:16,864 WARNING:biomolecule.py:157:num_missing_heavy:Missing atom NE in residue ARG A 81
2024-02-28 14:07:16,864 WARNING:biomolecule.py:157:num_missing_heavy:Missing atom CZ in residue ARG A 81
2024-02-28 14:07:16,864 WARNING:biomolecule.py:157:num_missing_heavy:Missing atom NH1 in residue ARG A 81
2024-02-28 14:07:16,864 WARNING:biomolecule.py:157:num_missing_heavy:Missing atom NH2 in residue ARG A 81
2024-02-28 14:07:16,864 WARNING:biomolecule.py:157:num_missing_heavy:Missing atom OXT in residue LEU A 132
2024-02-28 14:07:16,865 WARNING:biomolecule.py:157:num_missing_heavy:Missing atom OXT in residue THR B 133
2024-02-28 14:07:20,349 WARNING:main.py:311:print_pqr:Ignoring 2985 header lines in output.
2024-02-28 14:07:20,349 WARNING:main.py:315:print_pqr:Ignoring 66 missing lines in output.
