2024-02-28 14:07:17,990 WARNING:biomolecule.py:992:create_residue:Unable to find amino or nucleic acid definition for 0ZQ.  Parsing as new residue.
2024-02-28 14:07:18,406 WARNING:biomolecule.py:992:create_residue:Unable to find amino or nucleic acid definition for BME.  Parsing as new residue.
2024-02-28 14:07:18,406 WARNING:main.py:418:setup_molecule:Multiple occupancies found: CB in ILE A 3.
2024-02-28 14:07:18,406 WARNING:main.py:418:setup_molecule:Multiple occupancies found: CG1 in ILE A 3.
2024-02-28 14:07:18,406 WARNING:main.py:418:setup_molecule:Multiple occupancies found: CG2 in ILE A 3.
2024-02-28 14:07:18,406 WARNING:main.py:418:setup_molecule:Multiple occupancies found: CD1 in ILE A 3.
2024-02-28 14:07:18,406 WARNING:main.py:424:setup_molecule:Multiple occupancies found in ILE A 3. At least one of the instances is being ignored.
2024-02-28 14:07:18,406 WARNING:main.py:418:setup_molecule:Multiple occupancies found: CB in GLU A 35.
2024-02-28 14:07:18,406 WARNING:main.py:418:setup_molecule:Multiple occupancies found: CG in GLU A 35.
2024-02-28 14:07:18,406 WARNING:main.py:418:setup_molecule:Multiple occupancies found: CD in GLU A 35.
2024-02-28 14:07:18,406 WARNING:main.py:418:setup_molecule:Multiple occupancies found: OE1 in GLU A 35.
2024-02-28 14:07:18,406 WARNING:main.py:418:setup_molecule:Multiple occupancies found: OE2 in GLU A 35.
2024-02-28 14:07:18,406 WARNING:main.py:424:setup_molecule:Multiple occupancies found in GLU A 35. At least one of the instances is being ignored.
2024-02-28 14:07:18,406 WARNING:main.py:418:setup_molecule:Multiple occupancies found: C in ILE A 50.
2024-02-28 14:07:18,407 WARNING:main.py:418:setup_molecule:Multiple occupancies found: O in ILE A 50.
2024-02-28 14:07:18,407 WARNING:main.py:424:setup_molecule:Multiple occupancies found in ILE A 50. At least one of the instances is being ignored.
2024-02-28 14:07:18,407 WARNING:main.py:418:setup_molecule:Multiple occupancies found: N in GLY A 51.
2024-02-28 14:07:18,407 WARNING:main.py:424:setup_molecule:Multiple occupancies found in GLY A 51. At least one of the instances is being ignored.
2024-02-28 14:07:18,407 WARNING:main.py:418:setup_molecule:Multiple occupancies found: CB in PHE A 53.
2024-02-28 14:07:18,407 WARNING:main.py:418:setup_molecule:Multiple occupancies found: CG in PHE A 53.
2024-02-28 14:07:18,407 WARNING:main.py:418:setup_molecule:Multiple occupancies found: CD1 in PHE A 53.
2024-02-28 14:07:18,407 WARNING:main.py:418:setup_molecule:Multiple occupancies found: CD2 in PHE A 53.
2024-02-28 14:07:18,407 WARNING:main.py:418:setup_molecule:Multiple occupancies found: CE1 in PHE A 53.
2024-02-28 14:07:18,407 WARNING:main.py:418:setup_molecule:Multiple occupancies found: CE2 in PHE A 53.
2024-02-28 14:07:18,407 WARNING:main.py:418:setup_molecule:Multiple occupancies found: CZ in PHE A 53.
2024-02-28 14:07:18,407 WARNING:main.py:424:setup_molecule:Multiple occupancies found in PHE A 53. At least one of the instances is being ignored.
2024-02-28 14:07:18,407 WARNING:main.py:418:setup_molecule:Multiple occupancies found: CG1 in ILE A 64.
2024-02-28 14:07:18,407 WARNING:main.py:418:setup_molecule:Multiple occupancies found: CG2 in ILE A 64.
2024-02-28 14:07:18,407 WARNING:main.py:418:setup_molecule:Multiple occupancies found: CD1 in ILE A 64.
2024-02-28 14:07:18,407 WARNING:main.py:424:setup_molecule:Multiple occupancies found in ILE A 64. At least one of the instances is being ignored.
2024-02-28 14:07:18,407 WARNING:main.py:418:setup_molecule:Multiple occupancies found: SG in CYS A 67.
2024-02-28 14:07:18,407 WARNING:main.py:424:setup_molecule:Multiple occupancies found in CYS A 67. At least one of the instances is being ignored.
2024-02-28 14:07:18,407 WARNING:main.py:418:setup_molecule:Multiple occupancies found: CB in THR A 82.
2024-02-28 14:07:18,407 WARNING:main.py:418:setup_molecule:Multiple occupancies found: OG1 in THR A 82.
2024-02-28 14:07:18,407 WARNING:main.py:418:setup_molecule:Multiple occupancies found: CG2 in THR A 82.
2024-02-28 14:07:18,407 WARNING:main.py:424:setup_molecule:Multiple occupancies found in THR A 82. At least one of the instances is being ignored.
2024-02-28 14:07:18,407 WARNING:main.py:418:setup_molecule:Multiple occupancies found: CB in VAL A 84.
2024-02-28 14:07:18,407 WARNING:main.py:418:setup_molecule:Multiple occupancies found: CG1 in VAL A 84.
2024-02-28 14:07:18,407 WARNING:main.py:418:setup_molecule:Multiple occupancies found: CG2 in VAL A 84.
2024-02-28 14:07:18,407 WARNING:main.py:424:setup_molecule:Multiple occupancies found in VAL A 84. At least one of the instances is being ignored.
2024-02-28 14:07:18,407 WARNING:main.py:418:setup_molecule:Multiple occupancies found: CB in ILE B 103.
2024-02-28 14:07:18,407 WARNING:main.py:418:setup_molecule:Multiple occupancies found: CG1 in ILE B 103.
2024-02-28 14:07:18,407 WARNING:main.py:418:setup_molecule:Multiple occupancies found: CG2 in ILE B 103.
2024-02-28 14:07:18,407 WARNING:main.py:418:setup_molecule:Multiple occupancies found: CD1 in ILE B 103.
2024-02-28 14:07:18,407 WARNING:main.py:424:setup_molecule:Multiple occupancies found in ILE B 103. At least one of the instances is being ignored.
2024-02-28 14:07:18,407 WARNING:main.py:418:setup_molecule:Multiple occupancies found: CB in GLU B 135.
2024-02-28 14:07:18,407 WARNING:main.py:418:setup_molecule:Multiple occupancies found: CG in GLU B 135.
2024-02-28 14:07:18,408 WARNING:main.py:418:setup_molecule:Multiple occupancies found: CD in GLU B 135.
2024-02-28 14:07:18,408 WARNING:main.py:418:setup_molecule:Multiple occupancies found: OE1 in GLU B 135.
2024-02-28 14:07:18,408 WARNING:main.py:418:setup_molecule:Multiple occupancies found: OE2 in GLU B 135.
2024-02-28 14:07:18,408 WARNING:main.py:424:setup_molecule:Multiple occupancies found in GLU B 135. At least one of the instances is being ignored.
2024-02-28 14:07:18,408 WARNING:main.py:418:setup_molecule:Multiple occupancies found: C in ILE B 150.
2024-02-28 14:07:18,408 WARNING:main.py:418:setup_molecule:Multiple occupancies found: O in ILE B 150.
2024-02-28 14:07:18,408 WARNING:main.py:424:setup_molecule:Multiple occupancies found in ILE B 150. At least one of the instances is being ignored.
2024-02-28 14:07:18,408 WARNING:main.py:418:setup_molecule:Multiple occupancies found: N in GLY B 151.
2024-02-28 14:07:18,408 WARNING:main.py:424:setup_molecule:Multiple occupancies found in GLY B 151. At least one of the instances is being ignored.
2024-02-28 14:07:18,408 WARNING:main.py:418:setup_molecule:Multiple occupancies found: CB in PHE B 153.
2024-02-28 14:07:18,408 WARNING:main.py:418:setup_molecule:Multiple occupancies found: CG in PHE B 153.
2024-02-28 14:07:18,408 WARNING:main.py:418:setup_molecule:Multiple occupancies found: CD1 in PHE B 153.
2024-02-28 14:07:18,408 WARNING:main.py:418:setup_molecule:Multiple occupancies found: CD2 in PHE B 153.
2024-02-28 14:07:18,408 WARNING:main.py:418:setup_molecule:Multiple occupancies found: CE1 in PHE B 153.
2024-02-28 14:07:18,408 WARNING:main.py:418:setup_molecule:Multiple occupancies found: CE2 in PHE B 153.
2024-02-28 14:07:18,408 WARNING:main.py:418:setup_molecule:Multiple occupancies found: CZ in PHE B 153.
2024-02-28 14:07:18,408 WARNING:main.py:424:setup_molecule:Multiple occupancies found in PHE B 153. At least one of the instances is being ignored.
2024-02-28 14:07:18,408 WARNING:main.py:418:setup_molecule:Multiple occupancies found: CG1 in ILE B 164.
2024-02-28 14:07:18,408 WARNING:main.py:418:setup_molecule:Multiple occupancies found: CG2 in ILE B 164.
2024-02-28 14:07:18,408 WARNING:main.py:418:setup_molecule:Multiple occupancies found: CD1 in ILE B 164.
2024-02-28 14:07:18,408 WARNING:main.py:424:setup_molecule:Multiple occupancies found in ILE B 164. At least one of the instances is being ignored.
2024-02-28 14:07:18,408 WARNING:main.py:418:setup_molecule:Multiple occupancies found: SG in CYS B 167.
2024-02-28 14:07:18,408 WARNING:main.py:424:setup_molecule:Multiple occupancies found in CYS B 167. At least one of the instances is being ignored.
2024-02-28 14:07:18,408 WARNING:main.py:418:setup_molecule:Multiple occupancies found: CB in THR B 182.
2024-02-28 14:07:18,408 WARNING:main.py:418:setup_molecule:Multiple occupancies found: OG1 in THR B 182.
2024-02-28 14:07:18,408 WARNING:main.py:418:setup_molecule:Multiple occupancies found: CG2 in THR B 182.
2024-02-28 14:07:18,408 WARNING:main.py:424:setup_molecule:Multiple occupancies found in THR B 182. At least one of the instances is being ignored.
2024-02-28 14:07:18,408 WARNING:main.py:418:setup_molecule:Multiple occupancies found: CB in VAL B 184.
2024-02-28 14:07:18,408 WARNING:main.py:418:setup_molecule:Multiple occupancies found: CG1 in VAL B 184.
2024-02-28 14:07:18,408 WARNING:main.py:418:setup_molecule:Multiple occupancies found: CG2 in VAL B 184.
2024-02-28 14:07:18,408 WARNING:main.py:424:setup_molecule:Multiple occupancies found in VAL B 184. At least one of the instances is being ignored.
2024-02-28 14:07:19,498 WARNING:main.py:311:print_pqr:Ignoring 2570 header lines in output.
2024-02-28 14:07:19,498 WARNING:main.py:315:print_pqr:Ignoring 54 missing lines in output.
