2024-02-28 14:07:17,105 WARNING:biomolecule.py:992:create_residue:Unable to find amino or nucleic acid definition for ZN.  Parsing as new residue.
2024-02-28 14:07:17,150 WARNING:biomolecule.py:992:create_residue:Unable to find amino or nucleic acid definition for ZN.  Parsing as new residue.
2024-02-28 14:07:17,150 WARNING:biomolecule.py:992:create_residue:Unable to find amino or nucleic acid definition for CA.  Parsing as new residue.
2024-02-28 14:07:17,150 WARNING:biomolecule.py:992:create_residue:Unable to find amino or nucleic acid definition for CA.  Parsing as new residue.
2024-02-28 14:07:17,150 WARNING:biomolecule.py:992:create_residue:Unable to find amino or nucleic acid definition for SRS.  Parsing as new residue.
2024-02-28 14:07:17,174 WARNING:biomolecule.py:157:num_missing_heavy:Missing atom CG in residue ASN A 105
2024-02-28 14:07:17,293 WARNING:biomolecule.py:157:num_missing_heavy:Missing atom OD1 in residue ASN A 105
2024-02-28 14:07:17,293 WARNING:biomolecule.py:157:num_missing_heavy:Missing atom ND2 in residue ASN A 105
2024-02-28 14:07:17,293 WARNING:biomolecule.py:157:num_missing_heavy:Missing atom CG in residue LYS A 112
2024-02-28 14:07:17,293 WARNING:biomolecule.py:157:num_missing_heavy:Missing atom CD in residue LYS A 112
2024-02-28 14:07:17,293 WARNING:biomolecule.py:157:num_missing_heavy:Missing atom CE in residue LYS A 112
2024-02-28 14:07:17,293 WARNING:biomolecule.py:157:num_missing_heavy:Missing atom NZ in residue LYS A 112
2024-02-28 14:07:17,294 WARNING:biomolecule.py:157:num_missing_heavy:Missing atom CG in residue ARG A 123
2024-02-28 14:07:17,294 WARNING:biomolecule.py:157:num_missing_heavy:Missing atom CD in residue ARG A 123
2024-02-28 14:07:17,294 WARNING:biomolecule.py:157:num_missing_heavy:Missing atom NE in residue ARG A 123
2024-02-28 14:07:17,294 WARNING:biomolecule.py:157:num_missing_heavy:Missing atom CZ in residue ARG A 123
2024-02-28 14:07:17,294 WARNING:biomolecule.py:157:num_missing_heavy:Missing atom NH1 in residue ARG A 123
2024-02-28 14:07:17,294 WARNING:biomolecule.py:157:num_missing_heavy:Missing atom NH2 in residue ARG A 123
2024-02-28 14:07:17,294 WARNING:biomolecule.py:157:num_missing_heavy:Missing atom CG in residue LYS A 143
2024-02-28 14:07:17,294 WARNING:biomolecule.py:157:num_missing_heavy:Missing atom CD in residue LYS A 143
2024-02-28 14:07:17,294 WARNING:biomolecule.py:157:num_missing_heavy:Missing atom CE in residue LYS A 143
2024-02-28 14:07:17,294 WARNING:biomolecule.py:157:num_missing_heavy:Missing atom NZ in residue LYS A 143
2024-02-28 14:07:17,294 WARNING:biomolecule.py:157:num_missing_heavy:Missing atom CG in residue LYS A 249
2024-02-28 14:07:17,294 WARNING:biomolecule.py:157:num_missing_heavy:Missing atom CD in residue LYS A 249
2024-02-28 14:07:17,294 WARNING:biomolecule.py:157:num_missing_heavy:Missing atom CE in residue LYS A 249
2024-02-28 14:07:17,294 WARNING:biomolecule.py:157:num_missing_heavy:Missing atom NZ in residue LYS A 249
2024-02-28 14:07:17,295 WARNING:biomolecule.py:157:num_missing_heavy:Missing atom CG in residue LYS A 260
2024-02-28 14:07:17,295 WARNING:biomolecule.py:157:num_missing_heavy:Missing atom CD in residue LYS A 260
2024-02-28 14:07:17,295 WARNING:biomolecule.py:157:num_missing_heavy:Missing atom CE in residue LYS A 260
2024-02-28 14:07:17,295 WARNING:biomolecule.py:157:num_missing_heavy:Missing atom NZ in residue LYS A 260
2024-02-28 14:07:17,295 WARNING:biomolecule.py:157:num_missing_heavy:Missing atom CG in residue ARG A 265
2024-02-28 14:07:17,295 WARNING:biomolecule.py:157:num_missing_heavy:Missing atom CD in residue ARG A 265
2024-02-28 14:07:17,295 WARNING:biomolecule.py:157:num_missing_heavy:Missing atom NE in residue ARG A 265
2024-02-28 14:07:17,295 WARNING:biomolecule.py:157:num_missing_heavy:Missing atom CZ in residue ARG A 265
2024-02-28 14:07:17,295 WARNING:biomolecule.py:157:num_missing_heavy:Missing atom NH1 in residue ARG A 265
2024-02-28 14:07:17,295 WARNING:biomolecule.py:157:num_missing_heavy:Missing atom NH2 in residue ARG A 265
2024-02-28 14:07:17,295 WARNING:biomolecule.py:157:num_missing_heavy:Missing atom OXT in residue ARG A 265
2024-02-28 14:07:17,295 WARNING:biomolecule.py:157:num_missing_heavy:Missing atom CG in residue ASN A 105
2024-02-28 14:07:17,295 WARNING:biomolecule.py:157:num_missing_heavy:Missing atom OD1 in residue ASN A 105
2024-02-28 14:07:17,295 WARNING:biomolecule.py:157:num_missing_heavy:Missing atom ND2 in residue ASN A 105
2024-02-28 14:07:17,295 WARNING:biomolecule.py:157:num_missing_heavy:Missing atom CG in residue LYS A 112
2024-02-28 14:07:17,295 WARNING:biomolecule.py:157:num_missing_heavy:Missing atom CD in residue LYS A 112
2024-02-28 14:07:17,295 WARNING:biomolecule.py:157:num_missing_heavy:Missing atom CE in residue LYS A 112
2024-02-28 14:07:17,295 WARNING:biomolecule.py:157:num_missing_heavy:Missing atom NZ in residue LYS A 112
2024-02-28 14:07:17,295 WARNING:biomolecule.py:157:num_missing_heavy:Missing atom CG in residue ARG A 123
2024-02-28 14:07:17,295 WARNING:biomolecule.py:157:num_missing_heavy:Missing atom CD in residue ARG A 123
2024-02-28 14:07:17,295 WARNING:biomolecule.py:157:num_missing_heavy:Missing atom NE in residue ARG A 123
2024-02-28 14:07:17,295 WARNING:biomolecule.py:157:num_missing_heavy:Missing atom CZ in residue ARG A 123
2024-02-28 14:07:17,295 WARNING:biomolecule.py:157:num_missing_heavy:Missing atom NH1 in residue ARG A 123
2024-02-28 14:07:17,295 WARNING:biomolecule.py:157:num_missing_heavy:Missing atom NH2 in residue ARG A 123
2024-02-28 14:07:17,296 WARNING:biomolecule.py:157:num_missing_heavy:Missing atom CG in residue LYS A 143
2024-02-28 14:07:17,296 WARNING:biomolecule.py:157:num_missing_heavy:Missing atom CD in residue LYS A 143
2024-02-28 14:07:17,296 WARNING:biomolecule.py:157:num_missing_heavy:Missing atom CE in residue LYS A 143
2024-02-28 14:07:17,296 WARNING:biomolecule.py:157:num_missing_heavy:Missing atom NZ in residue LYS A 143
2024-02-28 14:07:17,296 WARNING:biomolecule.py:157:num_missing_heavy:Missing atom CG in residue LYS A 249
2024-02-28 14:07:17,296 WARNING:biomolecule.py:157:num_missing_heavy:Missing atom CD in residue LYS A 249
2024-02-28 14:07:17,296 WARNING:biomolecule.py:157:num_missing_heavy:Missing atom CE in residue LYS A 249
2024-02-28 14:07:17,296 WARNING:biomolecule.py:157:num_missing_heavy:Missing atom NZ in residue LYS A 249
2024-02-28 14:07:17,296 WARNING:biomolecule.py:157:num_missing_heavy:Missing atom CG in residue LYS A 260
2024-02-28 14:07:17,296 WARNING:biomolecule.py:157:num_missing_heavy:Missing atom CD in residue LYS A 260
2024-02-28 14:07:17,296 WARNING:biomolecule.py:157:num_missing_heavy:Missing atom CE in residue LYS A 260
2024-02-28 14:07:17,296 WARNING:biomolecule.py:157:num_missing_heavy:Missing atom NZ in residue LYS A 260
2024-02-28 14:07:17,296 WARNING:biomolecule.py:157:num_missing_heavy:Missing atom CG in residue ARG A 265
2024-02-28 14:07:17,296 WARNING:biomolecule.py:157:num_missing_heavy:Missing atom CD in residue ARG A 265
2024-02-28 14:07:17,296 WARNING:biomolecule.py:157:num_missing_heavy:Missing atom NE in residue ARG A 265
2024-02-28 14:07:17,296 WARNING:biomolecule.py:157:num_missing_heavy:Missing atom CZ in residue ARG A 265
2024-02-28 14:07:17,296 WARNING:biomolecule.py:157:num_missing_heavy:Missing atom NH1 in residue ARG A 265
2024-02-28 14:07:17,296 WARNING:biomolecule.py:157:num_missing_heavy:Missing atom NH2 in residue ARG A 265
2024-02-28 14:07:17,297 WARNING:biomolecule.py:157:num_missing_heavy:Missing atom OXT in residue ARG A 265
2024-02-28 14:07:17,297 WARNING:biomolecule.py:157:num_missing_heavy:Missing atom CG in residue ASN A 105
2024-02-28 14:07:17,297 WARNING:biomolecule.py:157:num_missing_heavy:Missing atom OD1 in residue ASN A 105
2024-02-28 14:07:17,297 WARNING:biomolecule.py:157:num_missing_heavy:Missing atom ND2 in residue ASN A 105
2024-02-28 14:07:17,297 WARNING:biomolecule.py:157:num_missing_heavy:Missing atom CG in residue LYS A 112
2024-02-28 14:07:17,297 WARNING:biomolecule.py:157:num_missing_heavy:Missing atom CD in residue LYS A 112
2024-02-28 14:07:17,297 WARNING:biomolecule.py:157:num_missing_heavy:Missing atom CE in residue LYS A 112
2024-02-28 14:07:17,297 WARNING:biomolecule.py:157:num_missing_heavy:Missing atom NZ in residue LYS A 112
2024-02-28 14:07:17,297 WARNING:biomolecule.py:157:num_missing_heavy:Missing atom CG in residue ARG A 123
2024-02-28 14:07:17,297 WARNING:biomolecule.py:157:num_missing_heavy:Missing atom CD in residue ARG A 123
2024-02-28 14:07:17,297 WARNING:biomolecule.py:157:num_missing_heavy:Missing atom NE in residue ARG A 123
2024-02-28 14:07:17,297 WARNING:biomolecule.py:157:num_missing_heavy:Missing atom CZ in residue ARG A 123
2024-02-28 14:07:17,297 WARNING:biomolecule.py:157:num_missing_heavy:Missing atom NH1 in residue ARG A 123
2024-02-28 14:07:17,297 WARNING:biomolecule.py:157:num_missing_heavy:Missing atom NH2 in residue ARG A 123
2024-02-28 14:07:17,297 WARNING:biomolecule.py:157:num_missing_heavy:Missing atom CG in residue LYS A 143
2024-02-28 14:07:17,297 WARNING:biomolecule.py:157:num_missing_heavy:Missing atom CD in residue LYS A 143
2024-02-28 14:07:17,297 WARNING:biomolecule.py:157:num_missing_heavy:Missing atom CE in residue LYS A 143
2024-02-28 14:07:17,297 WARNING:biomolecule.py:157:num_missing_heavy:Missing atom NZ in residue LYS A 143
2024-02-28 14:07:17,298 WARNING:biomolecule.py:157:num_missing_heavy:Missing atom CG in residue LYS A 249
2024-02-28 14:07:17,298 WARNING:biomolecule.py:157:num_missing_heavy:Missing atom CD in residue LYS A 249
2024-02-28 14:07:17,298 WARNING:biomolecule.py:157:num_missing_heavy:Missing atom CE in residue LYS A 249
2024-02-28 14:07:17,298 WARNING:biomolecule.py:157:num_missing_heavy:Missing atom NZ in residue LYS A 249
2024-02-28 14:07:17,298 WARNING:biomolecule.py:157:num_missing_heavy:Missing atom CG in residue LYS A 260
2024-02-28 14:07:17,298 WARNING:biomolecule.py:157:num_missing_heavy:Missing atom CD in residue LYS A 260
2024-02-28 14:07:17,298 WARNING:biomolecule.py:157:num_missing_heavy:Missing atom CE in residue LYS A 260
2024-02-28 14:07:17,298 WARNING:biomolecule.py:157:num_missing_heavy:Missing atom NZ in residue LYS A 260
2024-02-28 14:07:17,298 WARNING:biomolecule.py:157:num_missing_heavy:Missing atom CG in residue ARG A 265
2024-02-28 14:07:17,298 WARNING:biomolecule.py:157:num_missing_heavy:Missing atom CD in residue ARG A 265
2024-02-28 14:07:17,298 WARNING:biomolecule.py:157:num_missing_heavy:Missing atom NE in residue ARG A 265
2024-02-28 14:07:17,298 WARNING:biomolecule.py:157:num_missing_heavy:Missing atom CZ in residue ARG A 265
2024-02-28 14:07:17,298 WARNING:biomolecule.py:157:num_missing_heavy:Missing atom NH1 in residue ARG A 265
2024-02-28 14:07:17,298 WARNING:biomolecule.py:157:num_missing_heavy:Missing atom NH2 in residue ARG A 265
2024-02-28 14:07:17,298 WARNING:biomolecule.py:157:num_missing_heavy:Missing atom OXT in residue ARG A 265
2024-02-28 14:07:17,853 WARNING:main.py:311:print_pqr:Ignoring 1985 header lines in output.
2024-02-28 14:07:18,261 WARNING:main.py:315:print_pqr:Ignoring 37 missing lines in output.
