2024-02-28 14:07:24,385 WARNING:biomolecule.py:992:create_residue:Unable to find amino or nucleic acid definition for ZN.  Parsing as new residue.
2024-02-28 14:07:24,386 WARNING:biomolecule.py:992:create_residue:Unable to find amino or nucleic acid definition for 915.  Parsing as new residue.
2024-02-28 14:07:24,408 WARNING:biomolecule.py:157:num_missing_heavy:Missing atom CG in residue LEU A 265
2024-02-28 14:07:24,408 WARNING:biomolecule.py:157:num_missing_heavy:Missing atom CD1 in residue LEU A 265
2024-02-28 14:07:24,408 WARNING:biomolecule.py:157:num_missing_heavy:Missing atom CD2 in residue LEU A 265
2024-02-28 14:07:24,409 WARNING:biomolecule.py:157:num_missing_heavy:Missing atom CG in residue GLU A 317
2024-02-28 14:07:24,409 WARNING:biomolecule.py:157:num_missing_heavy:Missing atom CD in residue GLU A 317
2024-02-28 14:07:24,409 WARNING:biomolecule.py:157:num_missing_heavy:Missing atom OE1 in residue GLU A 317
2024-02-28 14:07:24,409 WARNING:biomolecule.py:157:num_missing_heavy:Missing atom OE2 in residue GLU A 317
2024-02-28 14:07:24,409 WARNING:biomolecule.py:157:num_missing_heavy:Missing atom CG in residue ARG A 321
2024-02-28 14:07:24,409 WARNING:biomolecule.py:157:num_missing_heavy:Missing atom CD in residue ARG A 321
2024-02-28 14:07:24,409 WARNING:biomolecule.py:157:num_missing_heavy:Missing atom NE in residue ARG A 321
2024-02-28 14:07:24,410 WARNING:biomolecule.py:157:num_missing_heavy:Missing atom CZ in residue ARG A 321
2024-02-28 14:07:24,410 WARNING:biomolecule.py:157:num_missing_heavy:Missing atom NH1 in residue ARG A 321
2024-02-28 14:07:24,410 WARNING:biomolecule.py:157:num_missing_heavy:Missing atom NH2 in residue ARG A 321
2024-02-28 14:07:24,411 WARNING:biomolecule.py:157:num_missing_heavy:Missing atom CG in residue GLU A 333
2024-02-28 14:07:24,411 WARNING:biomolecule.py:157:num_missing_heavy:Missing atom CD in residue GLU A 333
2024-02-28 14:07:24,411 WARNING:biomolecule.py:157:num_missing_heavy:Missing atom OE1 in residue GLU A 333
2024-02-28 14:07:24,411 WARNING:biomolecule.py:157:num_missing_heavy:Missing atom OE2 in residue GLU A 333
2024-02-28 14:07:24,411 WARNING:biomolecule.py:157:num_missing_heavy:Missing atom CG in residue ASP A 347
2024-02-28 14:07:24,411 WARNING:biomolecule.py:157:num_missing_heavy:Missing atom OD1 in residue ASP A 347
2024-02-28 14:07:24,411 WARNING:biomolecule.py:157:num_missing_heavy:Missing atom OD2 in residue ASP A 347
2024-02-28 14:07:24,412 WARNING:biomolecule.py:157:num_missing_heavy:Missing atom OG in residue SER A 348
2024-02-28 14:07:24,412 WARNING:biomolecule.py:157:num_missing_heavy:Missing atom CG in residue LEU A 349
2024-02-28 14:07:24,412 WARNING:biomolecule.py:157:num_missing_heavy:Missing atom CD1 in residue LEU A 349
2024-02-28 14:07:24,412 WARNING:biomolecule.py:157:num_missing_heavy:Missing atom CD2 in residue LEU A 349
2024-02-28 14:07:24,412 WARNING:biomolecule.py:157:num_missing_heavy:Missing atom CG in residue GLU A 352
2024-02-28 14:07:24,413 WARNING:biomolecule.py:157:num_missing_heavy:Missing atom CD in residue GLU A 352
2024-02-28 14:07:24,413 WARNING:biomolecule.py:157:num_missing_heavy:Missing atom OE1 in residue GLU A 352
2024-02-28 14:07:24,413 WARNING:biomolecule.py:157:num_missing_heavy:Missing atom OE2 in residue GLU A 352
2024-02-28 14:07:24,413 WARNING:biomolecule.py:157:num_missing_heavy:Missing atom CG in residue GLU A 355
2024-02-28 14:07:24,413 WARNING:biomolecule.py:157:num_missing_heavy:Missing atom CD in residue GLU A 355
2024-02-28 14:07:24,413 WARNING:biomolecule.py:157:num_missing_heavy:Missing atom OE1 in residue GLU A 355
2024-02-28 14:07:24,413 WARNING:biomolecule.py:157:num_missing_heavy:Missing atom OE2 in residue GLU A 355
2024-02-28 14:07:24,414 WARNING:biomolecule.py:157:num_missing_heavy:Missing atom CG in residue LEU A 356
2024-02-28 14:07:24,414 WARNING:biomolecule.py:157:num_missing_heavy:Missing atom CD1 in residue LEU A 356
2024-02-28 14:07:24,414 WARNING:biomolecule.py:157:num_missing_heavy:Missing atom CD2 in residue LEU A 356
2024-02-28 14:07:24,414 WARNING:biomolecule.py:157:num_missing_heavy:Missing atom CG in residue LEU A 357
2024-02-28 14:07:24,414 WARNING:biomolecule.py:157:num_missing_heavy:Missing atom CD1 in residue LEU A 357
2024-02-28 14:07:24,414 WARNING:biomolecule.py:157:num_missing_heavy:Missing atom CD2 in residue LEU A 357
2024-02-28 14:07:24,414 WARNING:biomolecule.py:157:num_missing_heavy:Missing atom CG in residue ARG A 359
2024-02-28 14:07:24,415 WARNING:biomolecule.py:157:num_missing_heavy:Missing atom CD in residue ARG A 359
2024-02-28 14:07:24,415 WARNING:biomolecule.py:157:num_missing_heavy:Missing atom NE in residue ARG A 359
2024-02-28 14:07:24,415 WARNING:biomolecule.py:157:num_missing_heavy:Missing atom CZ in residue ARG A 359
2024-02-28 14:07:24,415 WARNING:biomolecule.py:157:num_missing_heavy:Missing atom NH1 in residue ARG A 359
2024-02-28 14:07:24,415 WARNING:biomolecule.py:157:num_missing_heavy:Missing atom NH2 in residue ARG A 359
2024-02-28 14:07:24,415 WARNING:biomolecule.py:157:num_missing_heavy:Missing atom CG1 in residue ILE A 360
2024-02-28 14:07:24,415 WARNING:biomolecule.py:157:num_missing_heavy:Missing atom CG2 in residue ILE A 360
2024-02-28 14:07:24,415 WARNING:biomolecule.py:157:num_missing_heavy:Missing atom CD1 in residue ILE A 360
2024-02-28 14:07:24,415 WARNING:biomolecule.py:157:num_missing_heavy:Missing atom CG in residue GLN A 361
2024-02-28 14:07:24,415 WARNING:biomolecule.py:157:num_missing_heavy:Missing atom CD in residue GLN A 361
2024-02-28 14:07:24,415 WARNING:biomolecule.py:157:num_missing_heavy:Missing atom OE1 in residue GLN A 361
2024-02-28 14:07:24,415 WARNING:biomolecule.py:157:num_missing_heavy:Missing atom NE2 in residue GLN A 361
2024-02-28 14:07:24,415 WARNING:biomolecule.py:157:num_missing_heavy:Missing atom CG1 in residue VAL A 362
2024-02-28 14:07:24,416 WARNING:biomolecule.py:157:num_missing_heavy:Missing atom CG2 in residue VAL A 362
2024-02-28 14:07:24,416 WARNING:biomolecule.py:157:num_missing_heavy:Missing atom CG in residue ASP A 363
2024-02-28 14:07:24,416 WARNING:biomolecule.py:157:num_missing_heavy:Missing atom OD1 in residue ASP A 363
2024-02-28 14:07:24,416 WARNING:biomolecule.py:157:num_missing_heavy:Missing atom OD2 in residue ASP A 363
2024-02-28 14:07:24,416 WARNING:biomolecule.py:157:num_missing_heavy:Missing atom OG in residue SER A 364
2024-02-28 14:07:24,416 WARNING:biomolecule.py:157:num_missing_heavy:Missing atom OG in residue SER A 365
2024-02-28 14:07:24,416 WARNING:biomolecule.py:157:num_missing_heavy:Missing atom CG in residue ASN A 366
2024-02-28 14:07:24,416 WARNING:biomolecule.py:157:num_missing_heavy:Missing atom OD1 in residue ASN A 366
2024-02-28 14:07:24,417 WARNING:biomolecule.py:157:num_missing_heavy:Missing atom ND2 in residue ASN A 366
2024-02-28 14:07:24,417 WARNING:biomolecule.py:157:num_missing_heavy:Missing atom CG in residue PRO A 367
2024-02-28 14:07:24,417 WARNING:biomolecule.py:157:num_missing_heavy:Missing atom CD in residue PRO A 367
2024-02-28 14:07:24,419 WARNING:biomolecule.py:157:num_missing_heavy:Missing atom OXT in residue VAL A 778
2024-02-28 14:07:24,419 WARNING:biomolecule.py:157:num_missing_heavy:Missing atom CG in residue LEU A 265
2024-02-28 14:07:24,419 WARNING:biomolecule.py:157:num_missing_heavy:Missing atom CD1 in residue LEU A 265
2024-02-28 14:07:24,419 WARNING:biomolecule.py:157:num_missing_heavy:Missing atom CD2 in residue LEU A 265
2024-02-28 14:07:24,419 WARNING:biomolecule.py:157:num_missing_heavy:Missing atom CG in residue GLU A 317
2024-02-28 14:07:24,419 WARNING:biomolecule.py:157:num_missing_heavy:Missing atom CD in residue GLU A 317
2024-02-28 14:07:24,419 WARNING:biomolecule.py:157:num_missing_heavy:Missing atom OE1 in residue GLU A 317
2024-02-28 14:07:24,420 WARNING:biomolecule.py:157:num_missing_heavy:Missing atom OE2 in residue GLU A 317
2024-02-28 14:07:24,420 WARNING:biomolecule.py:157:num_missing_heavy:Missing atom CG in residue ARG A 321
2024-02-28 14:07:24,420 WARNING:biomolecule.py:157:num_missing_heavy:Missing atom CD in residue ARG A 321
2024-02-28 14:07:24,420 WARNING:biomolecule.py:157:num_missing_heavy:Missing atom NE in residue ARG A 321
2024-02-28 14:07:24,420 WARNING:biomolecule.py:157:num_missing_heavy:Missing atom CZ in residue ARG A 321
2024-02-28 14:07:24,420 WARNING:biomolecule.py:157:num_missing_heavy:Missing atom NH1 in residue ARG A 321
2024-02-28 14:07:24,420 WARNING:biomolecule.py:157:num_missing_heavy:Missing atom NH2 in residue ARG A 321
2024-02-28 14:07:24,420 WARNING:biomolecule.py:157:num_missing_heavy:Missing atom CG in residue GLU A 333
2024-02-28 14:07:24,420 WARNING:biomolecule.py:157:num_missing_heavy:Missing atom CD in residue GLU A 333
2024-02-28 14:07:24,420 WARNING:biomolecule.py:157:num_missing_heavy:Missing atom OE1 in residue GLU A 333
2024-02-28 14:07:24,420 WARNING:biomolecule.py:157:num_missing_heavy:Missing atom OE2 in residue GLU A 333
2024-02-28 14:07:24,420 WARNING:biomolecule.py:157:num_missing_heavy:Missing atom CG in residue ASP A 347
2024-02-28 14:07:24,420 WARNING:biomolecule.py:157:num_missing_heavy:Missing atom OD1 in residue ASP A 347
2024-02-28 14:07:24,420 WARNING:biomolecule.py:157:num_missing_heavy:Missing atom OD2 in residue ASP A 347
2024-02-28 14:07:24,420 WARNING:biomolecule.py:157:num_missing_heavy:Missing atom OG in residue SER A 348
2024-02-28 14:07:24,420 WARNING:biomolecule.py:157:num_missing_heavy:Missing atom CG in residue LEU A 349
2024-02-28 14:07:24,420 WARNING:biomolecule.py:157:num_missing_heavy:Missing atom CD1 in residue LEU A 349
2024-02-28 14:07:24,421 WARNING:biomolecule.py:157:num_missing_heavy:Missing atom CD2 in residue LEU A 349
2024-02-28 14:07:24,421 WARNING:biomolecule.py:157:num_missing_heavy:Missing atom CG in residue GLU A 352
2024-02-28 14:07:24,421 WARNING:biomolecule.py:157:num_missing_heavy:Missing atom CD in residue GLU A 352
2024-02-28 14:07:24,421 WARNING:biomolecule.py:157:num_missing_heavy:Missing atom OE1 in residue GLU A 352
2024-02-28 14:07:24,421 WARNING:biomolecule.py:157:num_missing_heavy:Missing atom OE2 in residue GLU A 352
2024-02-28 14:07:24,421 WARNING:biomolecule.py:157:num_missing_heavy:Missing atom CG in residue GLU A 355
2024-02-28 14:07:24,421 WARNING:biomolecule.py:157:num_missing_heavy:Missing atom CD in residue GLU A 355
2024-02-28 14:07:24,421 WARNING:biomolecule.py:157:num_missing_heavy:Missing atom OE1 in residue GLU A 355
2024-02-28 14:07:24,421 WARNING:biomolecule.py:157:num_missing_heavy:Missing atom OE2 in residue GLU A 355
2024-02-28 14:07:24,421 WARNING:biomolecule.py:157:num_missing_heavy:Missing atom CG in residue LEU A 356
2024-02-28 14:07:24,421 WARNING:biomolecule.py:157:num_missing_heavy:Missing atom CD1 in residue LEU A 356
2024-02-28 14:07:24,421 WARNING:biomolecule.py:157:num_missing_heavy:Missing atom CD2 in residue LEU A 356
2024-02-28 14:07:24,421 WARNING:biomolecule.py:157:num_missing_heavy:Missing atom CG in residue LEU A 357
2024-02-28 14:07:24,421 WARNING:biomolecule.py:157:num_missing_heavy:Missing atom CD1 in residue LEU A 357
2024-02-28 14:07:24,421 WARNING:biomolecule.py:157:num_missing_heavy:Missing atom CD2 in residue LEU A 357
2024-02-28 14:07:24,421 WARNING:biomolecule.py:157:num_missing_heavy:Missing atom CG in residue ARG A 359
2024-02-28 14:07:24,422 WARNING:biomolecule.py:157:num_missing_heavy:Missing atom CD in residue ARG A 359
2024-02-28 14:07:24,422 WARNING:biomolecule.py:157:num_missing_heavy:Missing atom NE in residue ARG A 359
2024-02-28 14:07:24,422 WARNING:biomolecule.py:157:num_missing_heavy:Missing atom CZ in residue ARG A 359
2024-02-28 14:07:24,422 WARNING:biomolecule.py:157:num_missing_heavy:Missing atom NH1 in residue ARG A 359
2024-02-28 14:07:24,422 WARNING:biomolecule.py:157:num_missing_heavy:Missing atom NH2 in residue ARG A 359
2024-02-28 14:07:24,422 WARNING:biomolecule.py:157:num_missing_heavy:Missing atom CG1 in residue ILE A 360
2024-02-28 14:07:24,422 WARNING:biomolecule.py:157:num_missing_heavy:Missing atom CG2 in residue ILE A 360
2024-02-28 14:07:24,422 WARNING:biomolecule.py:157:num_missing_heavy:Missing atom CD1 in residue ILE A 360
2024-02-28 14:07:24,422 WARNING:biomolecule.py:157:num_missing_heavy:Missing atom CG in residue GLN A 361
2024-02-28 14:07:24,422 WARNING:biomolecule.py:157:num_missing_heavy:Missing atom CD in residue GLN A 361
2024-02-28 14:07:24,422 WARNING:biomolecule.py:157:num_missing_heavy:Missing atom OE1 in residue GLN A 361
2024-02-28 14:07:24,422 WARNING:biomolecule.py:157:num_missing_heavy:Missing atom NE2 in residue GLN A 361
2024-02-28 14:07:24,422 WARNING:biomolecule.py:157:num_missing_heavy:Missing atom CG1 in residue VAL A 362
2024-02-28 14:07:24,422 WARNING:biomolecule.py:157:num_missing_heavy:Missing atom CG2 in residue VAL A 362
2024-02-28 14:07:24,422 WARNING:biomolecule.py:157:num_missing_heavy:Missing atom CG in residue ASP A 363
2024-02-28 14:07:24,422 WARNING:biomolecule.py:157:num_missing_heavy:Missing atom OD1 in residue ASP A 363
2024-02-28 14:07:24,422 WARNING:biomolecule.py:157:num_missing_heavy:Missing atom OD2 in residue ASP A 363
2024-02-28 14:07:24,422 WARNING:biomolecule.py:157:num_missing_heavy:Missing atom OG in residue SER A 364
2024-02-28 14:07:24,422 WARNING:biomolecule.py:157:num_missing_heavy:Missing atom OG in residue SER A 365
2024-02-28 14:07:24,422 WARNING:biomolecule.py:157:num_missing_heavy:Missing atom CG in residue ASN A 366
2024-02-28 14:07:24,422 WARNING:biomolecule.py:157:num_missing_heavy:Missing atom OD1 in residue ASN A 366
2024-02-28 14:07:24,422 WARNING:biomolecule.py:157:num_missing_heavy:Missing atom ND2 in residue ASN A 366
2024-02-28 14:07:24,422 WARNING:biomolecule.py:157:num_missing_heavy:Missing atom CG in residue PRO A 367
2024-02-28 14:07:24,422 WARNING:biomolecule.py:157:num_missing_heavy:Missing atom CD in residue PRO A 367
2024-02-28 14:07:24,424 WARNING:biomolecule.py:157:num_missing_heavy:Missing atom OXT in residue VAL A 778
2024-02-28 14:07:24,424 WARNING:biomolecule.py:157:num_missing_heavy:Missing atom CG in residue LEU A 265
2024-02-28 14:07:24,424 WARNING:biomolecule.py:157:num_missing_heavy:Missing atom CD1 in residue LEU A 265
2024-02-28 14:07:24,424 WARNING:biomolecule.py:157:num_missing_heavy:Missing atom CD2 in residue LEU A 265
2024-02-28 14:07:24,425 WARNING:biomolecule.py:157:num_missing_heavy:Missing atom CG in residue GLU A 317
2024-02-28 14:07:24,425 WARNING:biomolecule.py:157:num_missing_heavy:Missing atom CD in residue GLU A 317
2024-02-28 14:07:24,425 WARNING:biomolecule.py:157:num_missing_heavy:Missing atom OE1 in residue GLU A 317
2024-02-28 14:07:24,425 WARNING:biomolecule.py:157:num_missing_heavy:Missing atom OE2 in residue GLU A 317
2024-02-28 14:07:24,425 WARNING:biomolecule.py:157:num_missing_heavy:Missing atom CG in residue ARG A 321
2024-02-28 14:07:24,425 WARNING:biomolecule.py:157:num_missing_heavy:Missing atom CD in residue ARG A 321
2024-02-28 14:07:24,425 WARNING:biomolecule.py:157:num_missing_heavy:Missing atom NE in residue ARG A 321
2024-02-28 14:07:24,425 WARNING:biomolecule.py:157:num_missing_heavy:Missing atom CZ in residue ARG A 321
2024-02-28 14:07:24,425 WARNING:biomolecule.py:157:num_missing_heavy:Missing atom NH1 in residue ARG A 321
2024-02-28 14:07:24,425 WARNING:biomolecule.py:157:num_missing_heavy:Missing atom NH2 in residue ARG A 321
2024-02-28 14:07:24,425 WARNING:biomolecule.py:157:num_missing_heavy:Missing atom CG in residue GLU A 333
2024-02-28 14:07:24,425 WARNING:biomolecule.py:157:num_missing_heavy:Missing atom CD in residue GLU A 333
2024-02-28 14:07:24,426 WARNING:biomolecule.py:157:num_missing_heavy:Missing atom OE1 in residue GLU A 333
2024-02-28 14:07:24,426 WARNING:biomolecule.py:157:num_missing_heavy:Missing atom OE2 in residue GLU A 333
2024-02-28 14:07:24,426 WARNING:biomolecule.py:157:num_missing_heavy:Missing atom CG in residue ASP A 347
2024-02-28 14:07:24,426 WARNING:biomolecule.py:157:num_missing_heavy:Missing atom OD1 in residue ASP A 347
2024-02-28 14:07:24,426 WARNING:biomolecule.py:157:num_missing_heavy:Missing atom OD2 in residue ASP A 347
2024-02-28 14:07:24,426 WARNING:biomolecule.py:157:num_missing_heavy:Missing atom OG in residue SER A 348
2024-02-28 14:07:24,426 WARNING:biomolecule.py:157:num_missing_heavy:Missing atom CG in residue LEU A 349
2024-02-28 14:07:24,426 WARNING:biomolecule.py:157:num_missing_heavy:Missing atom CD1 in residue LEU A 349
2024-02-28 14:07:24,427 WARNING:biomolecule.py:157:num_missing_heavy:Missing atom CD2 in residue LEU A 349
2024-02-28 14:07:24,427 WARNING:biomolecule.py:157:num_missing_heavy:Missing atom CG in residue GLU A 352
2024-02-28 14:07:24,427 WARNING:biomolecule.py:157:num_missing_heavy:Missing atom CD in residue GLU A 352
2024-02-28 14:07:24,427 WARNING:biomolecule.py:157:num_missing_heavy:Missing atom OE1 in residue GLU A 352
2024-02-28 14:07:24,427 WARNING:biomolecule.py:157:num_missing_heavy:Missing atom OE2 in residue GLU A 352
2024-02-28 14:07:24,427 WARNING:biomolecule.py:157:num_missing_heavy:Missing atom CG in residue GLU A 355
2024-02-28 14:07:24,427 WARNING:biomolecule.py:157:num_missing_heavy:Missing atom CD in residue GLU A 355
2024-02-28 14:07:24,428 WARNING:biomolecule.py:157:num_missing_heavy:Missing atom OE1 in residue GLU A 355
2024-02-28 14:07:24,428 WARNING:biomolecule.py:157:num_missing_heavy:Missing atom OE2 in residue GLU A 355
2024-02-28 14:07:24,428 WARNING:biomolecule.py:157:num_missing_heavy:Missing atom CG in residue LEU A 356
2024-02-28 14:07:24,428 WARNING:biomolecule.py:157:num_missing_heavy:Missing atom CD1 in residue LEU A 356
2024-02-28 14:07:24,428 WARNING:biomolecule.py:157:num_missing_heavy:Missing atom CD2 in residue LEU A 356
2024-02-28 14:07:24,428 WARNING:biomolecule.py:157:num_missing_heavy:Missing atom CG in residue LEU A 357
2024-02-28 14:07:24,428 WARNING:biomolecule.py:157:num_missing_heavy:Missing atom CD1 in residue LEU A 357
2024-02-28 14:07:24,428 WARNING:biomolecule.py:157:num_missing_heavy:Missing atom CD2 in residue LEU A 357
2024-02-28 14:07:24,428 WARNING:biomolecule.py:157:num_missing_heavy:Missing atom CG in residue ARG A 359
2024-02-28 14:07:24,429 WARNING:biomolecule.py:157:num_missing_heavy:Missing atom CD in residue ARG A 359
2024-02-28 14:07:24,429 WARNING:biomolecule.py:157:num_missing_heavy:Missing atom NE in residue ARG A 359
2024-02-28 14:07:24,429 WARNING:biomolecule.py:157:num_missing_heavy:Missing atom CZ in residue ARG A 359
2024-02-28 14:07:24,429 WARNING:biomolecule.py:157:num_missing_heavy:Missing atom NH1 in residue ARG A 359
2024-02-28 14:07:24,429 WARNING:biomolecule.py:157:num_missing_heavy:Missing atom NH2 in residue ARG A 359
2024-02-28 14:07:24,430 WARNING:biomolecule.py:157:num_missing_heavy:Missing atom CG1 in residue ILE A 360
2024-02-28 14:07:24,430 WARNING:biomolecule.py:157:num_missing_heavy:Missing atom CG2 in residue ILE A 360
2024-02-28 14:07:24,430 WARNING:biomolecule.py:157:num_missing_heavy:Missing atom CD1 in residue ILE A 360
2024-02-28 14:07:24,430 WARNING:biomolecule.py:157:num_missing_heavy:Missing atom CG in residue GLN A 361
2024-02-28 14:07:24,430 WARNING:biomolecule.py:157:num_missing_heavy:Missing atom CD in residue GLN A 361
2024-02-28 14:07:24,430 WARNING:biomolecule.py:157:num_missing_heavy:Missing atom OE1 in residue GLN A 361
2024-02-28 14:07:24,430 WARNING:biomolecule.py:157:num_missing_heavy:Missing atom NE2 in residue GLN A 361
2024-02-28 14:07:24,430 WARNING:biomolecule.py:157:num_missing_heavy:Missing atom CG1 in residue VAL A 362
2024-02-28 14:07:24,431 WARNING:biomolecule.py:157:num_missing_heavy:Missing atom CG2 in residue VAL A 362
2024-02-28 14:07:24,431 WARNING:biomolecule.py:157:num_missing_heavy:Missing atom CG in residue ASP A 363
2024-02-28 14:07:24,431 WARNING:biomolecule.py:157:num_missing_heavy:Missing atom OD1 in residue ASP A 363
2024-02-28 14:07:24,431 WARNING:biomolecule.py:157:num_missing_heavy:Missing atom OD2 in residue ASP A 363
2024-02-28 14:07:24,431 WARNING:biomolecule.py:157:num_missing_heavy:Missing atom OG in residue SER A 364
2024-02-28 14:07:24,431 WARNING:biomolecule.py:157:num_missing_heavy:Missing atom OG in residue SER A 365
2024-02-28 14:07:24,432 WARNING:biomolecule.py:157:num_missing_heavy:Missing atom CG in residue ASN A 366
2024-02-28 14:07:24,432 WARNING:biomolecule.py:157:num_missing_heavy:Missing atom OD1 in residue ASN A 366
2024-02-28 14:07:24,432 WARNING:biomolecule.py:157:num_missing_heavy:Missing atom ND2 in residue ASN A 366
2024-02-28 14:07:24,432 WARNING:biomolecule.py:157:num_missing_heavy:Missing atom CG in residue PRO A 367
2024-02-28 14:07:24,432 WARNING:biomolecule.py:157:num_missing_heavy:Missing atom CD in residue PRO A 367
2024-02-28 14:07:24,434 WARNING:biomolecule.py:157:num_missing_heavy:Missing atom OXT in residue VAL A 778
2024-02-28 14:07:25,893 WARNING:main.py:311:print_pqr:Ignoring 1567 header lines in output.
2024-02-28 14:07:25,894 WARNING:main.py:315:print_pqr:Ignoring 24 missing lines in output.
