2024-02-28 14:07:02,165 WARNING:biomolecule.py:992:create_residue:Unable to find amino or nucleic acid definition for GLA.  Parsing as new residue.
2024-02-28 14:07:02,165 WARNING:biomolecule.py:992:create_residue:Unable to find amino or nucleic acid definition for GAL.  Parsing as new residue.
2024-02-28 14:07:02,166 WARNING:main.py:418:setup_molecule:Multiple occupancies found: C1 in GLA A 307.
2024-02-28 14:07:02,166 WARNING:main.py:418:setup_molecule:Multiple occupancies found: C2 in GLA A 307.
2024-02-28 14:07:02,166 WARNING:main.py:418:setup_molecule:Multiple occupancies found: C3 in GLA A 307.
2024-02-28 14:07:02,166 WARNING:main.py:418:setup_molecule:Multiple occupancies found: C4 in GLA A 307.
2024-02-28 14:07:02,166 WARNING:main.py:418:setup_molecule:Multiple occupancies found: C5 in GLA A 307.
2024-02-28 14:07:02,167 WARNING:main.py:418:setup_molecule:Multiple occupancies found: C6 in GLA A 307.
2024-02-28 14:07:02,167 WARNING:main.py:418:setup_molecule:Multiple occupancies found: O1 in GLA A 307.
2024-02-28 14:07:02,167 WARNING:main.py:418:setup_molecule:Multiple occupancies found: O2 in GLA A 307.
2024-02-28 14:07:02,167 WARNING:main.py:418:setup_molecule:Multiple occupancies found: O3 in GLA A 307.
2024-02-28 14:07:02,167 WARNING:main.py:418:setup_molecule:Multiple occupancies found: O4 in GLA A 307.
2024-02-28 14:07:02,167 WARNING:main.py:418:setup_molecule:Multiple occupancies found: O5 in GLA A 307.
2024-02-28 14:07:02,167 WARNING:main.py:418:setup_molecule:Multiple occupancies found: O6 in GLA A 307.
2024-02-28 14:07:02,168 WARNING:main.py:424:setup_molecule:Multiple occupancies found in GLA A 307. At least one of the instances is being ignored.
2024-02-28 14:07:02,168 WARNING:main.py:418:setup_molecule:Multiple occupancies found: C1 in GAL A 308.
2024-02-28 14:07:02,168 WARNING:main.py:418:setup_molecule:Multiple occupancies found: C2 in GAL A 308.
2024-02-28 14:07:02,168 WARNING:main.py:418:setup_molecule:Multiple occupancies found: C3 in GAL A 308.
2024-02-28 14:07:02,168 WARNING:main.py:418:setup_molecule:Multiple occupancies found: C4 in GAL A 308.
2024-02-28 14:07:02,169 WARNING:main.py:418:setup_molecule:Multiple occupancies found: C5 in GAL A 308.
2024-02-28 14:07:02,169 WARNING:main.py:418:setup_molecule:Multiple occupancies found: C6 in GAL A 308.
2024-02-28 14:07:02,169 WARNING:main.py:418:setup_molecule:Multiple occupancies found: O1 in GAL A 308.
2024-02-28 14:07:02,170 WARNING:main.py:418:setup_molecule:Multiple occupancies found: O2 in GAL A 308.
2024-02-28 14:07:02,170 WARNING:main.py:418:setup_molecule:Multiple occupancies found: O3 in GAL A 308.
2024-02-28 14:07:02,170 WARNING:main.py:418:setup_molecule:Multiple occupancies found: O4 in GAL A 308.
2024-02-28 14:07:02,171 WARNING:main.py:418:setup_molecule:Multiple occupancies found: O5 in GAL A 308.
2024-02-28 14:07:02,171 WARNING:main.py:418:setup_molecule:Multiple occupancies found: O6 in GAL A 308.
2024-02-28 14:07:02,171 WARNING:main.py:424:setup_molecule:Multiple occupancies found in GAL A 308. At least one of the instances is being ignored.
2024-02-28 14:07:02,185 WARNING:biomolecule.py:157:num_missing_heavy:Missing atom CB in residue ASN A 2
2024-02-28 14:07:02,185 WARNING:biomolecule.py:157:num_missing_heavy:Missing atom CG in residue ASN A 2
2024-02-28 14:07:02,186 WARNING:biomolecule.py:157:num_missing_heavy:Missing atom OD1 in residue ASN A 2
2024-02-28 14:07:02,186 WARNING:biomolecule.py:157:num_missing_heavy:Missing atom ND2 in residue ASN A 2
2024-02-28 14:07:02,187 WARNING:biomolecule.py:157:num_missing_heavy:Missing atom CB in residue LYS A 306
2024-02-28 14:07:02,187 WARNING:biomolecule.py:157:num_missing_heavy:Missing atom CG in residue LYS A 306
2024-02-28 14:07:02,187 WARNING:biomolecule.py:157:num_missing_heavy:Missing atom CD in residue LYS A 306
2024-02-28 14:07:02,188 WARNING:biomolecule.py:157:num_missing_heavy:Missing atom CE in residue LYS A 306
2024-02-28 14:07:02,188 WARNING:biomolecule.py:157:num_missing_heavy:Missing atom NZ in residue LYS A 306
2024-02-28 14:07:02,188 WARNING:biomolecule.py:157:num_missing_heavy:Missing atom OXT in residue LYS A 306
2024-02-28 14:07:02,189 WARNING:biomolecule.py:157:num_missing_heavy:Missing atom CB in residue ASN A 2
2024-02-28 14:07:02,189 WARNING:biomolecule.py:157:num_missing_heavy:Missing atom CG in residue ASN A 2
2024-02-28 14:07:02,189 WARNING:biomolecule.py:157:num_missing_heavy:Missing atom OD1 in residue ASN A 2
2024-02-28 14:07:02,190 WARNING:biomolecule.py:157:num_missing_heavy:Missing atom ND2 in residue ASN A 2
2024-02-28 14:07:02,191 WARNING:biomolecule.py:157:num_missing_heavy:Missing atom CB in residue LYS A 306
2024-02-28 14:07:02,191 WARNING:biomolecule.py:157:num_missing_heavy:Missing atom CG in residue LYS A 306
2024-02-28 14:07:02,191 WARNING:biomolecule.py:157:num_missing_heavy:Missing atom CD in residue LYS A 306
2024-02-28 14:07:02,192 WARNING:biomolecule.py:157:num_missing_heavy:Missing atom CE in residue LYS A 306
2024-02-28 14:07:02,192 WARNING:biomolecule.py:157:num_missing_heavy:Missing atom NZ in residue LYS A 306
2024-02-28 14:07:02,193 WARNING:biomolecule.py:157:num_missing_heavy:Missing atom OXT in residue LYS A 306
2024-02-28 14:07:02,193 WARNING:biomolecule.py:157:num_missing_heavy:Missing atom CB in residue ASN A 2
2024-02-28 14:07:02,193 WARNING:biomolecule.py:157:num_missing_heavy:Missing atom CG in residue ASN A 2
2024-02-28 14:07:02,193 WARNING:biomolecule.py:157:num_missing_heavy:Missing atom OD1 in residue ASN A 2
2024-02-28 14:07:02,193 WARNING:biomolecule.py:157:num_missing_heavy:Missing atom ND2 in residue ASN A 2
2024-02-28 14:07:02,194 WARNING:biomolecule.py:157:num_missing_heavy:Missing atom CB in residue LYS A 306
2024-02-28 14:07:02,194 WARNING:biomolecule.py:157:num_missing_heavy:Missing atom CG in residue LYS A 306
2024-02-28 14:07:02,194 WARNING:biomolecule.py:157:num_missing_heavy:Missing atom CD in residue LYS A 306
2024-02-28 14:07:02,195 WARNING:biomolecule.py:157:num_missing_heavy:Missing atom CE in residue LYS A 306
2024-02-28 14:07:02,195 WARNING:biomolecule.py:157:num_missing_heavy:Missing atom NZ in residue LYS A 306
2024-02-28 14:07:02,195 WARNING:biomolecule.py:157:num_missing_heavy:Missing atom OXT in residue LYS A 306
2024-02-28 14:07:03,207 WARNING:main.py:311:print_pqr:Ignoring 1551 header lines in output.
2024-02-28 14:07:03,207 WARNING:main.py:315:print_pqr:Ignoring 24 missing lines in output.
2024-02-28 14:58:38,657 WARNING:biomolecule.py:992:create_residue:Unable to find amino or nucleic acid definition for GLA.  Parsing as new residue.
2024-02-28 14:58:38,659 WARNING:biomolecule.py:992:create_residue:Unable to find amino or nucleic acid definition for GAL.  Parsing as new residue.
2024-02-28 14:58:38,659 WARNING:main.py:418:setup_molecule:Multiple occupancies found: C1 in GLA A 307.
2024-02-28 14:58:38,659 WARNING:main.py:418:setup_molecule:Multiple occupancies found: C2 in GLA A 307.
2024-02-28 14:58:38,659 WARNING:main.py:418:setup_molecule:Multiple occupancies found: C3 in GLA A 307.
2024-02-28 14:58:38,659 WARNING:main.py:418:setup_molecule:Multiple occupancies found: C4 in GLA A 307.
2024-02-28 14:58:38,659 WARNING:main.py:418:setup_molecule:Multiple occupancies found: C5 in GLA A 307.
2024-02-28 14:58:38,659 WARNING:main.py:418:setup_molecule:Multiple occupancies found: C6 in GLA A 307.
2024-02-28 14:58:38,660 WARNING:main.py:418:setup_molecule:Multiple occupancies found: O1 in GLA A 307.
2024-02-28 14:58:38,660 WARNING:main.py:418:setup_molecule:Multiple occupancies found: O2 in GLA A 307.
2024-02-28 14:58:38,660 WARNING:main.py:418:setup_molecule:Multiple occupancies found: O3 in GLA A 307.
2024-02-28 14:58:38,660 WARNING:main.py:418:setup_molecule:Multiple occupancies found: O4 in GLA A 307.
2024-02-28 14:58:38,660 WARNING:main.py:418:setup_molecule:Multiple occupancies found: O5 in GLA A 307.
2024-02-28 14:58:38,660 WARNING:main.py:418:setup_molecule:Multiple occupancies found: O6 in GLA A 307.
2024-02-28 14:58:38,660 WARNING:main.py:424:setup_molecule:Multiple occupancies found in GLA A 307. At least one of the instances is being ignored.
2024-02-28 14:58:38,660 WARNING:main.py:418:setup_molecule:Multiple occupancies found: C1 in GAL A 308.
2024-02-28 14:58:38,660 WARNING:main.py:418:setup_molecule:Multiple occupancies found: C2 in GAL A 308.
2024-02-28 14:58:38,660 WARNING:main.py:418:setup_molecule:Multiple occupancies found: C3 in GAL A 308.
2024-02-28 14:58:38,660 WARNING:main.py:418:setup_molecule:Multiple occupancies found: C4 in GAL A 308.
2024-02-28 14:58:38,660 WARNING:main.py:418:setup_molecule:Multiple occupancies found: C5 in GAL A 308.
2024-02-28 14:58:38,660 WARNING:main.py:418:setup_molecule:Multiple occupancies found: C6 in GAL A 308.
2024-02-28 14:58:38,660 WARNING:main.py:418:setup_molecule:Multiple occupancies found: O1 in GAL A 308.
2024-02-28 14:58:38,660 WARNING:main.py:418:setup_molecule:Multiple occupancies found: O2 in GAL A 308.
2024-02-28 14:58:38,660 WARNING:main.py:418:setup_molecule:Multiple occupancies found: O3 in GAL A 308.
2024-02-28 14:58:38,660 WARNING:main.py:418:setup_molecule:Multiple occupancies found: O4 in GAL A 308.
2024-02-28 14:58:38,660 WARNING:main.py:418:setup_molecule:Multiple occupancies found: O5 in GAL A 308.
2024-02-28 14:58:38,660 WARNING:main.py:418:setup_molecule:Multiple occupancies found: O6 in GAL A 308.
2024-02-28 14:58:38,660 WARNING:main.py:424:setup_molecule:Multiple occupancies found in GAL A 308. At least one of the instances is being ignored.
2024-02-28 14:58:38,699 WARNING:biomolecule.py:157:num_missing_heavy:Missing atom CB in residue ASN A 2
2024-02-28 14:58:38,699 WARNING:biomolecule.py:157:num_missing_heavy:Missing atom CG in residue ASN A 2
2024-02-28 14:58:38,699 WARNING:biomolecule.py:157:num_missing_heavy:Missing atom OD1 in residue ASN A 2
2024-02-28 14:58:38,699 WARNING:biomolecule.py:157:num_missing_heavy:Missing atom ND2 in residue ASN A 2
2024-02-28 14:58:38,700 WARNING:biomolecule.py:157:num_missing_heavy:Missing atom CB in residue LYS A 306
2024-02-28 14:58:38,700 WARNING:biomolecule.py:157:num_missing_heavy:Missing atom CG in residue LYS A 306
2024-02-28 14:58:38,700 WARNING:biomolecule.py:157:num_missing_heavy:Missing atom CD in residue LYS A 306
2024-02-28 14:58:38,700 WARNING:biomolecule.py:157:num_missing_heavy:Missing atom CE in residue LYS A 306
2024-02-28 14:58:38,700 WARNING:biomolecule.py:157:num_missing_heavy:Missing atom NZ in residue LYS A 306
2024-02-28 14:58:38,700 WARNING:biomolecule.py:157:num_missing_heavy:Missing atom OXT in residue LYS A 306
2024-02-28 14:58:38,700 WARNING:biomolecule.py:157:num_missing_heavy:Missing atom CB in residue ASN A 2
2024-02-28 14:58:38,700 WARNING:biomolecule.py:157:num_missing_heavy:Missing atom CG in residue ASN A 2
2024-02-28 14:58:38,700 WARNING:biomolecule.py:157:num_missing_heavy:Missing atom OD1 in residue ASN A 2
2024-02-28 14:58:38,700 WARNING:biomolecule.py:157:num_missing_heavy:Missing atom ND2 in residue ASN A 2
2024-02-28 14:58:38,701 WARNING:biomolecule.py:157:num_missing_heavy:Missing atom CB in residue LYS A 306
2024-02-28 14:58:38,703 WARNING:biomolecule.py:157:num_missing_heavy:Missing atom CG in residue LYS A 306
2024-02-28 14:58:38,703 WARNING:biomolecule.py:157:num_missing_heavy:Missing atom CD in residue LYS A 306
2024-02-28 14:58:38,703 WARNING:biomolecule.py:157:num_missing_heavy:Missing atom CE in residue LYS A 306
2024-02-28 14:58:38,703 WARNING:biomolecule.py:157:num_missing_heavy:Missing atom NZ in residue LYS A 306
2024-02-28 14:58:38,703 WARNING:biomolecule.py:157:num_missing_heavy:Missing atom OXT in residue LYS A 306
2024-02-28 14:58:38,703 WARNING:biomolecule.py:157:num_missing_heavy:Missing atom CB in residue ASN A 2
2024-02-28 14:58:38,703 WARNING:biomolecule.py:157:num_missing_heavy:Missing atom CG in residue ASN A 2
2024-02-28 14:58:38,703 WARNING:biomolecule.py:157:num_missing_heavy:Missing atom OD1 in residue ASN A 2
2024-02-28 14:58:38,704 WARNING:biomolecule.py:157:num_missing_heavy:Missing atom ND2 in residue ASN A 2
2024-02-28 14:58:38,705 WARNING:biomolecule.py:157:num_missing_heavy:Missing atom CB in residue LYS A 306
2024-02-28 14:58:38,705 WARNING:biomolecule.py:157:num_missing_heavy:Missing atom CG in residue LYS A 306
2024-02-28 14:58:38,705 WARNING:biomolecule.py:157:num_missing_heavy:Missing atom CD in residue LYS A 306
2024-02-28 14:58:38,705 WARNING:biomolecule.py:157:num_missing_heavy:Missing atom CE in residue LYS A 306
2024-02-28 14:58:38,705 WARNING:biomolecule.py:157:num_missing_heavy:Missing atom NZ in residue LYS A 306
2024-02-28 14:58:38,705 WARNING:biomolecule.py:157:num_missing_heavy:Missing atom OXT in residue LYS A 306
2024-02-28 14:58:40,452 WARNING:main.py:311:print_pqr:Ignoring 1551 header lines in output.
2024-02-28 14:58:40,452 WARNING:main.py:315:print_pqr:Ignoring 24 missing lines in output.
