2024-02-28 14:07:07,019 WARNING:biomolecule.py:992:create_residue:Unable to find amino or nucleic acid definition for OMD.  Parsing as new residue.
2024-02-28 14:07:07,019 WARNING:biomolecule.py:992:create_residue:Unable to find amino or nucleic acid definition for CA.  Parsing as new residue.
2024-02-28 14:07:07,020 WARNING:main.py:418:setup_molecule:Multiple occupancies found: N in ARG A 145.
2024-02-28 14:07:07,020 WARNING:main.py:418:setup_molecule:Multiple occupancies found: CA in ARG A 145.
2024-02-28 14:07:07,020 WARNING:main.py:418:setup_molecule:Multiple occupancies found: C in ARG A 145.
2024-02-28 14:07:07,020 WARNING:main.py:418:setup_molecule:Multiple occupancies found: O in ARG A 145.
2024-02-28 14:07:07,021 WARNING:main.py:418:setup_molecule:Multiple occupancies found: CB in ARG A 145.
2024-02-28 14:07:07,021 WARNING:main.py:418:setup_molecule:Multiple occupancies found: CG in ARG A 145.
2024-02-28 14:07:07,021 WARNING:main.py:418:setup_molecule:Multiple occupancies found: CD in ARG A 145.
2024-02-28 14:07:07,021 WARNING:main.py:418:setup_molecule:Multiple occupancies found: NE in ARG A 145.
2024-02-28 14:07:07,022 WARNING:main.py:418:setup_molecule:Multiple occupancies found: CZ in ARG A 145.
2024-02-28 14:07:07,022 WARNING:main.py:418:setup_molecule:Multiple occupancies found: NH1 in ARG A 145.
2024-02-28 14:07:07,022 WARNING:main.py:418:setup_molecule:Multiple occupancies found: NH2 in ARG A 145.
2024-02-28 14:07:07,022 WARNING:main.py:424:setup_molecule:Multiple occupancies found in ARG A 145. At least one of the instances is being ignored.
2024-02-28 14:07:07,022 WARNING:main.py:418:setup_molecule:Multiple occupancies found: N in PHE A 146.
2024-02-28 14:07:07,022 WARNING:main.py:418:setup_molecule:Multiple occupancies found: CA in PHE A 146.
2024-02-28 14:07:07,023 WARNING:main.py:418:setup_molecule:Multiple occupancies found: C in PHE A 146.
2024-02-28 14:07:07,023 WARNING:main.py:418:setup_molecule:Multiple occupancies found: O in PHE A 146.
2024-02-28 14:07:07,023 WARNING:main.py:418:setup_molecule:Multiple occupancies found: CB in PHE A 146.
2024-02-28 14:07:07,023 WARNING:main.py:418:setup_molecule:Multiple occupancies found: CG in PHE A 146.
2024-02-28 14:07:07,023 WARNING:main.py:418:setup_molecule:Multiple occupancies found: CD1 in PHE A 146.
2024-02-28 14:07:07,024 WARNING:main.py:418:setup_molecule:Multiple occupancies found: CD2 in PHE A 146.
2024-02-28 14:07:07,024 WARNING:main.py:418:setup_molecule:Multiple occupancies found: CE1 in PHE A 146.
2024-02-28 14:07:07,024 WARNING:main.py:418:setup_molecule:Multiple occupancies found: CE2 in PHE A 146.
2024-02-28 14:07:07,024 WARNING:main.py:418:setup_molecule:Multiple occupancies found: CZ in PHE A 146.
2024-02-28 14:07:07,024 WARNING:main.py:424:setup_molecule:Multiple occupancies found in PHE A 146. At least one of the instances is being ignored.
2024-02-28 14:07:07,048 WARNING:biomolecule.py:157:num_missing_heavy:Missing atom OXT in residue THR A 208
2024-02-28 14:07:07,051 WARNING:biomolecule.py:157:num_missing_heavy:Missing atom OXT in residue THR A 208
2024-02-28 14:07:07,053 WARNING:biomolecule.py:157:num_missing_heavy:Missing atom OXT in residue THR A 208
2024-02-28 14:07:08,884 WARNING:main.py:311:print_pqr:Ignoring 1195 header lines in output.
2024-02-28 14:07:08,884 WARNING:main.py:315:print_pqr:Ignoring 13 missing lines in output.
