2024-02-28 14:07:17,426 WARNING:biomolecule.py:992:create_residue:Unable to find amino or nucleic acid definition for PTR.  Parsing as new residue.
2024-02-28 14:07:17,440 WARNING:biomolecule.py:992:create_residue:Unable to find amino or nucleic acid definition for FMT.  Parsing as new residue.
2024-02-28 14:07:17,440 WARNING:biomolecule.py:992:create_residue:Unable to find amino or nucleic acid definition for FMT.  Parsing as new residue.
2024-02-28 14:07:17,440 WARNING:biomolecule.py:992:create_residue:Unable to find amino or nucleic acid definition for ZD6.  Parsing as new residue.
2024-02-28 14:07:17,469 WARNING:biomolecule.py:615:update_bonds:Gap in backbone detected between LEU A 712 and ASP A 714!
2024-02-28 14:07:17,470 WARNING:biomolecule.py:615:update_bonds:Gap in backbone detected between ARG A 820 and ARG A 844!
2024-02-28 14:07:17,511 WARNING:biomolecule.py:157:num_missing_heavy:Missing atom O in residue ALA A 708
2024-02-28 14:07:17,705 WARNING:biomolecule.py:157:num_missing_heavy:Missing atom CG in residue LYS A 710
2024-02-28 14:07:17,705 WARNING:biomolecule.py:157:num_missing_heavy:Missing atom CD in residue LYS A 710
2024-02-28 14:07:17,705 WARNING:biomolecule.py:157:num_missing_heavy:Missing atom CE in residue LYS A 710
2024-02-28 14:07:17,705 WARNING:biomolecule.py:157:num_missing_heavy:Missing atom NZ in residue LYS A 710
2024-02-28 14:07:17,705 WARNING:biomolecule.py:157:num_missing_heavy:Missing atom CG1 in residue ILE A 711
2024-02-28 14:07:17,705 WARNING:biomolecule.py:157:num_missing_heavy:Missing atom CG2 in residue ILE A 711
2024-02-28 14:07:17,705 WARNING:biomolecule.py:157:num_missing_heavy:Missing atom CD1 in residue ILE A 711
2024-02-28 14:07:17,705 WARNING:biomolecule.py:157:num_missing_heavy:Missing atom CG in residue ASP A 714
2024-02-28 14:07:17,706 WARNING:biomolecule.py:157:num_missing_heavy:Missing atom OD1 in residue ASP A 714
2024-02-28 14:07:17,706 WARNING:biomolecule.py:157:num_missing_heavy:Missing atom OD2 in residue ASP A 714
2024-02-28 14:07:17,706 WARNING:biomolecule.py:157:num_missing_heavy:Missing atom CG in residue LYS A 716
2024-02-28 14:07:17,706 WARNING:biomolecule.py:157:num_missing_heavy:Missing atom CD in residue LYS A 716
2024-02-28 14:07:17,706 WARNING:biomolecule.py:157:num_missing_heavy:Missing atom CE in residue LYS A 716
2024-02-28 14:07:17,706 WARNING:biomolecule.py:157:num_missing_heavy:Missing atom NZ in residue LYS A 716
2024-02-28 14:07:17,706 WARNING:biomolecule.py:157:num_missing_heavy:Missing atom CD in residue LYS A 722
2024-02-28 14:07:17,706 WARNING:biomolecule.py:157:num_missing_heavy:Missing atom CE in residue LYS A 722
2024-02-28 14:07:17,706 WARNING:biomolecule.py:157:num_missing_heavy:Missing atom NZ in residue LYS A 722
2024-02-28 14:07:17,706 WARNING:biomolecule.py:157:num_missing_heavy:Missing atom CD in residue GLU A 732
2024-02-28 14:07:17,706 WARNING:biomolecule.py:157:num_missing_heavy:Missing atom OE1 in residue GLU A 732
2024-02-28 14:07:17,706 WARNING:biomolecule.py:157:num_missing_heavy:Missing atom OE2 in residue GLU A 732
2024-02-28 14:07:17,706 WARNING:biomolecule.py:157:num_missing_heavy:Missing atom CG in residue GLU A 734
2024-02-28 14:07:17,706 WARNING:biomolecule.py:157:num_missing_heavy:Missing atom CD in residue GLU A 734
2024-02-28 14:07:17,706 WARNING:biomolecule.py:157:num_missing_heavy:Missing atom OE1 in residue GLU A 734
2024-02-28 14:07:17,706 WARNING:biomolecule.py:157:num_missing_heavy:Missing atom OE2 in residue GLU A 734
2024-02-28 14:07:17,706 WARNING:biomolecule.py:157:num_missing_heavy:Missing atom CG in residue PHE A 735
2024-02-28 14:07:17,706 WARNING:biomolecule.py:157:num_missing_heavy:Missing atom CD1 in residue PHE A 735
2024-02-28 14:07:17,706 WARNING:biomolecule.py:157:num_missing_heavy:Missing atom CD2 in residue PHE A 735
2024-02-28 14:07:17,706 WARNING:biomolecule.py:157:num_missing_heavy:Missing atom CE1 in residue PHE A 735
2024-02-28 14:07:17,706 WARNING:biomolecule.py:157:num_missing_heavy:Missing atom CE2 in residue PHE A 735
2024-02-28 14:07:17,706 WARNING:biomolecule.py:157:num_missing_heavy:Missing atom CZ in residue PHE A 735
2024-02-28 14:07:17,706 WARNING:biomolecule.py:157:num_missing_heavy:Missing atom CZ in residue ARG A 749
2024-02-28 14:07:17,706 WARNING:biomolecule.py:157:num_missing_heavy:Missing atom NH1 in residue ARG A 749
2024-02-28 14:07:17,706 WARNING:biomolecule.py:157:num_missing_heavy:Missing atom NH2 in residue ARG A 749
2024-02-28 14:07:17,707 WARNING:biomolecule.py:157:num_missing_heavy:Missing atom CD in residue GLU A 762
2024-02-28 14:07:17,707 WARNING:biomolecule.py:157:num_missing_heavy:Missing atom OE1 in residue GLU A 762
2024-02-28 14:07:17,707 WARNING:biomolecule.py:157:num_missing_heavy:Missing atom OE2 in residue GLU A 762
2024-02-28 14:07:17,707 WARNING:biomolecule.py:157:num_missing_heavy:Missing atom CZ in residue ARG A 770
2024-02-28 14:07:17,707 WARNING:biomolecule.py:157:num_missing_heavy:Missing atom NH1 in residue ARG A 770
2024-02-28 14:07:17,707 WARNING:biomolecule.py:157:num_missing_heavy:Missing atom NH2 in residue ARG A 770
2024-02-28 14:07:17,707 WARNING:biomolecule.py:157:num_missing_heavy:Missing atom CE in residue LYS A 789
2024-02-28 14:07:17,707 WARNING:biomolecule.py:157:num_missing_heavy:Missing atom NZ in residue LYS A 789
2024-02-28 14:07:17,707 WARNING:biomolecule.py:157:num_missing_heavy:Missing atom CG in residue ASP A 797
2024-02-28 14:07:17,707 WARNING:biomolecule.py:157:num_missing_heavy:Missing atom OD1 in residue ASP A 797
2024-02-28 14:07:17,707 WARNING:biomolecule.py:157:num_missing_heavy:Missing atom OD2 in residue ASP A 797
2024-02-28 14:07:17,707 WARNING:biomolecule.py:157:num_missing_heavy:Missing atom CG in residue GLU A 818
2024-02-28 14:07:17,707 WARNING:biomolecule.py:157:num_missing_heavy:Missing atom CD in residue GLU A 818
2024-02-28 14:07:17,707 WARNING:biomolecule.py:157:num_missing_heavy:Missing atom OE1 in residue GLU A 818
2024-02-28 14:07:17,707 WARNING:biomolecule.py:157:num_missing_heavy:Missing atom OE2 in residue GLU A 818
2024-02-28 14:07:17,707 WARNING:biomolecule.py:157:num_missing_heavy:Missing atom NE in residue ARG A 820
2024-02-28 14:07:17,707 WARNING:biomolecule.py:157:num_missing_heavy:Missing atom CZ in residue ARG A 820
2024-02-28 14:07:17,707 WARNING:biomolecule.py:157:num_missing_heavy:Missing atom NH1 in residue ARG A 820
2024-02-28 14:07:17,707 WARNING:biomolecule.py:157:num_missing_heavy:Missing atom NH2 in residue ARG A 820
2024-02-28 14:07:17,708 WARNING:biomolecule.py:157:num_missing_heavy:Missing atom CG in residue ARG A 844
2024-02-28 14:07:17,708 WARNING:biomolecule.py:157:num_missing_heavy:Missing atom CD in residue ARG A 844
2024-02-28 14:07:17,708 WARNING:biomolecule.py:157:num_missing_heavy:Missing atom NE in residue ARG A 844
2024-02-28 14:07:17,708 WARNING:biomolecule.py:157:num_missing_heavy:Missing atom CZ in residue ARG A 844
2024-02-28 14:07:17,708 WARNING:biomolecule.py:157:num_missing_heavy:Missing atom NH1 in residue ARG A 844
2024-02-28 14:07:17,708 WARNING:biomolecule.py:157:num_missing_heavy:Missing atom NH2 in residue ARG A 844
2024-02-28 14:07:17,708 WARNING:biomolecule.py:157:num_missing_heavy:Missing atom CG in residue GLU A 867
2024-02-28 14:07:17,708 WARNING:biomolecule.py:157:num_missing_heavy:Missing atom CD in residue GLU A 867
2024-02-28 14:07:17,708 WARNING:biomolecule.py:157:num_missing_heavy:Missing atom OE1 in residue GLU A 867
2024-02-28 14:07:17,708 WARNING:biomolecule.py:157:num_missing_heavy:Missing atom OE2 in residue GLU A 867
2024-02-28 14:07:17,708 WARNING:biomolecule.py:157:num_missing_heavy:Missing atom CD in residue LYS A 869
2024-02-28 14:07:17,708 WARNING:biomolecule.py:157:num_missing_heavy:Missing atom CE in residue LYS A 869
2024-02-28 14:07:17,708 WARNING:biomolecule.py:157:num_missing_heavy:Missing atom NZ in residue LYS A 869
2024-02-28 14:07:17,708 WARNING:biomolecule.py:157:num_missing_heavy:Missing atom CG in residue GLU A 884
2024-02-28 14:07:17,708 WARNING:biomolecule.py:157:num_missing_heavy:Missing atom CD in residue GLU A 884
2024-02-28 14:07:17,708 WARNING:biomolecule.py:157:num_missing_heavy:Missing atom OE1 in residue GLU A 884
2024-02-28 14:07:17,708 WARNING:biomolecule.py:157:num_missing_heavy:Missing atom OE2 in residue GLU A 884
2024-02-28 14:07:17,708 WARNING:biomolecule.py:157:num_missing_heavy:Missing atom CZ in residue ARG A 886
2024-02-28 14:07:17,708 WARNING:biomolecule.py:157:num_missing_heavy:Missing atom NH1 in residue ARG A 886
2024-02-28 14:07:17,708 WARNING:biomolecule.py:157:num_missing_heavy:Missing atom NH2 in residue ARG A 886
2024-02-28 14:07:17,708 WARNING:biomolecule.py:157:num_missing_heavy:Missing atom O in residue TYR A 900
2024-02-28 14:07:17,708 WARNING:biomolecule.py:157:num_missing_heavy:Missing atom CD1 in residue TYR A 900
2024-02-28 14:07:17,709 WARNING:biomolecule.py:157:num_missing_heavy:Missing atom CD2 in residue TYR A 900
2024-02-28 14:07:17,709 WARNING:biomolecule.py:157:num_missing_heavy:Missing atom CE1 in residue TYR A 900
2024-02-28 14:07:17,709 WARNING:biomolecule.py:157:num_missing_heavy:Missing atom CE2 in residue TYR A 900
2024-02-28 14:07:17,716 WARNING:biomolecule.py:157:num_missing_heavy:Missing atom CZ in residue TYR A 900
2024-02-28 14:07:18,125 WARNING:biomolecule.py:157:num_missing_heavy:Missing atom OH in residue TYR A 900
2024-02-28 14:07:18,125 WARNING:biomolecule.py:157:num_missing_heavy:Missing atom CG in residue GLU A 901
2024-02-28 14:07:18,125 WARNING:biomolecule.py:157:num_missing_heavy:Missing atom CD in residue GLU A 901
2024-02-28 14:07:18,125 WARNING:biomolecule.py:157:num_missing_heavy:Missing atom OE2 in residue GLU A 901
2024-02-28 14:07:18,125 WARNING:biomolecule.py:157:num_missing_heavy:Missing atom CG in residue GLU A 902
2024-02-28 14:07:18,125 WARNING:biomolecule.py:157:num_missing_heavy:Missing atom CD in residue GLU A 902
2024-02-28 14:07:18,125 WARNING:biomolecule.py:157:num_missing_heavy:Missing atom OE1 in residue GLU A 902
2024-02-28 14:07:18,125 WARNING:biomolecule.py:157:num_missing_heavy:Missing atom OE2 in residue GLU A 902
2024-02-28 14:07:18,125 WARNING:biomolecule.py:157:num_missing_heavy:Missing atom CD in residue ARG A 912
2024-02-28 14:07:18,125 WARNING:biomolecule.py:157:num_missing_heavy:Missing atom NE in residue ARG A 912
2024-02-28 14:07:18,126 WARNING:biomolecule.py:157:num_missing_heavy:Missing atom CZ in residue ARG A 912
2024-02-28 14:07:18,126 WARNING:biomolecule.py:157:num_missing_heavy:Missing atom NH1 in residue ARG A 912
2024-02-28 14:07:18,126 WARNING:biomolecule.py:157:num_missing_heavy:Missing atom NH2 in residue ARG A 912
2024-02-28 14:07:18,126 WARNING:biomolecule.py:157:num_missing_heavy:Missing atom CD in residue ARG A 959
2024-02-28 14:07:18,126 WARNING:biomolecule.py:157:num_missing_heavy:Missing atom NE in residue ARG A 959
2024-02-28 14:07:18,126 WARNING:biomolecule.py:157:num_missing_heavy:Missing atom CZ in residue ARG A 959
2024-02-28 14:07:18,126 WARNING:biomolecule.py:157:num_missing_heavy:Missing atom NH1 in residue ARG A 959
2024-02-28 14:07:18,126 WARNING:biomolecule.py:157:num_missing_heavy:Missing atom NH2 in residue ARG A 959
2024-02-28 14:07:18,126 WARNING:biomolecule.py:157:num_missing_heavy:Missing atom CE in residue LYS A 965
2024-02-28 14:07:18,126 WARNING:biomolecule.py:157:num_missing_heavy:Missing atom NZ in residue LYS A 965
2024-02-28 14:07:18,126 WARNING:biomolecule.py:157:num_missing_heavy:Missing atom OE1 in residue GLU A 971
2024-02-28 14:07:18,126 WARNING:biomolecule.py:157:num_missing_heavy:Missing atom OE2 in residue GLU A 971
2024-02-28 14:07:18,126 WARNING:biomolecule.py:157:num_missing_heavy:Missing atom CG in residue ASN A 975
2024-02-28 14:07:18,126 WARNING:biomolecule.py:157:num_missing_heavy:Missing atom OD1 in residue ASN A 975
2024-02-28 14:07:18,126 WARNING:biomolecule.py:157:num_missing_heavy:Missing atom ND2 in residue ASN A 975
2024-02-28 14:07:18,126 WARNING:biomolecule.py:157:num_missing_heavy:Missing atom CG in residue GLU A 978
2024-02-28 14:07:18,126 WARNING:biomolecule.py:157:num_missing_heavy:Missing atom CD in residue GLU A 978
2024-02-28 14:07:18,126 WARNING:biomolecule.py:157:num_missing_heavy:Missing atom OE1 in residue GLU A 978
2024-02-28 14:07:18,126 WARNING:biomolecule.py:157:num_missing_heavy:Missing atom OE2 in residue GLU A 978
2024-02-28 14:07:18,126 WARNING:biomolecule.py:157:num_missing_heavy:Missing atom CG in residue GLU A 979
2024-02-28 14:07:18,126 WARNING:biomolecule.py:157:num_missing_heavy:Missing atom CD in residue GLU A 979
2024-02-28 14:07:18,126 WARNING:biomolecule.py:157:num_missing_heavy:Missing atom OE1 in residue GLU A 979
2024-02-28 14:07:18,127 WARNING:biomolecule.py:157:num_missing_heavy:Missing atom OE2 in residue GLU A 979
2024-02-28 14:07:18,127 WARNING:biomolecule.py:157:num_missing_heavy:Missing atom CG in residue ARG A 982
2024-02-28 14:07:18,517 WARNING:biomolecule.py:157:num_missing_heavy:Missing atom CD in residue ARG A 982
2024-02-28 14:07:18,517 WARNING:biomolecule.py:157:num_missing_heavy:Missing atom NE in residue ARG A 982
2024-02-28 14:07:18,517 WARNING:biomolecule.py:157:num_missing_heavy:Missing atom CZ in residue ARG A 982
2024-02-28 14:07:18,518 WARNING:biomolecule.py:157:num_missing_heavy:Missing atom NH1 in residue ARG A 982
2024-02-28 14:07:18,518 WARNING:biomolecule.py:157:num_missing_heavy:Missing atom NH2 in residue ARG A 982
2024-02-28 14:07:18,518 WARNING:biomolecule.py:157:num_missing_heavy:Missing atom CG in residue GLN A 986
2024-02-28 14:07:18,518 WARNING:biomolecule.py:157:num_missing_heavy:Missing atom CD in residue GLN A 986
2024-02-28 14:07:18,518 WARNING:biomolecule.py:157:num_missing_heavy:Missing atom OE1 in residue GLN A 986
2024-02-28 14:07:18,518 WARNING:biomolecule.py:157:num_missing_heavy:Missing atom NE2 in residue GLN A 986
2024-02-28 14:07:18,518 WARNING:biomolecule.py:157:num_missing_heavy:Missing atom CG in residue GLU A 991
2024-02-28 14:07:18,518 WARNING:biomolecule.py:157:num_missing_heavy:Missing atom CD in residue GLU A 991
2024-02-28 14:07:18,518 WARNING:biomolecule.py:157:num_missing_heavy:Missing atom OE1 in residue GLU A 991
2024-02-28 14:07:18,518 WARNING:biomolecule.py:157:num_missing_heavy:Missing atom OE2 in residue GLU A 991
2024-02-28 14:07:18,518 WARNING:biomolecule.py:157:num_missing_heavy:Missing atom CD in residue LYS A 994
2024-02-28 14:07:18,518 WARNING:biomolecule.py:157:num_missing_heavy:Missing atom CE in residue LYS A 994
2024-02-28 14:07:18,518 WARNING:biomolecule.py:157:num_missing_heavy:Missing atom NZ in residue LYS A 994
2024-02-28 14:07:18,518 WARNING:biomolecule.py:157:num_missing_heavy:Missing atom CD in residue LYS A 1007
2024-02-28 14:07:18,518 WARNING:biomolecule.py:157:num_missing_heavy:Missing atom CE in residue LYS A 1007
2024-02-28 14:07:18,518 WARNING:biomolecule.py:157:num_missing_heavy:Missing atom NZ in residue LYS A 1007
2024-02-28 14:07:18,518 WARNING:biomolecule.py:157:num_missing_heavy:Missing atom CE in residue MET A 1009
2024-02-28 14:07:18,518 WARNING:biomolecule.py:157:num_missing_heavy:Missing atom CE in residue LYS A 1011
2024-02-28 14:07:18,518 WARNING:biomolecule.py:157:num_missing_heavy:Missing atom NZ in residue LYS A 1011
2024-02-28 14:07:18,518 WARNING:biomolecule.py:157:num_missing_heavy:Missing atom CG in residue ARG A 1012
2024-02-28 14:07:18,518 WARNING:biomolecule.py:157:num_missing_heavy:Missing atom CD in residue ARG A 1012
2024-02-28 14:07:18,518 WARNING:biomolecule.py:157:num_missing_heavy:Missing atom NE in residue ARG A 1012
2024-02-28 14:07:18,518 WARNING:biomolecule.py:157:num_missing_heavy:Missing atom CZ in residue ARG A 1012
2024-02-28 14:07:18,518 WARNING:biomolecule.py:157:num_missing_heavy:Missing atom NH1 in residue ARG A 1012
2024-02-28 14:07:18,518 WARNING:biomolecule.py:157:num_missing_heavy:Missing atom NH2 in residue ARG A 1012
2024-02-28 14:07:18,519 WARNING:biomolecule.py:157:num_missing_heavy:Missing atom OXT in residue ARG A 1012
2024-02-28 14:07:18,519 WARNING:biomolecule.py:157:num_missing_heavy:Missing atom O in residue ALA A 708
2024-02-28 14:07:18,519 WARNING:biomolecule.py:157:num_missing_heavy:Missing atom CG in residue LYS A 710
2024-02-28 14:07:18,519 WARNING:biomolecule.py:157:num_missing_heavy:Missing atom CD in residue LYS A 710
2024-02-28 14:07:18,519 WARNING:biomolecule.py:157:num_missing_heavy:Missing atom CE in residue LYS A 710
2024-02-28 14:07:18,519 WARNING:biomolecule.py:157:num_missing_heavy:Missing atom NZ in residue LYS A 710
2024-02-28 14:07:18,519 WARNING:biomolecule.py:157:num_missing_heavy:Missing atom CG1 in residue ILE A 711
2024-02-28 14:07:18,519 WARNING:biomolecule.py:157:num_missing_heavy:Missing atom CG2 in residue ILE A 711
2024-02-28 14:07:18,519 WARNING:biomolecule.py:157:num_missing_heavy:Missing atom CD1 in residue ILE A 711
2024-02-28 14:07:18,520 WARNING:biomolecule.py:157:num_missing_heavy:Missing atom CG in residue ASP A 714
2024-02-28 14:07:18,520 WARNING:biomolecule.py:157:num_missing_heavy:Missing atom OD1 in residue ASP A 714
2024-02-28 14:07:18,520 WARNING:biomolecule.py:157:num_missing_heavy:Missing atom OD2 in residue ASP A 714
2024-02-28 14:07:18,520 WARNING:biomolecule.py:157:num_missing_heavy:Missing atom CG in residue LYS A 716
2024-02-28 14:07:18,520 WARNING:biomolecule.py:157:num_missing_heavy:Missing atom CD in residue LYS A 716
2024-02-28 14:07:18,520 WARNING:biomolecule.py:157:num_missing_heavy:Missing atom CE in residue LYS A 716
2024-02-28 14:07:18,520 WARNING:biomolecule.py:157:num_missing_heavy:Missing atom NZ in residue LYS A 716
2024-02-28 14:07:18,520 WARNING:biomolecule.py:157:num_missing_heavy:Missing atom CD in residue LYS A 722
2024-02-28 14:07:18,520 WARNING:biomolecule.py:157:num_missing_heavy:Missing atom CE in residue LYS A 722
2024-02-28 14:07:18,520 WARNING:biomolecule.py:157:num_missing_heavy:Missing atom NZ in residue LYS A 722
2024-02-28 14:07:18,520 WARNING:biomolecule.py:157:num_missing_heavy:Missing atom CD in residue GLU A 732
2024-02-28 14:07:18,520 WARNING:biomolecule.py:157:num_missing_heavy:Missing atom OE1 in residue GLU A 732
2024-02-28 14:07:18,520 WARNING:biomolecule.py:157:num_missing_heavy:Missing atom OE2 in residue GLU A 732
2024-02-28 14:07:18,520 WARNING:biomolecule.py:157:num_missing_heavy:Missing atom CG in residue GLU A 734
2024-02-28 14:07:18,520 WARNING:biomolecule.py:157:num_missing_heavy:Missing atom CD in residue GLU A 734
2024-02-28 14:07:18,520 WARNING:biomolecule.py:157:num_missing_heavy:Missing atom OE1 in residue GLU A 734
2024-02-28 14:07:18,520 WARNING:biomolecule.py:157:num_missing_heavy:Missing atom OE2 in residue GLU A 734
2024-02-28 14:07:18,520 WARNING:biomolecule.py:157:num_missing_heavy:Missing atom CG in residue PHE A 735
2024-02-28 14:07:18,520 WARNING:biomolecule.py:157:num_missing_heavy:Missing atom CD1 in residue PHE A 735
2024-02-28 14:07:18,520 WARNING:biomolecule.py:157:num_missing_heavy:Missing atom CD2 in residue PHE A 735
2024-02-28 14:07:18,520 WARNING:biomolecule.py:157:num_missing_heavy:Missing atom CE1 in residue PHE A 735
2024-02-28 14:07:18,520 WARNING:biomolecule.py:157:num_missing_heavy:Missing atom CE2 in residue PHE A 735
2024-02-28 14:07:18,520 WARNING:biomolecule.py:157:num_missing_heavy:Missing atom CZ in residue PHE A 735
2024-02-28 14:07:18,520 WARNING:biomolecule.py:157:num_missing_heavy:Missing atom CZ in residue ARG A 749
2024-02-28 14:07:18,520 WARNING:biomolecule.py:157:num_missing_heavy:Missing atom NH1 in residue ARG A 749
2024-02-28 14:07:18,520 WARNING:biomolecule.py:157:num_missing_heavy:Missing atom NH2 in residue ARG A 749
2024-02-28 14:07:18,521 WARNING:biomolecule.py:157:num_missing_heavy:Missing atom CD in residue GLU A 762
2024-02-28 14:07:18,521 WARNING:biomolecule.py:157:num_missing_heavy:Missing atom OE1 in residue GLU A 762
2024-02-28 14:07:18,521 WARNING:biomolecule.py:157:num_missing_heavy:Missing atom OE2 in residue GLU A 762
2024-02-28 14:07:18,521 WARNING:biomolecule.py:157:num_missing_heavy:Missing atom CZ in residue ARG A 770
2024-02-28 14:07:18,521 WARNING:biomolecule.py:157:num_missing_heavy:Missing atom NH1 in residue ARG A 770
2024-02-28 14:07:18,521 WARNING:biomolecule.py:157:num_missing_heavy:Missing atom NH2 in residue ARG A 770
2024-02-28 14:07:18,521 WARNING:biomolecule.py:157:num_missing_heavy:Missing atom CE in residue LYS A 789
2024-02-28 14:07:18,521 WARNING:biomolecule.py:157:num_missing_heavy:Missing atom NZ in residue LYS A 789
2024-02-28 14:07:18,521 WARNING:biomolecule.py:157:num_missing_heavy:Missing atom CG in residue ASP A 797
2024-02-28 14:07:18,521 WARNING:biomolecule.py:157:num_missing_heavy:Missing atom OD1 in residue ASP A 797
2024-02-28 14:07:18,521 WARNING:biomolecule.py:157:num_missing_heavy:Missing atom OD2 in residue ASP A 797
2024-02-28 14:07:18,521 WARNING:biomolecule.py:157:num_missing_heavy:Missing atom CG in residue GLU A 818
2024-02-28 14:07:18,521 WARNING:biomolecule.py:157:num_missing_heavy:Missing atom CD in residue GLU A 818
2024-02-28 14:07:18,521 WARNING:biomolecule.py:157:num_missing_heavy:Missing atom OE1 in residue GLU A 818
2024-02-28 14:07:18,521 WARNING:biomolecule.py:157:num_missing_heavy:Missing atom OE2 in residue GLU A 818
2024-02-28 14:07:18,521 WARNING:biomolecule.py:157:num_missing_heavy:Missing atom NE in residue ARG A 820
2024-02-28 14:07:18,521 WARNING:biomolecule.py:157:num_missing_heavy:Missing atom CZ in residue ARG A 820
2024-02-28 14:07:18,521 WARNING:biomolecule.py:157:num_missing_heavy:Missing atom NH1 in residue ARG A 820
2024-02-28 14:07:18,521 WARNING:biomolecule.py:157:num_missing_heavy:Missing atom NH2 in residue ARG A 820
2024-02-28 14:07:18,521 WARNING:biomolecule.py:157:num_missing_heavy:Missing atom CG in residue ARG A 844
2024-02-28 14:07:18,521 WARNING:biomolecule.py:157:num_missing_heavy:Missing atom CD in residue ARG A 844
2024-02-28 14:07:18,522 WARNING:biomolecule.py:157:num_missing_heavy:Missing atom NE in residue ARG A 844
2024-02-28 14:07:18,522 WARNING:biomolecule.py:157:num_missing_heavy:Missing atom CZ in residue ARG A 844
2024-02-28 14:07:18,522 WARNING:biomolecule.py:157:num_missing_heavy:Missing atom NH1 in residue ARG A 844
2024-02-28 14:07:18,522 WARNING:biomolecule.py:157:num_missing_heavy:Missing atom NH2 in residue ARG A 844
2024-02-28 14:07:18,522 WARNING:biomolecule.py:157:num_missing_heavy:Missing atom CG in residue GLU A 867
2024-02-28 14:07:18,522 WARNING:biomolecule.py:157:num_missing_heavy:Missing atom CD in residue GLU A 867
2024-02-28 14:07:18,522 WARNING:biomolecule.py:157:num_missing_heavy:Missing atom OE1 in residue GLU A 867
2024-02-28 14:07:18,522 WARNING:biomolecule.py:157:num_missing_heavy:Missing atom OE2 in residue GLU A 867
2024-02-28 14:07:18,522 WARNING:biomolecule.py:157:num_missing_heavy:Missing atom CD in residue LYS A 869
2024-02-28 14:07:18,522 WARNING:biomolecule.py:157:num_missing_heavy:Missing atom CE in residue LYS A 869
2024-02-28 14:07:18,893 WARNING:biomolecule.py:157:num_missing_heavy:Missing atom NZ in residue LYS A 869
2024-02-28 14:07:18,893 WARNING:biomolecule.py:157:num_missing_heavy:Missing atom CG in residue GLU A 884
2024-02-28 14:07:18,893 WARNING:biomolecule.py:157:num_missing_heavy:Missing atom CD in residue GLU A 884
2024-02-28 14:07:18,893 WARNING:biomolecule.py:157:num_missing_heavy:Missing atom OE1 in residue GLU A 884
2024-02-28 14:07:18,893 WARNING:biomolecule.py:157:num_missing_heavy:Missing atom OE2 in residue GLU A 884
2024-02-28 14:07:18,893 WARNING:biomolecule.py:157:num_missing_heavy:Missing atom CZ in residue ARG A 886
2024-02-28 14:07:18,893 WARNING:biomolecule.py:157:num_missing_heavy:Missing atom NH1 in residue ARG A 886
2024-02-28 14:07:18,894 WARNING:biomolecule.py:157:num_missing_heavy:Missing atom NH2 in residue ARG A 886
2024-02-28 14:07:18,894 WARNING:biomolecule.py:157:num_missing_heavy:Missing atom O in residue TYR A 900
2024-02-28 14:07:18,894 WARNING:biomolecule.py:157:num_missing_heavy:Missing atom CD1 in residue TYR A 900
2024-02-28 14:07:18,894 WARNING:biomolecule.py:157:num_missing_heavy:Missing atom CD2 in residue TYR A 900
2024-02-28 14:07:18,894 WARNING:biomolecule.py:157:num_missing_heavy:Missing atom CE1 in residue TYR A 900
2024-02-28 14:07:18,894 WARNING:biomolecule.py:157:num_missing_heavy:Missing atom CE2 in residue TYR A 900
2024-02-28 14:07:18,894 WARNING:biomolecule.py:157:num_missing_heavy:Missing atom CZ in residue TYR A 900
2024-02-28 14:07:18,894 WARNING:biomolecule.py:157:num_missing_heavy:Missing atom OH in residue TYR A 900
2024-02-28 14:07:18,894 WARNING:biomolecule.py:157:num_missing_heavy:Missing atom CG in residue GLU A 901
2024-02-28 14:07:18,894 WARNING:biomolecule.py:157:num_missing_heavy:Missing atom CD in residue GLU A 901
2024-02-28 14:07:18,894 WARNING:biomolecule.py:157:num_missing_heavy:Missing atom OE2 in residue GLU A 901
2024-02-28 14:07:18,894 WARNING:biomolecule.py:157:num_missing_heavy:Missing atom CG in residue GLU A 902
2024-02-28 14:07:18,894 WARNING:biomolecule.py:157:num_missing_heavy:Missing atom CD in residue GLU A 902
2024-02-28 14:07:18,894 WARNING:biomolecule.py:157:num_missing_heavy:Missing atom OE1 in residue GLU A 902
2024-02-28 14:07:18,894 WARNING:biomolecule.py:157:num_missing_heavy:Missing atom OE2 in residue GLU A 902
2024-02-28 14:07:18,894 WARNING:biomolecule.py:157:num_missing_heavy:Missing atom CD in residue ARG A 912
2024-02-28 14:07:18,894 WARNING:biomolecule.py:157:num_missing_heavy:Missing atom NE in residue ARG A 912
2024-02-28 14:07:18,894 WARNING:biomolecule.py:157:num_missing_heavy:Missing atom CZ in residue ARG A 912
2024-02-28 14:07:18,894 WARNING:biomolecule.py:157:num_missing_heavy:Missing atom NH1 in residue ARG A 912
2024-02-28 14:07:18,894 WARNING:biomolecule.py:157:num_missing_heavy:Missing atom NH2 in residue ARG A 912
2024-02-28 14:07:18,895 WARNING:biomolecule.py:157:num_missing_heavy:Missing atom CD in residue ARG A 959
2024-02-28 14:07:18,895 WARNING:biomolecule.py:157:num_missing_heavy:Missing atom NE in residue ARG A 959
2024-02-28 14:07:18,895 WARNING:biomolecule.py:157:num_missing_heavy:Missing atom CZ in residue ARG A 959
2024-02-28 14:07:18,895 WARNING:biomolecule.py:157:num_missing_heavy:Missing atom NH1 in residue ARG A 959
2024-02-28 14:07:18,895 WARNING:biomolecule.py:157:num_missing_heavy:Missing atom NH2 in residue ARG A 959
2024-02-28 14:07:18,895 WARNING:biomolecule.py:157:num_missing_heavy:Missing atom CE in residue LYS A 965
2024-02-28 14:07:18,895 WARNING:biomolecule.py:157:num_missing_heavy:Missing atom NZ in residue LYS A 965
2024-02-28 14:07:18,895 WARNING:biomolecule.py:157:num_missing_heavy:Missing atom OE1 in residue GLU A 971
2024-02-28 14:07:18,895 WARNING:biomolecule.py:157:num_missing_heavy:Missing atom OE2 in residue GLU A 971
2024-02-28 14:07:18,895 WARNING:biomolecule.py:157:num_missing_heavy:Missing atom CG in residue ASN A 975
2024-02-28 14:07:18,895 WARNING:biomolecule.py:157:num_missing_heavy:Missing atom OD1 in residue ASN A 975
2024-02-28 14:07:18,895 WARNING:biomolecule.py:157:num_missing_heavy:Missing atom ND2 in residue ASN A 975
2024-02-28 14:07:18,895 WARNING:biomolecule.py:157:num_missing_heavy:Missing atom CG in residue GLU A 978
2024-02-28 14:07:18,895 WARNING:biomolecule.py:157:num_missing_heavy:Missing atom CD in residue GLU A 978
2024-02-28 14:07:18,895 WARNING:biomolecule.py:157:num_missing_heavy:Missing atom OE1 in residue GLU A 978
2024-02-28 14:07:18,895 WARNING:biomolecule.py:157:num_missing_heavy:Missing atom OE2 in residue GLU A 978
2024-02-28 14:07:18,895 WARNING:biomolecule.py:157:num_missing_heavy:Missing atom CG in residue GLU A 979
2024-02-28 14:07:18,895 WARNING:biomolecule.py:157:num_missing_heavy:Missing atom CD in residue GLU A 979
2024-02-28 14:07:18,895 WARNING:biomolecule.py:157:num_missing_heavy:Missing atom OE1 in residue GLU A 979
2024-02-28 14:07:18,895 WARNING:biomolecule.py:157:num_missing_heavy:Missing atom OE2 in residue GLU A 979
2024-02-28 14:07:18,895 WARNING:biomolecule.py:157:num_missing_heavy:Missing atom CG in residue ARG A 982
2024-02-28 14:07:18,895 WARNING:biomolecule.py:157:num_missing_heavy:Missing atom CD in residue ARG A 982
2024-02-28 14:07:18,895 WARNING:biomolecule.py:157:num_missing_heavy:Missing atom NE in residue ARG A 982
2024-02-28 14:07:18,895 WARNING:biomolecule.py:157:num_missing_heavy:Missing atom CZ in residue ARG A 982
2024-02-28 14:07:18,895 WARNING:biomolecule.py:157:num_missing_heavy:Missing atom NH1 in residue ARG A 982
2024-02-28 14:07:18,895 WARNING:biomolecule.py:157:num_missing_heavy:Missing atom NH2 in residue ARG A 982
2024-02-28 14:07:18,895 WARNING:biomolecule.py:157:num_missing_heavy:Missing atom CG in residue GLN A 986
2024-02-28 14:07:18,895 WARNING:biomolecule.py:157:num_missing_heavy:Missing atom CD in residue GLN A 986
2024-02-28 14:07:18,896 WARNING:biomolecule.py:157:num_missing_heavy:Missing atom OE1 in residue GLN A 986
2024-02-28 14:07:18,896 WARNING:biomolecule.py:157:num_missing_heavy:Missing atom NE2 in residue GLN A 986
2024-02-28 14:07:18,896 WARNING:biomolecule.py:157:num_missing_heavy:Missing atom CG in residue GLU A 991
2024-02-28 14:07:18,896 WARNING:biomolecule.py:157:num_missing_heavy:Missing atom CD in residue GLU A 991
2024-02-28 14:07:18,896 WARNING:biomolecule.py:157:num_missing_heavy:Missing atom OE1 in residue GLU A 991
2024-02-28 14:07:18,896 WARNING:biomolecule.py:157:num_missing_heavy:Missing atom OE2 in residue GLU A 991
2024-02-28 14:07:18,896 WARNING:biomolecule.py:157:num_missing_heavy:Missing atom CD in residue LYS A 994
2024-02-28 14:07:18,896 WARNING:biomolecule.py:157:num_missing_heavy:Missing atom CE in residue LYS A 994
2024-02-28 14:07:18,896 WARNING:biomolecule.py:157:num_missing_heavy:Missing atom NZ in residue LYS A 994
2024-02-28 14:07:18,896 WARNING:biomolecule.py:157:num_missing_heavy:Missing atom CD in residue LYS A 1007
2024-02-28 14:07:18,896 WARNING:biomolecule.py:157:num_missing_heavy:Missing atom CE in residue LYS A 1007
2024-02-28 14:07:18,896 WARNING:biomolecule.py:157:num_missing_heavy:Missing atom NZ in residue LYS A 1007
2024-02-28 14:07:18,896 WARNING:biomolecule.py:157:num_missing_heavy:Missing atom CE in residue MET A 1009
2024-02-28 14:07:18,896 WARNING:biomolecule.py:157:num_missing_heavy:Missing atom CE in residue LYS A 1011
2024-02-28 14:07:18,896 WARNING:biomolecule.py:157:num_missing_heavy:Missing atom NZ in residue LYS A 1011
2024-02-28 14:07:18,896 WARNING:biomolecule.py:157:num_missing_heavy:Missing atom CG in residue ARG A 1012
2024-02-28 14:07:18,896 WARNING:biomolecule.py:157:num_missing_heavy:Missing atom CD in residue ARG A 1012
2024-02-28 14:07:18,896 WARNING:biomolecule.py:157:num_missing_heavy:Missing atom NE in residue ARG A 1012
2024-02-28 14:07:18,896 WARNING:biomolecule.py:157:num_missing_heavy:Missing atom CZ in residue ARG A 1012
2024-02-28 14:07:18,896 WARNING:biomolecule.py:157:num_missing_heavy:Missing atom NH1 in residue ARG A 1012
2024-02-28 14:07:18,896 WARNING:biomolecule.py:157:num_missing_heavy:Missing atom NH2 in residue ARG A 1012
2024-02-28 14:07:18,896 WARNING:biomolecule.py:157:num_missing_heavy:Missing atom OXT in residue ARG A 1012
2024-02-28 14:07:18,896 WARNING:biomolecule.py:157:num_missing_heavy:Missing atom O in residue ALA A 708
2024-02-28 14:07:18,896 WARNING:biomolecule.py:157:num_missing_heavy:Missing atom CG in residue LYS A 710
2024-02-28 14:07:18,896 WARNING:biomolecule.py:157:num_missing_heavy:Missing atom CD in residue LYS A 710
2024-02-28 14:07:18,896 WARNING:biomolecule.py:157:num_missing_heavy:Missing atom CE in residue LYS A 710
2024-02-28 14:07:18,896 WARNING:biomolecule.py:157:num_missing_heavy:Missing atom NZ in residue LYS A 710
2024-02-28 14:07:18,897 WARNING:biomolecule.py:157:num_missing_heavy:Missing atom CG1 in residue ILE A 711
2024-02-28 14:07:18,897 WARNING:biomolecule.py:157:num_missing_heavy:Missing atom CG2 in residue ILE A 711
2024-02-28 14:07:18,897 WARNING:biomolecule.py:157:num_missing_heavy:Missing atom CD1 in residue ILE A 711
2024-02-28 14:07:18,897 WARNING:biomolecule.py:157:num_missing_heavy:Missing atom CG in residue ASP A 714
2024-02-28 14:07:18,897 WARNING:biomolecule.py:157:num_missing_heavy:Missing atom OD1 in residue ASP A 714
2024-02-28 14:07:18,897 WARNING:biomolecule.py:157:num_missing_heavy:Missing atom OD2 in residue ASP A 714
2024-02-28 14:07:18,897 WARNING:biomolecule.py:157:num_missing_heavy:Missing atom CG in residue LYS A 716
2024-02-28 14:07:18,897 WARNING:biomolecule.py:157:num_missing_heavy:Missing atom CD in residue LYS A 716
2024-02-28 14:07:18,897 WARNING:biomolecule.py:157:num_missing_heavy:Missing atom CE in residue LYS A 716
2024-02-28 14:07:18,897 WARNING:biomolecule.py:157:num_missing_heavy:Missing atom NZ in residue LYS A 716
2024-02-28 14:07:18,897 WARNING:biomolecule.py:157:num_missing_heavy:Missing atom CD in residue LYS A 722
2024-02-28 14:07:18,897 WARNING:biomolecule.py:157:num_missing_heavy:Missing atom CE in residue LYS A 722
2024-02-28 14:07:18,897 WARNING:biomolecule.py:157:num_missing_heavy:Missing atom NZ in residue LYS A 722
2024-02-28 14:07:18,897 WARNING:biomolecule.py:157:num_missing_heavy:Missing atom CD in residue GLU A 732
2024-02-28 14:07:18,897 WARNING:biomolecule.py:157:num_missing_heavy:Missing atom OE1 in residue GLU A 732
2024-02-28 14:07:18,897 WARNING:biomolecule.py:157:num_missing_heavy:Missing atom OE2 in residue GLU A 732
2024-02-28 14:07:18,897 WARNING:biomolecule.py:157:num_missing_heavy:Missing atom CG in residue GLU A 734
2024-02-28 14:07:18,897 WARNING:biomolecule.py:157:num_missing_heavy:Missing atom CD in residue GLU A 734
2024-02-28 14:07:18,897 WARNING:biomolecule.py:157:num_missing_heavy:Missing atom OE1 in residue GLU A 734
2024-02-28 14:07:18,897 WARNING:biomolecule.py:157:num_missing_heavy:Missing atom OE2 in residue GLU A 734
2024-02-28 14:07:18,897 WARNING:biomolecule.py:157:num_missing_heavy:Missing atom CG in residue PHE A 735
2024-02-28 14:07:18,897 WARNING:biomolecule.py:157:num_missing_heavy:Missing atom CD1 in residue PHE A 735
2024-02-28 14:07:18,897 WARNING:biomolecule.py:157:num_missing_heavy:Missing atom CD2 in residue PHE A 735
2024-02-28 14:07:18,897 WARNING:biomolecule.py:157:num_missing_heavy:Missing atom CE1 in residue PHE A 735
2024-02-28 14:07:18,897 WARNING:biomolecule.py:157:num_missing_heavy:Missing atom CE2 in residue PHE A 735
2024-02-28 14:07:18,897 WARNING:biomolecule.py:157:num_missing_heavy:Missing atom CZ in residue PHE A 735
2024-02-28 14:07:18,898 WARNING:biomolecule.py:157:num_missing_heavy:Missing atom CZ in residue ARG A 749
2024-02-28 14:07:18,898 WARNING:biomolecule.py:157:num_missing_heavy:Missing atom NH1 in residue ARG A 749
2024-02-28 14:07:18,898 WARNING:biomolecule.py:157:num_missing_heavy:Missing atom NH2 in residue ARG A 749
2024-02-28 14:07:18,898 WARNING:biomolecule.py:157:num_missing_heavy:Missing atom CD in residue GLU A 762
2024-02-28 14:07:18,898 WARNING:biomolecule.py:157:num_missing_heavy:Missing atom OE1 in residue GLU A 762
2024-02-28 14:07:18,898 WARNING:biomolecule.py:157:num_missing_heavy:Missing atom OE2 in residue GLU A 762
2024-02-28 14:07:18,898 WARNING:biomolecule.py:157:num_missing_heavy:Missing atom CZ in residue ARG A 770
2024-02-28 14:07:18,898 WARNING:biomolecule.py:157:num_missing_heavy:Missing atom NH1 in residue ARG A 770
2024-02-28 14:07:18,898 WARNING:biomolecule.py:157:num_missing_heavy:Missing atom NH2 in residue ARG A 770
2024-02-28 14:07:18,898 WARNING:biomolecule.py:157:num_missing_heavy:Missing atom CE in residue LYS A 789
2024-02-28 14:07:18,898 WARNING:biomolecule.py:157:num_missing_heavy:Missing atom NZ in residue LYS A 789
2024-02-28 14:07:18,898 WARNING:biomolecule.py:157:num_missing_heavy:Missing atom CG in residue ASP A 797
2024-02-28 14:07:18,898 WARNING:biomolecule.py:157:num_missing_heavy:Missing atom OD1 in residue ASP A 797
2024-02-28 14:07:18,898 WARNING:biomolecule.py:157:num_missing_heavy:Missing atom OD2 in residue ASP A 797
2024-02-28 14:07:18,898 WARNING:biomolecule.py:157:num_missing_heavy:Missing atom CG in residue GLU A 818
2024-02-28 14:07:18,898 WARNING:biomolecule.py:157:num_missing_heavy:Missing atom CD in residue GLU A 818
2024-02-28 14:07:18,898 WARNING:biomolecule.py:157:num_missing_heavy:Missing atom OE1 in residue GLU A 818
2024-02-28 14:07:18,898 WARNING:biomolecule.py:157:num_missing_heavy:Missing atom OE2 in residue GLU A 818
2024-02-28 14:07:18,898 WARNING:biomolecule.py:157:num_missing_heavy:Missing atom NE in residue ARG A 820
2024-02-28 14:07:18,898 WARNING:biomolecule.py:157:num_missing_heavy:Missing atom CZ in residue ARG A 820
2024-02-28 14:07:18,898 WARNING:biomolecule.py:157:num_missing_heavy:Missing atom NH1 in residue ARG A 820
2024-02-28 14:07:18,898 WARNING:biomolecule.py:157:num_missing_heavy:Missing atom NH2 in residue ARG A 820
2024-02-28 14:07:18,899 WARNING:biomolecule.py:157:num_missing_heavy:Missing atom CG in residue ARG A 844
2024-02-28 14:07:18,899 WARNING:biomolecule.py:157:num_missing_heavy:Missing atom CD in residue ARG A 844
2024-02-28 14:07:18,899 WARNING:biomolecule.py:157:num_missing_heavy:Missing atom NE in residue ARG A 844
2024-02-28 14:07:18,899 WARNING:biomolecule.py:157:num_missing_heavy:Missing atom CZ in residue ARG A 844
2024-02-28 14:07:18,899 WARNING:biomolecule.py:157:num_missing_heavy:Missing atom NH1 in residue ARG A 844
2024-02-28 14:07:18,899 WARNING:biomolecule.py:157:num_missing_heavy:Missing atom NH2 in residue ARG A 844
2024-02-28 14:07:18,899 WARNING:biomolecule.py:157:num_missing_heavy:Missing atom CG in residue GLU A 867
2024-02-28 14:07:18,899 WARNING:biomolecule.py:157:num_missing_heavy:Missing atom CD in residue GLU A 867
2024-02-28 14:07:18,899 WARNING:biomolecule.py:157:num_missing_heavy:Missing atom OE1 in residue GLU A 867
2024-02-28 14:07:18,899 WARNING:biomolecule.py:157:num_missing_heavy:Missing atom OE2 in residue GLU A 867
2024-02-28 14:07:18,899 WARNING:biomolecule.py:157:num_missing_heavy:Missing atom CD in residue LYS A 869
2024-02-28 14:07:18,899 WARNING:biomolecule.py:157:num_missing_heavy:Missing atom CE in residue LYS A 869
2024-02-28 14:07:18,899 WARNING:biomolecule.py:157:num_missing_heavy:Missing atom NZ in residue LYS A 869
2024-02-28 14:07:18,899 WARNING:biomolecule.py:157:num_missing_heavy:Missing atom CG in residue GLU A 884
2024-02-28 14:07:18,899 WARNING:biomolecule.py:157:num_missing_heavy:Missing atom CD in residue GLU A 884
2024-02-28 14:07:18,899 WARNING:biomolecule.py:157:num_missing_heavy:Missing atom OE1 in residue GLU A 884
2024-02-28 14:07:18,899 WARNING:biomolecule.py:157:num_missing_heavy:Missing atom OE2 in residue GLU A 884
2024-02-28 14:07:18,899 WARNING:biomolecule.py:157:num_missing_heavy:Missing atom CZ in residue ARG A 886
2024-02-28 14:07:18,899 WARNING:biomolecule.py:157:num_missing_heavy:Missing atom NH1 in residue ARG A 886
2024-02-28 14:07:18,899 WARNING:biomolecule.py:157:num_missing_heavy:Missing atom NH2 in residue ARG A 886
2024-02-28 14:07:18,899 WARNING:biomolecule.py:157:num_missing_heavy:Missing atom O in residue TYR A 900
2024-02-28 14:07:18,899 WARNING:biomolecule.py:157:num_missing_heavy:Missing atom CD1 in residue TYR A 900
2024-02-28 14:07:18,899 WARNING:biomolecule.py:157:num_missing_heavy:Missing atom CD2 in residue TYR A 900
2024-02-28 14:07:18,899 WARNING:biomolecule.py:157:num_missing_heavy:Missing atom CE1 in residue TYR A 900
2024-02-28 14:07:18,899 WARNING:biomolecule.py:157:num_missing_heavy:Missing atom CE2 in residue TYR A 900
2024-02-28 14:07:18,899 WARNING:biomolecule.py:157:num_missing_heavy:Missing atom CZ in residue TYR A 900
2024-02-28 14:07:18,900 WARNING:biomolecule.py:157:num_missing_heavy:Missing atom OH in residue TYR A 900
2024-02-28 14:07:18,900 WARNING:biomolecule.py:157:num_missing_heavy:Missing atom CG in residue GLU A 901
2024-02-28 14:07:18,900 WARNING:biomolecule.py:157:num_missing_heavy:Missing atom CD in residue GLU A 901
2024-02-28 14:07:18,900 WARNING:biomolecule.py:157:num_missing_heavy:Missing atom OE2 in residue GLU A 901
2024-02-28 14:07:18,900 WARNING:biomolecule.py:157:num_missing_heavy:Missing atom CG in residue GLU A 902
2024-02-28 14:07:18,900 WARNING:biomolecule.py:157:num_missing_heavy:Missing atom CD in residue GLU A 902
2024-02-28 14:07:18,900 WARNING:biomolecule.py:157:num_missing_heavy:Missing atom OE1 in residue GLU A 902
2024-02-28 14:07:18,900 WARNING:biomolecule.py:157:num_missing_heavy:Missing atom OE2 in residue GLU A 902
2024-02-28 14:07:18,900 WARNING:biomolecule.py:157:num_missing_heavy:Missing atom CD in residue ARG A 912
2024-02-28 14:07:18,900 WARNING:biomolecule.py:157:num_missing_heavy:Missing atom NE in residue ARG A 912
2024-02-28 14:07:18,900 WARNING:biomolecule.py:157:num_missing_heavy:Missing atom CZ in residue ARG A 912
2024-02-28 14:07:18,900 WARNING:biomolecule.py:157:num_missing_heavy:Missing atom NH1 in residue ARG A 912
2024-02-28 14:07:18,900 WARNING:biomolecule.py:157:num_missing_heavy:Missing atom NH2 in residue ARG A 912
2024-02-28 14:07:18,900 WARNING:biomolecule.py:157:num_missing_heavy:Missing atom CD in residue ARG A 959
2024-02-28 14:07:18,900 WARNING:biomolecule.py:157:num_missing_heavy:Missing atom NE in residue ARG A 959
2024-02-28 14:07:18,900 WARNING:biomolecule.py:157:num_missing_heavy:Missing atom CZ in residue ARG A 959
2024-02-28 14:07:18,900 WARNING:biomolecule.py:157:num_missing_heavy:Missing atom NH1 in residue ARG A 959
2024-02-28 14:07:18,900 WARNING:biomolecule.py:157:num_missing_heavy:Missing atom NH2 in residue ARG A 959
2024-02-28 14:07:18,900 WARNING:biomolecule.py:157:num_missing_heavy:Missing atom CE in residue LYS A 965
2024-02-28 14:07:18,900 WARNING:biomolecule.py:157:num_missing_heavy:Missing atom NZ in residue LYS A 965
2024-02-28 14:07:18,900 WARNING:biomolecule.py:157:num_missing_heavy:Missing atom OE1 in residue GLU A 971
2024-02-28 14:07:18,900 WARNING:biomolecule.py:157:num_missing_heavy:Missing atom OE2 in residue GLU A 971
2024-02-28 14:07:18,900 WARNING:biomolecule.py:157:num_missing_heavy:Missing atom CG in residue ASN A 975
2024-02-28 14:07:18,901 WARNING:biomolecule.py:157:num_missing_heavy:Missing atom OD1 in residue ASN A 975
2024-02-28 14:07:18,901 WARNING:biomolecule.py:157:num_missing_heavy:Missing atom ND2 in residue ASN A 975
2024-02-28 14:07:18,901 WARNING:biomolecule.py:157:num_missing_heavy:Missing atom CG in residue GLU A 978
2024-02-28 14:07:18,901 WARNING:biomolecule.py:157:num_missing_heavy:Missing atom CD in residue GLU A 978
2024-02-28 14:07:18,901 WARNING:biomolecule.py:157:num_missing_heavy:Missing atom OE1 in residue GLU A 978
2024-02-28 14:07:18,901 WARNING:biomolecule.py:157:num_missing_heavy:Missing atom OE2 in residue GLU A 978
2024-02-28 14:07:18,901 WARNING:biomolecule.py:157:num_missing_heavy:Missing atom CG in residue GLU A 979
2024-02-28 14:07:18,901 WARNING:biomolecule.py:157:num_missing_heavy:Missing atom CD in residue GLU A 979
2024-02-28 14:07:18,901 WARNING:biomolecule.py:157:num_missing_heavy:Missing atom OE1 in residue GLU A 979
2024-02-28 14:07:18,901 WARNING:biomolecule.py:157:num_missing_heavy:Missing atom OE2 in residue GLU A 979
2024-02-28 14:07:18,901 WARNING:biomolecule.py:157:num_missing_heavy:Missing atom CG in residue ARG A 982
2024-02-28 14:07:18,901 WARNING:biomolecule.py:157:num_missing_heavy:Missing atom CD in residue ARG A 982
2024-02-28 14:07:18,901 WARNING:biomolecule.py:157:num_missing_heavy:Missing atom NE in residue ARG A 982
2024-02-28 14:07:18,901 WARNING:biomolecule.py:157:num_missing_heavy:Missing atom CZ in residue ARG A 982
2024-02-28 14:07:18,901 WARNING:biomolecule.py:157:num_missing_heavy:Missing atom NH1 in residue ARG A 982
2024-02-28 14:07:18,929 WARNING:biomolecule.py:157:num_missing_heavy:Missing atom NH2 in residue ARG A 982
2024-02-28 14:07:18,929 WARNING:biomolecule.py:157:num_missing_heavy:Missing atom CG in residue GLN A 986
2024-02-28 14:07:18,929 WARNING:biomolecule.py:157:num_missing_heavy:Missing atom CD in residue GLN A 986
2024-02-28 14:07:18,929 WARNING:biomolecule.py:157:num_missing_heavy:Missing atom OE1 in residue GLN A 986
2024-02-28 14:07:18,929 WARNING:biomolecule.py:157:num_missing_heavy:Missing atom NE2 in residue GLN A 986
2024-02-28 14:07:18,929 WARNING:biomolecule.py:157:num_missing_heavy:Missing atom CG in residue GLU A 991
2024-02-28 14:07:18,929 WARNING:biomolecule.py:157:num_missing_heavy:Missing atom CD in residue GLU A 991
2024-02-28 14:07:18,929 WARNING:biomolecule.py:157:num_missing_heavy:Missing atom OE1 in residue GLU A 991
2024-02-28 14:07:18,930 WARNING:biomolecule.py:157:num_missing_heavy:Missing atom OE2 in residue GLU A 991
2024-02-28 14:07:18,930 WARNING:biomolecule.py:157:num_missing_heavy:Missing atom CD in residue LYS A 994
2024-02-28 14:07:18,930 WARNING:biomolecule.py:157:num_missing_heavy:Missing atom CE in residue LYS A 994
2024-02-28 14:07:18,930 WARNING:biomolecule.py:157:num_missing_heavy:Missing atom NZ in residue LYS A 994
2024-02-28 14:07:18,930 WARNING:biomolecule.py:157:num_missing_heavy:Missing atom CD in residue LYS A 1007
2024-02-28 14:07:18,930 WARNING:biomolecule.py:157:num_missing_heavy:Missing atom CE in residue LYS A 1007
2024-02-28 14:07:18,930 WARNING:biomolecule.py:157:num_missing_heavy:Missing atom NZ in residue LYS A 1007
2024-02-28 14:07:18,930 WARNING:biomolecule.py:157:num_missing_heavy:Missing atom CE in residue MET A 1009
2024-02-28 14:07:18,930 WARNING:biomolecule.py:157:num_missing_heavy:Missing atom CE in residue LYS A 1011
2024-02-28 14:07:18,930 WARNING:biomolecule.py:157:num_missing_heavy:Missing atom NZ in residue LYS A 1011
2024-02-28 14:07:18,930 WARNING:biomolecule.py:157:num_missing_heavy:Missing atom CG in residue ARG A 1012
2024-02-28 14:07:18,930 WARNING:biomolecule.py:157:num_missing_heavy:Missing atom CD in residue ARG A 1012
2024-02-28 14:07:18,930 WARNING:biomolecule.py:157:num_missing_heavy:Missing atom NE in residue ARG A 1012
2024-02-28 14:07:18,930 WARNING:biomolecule.py:157:num_missing_heavy:Missing atom CZ in residue ARG A 1012
2024-02-28 14:07:18,930 WARNING:biomolecule.py:157:num_missing_heavy:Missing atom NH1 in residue ARG A 1012
2024-02-28 14:07:18,930 WARNING:biomolecule.py:157:num_missing_heavy:Missing atom NH2 in residue ARG A 1012
2024-02-28 14:07:18,930 WARNING:biomolecule.py:157:num_missing_heavy:Missing atom OXT in residue ARG A 1012
2024-02-28 14:07:22,583 WARNING:debump.py:172:debump_biomolecule:WARNING: Unable to debump GLY A 849
2024-02-28 14:07:23,495 WARNING:main.py:311:print_pqr:Ignoring 2534 header lines in output.
2024-02-28 14:07:23,496 WARNING:main.py:315:print_pqr:Ignoring 52 missing lines in output.
