2024-02-28 14:07:18,009 WARNING:biomolecule.py:992:create_residue:Unable to find amino or nucleic acid definition for NEC.  Parsing as new residue.
2024-02-28 14:07:18,409 WARNING:biomolecule.py:992:create_residue:Unable to find amino or nucleic acid definition for M2M.  Parsing as new residue.
2024-02-28 14:07:18,415 WARNING:biomolecule.py:615:update_bonds:Gap in backbone detected between THR A 286 and LYS A 328!
2024-02-28 14:07:18,444 WARNING:biomolecule.py:157:num_missing_heavy:Missing atom CG in residue LYS A 75
2024-02-28 14:07:18,862 WARNING:biomolecule.py:157:num_missing_heavy:Missing atom CD in residue LYS A 75
2024-02-28 14:07:18,862 WARNING:biomolecule.py:157:num_missing_heavy:Missing atom CE in residue LYS A 75
2024-02-28 14:07:18,862 WARNING:biomolecule.py:157:num_missing_heavy:Missing atom NZ in residue LYS A 75
2024-02-28 14:07:18,862 WARNING:biomolecule.py:157:num_missing_heavy:Missing atom CG in residue LYS A 114
2024-02-28 14:07:18,862 WARNING:biomolecule.py:157:num_missing_heavy:Missing atom CD in residue LYS A 114
2024-02-28 14:07:18,862 WARNING:biomolecule.py:157:num_missing_heavy:Missing atom CE in residue LYS A 114
2024-02-28 14:07:18,862 WARNING:biomolecule.py:157:num_missing_heavy:Missing atom NZ in residue LYS A 114
2024-02-28 14:07:18,863 WARNING:biomolecule.py:157:num_missing_heavy:Missing atom CG in residue GLU A 123
2024-02-28 14:07:18,863 WARNING:biomolecule.py:157:num_missing_heavy:Missing atom CD in residue GLU A 123
2024-02-28 14:07:18,863 WARNING:biomolecule.py:157:num_missing_heavy:Missing atom OE1 in residue GLU A 123
2024-02-28 14:07:18,863 WARNING:biomolecule.py:157:num_missing_heavy:Missing atom OE2 in residue GLU A 123
2024-02-28 14:07:18,863 WARNING:biomolecule.py:157:num_missing_heavy:Missing atom CG in residue GLU A 131
2024-02-28 14:07:18,863 WARNING:biomolecule.py:157:num_missing_heavy:Missing atom CD in residue GLU A 131
2024-02-28 14:07:18,863 WARNING:biomolecule.py:157:num_missing_heavy:Missing atom OE1 in residue GLU A 131
2024-02-28 14:07:18,863 WARNING:biomolecule.py:157:num_missing_heavy:Missing atom OE2 in residue GLU A 131
2024-02-28 14:07:18,863 WARNING:biomolecule.py:157:num_missing_heavy:Missing atom CG in residue LYS A 140
2024-02-28 14:07:18,863 WARNING:biomolecule.py:157:num_missing_heavy:Missing atom CD in residue LYS A 140
2024-02-28 14:07:18,863 WARNING:biomolecule.py:157:num_missing_heavy:Missing atom CE in residue LYS A 140
2024-02-28 14:07:18,863 WARNING:biomolecule.py:157:num_missing_heavy:Missing atom NZ in residue LYS A 140
2024-02-28 14:07:18,863 WARNING:biomolecule.py:157:num_missing_heavy:Missing atom CG in residue LYS A 142
2024-02-28 14:07:18,863 WARNING:biomolecule.py:157:num_missing_heavy:Missing atom CD in residue LYS A 142
2024-02-28 14:07:18,863 WARNING:biomolecule.py:157:num_missing_heavy:Missing atom CE in residue LYS A 142
2024-02-28 14:07:18,863 WARNING:biomolecule.py:157:num_missing_heavy:Missing atom NZ in residue LYS A 142
2024-02-28 14:07:18,863 WARNING:biomolecule.py:157:num_missing_heavy:Missing atom CG in residue ASN A 143
2024-02-28 14:07:18,863 WARNING:biomolecule.py:157:num_missing_heavy:Missing atom OD1 in residue ASN A 143
2024-02-28 14:07:18,863 WARNING:biomolecule.py:157:num_missing_heavy:Missing atom ND2 in residue ASN A 143
2024-02-28 14:07:18,863 WARNING:biomolecule.py:157:num_missing_heavy:Missing atom CG in residue GLU A 157
2024-02-28 14:07:18,863 WARNING:biomolecule.py:157:num_missing_heavy:Missing atom CD in residue GLU A 157
2024-02-28 14:07:18,863 WARNING:biomolecule.py:157:num_missing_heavy:Missing atom OE1 in residue GLU A 157
2024-02-28 14:07:18,863 WARNING:biomolecule.py:157:num_missing_heavy:Missing atom OE2 in residue GLU A 157
2024-02-28 14:07:18,863 WARNING:biomolecule.py:157:num_missing_heavy:Missing atom CG in residue LYS A 161
2024-02-28 14:07:18,863 WARNING:biomolecule.py:157:num_missing_heavy:Missing atom CD in residue LYS A 161
2024-02-28 14:07:18,863 WARNING:biomolecule.py:157:num_missing_heavy:Missing atom CE in residue LYS A 161
2024-02-28 14:07:18,864 WARNING:biomolecule.py:157:num_missing_heavy:Missing atom NZ in residue LYS A 161
2024-02-28 14:07:18,864 WARNING:biomolecule.py:157:num_missing_heavy:Missing atom CG in residue LYS A 168
2024-02-28 14:07:18,864 WARNING:biomolecule.py:157:num_missing_heavy:Missing atom CD in residue LYS A 168
2024-02-28 14:07:18,864 WARNING:biomolecule.py:157:num_missing_heavy:Missing atom CE in residue LYS A 168
2024-02-28 14:07:18,864 WARNING:biomolecule.py:157:num_missing_heavy:Missing atom NZ in residue LYS A 168
2024-02-28 14:07:18,864 WARNING:biomolecule.py:157:num_missing_heavy:Missing atom CG in residue GLU A 173
2024-02-28 14:07:18,864 WARNING:biomolecule.py:157:num_missing_heavy:Missing atom CD in residue GLU A 173
2024-02-28 14:07:18,864 WARNING:biomolecule.py:157:num_missing_heavy:Missing atom OE1 in residue GLU A 173
2024-02-28 14:07:18,864 WARNING:biomolecule.py:157:num_missing_heavy:Missing atom OE2 in residue GLU A 173
2024-02-28 14:07:18,864 WARNING:biomolecule.py:157:num_missing_heavy:Missing atom CG in residue LYS A 177
2024-02-28 14:07:18,864 WARNING:biomolecule.py:157:num_missing_heavy:Missing atom CD in residue LYS A 177
2024-02-28 14:07:18,864 WARNING:biomolecule.py:157:num_missing_heavy:Missing atom CE in residue LYS A 177
2024-02-28 14:07:18,864 WARNING:biomolecule.py:157:num_missing_heavy:Missing atom NZ in residue LYS A 177
2024-02-28 14:07:18,864 WARNING:biomolecule.py:157:num_missing_heavy:Missing atom CG in residue GLU A 229
2024-02-28 14:07:18,864 WARNING:biomolecule.py:157:num_missing_heavy:Missing atom CD in residue GLU A 229
2024-02-28 14:07:18,864 WARNING:biomolecule.py:157:num_missing_heavy:Missing atom OE1 in residue GLU A 229
2024-02-28 14:07:18,864 WARNING:biomolecule.py:157:num_missing_heavy:Missing atom OE2 in residue GLU A 229
2024-02-28 14:07:18,865 WARNING:biomolecule.py:157:num_missing_heavy:Missing atom CG in residue GLN A 273
2024-02-28 14:07:18,865 WARNING:biomolecule.py:157:num_missing_heavy:Missing atom CD in residue GLN A 273
2024-02-28 14:07:18,865 WARNING:biomolecule.py:157:num_missing_heavy:Missing atom OE1 in residue GLN A 273
2024-02-28 14:07:18,865 WARNING:biomolecule.py:157:num_missing_heavy:Missing atom NE2 in residue GLN A 273
2024-02-28 14:07:18,865 WARNING:biomolecule.py:157:num_missing_heavy:Missing atom CG in residue PHE A 274
2024-02-28 14:07:18,865 WARNING:biomolecule.py:157:num_missing_heavy:Missing atom CD1 in residue PHE A 274
2024-02-28 14:07:18,865 WARNING:biomolecule.py:157:num_missing_heavy:Missing atom CD2 in residue PHE A 274
2024-02-28 14:07:18,865 WARNING:biomolecule.py:157:num_missing_heavy:Missing atom CE1 in residue PHE A 274
2024-02-28 14:07:18,865 WARNING:biomolecule.py:157:num_missing_heavy:Missing atom CE2 in residue PHE A 274
2024-02-28 14:07:18,865 WARNING:biomolecule.py:157:num_missing_heavy:Missing atom CZ in residue PHE A 274
2024-02-28 14:07:18,865 WARNING:biomolecule.py:157:num_missing_heavy:Missing atom CG in residue ASN A 276
2024-02-28 14:07:18,865 WARNING:biomolecule.py:157:num_missing_heavy:Missing atom OD1 in residue ASN A 276
2024-02-28 14:07:18,865 WARNING:biomolecule.py:157:num_missing_heavy:Missing atom ND2 in residue ASN A 276
2024-02-28 14:07:18,865 WARNING:biomolecule.py:157:num_missing_heavy:Missing atom CG in residue LYS A 285
2024-02-28 14:07:18,865 WARNING:biomolecule.py:157:num_missing_heavy:Missing atom CD in residue LYS A 285
2024-02-28 14:07:18,865 WARNING:biomolecule.py:157:num_missing_heavy:Missing atom CE in residue LYS A 285
2024-02-28 14:07:18,865 WARNING:biomolecule.py:157:num_missing_heavy:Missing atom NZ in residue LYS A 285
2024-02-28 14:07:18,865 WARNING:biomolecule.py:157:num_missing_heavy:Missing atom CG in residue LYS A 75
2024-02-28 14:07:18,865 WARNING:biomolecule.py:157:num_missing_heavy:Missing atom CD in residue LYS A 75
2024-02-28 14:07:18,865 WARNING:biomolecule.py:157:num_missing_heavy:Missing atom CE in residue LYS A 75
2024-02-28 14:07:18,865 WARNING:biomolecule.py:157:num_missing_heavy:Missing atom NZ in residue LYS A 75
2024-02-28 14:07:18,865 WARNING:biomolecule.py:157:num_missing_heavy:Missing atom CG in residue LYS A 114
2024-02-28 14:07:18,866 WARNING:biomolecule.py:157:num_missing_heavy:Missing atom CD in residue LYS A 114
2024-02-28 14:07:18,866 WARNING:biomolecule.py:157:num_missing_heavy:Missing atom CE in residue LYS A 114
2024-02-28 14:07:18,866 WARNING:biomolecule.py:157:num_missing_heavy:Missing atom NZ in residue LYS A 114
2024-02-28 14:07:18,866 WARNING:biomolecule.py:157:num_missing_heavy:Missing atom CG in residue GLU A 123
2024-02-28 14:07:18,866 WARNING:biomolecule.py:157:num_missing_heavy:Missing atom CD in residue GLU A 123
2024-02-28 14:07:18,866 WARNING:biomolecule.py:157:num_missing_heavy:Missing atom OE1 in residue GLU A 123
2024-02-28 14:07:18,866 WARNING:biomolecule.py:157:num_missing_heavy:Missing atom OE2 in residue GLU A 123
2024-02-28 14:07:18,866 WARNING:biomolecule.py:157:num_missing_heavy:Missing atom CG in residue GLU A 131
2024-02-28 14:07:18,866 WARNING:biomolecule.py:157:num_missing_heavy:Missing atom CD in residue GLU A 131
2024-02-28 14:07:18,866 WARNING:biomolecule.py:157:num_missing_heavy:Missing atom OE1 in residue GLU A 131
2024-02-28 14:07:18,866 WARNING:biomolecule.py:157:num_missing_heavy:Missing atom OE2 in residue GLU A 131
2024-02-28 14:07:18,866 WARNING:biomolecule.py:157:num_missing_heavy:Missing atom CG in residue LYS A 140
2024-02-28 14:07:18,866 WARNING:biomolecule.py:157:num_missing_heavy:Missing atom CD in residue LYS A 140
2024-02-28 14:07:18,866 WARNING:biomolecule.py:157:num_missing_heavy:Missing atom CE in residue LYS A 140
2024-02-28 14:07:18,866 WARNING:biomolecule.py:157:num_missing_heavy:Missing atom NZ in residue LYS A 140
2024-02-28 14:07:18,866 WARNING:biomolecule.py:157:num_missing_heavy:Missing atom CG in residue LYS A 142
2024-02-28 14:07:18,866 WARNING:biomolecule.py:157:num_missing_heavy:Missing atom CD in residue LYS A 142
2024-02-28 14:07:18,866 WARNING:biomolecule.py:157:num_missing_heavy:Missing atom CE in residue LYS A 142
2024-02-28 14:07:18,866 WARNING:biomolecule.py:157:num_missing_heavy:Missing atom NZ in residue LYS A 142
2024-02-28 14:07:18,866 WARNING:biomolecule.py:157:num_missing_heavy:Missing atom CG in residue ASN A 143
2024-02-28 14:07:18,866 WARNING:biomolecule.py:157:num_missing_heavy:Missing atom OD1 in residue ASN A 143
2024-02-28 14:07:18,866 WARNING:biomolecule.py:157:num_missing_heavy:Missing atom ND2 in residue ASN A 143
2024-02-28 14:07:18,866 WARNING:biomolecule.py:157:num_missing_heavy:Missing atom CG in residue GLU A 157
2024-02-28 14:07:18,866 WARNING:biomolecule.py:157:num_missing_heavy:Missing atom CD in residue GLU A 157
2024-02-28 14:07:18,866 WARNING:biomolecule.py:157:num_missing_heavy:Missing atom OE1 in residue GLU A 157
2024-02-28 14:07:18,866 WARNING:biomolecule.py:157:num_missing_heavy:Missing atom OE2 in residue GLU A 157
2024-02-28 14:07:18,866 WARNING:biomolecule.py:157:num_missing_heavy:Missing atom CG in residue LYS A 161
2024-02-28 14:07:18,866 WARNING:biomolecule.py:157:num_missing_heavy:Missing atom CD in residue LYS A 161
2024-02-28 14:07:18,867 WARNING:biomolecule.py:157:num_missing_heavy:Missing atom CE in residue LYS A 161
2024-02-28 14:07:18,867 WARNING:biomolecule.py:157:num_missing_heavy:Missing atom NZ in residue LYS A 161
2024-02-28 14:07:18,867 WARNING:biomolecule.py:157:num_missing_heavy:Missing atom CG in residue LYS A 168
2024-02-28 14:07:18,867 WARNING:biomolecule.py:157:num_missing_heavy:Missing atom CD in residue LYS A 168
2024-02-28 14:07:18,867 WARNING:biomolecule.py:157:num_missing_heavy:Missing atom CE in residue LYS A 168
2024-02-28 14:07:18,867 WARNING:biomolecule.py:157:num_missing_heavy:Missing atom NZ in residue LYS A 168
2024-02-28 14:07:18,867 WARNING:biomolecule.py:157:num_missing_heavy:Missing atom CG in residue GLU A 173
2024-02-28 14:07:18,867 WARNING:biomolecule.py:157:num_missing_heavy:Missing atom CD in residue GLU A 173
2024-02-28 14:07:18,867 WARNING:biomolecule.py:157:num_missing_heavy:Missing atom OE1 in residue GLU A 173
2024-02-28 14:07:18,867 WARNING:biomolecule.py:157:num_missing_heavy:Missing atom OE2 in residue GLU A 173
2024-02-28 14:07:18,867 WARNING:biomolecule.py:157:num_missing_heavy:Missing atom CG in residue LYS A 177
2024-02-28 14:07:18,867 WARNING:biomolecule.py:157:num_missing_heavy:Missing atom CD in residue LYS A 177
2024-02-28 14:07:18,867 WARNING:biomolecule.py:157:num_missing_heavy:Missing atom CE in residue LYS A 177
2024-02-28 14:07:18,867 WARNING:biomolecule.py:157:num_missing_heavy:Missing atom NZ in residue LYS A 177
2024-02-28 14:07:18,867 WARNING:biomolecule.py:157:num_missing_heavy:Missing atom CG in residue GLU A 229
2024-02-28 14:07:18,867 WARNING:biomolecule.py:157:num_missing_heavy:Missing atom CD in residue GLU A 229
2024-02-28 14:07:18,867 WARNING:biomolecule.py:157:num_missing_heavy:Missing atom OE1 in residue GLU A 229
2024-02-28 14:07:18,867 WARNING:biomolecule.py:157:num_missing_heavy:Missing atom OE2 in residue GLU A 229
2024-02-28 14:07:18,867 WARNING:biomolecule.py:157:num_missing_heavy:Missing atom CG in residue GLN A 273
2024-02-28 14:07:18,867 WARNING:biomolecule.py:157:num_missing_heavy:Missing atom CD in residue GLN A 273
2024-02-28 14:07:18,868 WARNING:biomolecule.py:157:num_missing_heavy:Missing atom OE1 in residue GLN A 273
2024-02-28 14:07:18,868 WARNING:biomolecule.py:157:num_missing_heavy:Missing atom NE2 in residue GLN A 273
2024-02-28 14:07:18,868 WARNING:biomolecule.py:157:num_missing_heavy:Missing atom CG in residue PHE A 274
2024-02-28 14:07:18,868 WARNING:biomolecule.py:157:num_missing_heavy:Missing atom CD1 in residue PHE A 274
2024-02-28 14:07:18,868 WARNING:biomolecule.py:157:num_missing_heavy:Missing atom CD2 in residue PHE A 274
2024-02-28 14:07:18,868 WARNING:biomolecule.py:157:num_missing_heavy:Missing atom CE1 in residue PHE A 274
2024-02-28 14:07:18,868 WARNING:biomolecule.py:157:num_missing_heavy:Missing atom CE2 in residue PHE A 274
2024-02-28 14:07:18,868 WARNING:biomolecule.py:157:num_missing_heavy:Missing atom CZ in residue PHE A 274
2024-02-28 14:07:18,868 WARNING:biomolecule.py:157:num_missing_heavy:Missing atom CG in residue ASN A 276
2024-02-28 14:07:18,868 WARNING:biomolecule.py:157:num_missing_heavy:Missing atom OD1 in residue ASN A 276
2024-02-28 14:07:18,868 WARNING:biomolecule.py:157:num_missing_heavy:Missing atom ND2 in residue ASN A 276
2024-02-28 14:07:18,868 WARNING:biomolecule.py:157:num_missing_heavy:Missing atom CG in residue LYS A 285
2024-02-28 14:07:18,868 WARNING:biomolecule.py:157:num_missing_heavy:Missing atom CD in residue LYS A 285
2024-02-28 14:07:18,868 WARNING:biomolecule.py:157:num_missing_heavy:Missing atom CE in residue LYS A 285
2024-02-28 14:07:18,868 WARNING:biomolecule.py:157:num_missing_heavy:Missing atom NZ in residue LYS A 285
2024-02-28 14:07:18,868 WARNING:biomolecule.py:157:num_missing_heavy:Missing atom CG in residue LYS A 75
2024-02-28 14:07:18,868 WARNING:biomolecule.py:157:num_missing_heavy:Missing atom CD in residue LYS A 75
2024-02-28 14:07:18,868 WARNING:biomolecule.py:157:num_missing_heavy:Missing atom CE in residue LYS A 75
2024-02-28 14:07:18,868 WARNING:biomolecule.py:157:num_missing_heavy:Missing atom NZ in residue LYS A 75
2024-02-28 14:07:18,868 WARNING:biomolecule.py:157:num_missing_heavy:Missing atom CG in residue LYS A 114
2024-02-28 14:07:18,868 WARNING:biomolecule.py:157:num_missing_heavy:Missing atom CD in residue LYS A 114
2024-02-28 14:07:18,868 WARNING:biomolecule.py:157:num_missing_heavy:Missing atom CE in residue LYS A 114
2024-02-28 14:07:18,868 WARNING:biomolecule.py:157:num_missing_heavy:Missing atom NZ in residue LYS A 114
2024-02-28 14:07:18,869 WARNING:biomolecule.py:157:num_missing_heavy:Missing atom CG in residue GLU A 123
2024-02-28 14:07:18,869 WARNING:biomolecule.py:157:num_missing_heavy:Missing atom CD in residue GLU A 123
2024-02-28 14:07:18,869 WARNING:biomolecule.py:157:num_missing_heavy:Missing atom OE1 in residue GLU A 123
2024-02-28 14:07:18,869 WARNING:biomolecule.py:157:num_missing_heavy:Missing atom OE2 in residue GLU A 123
2024-02-28 14:07:18,869 WARNING:biomolecule.py:157:num_missing_heavy:Missing atom CG in residue GLU A 131
2024-02-28 14:07:18,869 WARNING:biomolecule.py:157:num_missing_heavy:Missing atom CD in residue GLU A 131
2024-02-28 14:07:18,869 WARNING:biomolecule.py:157:num_missing_heavy:Missing atom OE1 in residue GLU A 131
2024-02-28 14:07:18,869 WARNING:biomolecule.py:157:num_missing_heavy:Missing atom OE2 in residue GLU A 131
2024-02-28 14:07:18,869 WARNING:biomolecule.py:157:num_missing_heavy:Missing atom CG in residue LYS A 140
2024-02-28 14:07:18,869 WARNING:biomolecule.py:157:num_missing_heavy:Missing atom CD in residue LYS A 140
2024-02-28 14:07:18,869 WARNING:biomolecule.py:157:num_missing_heavy:Missing atom CE in residue LYS A 140
2024-02-28 14:07:18,869 WARNING:biomolecule.py:157:num_missing_heavy:Missing atom NZ in residue LYS A 140
2024-02-28 14:07:18,869 WARNING:biomolecule.py:157:num_missing_heavy:Missing atom CG in residue LYS A 142
2024-02-28 14:07:18,869 WARNING:biomolecule.py:157:num_missing_heavy:Missing atom CD in residue LYS A 142
2024-02-28 14:07:18,877 WARNING:biomolecule.py:157:num_missing_heavy:Missing atom CE in residue LYS A 142
2024-02-28 14:07:18,877 WARNING:biomolecule.py:157:num_missing_heavy:Missing atom NZ in residue LYS A 142
2024-02-28 14:07:18,877 WARNING:biomolecule.py:157:num_missing_heavy:Missing atom CG in residue ASN A 143
2024-02-28 14:07:18,877 WARNING:biomolecule.py:157:num_missing_heavy:Missing atom OD1 in residue ASN A 143
2024-02-28 14:07:18,877 WARNING:biomolecule.py:157:num_missing_heavy:Missing atom ND2 in residue ASN A 143
2024-02-28 14:07:18,877 WARNING:biomolecule.py:157:num_missing_heavy:Missing atom CG in residue GLU A 157
2024-02-28 14:07:18,877 WARNING:biomolecule.py:157:num_missing_heavy:Missing atom CD in residue GLU A 157
2024-02-28 14:07:18,877 WARNING:biomolecule.py:157:num_missing_heavy:Missing atom OE1 in residue GLU A 157
2024-02-28 14:07:18,877 WARNING:biomolecule.py:157:num_missing_heavy:Missing atom OE2 in residue GLU A 157
2024-02-28 14:07:18,877 WARNING:biomolecule.py:157:num_missing_heavy:Missing atom CG in residue LYS A 161
2024-02-28 14:07:18,878 WARNING:biomolecule.py:157:num_missing_heavy:Missing atom CD in residue LYS A 161
2024-02-28 14:07:18,878 WARNING:biomolecule.py:157:num_missing_heavy:Missing atom CE in residue LYS A 161
2024-02-28 14:07:18,878 WARNING:biomolecule.py:157:num_missing_heavy:Missing atom NZ in residue LYS A 161
2024-02-28 14:07:18,878 WARNING:biomolecule.py:157:num_missing_heavy:Missing atom CG in residue LYS A 168
2024-02-28 14:07:18,878 WARNING:biomolecule.py:157:num_missing_heavy:Missing atom CD in residue LYS A 168
2024-02-28 14:07:18,878 WARNING:biomolecule.py:157:num_missing_heavy:Missing atom CE in residue LYS A 168
2024-02-28 14:07:18,878 WARNING:biomolecule.py:157:num_missing_heavy:Missing atom NZ in residue LYS A 168
2024-02-28 14:07:18,878 WARNING:biomolecule.py:157:num_missing_heavy:Missing atom CG in residue GLU A 173
2024-02-28 14:07:18,878 WARNING:biomolecule.py:157:num_missing_heavy:Missing atom CD in residue GLU A 173
2024-02-28 14:07:18,878 WARNING:biomolecule.py:157:num_missing_heavy:Missing atom OE1 in residue GLU A 173
2024-02-28 14:07:18,878 WARNING:biomolecule.py:157:num_missing_heavy:Missing atom OE2 in residue GLU A 173
2024-02-28 14:07:18,878 WARNING:biomolecule.py:157:num_missing_heavy:Missing atom CG in residue LYS A 177
2024-02-28 14:07:18,878 WARNING:biomolecule.py:157:num_missing_heavy:Missing atom CD in residue LYS A 177
2024-02-28 14:07:18,881 WARNING:biomolecule.py:157:num_missing_heavy:Missing atom CE in residue LYS A 177
2024-02-28 14:07:18,881 WARNING:biomolecule.py:157:num_missing_heavy:Missing atom NZ in residue LYS A 177
2024-02-28 14:07:18,881 WARNING:biomolecule.py:157:num_missing_heavy:Missing atom CG in residue GLU A 229
2024-02-28 14:07:18,881 WARNING:biomolecule.py:157:num_missing_heavy:Missing atom CD in residue GLU A 229
2024-02-28 14:07:18,881 WARNING:biomolecule.py:157:num_missing_heavy:Missing atom OE1 in residue GLU A 229
2024-02-28 14:07:18,881 WARNING:biomolecule.py:157:num_missing_heavy:Missing atom OE2 in residue GLU A 229
2024-02-28 14:07:18,882 WARNING:biomolecule.py:157:num_missing_heavy:Missing atom CG in residue GLN A 273
2024-02-28 14:07:18,882 WARNING:biomolecule.py:157:num_missing_heavy:Missing atom CD in residue GLN A 273
2024-02-28 14:07:18,882 WARNING:biomolecule.py:157:num_missing_heavy:Missing atom OE1 in residue GLN A 273
2024-02-28 14:07:18,882 WARNING:biomolecule.py:157:num_missing_heavy:Missing atom NE2 in residue GLN A 273
2024-02-28 14:07:18,882 WARNING:biomolecule.py:157:num_missing_heavy:Missing atom CG in residue PHE A 274
2024-02-28 14:07:18,882 WARNING:biomolecule.py:157:num_missing_heavy:Missing atom CD1 in residue PHE A 274
2024-02-28 14:07:18,882 WARNING:biomolecule.py:157:num_missing_heavy:Missing atom CD2 in residue PHE A 274
2024-02-28 14:07:18,882 WARNING:biomolecule.py:157:num_missing_heavy:Missing atom CE1 in residue PHE A 274
2024-02-28 14:07:18,882 WARNING:biomolecule.py:157:num_missing_heavy:Missing atom CE2 in residue PHE A 274
2024-02-28 14:07:18,882 WARNING:biomolecule.py:157:num_missing_heavy:Missing atom CZ in residue PHE A 274
2024-02-28 14:07:18,882 WARNING:biomolecule.py:157:num_missing_heavy:Missing atom CG in residue ASN A 276
2024-02-28 14:07:18,882 WARNING:biomolecule.py:157:num_missing_heavy:Missing atom OD1 in residue ASN A 276
2024-02-28 14:07:18,882 WARNING:biomolecule.py:157:num_missing_heavy:Missing atom ND2 in residue ASN A 276
2024-02-28 14:07:18,882 WARNING:biomolecule.py:157:num_missing_heavy:Missing atom CG in residue LYS A 285
2024-02-28 14:07:18,882 WARNING:biomolecule.py:157:num_missing_heavy:Missing atom CD in residue LYS A 285
2024-02-28 14:07:18,882 WARNING:biomolecule.py:157:num_missing_heavy:Missing atom CE in residue LYS A 285
2024-02-28 14:07:18,882 WARNING:biomolecule.py:157:num_missing_heavy:Missing atom NZ in residue LYS A 285
2024-02-28 14:07:20,437 WARNING:main.py:311:print_pqr:Ignoring 1794 header lines in output.
2024-02-28 14:07:20,438 WARNING:main.py:315:print_pqr:Ignoring 31 missing lines in output.
