2024-02-28 14:07:17,622 WARNING:biomolecule.py:992:create_residue:Unable to find amino or nucleic acid definition for CSO.  Parsing as new residue.
2024-02-28 14:07:17,638 WARNING:biomolecule.py:992:create_residue:Unable to find amino or nucleic acid definition for CSO.  Parsing as new residue.
2024-02-28 14:07:17,640 WARNING:biomolecule.py:992:create_residue:Unable to find amino or nucleic acid definition for 0ZT.  Parsing as new residue.
2024-02-28 14:07:17,640 WARNING:main.py:418:setup_molecule:Multiple occupancies found: C in ILE A 50.
2024-02-28 14:07:17,640 WARNING:main.py:418:setup_molecule:Multiple occupancies found: O in ILE A 50.
2024-02-28 14:07:17,640 WARNING:main.py:424:setup_molecule:Multiple occupancies found in ILE A 50. At least one of the instances is being ignored.
2024-02-28 14:07:17,641 WARNING:main.py:418:setup_molecule:Multiple occupancies found: N in GLY A 51.
2024-02-28 14:07:17,641 WARNING:main.py:424:setup_molecule:Multiple occupancies found in GLY A 51. At least one of the instances is being ignored.
2024-02-28 14:07:17,641 WARNING:main.py:418:setup_molecule:Multiple occupancies found: CB in PHE A 53.
2024-02-28 14:07:17,641 WARNING:main.py:418:setup_molecule:Multiple occupancies found: CG in PHE A 53.
2024-02-28 14:07:17,641 WARNING:main.py:418:setup_molecule:Multiple occupancies found: CD1 in PHE A 53.
2024-02-28 14:07:17,641 WARNING:main.py:418:setup_molecule:Multiple occupancies found: CD2 in PHE A 53.
2024-02-28 14:07:17,641 WARNING:main.py:418:setup_molecule:Multiple occupancies found: CE1 in PHE A 53.
2024-02-28 14:07:17,641 WARNING:main.py:418:setup_molecule:Multiple occupancies found: CE2 in PHE A 53.
2024-02-28 14:07:17,641 WARNING:main.py:418:setup_molecule:Multiple occupancies found: CZ in PHE A 53.
2024-02-28 14:07:17,641 WARNING:main.py:424:setup_molecule:Multiple occupancies found in PHE A 53. At least one of the instances is being ignored.
2024-02-28 14:07:17,641 WARNING:main.py:418:setup_molecule:Multiple occupancies found: C in ILE B 150.
2024-02-28 14:07:17,641 WARNING:main.py:418:setup_molecule:Multiple occupancies found: O in ILE B 150.
2024-02-28 14:07:17,641 WARNING:main.py:424:setup_molecule:Multiple occupancies found in ILE B 150. At least one of the instances is being ignored.
2024-02-28 14:07:17,641 WARNING:main.py:418:setup_molecule:Multiple occupancies found: N in GLY B 151.
2024-02-28 14:07:17,641 WARNING:main.py:424:setup_molecule:Multiple occupancies found in GLY B 151. At least one of the instances is being ignored.
2024-02-28 14:07:17,641 WARNING:main.py:418:setup_molecule:Multiple occupancies found: CB in PHE B 153.
2024-02-28 14:07:17,641 WARNING:main.py:418:setup_molecule:Multiple occupancies found: CG in PHE B 153.
2024-02-28 14:07:17,641 WARNING:main.py:418:setup_molecule:Multiple occupancies found: CD1 in PHE B 153.
2024-02-28 14:07:17,641 WARNING:main.py:418:setup_molecule:Multiple occupancies found: CD2 in PHE B 153.
2024-02-28 14:07:17,641 WARNING:main.py:418:setup_molecule:Multiple occupancies found: CE1 in PHE B 153.
2024-02-28 14:07:17,641 WARNING:main.py:418:setup_molecule:Multiple occupancies found: CE2 in PHE B 153.
2024-02-28 14:07:17,641 WARNING:main.py:418:setup_molecule:Multiple occupancies found: CZ in PHE B 153.
2024-02-28 14:07:17,641 WARNING:main.py:424:setup_molecule:Multiple occupancies found in PHE B 153. At least one of the instances is being ignored.
2024-02-28 14:07:19,857 WARNING:main.py:311:print_pqr:Ignoring 2913 header lines in output.
2024-02-28 14:07:19,857 WARNING:main.py:315:print_pqr:Ignoring 65 missing lines in output.
