2024-02-28 14:07:08,031 WARNING:biomolecule.py:992:create_residue:Unable to find amino or nucleic acid definition for FLU.  Parsing as new residue.
2024-02-28 14:07:08,032 WARNING:main.py:418:setup_molecule:Multiple occupancies found: CG in LEU H 11.
2024-02-28 14:07:08,032 WARNING:main.py:418:setup_molecule:Multiple occupancies found: CD1 in LEU H 11.
2024-02-28 14:07:08,032 WARNING:main.py:418:setup_molecule:Multiple occupancies found: CD2 in LEU H 11.
2024-02-28 14:07:08,032 WARNING:main.py:424:setup_molecule:Multiple occupancies found in LEU H 11. At least one of the instances is being ignored.
2024-02-28 14:07:08,033 WARNING:main.py:418:setup_molecule:Multiple occupancies found: CG in GLN H 13.
2024-02-28 14:07:08,033 WARNING:main.py:418:setup_molecule:Multiple occupancies found: CD in GLN H 13.
2024-02-28 14:07:08,033 WARNING:main.py:418:setup_molecule:Multiple occupancies found: OE1 in GLN H 13.
2024-02-28 14:07:08,033 WARNING:main.py:418:setup_molecule:Multiple occupancies found: NE2 in GLN H 13.
2024-02-28 14:07:08,033 WARNING:main.py:424:setup_molecule:Multiple occupancies found in GLN H 13. At least one of the instances is being ignored.
2024-02-28 14:07:08,033 WARNING:main.py:418:setup_molecule:Multiple occupancies found: CB in ILE H 72.
2024-02-28 14:07:08,034 WARNING:main.py:418:setup_molecule:Multiple occupancies found: CG1 in ILE H 72.
2024-02-28 14:07:08,034 WARNING:main.py:418:setup_molecule:Multiple occupancies found: CG2 in ILE H 72.
2024-02-28 14:07:08,034 WARNING:main.py:418:setup_molecule:Multiple occupancies found: CD1 in ILE H 72.
2024-02-28 14:07:08,034 WARNING:main.py:424:setup_molecule:Multiple occupancies found in ILE H 72. At least one of the instances is being ignored.
2024-02-28 14:07:08,034 WARNING:main.py:418:setup_molecule:Multiple occupancies found: CG in GLN H 110.
2024-02-28 14:07:08,035 WARNING:main.py:418:setup_molecule:Multiple occupancies found: CD in GLN H 110.
2024-02-28 14:07:08,035 WARNING:main.py:418:setup_molecule:Multiple occupancies found: OE1 in GLN H 110.
2024-02-28 14:07:08,035 WARNING:main.py:418:setup_molecule:Multiple occupancies found: NE2 in GLN H 110.
2024-02-28 14:07:08,035 WARNING:main.py:424:setup_molecule:Multiple occupancies found in GLN H 110. At least one of the instances is being ignored.
2024-02-28 14:07:08,035 WARNING:main.py:418:setup_molecule:Multiple occupancies found: N in CYS H 133.
2024-02-28 14:07:08,035 WARNING:main.py:424:setup_molecule:Multiple occupancies found in CYS H 133. At least one of the instances is being ignored.
2024-02-28 14:07:08,035 WARNING:main.py:418:setup_molecule:Multiple occupancies found: CG in GLU H 153.
2024-02-28 14:07:08,035 WARNING:main.py:418:setup_molecule:Multiple occupancies found: CD in GLU H 153.
2024-02-28 14:07:08,035 WARNING:main.py:424:setup_molecule:Multiple occupancies found in GLU H 153. At least one of the instances is being ignored.
2024-02-28 14:07:08,035 WARNING:main.py:418:setup_molecule:Multiple occupancies found: CG in GLN L 6.
2024-02-28 14:07:08,035 WARNING:main.py:418:setup_molecule:Multiple occupancies found: CD in GLN L 6.
2024-02-28 14:07:08,035 WARNING:main.py:418:setup_molecule:Multiple occupancies found: OE1 in GLN L 6.
2024-02-28 14:07:08,035 WARNING:main.py:418:setup_molecule:Multiple occupancies found: NE2 in GLN L 6.
2024-02-28 14:07:08,035 WARNING:main.py:424:setup_molecule:Multiple occupancies found in GLN L 6. At least one of the instances is being ignored.
2024-02-28 14:07:08,035 WARNING:main.py:418:setup_molecule:Multiple occupancies found: CD in LYS L 44.
2024-02-28 14:07:08,035 WARNING:main.py:418:setup_molecule:Multiple occupancies found: CE in LYS L 44.
2024-02-28 14:07:08,035 WARNING:main.py:418:setup_molecule:Multiple occupancies found: NZ in LYS L 44.
2024-02-28 14:07:08,035 WARNING:main.py:424:setup_molecule:Multiple occupancies found in LYS L 44. At least one of the instances is being ignored.
2024-02-28 14:07:08,035 WARNING:main.py:418:setup_molecule:Multiple occupancies found: CG in LYS L 108.
2024-02-28 14:07:08,035 WARNING:main.py:418:setup_molecule:Multiple occupancies found: CD in LYS L 108.
2024-02-28 14:07:08,035 WARNING:main.py:418:setup_molecule:Multiple occupancies found: CE in LYS L 108.
2024-02-28 14:07:08,035 WARNING:main.py:418:setup_molecule:Multiple occupancies found: NZ in LYS L 108.
2024-02-28 14:07:08,036 WARNING:main.py:424:setup_molecule:Multiple occupancies found in LYS L 108. At least one of the instances is being ignored.
2024-02-28 14:07:08,036 WARNING:main.py:418:setup_molecule:Multiple occupancies found: CG in LYS L 112.
2024-02-28 14:07:08,036 WARNING:main.py:418:setup_molecule:Multiple occupancies found: CD in LYS L 112.
2024-02-28 14:07:08,036 WARNING:main.py:418:setup_molecule:Multiple occupancies found: CE in LYS L 112.
2024-02-28 14:07:08,036 WARNING:main.py:418:setup_molecule:Multiple occupancies found: NZ in LYS L 112.
2024-02-28 14:07:08,036 WARNING:main.py:424:setup_molecule:Multiple occupancies found in LYS L 112. At least one of the instances is being ignored.
2024-02-28 14:07:08,043 WARNING:biomolecule.py:615:update_bonds:Gap in backbone detected between ASP H 76 and SER H 79!
2024-02-28 14:07:08,043 WARNING:biomolecule.py:615:update_bonds:Gap in backbone detected between GLY H 138 and SER H 139!
2024-02-28 14:07:08,053 WARNING:biomolecule.py:157:num_missing_heavy:Missing atom CG in residue ASP H 135
2024-02-28 14:07:08,053 WARNING:biomolecule.py:157:num_missing_heavy:Missing atom OD1 in residue ASP H 135
2024-02-28 14:07:08,053 WARNING:biomolecule.py:157:num_missing_heavy:Missing atom OD2 in residue ASP H 135
2024-02-28 14:07:08,054 WARNING:biomolecule.py:157:num_missing_heavy:Missing atom OG1 in residue THR H 136
2024-02-28 14:07:08,054 WARNING:biomolecule.py:157:num_missing_heavy:Missing atom CG2 in residue THR H 136
2024-02-28 14:07:08,054 WARNING:biomolecule.py:157:num_missing_heavy:Missing atom OG1 in residue THR H 137
2024-02-28 14:07:08,054 WARNING:biomolecule.py:157:num_missing_heavy:Missing atom CG2 in residue THR H 137
2024-02-28 14:07:08,054 WARNING:biomolecule.py:157:num_missing_heavy:Missing atom O in residue GLY H 138
2024-02-28 14:07:08,054 WARNING:biomolecule.py:157:num_missing_heavy:Missing atom OE1 in residue GLU H 153
2024-02-28 14:07:08,055 WARNING:biomolecule.py:157:num_missing_heavy:Missing atom OE2 in residue GLU H 153
2024-02-28 14:07:08,055 WARNING:biomolecule.py:157:num_missing_heavy:Missing atom OXT in residue ARG H 218
2024-02-28 14:07:08,055 WARNING:biomolecule.py:157:num_missing_heavy:Missing atom CZ in residue ARG L 24
2024-02-28 14:07:08,055 WARNING:biomolecule.py:157:num_missing_heavy:Missing atom NH1 in residue ARG L 24
2024-02-28 14:07:08,055 WARNING:biomolecule.py:157:num_missing_heavy:Missing atom NH2 in residue ARG L 24
2024-02-28 14:07:08,057 WARNING:biomolecule.py:157:num_missing_heavy:Missing atom CG in residue ASP H 135
2024-02-28 14:07:08,057 WARNING:biomolecule.py:157:num_missing_heavy:Missing atom OD1 in residue ASP H 135
2024-02-28 14:07:08,057 WARNING:biomolecule.py:157:num_missing_heavy:Missing atom OD2 in residue ASP H 135
2024-02-28 14:07:08,057 WARNING:biomolecule.py:157:num_missing_heavy:Missing atom OG1 in residue THR H 136
2024-02-28 14:07:08,057 WARNING:biomolecule.py:157:num_missing_heavy:Missing atom CG2 in residue THR H 136
2024-02-28 14:07:08,058 WARNING:biomolecule.py:157:num_missing_heavy:Missing atom OG1 in residue THR H 137
2024-02-28 14:07:08,058 WARNING:biomolecule.py:157:num_missing_heavy:Missing atom CG2 in residue THR H 137
2024-02-28 14:07:08,058 WARNING:biomolecule.py:157:num_missing_heavy:Missing atom O in residue GLY H 138
2024-02-28 14:07:08,058 WARNING:biomolecule.py:157:num_missing_heavy:Missing atom OE1 in residue GLU H 153
2024-02-28 14:07:08,059 WARNING:biomolecule.py:157:num_missing_heavy:Missing atom OE2 in residue GLU H 153
2024-02-28 14:07:08,059 WARNING:biomolecule.py:157:num_missing_heavy:Missing atom OXT in residue ARG H 218
2024-02-28 14:07:08,059 WARNING:biomolecule.py:157:num_missing_heavy:Missing atom CZ in residue ARG L 24
2024-02-28 14:07:08,060 WARNING:biomolecule.py:157:num_missing_heavy:Missing atom NH1 in residue ARG L 24
2024-02-28 14:07:08,060 WARNING:biomolecule.py:157:num_missing_heavy:Missing atom NH2 in residue ARG L 24
2024-02-28 14:07:08,061 WARNING:biomolecule.py:157:num_missing_heavy:Missing atom CG in residue ASP H 135
2024-02-28 14:07:08,061 WARNING:biomolecule.py:157:num_missing_heavy:Missing atom OD1 in residue ASP H 135
2024-02-28 14:07:08,061 WARNING:biomolecule.py:157:num_missing_heavy:Missing atom OD2 in residue ASP H 135
2024-02-28 14:07:08,061 WARNING:biomolecule.py:157:num_missing_heavy:Missing atom OG1 in residue THR H 136
2024-02-28 14:07:08,062 WARNING:biomolecule.py:157:num_missing_heavy:Missing atom CG2 in residue THR H 136
2024-02-28 14:07:08,062 WARNING:biomolecule.py:157:num_missing_heavy:Missing atom OG1 in residue THR H 137
2024-02-28 14:07:08,062 WARNING:biomolecule.py:157:num_missing_heavy:Missing atom CG2 in residue THR H 137
2024-02-28 14:07:08,063 WARNING:biomolecule.py:157:num_missing_heavy:Missing atom O in residue GLY H 138
2024-02-28 14:07:08,063 WARNING:biomolecule.py:157:num_missing_heavy:Missing atom OE1 in residue GLU H 153
2024-02-28 14:07:08,063 WARNING:biomolecule.py:157:num_missing_heavy:Missing atom OE2 in residue GLU H 153
2024-02-28 14:07:08,064 WARNING:biomolecule.py:157:num_missing_heavy:Missing atom OXT in residue ARG H 218
2024-02-28 14:07:08,064 WARNING:biomolecule.py:157:num_missing_heavy:Missing atom CZ in residue ARG L 24
2024-02-28 14:07:08,064 WARNING:biomolecule.py:157:num_missing_heavy:Missing atom NH1 in residue ARG L 24
2024-02-28 14:07:08,064 WARNING:biomolecule.py:157:num_missing_heavy:Missing atom NH2 in residue ARG L 24
2024-02-28 14:07:09,119 WARNING:main.py:311:print_pqr:Ignoring 1594 header lines in output.
2024-02-28 14:07:09,119 WARNING:main.py:315:print_pqr:Ignoring 25 missing lines in output.
