2024-02-28 14:07:17,092 WARNING:biomolecule.py:992:create_residue:Unable to find amino or nucleic acid definition for AMH.  Parsing as new residue.
2024-02-28 14:07:17,145 WARNING:biomolecule.py:992:create_residue:Unable to find amino or nucleic acid definition for AMH.  Parsing as new residue.
2024-02-28 14:07:17,168 WARNING:biomolecule.py:157:num_missing_heavy:Missing atom OXT in residue CYS A 79
2024-02-28 14:07:17,168 WARNING:biomolecule.py:157:num_missing_heavy:Missing atom CG in residue ARG B 34
2024-02-28 14:07:17,168 WARNING:biomolecule.py:157:num_missing_heavy:Missing atom CD in residue ARG B 34
2024-02-28 14:07:17,168 WARNING:biomolecule.py:157:num_missing_heavy:Missing atom NE in residue ARG B 34
2024-02-28 14:07:17,168 WARNING:biomolecule.py:157:num_missing_heavy:Missing atom CZ in residue ARG B 34
2024-02-28 14:07:17,168 WARNING:biomolecule.py:157:num_missing_heavy:Missing atom NH1 in residue ARG B 34
2024-02-28 14:07:17,168 WARNING:biomolecule.py:157:num_missing_heavy:Missing atom NH2 in residue ARG B 34
2024-02-28 14:07:17,168 WARNING:biomolecule.py:157:num_missing_heavy:Missing atom OXT in residue CYS B 79
2024-02-28 14:07:17,169 WARNING:biomolecule.py:157:num_missing_heavy:Missing atom OXT in residue CYS A 79
2024-02-28 14:07:17,169 WARNING:biomolecule.py:157:num_missing_heavy:Missing atom CG in residue ARG B 34
2024-02-28 14:07:17,169 WARNING:biomolecule.py:157:num_missing_heavy:Missing atom CD in residue ARG B 34
2024-02-28 14:07:17,169 WARNING:biomolecule.py:157:num_missing_heavy:Missing atom NE in residue ARG B 34
2024-02-28 14:07:17,169 WARNING:biomolecule.py:157:num_missing_heavy:Missing atom CZ in residue ARG B 34
2024-02-28 14:07:17,169 WARNING:biomolecule.py:157:num_missing_heavy:Missing atom NH1 in residue ARG B 34
2024-02-28 14:07:17,169 WARNING:biomolecule.py:157:num_missing_heavy:Missing atom NH2 in residue ARG B 34
2024-02-28 14:07:17,169 WARNING:biomolecule.py:157:num_missing_heavy:Missing atom OXT in residue CYS B 79
2024-02-28 14:07:17,169 WARNING:biomolecule.py:157:num_missing_heavy:Missing atom OXT in residue CYS A 79
2024-02-28 14:07:17,170 WARNING:biomolecule.py:157:num_missing_heavy:Missing atom CG in residue ARG B 34
2024-02-28 14:07:17,170 WARNING:biomolecule.py:157:num_missing_heavy:Missing atom CD in residue ARG B 34
2024-02-28 14:07:17,285 WARNING:biomolecule.py:157:num_missing_heavy:Missing atom NE in residue ARG B 34
2024-02-28 14:07:17,285 WARNING:biomolecule.py:157:num_missing_heavy:Missing atom CZ in residue ARG B 34
2024-02-28 14:07:17,285 WARNING:biomolecule.py:157:num_missing_heavy:Missing atom NH1 in residue ARG B 34
2024-02-28 14:07:17,285 WARNING:biomolecule.py:157:num_missing_heavy:Missing atom NH2 in residue ARG B 34
2024-02-28 14:07:17,286 WARNING:biomolecule.py:157:num_missing_heavy:Missing atom OXT in residue CYS B 79
2024-02-28 14:07:18,044 WARNING:debump.py:172:debump_biomolecule:WARNING: Unable to debump GLU A 1A
2024-02-28 14:07:19,649 WARNING:main.py:311:print_pqr:Ignoring 1460 header lines in output.
2024-02-28 14:07:19,649 WARNING:main.py:315:print_pqr:Ignoring 22 missing lines in output.
