2024-02-28 14:07:18,157 WARNING:biomolecule.py:992:create_residue:Unable to find amino or nucleic acid definition for SUI.  Parsing as new residue.
2024-02-28 14:07:18,247 WARNING:biomolecule.py:992:create_residue:Unable to find amino or nucleic acid definition for 0EM.  Parsing as new residue.
2024-02-28 14:07:18,247 WARNING:biomolecule.py:992:create_residue:Unable to find amino or nucleic acid definition for SO4.  Parsing as new residue.
2024-02-28 14:07:18,248 WARNING:biomolecule.py:992:create_residue:Unable to find amino or nucleic acid definition for SO4.  Parsing as new residue.
2024-02-28 14:07:18,248 WARNING:main.py:418:setup_molecule:Multiple occupancies found: CB in SER A 45.
2024-02-28 14:07:18,248 WARNING:main.py:418:setup_molecule:Multiple occupancies found: OG in SER A 45.
2024-02-28 14:07:18,248 WARNING:main.py:424:setup_molecule:Multiple occupancies found in SER A 45. At least one of the instances is being ignored.
2024-02-28 14:07:18,248 WARNING:main.py:418:setup_molecule:Multiple occupancies found: CG in GLU A 47.
2024-02-28 14:07:18,248 WARNING:main.py:418:setup_molecule:Multiple occupancies found: CD in GLU A 47.
2024-02-28 14:07:18,248 WARNING:main.py:418:setup_molecule:Multiple occupancies found: OE1 in GLU A 47.
2024-02-28 14:07:18,248 WARNING:main.py:418:setup_molecule:Multiple occupancies found: OE2 in GLU A 47.
2024-02-28 14:07:18,248 WARNING:main.py:424:setup_molecule:Multiple occupancies found in GLU A 47. At least one of the instances is being ignored.
2024-02-28 14:07:18,248 WARNING:main.py:418:setup_molecule:Multiple occupancies found: CB in SER A 83.
2024-02-28 14:07:18,248 WARNING:main.py:418:setup_molecule:Multiple occupancies found: OG in SER A 83.
2024-02-28 14:07:18,248 WARNING:main.py:424:setup_molecule:Multiple occupancies found in SER A 83. At least one of the instances is being ignored.
2024-02-28 14:07:18,248 WARNING:main.py:418:setup_molecule:Multiple occupancies found: CB in ASP A 119.
2024-02-28 14:07:18,248 WARNING:main.py:418:setup_molecule:Multiple occupancies found: CG in ASP A 119.
2024-02-28 14:07:18,248 WARNING:main.py:418:setup_molecule:Multiple occupancies found: OD1 in ASP A 119.
2024-02-28 14:07:18,249 WARNING:main.py:418:setup_molecule:Multiple occupancies found: OD2 in ASP A 119.
2024-02-28 14:07:18,249 WARNING:main.py:424:setup_molecule:Multiple occupancies found in ASP A 119. At least one of the instances is being ignored.
2024-02-28 14:07:18,249 WARNING:main.py:418:setup_molecule:Multiple occupancies found: CB in SER A 151.
2024-02-28 14:07:18,249 WARNING:main.py:418:setup_molecule:Multiple occupancies found: OG in SER A 151.
2024-02-28 14:07:18,249 WARNING:main.py:424:setup_molecule:Multiple occupancies found in SER A 151. At least one of the instances is being ignored.
2024-02-28 14:07:18,280 WARNING:main.py:418:setup_molecule:Multiple occupancies found: CB in VAL A 156.
2024-02-28 14:07:18,824 WARNING:main.py:418:setup_molecule:Multiple occupancies found: CG1 in VAL A 156.
2024-02-28 14:07:18,824 WARNING:main.py:418:setup_molecule:Multiple occupancies found: CG2 in VAL A 156.
2024-02-28 14:07:18,824 WARNING:main.py:424:setup_molecule:Multiple occupancies found in VAL A 156. At least one of the instances is being ignored.
2024-02-28 14:07:18,824 WARNING:main.py:418:setup_molecule:Multiple occupancies found: CE in LYS A 210.
2024-02-28 14:07:18,824 WARNING:main.py:418:setup_molecule:Multiple occupancies found: NZ in LYS A 210.
2024-02-28 14:07:18,824 WARNING:main.py:424:setup_molecule:Multiple occupancies found in LYS A 210. At least one of the instances is being ignored.
2024-02-28 14:07:18,824 WARNING:main.py:418:setup_molecule:Multiple occupancies found: CB in SER A 211.
2024-02-28 14:07:18,824 WARNING:main.py:418:setup_molecule:Multiple occupancies found: OG in SER A 211.
2024-02-28 14:07:18,824 WARNING:main.py:424:setup_molecule:Multiple occupancies found in SER A 211. At least one of the instances is being ignored.
2024-02-28 14:07:18,825 WARNING:main.py:418:setup_molecule:Multiple occupancies found: CB in SER A 233.
2024-02-28 14:07:18,825 WARNING:main.py:418:setup_molecule:Multiple occupancies found: OG in SER A 233.
2024-02-28 14:07:18,825 WARNING:main.py:424:setup_molecule:Multiple occupancies found in SER A 233. At least one of the instances is being ignored.
2024-02-28 14:07:18,825 WARNING:main.py:418:setup_molecule:Multiple occupancies found: CB in SER A 268.
2024-02-28 14:07:18,825 WARNING:main.py:418:setup_molecule:Multiple occupancies found: OG in SER A 268.
2024-02-28 14:07:18,825 WARNING:main.py:424:setup_molecule:Multiple occupancies found in SER A 268. At least one of the instances is being ignored.
2024-02-28 14:07:22,602 WARNING:main.py:311:print_pqr:Ignoring 2971 header lines in output.
2024-02-28 14:07:22,602 WARNING:main.py:315:print_pqr:Ignoring 67 missing lines in output.
