2024-02-28 14:07:17,958 WARNING:biomolecule.py:992:create_residue:Unable to find amino or nucleic acid definition for Z5A.  Parsing as new residue.
2024-02-28 14:07:17,962 WARNING:main.py:418:setup_molecule:Multiple occupancies found: N in ARG A 33.
2024-02-28 14:07:17,962 WARNING:main.py:418:setup_molecule:Multiple occupancies found: CA in ARG A 33.
2024-02-28 14:07:17,962 WARNING:main.py:418:setup_molecule:Multiple occupancies found: C in ARG A 33.
2024-02-28 14:07:17,962 WARNING:main.py:418:setup_molecule:Multiple occupancies found: O in ARG A 33.
2024-02-28 14:07:17,962 WARNING:main.py:418:setup_molecule:Multiple occupancies found: CB in ARG A 33.
2024-02-28 14:07:17,962 WARNING:main.py:418:setup_molecule:Multiple occupancies found: CG in ARG A 33.
2024-02-28 14:07:18,361 WARNING:main.py:418:setup_molecule:Multiple occupancies found: CD in ARG A 33.
2024-02-28 14:07:18,361 WARNING:main.py:418:setup_molecule:Multiple occupancies found: NE in ARG A 33.
2024-02-28 14:07:18,361 WARNING:main.py:418:setup_molecule:Multiple occupancies found: CZ in ARG A 33.
2024-02-28 14:07:18,361 WARNING:main.py:418:setup_molecule:Multiple occupancies found: NH1 in ARG A 33.
2024-02-28 14:07:18,361 WARNING:main.py:418:setup_molecule:Multiple occupancies found: NH2 in ARG A 33.
2024-02-28 14:07:18,361 WARNING:main.py:424:setup_molecule:Multiple occupancies found in ARG A 33. At least one of the instances is being ignored.
2024-02-28 14:07:18,362 WARNING:main.py:418:setup_molecule:Multiple occupancies found: N in PHE A 164.
2024-02-28 14:07:18,362 WARNING:main.py:418:setup_molecule:Multiple occupancies found: CA in PHE A 164.
2024-02-28 14:07:18,362 WARNING:main.py:418:setup_molecule:Multiple occupancies found: C in PHE A 164.
2024-02-28 14:07:18,362 WARNING:main.py:418:setup_molecule:Multiple occupancies found: O in PHE A 164.
2024-02-28 14:07:18,362 WARNING:main.py:418:setup_molecule:Multiple occupancies found: CB in PHE A 164.
2024-02-28 14:07:18,362 WARNING:main.py:418:setup_molecule:Multiple occupancies found: CG in PHE A 164.
2024-02-28 14:07:18,362 WARNING:main.py:418:setup_molecule:Multiple occupancies found: CD1 in PHE A 164.
2024-02-28 14:07:18,362 WARNING:main.py:418:setup_molecule:Multiple occupancies found: CD2 in PHE A 164.
2024-02-28 14:07:18,362 WARNING:main.py:418:setup_molecule:Multiple occupancies found: CE1 in PHE A 164.
2024-02-28 14:07:18,362 WARNING:main.py:418:setup_molecule:Multiple occupancies found: CE2 in PHE A 164.
2024-02-28 14:07:18,362 WARNING:main.py:418:setup_molecule:Multiple occupancies found: CZ in PHE A 164.
2024-02-28 14:07:18,362 WARNING:main.py:424:setup_molecule:Multiple occupancies found in PHE A 164. At least one of the instances is being ignored.
2024-02-28 14:07:18,451 WARNING:biomolecule.py:157:num_missing_heavy:Missing atom CG in residue ARG A 2
2024-02-28 14:07:18,451 WARNING:biomolecule.py:157:num_missing_heavy:Missing atom CD in residue ARG A 2
2024-02-28 14:07:18,451 WARNING:biomolecule.py:157:num_missing_heavy:Missing atom NE in residue ARG A 2
2024-02-28 14:07:18,451 WARNING:biomolecule.py:157:num_missing_heavy:Missing atom CZ in residue ARG A 2
2024-02-28 14:07:18,451 WARNING:biomolecule.py:157:num_missing_heavy:Missing atom NH1 in residue ARG A 2
2024-02-28 14:07:18,451 WARNING:biomolecule.py:157:num_missing_heavy:Missing atom NH2 in residue ARG A 2
2024-02-28 14:07:18,452 WARNING:biomolecule.py:157:num_missing_heavy:Missing atom CG in residue LYS A 182
2024-02-28 14:07:18,452 WARNING:biomolecule.py:157:num_missing_heavy:Missing atom CD in residue LYS A 182
2024-02-28 14:07:18,452 WARNING:biomolecule.py:157:num_missing_heavy:Missing atom CE in residue LYS A 182
2024-02-28 14:07:18,452 WARNING:biomolecule.py:157:num_missing_heavy:Missing atom NZ in residue LYS A 182
2024-02-28 14:07:18,452 WARNING:biomolecule.py:157:num_missing_heavy:Missing atom OXT in residue LEU A 211
2024-02-28 14:07:18,452 WARNING:biomolecule.py:157:num_missing_heavy:Missing atom CG in residue ARG A 2
2024-02-28 14:07:18,452 WARNING:biomolecule.py:157:num_missing_heavy:Missing atom CD in residue ARG A 2
2024-02-28 14:07:18,452 WARNING:biomolecule.py:157:num_missing_heavy:Missing atom NE in residue ARG A 2
2024-02-28 14:07:18,452 WARNING:biomolecule.py:157:num_missing_heavy:Missing atom CZ in residue ARG A 2
2024-02-28 14:07:18,452 WARNING:biomolecule.py:157:num_missing_heavy:Missing atom NH1 in residue ARG A 2
2024-02-28 14:07:18,452 WARNING:biomolecule.py:157:num_missing_heavy:Missing atom NH2 in residue ARG A 2
2024-02-28 14:07:18,453 WARNING:biomolecule.py:157:num_missing_heavy:Missing atom CG in residue LYS A 182
2024-02-28 14:07:18,453 WARNING:biomolecule.py:157:num_missing_heavy:Missing atom CD in residue LYS A 182
2024-02-28 14:07:18,453 WARNING:biomolecule.py:157:num_missing_heavy:Missing atom CE in residue LYS A 182
2024-02-28 14:07:18,453 WARNING:biomolecule.py:157:num_missing_heavy:Missing atom NZ in residue LYS A 182
2024-02-28 14:07:18,453 WARNING:biomolecule.py:157:num_missing_heavy:Missing atom OXT in residue LEU A 211
2024-02-28 14:07:18,453 WARNING:biomolecule.py:157:num_missing_heavy:Missing atom CG in residue ARG A 2
2024-02-28 14:07:18,453 WARNING:biomolecule.py:157:num_missing_heavy:Missing atom CD in residue ARG A 2
2024-02-28 14:07:18,453 WARNING:biomolecule.py:157:num_missing_heavy:Missing atom NE in residue ARG A 2
2024-02-28 14:07:18,453 WARNING:biomolecule.py:157:num_missing_heavy:Missing atom CZ in residue ARG A 2
2024-02-28 14:07:18,453 WARNING:biomolecule.py:157:num_missing_heavy:Missing atom NH1 in residue ARG A 2
2024-02-28 14:07:18,454 WARNING:biomolecule.py:157:num_missing_heavy:Missing atom NH2 in residue ARG A 2
2024-02-28 14:07:18,454 WARNING:biomolecule.py:157:num_missing_heavy:Missing atom CG in residue LYS A 182
2024-02-28 14:07:18,454 WARNING:biomolecule.py:157:num_missing_heavy:Missing atom CD in residue LYS A 182
2024-02-28 14:07:18,454 WARNING:biomolecule.py:157:num_missing_heavy:Missing atom CE in residue LYS A 182
2024-02-28 14:07:18,454 WARNING:biomolecule.py:157:num_missing_heavy:Missing atom NZ in residue LYS A 182
2024-02-28 14:07:18,454 WARNING:biomolecule.py:157:num_missing_heavy:Missing atom OXT in residue LEU A 211
2024-02-28 14:07:20,381 WARNING:main.py:311:print_pqr:Ignoring 2692 header lines in output.
2024-02-28 14:07:20,382 WARNING:main.py:315:print_pqr:Ignoring 57 missing lines in output.
