2024-02-28 14:07:17,549 WARNING:biomolecule.py:992:create_residue:Unable to find amino or nucleic acid definition for GOX.  Parsing as new residue.
2024-02-28 14:07:17,597 WARNING:biomolecule.py:992:create_residue:Unable to find amino or nucleic acid definition for ACT.  Parsing as new residue.
2024-02-28 14:07:17,597 WARNING:biomolecule.py:992:create_residue:Unable to find amino or nucleic acid definition for ACT.  Parsing as new residue.
2024-02-28 14:07:17,597 WARNING:biomolecule.py:992:create_residue:Unable to find amino or nucleic acid definition for GOX.  Parsing as new residue.
2024-02-28 14:07:17,598 WARNING:biomolecule.py:992:create_residue:Unable to find amino or nucleic acid definition for ACT.  Parsing as new residue.
2024-02-28 14:07:17,599 WARNING:main.py:418:setup_molecule:Multiple occupancies found: CB in ASN A 128.
2024-02-28 14:07:17,599 WARNING:main.py:418:setup_molecule:Multiple occupancies found: CG in ASN A 128.
2024-02-28 14:07:17,599 WARNING:main.py:418:setup_molecule:Multiple occupancies found: OD1 in ASN A 128.
2024-02-28 14:07:17,599 WARNING:main.py:418:setup_molecule:Multiple occupancies found: ND2 in ASN A 128.
2024-02-28 14:07:17,599 WARNING:main.py:424:setup_molecule:Multiple occupancies found in ASN A 128. At least one of the instances is being ignored.
2024-02-28 14:07:17,599 WARNING:main.py:418:setup_molecule:Multiple occupancies found: CB in SER A 172.
2024-02-28 14:07:17,599 WARNING:main.py:418:setup_molecule:Multiple occupancies found: OG in SER A 172.
2024-02-28 14:07:17,599 WARNING:main.py:424:setup_molecule:Multiple occupancies found in SER A 172. At least one of the instances is being ignored.
2024-02-28 14:07:17,599 WARNING:main.py:418:setup_molecule:Multiple occupancies found: CB in SER A 220.
2024-02-28 14:07:17,600 WARNING:main.py:418:setup_molecule:Multiple occupancies found: OG in SER A 220.
2024-02-28 14:07:17,600 WARNING:main.py:424:setup_molecule:Multiple occupancies found in SER A 220. At least one of the instances is being ignored.
2024-02-28 14:07:17,600 WARNING:main.py:418:setup_molecule:Multiple occupancies found: CB in SER A 232.
2024-02-28 14:07:17,600 WARNING:main.py:418:setup_molecule:Multiple occupancies found: OG in SER A 232.
2024-02-28 14:07:17,600 WARNING:main.py:424:setup_molecule:Multiple occupancies found in SER A 232. At least one of the instances is being ignored.
2024-02-28 14:07:17,600 WARNING:main.py:418:setup_molecule:Multiple occupancies found: CB in GLU A 366.
2024-02-28 14:07:17,600 WARNING:main.py:418:setup_molecule:Multiple occupancies found: CG in GLU A 366.
2024-02-28 14:07:17,600 WARNING:main.py:418:setup_molecule:Multiple occupancies found: CD in GLU A 366.
2024-02-28 14:07:17,600 WARNING:main.py:418:setup_molecule:Multiple occupancies found: OE1 in GLU A 366.
2024-02-28 14:07:17,600 WARNING:main.py:418:setup_molecule:Multiple occupancies found: OE2 in GLU A 366.
2024-02-28 14:07:17,600 WARNING:main.py:424:setup_molecule:Multiple occupancies found in GLU A 366. At least one of the instances is being ignored.
2024-02-28 14:07:17,600 WARNING:main.py:418:setup_molecule:Multiple occupancies found: CB in SER A 458.
2024-02-28 14:07:17,600 WARNING:main.py:418:setup_molecule:Multiple occupancies found: OG in SER A 458.
2024-02-28 14:07:17,600 WARNING:main.py:424:setup_molecule:Multiple occupancies found in SER A 458. At least one of the instances is being ignored.
2024-02-28 14:07:17,600 WARNING:main.py:418:setup_molecule:Multiple occupancies found: CB in HIS A 489.
2024-02-28 14:07:17,600 WARNING:main.py:418:setup_molecule:Multiple occupancies found: CG in HIS A 489.
2024-02-28 14:07:17,600 WARNING:main.py:418:setup_molecule:Multiple occupancies found: ND1 in HIS A 489.
2024-02-28 14:07:17,600 WARNING:main.py:418:setup_molecule:Multiple occupancies found: CD2 in HIS A 489.
2024-02-28 14:07:17,600 WARNING:main.py:418:setup_molecule:Multiple occupancies found: CE1 in HIS A 489.
2024-02-28 14:07:17,600 WARNING:main.py:418:setup_molecule:Multiple occupancies found: NE2 in HIS A 489.
2024-02-28 14:07:17,600 WARNING:main.py:424:setup_molecule:Multiple occupancies found in HIS A 489. At least one of the instances is being ignored.
2024-02-28 14:07:17,600 WARNING:main.py:418:setup_molecule:Multiple occupancies found: CB in ARG B 117.
2024-02-28 14:07:17,600 WARNING:main.py:418:setup_molecule:Multiple occupancies found: CG in ARG B 117.
2024-02-28 14:07:17,601 WARNING:main.py:418:setup_molecule:Multiple occupancies found: CD in ARG B 117.
2024-02-28 14:07:17,601 WARNING:main.py:418:setup_molecule:Multiple occupancies found: NE in ARG B 117.
2024-02-28 14:07:17,601 WARNING:main.py:418:setup_molecule:Multiple occupancies found: CZ in ARG B 117.
2024-02-28 14:07:17,601 WARNING:main.py:418:setup_molecule:Multiple occupancies found: NH1 in ARG B 117.
2024-02-28 14:07:17,601 WARNING:main.py:418:setup_molecule:Multiple occupancies found: NH2 in ARG B 117.
2024-02-28 14:07:17,601 WARNING:main.py:424:setup_molecule:Multiple occupancies found in ARG B 117. At least one of the instances is being ignored.
2024-02-28 14:07:17,601 WARNING:main.py:418:setup_molecule:Multiple occupancies found: CB in SER B 220.
2024-02-28 14:07:17,601 WARNING:main.py:418:setup_molecule:Multiple occupancies found: OG in SER B 220.
2024-02-28 14:07:17,601 WARNING:main.py:424:setup_molecule:Multiple occupancies found in SER B 220. At least one of the instances is being ignored.
2024-02-28 14:07:17,601 WARNING:main.py:418:setup_molecule:Multiple occupancies found: CB in SER B 232.
2024-02-28 14:07:17,601 WARNING:main.py:418:setup_molecule:Multiple occupancies found: OG in SER B 232.
2024-02-28 14:07:17,601 WARNING:main.py:424:setup_molecule:Multiple occupancies found in SER B 232. At least one of the instances is being ignored.
2024-02-28 14:07:17,625 WARNING:main.py:418:setup_molecule:Multiple occupancies found: CB in SER B 458.
2024-02-28 14:07:17,625 WARNING:main.py:418:setup_molecule:Multiple occupancies found: OG in SER B 458.
2024-02-28 14:07:17,625 WARNING:main.py:424:setup_molecule:Multiple occupancies found in SER B 458. At least one of the instances is being ignored.
2024-02-28 14:07:17,625 WARNING:main.py:418:setup_molecule:Multiple occupancies found: CB in GLU B 464.
2024-02-28 14:07:17,625 WARNING:main.py:418:setup_molecule:Multiple occupancies found: CG in GLU B 464.
2024-02-28 14:07:17,626 WARNING:main.py:418:setup_molecule:Multiple occupancies found: CD in GLU B 464.
2024-02-28 14:07:17,626 WARNING:main.py:418:setup_molecule:Multiple occupancies found: OE1 in GLU B 464.
2024-02-28 14:07:17,626 WARNING:main.py:418:setup_molecule:Multiple occupancies found: OE2 in GLU B 464.
2024-02-28 14:07:17,626 WARNING:main.py:424:setup_molecule:Multiple occupancies found in GLU B 464. At least one of the instances is being ignored.
2024-02-28 14:07:17,718 WARNING:biomolecule.py:615:update_bonds:Gap in backbone detected between PRO A 95 and PHE A 98!
2024-02-28 14:07:17,720 WARNING:biomolecule.py:615:update_bonds:Gap in backbone detected between THR A 299 and LYS A 304!
2024-02-28 14:07:17,722 WARNING:biomolecule.py:615:update_bonds:Gap in backbone detected between PRO B 95 and PHE B 98!
2024-02-28 14:07:17,773 WARNING:biomolecule.py:157:num_missing_heavy:Missing atom CD in residue LYS A 76
2024-02-28 14:07:18,135 WARNING:biomolecule.py:157:num_missing_heavy:Missing atom CE in residue LYS A 76
2024-02-28 14:07:18,135 WARNING:biomolecule.py:157:num_missing_heavy:Missing atom NZ in residue LYS A 76
2024-02-28 14:07:18,135 WARNING:biomolecule.py:157:num_missing_heavy:Missing atom CG in residue ARG A 94
2024-02-28 14:07:18,135 WARNING:biomolecule.py:157:num_missing_heavy:Missing atom CD in residue ARG A 94
2024-02-28 14:07:18,135 WARNING:biomolecule.py:157:num_missing_heavy:Missing atom NE in residue ARG A 94
2024-02-28 14:07:18,135 WARNING:biomolecule.py:157:num_missing_heavy:Missing atom CZ in residue ARG A 94
2024-02-28 14:07:18,135 WARNING:biomolecule.py:157:num_missing_heavy:Missing atom NH1 in residue ARG A 94
2024-02-28 14:07:18,135 WARNING:biomolecule.py:157:num_missing_heavy:Missing atom NH2 in residue ARG A 94
2024-02-28 14:07:18,136 WARNING:biomolecule.py:157:num_missing_heavy:Missing atom CB in residue GLU A 100
2024-02-28 14:07:18,136 WARNING:biomolecule.py:157:num_missing_heavy:Missing atom CG in residue GLU A 100
2024-02-28 14:07:18,136 WARNING:biomolecule.py:157:num_missing_heavy:Missing atom CD in residue GLU A 100
2024-02-28 14:07:18,136 WARNING:biomolecule.py:157:num_missing_heavy:Missing atom OE1 in residue GLU A 100
2024-02-28 14:07:18,136 WARNING:biomolecule.py:157:num_missing_heavy:Missing atom OE2 in residue GLU A 100
2024-02-28 14:07:18,136 WARNING:biomolecule.py:157:num_missing_heavy:Missing atom CD in residue LYS A 102
2024-02-28 14:07:18,136 WARNING:biomolecule.py:157:num_missing_heavy:Missing atom CE in residue LYS A 102
2024-02-28 14:07:18,136 WARNING:biomolecule.py:157:num_missing_heavy:Missing atom NZ in residue LYS A 102
2024-02-28 14:07:18,136 WARNING:biomolecule.py:157:num_missing_heavy:Missing atom CB in residue GLU A 120
2024-02-28 14:07:18,136 WARNING:biomolecule.py:157:num_missing_heavy:Missing atom CG in residue GLU A 120
2024-02-28 14:07:18,136 WARNING:biomolecule.py:157:num_missing_heavy:Missing atom CD in residue GLU A 120
2024-02-28 14:07:18,136 WARNING:biomolecule.py:157:num_missing_heavy:Missing atom OE1 in residue GLU A 120
2024-02-28 14:07:18,136 WARNING:biomolecule.py:157:num_missing_heavy:Missing atom OE2 in residue GLU A 120
2024-02-28 14:07:18,136 WARNING:biomolecule.py:157:num_missing_heavy:Missing atom CE in residue LYS A 135
2024-02-28 14:07:18,136 WARNING:biomolecule.py:157:num_missing_heavy:Missing atom NZ in residue LYS A 135
2024-02-28 14:07:18,137 WARNING:biomolecule.py:157:num_missing_heavy:Missing atom CD in residue LYS A 255
2024-02-28 14:07:18,545 WARNING:biomolecule.py:157:num_missing_heavy:Missing atom CE in residue LYS A 255
2024-02-28 14:07:18,545 WARNING:biomolecule.py:157:num_missing_heavy:Missing atom NZ in residue LYS A 255
2024-02-28 14:07:18,545 WARNING:biomolecule.py:157:num_missing_heavy:Missing atom CD in residue LYS A 273
2024-02-28 14:07:18,545 WARNING:biomolecule.py:157:num_missing_heavy:Missing atom CE in residue LYS A 273
2024-02-28 14:07:18,546 WARNING:biomolecule.py:157:num_missing_heavy:Missing atom NZ in residue LYS A 273
2024-02-28 14:07:18,546 WARNING:biomolecule.py:157:num_missing_heavy:Missing atom CB in residue LYS A 304
2024-02-28 14:07:18,546 WARNING:biomolecule.py:157:num_missing_heavy:Missing atom CG in residue LYS A 304
2024-02-28 14:07:18,546 WARNING:biomolecule.py:157:num_missing_heavy:Missing atom CD in residue LYS A 304
2024-02-28 14:07:18,546 WARNING:biomolecule.py:157:num_missing_heavy:Missing atom CE in residue LYS A 304
2024-02-28 14:07:18,546 WARNING:biomolecule.py:157:num_missing_heavy:Missing atom NZ in residue LYS A 304
2024-02-28 14:07:18,546 WARNING:biomolecule.py:157:num_missing_heavy:Missing atom CB in residue LYS A 332
2024-02-28 14:07:18,546 WARNING:biomolecule.py:157:num_missing_heavy:Missing atom CG in residue LYS A 332
2024-02-28 14:07:18,546 WARNING:biomolecule.py:157:num_missing_heavy:Missing atom CD in residue LYS A 332
2024-02-28 14:07:18,546 WARNING:biomolecule.py:157:num_missing_heavy:Missing atom CE in residue LYS A 332
2024-02-28 14:07:18,546 WARNING:biomolecule.py:157:num_missing_heavy:Missing atom NZ in residue LYS A 332
2024-02-28 14:07:18,547 WARNING:biomolecule.py:157:num_missing_heavy:Missing atom CD in residue LYS A 485
2024-02-28 14:07:18,547 WARNING:biomolecule.py:157:num_missing_heavy:Missing atom CE in residue LYS A 485
2024-02-28 14:07:18,547 WARNING:biomolecule.py:157:num_missing_heavy:Missing atom NZ in residue LYS A 485
2024-02-28 14:07:18,547 WARNING:biomolecule.py:157:num_missing_heavy:Missing atom CE in residue LYS B 72
2024-02-28 14:07:18,547 WARNING:biomolecule.py:157:num_missing_heavy:Missing atom NZ in residue LYS B 72
2024-02-28 14:07:18,547 WARNING:biomolecule.py:157:num_missing_heavy:Missing atom CD in residue LYS B 76
2024-02-28 14:07:18,547 WARNING:biomolecule.py:157:num_missing_heavy:Missing atom CE in residue LYS B 76
2024-02-28 14:07:18,547 WARNING:biomolecule.py:157:num_missing_heavy:Missing atom NZ in residue LYS B 76
2024-02-28 14:07:18,547 WARNING:biomolecule.py:157:num_missing_heavy:Missing atom CG in residue ARG B 94
2024-02-28 14:07:18,547 WARNING:biomolecule.py:157:num_missing_heavy:Missing atom CD in residue ARG B 94
2024-02-28 14:07:18,548 WARNING:biomolecule.py:157:num_missing_heavy:Missing atom NE in residue ARG B 94
2024-02-28 14:07:18,548 WARNING:biomolecule.py:157:num_missing_heavy:Missing atom CZ in residue ARG B 94
2024-02-28 14:07:18,548 WARNING:biomolecule.py:157:num_missing_heavy:Missing atom NH1 in residue ARG B 94
2024-02-28 14:07:18,548 WARNING:biomolecule.py:157:num_missing_heavy:Missing atom NH2 in residue ARG B 94
2024-02-28 14:07:18,548 WARNING:biomolecule.py:157:num_missing_heavy:Missing atom CB in residue GLU B 100
2024-02-28 14:07:18,548 WARNING:biomolecule.py:157:num_missing_heavy:Missing atom CG in residue GLU B 100
2024-02-28 14:07:18,548 WARNING:biomolecule.py:157:num_missing_heavy:Missing atom CD in residue GLU B 100
2024-02-28 14:07:18,548 WARNING:biomolecule.py:157:num_missing_heavy:Missing atom OE1 in residue GLU B 100
2024-02-28 14:07:18,548 WARNING:biomolecule.py:157:num_missing_heavy:Missing atom OE2 in residue GLU B 100
2024-02-28 14:07:18,548 WARNING:biomolecule.py:157:num_missing_heavy:Missing atom CD in residue LYS B 102
2024-02-28 14:07:18,548 WARNING:biomolecule.py:157:num_missing_heavy:Missing atom CE in residue LYS B 102
2024-02-28 14:07:18,548 WARNING:biomolecule.py:157:num_missing_heavy:Missing atom NZ in residue LYS B 102
2024-02-28 14:07:18,548 WARNING:biomolecule.py:157:num_missing_heavy:Missing atom CD in residue LYS B 135
2024-02-28 14:07:18,548 WARNING:biomolecule.py:157:num_missing_heavy:Missing atom CE in residue LYS B 135
2024-02-28 14:07:18,548 WARNING:biomolecule.py:157:num_missing_heavy:Missing atom NZ in residue LYS B 135
2024-02-28 14:07:18,549 WARNING:biomolecule.py:157:num_missing_heavy:Missing atom CE in residue LYS B 255
2024-02-28 14:07:18,549 WARNING:biomolecule.py:157:num_missing_heavy:Missing atom NZ in residue LYS B 255
2024-02-28 14:07:18,549 WARNING:biomolecule.py:157:num_missing_heavy:Missing atom CD in residue LYS B 273
2024-02-28 14:07:18,549 WARNING:biomolecule.py:157:num_missing_heavy:Missing atom CE in residue LYS B 273
2024-02-28 14:07:18,549 WARNING:biomolecule.py:157:num_missing_heavy:Missing atom NZ in residue LYS B 273
2024-02-28 14:07:18,552 WARNING:biomolecule.py:157:num_missing_heavy:Missing atom CB in residue ASN B 302
2024-02-28 14:07:18,552 WARNING:biomolecule.py:157:num_missing_heavy:Missing atom CG in residue ASN B 302
2024-02-28 14:07:18,552 WARNING:biomolecule.py:157:num_missing_heavy:Missing atom OD1 in residue ASN B 302
2024-02-28 14:07:18,552 WARNING:biomolecule.py:157:num_missing_heavy:Missing atom ND2 in residue ASN B 302
2024-02-28 14:07:18,552 WARNING:biomolecule.py:157:num_missing_heavy:Missing atom CD in residue LYS B 304
2024-02-28 14:07:18,552 WARNING:biomolecule.py:157:num_missing_heavy:Missing atom CE in residue LYS B 304
2024-02-28 14:07:18,552 WARNING:biomolecule.py:157:num_missing_heavy:Missing atom NZ in residue LYS B 304
2024-02-28 14:07:18,552 WARNING:biomolecule.py:157:num_missing_heavy:Missing atom CG in residue ARG B 329
2024-02-28 14:07:18,552 WARNING:biomolecule.py:157:num_missing_heavy:Missing atom CD in residue ARG B 329
2024-02-28 14:07:18,552 WARNING:biomolecule.py:157:num_missing_heavy:Missing atom NE in residue ARG B 329
2024-02-28 14:07:18,552 WARNING:biomolecule.py:157:num_missing_heavy:Missing atom CZ in residue ARG B 329
2024-02-28 14:07:18,552 WARNING:biomolecule.py:157:num_missing_heavy:Missing atom NH1 in residue ARG B 329
2024-02-28 14:07:18,552 WARNING:biomolecule.py:157:num_missing_heavy:Missing atom NH2 in residue ARG B 329
2024-02-28 14:07:18,552 WARNING:biomolecule.py:157:num_missing_heavy:Missing atom CB in residue GLU B 331
2024-02-28 14:07:18,553 WARNING:biomolecule.py:157:num_missing_heavy:Missing atom CG in residue GLU B 331
2024-02-28 14:07:18,553 WARNING:biomolecule.py:157:num_missing_heavy:Missing atom CD in residue GLU B 331
2024-02-28 14:07:18,553 WARNING:biomolecule.py:157:num_missing_heavy:Missing atom OE1 in residue GLU B 331
2024-02-28 14:07:18,553 WARNING:biomolecule.py:157:num_missing_heavy:Missing atom OE2 in residue GLU B 331
2024-02-28 14:07:18,553 WARNING:biomolecule.py:157:num_missing_heavy:Missing atom CB in residue LYS B 332
2024-02-28 14:07:18,553 WARNING:biomolecule.py:157:num_missing_heavy:Missing atom CG in residue LYS B 332
2024-02-28 14:07:18,553 WARNING:biomolecule.py:157:num_missing_heavy:Missing atom CD in residue LYS B 332
2024-02-28 14:07:18,553 WARNING:biomolecule.py:157:num_missing_heavy:Missing atom CE in residue LYS B 332
2024-02-28 14:07:18,553 WARNING:biomolecule.py:157:num_missing_heavy:Missing atom NZ in residue LYS B 332
2024-02-28 14:07:18,554 WARNING:biomolecule.py:157:num_missing_heavy:Missing atom CD in residue LYS B 485
2024-02-28 14:07:18,554 WARNING:biomolecule.py:157:num_missing_heavy:Missing atom CE in residue LYS B 485
2024-02-28 14:07:18,554 WARNING:biomolecule.py:157:num_missing_heavy:Missing atom NZ in residue LYS B 485
2024-02-28 14:07:18,554 WARNING:biomolecule.py:157:num_missing_heavy:Missing atom CD in residue LYS A 76
2024-02-28 14:07:18,554 WARNING:biomolecule.py:157:num_missing_heavy:Missing atom CE in residue LYS A 76
2024-02-28 14:07:18,554 WARNING:biomolecule.py:157:num_missing_heavy:Missing atom NZ in residue LYS A 76
2024-02-28 14:07:18,554 WARNING:biomolecule.py:157:num_missing_heavy:Missing atom CG in residue ARG A 94
2024-02-28 14:07:18,554 WARNING:biomolecule.py:157:num_missing_heavy:Missing atom CD in residue ARG A 94
2024-02-28 14:07:18,554 WARNING:biomolecule.py:157:num_missing_heavy:Missing atom NE in residue ARG A 94
2024-02-28 14:07:18,554 WARNING:biomolecule.py:157:num_missing_heavy:Missing atom CZ in residue ARG A 94
2024-02-28 14:07:18,554 WARNING:biomolecule.py:157:num_missing_heavy:Missing atom NH1 in residue ARG A 94
2024-02-28 14:07:18,554 WARNING:biomolecule.py:157:num_missing_heavy:Missing atom NH2 in residue ARG A 94
2024-02-28 14:07:18,555 WARNING:biomolecule.py:157:num_missing_heavy:Missing atom CB in residue GLU A 100
2024-02-28 14:07:18,555 WARNING:biomolecule.py:157:num_missing_heavy:Missing atom CG in residue GLU A 100
2024-02-28 14:07:18,555 WARNING:biomolecule.py:157:num_missing_heavy:Missing atom CD in residue GLU A 100
2024-02-28 14:07:18,555 WARNING:biomolecule.py:157:num_missing_heavy:Missing atom OE1 in residue GLU A 100
2024-02-28 14:07:18,555 WARNING:biomolecule.py:157:num_missing_heavy:Missing atom OE2 in residue GLU A 100
2024-02-28 14:07:18,555 WARNING:biomolecule.py:157:num_missing_heavy:Missing atom CD in residue LYS A 102
2024-02-28 14:07:18,555 WARNING:biomolecule.py:157:num_missing_heavy:Missing atom CE in residue LYS A 102
2024-02-28 14:07:18,555 WARNING:biomolecule.py:157:num_missing_heavy:Missing atom NZ in residue LYS A 102
2024-02-28 14:07:18,555 WARNING:biomolecule.py:157:num_missing_heavy:Missing atom CB in residue GLU A 120
2024-02-28 14:07:18,555 WARNING:biomolecule.py:157:num_missing_heavy:Missing atom CG in residue GLU A 120
2024-02-28 14:07:18,555 WARNING:biomolecule.py:157:num_missing_heavy:Missing atom CD in residue GLU A 120
2024-02-28 14:07:18,555 WARNING:biomolecule.py:157:num_missing_heavy:Missing atom OE1 in residue GLU A 120
2024-02-28 14:07:18,555 WARNING:biomolecule.py:157:num_missing_heavy:Missing atom OE2 in residue GLU A 120
2024-02-28 14:07:18,555 WARNING:biomolecule.py:157:num_missing_heavy:Missing atom CE in residue LYS A 135
2024-02-28 14:07:18,555 WARNING:biomolecule.py:157:num_missing_heavy:Missing atom NZ in residue LYS A 135
2024-02-28 14:07:18,556 WARNING:biomolecule.py:157:num_missing_heavy:Missing atom CD in residue LYS A 255
2024-02-28 14:07:18,556 WARNING:biomolecule.py:157:num_missing_heavy:Missing atom CE in residue LYS A 255
2024-02-28 14:07:18,556 WARNING:biomolecule.py:157:num_missing_heavy:Missing atom NZ in residue LYS A 255
2024-02-28 14:07:18,556 WARNING:biomolecule.py:157:num_missing_heavy:Missing atom CD in residue LYS A 273
2024-02-28 14:07:18,556 WARNING:biomolecule.py:157:num_missing_heavy:Missing atom CE in residue LYS A 273
2024-02-28 14:07:18,556 WARNING:biomolecule.py:157:num_missing_heavy:Missing atom NZ in residue LYS A 273
2024-02-28 14:07:18,556 WARNING:biomolecule.py:157:num_missing_heavy:Missing atom CB in residue LYS A 304
2024-02-28 14:07:18,556 WARNING:biomolecule.py:157:num_missing_heavy:Missing atom CG in residue LYS A 304
2024-02-28 14:07:18,556 WARNING:biomolecule.py:157:num_missing_heavy:Missing atom CD in residue LYS A 304
2024-02-28 14:07:18,556 WARNING:biomolecule.py:157:num_missing_heavy:Missing atom CE in residue LYS A 304
2024-02-28 14:07:18,556 WARNING:biomolecule.py:157:num_missing_heavy:Missing atom NZ in residue LYS A 304
2024-02-28 14:07:18,556 WARNING:biomolecule.py:157:num_missing_heavy:Missing atom CB in residue LYS A 332
2024-02-28 14:07:18,556 WARNING:biomolecule.py:157:num_missing_heavy:Missing atom CG in residue LYS A 332
2024-02-28 14:07:18,556 WARNING:biomolecule.py:157:num_missing_heavy:Missing atom CD in residue LYS A 332
2024-02-28 14:07:18,556 WARNING:biomolecule.py:157:num_missing_heavy:Missing atom CE in residue LYS A 332
2024-02-28 14:07:18,557 WARNING:biomolecule.py:157:num_missing_heavy:Missing atom NZ in residue LYS A 332
2024-02-28 14:07:18,561 WARNING:biomolecule.py:157:num_missing_heavy:Missing atom CD in residue LYS A 485
2024-02-28 14:07:18,561 WARNING:biomolecule.py:157:num_missing_heavy:Missing atom CE in residue LYS A 485
2024-02-28 14:07:18,561 WARNING:biomolecule.py:157:num_missing_heavy:Missing atom NZ in residue LYS A 485
2024-02-28 14:07:18,562 WARNING:biomolecule.py:157:num_missing_heavy:Missing atom CE in residue LYS B 72
2024-02-28 14:07:18,562 WARNING:biomolecule.py:157:num_missing_heavy:Missing atom NZ in residue LYS B 72
2024-02-28 14:07:18,562 WARNING:biomolecule.py:157:num_missing_heavy:Missing atom CD in residue LYS B 76
2024-02-28 14:07:18,562 WARNING:biomolecule.py:157:num_missing_heavy:Missing atom CE in residue LYS B 76
2024-02-28 14:07:18,562 WARNING:biomolecule.py:157:num_missing_heavy:Missing atom NZ in residue LYS B 76
2024-02-28 14:07:18,562 WARNING:biomolecule.py:157:num_missing_heavy:Missing atom CG in residue ARG B 94
2024-02-28 14:07:18,562 WARNING:biomolecule.py:157:num_missing_heavy:Missing atom CD in residue ARG B 94
2024-02-28 14:07:18,562 WARNING:biomolecule.py:157:num_missing_heavy:Missing atom NE in residue ARG B 94
2024-02-28 14:07:18,562 WARNING:biomolecule.py:157:num_missing_heavy:Missing atom CZ in residue ARG B 94
2024-02-28 14:07:18,562 WARNING:biomolecule.py:157:num_missing_heavy:Missing atom NH1 in residue ARG B 94
2024-02-28 14:07:18,562 WARNING:biomolecule.py:157:num_missing_heavy:Missing atom NH2 in residue ARG B 94
2024-02-28 14:07:18,562 WARNING:biomolecule.py:157:num_missing_heavy:Missing atom CB in residue GLU B 100
2024-02-28 14:07:18,562 WARNING:biomolecule.py:157:num_missing_heavy:Missing atom CG in residue GLU B 100
2024-02-28 14:07:18,562 WARNING:biomolecule.py:157:num_missing_heavy:Missing atom CD in residue GLU B 100
2024-02-28 14:07:18,562 WARNING:biomolecule.py:157:num_missing_heavy:Missing atom OE1 in residue GLU B 100
2024-02-28 14:07:18,562 WARNING:biomolecule.py:157:num_missing_heavy:Missing atom OE2 in residue GLU B 100
2024-02-28 14:07:18,562 WARNING:biomolecule.py:157:num_missing_heavy:Missing atom CD in residue LYS B 102
2024-02-28 14:07:18,562 WARNING:biomolecule.py:157:num_missing_heavy:Missing atom CE in residue LYS B 102
2024-02-28 14:07:18,562 WARNING:biomolecule.py:157:num_missing_heavy:Missing atom NZ in residue LYS B 102
2024-02-28 14:07:18,563 WARNING:biomolecule.py:157:num_missing_heavy:Missing atom CD in residue LYS B 135
2024-02-28 14:07:18,563 WARNING:biomolecule.py:157:num_missing_heavy:Missing atom CE in residue LYS B 135
2024-02-28 14:07:18,563 WARNING:biomolecule.py:157:num_missing_heavy:Missing atom NZ in residue LYS B 135
2024-02-28 14:07:18,563 WARNING:biomolecule.py:157:num_missing_heavy:Missing atom CE in residue LYS B 255
2024-02-28 14:07:18,563 WARNING:biomolecule.py:157:num_missing_heavy:Missing atom NZ in residue LYS B 255
2024-02-28 14:07:18,563 WARNING:biomolecule.py:157:num_missing_heavy:Missing atom CD in residue LYS B 273
2024-02-28 14:07:18,563 WARNING:biomolecule.py:157:num_missing_heavy:Missing atom CE in residue LYS B 273
2024-02-28 14:07:18,563 WARNING:biomolecule.py:157:num_missing_heavy:Missing atom NZ in residue LYS B 273
2024-02-28 14:07:18,564 WARNING:biomolecule.py:157:num_missing_heavy:Missing atom CB in residue ASN B 302
2024-02-28 14:07:18,564 WARNING:biomolecule.py:157:num_missing_heavy:Missing atom CG in residue ASN B 302
2024-02-28 14:07:18,564 WARNING:biomolecule.py:157:num_missing_heavy:Missing atom OD1 in residue ASN B 302
2024-02-28 14:07:18,564 WARNING:biomolecule.py:157:num_missing_heavy:Missing atom ND2 in residue ASN B 302
2024-02-28 14:07:18,564 WARNING:biomolecule.py:157:num_missing_heavy:Missing atom CD in residue LYS B 304
2024-02-28 14:07:18,564 WARNING:biomolecule.py:157:num_missing_heavy:Missing atom CE in residue LYS B 304
2024-02-28 14:07:18,564 WARNING:biomolecule.py:157:num_missing_heavy:Missing atom NZ in residue LYS B 304
2024-02-28 14:07:18,564 WARNING:biomolecule.py:157:num_missing_heavy:Missing atom CG in residue ARG B 329
2024-02-28 14:07:18,564 WARNING:biomolecule.py:157:num_missing_heavy:Missing atom CD in residue ARG B 329
2024-02-28 14:07:18,564 WARNING:biomolecule.py:157:num_missing_heavy:Missing atom NE in residue ARG B 329
2024-02-28 14:07:18,564 WARNING:biomolecule.py:157:num_missing_heavy:Missing atom CZ in residue ARG B 329
2024-02-28 14:07:18,564 WARNING:biomolecule.py:157:num_missing_heavy:Missing atom NH1 in residue ARG B 329
2024-02-28 14:07:18,564 WARNING:biomolecule.py:157:num_missing_heavy:Missing atom NH2 in residue ARG B 329
2024-02-28 14:07:18,564 WARNING:biomolecule.py:157:num_missing_heavy:Missing atom CB in residue GLU B 331
2024-02-28 14:07:18,564 WARNING:biomolecule.py:157:num_missing_heavy:Missing atom CG in residue GLU B 331
2024-02-28 14:07:18,564 WARNING:biomolecule.py:157:num_missing_heavy:Missing atom CD in residue GLU B 331
2024-02-28 14:07:18,564 WARNING:biomolecule.py:157:num_missing_heavy:Missing atom OE1 in residue GLU B 331
2024-02-28 14:07:18,564 WARNING:biomolecule.py:157:num_missing_heavy:Missing atom OE2 in residue GLU B 331
2024-02-28 14:07:18,564 WARNING:biomolecule.py:157:num_missing_heavy:Missing atom CB in residue LYS B 332
2024-02-28 14:07:18,564 WARNING:biomolecule.py:157:num_missing_heavy:Missing atom CG in residue LYS B 332
2024-02-28 14:07:18,564 WARNING:biomolecule.py:157:num_missing_heavy:Missing atom CD in residue LYS B 332
2024-02-28 14:07:18,564 WARNING:biomolecule.py:157:num_missing_heavy:Missing atom CE in residue LYS B 332
2024-02-28 14:07:18,564 WARNING:biomolecule.py:157:num_missing_heavy:Missing atom NZ in residue LYS B 332
2024-02-28 14:07:18,585 WARNING:biomolecule.py:157:num_missing_heavy:Missing atom CD in residue LYS B 485
2024-02-28 14:07:18,585 WARNING:biomolecule.py:157:num_missing_heavy:Missing atom CE in residue LYS B 485
2024-02-28 14:07:18,585 WARNING:biomolecule.py:157:num_missing_heavy:Missing atom NZ in residue LYS B 485
2024-02-28 14:07:18,586 WARNING:biomolecule.py:157:num_missing_heavy:Missing atom CD in residue LYS A 76
2024-02-28 14:07:18,586 WARNING:biomolecule.py:157:num_missing_heavy:Missing atom CE in residue LYS A 76
2024-02-28 14:07:18,586 WARNING:biomolecule.py:157:num_missing_heavy:Missing atom NZ in residue LYS A 76
2024-02-28 14:07:18,586 WARNING:biomolecule.py:157:num_missing_heavy:Missing atom CG in residue ARG A 94
2024-02-28 14:07:18,586 WARNING:biomolecule.py:157:num_missing_heavy:Missing atom CD in residue ARG A 94
2024-02-28 14:07:18,586 WARNING:biomolecule.py:157:num_missing_heavy:Missing atom NE in residue ARG A 94
2024-02-28 14:07:18,586 WARNING:biomolecule.py:157:num_missing_heavy:Missing atom CZ in residue ARG A 94
2024-02-28 14:07:18,586 WARNING:biomolecule.py:157:num_missing_heavy:Missing atom NH1 in residue ARG A 94
2024-02-28 14:07:18,586 WARNING:biomolecule.py:157:num_missing_heavy:Missing atom NH2 in residue ARG A 94
2024-02-28 14:07:18,586 WARNING:biomolecule.py:157:num_missing_heavy:Missing atom CB in residue GLU A 100
2024-02-28 14:07:18,586 WARNING:biomolecule.py:157:num_missing_heavy:Missing atom CG in residue GLU A 100
2024-02-28 14:07:18,586 WARNING:biomolecule.py:157:num_missing_heavy:Missing atom CD in residue GLU A 100
2024-02-28 14:07:18,586 WARNING:biomolecule.py:157:num_missing_heavy:Missing atom OE1 in residue GLU A 100
2024-02-28 14:07:18,586 WARNING:biomolecule.py:157:num_missing_heavy:Missing atom OE2 in residue GLU A 100
2024-02-28 14:07:18,586 WARNING:biomolecule.py:157:num_missing_heavy:Missing atom CD in residue LYS A 102
2024-02-28 14:07:18,586 WARNING:biomolecule.py:157:num_missing_heavy:Missing atom CE in residue LYS A 102
2024-02-28 14:07:18,586 WARNING:biomolecule.py:157:num_missing_heavy:Missing atom NZ in residue LYS A 102
2024-02-28 14:07:18,587 WARNING:biomolecule.py:157:num_missing_heavy:Missing atom CB in residue GLU A 120
2024-02-28 14:07:18,587 WARNING:biomolecule.py:157:num_missing_heavy:Missing atom CG in residue GLU A 120
2024-02-28 14:07:18,587 WARNING:biomolecule.py:157:num_missing_heavy:Missing atom CD in residue GLU A 120
2024-02-28 14:07:18,587 WARNING:biomolecule.py:157:num_missing_heavy:Missing atom OE1 in residue GLU A 120
2024-02-28 14:07:18,587 WARNING:biomolecule.py:157:num_missing_heavy:Missing atom OE2 in residue GLU A 120
2024-02-28 14:07:18,587 WARNING:biomolecule.py:157:num_missing_heavy:Missing atom CE in residue LYS A 135
2024-02-28 14:07:18,587 WARNING:biomolecule.py:157:num_missing_heavy:Missing atom NZ in residue LYS A 135
2024-02-28 14:07:18,587 WARNING:biomolecule.py:157:num_missing_heavy:Missing atom CD in residue LYS A 255
2024-02-28 14:07:18,587 WARNING:biomolecule.py:157:num_missing_heavy:Missing atom CE in residue LYS A 255
2024-02-28 14:07:18,587 WARNING:biomolecule.py:157:num_missing_heavy:Missing atom NZ in residue LYS A 255
2024-02-28 14:07:18,588 WARNING:biomolecule.py:157:num_missing_heavy:Missing atom CD in residue LYS A 273
2024-02-28 14:07:18,588 WARNING:biomolecule.py:157:num_missing_heavy:Missing atom CE in residue LYS A 273
2024-02-28 14:07:18,588 WARNING:biomolecule.py:157:num_missing_heavy:Missing atom NZ in residue LYS A 273
2024-02-28 14:07:18,588 WARNING:biomolecule.py:157:num_missing_heavy:Missing atom CB in residue LYS A 304
2024-02-28 14:07:18,588 WARNING:biomolecule.py:157:num_missing_heavy:Missing atom CG in residue LYS A 304
2024-02-28 14:07:18,588 WARNING:biomolecule.py:157:num_missing_heavy:Missing atom CD in residue LYS A 304
2024-02-28 14:07:18,588 WARNING:biomolecule.py:157:num_missing_heavy:Missing atom CE in residue LYS A 304
2024-02-28 14:07:18,588 WARNING:biomolecule.py:157:num_missing_heavy:Missing atom NZ in residue LYS A 304
2024-02-28 14:07:18,588 WARNING:biomolecule.py:157:num_missing_heavy:Missing atom CB in residue LYS A 332
2024-02-28 14:07:18,588 WARNING:biomolecule.py:157:num_missing_heavy:Missing atom CG in residue LYS A 332
2024-02-28 14:07:18,588 WARNING:biomolecule.py:157:num_missing_heavy:Missing atom CD in residue LYS A 332
2024-02-28 14:07:18,588 WARNING:biomolecule.py:157:num_missing_heavy:Missing atom CE in residue LYS A 332
2024-02-28 14:07:18,588 WARNING:biomolecule.py:157:num_missing_heavy:Missing atom NZ in residue LYS A 332
2024-02-28 14:07:18,589 WARNING:biomolecule.py:157:num_missing_heavy:Missing atom CD in residue LYS A 485
2024-02-28 14:07:18,589 WARNING:biomolecule.py:157:num_missing_heavy:Missing atom CE in residue LYS A 485
2024-02-28 14:07:18,589 WARNING:biomolecule.py:157:num_missing_heavy:Missing atom NZ in residue LYS A 485
2024-02-28 14:07:18,613 WARNING:biomolecule.py:157:num_missing_heavy:Missing atom CE in residue LYS B 72
2024-02-28 14:07:18,995 WARNING:biomolecule.py:157:num_missing_heavy:Missing atom NZ in residue LYS B 72
2024-02-28 14:07:18,996 WARNING:biomolecule.py:157:num_missing_heavy:Missing atom CD in residue LYS B 76
2024-02-28 14:07:18,996 WARNING:biomolecule.py:157:num_missing_heavy:Missing atom CE in residue LYS B 76
2024-02-28 14:07:18,996 WARNING:biomolecule.py:157:num_missing_heavy:Missing atom NZ in residue LYS B 76
2024-02-28 14:07:18,996 WARNING:biomolecule.py:157:num_missing_heavy:Missing atom CG in residue ARG B 94
2024-02-28 14:07:19,236 WARNING:biomolecule.py:157:num_missing_heavy:Missing atom CD in residue ARG B 94
2024-02-28 14:07:19,236 WARNING:biomolecule.py:157:num_missing_heavy:Missing atom NE in residue ARG B 94
2024-02-28 14:07:19,236 WARNING:biomolecule.py:157:num_missing_heavy:Missing atom CZ in residue ARG B 94
2024-02-28 14:07:19,236 WARNING:biomolecule.py:157:num_missing_heavy:Missing atom NH1 in residue ARG B 94
2024-02-28 14:07:19,236 WARNING:biomolecule.py:157:num_missing_heavy:Missing atom NH2 in residue ARG B 94
2024-02-28 14:07:19,236 WARNING:biomolecule.py:157:num_missing_heavy:Missing atom CB in residue GLU B 100
2024-02-28 14:07:19,236 WARNING:biomolecule.py:157:num_missing_heavy:Missing atom CG in residue GLU B 100
2024-02-28 14:07:19,236 WARNING:biomolecule.py:157:num_missing_heavy:Missing atom CD in residue GLU B 100
2024-02-28 14:07:19,236 WARNING:biomolecule.py:157:num_missing_heavy:Missing atom OE1 in residue GLU B 100
2024-02-28 14:07:19,236 WARNING:biomolecule.py:157:num_missing_heavy:Missing atom OE2 in residue GLU B 100
2024-02-28 14:07:19,236 WARNING:biomolecule.py:157:num_missing_heavy:Missing atom CD in residue LYS B 102
2024-02-28 14:07:19,236 WARNING:biomolecule.py:157:num_missing_heavy:Missing atom CE in residue LYS B 102
2024-02-28 14:07:19,236 WARNING:biomolecule.py:157:num_missing_heavy:Missing atom NZ in residue LYS B 102
2024-02-28 14:07:19,237 WARNING:biomolecule.py:157:num_missing_heavy:Missing atom CD in residue LYS B 135
2024-02-28 14:07:19,237 WARNING:biomolecule.py:157:num_missing_heavy:Missing atom CE in residue LYS B 135
2024-02-28 14:07:19,237 WARNING:biomolecule.py:157:num_missing_heavy:Missing atom NZ in residue LYS B 135
2024-02-28 14:07:19,237 WARNING:biomolecule.py:157:num_missing_heavy:Missing atom CE in residue LYS B 255
2024-02-28 14:07:19,237 WARNING:biomolecule.py:157:num_missing_heavy:Missing atom NZ in residue LYS B 255
2024-02-28 14:07:19,237 WARNING:biomolecule.py:157:num_missing_heavy:Missing atom CD in residue LYS B 273
2024-02-28 14:07:19,237 WARNING:biomolecule.py:157:num_missing_heavy:Missing atom CE in residue LYS B 273
2024-02-28 14:07:19,238 WARNING:biomolecule.py:157:num_missing_heavy:Missing atom NZ in residue LYS B 273
2024-02-28 14:07:19,238 WARNING:biomolecule.py:157:num_missing_heavy:Missing atom CB in residue ASN B 302
2024-02-28 14:07:19,238 WARNING:biomolecule.py:157:num_missing_heavy:Missing atom CG in residue ASN B 302
2024-02-28 14:07:19,238 WARNING:biomolecule.py:157:num_missing_heavy:Missing atom OD1 in residue ASN B 302
2024-02-28 14:07:19,238 WARNING:biomolecule.py:157:num_missing_heavy:Missing atom ND2 in residue ASN B 302
2024-02-28 14:07:19,238 WARNING:biomolecule.py:157:num_missing_heavy:Missing atom CD in residue LYS B 304
2024-02-28 14:07:19,238 WARNING:biomolecule.py:157:num_missing_heavy:Missing atom CE in residue LYS B 304
2024-02-28 14:07:19,238 WARNING:biomolecule.py:157:num_missing_heavy:Missing atom NZ in residue LYS B 304
2024-02-28 14:07:19,238 WARNING:biomolecule.py:157:num_missing_heavy:Missing atom CG in residue ARG B 329
2024-02-28 14:07:19,238 WARNING:biomolecule.py:157:num_missing_heavy:Missing atom CD in residue ARG B 329
2024-02-28 14:07:19,238 WARNING:biomolecule.py:157:num_missing_heavy:Missing atom NE in residue ARG B 329
2024-02-28 14:07:19,238 WARNING:biomolecule.py:157:num_missing_heavy:Missing atom CZ in residue ARG B 329
2024-02-28 14:07:19,238 WARNING:biomolecule.py:157:num_missing_heavy:Missing atom NH1 in residue ARG B 329
2024-02-28 14:07:19,238 WARNING:biomolecule.py:157:num_missing_heavy:Missing atom NH2 in residue ARG B 329
2024-02-28 14:07:19,238 WARNING:biomolecule.py:157:num_missing_heavy:Missing atom CB in residue GLU B 331
2024-02-28 14:07:19,238 WARNING:biomolecule.py:157:num_missing_heavy:Missing atom CG in residue GLU B 331
2024-02-28 14:07:19,238 WARNING:biomolecule.py:157:num_missing_heavy:Missing atom CD in residue GLU B 331
2024-02-28 14:07:19,238 WARNING:biomolecule.py:157:num_missing_heavy:Missing atom OE1 in residue GLU B 331
2024-02-28 14:07:19,238 WARNING:biomolecule.py:157:num_missing_heavy:Missing atom OE2 in residue GLU B 331
2024-02-28 14:07:19,238 WARNING:biomolecule.py:157:num_missing_heavy:Missing atom CB in residue LYS B 332
2024-02-28 14:07:19,238 WARNING:biomolecule.py:157:num_missing_heavy:Missing atom CG in residue LYS B 332
2024-02-28 14:07:19,238 WARNING:biomolecule.py:157:num_missing_heavy:Missing atom CD in residue LYS B 332
2024-02-28 14:07:19,239 WARNING:biomolecule.py:157:num_missing_heavy:Missing atom CE in residue LYS B 332
2024-02-28 14:07:19,239 WARNING:biomolecule.py:157:num_missing_heavy:Missing atom NZ in residue LYS B 332
2024-02-28 14:07:19,239 WARNING:biomolecule.py:157:num_missing_heavy:Missing atom CD in residue LYS B 485
2024-02-28 14:07:19,239 WARNING:biomolecule.py:157:num_missing_heavy:Missing atom CE in residue LYS B 485
2024-02-28 14:07:19,239 WARNING:biomolecule.py:157:num_missing_heavy:Missing atom NZ in residue LYS B 485
2024-02-28 14:07:24,255 WARNING:main.py:311:print_pqr:Ignoring 2052 header lines in output.
2024-02-28 14:07:24,256 WARNING:main.py:315:print_pqr:Ignoring 38 missing lines in output.
