2024-02-28 14:07:17,790 WARNING:biomolecule.py:992:create_residue:Unable to find amino or nucleic acid definition for CL.  Parsing as new residue.
2024-02-28 14:07:17,825 WARNING:biomolecule.py:992:create_residue:Unable to find amino or nucleic acid definition for CL.  Parsing as new residue.
2024-02-28 14:07:17,825 WARNING:biomolecule.py:992:create_residue:Unable to find amino or nucleic acid definition for Q50.  Parsing as new residue.
2024-02-28 14:07:17,894 WARNING:biomolecule.py:157:num_missing_heavy:Missing atom CG in residue GLU A 34
2024-02-28 14:07:17,894 WARNING:biomolecule.py:157:num_missing_heavy:Missing atom CD in residue GLU A 34
2024-02-28 14:07:17,894 WARNING:biomolecule.py:157:num_missing_heavy:Missing atom OE1 in residue GLU A 34
2024-02-28 14:07:17,895 WARNING:biomolecule.py:157:num_missing_heavy:Missing atom OE2 in residue GLU A 34
2024-02-28 14:07:17,895 WARNING:biomolecule.py:157:num_missing_heavy:Missing atom CB in residue ARG A 41
2024-02-28 14:07:17,895 WARNING:biomolecule.py:157:num_missing_heavy:Missing atom CG in residue ARG A 41
2024-02-28 14:07:17,895 WARNING:biomolecule.py:157:num_missing_heavy:Missing atom CD in residue ARG A 41
2024-02-28 14:07:17,895 WARNING:biomolecule.py:157:num_missing_heavy:Missing atom NE in residue ARG A 41
2024-02-28 14:07:17,895 WARNING:biomolecule.py:157:num_missing_heavy:Missing atom CZ in residue ARG A 41
2024-02-28 14:07:17,895 WARNING:biomolecule.py:157:num_missing_heavy:Missing atom NH1 in residue ARG A 41
2024-02-28 14:07:17,895 WARNING:biomolecule.py:157:num_missing_heavy:Missing atom NH2 in residue ARG A 41
2024-02-28 14:07:17,895 WARNING:biomolecule.py:157:num_missing_heavy:Missing atom CB in residue LYS A 43
2024-02-28 14:07:17,895 WARNING:biomolecule.py:157:num_missing_heavy:Missing atom CG in residue LYS A 43
2024-02-28 14:07:17,895 WARNING:biomolecule.py:157:num_missing_heavy:Missing atom CD in residue LYS A 43
2024-02-28 14:07:17,895 WARNING:biomolecule.py:157:num_missing_heavy:Missing atom CE in residue LYS A 43
2024-02-28 14:07:17,895 WARNING:biomolecule.py:157:num_missing_heavy:Missing atom NZ in residue LYS A 43
2024-02-28 14:07:17,895 WARNING:biomolecule.py:157:num_missing_heavy:Missing atom CG in residue LYS A 45
2024-02-28 14:07:17,895 WARNING:biomolecule.py:157:num_missing_heavy:Missing atom CD in residue LYS A 45
2024-02-28 14:07:17,895 WARNING:biomolecule.py:157:num_missing_heavy:Missing atom CE in residue LYS A 45
2024-02-28 14:07:17,895 WARNING:biomolecule.py:157:num_missing_heavy:Missing atom NZ in residue LYS A 45
2024-02-28 14:07:17,895 WARNING:biomolecule.py:157:num_missing_heavy:Missing atom CB in residue LYS A 55
2024-02-28 14:07:17,895 WARNING:biomolecule.py:157:num_missing_heavy:Missing atom CG in residue LYS A 55
2024-02-28 14:07:17,895 WARNING:biomolecule.py:157:num_missing_heavy:Missing atom CD in residue LYS A 55
2024-02-28 14:07:17,895 WARNING:biomolecule.py:157:num_missing_heavy:Missing atom CE in residue LYS A 55
2024-02-28 14:07:17,895 WARNING:biomolecule.py:157:num_missing_heavy:Missing atom NZ in residue LYS A 55
2024-02-28 14:07:17,896 WARNING:biomolecule.py:157:num_missing_heavy:Missing atom CB in residue ARG B 41
2024-02-28 14:07:17,896 WARNING:biomolecule.py:157:num_missing_heavy:Missing atom CG in residue ARG B 41
2024-02-28 14:07:17,896 WARNING:biomolecule.py:157:num_missing_heavy:Missing atom CD in residue ARG B 41
2024-02-28 14:07:17,896 WARNING:biomolecule.py:157:num_missing_heavy:Missing atom NE in residue ARG B 41
2024-02-28 14:07:17,896 WARNING:biomolecule.py:157:num_missing_heavy:Missing atom CZ in residue ARG B 41
2024-02-28 14:07:17,896 WARNING:biomolecule.py:157:num_missing_heavy:Missing atom NH1 in residue ARG B 41
2024-02-28 14:07:17,896 WARNING:biomolecule.py:157:num_missing_heavy:Missing atom NH2 in residue ARG B 41
2024-02-28 14:07:17,896 WARNING:biomolecule.py:157:num_missing_heavy:Missing atom CB in residue LYS B 43
2024-02-28 14:07:17,896 WARNING:biomolecule.py:157:num_missing_heavy:Missing atom CG in residue LYS B 43
2024-02-28 14:07:17,896 WARNING:biomolecule.py:157:num_missing_heavy:Missing atom CD in residue LYS B 43
2024-02-28 14:07:17,896 WARNING:biomolecule.py:157:num_missing_heavy:Missing atom CE in residue LYS B 43
2024-02-28 14:07:17,896 WARNING:biomolecule.py:157:num_missing_heavy:Missing atom NZ in residue LYS B 43
2024-02-28 14:07:17,896 WARNING:biomolecule.py:157:num_missing_heavy:Missing atom CG in residue LYS B 45
2024-02-28 14:07:17,896 WARNING:biomolecule.py:157:num_missing_heavy:Missing atom CD in residue LYS B 45
2024-02-28 14:07:17,896 WARNING:biomolecule.py:157:num_missing_heavy:Missing atom CE in residue LYS B 45
2024-02-28 14:07:17,896 WARNING:biomolecule.py:157:num_missing_heavy:Missing atom NZ in residue LYS B 45
2024-02-28 14:07:17,896 WARNING:biomolecule.py:157:num_missing_heavy:Missing atom CB in residue LYS B 55
2024-02-28 14:07:17,896 WARNING:biomolecule.py:157:num_missing_heavy:Missing atom CG in residue LYS B 55
2024-02-28 14:07:17,896 WARNING:biomolecule.py:157:num_missing_heavy:Missing atom CD in residue LYS B 55
2024-02-28 14:07:17,896 WARNING:biomolecule.py:157:num_missing_heavy:Missing atom CE in residue LYS B 55
2024-02-28 14:07:17,896 WARNING:biomolecule.py:157:num_missing_heavy:Missing atom NZ in residue LYS B 55
2024-02-28 14:07:17,897 WARNING:biomolecule.py:157:num_missing_heavy:Missing atom CG in residue GLU A 34
2024-02-28 14:07:17,897 WARNING:biomolecule.py:157:num_missing_heavy:Missing atom CD in residue GLU A 34
2024-02-28 14:07:17,897 WARNING:biomolecule.py:157:num_missing_heavy:Missing atom OE1 in residue GLU A 34
2024-02-28 14:07:17,897 WARNING:biomolecule.py:157:num_missing_heavy:Missing atom OE2 in residue GLU A 34
2024-02-28 14:07:17,897 WARNING:biomolecule.py:157:num_missing_heavy:Missing atom CB in residue ARG A 41
2024-02-28 14:07:17,897 WARNING:biomolecule.py:157:num_missing_heavy:Missing atom CG in residue ARG A 41
2024-02-28 14:07:17,897 WARNING:biomolecule.py:157:num_missing_heavy:Missing atom CD in residue ARG A 41
2024-02-28 14:07:17,897 WARNING:biomolecule.py:157:num_missing_heavy:Missing atom NE in residue ARG A 41
2024-02-28 14:07:17,897 WARNING:biomolecule.py:157:num_missing_heavy:Missing atom CZ in residue ARG A 41
2024-02-28 14:07:17,897 WARNING:biomolecule.py:157:num_missing_heavy:Missing atom NH1 in residue ARG A 41
2024-02-28 14:07:17,897 WARNING:biomolecule.py:157:num_missing_heavy:Missing atom NH2 in residue ARG A 41
2024-02-28 14:07:18,292 WARNING:biomolecule.py:157:num_missing_heavy:Missing atom CB in residue LYS A 43
2024-02-28 14:07:18,292 WARNING:biomolecule.py:157:num_missing_heavy:Missing atom CG in residue LYS A 43
2024-02-28 14:07:18,292 WARNING:biomolecule.py:157:num_missing_heavy:Missing atom CD in residue LYS A 43
2024-02-28 14:07:18,292 WARNING:biomolecule.py:157:num_missing_heavy:Missing atom CE in residue LYS A 43
2024-02-28 14:07:18,292 WARNING:biomolecule.py:157:num_missing_heavy:Missing atom NZ in residue LYS A 43
2024-02-28 14:07:18,292 WARNING:biomolecule.py:157:num_missing_heavy:Missing atom CG in residue LYS A 45
2024-02-28 14:07:18,292 WARNING:biomolecule.py:157:num_missing_heavy:Missing atom CD in residue LYS A 45
2024-02-28 14:07:18,292 WARNING:biomolecule.py:157:num_missing_heavy:Missing atom CE in residue LYS A 45
2024-02-28 14:07:18,292 WARNING:biomolecule.py:157:num_missing_heavy:Missing atom NZ in residue LYS A 45
2024-02-28 14:07:18,292 WARNING:biomolecule.py:157:num_missing_heavy:Missing atom CB in residue LYS A 55
2024-02-28 14:07:18,292 WARNING:biomolecule.py:157:num_missing_heavy:Missing atom CG in residue LYS A 55
2024-02-28 14:07:18,292 WARNING:biomolecule.py:157:num_missing_heavy:Missing atom CD in residue LYS A 55
2024-02-28 14:07:18,292 WARNING:biomolecule.py:157:num_missing_heavy:Missing atom CE in residue LYS A 55
2024-02-28 14:07:18,292 WARNING:biomolecule.py:157:num_missing_heavy:Missing atom NZ in residue LYS A 55
2024-02-28 14:07:18,293 WARNING:biomolecule.py:157:num_missing_heavy:Missing atom CB in residue ARG B 41
2024-02-28 14:07:18,293 WARNING:biomolecule.py:157:num_missing_heavy:Missing atom CG in residue ARG B 41
2024-02-28 14:07:18,293 WARNING:biomolecule.py:157:num_missing_heavy:Missing atom CD in residue ARG B 41
2024-02-28 14:07:18,293 WARNING:biomolecule.py:157:num_missing_heavy:Missing atom NE in residue ARG B 41
2024-02-28 14:07:18,293 WARNING:biomolecule.py:157:num_missing_heavy:Missing atom CZ in residue ARG B 41
2024-02-28 14:07:18,293 WARNING:biomolecule.py:157:num_missing_heavy:Missing atom NH1 in residue ARG B 41
2024-02-28 14:07:18,293 WARNING:biomolecule.py:157:num_missing_heavy:Missing atom NH2 in residue ARG B 41
2024-02-28 14:07:18,293 WARNING:biomolecule.py:157:num_missing_heavy:Missing atom CB in residue LYS B 43
2024-02-28 14:07:18,293 WARNING:biomolecule.py:157:num_missing_heavy:Missing atom CG in residue LYS B 43
2024-02-28 14:07:18,293 WARNING:biomolecule.py:157:num_missing_heavy:Missing atom CD in residue LYS B 43
2024-02-28 14:07:18,293 WARNING:biomolecule.py:157:num_missing_heavy:Missing atom CE in residue LYS B 43
2024-02-28 14:07:18,293 WARNING:biomolecule.py:157:num_missing_heavy:Missing atom NZ in residue LYS B 43
2024-02-28 14:07:18,293 WARNING:biomolecule.py:157:num_missing_heavy:Missing atom CG in residue LYS B 45
2024-02-28 14:07:18,293 WARNING:biomolecule.py:157:num_missing_heavy:Missing atom CD in residue LYS B 45
2024-02-28 14:07:18,293 WARNING:biomolecule.py:157:num_missing_heavy:Missing atom CE in residue LYS B 45
2024-02-28 14:07:18,294 WARNING:biomolecule.py:157:num_missing_heavy:Missing atom NZ in residue LYS B 45
2024-02-28 14:07:18,294 WARNING:biomolecule.py:157:num_missing_heavy:Missing atom CB in residue LYS B 55
2024-02-28 14:07:18,294 WARNING:biomolecule.py:157:num_missing_heavy:Missing atom CG in residue LYS B 55
2024-02-28 14:07:18,294 WARNING:biomolecule.py:157:num_missing_heavy:Missing atom CD in residue LYS B 55
2024-02-28 14:07:18,294 WARNING:biomolecule.py:157:num_missing_heavy:Missing atom CE in residue LYS B 55
2024-02-28 14:07:18,294 WARNING:biomolecule.py:157:num_missing_heavy:Missing atom NZ in residue LYS B 55
2024-02-28 14:07:18,294 WARNING:biomolecule.py:157:num_missing_heavy:Missing atom CG in residue GLU A 34
2024-02-28 14:07:18,294 WARNING:biomolecule.py:157:num_missing_heavy:Missing atom CD in residue GLU A 34
2024-02-28 14:07:18,294 WARNING:biomolecule.py:157:num_missing_heavy:Missing atom OE1 in residue GLU A 34
2024-02-28 14:07:18,294 WARNING:biomolecule.py:157:num_missing_heavy:Missing atom OE2 in residue GLU A 34
2024-02-28 14:07:18,294 WARNING:biomolecule.py:157:num_missing_heavy:Missing atom CB in residue ARG A 41
2024-02-28 14:07:18,294 WARNING:biomolecule.py:157:num_missing_heavy:Missing atom CG in residue ARG A 41
2024-02-28 14:07:18,294 WARNING:biomolecule.py:157:num_missing_heavy:Missing atom CD in residue ARG A 41
2024-02-28 14:07:18,294 WARNING:biomolecule.py:157:num_missing_heavy:Missing atom NE in residue ARG A 41
2024-02-28 14:07:18,294 WARNING:biomolecule.py:157:num_missing_heavy:Missing atom CZ in residue ARG A 41
2024-02-28 14:07:18,295 WARNING:biomolecule.py:157:num_missing_heavy:Missing atom NH1 in residue ARG A 41
2024-02-28 14:07:18,295 WARNING:biomolecule.py:157:num_missing_heavy:Missing atom NH2 in residue ARG A 41
2024-02-28 14:07:18,295 WARNING:biomolecule.py:157:num_missing_heavy:Missing atom CB in residue LYS A 43
2024-02-28 14:07:18,295 WARNING:biomolecule.py:157:num_missing_heavy:Missing atom CG in residue LYS A 43
2024-02-28 14:07:18,295 WARNING:biomolecule.py:157:num_missing_heavy:Missing atom CD in residue LYS A 43
2024-02-28 14:07:18,295 WARNING:biomolecule.py:157:num_missing_heavy:Missing atom CE in residue LYS A 43
2024-02-28 14:07:18,295 WARNING:biomolecule.py:157:num_missing_heavy:Missing atom NZ in residue LYS A 43
2024-02-28 14:07:18,295 WARNING:biomolecule.py:157:num_missing_heavy:Missing atom CG in residue LYS A 45
2024-02-28 14:07:18,295 WARNING:biomolecule.py:157:num_missing_heavy:Missing atom CD in residue LYS A 45
2024-02-28 14:07:18,295 WARNING:biomolecule.py:157:num_missing_heavy:Missing atom CE in residue LYS A 45
2024-02-28 14:07:18,295 WARNING:biomolecule.py:157:num_missing_heavy:Missing atom NZ in residue LYS A 45
2024-02-28 14:07:18,295 WARNING:biomolecule.py:157:num_missing_heavy:Missing atom CB in residue LYS A 55
2024-02-28 14:07:18,295 WARNING:biomolecule.py:157:num_missing_heavy:Missing atom CG in residue LYS A 55
2024-02-28 14:07:18,295 WARNING:biomolecule.py:157:num_missing_heavy:Missing atom CD in residue LYS A 55
2024-02-28 14:07:18,295 WARNING:biomolecule.py:157:num_missing_heavy:Missing atom CE in residue LYS A 55
2024-02-28 14:07:18,295 WARNING:biomolecule.py:157:num_missing_heavy:Missing atom NZ in residue LYS A 55
2024-02-28 14:07:18,296 WARNING:biomolecule.py:157:num_missing_heavy:Missing atom CB in residue ARG B 41
2024-02-28 14:07:18,296 WARNING:biomolecule.py:157:num_missing_heavy:Missing atom CG in residue ARG B 41
2024-02-28 14:07:18,296 WARNING:biomolecule.py:157:num_missing_heavy:Missing atom CD in residue ARG B 41
2024-02-28 14:07:18,296 WARNING:biomolecule.py:157:num_missing_heavy:Missing atom NE in residue ARG B 41
2024-02-28 14:07:18,296 WARNING:biomolecule.py:157:num_missing_heavy:Missing atom CZ in residue ARG B 41
2024-02-28 14:07:18,296 WARNING:biomolecule.py:157:num_missing_heavy:Missing atom NH1 in residue ARG B 41
2024-02-28 14:07:18,296 WARNING:biomolecule.py:157:num_missing_heavy:Missing atom NH2 in residue ARG B 41
2024-02-28 14:07:18,296 WARNING:biomolecule.py:157:num_missing_heavy:Missing atom CB in residue LYS B 43
2024-02-28 14:07:18,296 WARNING:biomolecule.py:157:num_missing_heavy:Missing atom CG in residue LYS B 43
2024-02-28 14:07:18,296 WARNING:biomolecule.py:157:num_missing_heavy:Missing atom CD in residue LYS B 43
2024-02-28 14:07:18,296 WARNING:biomolecule.py:157:num_missing_heavy:Missing atom CE in residue LYS B 43
2024-02-28 14:07:18,296 WARNING:biomolecule.py:157:num_missing_heavy:Missing atom NZ in residue LYS B 43
2024-02-28 14:07:18,296 WARNING:biomolecule.py:157:num_missing_heavy:Missing atom CG in residue LYS B 45
2024-02-28 14:07:18,296 WARNING:biomolecule.py:157:num_missing_heavy:Missing atom CD in residue LYS B 45
2024-02-28 14:07:18,296 WARNING:biomolecule.py:157:num_missing_heavy:Missing atom CE in residue LYS B 45
2024-02-28 14:07:18,296 WARNING:biomolecule.py:157:num_missing_heavy:Missing atom NZ in residue LYS B 45
2024-02-28 14:07:18,296 WARNING:biomolecule.py:157:num_missing_heavy:Missing atom CB in residue LYS B 55
2024-02-28 14:07:18,296 WARNING:biomolecule.py:157:num_missing_heavy:Missing atom CG in residue LYS B 55
2024-02-28 14:07:18,296 WARNING:biomolecule.py:157:num_missing_heavy:Missing atom CD in residue LYS B 55
2024-02-28 14:07:18,296 WARNING:biomolecule.py:157:num_missing_heavy:Missing atom CE in residue LYS B 55
2024-02-28 14:07:18,296 WARNING:biomolecule.py:157:num_missing_heavy:Missing atom NZ in residue LYS B 55
2024-02-28 14:07:20,333 WARNING:main.py:311:print_pqr:Ignoring 2563 header lines in output.
2024-02-28 14:07:20,334 WARNING:main.py:315:print_pqr:Ignoring 52 missing lines in output.
