2024-02-28 14:07:16,887 WARNING:biomolecule.py:992:create_residue:Unable to find amino or nucleic acid definition for NST.  Parsing as new residue.
2024-02-28 14:07:16,934 WARNING:biomolecule.py:615:update_bonds:Gap in backbone detected between PRO A 277 and ALA A 294!
2024-02-28 14:07:16,964 WARNING:biomolecule.py:157:num_missing_heavy:Missing atom CG in residue GLU A 21
2024-02-28 14:07:16,964 WARNING:biomolecule.py:157:num_missing_heavy:Missing atom CD in residue GLU A 21
2024-02-28 14:07:16,964 WARNING:biomolecule.py:157:num_missing_heavy:Missing atom OE1 in residue GLU A 21
2024-02-28 14:07:16,964 WARNING:biomolecule.py:157:num_missing_heavy:Missing atom OE2 in residue GLU A 21
2024-02-28 14:07:16,964 WARNING:biomolecule.py:157:num_missing_heavy:Missing atom CG in residue GLN A 22
2024-02-28 14:07:16,964 WARNING:biomolecule.py:157:num_missing_heavy:Missing atom CD in residue GLN A 22
2024-02-28 14:07:16,964 WARNING:biomolecule.py:157:num_missing_heavy:Missing atom OE1 in residue GLN A 22
2024-02-28 14:07:16,964 WARNING:biomolecule.py:157:num_missing_heavy:Missing atom NE2 in residue GLN A 22
2024-02-28 14:07:16,964 WARNING:biomolecule.py:157:num_missing_heavy:Missing atom CG in residue LYS A 24
2024-02-28 14:07:16,964 WARNING:biomolecule.py:157:num_missing_heavy:Missing atom CD in residue LYS A 24
2024-02-28 14:07:16,964 WARNING:biomolecule.py:157:num_missing_heavy:Missing atom CE in residue LYS A 24
2024-02-28 14:07:16,964 WARNING:biomolecule.py:157:num_missing_heavy:Missing atom NZ in residue LYS A 24
2024-02-28 14:07:16,964 WARNING:biomolecule.py:157:num_missing_heavy:Missing atom CG in residue LYS A 37
2024-02-28 14:07:16,964 WARNING:biomolecule.py:157:num_missing_heavy:Missing atom CD in residue LYS A 37
2024-02-28 14:07:16,964 WARNING:biomolecule.py:157:num_missing_heavy:Missing atom CE in residue LYS A 37
2024-02-28 14:07:16,964 WARNING:biomolecule.py:157:num_missing_heavy:Missing atom NZ in residue LYS A 37
2024-02-28 14:07:16,965 WARNING:biomolecule.py:157:num_missing_heavy:Missing atom CG in residue LYS A 99
2024-02-28 14:07:16,965 WARNING:biomolecule.py:157:num_missing_heavy:Missing atom CD in residue LYS A 99
2024-02-28 14:07:16,965 WARNING:biomolecule.py:157:num_missing_heavy:Missing atom CE in residue LYS A 99
2024-02-28 14:07:16,975 WARNING:biomolecule.py:157:num_missing_heavy:Missing atom NZ in residue LYS A 99
2024-02-28 14:07:16,976 WARNING:biomolecule.py:157:num_missing_heavy:Missing atom CG in residue GLU A 124
2024-02-28 14:07:16,976 WARNING:biomolecule.py:157:num_missing_heavy:Missing atom CD in residue GLU A 124
2024-02-28 14:07:16,976 WARNING:biomolecule.py:157:num_missing_heavy:Missing atom OE1 in residue GLU A 124
2024-02-28 14:07:16,976 WARNING:biomolecule.py:157:num_missing_heavy:Missing atom OE2 in residue GLU A 124
2024-02-28 14:07:16,976 WARNING:biomolecule.py:157:num_missing_heavy:Missing atom CG in residue LYS A 126
2024-02-28 14:07:16,976 WARNING:biomolecule.py:157:num_missing_heavy:Missing atom CD in residue LYS A 126
2024-02-28 14:07:16,976 WARNING:biomolecule.py:157:num_missing_heavy:Missing atom CE in residue LYS A 126
2024-02-28 14:07:16,976 WARNING:biomolecule.py:157:num_missing_heavy:Missing atom NZ in residue LYS A 126
2024-02-28 14:07:16,976 WARNING:biomolecule.py:157:num_missing_heavy:Missing atom CG in residue LYS A 207
2024-02-28 14:07:16,982 WARNING:biomolecule.py:157:num_missing_heavy:Missing atom CD in residue LYS A 207
2024-02-28 14:07:16,983 WARNING:biomolecule.py:157:num_missing_heavy:Missing atom CE in residue LYS A 207
2024-02-28 14:07:16,983 WARNING:biomolecule.py:157:num_missing_heavy:Missing atom NZ in residue LYS A 207
2024-02-28 14:07:16,983 WARNING:biomolecule.py:157:num_missing_heavy:Missing atom CB in residue ASN A 244
2024-02-28 14:07:16,983 WARNING:biomolecule.py:157:num_missing_heavy:Missing atom CG in residue ASN A 244
2024-02-28 14:07:16,983 WARNING:biomolecule.py:157:num_missing_heavy:Missing atom OD1 in residue ASN A 244
2024-02-28 14:07:16,983 WARNING:biomolecule.py:157:num_missing_heavy:Missing atom ND2 in residue ASN A 244
2024-02-28 14:07:16,983 WARNING:biomolecule.py:157:num_missing_heavy:Missing atom CG in residue GLU A 245
2024-02-28 14:07:16,983 WARNING:biomolecule.py:157:num_missing_heavy:Missing atom CD in residue GLU A 245
2024-02-28 14:07:16,983 WARNING:biomolecule.py:157:num_missing_heavy:Missing atom OE1 in residue GLU A 245
2024-02-28 14:07:16,983 WARNING:biomolecule.py:157:num_missing_heavy:Missing atom OE2 in residue GLU A 245
2024-02-28 14:07:16,983 WARNING:biomolecule.py:157:num_missing_heavy:Missing atom CG in residue LYS A 246
2024-02-28 14:07:16,983 WARNING:biomolecule.py:157:num_missing_heavy:Missing atom CD in residue LYS A 246
2024-02-28 14:07:16,983 WARNING:biomolecule.py:157:num_missing_heavy:Missing atom CE in residue LYS A 246
2024-02-28 14:07:16,983 WARNING:biomolecule.py:157:num_missing_heavy:Missing atom NZ in residue LYS A 246
2024-02-28 14:07:16,984 WARNING:biomolecule.py:157:num_missing_heavy:Missing atom CG in residue GLN B 7
2024-02-28 14:07:16,984 WARNING:biomolecule.py:157:num_missing_heavy:Missing atom CD in residue GLN B 7
2024-02-28 14:07:16,984 WARNING:biomolecule.py:157:num_missing_heavy:Missing atom OE1 in residue GLN B 7
2024-02-28 14:07:16,984 WARNING:biomolecule.py:157:num_missing_heavy:Missing atom NE2 in residue GLN B 7
2024-02-28 14:07:16,984 WARNING:biomolecule.py:157:num_missing_heavy:Missing atom CG in residue LYS B 37
2024-02-28 14:07:16,984 WARNING:biomolecule.py:157:num_missing_heavy:Missing atom CD in residue LYS B 37
2024-02-28 14:07:16,984 WARNING:biomolecule.py:157:num_missing_heavy:Missing atom CE in residue LYS B 37
2024-02-28 14:07:16,984 WARNING:biomolecule.py:157:num_missing_heavy:Missing atom NZ in residue LYS B 37
2024-02-28 14:07:16,984 WARNING:biomolecule.py:157:num_missing_heavy:Missing atom CG in residue GLN B 52
2024-02-28 14:07:16,984 WARNING:biomolecule.py:157:num_missing_heavy:Missing atom CD in residue GLN B 52
2024-02-28 14:07:16,984 WARNING:biomolecule.py:157:num_missing_heavy:Missing atom OE1 in residue GLN B 52
2024-02-28 14:07:16,984 WARNING:biomolecule.py:157:num_missing_heavy:Missing atom NE2 in residue GLN B 52
2024-02-28 14:07:16,984 WARNING:biomolecule.py:157:num_missing_heavy:Missing atom CG in residue GLN B 57
2024-02-28 14:07:16,985 WARNING:biomolecule.py:157:num_missing_heavy:Missing atom CD in residue GLN B 57
2024-02-28 14:07:16,985 WARNING:biomolecule.py:157:num_missing_heavy:Missing atom OE1 in residue GLN B 57
2024-02-28 14:07:16,985 WARNING:biomolecule.py:157:num_missing_heavy:Missing atom NE2 in residue GLN B 57
2024-02-28 14:07:16,985 WARNING:biomolecule.py:157:num_missing_heavy:Missing atom CG in residue ASP B 123
2024-02-28 14:07:16,985 WARNING:biomolecule.py:157:num_missing_heavy:Missing atom OD1 in residue ASP B 123
2024-02-28 14:07:16,985 WARNING:biomolecule.py:157:num_missing_heavy:Missing atom OD2 in residue ASP B 123
2024-02-28 14:07:16,986 WARNING:biomolecule.py:157:num_missing_heavy:Missing atom CG in residue GLU B 205
2024-02-28 14:07:16,986 WARNING:biomolecule.py:157:num_missing_heavy:Missing atom CD in residue GLU B 205
2024-02-28 14:07:16,986 WARNING:biomolecule.py:157:num_missing_heavy:Missing atom OE1 in residue GLU B 205
2024-02-28 14:07:16,986 WARNING:biomolecule.py:157:num_missing_heavy:Missing atom OE2 in residue GLU B 205
2024-02-28 14:07:16,986 WARNING:biomolecule.py:157:num_missing_heavy:Missing atom CG in residue LYS B 207
2024-02-28 14:07:16,986 WARNING:biomolecule.py:157:num_missing_heavy:Missing atom CD in residue LYS B 207
2024-02-28 14:07:16,986 WARNING:biomolecule.py:157:num_missing_heavy:Missing atom CE in residue LYS B 207
2024-02-28 14:07:16,986 WARNING:biomolecule.py:157:num_missing_heavy:Missing atom NZ in residue LYS B 207
2024-02-28 14:07:16,986 WARNING:biomolecule.py:157:num_missing_heavy:Missing atom CB in residue ASN B 244
2024-02-28 14:07:16,986 WARNING:biomolecule.py:157:num_missing_heavy:Missing atom CG in residue ASN B 244
2024-02-28 14:07:16,986 WARNING:biomolecule.py:157:num_missing_heavy:Missing atom OD1 in residue ASN B 244
2024-02-28 14:07:16,986 WARNING:biomolecule.py:157:num_missing_heavy:Missing atom ND2 in residue ASN B 244
2024-02-28 14:07:16,986 WARNING:biomolecule.py:157:num_missing_heavy:Missing atom CG in residue LYS B 246
2024-02-28 14:07:16,986 WARNING:biomolecule.py:157:num_missing_heavy:Missing atom CD in residue LYS B 246
2024-02-28 14:07:16,986 WARNING:biomolecule.py:157:num_missing_heavy:Missing atom CE in residue LYS B 246
2024-02-28 14:07:16,986 WARNING:biomolecule.py:157:num_missing_heavy:Missing atom NZ in residue LYS B 246
2024-02-28 14:07:16,986 WARNING:biomolecule.py:157:num_missing_heavy:Missing atom CG in residue LYS B 290
2024-02-28 14:07:16,986 WARNING:biomolecule.py:157:num_missing_heavy:Missing atom CD in residue LYS B 290
2024-02-28 14:07:16,987 WARNING:biomolecule.py:157:num_missing_heavy:Missing atom CE in residue LYS B 290
2024-02-28 14:07:16,987 WARNING:biomolecule.py:157:num_missing_heavy:Missing atom NZ in residue LYS B 290
2024-02-28 14:07:16,987 WARNING:biomolecule.py:157:num_missing_heavy:Missing atom CG in residue GLU A 21
2024-02-28 14:07:16,987 WARNING:biomolecule.py:157:num_missing_heavy:Missing atom CD in residue GLU A 21
2024-02-28 14:07:16,987 WARNING:biomolecule.py:157:num_missing_heavy:Missing atom OE1 in residue GLU A 21
2024-02-28 14:07:16,987 WARNING:biomolecule.py:157:num_missing_heavy:Missing atom OE2 in residue GLU A 21
2024-02-28 14:07:16,987 WARNING:biomolecule.py:157:num_missing_heavy:Missing atom CG in residue GLN A 22
2024-02-28 14:07:16,987 WARNING:biomolecule.py:157:num_missing_heavy:Missing atom CD in residue GLN A 22
2024-02-28 14:07:16,987 WARNING:biomolecule.py:157:num_missing_heavy:Missing atom OE1 in residue GLN A 22
2024-02-28 14:07:16,987 WARNING:biomolecule.py:157:num_missing_heavy:Missing atom NE2 in residue GLN A 22
2024-02-28 14:07:16,987 WARNING:biomolecule.py:157:num_missing_heavy:Missing atom CG in residue LYS A 24
2024-02-28 14:07:16,987 WARNING:biomolecule.py:157:num_missing_heavy:Missing atom CD in residue LYS A 24
2024-02-28 14:07:16,987 WARNING:biomolecule.py:157:num_missing_heavy:Missing atom CE in residue LYS A 24
2024-02-28 14:07:16,987 WARNING:biomolecule.py:157:num_missing_heavy:Missing atom NZ in residue LYS A 24
2024-02-28 14:07:16,987 WARNING:biomolecule.py:157:num_missing_heavy:Missing atom CG in residue LYS A 37
2024-02-28 14:07:16,988 WARNING:biomolecule.py:157:num_missing_heavy:Missing atom CD in residue LYS A 37
2024-02-28 14:07:16,988 WARNING:biomolecule.py:157:num_missing_heavy:Missing atom CE in residue LYS A 37
2024-02-28 14:07:16,988 WARNING:biomolecule.py:157:num_missing_heavy:Missing atom NZ in residue LYS A 37
2024-02-28 14:07:16,988 WARNING:biomolecule.py:157:num_missing_heavy:Missing atom CG in residue LYS A 99
2024-02-28 14:07:16,988 WARNING:biomolecule.py:157:num_missing_heavy:Missing atom CD in residue LYS A 99
2024-02-28 14:07:16,988 WARNING:biomolecule.py:157:num_missing_heavy:Missing atom CE in residue LYS A 99
2024-02-28 14:07:16,988 WARNING:biomolecule.py:157:num_missing_heavy:Missing atom NZ in residue LYS A 99
2024-02-28 14:07:16,988 WARNING:biomolecule.py:157:num_missing_heavy:Missing atom CG in residue GLU A 124
2024-02-28 14:07:16,988 WARNING:biomolecule.py:157:num_missing_heavy:Missing atom CD in residue GLU A 124
2024-02-28 14:07:16,988 WARNING:biomolecule.py:157:num_missing_heavy:Missing atom OE1 in residue GLU A 124
2024-02-28 14:07:16,988 WARNING:biomolecule.py:157:num_missing_heavy:Missing atom OE2 in residue GLU A 124
2024-02-28 14:07:16,988 WARNING:biomolecule.py:157:num_missing_heavy:Missing atom CG in residue LYS A 126
2024-02-28 14:07:16,988 WARNING:biomolecule.py:157:num_missing_heavy:Missing atom CD in residue LYS A 126
2024-02-28 14:07:16,988 WARNING:biomolecule.py:157:num_missing_heavy:Missing atom CE in residue LYS A 126
2024-02-28 14:07:16,988 WARNING:biomolecule.py:157:num_missing_heavy:Missing atom NZ in residue LYS A 126
2024-02-28 14:07:16,989 WARNING:biomolecule.py:157:num_missing_heavy:Missing atom CG in residue LYS A 207
2024-02-28 14:07:16,989 WARNING:biomolecule.py:157:num_missing_heavy:Missing atom CD in residue LYS A 207
2024-02-28 14:07:16,989 WARNING:biomolecule.py:157:num_missing_heavy:Missing atom CE in residue LYS A 207
2024-02-28 14:07:16,989 WARNING:biomolecule.py:157:num_missing_heavy:Missing atom NZ in residue LYS A 207
2024-02-28 14:07:16,999 WARNING:biomolecule.py:157:num_missing_heavy:Missing atom CB in residue ASN A 244
2024-02-28 14:07:16,999 WARNING:biomolecule.py:157:num_missing_heavy:Missing atom CG in residue ASN A 244
2024-02-28 14:07:16,999 WARNING:biomolecule.py:157:num_missing_heavy:Missing atom OD1 in residue ASN A 244
2024-02-28 14:07:16,999 WARNING:biomolecule.py:157:num_missing_heavy:Missing atom ND2 in residue ASN A 244
2024-02-28 14:07:16,999 WARNING:biomolecule.py:157:num_missing_heavy:Missing atom CG in residue GLU A 245
2024-02-28 14:07:16,999 WARNING:biomolecule.py:157:num_missing_heavy:Missing atom CD in residue GLU A 245
2024-02-28 14:07:16,999 WARNING:biomolecule.py:157:num_missing_heavy:Missing atom OE1 in residue GLU A 245
2024-02-28 14:07:16,999 WARNING:biomolecule.py:157:num_missing_heavy:Missing atom OE2 in residue GLU A 245
2024-02-28 14:07:16,999 WARNING:biomolecule.py:157:num_missing_heavy:Missing atom CG in residue LYS A 246
2024-02-28 14:07:16,999 WARNING:biomolecule.py:157:num_missing_heavy:Missing atom CD in residue LYS A 246
2024-02-28 14:07:16,999 WARNING:biomolecule.py:157:num_missing_heavy:Missing atom CE in residue LYS A 246
2024-02-28 14:07:16,999 WARNING:biomolecule.py:157:num_missing_heavy:Missing atom NZ in residue LYS A 246
2024-02-28 14:07:17,000 WARNING:biomolecule.py:157:num_missing_heavy:Missing atom CG in residue GLN B 7
2024-02-28 14:07:17,000 WARNING:biomolecule.py:157:num_missing_heavy:Missing atom CD in residue GLN B 7
2024-02-28 14:07:17,000 WARNING:biomolecule.py:157:num_missing_heavy:Missing atom OE1 in residue GLN B 7
2024-02-28 14:07:17,000 WARNING:biomolecule.py:157:num_missing_heavy:Missing atom NE2 in residue GLN B 7
2024-02-28 14:07:17,000 WARNING:biomolecule.py:157:num_missing_heavy:Missing atom CG in residue LYS B 37
2024-02-28 14:07:17,001 WARNING:biomolecule.py:157:num_missing_heavy:Missing atom CD in residue LYS B 37
2024-02-28 14:07:17,001 WARNING:biomolecule.py:157:num_missing_heavy:Missing atom CE in residue LYS B 37
2024-02-28 14:07:17,001 WARNING:biomolecule.py:157:num_missing_heavy:Missing atom NZ in residue LYS B 37
2024-02-28 14:07:17,001 WARNING:biomolecule.py:157:num_missing_heavy:Missing atom CG in residue GLN B 52
2024-02-28 14:07:17,001 WARNING:biomolecule.py:157:num_missing_heavy:Missing atom CD in residue GLN B 52
2024-02-28 14:07:17,001 WARNING:biomolecule.py:157:num_missing_heavy:Missing atom OE1 in residue GLN B 52
2024-02-28 14:07:17,001 WARNING:biomolecule.py:157:num_missing_heavy:Missing atom NE2 in residue GLN B 52
2024-02-28 14:07:17,001 WARNING:biomolecule.py:157:num_missing_heavy:Missing atom CG in residue GLN B 57
2024-02-28 14:07:17,001 WARNING:biomolecule.py:157:num_missing_heavy:Missing atom CD in residue GLN B 57
2024-02-28 14:07:17,001 WARNING:biomolecule.py:157:num_missing_heavy:Missing atom OE1 in residue GLN B 57
2024-02-28 14:07:17,001 WARNING:biomolecule.py:157:num_missing_heavy:Missing atom NE2 in residue GLN B 57
2024-02-28 14:07:17,002 WARNING:biomolecule.py:157:num_missing_heavy:Missing atom CG in residue ASP B 123
2024-02-28 14:07:17,002 WARNING:biomolecule.py:157:num_missing_heavy:Missing atom OD1 in residue ASP B 123
2024-02-28 14:07:17,002 WARNING:biomolecule.py:157:num_missing_heavy:Missing atom OD2 in residue ASP B 123
2024-02-28 14:07:17,002 WARNING:biomolecule.py:157:num_missing_heavy:Missing atom CG in residue GLU B 205
2024-02-28 14:07:17,002 WARNING:biomolecule.py:157:num_missing_heavy:Missing atom CD in residue GLU B 205
2024-02-28 14:07:17,002 WARNING:biomolecule.py:157:num_missing_heavy:Missing atom OE1 in residue GLU B 205
2024-02-28 14:07:17,002 WARNING:biomolecule.py:157:num_missing_heavy:Missing atom OE2 in residue GLU B 205
2024-02-28 14:07:17,004 WARNING:biomolecule.py:157:num_missing_heavy:Missing atom CG in residue LYS B 207
2024-02-28 14:07:17,004 WARNING:biomolecule.py:157:num_missing_heavy:Missing atom CD in residue LYS B 207
2024-02-28 14:07:17,004 WARNING:biomolecule.py:157:num_missing_heavy:Missing atom CE in residue LYS B 207
2024-02-28 14:07:17,004 WARNING:biomolecule.py:157:num_missing_heavy:Missing atom NZ in residue LYS B 207
2024-02-28 14:07:17,004 WARNING:biomolecule.py:157:num_missing_heavy:Missing atom CB in residue ASN B 244
2024-02-28 14:07:17,004 WARNING:biomolecule.py:157:num_missing_heavy:Missing atom CG in residue ASN B 244
2024-02-28 14:07:17,004 WARNING:biomolecule.py:157:num_missing_heavy:Missing atom OD1 in residue ASN B 244
2024-02-28 14:07:17,004 WARNING:biomolecule.py:157:num_missing_heavy:Missing atom ND2 in residue ASN B 244
2024-02-28 14:07:17,005 WARNING:biomolecule.py:157:num_missing_heavy:Missing atom CG in residue LYS B 246
2024-02-28 14:07:17,006 WARNING:biomolecule.py:157:num_missing_heavy:Missing atom CD in residue LYS B 246
2024-02-28 14:07:17,007 WARNING:biomolecule.py:157:num_missing_heavy:Missing atom CE in residue LYS B 246
2024-02-28 14:07:17,007 WARNING:biomolecule.py:157:num_missing_heavy:Missing atom NZ in residue LYS B 246
2024-02-28 14:07:17,008 WARNING:biomolecule.py:157:num_missing_heavy:Missing atom CG in residue LYS B 290
2024-02-28 14:07:17,008 WARNING:biomolecule.py:157:num_missing_heavy:Missing atom CD in residue LYS B 290
2024-02-28 14:07:17,008 WARNING:biomolecule.py:157:num_missing_heavy:Missing atom CE in residue LYS B 290
2024-02-28 14:07:17,008 WARNING:biomolecule.py:157:num_missing_heavy:Missing atom NZ in residue LYS B 290
2024-02-28 14:07:17,009 WARNING:biomolecule.py:157:num_missing_heavy:Missing atom CG in residue GLU A 21
2024-02-28 14:07:17,009 WARNING:biomolecule.py:157:num_missing_heavy:Missing atom CD in residue GLU A 21
2024-02-28 14:07:17,011 WARNING:biomolecule.py:157:num_missing_heavy:Missing atom OE1 in residue GLU A 21
2024-02-28 14:07:17,013 WARNING:biomolecule.py:157:num_missing_heavy:Missing atom OE2 in residue GLU A 21
2024-02-28 14:07:17,014 WARNING:biomolecule.py:157:num_missing_heavy:Missing atom CG in residue GLN A 22
2024-02-28 14:07:17,014 WARNING:biomolecule.py:157:num_missing_heavy:Missing atom CD in residue GLN A 22
2024-02-28 14:07:17,014 WARNING:biomolecule.py:157:num_missing_heavy:Missing atom OE1 in residue GLN A 22
2024-02-28 14:07:17,014 WARNING:biomolecule.py:157:num_missing_heavy:Missing atom NE2 in residue GLN A 22
2024-02-28 14:07:17,014 WARNING:biomolecule.py:157:num_missing_heavy:Missing atom CG in residue LYS A 24
2024-02-28 14:07:17,014 WARNING:biomolecule.py:157:num_missing_heavy:Missing atom CD in residue LYS A 24
2024-02-28 14:07:17,014 WARNING:biomolecule.py:157:num_missing_heavy:Missing atom CE in residue LYS A 24
2024-02-28 14:07:17,014 WARNING:biomolecule.py:157:num_missing_heavy:Missing atom NZ in residue LYS A 24
2024-02-28 14:07:17,015 WARNING:biomolecule.py:157:num_missing_heavy:Missing atom CG in residue LYS A 37
2024-02-28 14:07:17,015 WARNING:biomolecule.py:157:num_missing_heavy:Missing atom CD in residue LYS A 37
2024-02-28 14:07:17,015 WARNING:biomolecule.py:157:num_missing_heavy:Missing atom CE in residue LYS A 37
2024-02-28 14:07:17,015 WARNING:biomolecule.py:157:num_missing_heavy:Missing atom NZ in residue LYS A 37
2024-02-28 14:07:17,016 WARNING:biomolecule.py:157:num_missing_heavy:Missing atom CG in residue LYS A 99
2024-02-28 14:07:17,016 WARNING:biomolecule.py:157:num_missing_heavy:Missing atom CD in residue LYS A 99
2024-02-28 14:07:17,016 WARNING:biomolecule.py:157:num_missing_heavy:Missing atom CE in residue LYS A 99
2024-02-28 14:07:17,016 WARNING:biomolecule.py:157:num_missing_heavy:Missing atom NZ in residue LYS A 99
2024-02-28 14:07:17,016 WARNING:biomolecule.py:157:num_missing_heavy:Missing atom CG in residue GLU A 124
2024-02-28 14:07:17,016 WARNING:biomolecule.py:157:num_missing_heavy:Missing atom CD in residue GLU A 124
2024-02-28 14:07:17,016 WARNING:biomolecule.py:157:num_missing_heavy:Missing atom OE1 in residue GLU A 124
2024-02-28 14:07:17,017 WARNING:biomolecule.py:157:num_missing_heavy:Missing atom OE2 in residue GLU A 124
2024-02-28 14:07:17,017 WARNING:biomolecule.py:157:num_missing_heavy:Missing atom CG in residue LYS A 126
2024-02-28 14:07:17,017 WARNING:biomolecule.py:157:num_missing_heavy:Missing atom CD in residue LYS A 126
2024-02-28 14:07:17,017 WARNING:biomolecule.py:157:num_missing_heavy:Missing atom CE in residue LYS A 126
2024-02-28 14:07:17,017 WARNING:biomolecule.py:157:num_missing_heavy:Missing atom NZ in residue LYS A 126
2024-02-28 14:07:17,027 WARNING:biomolecule.py:157:num_missing_heavy:Missing atom CG in residue LYS A 207
2024-02-28 14:07:17,027 WARNING:biomolecule.py:157:num_missing_heavy:Missing atom CD in residue LYS A 207
2024-02-28 14:07:17,027 WARNING:biomolecule.py:157:num_missing_heavy:Missing atom CE in residue LYS A 207
2024-02-28 14:07:17,027 WARNING:biomolecule.py:157:num_missing_heavy:Missing atom NZ in residue LYS A 207
2024-02-28 14:07:17,027 WARNING:biomolecule.py:157:num_missing_heavy:Missing atom CB in residue ASN A 244
2024-02-28 14:07:17,027 WARNING:biomolecule.py:157:num_missing_heavy:Missing atom CG in residue ASN A 244
2024-02-28 14:07:17,027 WARNING:biomolecule.py:157:num_missing_heavy:Missing atom OD1 in residue ASN A 244
2024-02-28 14:07:17,027 WARNING:biomolecule.py:157:num_missing_heavy:Missing atom ND2 in residue ASN A 244
2024-02-28 14:07:17,027 WARNING:biomolecule.py:157:num_missing_heavy:Missing atom CG in residue GLU A 245
2024-02-28 14:07:17,027 WARNING:biomolecule.py:157:num_missing_heavy:Missing atom CD in residue GLU A 245
2024-02-28 14:07:17,027 WARNING:biomolecule.py:157:num_missing_heavy:Missing atom OE1 in residue GLU A 245
2024-02-28 14:07:17,027 WARNING:biomolecule.py:157:num_missing_heavy:Missing atom OE2 in residue GLU A 245
2024-02-28 14:07:17,027 WARNING:biomolecule.py:157:num_missing_heavy:Missing atom CG in residue LYS A 246
2024-02-28 14:07:17,028 WARNING:biomolecule.py:157:num_missing_heavy:Missing atom CD in residue LYS A 246
2024-02-28 14:07:17,028 WARNING:biomolecule.py:157:num_missing_heavy:Missing atom CE in residue LYS A 246
2024-02-28 14:07:17,028 WARNING:biomolecule.py:157:num_missing_heavy:Missing atom NZ in residue LYS A 246
2024-02-28 14:07:17,028 WARNING:biomolecule.py:157:num_missing_heavy:Missing atom CG in residue GLN B 7
2024-02-28 14:07:17,028 WARNING:biomolecule.py:157:num_missing_heavy:Missing atom CD in residue GLN B 7
2024-02-28 14:07:17,028 WARNING:biomolecule.py:157:num_missing_heavy:Missing atom OE1 in residue GLN B 7
2024-02-28 14:07:17,028 WARNING:biomolecule.py:157:num_missing_heavy:Missing atom NE2 in residue GLN B 7
2024-02-28 14:07:17,028 WARNING:biomolecule.py:157:num_missing_heavy:Missing atom CG in residue LYS B 37
2024-02-28 14:07:17,028 WARNING:biomolecule.py:157:num_missing_heavy:Missing atom CD in residue LYS B 37
2024-02-28 14:07:17,028 WARNING:biomolecule.py:157:num_missing_heavy:Missing atom CE in residue LYS B 37
2024-02-28 14:07:17,028 WARNING:biomolecule.py:157:num_missing_heavy:Missing atom NZ in residue LYS B 37
2024-02-28 14:07:17,029 WARNING:biomolecule.py:157:num_missing_heavy:Missing atom CG in residue GLN B 52
2024-02-28 14:07:17,029 WARNING:biomolecule.py:157:num_missing_heavy:Missing atom CD in residue GLN B 52
2024-02-28 14:07:17,029 WARNING:biomolecule.py:157:num_missing_heavy:Missing atom OE1 in residue GLN B 52
2024-02-28 14:07:17,029 WARNING:biomolecule.py:157:num_missing_heavy:Missing atom NE2 in residue GLN B 52
2024-02-28 14:07:17,029 WARNING:biomolecule.py:157:num_missing_heavy:Missing atom CG in residue GLN B 57
2024-02-28 14:07:17,033 WARNING:biomolecule.py:157:num_missing_heavy:Missing atom CD in residue GLN B 57
2024-02-28 14:07:17,033 WARNING:biomolecule.py:157:num_missing_heavy:Missing atom OE1 in residue GLN B 57
2024-02-28 14:07:17,033 WARNING:biomolecule.py:157:num_missing_heavy:Missing atom NE2 in residue GLN B 57
2024-02-28 14:07:17,034 WARNING:biomolecule.py:157:num_missing_heavy:Missing atom CG in residue ASP B 123
2024-02-28 14:07:17,034 WARNING:biomolecule.py:157:num_missing_heavy:Missing atom OD1 in residue ASP B 123
2024-02-28 14:07:17,034 WARNING:biomolecule.py:157:num_missing_heavy:Missing atom OD2 in residue ASP B 123
2024-02-28 14:07:17,034 WARNING:biomolecule.py:157:num_missing_heavy:Missing atom CG in residue GLU B 205
2024-02-28 14:07:17,035 WARNING:biomolecule.py:157:num_missing_heavy:Missing atom CD in residue GLU B 205
2024-02-28 14:07:17,035 WARNING:biomolecule.py:157:num_missing_heavy:Missing atom OE1 in residue GLU B 205
2024-02-28 14:07:17,035 WARNING:biomolecule.py:157:num_missing_heavy:Missing atom OE2 in residue GLU B 205
2024-02-28 14:07:17,035 WARNING:biomolecule.py:157:num_missing_heavy:Missing atom CG in residue LYS B 207
2024-02-28 14:07:17,035 WARNING:biomolecule.py:157:num_missing_heavy:Missing atom CD in residue LYS B 207
2024-02-28 14:07:17,035 WARNING:biomolecule.py:157:num_missing_heavy:Missing atom CE in residue LYS B 207
2024-02-28 14:07:17,035 WARNING:biomolecule.py:157:num_missing_heavy:Missing atom NZ in residue LYS B 207
2024-02-28 14:07:17,035 WARNING:biomolecule.py:157:num_missing_heavy:Missing atom CB in residue ASN B 244
2024-02-28 14:07:17,035 WARNING:biomolecule.py:157:num_missing_heavy:Missing atom CG in residue ASN B 244
2024-02-28 14:07:17,035 WARNING:biomolecule.py:157:num_missing_heavy:Missing atom OD1 in residue ASN B 244
2024-02-28 14:07:17,035 WARNING:biomolecule.py:157:num_missing_heavy:Missing atom ND2 in residue ASN B 244
2024-02-28 14:07:17,035 WARNING:biomolecule.py:157:num_missing_heavy:Missing atom CG in residue LYS B 246
2024-02-28 14:07:17,035 WARNING:biomolecule.py:157:num_missing_heavy:Missing atom CD in residue LYS B 246
2024-02-28 14:07:17,035 WARNING:biomolecule.py:157:num_missing_heavy:Missing atom CE in residue LYS B 246
2024-02-28 14:07:17,035 WARNING:biomolecule.py:157:num_missing_heavy:Missing atom NZ in residue LYS B 246
2024-02-28 14:07:17,035 WARNING:biomolecule.py:157:num_missing_heavy:Missing atom CG in residue LYS B 290
2024-02-28 14:07:17,036 WARNING:biomolecule.py:157:num_missing_heavy:Missing atom CD in residue LYS B 290
2024-02-28 14:07:17,037 WARNING:biomolecule.py:157:num_missing_heavy:Missing atom CE in residue LYS B 290
2024-02-28 14:07:17,037 WARNING:biomolecule.py:157:num_missing_heavy:Missing atom NZ in residue LYS B 290
2024-02-28 14:07:23,961 WARNING:main.py:311:print_pqr:Ignoring 1462 header lines in output.
2024-02-28 14:07:23,961 WARNING:main.py:315:print_pqr:Ignoring 21 missing lines in output.
