2024-02-28 14:07:17,570 WARNING:biomolecule.py:992:create_residue:Unable to find amino or nucleic acid definition for IMI.  Parsing as new residue.
2024-02-28 14:07:17,577 WARNING:biomolecule.py:992:create_residue:Unable to find amino or nucleic acid definition for IMI.  Parsing as new residue.
2024-02-28 14:07:17,578 WARNING:main.py:418:setup_molecule:Multiple occupancies found: CB in TYR B 22.
2024-02-28 14:07:17,578 WARNING:main.py:418:setup_molecule:Multiple occupancies found: CG in TYR B 22.
2024-02-28 14:07:17,578 WARNING:main.py:418:setup_molecule:Multiple occupancies found: CD1 in TYR B 22.
2024-02-28 14:07:17,578 WARNING:main.py:418:setup_molecule:Multiple occupancies found: CD2 in TYR B 22.
2024-02-28 14:07:17,578 WARNING:main.py:418:setup_molecule:Multiple occupancies found: CE1 in TYR B 22.
2024-02-28 14:07:17,578 WARNING:main.py:418:setup_molecule:Multiple occupancies found: CE2 in TYR B 22.
2024-02-28 14:07:17,578 WARNING:main.py:418:setup_molecule:Multiple occupancies found: CZ in TYR B 22.
2024-02-28 14:07:17,578 WARNING:main.py:418:setup_molecule:Multiple occupancies found: OH in TYR B 22.
2024-02-28 14:07:17,578 WARNING:main.py:418:setup_molecule:Multiple occupancies found: HB2 in TYR B 22.
2024-02-28 14:07:17,578 WARNING:main.py:418:setup_molecule:Multiple occupancies found: HB3 in TYR B 22.
2024-02-28 14:07:17,578 WARNING:main.py:418:setup_molecule:Multiple occupancies found: HD1 in TYR B 22.
2024-02-28 14:07:17,605 WARNING:main.py:418:setup_molecule:Multiple occupancies found: HD2 in TYR B 22.
2024-02-28 14:07:17,605 WARNING:main.py:418:setup_molecule:Multiple occupancies found: HE1 in TYR B 22.
2024-02-28 14:07:17,605 WARNING:main.py:418:setup_molecule:Multiple occupancies found: HE2 in TYR B 22.
2024-02-28 14:07:17,605 WARNING:main.py:418:setup_molecule:Multiple occupancies found: HH in TYR B 22.
2024-02-28 14:07:17,605 WARNING:main.py:424:setup_molecule:Multiple occupancies found in TYR B 22. At least one of the instances is being ignored.
2024-02-28 14:07:17,605 WARNING:main.py:418:setup_molecule:Multiple occupancies found: CB in LEU B 73.
2024-02-28 14:07:17,605 WARNING:main.py:418:setup_molecule:Multiple occupancies found: CG in LEU B 73.
2024-02-28 14:07:17,606 WARNING:main.py:418:setup_molecule:Multiple occupancies found: CD1 in LEU B 73.
2024-02-28 14:07:17,606 WARNING:main.py:418:setup_molecule:Multiple occupancies found: CD2 in LEU B 73.
2024-02-28 14:07:17,606 WARNING:main.py:418:setup_molecule:Multiple occupancies found: HB2 in LEU B 73.
2024-02-28 14:07:17,606 WARNING:main.py:418:setup_molecule:Multiple occupancies found: HB3 in LEU B 73.
2024-02-28 14:07:17,606 WARNING:main.py:418:setup_molecule:Multiple occupancies found: HG in LEU B 73.
2024-02-28 14:07:17,606 WARNING:main.py:418:setup_molecule:Multiple occupancies found: HD11 in LEU B 73.
2024-02-28 14:07:17,606 WARNING:main.py:418:setup_molecule:Multiple occupancies found: HD12 in LEU B 73.
2024-02-28 14:07:17,606 WARNING:main.py:418:setup_molecule:Multiple occupancies found: HD13 in LEU B 73.
2024-02-28 14:07:17,606 WARNING:main.py:418:setup_molecule:Multiple occupancies found: HD21 in LEU B 73.
2024-02-28 14:07:17,606 WARNING:main.py:418:setup_molecule:Multiple occupancies found: HD22 in LEU B 73.
2024-02-28 14:07:17,606 WARNING:main.py:418:setup_molecule:Multiple occupancies found: HD23 in LEU B 73.
2024-02-28 14:07:17,606 WARNING:main.py:424:setup_molecule:Multiple occupancies found in LEU B 73. At least one of the instances is being ignored.
2024-02-28 14:07:17,606 WARNING:main.py:418:setup_molecule:Multiple occupancies found: CB in LEU B 110.
2024-02-28 14:07:17,606 WARNING:main.py:418:setup_molecule:Multiple occupancies found: CG in LEU B 110.
2024-02-28 14:07:17,606 WARNING:main.py:418:setup_molecule:Multiple occupancies found: CD1 in LEU B 110.
2024-02-28 14:07:17,606 WARNING:main.py:418:setup_molecule:Multiple occupancies found: CD2 in LEU B 110.
2024-02-28 14:07:17,606 WARNING:main.py:418:setup_molecule:Multiple occupancies found: HB2 in LEU B 110.
2024-02-28 14:07:17,606 WARNING:main.py:418:setup_molecule:Multiple occupancies found: HB3 in LEU B 110.
2024-02-28 14:07:17,606 WARNING:main.py:418:setup_molecule:Multiple occupancies found: HG in LEU B 110.
2024-02-28 14:07:17,606 WARNING:main.py:418:setup_molecule:Multiple occupancies found: HD11 in LEU B 110.
2024-02-28 14:07:17,606 WARNING:main.py:418:setup_molecule:Multiple occupancies found: HD12 in LEU B 110.
2024-02-28 14:07:17,606 WARNING:main.py:418:setup_molecule:Multiple occupancies found: HD13 in LEU B 110.
2024-02-28 14:07:17,606 WARNING:main.py:418:setup_molecule:Multiple occupancies found: HD21 in LEU B 110.
2024-02-28 14:07:17,606 WARNING:main.py:418:setup_molecule:Multiple occupancies found: HD22 in LEU B 110.
2024-02-28 14:07:17,606 WARNING:main.py:418:setup_molecule:Multiple occupancies found: HD23 in LEU B 110.
2024-02-28 14:07:17,606 WARNING:main.py:424:setup_molecule:Multiple occupancies found in LEU B 110. At least one of the instances is being ignored.
2024-02-28 14:07:17,606 WARNING:main.py:418:setup_molecule:Multiple occupancies found: CB in VAL B 133.
2024-02-28 14:07:17,606 WARNING:main.py:418:setup_molecule:Multiple occupancies found: CG1 in VAL B 133.
2024-02-28 14:07:17,606 WARNING:main.py:418:setup_molecule:Multiple occupancies found: CG2 in VAL B 133.
2024-02-28 14:07:17,606 WARNING:main.py:418:setup_molecule:Multiple occupancies found: HB in VAL B 133.
2024-02-28 14:07:17,606 WARNING:main.py:418:setup_molecule:Multiple occupancies found: HG11 in VAL B 133.
2024-02-28 14:07:17,607 WARNING:main.py:418:setup_molecule:Multiple occupancies found: HG12 in VAL B 133.
2024-02-28 14:07:17,607 WARNING:main.py:418:setup_molecule:Multiple occupancies found: HG13 in VAL B 133.
2024-02-28 14:07:17,607 WARNING:main.py:418:setup_molecule:Multiple occupancies found: HG21 in VAL B 133.
2024-02-28 14:07:17,607 WARNING:main.py:418:setup_molecule:Multiple occupancies found: HG22 in VAL B 133.
2024-02-28 14:07:17,607 WARNING:main.py:418:setup_molecule:Multiple occupancies found: HG23 in VAL B 133.
2024-02-28 14:07:17,607 WARNING:main.py:424:setup_molecule:Multiple occupancies found in VAL B 133. At least one of the instances is being ignored.
2024-02-28 14:07:17,607 WARNING:main.py:418:setup_molecule:Multiple occupancies found: CB in LYS B 134.
2024-02-28 14:07:17,607 WARNING:main.py:418:setup_molecule:Multiple occupancies found: CG in LYS B 134.
2024-02-28 14:07:17,607 WARNING:main.py:418:setup_molecule:Multiple occupancies found: CD in LYS B 134.
2024-02-28 14:07:17,607 WARNING:main.py:418:setup_molecule:Multiple occupancies found: CE in LYS B 134.
2024-02-28 14:07:17,607 WARNING:main.py:418:setup_molecule:Multiple occupancies found: NZ in LYS B 134.
2024-02-28 14:07:17,607 WARNING:main.py:418:setup_molecule:Multiple occupancies found: HB2 in LYS B 134.
2024-02-28 14:07:17,607 WARNING:main.py:418:setup_molecule:Multiple occupancies found: HB3 in LYS B 134.
2024-02-28 14:07:17,607 WARNING:main.py:418:setup_molecule:Multiple occupancies found: HG2 in LYS B 134.
2024-02-28 14:07:17,607 WARNING:main.py:418:setup_molecule:Multiple occupancies found: HG3 in LYS B 134.
2024-02-28 14:07:17,607 WARNING:main.py:418:setup_molecule:Multiple occupancies found: HD2 in LYS B 134.
2024-02-28 14:07:17,607 WARNING:main.py:418:setup_molecule:Multiple occupancies found: HD3 in LYS B 134.
2024-02-28 14:07:17,607 WARNING:main.py:418:setup_molecule:Multiple occupancies found: HE2 in LYS B 134.
2024-02-28 14:07:17,607 WARNING:main.py:418:setup_molecule:Multiple occupancies found: HE3 in LYS B 134.
2024-02-28 14:07:17,607 WARNING:main.py:418:setup_molecule:Multiple occupancies found: HZ1 in LYS B 134.
2024-02-28 14:07:17,607 WARNING:main.py:418:setup_molecule:Multiple occupancies found: HZ2 in LYS B 134.
2024-02-28 14:07:17,607 WARNING:main.py:418:setup_molecule:Multiple occupancies found: HZ3 in LYS B 134.
2024-02-28 14:07:17,607 WARNING:main.py:424:setup_molecule:Multiple occupancies found in LYS B 134. At least one of the instances is being ignored.
2024-02-28 14:07:17,607 WARNING:main.py:418:setup_molecule:Multiple occupancies found: CB in LEU D 73.
2024-02-28 14:07:17,607 WARNING:main.py:418:setup_molecule:Multiple occupancies found: CG in LEU D 73.
2024-02-28 14:07:17,607 WARNING:main.py:418:setup_molecule:Multiple occupancies found: CD1 in LEU D 73.
2024-02-28 14:07:17,607 WARNING:main.py:418:setup_molecule:Multiple occupancies found: CD2 in LEU D 73.
2024-02-28 14:07:17,607 WARNING:main.py:418:setup_molecule:Multiple occupancies found: HB2 in LEU D 73.
2024-02-28 14:07:17,607 WARNING:main.py:418:setup_molecule:Multiple occupancies found: HB3 in LEU D 73.
2024-02-28 14:07:17,607 WARNING:main.py:418:setup_molecule:Multiple occupancies found: HG in LEU D 73.
2024-02-28 14:07:17,607 WARNING:main.py:418:setup_molecule:Multiple occupancies found: HD11 in LEU D 73.
2024-02-28 14:07:17,607 WARNING:main.py:418:setup_molecule:Multiple occupancies found: HD12 in LEU D 73.
2024-02-28 14:07:17,608 WARNING:main.py:418:setup_molecule:Multiple occupancies found: HD13 in LEU D 73.
2024-02-28 14:07:17,608 WARNING:main.py:418:setup_molecule:Multiple occupancies found: HD21 in LEU D 73.
2024-02-28 14:07:17,608 WARNING:main.py:418:setup_molecule:Multiple occupancies found: HD22 in LEU D 73.
2024-02-28 14:07:17,608 WARNING:main.py:418:setup_molecule:Multiple occupancies found: HD23 in LEU D 73.
2024-02-28 14:07:17,608 WARNING:main.py:424:setup_molecule:Multiple occupancies found in LEU D 73. At least one of the instances is being ignored.
2024-02-28 14:07:17,608 WARNING:main.py:418:setup_molecule:Multiple occupancies found: CB in GLN D 107.
2024-02-28 14:07:17,608 WARNING:main.py:418:setup_molecule:Multiple occupancies found: CG in GLN D 107.
2024-02-28 14:07:17,608 WARNING:main.py:418:setup_molecule:Multiple occupancies found: CD in GLN D 107.
2024-02-28 14:07:17,608 WARNING:main.py:418:setup_molecule:Multiple occupancies found: OE1 in GLN D 107.
2024-02-28 14:07:17,608 WARNING:main.py:418:setup_molecule:Multiple occupancies found: NE2 in GLN D 107.
2024-02-28 14:07:17,608 WARNING:main.py:418:setup_molecule:Multiple occupancies found: HB2 in GLN D 107.
2024-02-28 14:07:17,608 WARNING:main.py:418:setup_molecule:Multiple occupancies found: HB3 in GLN D 107.
2024-02-28 14:07:17,608 WARNING:main.py:418:setup_molecule:Multiple occupancies found: HG2 in GLN D 107.
2024-02-28 14:07:17,608 WARNING:main.py:418:setup_molecule:Multiple occupancies found: HG3 in GLN D 107.
2024-02-28 14:07:17,608 WARNING:main.py:418:setup_molecule:Multiple occupancies found: HE21 in GLN D 107.
2024-02-28 14:07:17,608 WARNING:main.py:418:setup_molecule:Multiple occupancies found: HE22 in GLN D 107.
2024-02-28 14:07:17,608 WARNING:main.py:424:setup_molecule:Multiple occupancies found in GLN D 107. At least one of the instances is being ignored.
2024-02-28 14:07:17,803 WARNING:biomolecule.py:157:num_missing_heavy:Missing atom OXT in residue LYS B 134
2024-02-28 14:07:18,178 WARNING:biomolecule.py:157:num_missing_heavy:Missing atom OXT in residue VAL D 133
2024-02-28 14:07:18,178 WARNING:biomolecule.py:157:num_missing_heavy:Missing atom OXT in residue LYS B 134
2024-02-28 14:07:18,179 WARNING:biomolecule.py:157:num_missing_heavy:Missing atom OXT in residue VAL D 133
2024-02-28 14:07:18,179 WARNING:biomolecule.py:157:num_missing_heavy:Missing atom OXT in residue LYS B 134
2024-02-28 14:07:18,180 WARNING:biomolecule.py:157:num_missing_heavy:Missing atom OXT in residue VAL D 133
2024-02-28 14:07:19,641 WARNING:main.py:311:print_pqr:Ignoring 2944 header lines in output.
2024-02-28 14:07:19,641 WARNING:main.py:315:print_pqr:Ignoring 65 missing lines in output.
