2024-02-28 14:07:17,488 WARNING:biomolecule.py:992:create_residue:Unable to find amino or nucleic acid definition for OLA.  Parsing as new residue.
2024-02-28 14:07:17,497 WARNING:main.py:418:setup_molecule:Multiple occupancies found: OG1 in THR A 73.
2024-02-28 14:07:17,498 WARNING:main.py:418:setup_molecule:Multiple occupancies found: CG2 in THR A 73.
2024-02-28 14:07:17,498 WARNING:main.py:424:setup_molecule:Multiple occupancies found in THR A 73. At least one of the instances is being ignored.
2024-02-28 14:07:17,498 WARNING:main.py:418:setup_molecule:Multiple occupancies found: CB in THR A 85.
2024-02-28 14:07:17,498 WARNING:main.py:418:setup_molecule:Multiple occupancies found: OG1 in THR A 85.
2024-02-28 14:07:17,498 WARNING:main.py:418:setup_molecule:Multiple occupancies found: CG2 in THR A 85.
2024-02-28 14:07:17,498 WARNING:main.py:424:setup_molecule:Multiple occupancies found in THR A 85. At least one of the instances is being ignored.
2024-02-28 14:07:17,498 WARNING:main.py:418:setup_molecule:Multiple occupancies found: OG1 in THR A 102.
2024-02-28 14:07:17,498 WARNING:main.py:418:setup_molecule:Multiple occupancies found: CG2 in THR A 102.
2024-02-28 14:07:17,498 WARNING:main.py:424:setup_molecule:Multiple occupancies found in THR A 102. At least one of the instances is being ignored.
2024-02-28 14:07:17,498 WARNING:main.py:418:setup_molecule:Multiple occupancies found: OG1 in THR A 103.
2024-02-28 14:07:17,498 WARNING:main.py:418:setup_molecule:Multiple occupancies found: CG2 in THR A 103.
2024-02-28 14:07:17,498 WARNING:main.py:424:setup_molecule:Multiple occupancies found in THR A 103. At least one of the instances is being ignored.
2024-02-28 14:07:17,498 WARNING:main.py:418:setup_molecule:Multiple occupancies found: CD1 in LEU A 108.
2024-02-28 14:07:17,498 WARNING:main.py:418:setup_molecule:Multiple occupancies found: CD2 in LEU A 108.
2024-02-28 14:07:17,498 WARNING:main.py:424:setup_molecule:Multiple occupancies found in LEU A 108. At least one of the instances is being ignored.
2024-02-28 14:07:17,498 WARNING:main.py:418:setup_molecule:Multiple occupancies found: CD1 in LEU A 113.
2024-02-28 14:07:17,498 WARNING:main.py:418:setup_molecule:Multiple occupancies found: CD2 in LEU A 113.
2024-02-28 14:07:17,498 WARNING:main.py:424:setup_molecule:Multiple occupancies found in LEU A 113. At least one of the instances is being ignored.
2024-02-28 14:07:17,498 WARNING:main.py:418:setup_molecule:Multiple occupancies found: OG1 in THR A 125.
2024-02-28 14:07:17,498 WARNING:main.py:418:setup_molecule:Multiple occupancies found: CG2 in THR A 125.
2024-02-28 14:07:17,498 WARNING:main.py:424:setup_molecule:Multiple occupancies found in THR A 125. At least one of the instances is being ignored.
2024-02-28 14:07:17,542 WARNING:biomolecule.py:157:num_missing_heavy:Missing atom OXT in residue GLU A 131
2024-02-28 14:07:17,779 WARNING:biomolecule.py:157:num_missing_heavy:Missing atom OXT in residue GLU A 131
2024-02-28 14:07:17,779 WARNING:biomolecule.py:157:num_missing_heavy:Missing atom OXT in residue GLU A 131
2024-02-28 14:07:18,450 WARNING:main.py:311:print_pqr:Ignoring 1428 header lines in output.
2024-02-28 14:07:18,450 WARNING:main.py:315:print_pqr:Ignoring 20 missing lines in output.
