2024-02-28 14:07:17,876 WARNING:biomolecule.py:992:create_residue:Unable to find amino or nucleic acid definition for CL.  Parsing as new residue.
2024-02-28 14:07:17,889 WARNING:biomolecule.py:992:create_residue:Unable to find amino or nucleic acid definition for CL.  Parsing as new residue.
2024-02-28 14:07:17,889 WARNING:biomolecule.py:992:create_residue:Unable to find amino or nucleic acid definition for CL.  Parsing as new residue.
2024-02-28 14:07:17,889 WARNING:biomolecule.py:992:create_residue:Unable to find amino or nucleic acid definition for 017.  Parsing as new residue.
2024-02-28 14:07:17,890 WARNING:biomolecule.py:992:create_residue:Unable to find amino or nucleic acid definition for 017.  Parsing as new residue.
2024-02-28 14:07:17,890 WARNING:biomolecule.py:992:create_residue:Unable to find amino or nucleic acid definition for DMS.  Parsing as new residue.
2024-02-28 14:07:17,891 WARNING:main.py:418:setup_molecule:Multiple occupancies found: CD in LYS A 7.
2024-02-28 14:07:17,891 WARNING:main.py:418:setup_molecule:Multiple occupancies found: CE in LYS A 7.
2024-02-28 14:07:17,891 WARNING:main.py:418:setup_molecule:Multiple occupancies found: NZ in LYS A 7.
2024-02-28 14:07:17,891 WARNING:main.py:424:setup_molecule:Multiple occupancies found in LYS A 7. At least one of the instances is being ignored.
2024-02-28 14:07:17,891 WARNING:main.py:418:setup_molecule:Multiple occupancies found: CD in ARG A 8.
2024-02-28 14:07:17,891 WARNING:main.py:418:setup_molecule:Multiple occupancies found: NE in ARG A 8.
2024-02-28 14:07:17,891 WARNING:main.py:418:setup_molecule:Multiple occupancies found: CZ in ARG A 8.
2024-02-28 14:07:17,891 WARNING:main.py:418:setup_molecule:Multiple occupancies found: NH1 in ARG A 8.
2024-02-28 14:07:17,891 WARNING:main.py:418:setup_molecule:Multiple occupancies found: NH2 in ARG A 8.
2024-02-28 14:07:17,891 WARNING:main.py:424:setup_molecule:Multiple occupancies found in ARG A 8. At least one of the instances is being ignored.
2024-02-28 14:07:17,891 WARNING:main.py:418:setup_molecule:Multiple occupancies found: N in THR A 12.
2024-02-28 14:07:17,891 WARNING:main.py:418:setup_molecule:Multiple occupancies found: CA in THR A 12.
2024-02-28 14:07:17,891 WARNING:main.py:418:setup_molecule:Multiple occupancies found: C in THR A 12.
2024-02-28 14:07:17,891 WARNING:main.py:418:setup_molecule:Multiple occupancies found: O in THR A 12.
2024-02-28 14:07:17,891 WARNING:main.py:418:setup_molecule:Multiple occupancies found: CB in THR A 12.
2024-02-28 14:07:17,891 WARNING:main.py:418:setup_molecule:Multiple occupancies found: OG1 in THR A 12.
2024-02-28 14:07:17,891 WARNING:main.py:418:setup_molecule:Multiple occupancies found: CG2 in THR A 12.
2024-02-28 14:07:17,891 WARNING:main.py:424:setup_molecule:Multiple occupancies found in THR A 12. At least one of the instances is being ignored.
2024-02-28 14:07:17,891 WARNING:main.py:418:setup_molecule:Multiple occupancies found: N in ILE A 13.
2024-02-28 14:07:17,891 WARNING:main.py:418:setup_molecule:Multiple occupancies found: CA in ILE A 13.
2024-02-28 14:07:17,891 WARNING:main.py:418:setup_molecule:Multiple occupancies found: C in ILE A 13.
2024-02-28 14:07:17,891 WARNING:main.py:418:setup_molecule:Multiple occupancies found: O in ILE A 13.
2024-02-28 14:07:17,891 WARNING:main.py:418:setup_molecule:Multiple occupancies found: CB in ILE A 13.
2024-02-28 14:07:17,891 WARNING:main.py:418:setup_molecule:Multiple occupancies found: CG1 in ILE A 13.
2024-02-28 14:07:17,891 WARNING:main.py:418:setup_molecule:Multiple occupancies found: CG2 in ILE A 13.
2024-02-28 14:07:17,891 WARNING:main.py:418:setup_molecule:Multiple occupancies found: CD1 in ILE A 13.
2024-02-28 14:07:17,891 WARNING:main.py:424:setup_molecule:Multiple occupancies found in ILE A 13. At least one of the instances is being ignored.
2024-02-28 14:07:17,891 WARNING:main.py:418:setup_molecule:Multiple occupancies found: N in LYS A 14.
2024-02-28 14:07:17,891 WARNING:main.py:418:setup_molecule:Multiple occupancies found: CA in LYS A 14.
2024-02-28 14:07:17,891 WARNING:main.py:418:setup_molecule:Multiple occupancies found: C in LYS A 14.
2024-02-28 14:07:17,891 WARNING:main.py:418:setup_molecule:Multiple occupancies found: O in LYS A 14.
2024-02-28 14:07:17,891 WARNING:main.py:418:setup_molecule:Multiple occupancies found: CB in LYS A 14.
2024-02-28 14:07:17,892 WARNING:main.py:418:setup_molecule:Multiple occupancies found: CG in LYS A 14.
2024-02-28 14:07:17,892 WARNING:main.py:418:setup_molecule:Multiple occupancies found: CD in LYS A 14.
2024-02-28 14:07:17,892 WARNING:main.py:418:setup_molecule:Multiple occupancies found: CE in LYS A 14.
2024-02-28 14:07:17,892 WARNING:main.py:418:setup_molecule:Multiple occupancies found: NZ in LYS A 14.
2024-02-28 14:07:17,892 WARNING:main.py:424:setup_molecule:Multiple occupancies found in LYS A 14. At least one of the instances is being ignored.
2024-02-28 14:07:17,892 WARNING:main.py:418:setup_molecule:Multiple occupancies found: C in ILE A 15.
2024-02-28 14:07:17,892 WARNING:main.py:418:setup_molecule:Multiple occupancies found: O in ILE A 15.
2024-02-28 14:07:17,892 WARNING:main.py:424:setup_molecule:Multiple occupancies found in ILE A 15. At least one of the instances is being ignored.
2024-02-28 14:07:17,892 WARNING:main.py:418:setup_molecule:Multiple occupancies found: N in GLY A 16.
2024-02-28 14:07:17,892 WARNING:main.py:418:setup_molecule:Multiple occupancies found: CA in GLY A 16.
2024-02-28 14:07:17,892 WARNING:main.py:418:setup_molecule:Multiple occupancies found: C in GLY A 16.
2024-02-28 14:07:17,892 WARNING:main.py:418:setup_molecule:Multiple occupancies found: O in GLY A 16.
2024-02-28 14:07:17,892 WARNING:main.py:424:setup_molecule:Multiple occupancies found in GLY A 16. At least one of the instances is being ignored.
2024-02-28 14:07:17,892 WARNING:main.py:418:setup_molecule:Multiple occupancies found: N in GLY A 17.
2024-02-28 14:07:17,892 WARNING:main.py:418:setup_molecule:Multiple occupancies found: CA in GLY A 17.
2024-02-28 14:07:17,892 WARNING:main.py:418:setup_molecule:Multiple occupancies found: C in GLY A 17.
2024-02-28 14:07:17,892 WARNING:main.py:418:setup_molecule:Multiple occupancies found: O in GLY A 17.
2024-02-28 14:07:17,892 WARNING:main.py:424:setup_molecule:Multiple occupancies found in GLY A 17. At least one of the instances is being ignored.
2024-02-28 14:07:17,892 WARNING:main.py:418:setup_molecule:Multiple occupancies found: N in GLN A 18.
2024-02-28 14:07:17,892 WARNING:main.py:424:setup_molecule:Multiple occupancies found in GLN A 18. At least one of the instances is being ignored.
2024-02-28 14:07:17,892 WARNING:main.py:418:setup_molecule:Multiple occupancies found: CG in LYS A 20.
2024-02-28 14:07:17,892 WARNING:main.py:418:setup_molecule:Multiple occupancies found: CD in LYS A 20.
2024-02-28 14:07:17,892 WARNING:main.py:418:setup_molecule:Multiple occupancies found: CE in LYS A 20.
2024-02-28 14:07:17,892 WARNING:main.py:418:setup_molecule:Multiple occupancies found: NZ in LYS A 20.
2024-02-28 14:07:17,892 WARNING:main.py:424:setup_molecule:Multiple occupancies found in LYS A 20. At least one of the instances is being ignored.
2024-02-28 14:07:17,892 WARNING:main.py:418:setup_molecule:Multiple occupancies found: CA in LEU A 23.
2024-02-28 14:07:17,892 WARNING:main.py:418:setup_molecule:Multiple occupancies found: C in LEU A 23.
2024-02-28 14:07:17,892 WARNING:main.py:418:setup_molecule:Multiple occupancies found: O in LEU A 23.
2024-02-28 14:07:17,892 WARNING:main.py:418:setup_molecule:Multiple occupancies found: CB in LEU A 23.
2024-02-28 14:07:17,892 WARNING:main.py:418:setup_molecule:Multiple occupancies found: CG in LEU A 23.
2024-02-28 14:07:17,892 WARNING:main.py:418:setup_molecule:Multiple occupancies found: CD1 in LEU A 23.
2024-02-28 14:07:17,892 WARNING:main.py:418:setup_molecule:Multiple occupancies found: CD2 in LEU A 23.
2024-02-28 14:07:17,892 WARNING:main.py:424:setup_molecule:Multiple occupancies found in LEU A 23. At least one of the instances is being ignored.
2024-02-28 14:07:17,893 WARNING:main.py:418:setup_molecule:Multiple occupancies found: N in LEU A 24.
2024-02-28 14:07:17,893 WARNING:main.py:418:setup_molecule:Multiple occupancies found: CA in LEU A 24.
2024-02-28 14:07:17,893 WARNING:main.py:418:setup_molecule:Multiple occupancies found: C in LEU A 24.
2024-02-28 14:07:17,893 WARNING:main.py:418:setup_molecule:Multiple occupancies found: O in LEU A 24.
2024-02-28 14:07:17,893 WARNING:main.py:418:setup_molecule:Multiple occupancies found: CB in LEU A 24.
2024-02-28 14:07:17,893 WARNING:main.py:418:setup_molecule:Multiple occupancies found: CG in LEU A 24.
2024-02-28 14:07:17,893 WARNING:main.py:418:setup_molecule:Multiple occupancies found: CD1 in LEU A 24.
2024-02-28 14:07:17,893 WARNING:main.py:418:setup_molecule:Multiple occupancies found: CD2 in LEU A 24.
2024-02-28 14:07:17,893 WARNING:main.py:424:setup_molecule:Multiple occupancies found in LEU A 24. At least one of the instances is being ignored.
2024-02-28 14:07:17,893 WARNING:main.py:418:setup_molecule:Multiple occupancies found: N in ASP A 25.
2024-02-28 14:07:17,893 WARNING:main.py:418:setup_molecule:Multiple occupancies found: CA in ASP A 25.
2024-02-28 14:07:17,893 WARNING:main.py:418:setup_molecule:Multiple occupancies found: C in ASP A 25.
2024-02-28 14:07:17,893 WARNING:main.py:418:setup_molecule:Multiple occupancies found: O in ASP A 25.
2024-02-28 14:07:17,893 WARNING:main.py:418:setup_molecule:Multiple occupancies found: CB in ASP A 25.
2024-02-28 14:07:17,893 WARNING:main.py:418:setup_molecule:Multiple occupancies found: CG in ASP A 25.
2024-02-28 14:07:17,893 WARNING:main.py:418:setup_molecule:Multiple occupancies found: OD1 in ASP A 25.
2024-02-28 14:07:17,893 WARNING:main.py:418:setup_molecule:Multiple occupancies found: OD2 in ASP A 25.
2024-02-28 14:07:17,893 WARNING:main.py:424:setup_molecule:Multiple occupancies found in ASP A 25. At least one of the instances is being ignored.
2024-02-28 14:07:17,893 WARNING:main.py:418:setup_molecule:Multiple occupancies found: N in THR A 26.
2024-02-28 14:07:17,893 WARNING:main.py:424:setup_molecule:Multiple occupancies found in THR A 26. At least one of the instances is being ignored.
2024-02-28 14:07:17,893 WARNING:main.py:418:setup_molecule:Multiple occupancies found: N in ASP A 30.
2024-02-28 14:07:17,893 WARNING:main.py:418:setup_molecule:Multiple occupancies found: CA in ASP A 30.
2024-02-28 14:07:17,893 WARNING:main.py:418:setup_molecule:Multiple occupancies found: C in ASP A 30.
2024-02-28 14:07:17,893 WARNING:main.py:418:setup_molecule:Multiple occupancies found: O in ASP A 30.
2024-02-28 14:07:17,893 WARNING:main.py:418:setup_molecule:Multiple occupancies found: CB in ASP A 30.
2024-02-28 14:07:17,893 WARNING:main.py:418:setup_molecule:Multiple occupancies found: CG in ASP A 30.
2024-02-28 14:07:17,893 WARNING:main.py:418:setup_molecule:Multiple occupancies found: OD1 in ASP A 30.
2024-02-28 14:07:17,893 WARNING:main.py:418:setup_molecule:Multiple occupancies found: OD2 in ASP A 30.
2024-02-28 14:07:17,893 WARNING:main.py:424:setup_molecule:Multiple occupancies found in ASP A 30. At least one of the instances is being ignored.
2024-02-28 14:07:17,893 WARNING:main.py:418:setup_molecule:Multiple occupancies found: N in THR A 31.
2024-02-28 14:07:17,893 WARNING:main.py:418:setup_molecule:Multiple occupancies found: CA in THR A 31.
2024-02-28 14:07:17,893 WARNING:main.py:418:setup_molecule:Multiple occupancies found: C in THR A 31.
2024-02-28 14:07:17,893 WARNING:main.py:418:setup_molecule:Multiple occupancies found: O in THR A 31.
2024-02-28 14:07:17,894 WARNING:main.py:418:setup_molecule:Multiple occupancies found: CB in THR A 31.
2024-02-28 14:07:17,894 WARNING:main.py:418:setup_molecule:Multiple occupancies found: OG1 in THR A 31.
2024-02-28 14:07:17,894 WARNING:main.py:418:setup_molecule:Multiple occupancies found: CG2 in THR A 31.
2024-02-28 14:07:17,894 WARNING:main.py:424:setup_molecule:Multiple occupancies found in THR A 31. At least one of the instances is being ignored.
2024-02-28 14:07:17,894 WARNING:main.py:418:setup_molecule:Multiple occupancies found: N in ILE A 32.
2024-02-28 14:07:17,894 WARNING:main.py:418:setup_molecule:Multiple occupancies found: CA in ILE A 32.
2024-02-28 14:07:17,894 WARNING:main.py:418:setup_molecule:Multiple occupancies found: C in ILE A 32.
2024-02-28 14:07:17,894 WARNING:main.py:418:setup_molecule:Multiple occupancies found: O in ILE A 32.
2024-02-28 14:07:17,894 WARNING:main.py:418:setup_molecule:Multiple occupancies found: CB in ILE A 32.
2024-02-28 14:07:17,894 WARNING:main.py:418:setup_molecule:Multiple occupancies found: CG1 in ILE A 32.
2024-02-28 14:07:17,894 WARNING:main.py:418:setup_molecule:Multiple occupancies found: CG2 in ILE A 32.
2024-02-28 14:07:17,894 WARNING:main.py:418:setup_molecule:Multiple occupancies found: CD1 in ILE A 32.
2024-02-28 14:07:17,894 WARNING:main.py:424:setup_molecule:Multiple occupancies found in ILE A 32. At least one of the instances is being ignored.
2024-02-28 14:07:17,894 WARNING:main.py:418:setup_molecule:Multiple occupancies found: N in ILE A 33.
2024-02-28 14:07:17,894 WARNING:main.py:424:setup_molecule:Multiple occupancies found in ILE A 33. At least one of the instances is being ignored.
2024-02-28 14:07:17,894 WARNING:main.py:418:setup_molecule:Multiple occupancies found: C in ARG A 41.
2024-02-28 14:07:17,894 WARNING:main.py:418:setup_molecule:Multiple occupancies found: O in ARG A 41.
2024-02-28 14:07:17,894 WARNING:main.py:424:setup_molecule:Multiple occupancies found in ARG A 41. At least one of the instances is being ignored.
2024-02-28 14:07:17,894 WARNING:main.py:418:setup_molecule:Multiple occupancies found: N in TRP A 42.
2024-02-28 14:07:17,894 WARNING:main.py:418:setup_molecule:Multiple occupancies found: CA in TRP A 42.
2024-02-28 14:07:17,894 WARNING:main.py:418:setup_molecule:Multiple occupancies found: C in TRP A 42.
2024-02-28 14:07:17,894 WARNING:main.py:418:setup_molecule:Multiple occupancies found: O in TRP A 42.
2024-02-28 14:07:17,894 WARNING:main.py:418:setup_molecule:Multiple occupancies found: CB in TRP A 42.
2024-02-28 14:07:17,894 WARNING:main.py:418:setup_molecule:Multiple occupancies found: CG in TRP A 42.
2024-02-28 14:07:17,894 WARNING:main.py:418:setup_molecule:Multiple occupancies found: CD1 in TRP A 42.
2024-02-28 14:07:17,894 WARNING:main.py:418:setup_molecule:Multiple occupancies found: CD2 in TRP A 42.
2024-02-28 14:07:17,894 WARNING:main.py:418:setup_molecule:Multiple occupancies found: NE1 in TRP A 42.
2024-02-28 14:07:17,894 WARNING:main.py:418:setup_molecule:Multiple occupancies found: CE2 in TRP A 42.
2024-02-28 14:07:17,894 WARNING:main.py:418:setup_molecule:Multiple occupancies found: CE3 in TRP A 42.
2024-02-28 14:07:17,894 WARNING:main.py:418:setup_molecule:Multiple occupancies found: CZ2 in TRP A 42.
2024-02-28 14:07:17,894 WARNING:main.py:418:setup_molecule:Multiple occupancies found: CZ3 in TRP A 42.
2024-02-28 14:07:17,894 WARNING:main.py:418:setup_molecule:Multiple occupancies found: CH2 in TRP A 42.
2024-02-28 14:07:17,894 WARNING:main.py:424:setup_molecule:Multiple occupancies found in TRP A 42. At least one of the instances is being ignored.
2024-02-28 14:07:17,894 WARNING:main.py:418:setup_molecule:Multiple occupancies found: N in PRO A 44.
2024-02-28 14:07:17,895 WARNING:main.py:418:setup_molecule:Multiple occupancies found: CA in PRO A 44.
2024-02-28 14:07:17,895 WARNING:main.py:418:setup_molecule:Multiple occupancies found: C in PRO A 44.
2024-02-28 14:07:17,895 WARNING:main.py:418:setup_molecule:Multiple occupancies found: O in PRO A 44.
2024-02-28 14:07:17,895 WARNING:main.py:418:setup_molecule:Multiple occupancies found: CB in PRO A 44.
2024-02-28 14:07:17,895 WARNING:main.py:418:setup_molecule:Multiple occupancies found: CG in PRO A 44.
2024-02-28 14:07:17,895 WARNING:main.py:418:setup_molecule:Multiple occupancies found: CD in PRO A 44.
2024-02-28 14:07:17,895 WARNING:main.py:424:setup_molecule:Multiple occupancies found in PRO A 44. At least one of the instances is being ignored.
2024-02-28 14:07:17,895 WARNING:main.py:418:setup_molecule:Multiple occupancies found: N in ILE A 47.
2024-02-28 14:07:17,895 WARNING:main.py:418:setup_molecule:Multiple occupancies found: CA in ILE A 47.
2024-02-28 14:07:17,895 WARNING:main.py:418:setup_molecule:Multiple occupancies found: C in ILE A 47.
2024-02-28 14:07:17,895 WARNING:main.py:418:setup_molecule:Multiple occupancies found: O in ILE A 47.
2024-02-28 14:07:17,895 WARNING:main.py:418:setup_molecule:Multiple occupancies found: CB in ILE A 47.
2024-02-28 14:07:17,895 WARNING:main.py:418:setup_molecule:Multiple occupancies found: CG1 in ILE A 47.
2024-02-28 14:07:17,895 WARNING:main.py:418:setup_molecule:Multiple occupancies found: CG2 in ILE A 47.
2024-02-28 14:07:17,895 WARNING:main.py:418:setup_molecule:Multiple occupancies found: CD1 in ILE A 47.
2024-02-28 14:07:17,895 WARNING:main.py:424:setup_molecule:Multiple occupancies found in ILE A 47. At least one of the instances is being ignored.
2024-02-28 14:07:17,895 WARNING:main.py:418:setup_molecule:Multiple occupancies found: N in GLY A 48.
2024-02-28 14:07:17,895 WARNING:main.py:418:setup_molecule:Multiple occupancies found: CA in GLY A 48.
2024-02-28 14:07:17,895 WARNING:main.py:418:setup_molecule:Multiple occupancies found: C in GLY A 48.
2024-02-28 14:07:17,895 WARNING:main.py:418:setup_molecule:Multiple occupancies found: O in GLY A 48.
2024-02-28 14:07:17,895 WARNING:main.py:424:setup_molecule:Multiple occupancies found in GLY A 48. At least one of the instances is being ignored.
2024-02-28 14:07:17,895 WARNING:main.py:418:setup_molecule:Multiple occupancies found: N in GLY A 49.
2024-02-28 14:07:17,895 WARNING:main.py:418:setup_molecule:Multiple occupancies found: CA in GLY A 49.
2024-02-28 14:07:17,895 WARNING:main.py:418:setup_molecule:Multiple occupancies found: C in GLY A 49.
2024-02-28 14:07:17,895 WARNING:main.py:418:setup_molecule:Multiple occupancies found: O in GLY A 49.
2024-02-28 14:07:17,895 WARNING:main.py:424:setup_molecule:Multiple occupancies found in GLY A 49. At least one of the instances is being ignored.
2024-02-28 14:07:17,895 WARNING:main.py:418:setup_molecule:Multiple occupancies found: N in ILE A 50.
2024-02-28 14:07:17,895 WARNING:main.py:418:setup_molecule:Multiple occupancies found: CA in ILE A 50.
2024-02-28 14:07:17,895 WARNING:main.py:418:setup_molecule:Multiple occupancies found: C in ILE A 50.
2024-02-28 14:07:17,895 WARNING:main.py:418:setup_molecule:Multiple occupancies found: O in ILE A 50.
2024-02-28 14:07:17,895 WARNING:main.py:418:setup_molecule:Multiple occupancies found: CB in ILE A 50.
2024-02-28 14:07:17,895 WARNING:main.py:418:setup_molecule:Multiple occupancies found: CG1 in ILE A 50.
2024-02-28 14:07:17,895 WARNING:main.py:418:setup_molecule:Multiple occupancies found: CG2 in ILE A 50.
2024-02-28 14:07:17,895 WARNING:main.py:418:setup_molecule:Multiple occupancies found: CD1 in ILE A 50.
2024-02-28 14:07:17,895 WARNING:main.py:424:setup_molecule:Multiple occupancies found in ILE A 50. At least one of the instances is being ignored.
2024-02-28 14:07:17,895 WARNING:main.py:418:setup_molecule:Multiple occupancies found: N in GLY A 51.
2024-02-28 14:07:17,896 WARNING:main.py:418:setup_molecule:Multiple occupancies found: CA in GLY A 51.
2024-02-28 14:07:17,896 WARNING:main.py:418:setup_molecule:Multiple occupancies found: C in GLY A 51.
2024-02-28 14:07:17,896 WARNING:main.py:418:setup_molecule:Multiple occupancies found: O in GLY A 51.
2024-02-28 14:07:17,896 WARNING:main.py:424:setup_molecule:Multiple occupancies found in GLY A 51. At least one of the instances is being ignored.
2024-02-28 14:07:17,896 WARNING:main.py:418:setup_molecule:Multiple occupancies found: N in GLY A 52.
2024-02-28 14:07:17,896 WARNING:main.py:418:setup_molecule:Multiple occupancies found: CA in GLY A 52.
2024-02-28 14:07:17,896 WARNING:main.py:418:setup_molecule:Multiple occupancies found: C in GLY A 52.
2024-02-28 14:07:17,896 WARNING:main.py:418:setup_molecule:Multiple occupancies found: O in GLY A 52.
2024-02-28 14:07:17,896 WARNING:main.py:424:setup_molecule:Multiple occupancies found in GLY A 52. At least one of the instances is being ignored.
2024-02-28 14:07:17,896 WARNING:main.py:418:setup_molecule:Multiple occupancies found: N in PHE A 53.
2024-02-28 14:07:17,896 WARNING:main.py:424:setup_molecule:Multiple occupancies found in PHE A 53. At least one of the instances is being ignored.
2024-02-28 14:07:17,896 WARNING:main.py:418:setup_molecule:Multiple occupancies found: CB in ILE A 84.
2024-02-28 14:07:17,896 WARNING:main.py:418:setup_molecule:Multiple occupancies found: CG1 in ILE A 84.
2024-02-28 14:07:17,896 WARNING:main.py:418:setup_molecule:Multiple occupancies found: CG2 in ILE A 84.
2024-02-28 14:07:17,896 WARNING:main.py:418:setup_molecule:Multiple occupancies found: CD1 in ILE A 84.
2024-02-28 14:07:17,896 WARNING:main.py:424:setup_molecule:Multiple occupancies found in ILE A 84. At least one of the instances is being ignored.
2024-02-28 14:07:17,896 WARNING:main.py:418:setup_molecule:Multiple occupancies found: N in LEU A 97.
2024-02-28 14:07:17,896 WARNING:main.py:418:setup_molecule:Multiple occupancies found: CA in LEU A 97.
2024-02-28 14:07:17,896 WARNING:main.py:418:setup_molecule:Multiple occupancies found: C in LEU A 97.
2024-02-28 14:07:17,896 WARNING:main.py:418:setup_molecule:Multiple occupancies found: O in LEU A 97.
2024-02-28 14:07:17,896 WARNING:main.py:418:setup_molecule:Multiple occupancies found: CB in LEU A 97.
2024-02-28 14:07:17,896 WARNING:main.py:418:setup_molecule:Multiple occupancies found: CG in LEU A 97.
2024-02-28 14:07:17,896 WARNING:main.py:418:setup_molecule:Multiple occupancies found: CD1 in LEU A 97.
2024-02-28 14:07:17,896 WARNING:main.py:418:setup_molecule:Multiple occupancies found: CD2 in LEU A 97.
2024-02-28 14:07:17,896 WARNING:main.py:424:setup_molecule:Multiple occupancies found in LEU A 97. At least one of the instances is being ignored.
2024-02-28 14:07:17,896 WARNING:main.py:418:setup_molecule:Multiple occupancies found: CD in LYS B 107.
2024-02-28 14:07:17,896 WARNING:main.py:418:setup_molecule:Multiple occupancies found: CE in LYS B 107.
2024-02-28 14:07:17,896 WARNING:main.py:418:setup_molecule:Multiple occupancies found: NZ in LYS B 107.
2024-02-28 14:07:17,896 WARNING:main.py:424:setup_molecule:Multiple occupancies found in LYS B 107. At least one of the instances is being ignored.
2024-02-28 14:07:17,896 WARNING:main.py:418:setup_molecule:Multiple occupancies found: CD in ARG B 108.
2024-02-28 14:07:17,896 WARNING:main.py:418:setup_molecule:Multiple occupancies found: NE in ARG B 108.
2024-02-28 14:07:17,896 WARNING:main.py:418:setup_molecule:Multiple occupancies found: CZ in ARG B 108.
2024-02-28 14:07:17,896 WARNING:main.py:418:setup_molecule:Multiple occupancies found: NH1 in ARG B 108.
2024-02-28 14:07:17,896 WARNING:main.py:418:setup_molecule:Multiple occupancies found: NH2 in ARG B 108.
2024-02-28 14:07:17,897 WARNING:main.py:424:setup_molecule:Multiple occupancies found in ARG B 108. At least one of the instances is being ignored.
2024-02-28 14:07:17,897 WARNING:main.py:418:setup_molecule:Multiple occupancies found: C in ILE B 115.
2024-02-28 14:07:17,897 WARNING:main.py:418:setup_molecule:Multiple occupancies found: O in ILE B 115.
2024-02-28 14:07:17,897 WARNING:main.py:424:setup_molecule:Multiple occupancies found in ILE B 115. At least one of the instances is being ignored.
2024-02-28 14:07:17,897 WARNING:main.py:418:setup_molecule:Multiple occupancies found: N in GLY B 116.
2024-02-28 14:07:17,897 WARNING:main.py:418:setup_molecule:Multiple occupancies found: CA in GLY B 116.
2024-02-28 14:07:17,897 WARNING:main.py:418:setup_molecule:Multiple occupancies found: C in GLY B 116.
2024-02-28 14:07:17,897 WARNING:main.py:418:setup_molecule:Multiple occupancies found: O in GLY B 116.
2024-02-28 14:07:17,897 WARNING:main.py:424:setup_molecule:Multiple occupancies found in GLY B 116. At least one of the instances is being ignored.
2024-02-28 14:07:17,897 WARNING:main.py:418:setup_molecule:Multiple occupancies found: N in GLY B 117.
2024-02-28 14:07:17,897 WARNING:main.py:418:setup_molecule:Multiple occupancies found: CA in GLY B 117.
2024-02-28 14:07:17,897 WARNING:main.py:418:setup_molecule:Multiple occupancies found: C in GLY B 117.
2024-02-28 14:07:17,897 WARNING:main.py:418:setup_molecule:Multiple occupancies found: O in GLY B 117.
2024-02-28 14:07:17,897 WARNING:main.py:424:setup_molecule:Multiple occupancies found in GLY B 117. At least one of the instances is being ignored.
2024-02-28 14:07:17,897 WARNING:main.py:418:setup_molecule:Multiple occupancies found: N in GLN B 118.
2024-02-28 14:07:17,897 WARNING:main.py:424:setup_molecule:Multiple occupancies found in GLN B 118. At least one of the instances is being ignored.
2024-02-28 14:07:17,897 WARNING:main.py:418:setup_molecule:Multiple occupancies found: CG in LYS B 120.
2024-02-28 14:07:17,949 WARNING:main.py:418:setup_molecule:Multiple occupancies found: CD in LYS B 120.
2024-02-28 14:07:17,949 WARNING:main.py:418:setup_molecule:Multiple occupancies found: CE in LYS B 120.
2024-02-28 14:07:17,949 WARNING:main.py:418:setup_molecule:Multiple occupancies found: NZ in LYS B 120.
2024-02-28 14:07:17,949 WARNING:main.py:424:setup_molecule:Multiple occupancies found in LYS B 120. At least one of the instances is being ignored.
2024-02-28 14:07:17,949 WARNING:main.py:418:setup_molecule:Multiple occupancies found: N in ALA B 122.
2024-02-28 14:07:17,949 WARNING:main.py:418:setup_molecule:Multiple occupancies found: CA in ALA B 122.
2024-02-28 14:07:17,949 WARNING:main.py:418:setup_molecule:Multiple occupancies found: C in ALA B 122.
2024-02-28 14:07:17,949 WARNING:main.py:418:setup_molecule:Multiple occupancies found: O in ALA B 122.
2024-02-28 14:07:17,949 WARNING:main.py:418:setup_molecule:Multiple occupancies found: CB in ALA B 122.
2024-02-28 14:07:17,950 WARNING:main.py:424:setup_molecule:Multiple occupancies found in ALA B 122. At least one of the instances is being ignored.
2024-02-28 14:07:17,950 WARNING:main.py:418:setup_molecule:Multiple occupancies found: N in LEU B 123.
2024-02-28 14:07:17,950 WARNING:main.py:418:setup_molecule:Multiple occupancies found: CA in LEU B 123.
2024-02-28 14:07:17,950 WARNING:main.py:418:setup_molecule:Multiple occupancies found: C in LEU B 123.
2024-02-28 14:07:17,950 WARNING:main.py:418:setup_molecule:Multiple occupancies found: O in LEU B 123.
2024-02-28 14:07:17,950 WARNING:main.py:418:setup_molecule:Multiple occupancies found: CB in LEU B 123.
2024-02-28 14:07:17,950 WARNING:main.py:418:setup_molecule:Multiple occupancies found: CG in LEU B 123.
2024-02-28 14:07:17,950 WARNING:main.py:418:setup_molecule:Multiple occupancies found: CD1 in LEU B 123.
2024-02-28 14:07:17,950 WARNING:main.py:418:setup_molecule:Multiple occupancies found: CD2 in LEU B 123.
2024-02-28 14:07:17,950 WARNING:main.py:424:setup_molecule:Multiple occupancies found in LEU B 123. At least one of the instances is being ignored.
2024-02-28 14:07:17,950 WARNING:main.py:418:setup_molecule:Multiple occupancies found: N in LEU B 124.
2024-02-28 14:07:17,950 WARNING:main.py:418:setup_molecule:Multiple occupancies found: CA in LEU B 124.
2024-02-28 14:07:17,950 WARNING:main.py:418:setup_molecule:Multiple occupancies found: C in LEU B 124.
2024-02-28 14:07:17,950 WARNING:main.py:418:setup_molecule:Multiple occupancies found: O in LEU B 124.
2024-02-28 14:07:17,950 WARNING:main.py:418:setup_molecule:Multiple occupancies found: CB in LEU B 124.
2024-02-28 14:07:17,950 WARNING:main.py:418:setup_molecule:Multiple occupancies found: CG in LEU B 124.
2024-02-28 14:07:17,950 WARNING:main.py:418:setup_molecule:Multiple occupancies found: CD1 in LEU B 124.
2024-02-28 14:07:17,950 WARNING:main.py:418:setup_molecule:Multiple occupancies found: CD2 in LEU B 124.
2024-02-28 14:07:17,950 WARNING:main.py:424:setup_molecule:Multiple occupancies found in LEU B 124. At least one of the instances is being ignored.
2024-02-28 14:07:17,950 WARNING:main.py:418:setup_molecule:Multiple occupancies found: N in ASP B 125.
2024-02-28 14:07:17,950 WARNING:main.py:418:setup_molecule:Multiple occupancies found: CA in ASP B 125.
2024-02-28 14:07:17,950 WARNING:main.py:418:setup_molecule:Multiple occupancies found: C in ASP B 125.
2024-02-28 14:07:17,950 WARNING:main.py:418:setup_molecule:Multiple occupancies found: O in ASP B 125.
2024-02-28 14:07:17,950 WARNING:main.py:418:setup_molecule:Multiple occupancies found: CB in ASP B 125.
2024-02-28 14:07:17,950 WARNING:main.py:418:setup_molecule:Multiple occupancies found: CG in ASP B 125.
2024-02-28 14:07:17,950 WARNING:main.py:418:setup_molecule:Multiple occupancies found: OD1 in ASP B 125.
2024-02-28 14:07:17,950 WARNING:main.py:418:setup_molecule:Multiple occupancies found: OD2 in ASP B 125.
2024-02-28 14:07:17,950 WARNING:main.py:424:setup_molecule:Multiple occupancies found in ASP B 125. At least one of the instances is being ignored.
2024-02-28 14:07:17,950 WARNING:main.py:418:setup_molecule:Multiple occupancies found: N in THR B 126.
2024-02-28 14:07:17,950 WARNING:main.py:424:setup_molecule:Multiple occupancies found in THR B 126. At least one of the instances is being ignored.
2024-02-28 14:07:17,950 WARNING:main.py:418:setup_molecule:Multiple occupancies found: N in ASP B 130.
2024-02-28 14:07:17,950 WARNING:main.py:418:setup_molecule:Multiple occupancies found: CA in ASP B 130.
2024-02-28 14:07:17,950 WARNING:main.py:418:setup_molecule:Multiple occupancies found: C in ASP B 130.
2024-02-28 14:07:17,950 WARNING:main.py:418:setup_molecule:Multiple occupancies found: O in ASP B 130.
2024-02-28 14:07:17,951 WARNING:main.py:418:setup_molecule:Multiple occupancies found: CB in ASP B 130.
2024-02-28 14:07:17,951 WARNING:main.py:418:setup_molecule:Multiple occupancies found: CG in ASP B 130.
2024-02-28 14:07:17,951 WARNING:main.py:418:setup_molecule:Multiple occupancies found: OD1 in ASP B 130.
2024-02-28 14:07:17,951 WARNING:main.py:418:setup_molecule:Multiple occupancies found: OD2 in ASP B 130.
2024-02-28 14:07:17,951 WARNING:main.py:424:setup_molecule:Multiple occupancies found in ASP B 130. At least one of the instances is being ignored.
2024-02-28 14:07:17,951 WARNING:main.py:418:setup_molecule:Multiple occupancies found: N in THR B 131.
2024-02-28 14:07:17,951 WARNING:main.py:424:setup_molecule:Multiple occupancies found in THR B 131. At least one of the instances is being ignored.
2024-02-28 14:07:17,951 WARNING:main.py:418:setup_molecule:Multiple occupancies found: N in ILE B 132.
2024-02-28 14:07:17,951 WARNING:main.py:418:setup_molecule:Multiple occupancies found: CA in ILE B 132.
2024-02-28 14:07:17,951 WARNING:main.py:418:setup_molecule:Multiple occupancies found: C in ILE B 132.
2024-02-28 14:07:17,951 WARNING:main.py:418:setup_molecule:Multiple occupancies found: O in ILE B 132.
2024-02-28 14:07:17,951 WARNING:main.py:418:setup_molecule:Multiple occupancies found: CB in ILE B 132.
2024-02-28 14:07:17,951 WARNING:main.py:418:setup_molecule:Multiple occupancies found: CG1 in ILE B 132.
2024-02-28 14:07:17,951 WARNING:main.py:418:setup_molecule:Multiple occupancies found: CG2 in ILE B 132.
2024-02-28 14:07:17,951 WARNING:main.py:418:setup_molecule:Multiple occupancies found: CD1 in ILE B 132.
2024-02-28 14:07:17,951 WARNING:main.py:424:setup_molecule:Multiple occupancies found in ILE B 132. At least one of the instances is being ignored.
2024-02-28 14:07:17,951 WARNING:main.py:418:setup_molecule:Multiple occupancies found: N in ILE B 133.
2024-02-28 14:07:17,951 WARNING:main.py:418:setup_molecule:Multiple occupancies found: CA in ILE B 133.
2024-02-28 14:07:17,951 WARNING:main.py:418:setup_molecule:Multiple occupancies found: C in ILE B 133.
2024-02-28 14:07:17,951 WARNING:main.py:418:setup_molecule:Multiple occupancies found: O in ILE B 133.
2024-02-28 14:07:17,951 WARNING:main.py:418:setup_molecule:Multiple occupancies found: CB in ILE B 133.
2024-02-28 14:07:17,951 WARNING:main.py:418:setup_molecule:Multiple occupancies found: CG1 in ILE B 133.
2024-02-28 14:07:17,951 WARNING:main.py:418:setup_molecule:Multiple occupancies found: CG2 in ILE B 133.
2024-02-28 14:07:17,951 WARNING:main.py:418:setup_molecule:Multiple occupancies found: CD1 in ILE B 133.
2024-02-28 14:07:17,951 WARNING:main.py:424:setup_molecule:Multiple occupancies found in ILE B 133. At least one of the instances is being ignored.
2024-02-28 14:07:17,951 WARNING:main.py:418:setup_molecule:Multiple occupancies found: N in GLU B 134.
2024-02-28 14:07:17,951 WARNING:main.py:424:setup_molecule:Multiple occupancies found in GLU B 134. At least one of the instances is being ignored.
2024-02-28 14:07:17,951 WARNING:main.py:418:setup_molecule:Multiple occupancies found: CE in MET B 146.
2024-02-28 14:07:17,951 WARNING:main.py:424:setup_molecule:Multiple occupancies found in MET B 146. At least one of the instances is being ignored.
2024-02-28 14:07:17,951 WARNING:main.py:418:setup_molecule:Multiple occupancies found: N in ILE B 147.
2024-02-28 14:07:17,951 WARNING:main.py:418:setup_molecule:Multiple occupancies found: CA in ILE B 147.
2024-02-28 14:07:17,951 WARNING:main.py:418:setup_molecule:Multiple occupancies found: C in ILE B 147.
2024-02-28 14:07:17,951 WARNING:main.py:418:setup_molecule:Multiple occupancies found: O in ILE B 147.
2024-02-28 14:07:17,951 WARNING:main.py:418:setup_molecule:Multiple occupancies found: CB in ILE B 147.
2024-02-28 14:07:17,951 WARNING:main.py:418:setup_molecule:Multiple occupancies found: CG1 in ILE B 147.
2024-02-28 14:07:17,952 WARNING:main.py:418:setup_molecule:Multiple occupancies found: CG2 in ILE B 147.
2024-02-28 14:07:17,952 WARNING:main.py:418:setup_molecule:Multiple occupancies found: CD1 in ILE B 147.
2024-02-28 14:07:17,952 WARNING:main.py:424:setup_molecule:Multiple occupancies found in ILE B 147. At least one of the instances is being ignored.
2024-02-28 14:07:17,952 WARNING:main.py:418:setup_molecule:Multiple occupancies found: N in GLY B 148.
2024-02-28 14:07:17,952 WARNING:main.py:418:setup_molecule:Multiple occupancies found: CA in GLY B 148.
2024-02-28 14:07:17,952 WARNING:main.py:418:setup_molecule:Multiple occupancies found: C in GLY B 148.
2024-02-28 14:07:17,952 WARNING:main.py:418:setup_molecule:Multiple occupancies found: O in GLY B 148.
2024-02-28 14:07:17,952 WARNING:main.py:424:setup_molecule:Multiple occupancies found in GLY B 148. At least one of the instances is being ignored.
2024-02-28 14:07:17,952 WARNING:main.py:418:setup_molecule:Multiple occupancies found: N in GLY B 149.
2024-02-28 14:07:17,952 WARNING:main.py:418:setup_molecule:Multiple occupancies found: CA in GLY B 149.
2024-02-28 14:07:17,952 WARNING:main.py:418:setup_molecule:Multiple occupancies found: C in GLY B 149.
2024-02-28 14:07:17,952 WARNING:main.py:418:setup_molecule:Multiple occupancies found: O in GLY B 149.
2024-02-28 14:07:17,952 WARNING:main.py:424:setup_molecule:Multiple occupancies found in GLY B 149. At least one of the instances is being ignored.
2024-02-28 14:07:17,952 WARNING:main.py:418:setup_molecule:Multiple occupancies found: N in ILE B 150.
2024-02-28 14:07:17,952 WARNING:main.py:418:setup_molecule:Multiple occupancies found: CA in ILE B 150.
2024-02-28 14:07:17,952 WARNING:main.py:418:setup_molecule:Multiple occupancies found: C in ILE B 150.
2024-02-28 14:07:17,952 WARNING:main.py:418:setup_molecule:Multiple occupancies found: O in ILE B 150.
2024-02-28 14:07:17,952 WARNING:main.py:418:setup_molecule:Multiple occupancies found: CB in ILE B 150.
2024-02-28 14:07:17,952 WARNING:main.py:418:setup_molecule:Multiple occupancies found: CG1 in ILE B 150.
2024-02-28 14:07:17,952 WARNING:main.py:418:setup_molecule:Multiple occupancies found: CG2 in ILE B 150.
2024-02-28 14:07:17,952 WARNING:main.py:418:setup_molecule:Multiple occupancies found: CD1 in ILE B 150.
2024-02-28 14:07:17,952 WARNING:main.py:424:setup_molecule:Multiple occupancies found in ILE B 150. At least one of the instances is being ignored.
2024-02-28 14:07:17,952 WARNING:main.py:418:setup_molecule:Multiple occupancies found: N in GLY B 151.
2024-02-28 14:07:17,952 WARNING:main.py:418:setup_molecule:Multiple occupancies found: CA in GLY B 151.
2024-02-28 14:07:17,952 WARNING:main.py:418:setup_molecule:Multiple occupancies found: C in GLY B 151.
2024-02-28 14:07:17,952 WARNING:main.py:418:setup_molecule:Multiple occupancies found: O in GLY B 151.
2024-02-28 14:07:17,952 WARNING:main.py:424:setup_molecule:Multiple occupancies found in GLY B 151. At least one of the instances is being ignored.
2024-02-28 14:07:17,952 WARNING:main.py:418:setup_molecule:Multiple occupancies found: N in GLY B 152.
2024-02-28 14:07:17,952 WARNING:main.py:418:setup_molecule:Multiple occupancies found: CA in GLY B 152.
2024-02-28 14:07:17,952 WARNING:main.py:418:setup_molecule:Multiple occupancies found: C in GLY B 152.
2024-02-28 14:07:17,952 WARNING:main.py:418:setup_molecule:Multiple occupancies found: O in GLY B 152.
2024-02-28 14:07:17,952 WARNING:main.py:424:setup_molecule:Multiple occupancies found in GLY B 152. At least one of the instances is being ignored.
2024-02-28 14:07:17,952 WARNING:main.py:418:setup_molecule:Multiple occupancies found: N in PHE B 153.
2024-02-28 14:07:17,952 WARNING:main.py:418:setup_molecule:Multiple occupancies found: CA in PHE B 153.
2024-02-28 14:07:17,952 WARNING:main.py:418:setup_molecule:Multiple occupancies found: C in PHE B 153.
2024-02-28 14:07:17,952 WARNING:main.py:418:setup_molecule:Multiple occupancies found: O in PHE B 153.
2024-02-28 14:07:17,952 WARNING:main.py:418:setup_molecule:Multiple occupancies found: CB in PHE B 153.
2024-02-28 14:07:17,953 WARNING:main.py:418:setup_molecule:Multiple occupancies found: CG in PHE B 153.
2024-02-28 14:07:17,953 WARNING:main.py:418:setup_molecule:Multiple occupancies found: CD1 in PHE B 153.
2024-02-28 14:07:17,953 WARNING:main.py:418:setup_molecule:Multiple occupancies found: CD2 in PHE B 153.
2024-02-28 14:07:17,953 WARNING:main.py:418:setup_molecule:Multiple occupancies found: CE1 in PHE B 153.
2024-02-28 14:07:17,953 WARNING:main.py:418:setup_molecule:Multiple occupancies found: CE2 in PHE B 153.
2024-02-28 14:07:17,953 WARNING:main.py:418:setup_molecule:Multiple occupancies found: CZ in PHE B 153.
2024-02-28 14:07:17,953 WARNING:main.py:424:setup_molecule:Multiple occupancies found in PHE B 153. At least one of the instances is being ignored.
2024-02-28 14:07:17,953 WARNING:main.py:418:setup_molecule:Multiple occupancies found: N in ILE B 154.
2024-02-28 14:07:17,953 WARNING:main.py:418:setup_molecule:Multiple occupancies found: CA in ILE B 154.
2024-02-28 14:07:17,953 WARNING:main.py:418:setup_molecule:Multiple occupancies found: C in ILE B 154.
2024-02-28 14:07:17,953 WARNING:main.py:418:setup_molecule:Multiple occupancies found: O in ILE B 154.
2024-02-28 14:07:17,953 WARNING:main.py:418:setup_molecule:Multiple occupancies found: CB in ILE B 154.
2024-02-28 14:07:17,953 WARNING:main.py:418:setup_molecule:Multiple occupancies found: CG1 in ILE B 154.
2024-02-28 14:07:17,953 WARNING:main.py:418:setup_molecule:Multiple occupancies found: CG2 in ILE B 154.
2024-02-28 14:07:17,953 WARNING:main.py:418:setup_molecule:Multiple occupancies found: CD1 in ILE B 154.
2024-02-28 14:07:17,953 WARNING:main.py:424:setup_molecule:Multiple occupancies found in ILE B 154. At least one of the instances is being ignored.
2024-02-28 14:07:17,953 WARNING:main.py:418:setup_molecule:Multiple occupancies found: N in LYS B 155.
2024-02-28 14:07:17,981 WARNING:main.py:418:setup_molecule:Multiple occupancies found: CA in LYS B 155.
2024-02-28 14:07:17,981 WARNING:main.py:418:setup_molecule:Multiple occupancies found: C in LYS B 155.
2024-02-28 14:07:17,981 WARNING:main.py:418:setup_molecule:Multiple occupancies found: O in LYS B 155.
2024-02-28 14:07:17,981 WARNING:main.py:418:setup_molecule:Multiple occupancies found: CB in LYS B 155.
2024-02-28 14:07:17,981 WARNING:main.py:418:setup_molecule:Multiple occupancies found: CG in LYS B 155.
2024-02-28 14:07:17,981 WARNING:main.py:418:setup_molecule:Multiple occupancies found: CD in LYS B 155.
2024-02-28 14:07:17,981 WARNING:main.py:418:setup_molecule:Multiple occupancies found: CE in LYS B 155.
2024-02-28 14:07:17,981 WARNING:main.py:418:setup_molecule:Multiple occupancies found: NZ in LYS B 155.
2024-02-28 14:07:17,981 WARNING:main.py:424:setup_molecule:Multiple occupancies found in LYS B 155. At least one of the instances is being ignored.
2024-02-28 14:07:17,981 WARNING:main.py:418:setup_molecule:Multiple occupancies found: C in ILE B 163.
2024-02-28 14:07:17,982 WARNING:main.py:418:setup_molecule:Multiple occupancies found: O in ILE B 163.
2024-02-28 14:07:17,982 WARNING:main.py:424:setup_molecule:Multiple occupancies found in ILE B 163. At least one of the instances is being ignored.
2024-02-28 14:07:17,982 WARNING:main.py:418:setup_molecule:Multiple occupancies found: N in ILE B 164.
2024-02-28 14:07:17,982 WARNING:main.py:418:setup_molecule:Multiple occupancies found: CA in ILE B 164.
2024-02-28 14:07:17,982 WARNING:main.py:418:setup_molecule:Multiple occupancies found: C in ILE B 164.
2024-02-28 14:07:17,982 WARNING:main.py:418:setup_molecule:Multiple occupancies found: O in ILE B 164.
2024-02-28 14:07:17,982 WARNING:main.py:418:setup_molecule:Multiple occupancies found: CB in ILE B 164.
2024-02-28 14:07:17,982 WARNING:main.py:418:setup_molecule:Multiple occupancies found: CG1 in ILE B 164.
2024-02-28 14:07:17,982 WARNING:main.py:418:setup_molecule:Multiple occupancies found: CG2 in ILE B 164.
2024-02-28 14:07:17,982 WARNING:main.py:418:setup_molecule:Multiple occupancies found: CD1 in ILE B 164.
2024-02-28 14:07:17,982 WARNING:main.py:424:setup_molecule:Multiple occupancies found in ILE B 164. At least one of the instances is being ignored.
2024-02-28 14:07:17,982 WARNING:main.py:418:setup_molecule:Multiple occupancies found: CB in VAL B 182.
2024-02-28 14:07:17,982 WARNING:main.py:418:setup_molecule:Multiple occupancies found: CG1 in VAL B 182.
2024-02-28 14:07:17,982 WARNING:main.py:418:setup_molecule:Multiple occupancies found: CG2 in VAL B 182.
2024-02-28 14:07:17,982 WARNING:main.py:424:setup_molecule:Multiple occupancies found in VAL B 182. At least one of the instances is being ignored.
2024-02-28 14:07:17,982 WARNING:main.py:418:setup_molecule:Multiple occupancies found: CB in LEU B 197.
2024-02-28 14:07:17,982 WARNING:main.py:418:setup_molecule:Multiple occupancies found: CG in LEU B 197.
2024-02-28 14:07:17,982 WARNING:main.py:418:setup_molecule:Multiple occupancies found: CD1 in LEU B 197.
2024-02-28 14:07:17,982 WARNING:main.py:418:setup_molecule:Multiple occupancies found: CD2 in LEU B 197.
2024-02-28 14:07:17,982 WARNING:main.py:424:setup_molecule:Multiple occupancies found in LEU B 197. At least one of the instances is being ignored.
2024-02-28 14:07:17,982 WARNING:main.py:418:setup_molecule:Multiple occupancies found: N in ASN B 198.
2024-02-28 14:07:17,982 WARNING:main.py:418:setup_molecule:Multiple occupancies found: CA in ASN B 198.
2024-02-28 14:07:17,982 WARNING:main.py:418:setup_molecule:Multiple occupancies found: C in ASN B 198.
2024-02-28 14:07:17,982 WARNING:main.py:418:setup_molecule:Multiple occupancies found: O in ASN B 198.
2024-02-28 14:07:17,982 WARNING:main.py:418:setup_molecule:Multiple occupancies found: CB in ASN B 198.
2024-02-28 14:07:17,982 WARNING:main.py:418:setup_molecule:Multiple occupancies found: CG in ASN B 198.
2024-02-28 14:07:17,982 WARNING:main.py:418:setup_molecule:Multiple occupancies found: OD1 in ASN B 198.
2024-02-28 14:07:17,982 WARNING:main.py:418:setup_molecule:Multiple occupancies found: ND2 in ASN B 198.
2024-02-28 14:07:17,982 WARNING:main.py:424:setup_molecule:Multiple occupancies found in ASN B 198. At least one of the instances is being ignored.
2024-02-28 14:07:17,982 WARNING:main.py:418:setup_molecule:Multiple occupancies found: N in PHE B 199.
2024-02-28 14:07:17,982 WARNING:main.py:424:setup_molecule:Multiple occupancies found in PHE B 199. At least one of the instances is being ignored.
2024-02-28 14:07:17,982 WARNING:main.py:418:setup_molecule:Multiple occupancies found: N1 in 017 B 203.
2024-02-28 14:07:17,983 WARNING:main.py:418:setup_molecule:Multiple occupancies found: C2 in 017 B 203.
2024-02-28 14:07:17,983 WARNING:main.py:418:setup_molecule:Multiple occupancies found: C3 in 017 B 203.
2024-02-28 14:07:17,983 WARNING:main.py:418:setup_molecule:Multiple occupancies found: C4 in 017 B 203.
2024-02-28 14:07:17,983 WARNING:main.py:418:setup_molecule:Multiple occupancies found: C5 in 017 B 203.
2024-02-28 14:07:17,983 WARNING:main.py:418:setup_molecule:Multiple occupancies found: C6 in 017 B 203.
2024-02-28 14:07:17,983 WARNING:main.py:418:setup_molecule:Multiple occupancies found: C7 in 017 B 203.
2024-02-28 14:07:17,983 WARNING:main.py:418:setup_molecule:Multiple occupancies found: S8 in 017 B 203.
2024-02-28 14:07:17,983 WARNING:main.py:418:setup_molecule:Multiple occupancies found: O9 in 017 B 203.
2024-02-28 14:07:17,983 WARNING:main.py:418:setup_molecule:Multiple occupancies found: O10 in 017 B 203.
2024-02-28 14:07:17,983 WARNING:main.py:418:setup_molecule:Multiple occupancies found: N11 in 017 B 203.
2024-02-28 14:07:17,983 WARNING:main.py:418:setup_molecule:Multiple occupancies found: C12 in 017 B 203.
2024-02-28 14:07:17,983 WARNING:main.py:418:setup_molecule:Multiple occupancies found: C13 in 017 B 203.
2024-02-28 14:07:17,983 WARNING:main.py:418:setup_molecule:Multiple occupancies found: C14 in 017 B 203.
2024-02-28 14:07:17,983 WARNING:main.py:418:setup_molecule:Multiple occupancies found: C15 in 017 B 203.
2024-02-28 14:07:17,983 WARNING:main.py:418:setup_molecule:Multiple occupancies found: C16 in 017 B 203.
2024-02-28 14:07:17,983 WARNING:main.py:418:setup_molecule:Multiple occupancies found: C17 in 017 B 203.
2024-02-28 14:07:17,983 WARNING:main.py:418:setup_molecule:Multiple occupancies found: O18 in 017 B 203.
2024-02-28 14:07:17,983 WARNING:main.py:418:setup_molecule:Multiple occupancies found: C19 in 017 B 203.
2024-02-28 14:07:17,983 WARNING:main.py:418:setup_molecule:Multiple occupancies found: N20 in 017 B 203.
2024-02-28 14:07:17,983 WARNING:main.py:418:setup_molecule:Multiple occupancies found: C21 in 017 B 203.
2024-02-28 14:07:17,983 WARNING:main.py:418:setup_molecule:Multiple occupancies found: O22 in 017 B 203.
2024-02-28 14:07:17,983 WARNING:main.py:418:setup_molecule:Multiple occupancies found: O23 in 017 B 203.
2024-02-28 14:07:17,983 WARNING:main.py:418:setup_molecule:Multiple occupancies found: C24 in 017 B 203.
2024-02-28 14:07:17,983 WARNING:main.py:418:setup_molecule:Multiple occupancies found: C25 in 017 B 203.
2024-02-28 14:07:17,983 WARNING:main.py:418:setup_molecule:Multiple occupancies found: O26 in 017 B 203.
2024-02-28 14:07:17,983 WARNING:main.py:418:setup_molecule:Multiple occupancies found: C27 in 017 B 203.
2024-02-28 14:07:17,983 WARNING:main.py:418:setup_molecule:Multiple occupancies found: O28 in 017 B 203.
2024-02-28 14:07:17,983 WARNING:main.py:418:setup_molecule:Multiple occupancies found: C29 in 017 B 203.
2024-02-28 14:07:17,983 WARNING:main.py:418:setup_molecule:Multiple occupancies found: C30 in 017 B 203.
2024-02-28 14:07:17,983 WARNING:main.py:418:setup_molecule:Multiple occupancies found: C31 in 017 B 203.
2024-02-28 14:07:17,983 WARNING:main.py:418:setup_molecule:Multiple occupancies found: C32 in 017 B 203.
2024-02-28 14:07:17,983 WARNING:main.py:418:setup_molecule:Multiple occupancies found: C33 in 017 B 203.
2024-02-28 14:07:17,983 WARNING:main.py:418:setup_molecule:Multiple occupancies found: C34 in 017 B 203.
2024-02-28 14:07:17,983 WARNING:main.py:418:setup_molecule:Multiple occupancies found: C35 in 017 B 203.
2024-02-28 14:07:17,984 WARNING:main.py:418:setup_molecule:Multiple occupancies found: C36 in 017 B 203.
2024-02-28 14:07:17,984 WARNING:main.py:418:setup_molecule:Multiple occupancies found: C37 in 017 B 203.
2024-02-28 14:07:17,984 WARNING:main.py:418:setup_molecule:Multiple occupancies found: C38 in 017 B 203.
2024-02-28 14:07:17,984 WARNING:main.py:424:setup_molecule:Multiple occupancies found in 017 B 203. At least one of the instances is being ignored.
2024-02-28 14:07:17,984 WARNING:main.py:418:setup_molecule:Multiple occupancies found: S in DMS B 204.
2024-02-28 14:07:17,984 WARNING:main.py:418:setup_molecule:Multiple occupancies found: O in DMS B 204.
2024-02-28 14:07:17,984 WARNING:main.py:418:setup_molecule:Multiple occupancies found: C1 in DMS B 204.
2024-02-28 14:07:17,984 WARNING:main.py:418:setup_molecule:Multiple occupancies found: C2 in DMS B 204.
2024-02-28 14:07:17,984 WARNING:main.py:424:setup_molecule:Multiple occupancies found in DMS B 204. At least one of the instances is being ignored.
2024-02-28 14:07:22,193 WARNING:main.py:311:print_pqr:Ignoring 3550 header lines in output.
2024-02-28 14:07:22,194 WARNING:main.py:315:print_pqr:Ignoring 83 missing lines in output.
