2024-02-28 14:07:18,061 WARNING:biomolecule.py:992:create_residue:Unable to find amino or nucleic acid definition for FE.  Parsing as new residue.
2024-02-28 14:07:18,065 WARNING:biomolecule.py:992:create_residue:Unable to find amino or nucleic acid definition for SO4.  Parsing as new residue.
2024-02-28 14:07:18,065 WARNING:biomolecule.py:992:create_residue:Unable to find amino or nucleic acid definition for DBH.  Parsing as new residue.
2024-02-28 14:07:18,065 WARNING:biomolecule.py:992:create_residue:Unable to find amino or nucleic acid definition for DBH.  Parsing as new residue.
2024-02-28 14:07:18,065 WARNING:biomolecule.py:992:create_residue:Unable to find amino or nucleic acid definition for DBS.  Parsing as new residue.
2024-02-28 14:07:18,065 WARNING:biomolecule.py:992:create_residue:Unable to find amino or nucleic acid definition for FE.  Parsing as new residue.
2024-02-28 14:07:18,066 WARNING:biomolecule.py:992:create_residue:Unable to find amino or nucleic acid definition for DBH.  Parsing as new residue.
2024-02-28 14:07:18,066 WARNING:biomolecule.py:992:create_residue:Unable to find amino or nucleic acid definition for DBH.  Parsing as new residue.
2024-02-28 14:07:18,066 WARNING:biomolecule.py:992:create_residue:Unable to find amino or nucleic acid definition for DBS.  Parsing as new residue.
2024-02-28 14:07:18,066 WARNING:io.py:40:filter:Suppressing further "Unable to find amino or nucleic acid definition for" messages
2024-02-28 14:07:18,067 WARNING:main.py:418:setup_molecule:Multiple occupancies found: N in GLU A 57.
2024-02-28 14:07:18,067 WARNING:main.py:418:setup_molecule:Multiple occupancies found: CA in GLU A 57.
2024-02-28 14:07:18,067 WARNING:main.py:418:setup_molecule:Multiple occupancies found: C in GLU A 57.
2024-02-28 14:07:18,067 WARNING:main.py:418:setup_molecule:Multiple occupancies found: O in GLU A 57.
2024-02-28 14:07:18,067 WARNING:main.py:418:setup_molecule:Multiple occupancies found: CB in GLU A 57.
2024-02-28 14:07:18,067 WARNING:main.py:418:setup_molecule:Multiple occupancies found: CG in GLU A 57.
2024-02-28 14:07:18,067 WARNING:main.py:418:setup_molecule:Multiple occupancies found: CD in GLU A 57.
2024-02-28 14:07:18,067 WARNING:main.py:418:setup_molecule:Multiple occupancies found: OE1 in GLU A 57.
2024-02-28 14:07:18,067 WARNING:main.py:418:setup_molecule:Multiple occupancies found: OE2 in GLU A 57.
2024-02-28 14:07:18,067 WARNING:main.py:424:setup_molecule:Multiple occupancies found in GLU A 57. At least one of the instances is being ignored.
2024-02-28 14:07:18,067 WARNING:main.py:418:setup_molecule:Multiple occupancies found: N in ASN A 96.
2024-02-28 14:07:18,067 WARNING:main.py:418:setup_molecule:Multiple occupancies found: CA in ASN A 96.
2024-02-28 14:07:18,067 WARNING:main.py:418:setup_molecule:Multiple occupancies found: C in ASN A 96.
2024-02-28 14:07:18,067 WARNING:main.py:418:setup_molecule:Multiple occupancies found: O in ASN A 96.
2024-02-28 14:07:18,067 WARNING:main.py:418:setup_molecule:Multiple occupancies found: CB in ASN A 96.
2024-02-28 14:07:18,067 WARNING:main.py:418:setup_molecule:Multiple occupancies found: CG in ASN A 96.
2024-02-28 14:07:18,067 WARNING:main.py:418:setup_molecule:Multiple occupancies found: OD1 in ASN A 96.
2024-02-28 14:07:18,067 WARNING:main.py:418:setup_molecule:Multiple occupancies found: ND2 in ASN A 96.
2024-02-28 14:07:18,067 WARNING:main.py:424:setup_molecule:Multiple occupancies found in ASN A 96. At least one of the instances is being ignored.
2024-02-28 14:07:18,068 WARNING:main.py:418:setup_molecule:Multiple occupancies found: N in ARG B 81.
2024-02-28 14:07:18,068 WARNING:main.py:418:setup_molecule:Multiple occupancies found: CA in ARG B 81.
2024-02-28 14:07:18,068 WARNING:main.py:418:setup_molecule:Multiple occupancies found: C in ARG B 81.
2024-02-28 14:07:18,068 WARNING:main.py:418:setup_molecule:Multiple occupancies found: O in ARG B 81.
2024-02-28 14:07:18,068 WARNING:main.py:418:setup_molecule:Multiple occupancies found: CB in ARG B 81.
2024-02-28 14:07:18,068 WARNING:main.py:418:setup_molecule:Multiple occupancies found: CG in ARG B 81.
2024-02-28 14:07:18,068 WARNING:main.py:418:setup_molecule:Multiple occupancies found: CD in ARG B 81.
2024-02-28 14:07:18,068 WARNING:main.py:418:setup_molecule:Multiple occupancies found: NE in ARG B 81.
2024-02-28 14:07:18,068 WARNING:main.py:418:setup_molecule:Multiple occupancies found: CZ in ARG B 81.
2024-02-28 14:07:18,068 WARNING:main.py:418:setup_molecule:Multiple occupancies found: NH1 in ARG B 81.
2024-02-28 14:07:18,068 WARNING:main.py:418:setup_molecule:Multiple occupancies found: NH2 in ARG B 81.
2024-02-28 14:07:18,068 WARNING:main.py:424:setup_molecule:Multiple occupancies found in ARG B 81. At least one of the instances is being ignored.
2024-02-28 14:07:18,103 WARNING:biomolecule.py:615:update_bonds:Gap in backbone detected between ARG B 43 and PRO B 48!
2024-02-28 14:07:18,104 WARNING:biomolecule.py:615:update_bonds:Gap in backbone detected between THR B 145 and GLU B 147!
2024-02-28 14:07:18,105 WARNING:biomolecule.py:615:update_bonds:Gap in backbone detected between GLU C 143 and THR C 145!
2024-02-28 14:07:18,194 WARNING:biomolecule.py:157:num_missing_heavy:Missing atom CG in residue ARG A 43
2024-02-28 14:07:18,575 WARNING:biomolecule.py:157:num_missing_heavy:Missing atom CD in residue ARG A 43
2024-02-28 14:07:18,575 WARNING:biomolecule.py:157:num_missing_heavy:Missing atom NE in residue ARG A 43
2024-02-28 14:07:18,575 WARNING:biomolecule.py:157:num_missing_heavy:Missing atom CZ in residue ARG A 43
2024-02-28 14:07:18,977 WARNING:biomolecule.py:157:num_missing_heavy:Missing atom NH1 in residue ARG A 43
2024-02-28 14:07:18,977 WARNING:biomolecule.py:157:num_missing_heavy:Missing atom NH2 in residue ARG A 43
2024-02-28 14:07:18,978 WARNING:biomolecule.py:157:num_missing_heavy:Missing atom CB in residue LYS A 46
2024-02-28 14:07:18,978 WARNING:biomolecule.py:157:num_missing_heavy:Missing atom CG in residue LYS A 46
2024-02-28 14:07:18,978 WARNING:biomolecule.py:157:num_missing_heavy:Missing atom CD in residue LYS A 46
2024-02-28 14:07:18,978 WARNING:biomolecule.py:157:num_missing_heavy:Missing atom CE in residue LYS A 46
2024-02-28 14:07:18,978 WARNING:biomolecule.py:157:num_missing_heavy:Missing atom NZ in residue LYS A 46
2024-02-28 14:07:18,978 WARNING:biomolecule.py:157:num_missing_heavy:Missing atom CB in residue ASP A 47
2024-02-28 14:07:18,978 WARNING:biomolecule.py:157:num_missing_heavy:Missing atom CG in residue ASP A 47
2024-02-28 14:07:18,978 WARNING:biomolecule.py:157:num_missing_heavy:Missing atom OD1 in residue ASP A 47
2024-02-28 14:07:18,978 WARNING:biomolecule.py:157:num_missing_heavy:Missing atom OD2 in residue ASP A 47
2024-02-28 14:07:19,177 WARNING:biomolecule.py:157:num_missing_heavy:Missing atom CG in residue LYS A 73
2024-02-28 14:07:19,177 WARNING:biomolecule.py:157:num_missing_heavy:Missing atom CD in residue LYS A 73
2024-02-28 14:07:19,177 WARNING:biomolecule.py:157:num_missing_heavy:Missing atom CE in residue LYS A 73
2024-02-28 14:07:19,178 WARNING:biomolecule.py:157:num_missing_heavy:Missing atom NZ in residue LYS A 73
2024-02-28 14:07:19,178 WARNING:biomolecule.py:157:num_missing_heavy:Missing atom CG in residue LYS A 98
2024-02-28 14:07:19,178 WARNING:biomolecule.py:157:num_missing_heavy:Missing atom CD in residue LYS A 98
2024-02-28 14:07:19,178 WARNING:biomolecule.py:157:num_missing_heavy:Missing atom CE in residue LYS A 98
2024-02-28 14:07:19,178 WARNING:biomolecule.py:157:num_missing_heavy:Missing atom NZ in residue LYS A 98
2024-02-28 14:07:19,178 WARNING:biomolecule.py:157:num_missing_heavy:Missing atom OXT in residue ASP A 177
2024-02-28 14:07:19,178 WARNING:biomolecule.py:157:num_missing_heavy:Missing atom CB in residue SER B 5
2024-02-28 14:07:19,178 WARNING:biomolecule.py:157:num_missing_heavy:Missing atom OG in residue SER B 5
2024-02-28 14:07:19,178 WARNING:biomolecule.py:157:num_missing_heavy:Missing atom CG in residue ASP B 6
2024-02-28 14:07:19,178 WARNING:biomolecule.py:157:num_missing_heavy:Missing atom OD1 in residue ASP B 6
2024-02-28 14:07:19,178 WARNING:biomolecule.py:157:num_missing_heavy:Missing atom OD2 in residue ASP B 6
2024-02-28 14:07:19,179 WARNING:biomolecule.py:157:num_missing_heavy:Missing atom CG in residue ARG B 72
2024-02-28 14:07:19,179 WARNING:biomolecule.py:157:num_missing_heavy:Missing atom CD in residue ARG B 72
2024-02-28 14:07:19,179 WARNING:biomolecule.py:157:num_missing_heavy:Missing atom NE in residue ARG B 72
2024-02-28 14:07:19,179 WARNING:biomolecule.py:157:num_missing_heavy:Missing atom CZ in residue ARG B 72
2024-02-28 14:07:19,179 WARNING:biomolecule.py:157:num_missing_heavy:Missing atom NH1 in residue ARG B 72
2024-02-28 14:07:19,179 WARNING:biomolecule.py:157:num_missing_heavy:Missing atom NH2 in residue ARG B 72
2024-02-28 14:07:19,179 WARNING:biomolecule.py:157:num_missing_heavy:Missing atom CG in residue LYS B 73
2024-02-28 14:07:19,179 WARNING:biomolecule.py:157:num_missing_heavy:Missing atom CD in residue LYS B 73
2024-02-28 14:07:19,179 WARNING:biomolecule.py:157:num_missing_heavy:Missing atom CE in residue LYS B 73
2024-02-28 14:07:19,179 WARNING:biomolecule.py:157:num_missing_heavy:Missing atom NZ in residue LYS B 73
2024-02-28 14:07:19,179 WARNING:biomolecule.py:157:num_missing_heavy:Missing atom CG in residue LYS B 74
2024-02-28 14:07:19,179 WARNING:biomolecule.py:157:num_missing_heavy:Missing atom CD in residue LYS B 74
2024-02-28 14:07:19,179 WARNING:biomolecule.py:157:num_missing_heavy:Missing atom CE in residue LYS B 74
2024-02-28 14:07:19,179 WARNING:biomolecule.py:157:num_missing_heavy:Missing atom NZ in residue LYS B 74
2024-02-28 14:07:19,179 WARNING:biomolecule.py:157:num_missing_heavy:Missing atom CG in residue TRP B 79
2024-02-28 14:07:19,179 WARNING:biomolecule.py:157:num_missing_heavy:Missing atom CD1 in residue TRP B 79
2024-02-28 14:07:19,179 WARNING:biomolecule.py:157:num_missing_heavy:Missing atom CD2 in residue TRP B 79
2024-02-28 14:07:19,179 WARNING:biomolecule.py:157:num_missing_heavy:Missing atom NE1 in residue TRP B 79
2024-02-28 14:07:19,179 WARNING:biomolecule.py:157:num_missing_heavy:Missing atom CE2 in residue TRP B 79
2024-02-28 14:07:19,179 WARNING:biomolecule.py:157:num_missing_heavy:Missing atom CE3 in residue TRP B 79
2024-02-28 14:07:19,179 WARNING:biomolecule.py:157:num_missing_heavy:Missing atom CZ2 in residue TRP B 79
2024-02-28 14:07:19,179 WARNING:biomolecule.py:157:num_missing_heavy:Missing atom CZ3 in residue TRP B 79
2024-02-28 14:07:19,179 WARNING:biomolecule.py:157:num_missing_heavy:Missing atom CH2 in residue TRP B 79
2024-02-28 14:07:19,180 WARNING:biomolecule.py:157:num_missing_heavy:Missing atom CG1 in residue ILE B 80
2024-02-28 14:07:19,180 WARNING:biomolecule.py:157:num_missing_heavy:Missing atom CG2 in residue ILE B 80
2024-02-28 14:07:19,180 WARNING:biomolecule.py:157:num_missing_heavy:Missing atom CD1 in residue ILE B 80
2024-02-28 14:07:19,180 WARNING:biomolecule.py:157:num_missing_heavy:Missing atom CG in residue LEU B 144
2024-02-28 14:07:19,180 WARNING:biomolecule.py:157:num_missing_heavy:Missing atom CD1 in residue LEU B 144
2024-02-28 14:07:19,180 WARNING:biomolecule.py:157:num_missing_heavy:Missing atom CD2 in residue LEU B 144
2024-02-28 14:07:19,180 WARNING:biomolecule.py:157:num_missing_heavy:Missing atom OG1 in residue THR B 145
2024-02-28 14:07:19,180 WARNING:biomolecule.py:157:num_missing_heavy:Missing atom CG2 in residue THR B 145
2024-02-28 14:07:19,180 WARNING:biomolecule.py:157:num_missing_heavy:Missing atom CG in residue GLU B 147
2024-02-28 14:07:19,180 WARNING:biomolecule.py:157:num_missing_heavy:Missing atom CD in residue GLU B 147
2024-02-28 14:07:19,180 WARNING:biomolecule.py:157:num_missing_heavy:Missing atom OE1 in residue GLU B 147
2024-02-28 14:07:19,180 WARNING:biomolecule.py:157:num_missing_heavy:Missing atom OE2 in residue GLU B 147
2024-02-28 14:07:19,180 WARNING:biomolecule.py:157:num_missing_heavy:Missing atom CG in residue LYS B 149
2024-02-28 14:07:19,180 WARNING:biomolecule.py:157:num_missing_heavy:Missing atom CD in residue LYS B 149
2024-02-28 14:07:19,180 WARNING:biomolecule.py:157:num_missing_heavy:Missing atom CE in residue LYS B 149
2024-02-28 14:07:19,180 WARNING:biomolecule.py:157:num_missing_heavy:Missing atom NZ in residue LYS B 149
2024-02-28 14:07:19,181 WARNING:biomolecule.py:157:num_missing_heavy:Missing atom OXT in residue ASP B 177
2024-02-28 14:07:19,181 WARNING:biomolecule.py:157:num_missing_heavy:Missing atom CG in residue ASN C 25
2024-02-28 14:07:19,181 WARNING:biomolecule.py:157:num_missing_heavy:Missing atom OD1 in residue ASN C 25
2024-02-28 14:07:19,181 WARNING:biomolecule.py:157:num_missing_heavy:Missing atom ND2 in residue ASN C 25
2024-02-28 14:07:19,181 WARNING:biomolecule.py:157:num_missing_heavy:Missing atom CG in residue GLU C 44
2024-02-28 14:07:19,181 WARNING:biomolecule.py:157:num_missing_heavy:Missing atom CD in residue GLU C 44
2024-02-28 14:07:19,181 WARNING:biomolecule.py:157:num_missing_heavy:Missing atom OE1 in residue GLU C 44
2024-02-28 14:07:19,181 WARNING:biomolecule.py:157:num_missing_heavy:Missing atom OE2 in residue GLU C 44
2024-02-28 14:07:19,185 WARNING:biomolecule.py:157:num_missing_heavy:Missing atom CB in residue LYS C 46
2024-02-28 14:07:19,185 WARNING:biomolecule.py:157:num_missing_heavy:Missing atom CG in residue LYS C 46
2024-02-28 14:07:19,185 WARNING:biomolecule.py:157:num_missing_heavy:Missing atom CD in residue LYS C 46
2024-02-28 14:07:19,185 WARNING:biomolecule.py:157:num_missing_heavy:Missing atom CE in residue LYS C 46
2024-02-28 14:07:19,185 WARNING:biomolecule.py:157:num_missing_heavy:Missing atom NZ in residue LYS C 46
2024-02-28 14:07:19,185 WARNING:biomolecule.py:157:num_missing_heavy:Missing atom CB in residue ASP C 47
2024-02-28 14:07:19,185 WARNING:biomolecule.py:157:num_missing_heavy:Missing atom CG in residue ASP C 47
2024-02-28 14:07:19,185 WARNING:biomolecule.py:157:num_missing_heavy:Missing atom OD1 in residue ASP C 47
2024-02-28 14:07:19,185 WARNING:biomolecule.py:157:num_missing_heavy:Missing atom OD2 in residue ASP C 47
2024-02-28 14:07:19,185 WARNING:biomolecule.py:157:num_missing_heavy:Missing atom CG in residue GLU C 60
2024-02-28 14:07:19,185 WARNING:biomolecule.py:157:num_missing_heavy:Missing atom CD in residue GLU C 60
2024-02-28 14:07:19,186 WARNING:biomolecule.py:157:num_missing_heavy:Missing atom OE1 in residue GLU C 60
2024-02-28 14:07:19,186 WARNING:biomolecule.py:157:num_missing_heavy:Missing atom OE2 in residue GLU C 60
2024-02-28 14:07:19,186 WARNING:biomolecule.py:157:num_missing_heavy:Missing atom CG in residue ARG C 72
2024-02-28 14:07:19,269 WARNING:biomolecule.py:157:num_missing_heavy:Missing atom CD in residue ARG C 72
2024-02-28 14:07:19,269 WARNING:biomolecule.py:157:num_missing_heavy:Missing atom NE in residue ARG C 72
2024-02-28 14:07:19,269 WARNING:biomolecule.py:157:num_missing_heavy:Missing atom CZ in residue ARG C 72
2024-02-28 14:07:19,269 WARNING:biomolecule.py:157:num_missing_heavy:Missing atom NH1 in residue ARG C 72
2024-02-28 14:07:19,269 WARNING:biomolecule.py:157:num_missing_heavy:Missing atom NH2 in residue ARG C 72
2024-02-28 14:07:19,269 WARNING:biomolecule.py:157:num_missing_heavy:Missing atom CG in residue LYS C 73
2024-02-28 14:07:19,269 WARNING:biomolecule.py:157:num_missing_heavy:Missing atom CD in residue LYS C 73
2024-02-28 14:07:19,269 WARNING:biomolecule.py:157:num_missing_heavy:Missing atom CE in residue LYS C 73
2024-02-28 14:07:19,270 WARNING:biomolecule.py:157:num_missing_heavy:Missing atom NZ in residue LYS C 73
2024-02-28 14:07:19,270 WARNING:biomolecule.py:157:num_missing_heavy:Missing atom CG in residue LYS C 74
2024-02-28 14:07:19,270 WARNING:biomolecule.py:157:num_missing_heavy:Missing atom CD in residue LYS C 74
2024-02-28 14:07:19,270 WARNING:biomolecule.py:157:num_missing_heavy:Missing atom CE in residue LYS C 74
2024-02-28 14:07:19,270 WARNING:biomolecule.py:157:num_missing_heavy:Missing atom NZ in residue LYS C 74
2024-02-28 14:07:19,270 WARNING:biomolecule.py:157:num_missing_heavy:Missing atom CG in residue LYS C 98
2024-02-28 14:07:19,270 WARNING:biomolecule.py:157:num_missing_heavy:Missing atom CD in residue LYS C 98
2024-02-28 14:07:19,270 WARNING:biomolecule.py:157:num_missing_heavy:Missing atom CE in residue LYS C 98
2024-02-28 14:07:19,270 WARNING:biomolecule.py:157:num_missing_heavy:Missing atom NZ in residue LYS C 98
2024-02-28 14:07:19,270 WARNING:biomolecule.py:157:num_missing_heavy:Missing atom CG in residue GLU C 147
2024-02-28 14:07:19,270 WARNING:biomolecule.py:157:num_missing_heavy:Missing atom CD in residue GLU C 147
2024-02-28 14:07:19,270 WARNING:biomolecule.py:157:num_missing_heavy:Missing atom OE1 in residue GLU C 147
2024-02-28 14:07:19,270 WARNING:biomolecule.py:157:num_missing_heavy:Missing atom OE2 in residue GLU C 147
2024-02-28 14:07:19,270 WARNING:biomolecule.py:157:num_missing_heavy:Missing atom CG in residue ASN C 151
2024-02-28 14:07:19,270 WARNING:biomolecule.py:157:num_missing_heavy:Missing atom OD1 in residue ASN C 151
2024-02-28 14:07:19,270 WARNING:biomolecule.py:157:num_missing_heavy:Missing atom ND2 in residue ASN C 151
2024-02-28 14:07:19,271 WARNING:biomolecule.py:157:num_missing_heavy:Missing atom OXT in residue ASP C 177
2024-02-28 14:07:19,271 WARNING:biomolecule.py:157:num_missing_heavy:Missing atom CG in residue ARG A 43
2024-02-28 14:07:19,271 WARNING:biomolecule.py:157:num_missing_heavy:Missing atom CD in residue ARG A 43
2024-02-28 14:07:19,271 WARNING:biomolecule.py:157:num_missing_heavy:Missing atom NE in residue ARG A 43
2024-02-28 14:07:19,271 WARNING:biomolecule.py:157:num_missing_heavy:Missing atom CZ in residue ARG A 43
2024-02-28 14:07:19,271 WARNING:biomolecule.py:157:num_missing_heavy:Missing atom NH1 in residue ARG A 43
2024-02-28 14:07:19,271 WARNING:biomolecule.py:157:num_missing_heavy:Missing atom NH2 in residue ARG A 43
2024-02-28 14:07:19,271 WARNING:biomolecule.py:157:num_missing_heavy:Missing atom CB in residue LYS A 46
2024-02-28 14:07:19,271 WARNING:biomolecule.py:157:num_missing_heavy:Missing atom CG in residue LYS A 46
2024-02-28 14:07:19,271 WARNING:biomolecule.py:157:num_missing_heavy:Missing atom CD in residue LYS A 46
2024-02-28 14:07:19,271 WARNING:biomolecule.py:157:num_missing_heavy:Missing atom CE in residue LYS A 46
2024-02-28 14:07:19,271 WARNING:biomolecule.py:157:num_missing_heavy:Missing atom NZ in residue LYS A 46
2024-02-28 14:07:19,271 WARNING:biomolecule.py:157:num_missing_heavy:Missing atom CB in residue ASP A 47
2024-02-28 14:07:19,271 WARNING:biomolecule.py:157:num_missing_heavy:Missing atom CG in residue ASP A 47
2024-02-28 14:07:19,271 WARNING:biomolecule.py:157:num_missing_heavy:Missing atom OD1 in residue ASP A 47
2024-02-28 14:07:19,271 WARNING:biomolecule.py:157:num_missing_heavy:Missing atom OD2 in residue ASP A 47
2024-02-28 14:07:19,272 WARNING:biomolecule.py:157:num_missing_heavy:Missing atom CG in residue LYS A 73
2024-02-28 14:07:19,272 WARNING:biomolecule.py:157:num_missing_heavy:Missing atom CD in residue LYS A 73
2024-02-28 14:07:19,272 WARNING:biomolecule.py:157:num_missing_heavy:Missing atom CE in residue LYS A 73
2024-02-28 14:07:19,272 WARNING:biomolecule.py:157:num_missing_heavy:Missing atom NZ in residue LYS A 73
2024-02-28 14:07:19,272 WARNING:biomolecule.py:157:num_missing_heavy:Missing atom CG in residue LYS A 98
2024-02-28 14:07:19,272 WARNING:biomolecule.py:157:num_missing_heavy:Missing atom CD in residue LYS A 98
2024-02-28 14:07:19,272 WARNING:biomolecule.py:157:num_missing_heavy:Missing atom CE in residue LYS A 98
2024-02-28 14:07:19,272 WARNING:biomolecule.py:157:num_missing_heavy:Missing atom NZ in residue LYS A 98
2024-02-28 14:07:19,272 WARNING:biomolecule.py:157:num_missing_heavy:Missing atom OXT in residue ASP A 177
2024-02-28 14:07:19,272 WARNING:biomolecule.py:157:num_missing_heavy:Missing atom CB in residue SER B 5
2024-02-28 14:07:19,272 WARNING:biomolecule.py:157:num_missing_heavy:Missing atom OG in residue SER B 5
2024-02-28 14:07:19,272 WARNING:biomolecule.py:157:num_missing_heavy:Missing atom CG in residue ASP B 6
2024-02-28 14:07:19,272 WARNING:biomolecule.py:157:num_missing_heavy:Missing atom OD1 in residue ASP B 6
2024-02-28 14:07:19,272 WARNING:biomolecule.py:157:num_missing_heavy:Missing atom OD2 in residue ASP B 6
2024-02-28 14:07:19,273 WARNING:biomolecule.py:157:num_missing_heavy:Missing atom CG in residue ARG B 72
2024-02-28 14:07:19,273 WARNING:biomolecule.py:157:num_missing_heavy:Missing atom CD in residue ARG B 72
2024-02-28 14:07:19,273 WARNING:biomolecule.py:157:num_missing_heavy:Missing atom NE in residue ARG B 72
2024-02-28 14:07:19,273 WARNING:biomolecule.py:157:num_missing_heavy:Missing atom CZ in residue ARG B 72
2024-02-28 14:07:19,273 WARNING:biomolecule.py:157:num_missing_heavy:Missing atom NH1 in residue ARG B 72
2024-02-28 14:07:19,273 WARNING:biomolecule.py:157:num_missing_heavy:Missing atom NH2 in residue ARG B 72
2024-02-28 14:07:19,273 WARNING:biomolecule.py:157:num_missing_heavy:Missing atom CG in residue LYS B 73
2024-02-28 14:07:19,273 WARNING:biomolecule.py:157:num_missing_heavy:Missing atom CD in residue LYS B 73
2024-02-28 14:07:19,273 WARNING:biomolecule.py:157:num_missing_heavy:Missing atom CE in residue LYS B 73
2024-02-28 14:07:19,273 WARNING:biomolecule.py:157:num_missing_heavy:Missing atom NZ in residue LYS B 73
2024-02-28 14:07:19,273 WARNING:biomolecule.py:157:num_missing_heavy:Missing atom CG in residue LYS B 74
2024-02-28 14:07:19,273 WARNING:biomolecule.py:157:num_missing_heavy:Missing atom CD in residue LYS B 74
2024-02-28 14:07:19,273 WARNING:biomolecule.py:157:num_missing_heavy:Missing atom CE in residue LYS B 74
2024-02-28 14:07:19,273 WARNING:biomolecule.py:157:num_missing_heavy:Missing atom NZ in residue LYS B 74
2024-02-28 14:07:19,273 WARNING:biomolecule.py:157:num_missing_heavy:Missing atom CG in residue TRP B 79
2024-02-28 14:07:19,273 WARNING:biomolecule.py:157:num_missing_heavy:Missing atom CD1 in residue TRP B 79
2024-02-28 14:07:19,273 WARNING:biomolecule.py:157:num_missing_heavy:Missing atom CD2 in residue TRP B 79
2024-02-28 14:07:19,273 WARNING:biomolecule.py:157:num_missing_heavy:Missing atom NE1 in residue TRP B 79
2024-02-28 14:07:19,273 WARNING:biomolecule.py:157:num_missing_heavy:Missing atom CE2 in residue TRP B 79
2024-02-28 14:07:19,273 WARNING:biomolecule.py:157:num_missing_heavy:Missing atom CE3 in residue TRP B 79
2024-02-28 14:07:19,274 WARNING:biomolecule.py:157:num_missing_heavy:Missing atom CZ2 in residue TRP B 79
2024-02-28 14:07:19,274 WARNING:biomolecule.py:157:num_missing_heavy:Missing atom CZ3 in residue TRP B 79
2024-02-28 14:07:19,274 WARNING:biomolecule.py:157:num_missing_heavy:Missing atom CH2 in residue TRP B 79
2024-02-28 14:07:19,274 WARNING:biomolecule.py:157:num_missing_heavy:Missing atom CG1 in residue ILE B 80
2024-02-28 14:07:19,274 WARNING:biomolecule.py:157:num_missing_heavy:Missing atom CG2 in residue ILE B 80
2024-02-28 14:07:19,274 WARNING:biomolecule.py:157:num_missing_heavy:Missing atom CD1 in residue ILE B 80
2024-02-28 14:07:19,274 WARNING:biomolecule.py:157:num_missing_heavy:Missing atom CG in residue LEU B 144
2024-02-28 14:07:19,274 WARNING:biomolecule.py:157:num_missing_heavy:Missing atom CD1 in residue LEU B 144
2024-02-28 14:07:19,274 WARNING:biomolecule.py:157:num_missing_heavy:Missing atom CD2 in residue LEU B 144
2024-02-28 14:07:19,274 WARNING:biomolecule.py:157:num_missing_heavy:Missing atom OG1 in residue THR B 145
2024-02-28 14:07:19,274 WARNING:biomolecule.py:157:num_missing_heavy:Missing atom CG2 in residue THR B 145
2024-02-28 14:07:19,274 WARNING:biomolecule.py:157:num_missing_heavy:Missing atom CG in residue GLU B 147
2024-02-28 14:07:19,274 WARNING:biomolecule.py:157:num_missing_heavy:Missing atom CD in residue GLU B 147
2024-02-28 14:07:19,274 WARNING:biomolecule.py:157:num_missing_heavy:Missing atom OE1 in residue GLU B 147
2024-02-28 14:07:19,274 WARNING:biomolecule.py:157:num_missing_heavy:Missing atom OE2 in residue GLU B 147
2024-02-28 14:07:19,274 WARNING:biomolecule.py:157:num_missing_heavy:Missing atom CG in residue LYS B 149
2024-02-28 14:07:19,274 WARNING:biomolecule.py:157:num_missing_heavy:Missing atom CD in residue LYS B 149
2024-02-28 14:07:19,274 WARNING:biomolecule.py:157:num_missing_heavy:Missing atom CE in residue LYS B 149
2024-02-28 14:07:19,274 WARNING:biomolecule.py:157:num_missing_heavy:Missing atom NZ in residue LYS B 149
2024-02-28 14:07:19,275 WARNING:biomolecule.py:157:num_missing_heavy:Missing atom OXT in residue ASP B 177
2024-02-28 14:07:19,275 WARNING:biomolecule.py:157:num_missing_heavy:Missing atom CG in residue ASN C 25
2024-02-28 14:07:19,275 WARNING:biomolecule.py:157:num_missing_heavy:Missing atom OD1 in residue ASN C 25
2024-02-28 14:07:19,275 WARNING:biomolecule.py:157:num_missing_heavy:Missing atom ND2 in residue ASN C 25
2024-02-28 14:07:19,275 WARNING:biomolecule.py:157:num_missing_heavy:Missing atom CG in residue GLU C 44
2024-02-28 14:07:19,275 WARNING:biomolecule.py:157:num_missing_heavy:Missing atom CD in residue GLU C 44
2024-02-28 14:07:19,275 WARNING:biomolecule.py:157:num_missing_heavy:Missing atom OE1 in residue GLU C 44
2024-02-28 14:07:19,275 WARNING:biomolecule.py:157:num_missing_heavy:Missing atom OE2 in residue GLU C 44
2024-02-28 14:07:19,275 WARNING:biomolecule.py:157:num_missing_heavy:Missing atom CB in residue LYS C 46
2024-02-28 14:07:19,275 WARNING:biomolecule.py:157:num_missing_heavy:Missing atom CG in residue LYS C 46
2024-02-28 14:07:19,275 WARNING:biomolecule.py:157:num_missing_heavy:Missing atom CD in residue LYS C 46
2024-02-28 14:07:19,275 WARNING:biomolecule.py:157:num_missing_heavy:Missing atom CE in residue LYS C 46
2024-02-28 14:07:19,275 WARNING:biomolecule.py:157:num_missing_heavy:Missing atom NZ in residue LYS C 46
2024-02-28 14:07:19,275 WARNING:biomolecule.py:157:num_missing_heavy:Missing atom CB in residue ASP C 47
2024-02-28 14:07:19,275 WARNING:biomolecule.py:157:num_missing_heavy:Missing atom CG in residue ASP C 47
2024-02-28 14:07:19,275 WARNING:biomolecule.py:157:num_missing_heavy:Missing atom OD1 in residue ASP C 47
2024-02-28 14:07:19,275 WARNING:biomolecule.py:157:num_missing_heavy:Missing atom OD2 in residue ASP C 47
2024-02-28 14:07:19,275 WARNING:biomolecule.py:157:num_missing_heavy:Missing atom CG in residue GLU C 60
2024-02-28 14:07:19,333 WARNING:biomolecule.py:157:num_missing_heavy:Missing atom CD in residue GLU C 60
2024-02-28 14:07:19,333 WARNING:biomolecule.py:157:num_missing_heavy:Missing atom OE1 in residue GLU C 60
2024-02-28 14:07:19,333 WARNING:biomolecule.py:157:num_missing_heavy:Missing atom OE2 in residue GLU C 60
2024-02-28 14:07:19,333 WARNING:biomolecule.py:157:num_missing_heavy:Missing atom CG in residue ARG C 72
2024-02-28 14:07:19,333 WARNING:biomolecule.py:157:num_missing_heavy:Missing atom CD in residue ARG C 72
2024-02-28 14:07:19,333 WARNING:biomolecule.py:157:num_missing_heavy:Missing atom NE in residue ARG C 72
2024-02-28 14:07:19,333 WARNING:biomolecule.py:157:num_missing_heavy:Missing atom CZ in residue ARG C 72
2024-02-28 14:07:19,333 WARNING:biomolecule.py:157:num_missing_heavy:Missing atom NH1 in residue ARG C 72
2024-02-28 14:07:19,333 WARNING:biomolecule.py:157:num_missing_heavy:Missing atom NH2 in residue ARG C 72
2024-02-28 14:07:19,334 WARNING:biomolecule.py:157:num_missing_heavy:Missing atom CG in residue LYS C 73
2024-02-28 14:07:19,334 WARNING:biomolecule.py:157:num_missing_heavy:Missing atom CD in residue LYS C 73
2024-02-28 14:07:19,334 WARNING:biomolecule.py:157:num_missing_heavy:Missing atom CE in residue LYS C 73
2024-02-28 14:07:19,334 WARNING:biomolecule.py:157:num_missing_heavy:Missing atom NZ in residue LYS C 73
2024-02-28 14:07:19,334 WARNING:biomolecule.py:157:num_missing_heavy:Missing atom CG in residue LYS C 74
2024-02-28 14:07:19,334 WARNING:biomolecule.py:157:num_missing_heavy:Missing atom CD in residue LYS C 74
2024-02-28 14:07:19,334 WARNING:biomolecule.py:157:num_missing_heavy:Missing atom CE in residue LYS C 74
2024-02-28 14:07:19,334 WARNING:biomolecule.py:157:num_missing_heavy:Missing atom NZ in residue LYS C 74
2024-02-28 14:07:19,334 WARNING:biomolecule.py:157:num_missing_heavy:Missing atom CG in residue LYS C 98
2024-02-28 14:07:19,334 WARNING:biomolecule.py:157:num_missing_heavy:Missing atom CD in residue LYS C 98
2024-02-28 14:07:19,334 WARNING:biomolecule.py:157:num_missing_heavy:Missing atom CE in residue LYS C 98
2024-02-28 14:07:19,334 WARNING:biomolecule.py:157:num_missing_heavy:Missing atom NZ in residue LYS C 98
2024-02-28 14:07:19,334 WARNING:biomolecule.py:157:num_missing_heavy:Missing atom CG in residue GLU C 147
2024-02-28 14:07:19,334 WARNING:biomolecule.py:157:num_missing_heavy:Missing atom CD in residue GLU C 147
2024-02-28 14:07:19,334 WARNING:biomolecule.py:157:num_missing_heavy:Missing atom OE1 in residue GLU C 147
2024-02-28 14:07:19,334 WARNING:biomolecule.py:157:num_missing_heavy:Missing atom OE2 in residue GLU C 147
2024-02-28 14:07:19,334 WARNING:biomolecule.py:157:num_missing_heavy:Missing atom CG in residue ASN C 151
2024-02-28 14:07:19,334 WARNING:biomolecule.py:157:num_missing_heavy:Missing atom OD1 in residue ASN C 151
2024-02-28 14:07:19,334 WARNING:biomolecule.py:157:num_missing_heavy:Missing atom ND2 in residue ASN C 151
2024-02-28 14:07:19,335 WARNING:biomolecule.py:157:num_missing_heavy:Missing atom OXT in residue ASP C 177
2024-02-28 14:07:19,335 WARNING:biomolecule.py:157:num_missing_heavy:Missing atom CG in residue ARG A 43
2024-02-28 14:07:19,335 WARNING:biomolecule.py:157:num_missing_heavy:Missing atom CD in residue ARG A 43
2024-02-28 14:07:19,335 WARNING:biomolecule.py:157:num_missing_heavy:Missing atom NE in residue ARG A 43
2024-02-28 14:07:19,335 WARNING:biomolecule.py:157:num_missing_heavy:Missing atom CZ in residue ARG A 43
2024-02-28 14:07:19,335 WARNING:biomolecule.py:157:num_missing_heavy:Missing atom NH1 in residue ARG A 43
2024-02-28 14:07:19,335 WARNING:biomolecule.py:157:num_missing_heavy:Missing atom NH2 in residue ARG A 43
2024-02-28 14:07:19,335 WARNING:biomolecule.py:157:num_missing_heavy:Missing atom CB in residue LYS A 46
2024-02-28 14:07:19,335 WARNING:biomolecule.py:157:num_missing_heavy:Missing atom CG in residue LYS A 46
2024-02-28 14:07:19,335 WARNING:biomolecule.py:157:num_missing_heavy:Missing atom CD in residue LYS A 46
2024-02-28 14:07:19,335 WARNING:biomolecule.py:157:num_missing_heavy:Missing atom CE in residue LYS A 46
2024-02-28 14:07:19,335 WARNING:biomolecule.py:157:num_missing_heavy:Missing atom NZ in residue LYS A 46
2024-02-28 14:07:19,335 WARNING:biomolecule.py:157:num_missing_heavy:Missing atom CB in residue ASP A 47
2024-02-28 14:07:19,335 WARNING:biomolecule.py:157:num_missing_heavy:Missing atom CG in residue ASP A 47
2024-02-28 14:07:19,335 WARNING:biomolecule.py:157:num_missing_heavy:Missing atom OD1 in residue ASP A 47
2024-02-28 14:07:19,335 WARNING:biomolecule.py:157:num_missing_heavy:Missing atom OD2 in residue ASP A 47
2024-02-28 14:07:19,335 WARNING:biomolecule.py:157:num_missing_heavy:Missing atom CG in residue LYS A 73
2024-02-28 14:07:19,335 WARNING:biomolecule.py:157:num_missing_heavy:Missing atom CD in residue LYS A 73
2024-02-28 14:07:19,335 WARNING:biomolecule.py:157:num_missing_heavy:Missing atom CE in residue LYS A 73
2024-02-28 14:07:19,335 WARNING:biomolecule.py:157:num_missing_heavy:Missing atom NZ in residue LYS A 73
2024-02-28 14:07:19,336 WARNING:biomolecule.py:157:num_missing_heavy:Missing atom CG in residue LYS A 98
2024-02-28 14:07:19,336 WARNING:biomolecule.py:157:num_missing_heavy:Missing atom CD in residue LYS A 98
2024-02-28 14:07:19,336 WARNING:biomolecule.py:157:num_missing_heavy:Missing atom CE in residue LYS A 98
2024-02-28 14:07:19,336 WARNING:biomolecule.py:157:num_missing_heavy:Missing atom NZ in residue LYS A 98
2024-02-28 14:07:19,336 WARNING:biomolecule.py:157:num_missing_heavy:Missing atom OXT in residue ASP A 177
2024-02-28 14:07:19,336 WARNING:biomolecule.py:157:num_missing_heavy:Missing atom CB in residue SER B 5
2024-02-28 14:07:19,336 WARNING:biomolecule.py:157:num_missing_heavy:Missing atom OG in residue SER B 5
2024-02-28 14:07:19,336 WARNING:biomolecule.py:157:num_missing_heavy:Missing atom CG in residue ASP B 6
2024-02-28 14:07:19,336 WARNING:biomolecule.py:157:num_missing_heavy:Missing atom OD1 in residue ASP B 6
2024-02-28 14:07:19,336 WARNING:biomolecule.py:157:num_missing_heavy:Missing atom OD2 in residue ASP B 6
2024-02-28 14:07:19,337 WARNING:biomolecule.py:157:num_missing_heavy:Missing atom CG in residue ARG B 72
2024-02-28 14:07:19,337 WARNING:biomolecule.py:157:num_missing_heavy:Missing atom CD in residue ARG B 72
2024-02-28 14:07:19,337 WARNING:biomolecule.py:157:num_missing_heavy:Missing atom NE in residue ARG B 72
2024-02-28 14:07:19,337 WARNING:biomolecule.py:157:num_missing_heavy:Missing atom CZ in residue ARG B 72
2024-02-28 14:07:19,337 WARNING:biomolecule.py:157:num_missing_heavy:Missing atom NH1 in residue ARG B 72
2024-02-28 14:07:19,337 WARNING:biomolecule.py:157:num_missing_heavy:Missing atom NH2 in residue ARG B 72
2024-02-28 14:07:19,337 WARNING:biomolecule.py:157:num_missing_heavy:Missing atom CG in residue LYS B 73
2024-02-28 14:07:19,337 WARNING:biomolecule.py:157:num_missing_heavy:Missing atom CD in residue LYS B 73
2024-02-28 14:07:19,337 WARNING:biomolecule.py:157:num_missing_heavy:Missing atom CE in residue LYS B 73
2024-02-28 14:07:19,337 WARNING:biomolecule.py:157:num_missing_heavy:Missing atom NZ in residue LYS B 73
2024-02-28 14:07:19,337 WARNING:biomolecule.py:157:num_missing_heavy:Missing atom CG in residue LYS B 74
2024-02-28 14:07:19,337 WARNING:biomolecule.py:157:num_missing_heavy:Missing atom CD in residue LYS B 74
2024-02-28 14:07:19,337 WARNING:biomolecule.py:157:num_missing_heavy:Missing atom CE in residue LYS B 74
2024-02-28 14:07:19,337 WARNING:biomolecule.py:157:num_missing_heavy:Missing atom NZ in residue LYS B 74
2024-02-28 14:07:19,337 WARNING:biomolecule.py:157:num_missing_heavy:Missing atom CG in residue TRP B 79
2024-02-28 14:07:19,441 WARNING:biomolecule.py:157:num_missing_heavy:Missing atom CD1 in residue TRP B 79
2024-02-28 14:07:19,441 WARNING:biomolecule.py:157:num_missing_heavy:Missing atom CD2 in residue TRP B 79
2024-02-28 14:07:19,441 WARNING:biomolecule.py:157:num_missing_heavy:Missing atom NE1 in residue TRP B 79
2024-02-28 14:07:19,441 WARNING:biomolecule.py:157:num_missing_heavy:Missing atom CE2 in residue TRP B 79
2024-02-28 14:07:19,441 WARNING:biomolecule.py:157:num_missing_heavy:Missing atom CE3 in residue TRP B 79
2024-02-28 14:07:19,441 WARNING:biomolecule.py:157:num_missing_heavy:Missing atom CZ2 in residue TRP B 79
2024-02-28 14:07:19,441 WARNING:biomolecule.py:157:num_missing_heavy:Missing atom CZ3 in residue TRP B 79
2024-02-28 14:07:19,441 WARNING:biomolecule.py:157:num_missing_heavy:Missing atom CH2 in residue TRP B 79
2024-02-28 14:07:19,441 WARNING:biomolecule.py:157:num_missing_heavy:Missing atom CG1 in residue ILE B 80
2024-02-28 14:07:19,442 WARNING:biomolecule.py:157:num_missing_heavy:Missing atom CG2 in residue ILE B 80
2024-02-28 14:07:19,442 WARNING:biomolecule.py:157:num_missing_heavy:Missing atom CD1 in residue ILE B 80
2024-02-28 14:07:19,442 WARNING:biomolecule.py:157:num_missing_heavy:Missing atom CG in residue LEU B 144
2024-02-28 14:07:19,442 WARNING:biomolecule.py:157:num_missing_heavy:Missing atom CD1 in residue LEU B 144
2024-02-28 14:07:19,442 WARNING:biomolecule.py:157:num_missing_heavy:Missing atom CD2 in residue LEU B 144
2024-02-28 14:07:19,442 WARNING:biomolecule.py:157:num_missing_heavy:Missing atom OG1 in residue THR B 145
2024-02-28 14:07:19,442 WARNING:biomolecule.py:157:num_missing_heavy:Missing atom CG2 in residue THR B 145
2024-02-28 14:07:19,442 WARNING:biomolecule.py:157:num_missing_heavy:Missing atom CG in residue GLU B 147
2024-02-28 14:07:19,442 WARNING:biomolecule.py:157:num_missing_heavy:Missing atom CD in residue GLU B 147
2024-02-28 14:07:19,442 WARNING:biomolecule.py:157:num_missing_heavy:Missing atom OE1 in residue GLU B 147
2024-02-28 14:07:19,442 WARNING:biomolecule.py:157:num_missing_heavy:Missing atom OE2 in residue GLU B 147
2024-02-28 14:07:19,442 WARNING:biomolecule.py:157:num_missing_heavy:Missing atom CG in residue LYS B 149
2024-02-28 14:07:19,442 WARNING:biomolecule.py:157:num_missing_heavy:Missing atom CD in residue LYS B 149
2024-02-28 14:07:19,442 WARNING:biomolecule.py:157:num_missing_heavy:Missing atom CE in residue LYS B 149
2024-02-28 14:07:19,442 WARNING:biomolecule.py:157:num_missing_heavy:Missing atom NZ in residue LYS B 149
2024-02-28 14:07:19,443 WARNING:biomolecule.py:157:num_missing_heavy:Missing atom OXT in residue ASP B 177
2024-02-28 14:07:19,443 WARNING:biomolecule.py:157:num_missing_heavy:Missing atom CG in residue ASN C 25
2024-02-28 14:07:19,443 WARNING:biomolecule.py:157:num_missing_heavy:Missing atom OD1 in residue ASN C 25
2024-02-28 14:07:19,443 WARNING:biomolecule.py:157:num_missing_heavy:Missing atom ND2 in residue ASN C 25
2024-02-28 14:07:19,443 WARNING:biomolecule.py:157:num_missing_heavy:Missing atom CG in residue GLU C 44
2024-02-28 14:07:19,443 WARNING:biomolecule.py:157:num_missing_heavy:Missing atom CD in residue GLU C 44
2024-02-28 14:07:19,443 WARNING:biomolecule.py:157:num_missing_heavy:Missing atom OE1 in residue GLU C 44
2024-02-28 14:07:19,443 WARNING:biomolecule.py:157:num_missing_heavy:Missing atom OE2 in residue GLU C 44
2024-02-28 14:07:19,443 WARNING:biomolecule.py:157:num_missing_heavy:Missing atom CB in residue LYS C 46
2024-02-28 14:07:19,443 WARNING:biomolecule.py:157:num_missing_heavy:Missing atom CG in residue LYS C 46
2024-02-28 14:07:19,443 WARNING:biomolecule.py:157:num_missing_heavy:Missing atom CD in residue LYS C 46
2024-02-28 14:07:19,443 WARNING:biomolecule.py:157:num_missing_heavy:Missing atom CE in residue LYS C 46
2024-02-28 14:07:19,443 WARNING:biomolecule.py:157:num_missing_heavy:Missing atom NZ in residue LYS C 46
2024-02-28 14:07:19,443 WARNING:biomolecule.py:157:num_missing_heavy:Missing atom CB in residue ASP C 47
2024-02-28 14:07:19,443 WARNING:biomolecule.py:157:num_missing_heavy:Missing atom CG in residue ASP C 47
2024-02-28 14:07:19,443 WARNING:biomolecule.py:157:num_missing_heavy:Missing atom OD1 in residue ASP C 47
2024-02-28 14:07:19,443 WARNING:biomolecule.py:157:num_missing_heavy:Missing atom OD2 in residue ASP C 47
2024-02-28 14:07:19,443 WARNING:biomolecule.py:157:num_missing_heavy:Missing atom CG in residue GLU C 60
2024-02-28 14:07:19,443 WARNING:biomolecule.py:157:num_missing_heavy:Missing atom CD in residue GLU C 60
2024-02-28 14:07:19,443 WARNING:biomolecule.py:157:num_missing_heavy:Missing atom OE1 in residue GLU C 60
2024-02-28 14:07:19,443 WARNING:biomolecule.py:157:num_missing_heavy:Missing atom OE2 in residue GLU C 60
2024-02-28 14:07:19,444 WARNING:biomolecule.py:157:num_missing_heavy:Missing atom CG in residue ARG C 72
2024-02-28 14:07:19,444 WARNING:biomolecule.py:157:num_missing_heavy:Missing atom CD in residue ARG C 72
2024-02-28 14:07:19,444 WARNING:biomolecule.py:157:num_missing_heavy:Missing atom NE in residue ARG C 72
2024-02-28 14:07:19,444 WARNING:biomolecule.py:157:num_missing_heavy:Missing atom CZ in residue ARG C 72
2024-02-28 14:07:19,444 WARNING:biomolecule.py:157:num_missing_heavy:Missing atom NH1 in residue ARG C 72
2024-02-28 14:07:19,444 WARNING:biomolecule.py:157:num_missing_heavy:Missing atom NH2 in residue ARG C 72
2024-02-28 14:07:19,444 WARNING:biomolecule.py:157:num_missing_heavy:Missing atom CG in residue LYS C 73
2024-02-28 14:07:19,444 WARNING:biomolecule.py:157:num_missing_heavy:Missing atom CD in residue LYS C 73
2024-02-28 14:07:19,444 WARNING:biomolecule.py:157:num_missing_heavy:Missing atom CE in residue LYS C 73
2024-02-28 14:07:19,444 WARNING:biomolecule.py:157:num_missing_heavy:Missing atom NZ in residue LYS C 73
2024-02-28 14:07:19,444 WARNING:biomolecule.py:157:num_missing_heavy:Missing atom CG in residue LYS C 74
2024-02-28 14:07:19,444 WARNING:biomolecule.py:157:num_missing_heavy:Missing atom CD in residue LYS C 74
2024-02-28 14:07:19,444 WARNING:biomolecule.py:157:num_missing_heavy:Missing atom CE in residue LYS C 74
2024-02-28 14:07:19,444 WARNING:biomolecule.py:157:num_missing_heavy:Missing atom NZ in residue LYS C 74
2024-02-28 14:07:19,444 WARNING:biomolecule.py:157:num_missing_heavy:Missing atom CG in residue LYS C 98
2024-02-28 14:07:19,444 WARNING:biomolecule.py:157:num_missing_heavy:Missing atom CD in residue LYS C 98
2024-02-28 14:07:19,444 WARNING:biomolecule.py:157:num_missing_heavy:Missing atom CE in residue LYS C 98
2024-02-28 14:07:19,444 WARNING:biomolecule.py:157:num_missing_heavy:Missing atom NZ in residue LYS C 98
2024-02-28 14:07:19,444 WARNING:biomolecule.py:157:num_missing_heavy:Missing atom CG in residue GLU C 147
2024-02-28 14:07:19,445 WARNING:biomolecule.py:157:num_missing_heavy:Missing atom CD in residue GLU C 147
2024-02-28 14:07:19,445 WARNING:biomolecule.py:157:num_missing_heavy:Missing atom OE1 in residue GLU C 147
2024-02-28 14:07:19,445 WARNING:biomolecule.py:157:num_missing_heavy:Missing atom OE2 in residue GLU C 147
2024-02-28 14:07:19,445 WARNING:biomolecule.py:157:num_missing_heavy:Missing atom CG in residue ASN C 151
2024-02-28 14:07:19,445 WARNING:biomolecule.py:157:num_missing_heavy:Missing atom OD1 in residue ASN C 151
2024-02-28 14:07:19,445 WARNING:biomolecule.py:157:num_missing_heavy:Missing atom ND2 in residue ASN C 151
2024-02-28 14:07:19,445 WARNING:biomolecule.py:157:num_missing_heavy:Missing atom OXT in residue ASP C 177
2024-02-28 14:07:23,582 WARNING:main.py:311:print_pqr:Ignoring 4900 header lines in output.
2024-02-28 14:07:23,583 WARNING:main.py:315:print_pqr:Ignoring 124 missing lines in output.
