2024-02-28 14:07:17,793 WARNING:biomolecule.py:992:create_residue:Unable to find amino or nucleic acid definition for TYS.  Parsing as new residue.
2024-02-28 14:07:17,829 WARNING:biomolecule.py:992:create_residue:Unable to find amino or nucleic acid definition for NAG.  Parsing as new residue.
2024-02-28 14:07:17,829 WARNING:biomolecule.py:992:create_residue:Unable to find amino or nucleic acid definition for NAG.  Parsing as new residue.
2024-02-28 14:07:17,830 WARNING:biomolecule.py:992:create_residue:Unable to find amino or nucleic acid definition for NA.  Parsing as new residue.
2024-02-28 14:07:17,830 WARNING:biomolecule.py:992:create_residue:Unable to find amino or nucleic acid definition for NA.  Parsing as new residue.
2024-02-28 14:07:17,830 WARNING:biomolecule.py:992:create_residue:Unable to find amino or nucleic acid definition for MEL.  Parsing as new residue.
2024-02-28 14:07:17,840 WARNING:biomolecule.py:615:update_bonds:Gap in backbone detected between THR H 147 and GLY H 150!
2024-02-28 14:07:17,928 WARNING:biomolecule.py:157:num_missing_heavy:Missing atom OXT in residue GLY H 246
2024-02-28 14:07:18,313 WARNING:biomolecule.py:157:num_missing_heavy:Missing atom CB in residue GLU I 61
2024-02-28 14:07:18,313 WARNING:biomolecule.py:157:num_missing_heavy:Missing atom CG in residue GLU I 61
2024-02-28 14:07:18,313 WARNING:biomolecule.py:157:num_missing_heavy:Missing atom CD in residue GLU I 61
2024-02-28 14:07:18,314 WARNING:biomolecule.py:157:num_missing_heavy:Missing atom OE1 in residue GLU I 61
2024-02-28 14:07:18,314 WARNING:biomolecule.py:157:num_missing_heavy:Missing atom OE2 in residue GLU I 61
2024-02-28 14:07:18,314 WARNING:biomolecule.py:157:num_missing_heavy:Missing atom OXT in residue ASP L 14L
2024-02-28 14:07:18,315 WARNING:biomolecule.py:157:num_missing_heavy:Missing atom OXT in residue GLY H 246
2024-02-28 14:07:18,315 WARNING:biomolecule.py:157:num_missing_heavy:Missing atom CB in residue GLU I 61
2024-02-28 14:07:18,315 WARNING:biomolecule.py:157:num_missing_heavy:Missing atom CG in residue GLU I 61
2024-02-28 14:07:18,315 WARNING:biomolecule.py:157:num_missing_heavy:Missing atom CD in residue GLU I 61
2024-02-28 14:07:18,315 WARNING:biomolecule.py:157:num_missing_heavy:Missing atom OE1 in residue GLU I 61
2024-02-28 14:07:18,315 WARNING:biomolecule.py:157:num_missing_heavy:Missing atom OE2 in residue GLU I 61
2024-02-28 14:07:18,315 WARNING:biomolecule.py:157:num_missing_heavy:Missing atom OXT in residue ASP L 14L
2024-02-28 14:07:18,316 WARNING:biomolecule.py:157:num_missing_heavy:Missing atom OXT in residue GLY H 246
2024-02-28 14:07:18,316 WARNING:biomolecule.py:157:num_missing_heavy:Missing atom CB in residue GLU I 61
2024-02-28 14:07:18,317 WARNING:biomolecule.py:157:num_missing_heavy:Missing atom CG in residue GLU I 61
2024-02-28 14:07:18,317 WARNING:biomolecule.py:157:num_missing_heavy:Missing atom CD in residue GLU I 61
2024-02-28 14:07:18,317 WARNING:biomolecule.py:157:num_missing_heavy:Missing atom OE1 in residue GLU I 61
2024-02-28 14:07:18,317 WARNING:biomolecule.py:157:num_missing_heavy:Missing atom OE2 in residue GLU I 61
2024-02-28 14:07:18,317 WARNING:biomolecule.py:157:num_missing_heavy:Missing atom OXT in residue ASP L 14L
2024-02-28 14:07:22,067 WARNING:main.py:311:print_pqr:Ignoring 3247 header lines in output.
2024-02-28 14:07:22,067 WARNING:main.py:315:print_pqr:Ignoring 77 missing lines in output.
