2024-02-28 14:07:09,207 WARNING:biomolecule.py:992:create_residue:Unable to find amino or nucleic acid definition for ACE.  Parsing as new residue.
2024-02-28 14:07:09,208 WARNING:biomolecule.py:992:create_residue:Unable to find amino or nucleic acid definition for FTY.  Parsing as new residue.
2024-02-28 14:07:09,208 WARNING:biomolecule.py:992:create_residue:Unable to find amino or nucleic acid definition for DIP.  Parsing as new residue.
2024-02-28 14:07:09,213 WARNING:biomolecule.py:992:create_residue:Unable to find amino or nucleic acid definition for ACE.  Parsing as new residue.
2024-02-28 14:07:09,213 WARNING:biomolecule.py:992:create_residue:Unable to find amino or nucleic acid definition for FTY.  Parsing as new residue.
2024-02-28 14:07:09,213 WARNING:biomolecule.py:992:create_residue:Unable to find amino or nucleic acid definition for DIP.  Parsing as new residue.
2024-02-28 14:07:09,227 WARNING:biomolecule.py:157:num_missing_heavy:Missing atom CG in residue GLU A 169
2024-02-28 14:07:09,228 WARNING:biomolecule.py:157:num_missing_heavy:Missing atom CD in residue GLU A 169
2024-02-28 14:07:09,228 WARNING:biomolecule.py:157:num_missing_heavy:Missing atom OE1 in residue GLU A 169
2024-02-28 14:07:09,228 WARNING:biomolecule.py:157:num_missing_heavy:Missing atom OE2 in residue GLU A 169
2024-02-28 14:07:09,228 WARNING:biomolecule.py:157:num_missing_heavy:Missing atom CG in residue ARG A 172
2024-02-28 14:07:09,229 WARNING:biomolecule.py:157:num_missing_heavy:Missing atom CD in residue ARG A 172
2024-02-28 14:07:09,229 WARNING:biomolecule.py:157:num_missing_heavy:Missing atom NE in residue ARG A 172
2024-02-28 14:07:09,229 WARNING:biomolecule.py:157:num_missing_heavy:Missing atom CZ in residue ARG A 172
2024-02-28 14:07:09,229 WARNING:biomolecule.py:157:num_missing_heavy:Missing atom NH1 in residue ARG A 172
2024-02-28 14:07:09,230 WARNING:biomolecule.py:157:num_missing_heavy:Missing atom NH2 in residue ARG A 172
2024-02-28 14:07:09,230 WARNING:biomolecule.py:157:num_missing_heavy:Missing atom CG in residue LYS A 184
2024-02-28 14:07:09,230 WARNING:biomolecule.py:157:num_missing_heavy:Missing atom CD in residue LYS A 184
2024-02-28 14:07:09,231 WARNING:biomolecule.py:157:num_missing_heavy:Missing atom CE in residue LYS A 184
2024-02-28 14:07:09,231 WARNING:biomolecule.py:157:num_missing_heavy:Missing atom NZ in residue LYS A 184
2024-02-28 14:07:09,231 WARNING:biomolecule.py:157:num_missing_heavy:Missing atom CG in residue ASN A 196
2024-02-28 14:07:09,231 WARNING:biomolecule.py:157:num_missing_heavy:Missing atom OD1 in residue ASN A 196
2024-02-28 14:07:09,232 WARNING:biomolecule.py:157:num_missing_heavy:Missing atom ND2 in residue ASN A 196
2024-02-28 14:07:09,232 WARNING:biomolecule.py:157:num_missing_heavy:Missing atom CG in residue LYS A 198
2024-02-28 14:07:09,232 WARNING:biomolecule.py:157:num_missing_heavy:Missing atom CD in residue LYS A 198
2024-02-28 14:07:09,232 WARNING:biomolecule.py:157:num_missing_heavy:Missing atom CE in residue LYS A 198
2024-02-28 14:07:09,233 WARNING:biomolecule.py:157:num_missing_heavy:Missing atom NZ in residue LYS A 198
2024-02-28 14:07:09,233 WARNING:biomolecule.py:157:num_missing_heavy:Missing atom CG in residue GLN A 222
2024-02-28 14:07:09,233 WARNING:biomolecule.py:157:num_missing_heavy:Missing atom CD in residue GLN A 222
2024-02-28 14:07:09,234 WARNING:biomolecule.py:157:num_missing_heavy:Missing atom OE1 in residue GLN A 222
2024-02-28 14:07:09,234 WARNING:biomolecule.py:157:num_missing_heavy:Missing atom NE2 in residue GLN A 222
2024-02-28 14:07:09,234 WARNING:biomolecule.py:157:num_missing_heavy:Missing atom CG in residue GLN B 147
2024-02-28 14:07:09,235 WARNING:biomolecule.py:157:num_missing_heavy:Missing atom CD in residue GLN B 147
2024-02-28 14:07:09,235 WARNING:biomolecule.py:157:num_missing_heavy:Missing atom OE1 in residue GLN B 147
2024-02-28 14:07:09,235 WARNING:biomolecule.py:157:num_missing_heavy:Missing atom NE2 in residue GLN B 147
2024-02-28 14:07:09,235 WARNING:biomolecule.py:157:num_missing_heavy:Missing atom CG in residue LYS B 155
2024-02-28 14:07:09,235 WARNING:biomolecule.py:157:num_missing_heavy:Missing atom CD in residue LYS B 155
2024-02-28 14:07:09,236 WARNING:biomolecule.py:157:num_missing_heavy:Missing atom CE in residue LYS B 155
2024-02-28 14:07:09,236 WARNING:biomolecule.py:157:num_missing_heavy:Missing atom NZ in residue LYS B 155
2024-02-28 14:07:09,236 WARNING:biomolecule.py:157:num_missing_heavy:Missing atom CG in residue ARG B 159
2024-02-28 14:07:09,236 WARNING:biomolecule.py:157:num_missing_heavy:Missing atom CD in residue ARG B 159
2024-02-28 14:07:09,237 WARNING:biomolecule.py:157:num_missing_heavy:Missing atom NE in residue ARG B 159
2024-02-28 14:07:09,237 WARNING:biomolecule.py:157:num_missing_heavy:Missing atom CZ in residue ARG B 159
2024-02-28 14:07:09,237 WARNING:biomolecule.py:157:num_missing_heavy:Missing atom NH1 in residue ARG B 159
2024-02-28 14:07:09,237 WARNING:biomolecule.py:157:num_missing_heavy:Missing atom NH2 in residue ARG B 159
2024-02-28 14:07:09,238 WARNING:biomolecule.py:157:num_missing_heavy:Missing atom CG in residue GLU B 169
2024-02-28 14:07:09,238 WARNING:biomolecule.py:157:num_missing_heavy:Missing atom CD in residue GLU B 169
2024-02-28 14:07:09,238 WARNING:biomolecule.py:157:num_missing_heavy:Missing atom OE1 in residue GLU B 169
2024-02-28 14:07:09,238 WARNING:biomolecule.py:157:num_missing_heavy:Missing atom OE2 in residue GLU B 169
2024-02-28 14:07:09,239 WARNING:biomolecule.py:157:num_missing_heavy:Missing atom CG in residue LYS B 184
2024-02-28 14:07:09,239 WARNING:biomolecule.py:157:num_missing_heavy:Missing atom CD in residue LYS B 184
2024-02-28 14:07:09,239 WARNING:biomolecule.py:157:num_missing_heavy:Missing atom CE in residue LYS B 184
2024-02-28 14:07:09,240 WARNING:biomolecule.py:157:num_missing_heavy:Missing atom NZ in residue LYS B 184
2024-02-28 14:07:09,240 WARNING:biomolecule.py:157:num_missing_heavy:Missing atom CG in residue ASN B 196
2024-02-28 14:07:09,240 WARNING:biomolecule.py:157:num_missing_heavy:Missing atom OD1 in residue ASN B 196
2024-02-28 14:07:09,240 WARNING:biomolecule.py:157:num_missing_heavy:Missing atom ND2 in residue ASN B 196
2024-02-28 14:07:09,241 WARNING:biomolecule.py:157:num_missing_heavy:Missing atom OXT in residue GLU C 102
2024-02-28 14:07:09,241 WARNING:biomolecule.py:157:num_missing_heavy:Missing atom OXT in residue GLU D 102
2024-02-28 14:07:09,241 WARNING:biomolecule.py:157:num_missing_heavy:Missing atom CG in residue GLU A 169
2024-02-28 14:07:09,242 WARNING:biomolecule.py:157:num_missing_heavy:Missing atom CD in residue GLU A 169
2024-02-28 14:07:09,242 WARNING:biomolecule.py:157:num_missing_heavy:Missing atom OE1 in residue GLU A 169
2024-02-28 14:07:09,242 WARNING:biomolecule.py:157:num_missing_heavy:Missing atom OE2 in residue GLU A 169
2024-02-28 14:07:09,242 WARNING:biomolecule.py:157:num_missing_heavy:Missing atom CG in residue ARG A 172
2024-02-28 14:07:09,243 WARNING:biomolecule.py:157:num_missing_heavy:Missing atom CD in residue ARG A 172
2024-02-28 14:07:09,243 WARNING:biomolecule.py:157:num_missing_heavy:Missing atom NE in residue ARG A 172
2024-02-28 14:07:09,243 WARNING:biomolecule.py:157:num_missing_heavy:Missing atom CZ in residue ARG A 172
2024-02-28 14:07:09,244 WARNING:biomolecule.py:157:num_missing_heavy:Missing atom NH1 in residue ARG A 172
2024-02-28 14:07:09,244 WARNING:biomolecule.py:157:num_missing_heavy:Missing atom NH2 in residue ARG A 172
2024-02-28 14:07:09,244 WARNING:biomolecule.py:157:num_missing_heavy:Missing atom CG in residue LYS A 184
2024-02-28 14:07:09,244 WARNING:biomolecule.py:157:num_missing_heavy:Missing atom CD in residue LYS A 184
2024-02-28 14:07:09,245 WARNING:biomolecule.py:157:num_missing_heavy:Missing atom CE in residue LYS A 184
2024-02-28 14:07:09,245 WARNING:biomolecule.py:157:num_missing_heavy:Missing atom NZ in residue LYS A 184
2024-02-28 14:07:09,245 WARNING:biomolecule.py:157:num_missing_heavy:Missing atom CG in residue ASN A 196
2024-02-28 14:07:09,246 WARNING:biomolecule.py:157:num_missing_heavy:Missing atom OD1 in residue ASN A 196
2024-02-28 14:07:09,246 WARNING:biomolecule.py:157:num_missing_heavy:Missing atom ND2 in residue ASN A 196
2024-02-28 14:07:09,246 WARNING:biomolecule.py:157:num_missing_heavy:Missing atom CG in residue LYS A 198
2024-02-28 14:07:09,247 WARNING:biomolecule.py:157:num_missing_heavy:Missing atom CD in residue LYS A 198
2024-02-28 14:07:09,247 WARNING:biomolecule.py:157:num_missing_heavy:Missing atom CE in residue LYS A 198
2024-02-28 14:07:09,247 WARNING:biomolecule.py:157:num_missing_heavy:Missing atom NZ in residue LYS A 198
2024-02-28 14:07:09,247 WARNING:biomolecule.py:157:num_missing_heavy:Missing atom CG in residue GLN A 222
2024-02-28 14:07:09,248 WARNING:biomolecule.py:157:num_missing_heavy:Missing atom CD in residue GLN A 222
2024-02-28 14:07:09,248 WARNING:biomolecule.py:157:num_missing_heavy:Missing atom OE1 in residue GLN A 222
2024-02-28 14:07:09,248 WARNING:biomolecule.py:157:num_missing_heavy:Missing atom NE2 in residue GLN A 222
2024-02-28 14:07:09,249 WARNING:biomolecule.py:157:num_missing_heavy:Missing atom CG in residue GLN B 147
2024-02-28 14:07:09,249 WARNING:biomolecule.py:157:num_missing_heavy:Missing atom CD in residue GLN B 147
2024-02-28 14:07:09,249 WARNING:biomolecule.py:157:num_missing_heavy:Missing atom OE1 in residue GLN B 147
2024-02-28 14:07:09,249 WARNING:biomolecule.py:157:num_missing_heavy:Missing atom NE2 in residue GLN B 147
2024-02-28 14:07:09,249 WARNING:biomolecule.py:157:num_missing_heavy:Missing atom CG in residue LYS B 155
2024-02-28 14:07:09,250 WARNING:biomolecule.py:157:num_missing_heavy:Missing atom CD in residue LYS B 155
2024-02-28 14:07:09,250 WARNING:biomolecule.py:157:num_missing_heavy:Missing atom CE in residue LYS B 155
2024-02-28 14:07:09,250 WARNING:biomolecule.py:157:num_missing_heavy:Missing atom NZ in residue LYS B 155
2024-02-28 14:07:09,251 WARNING:biomolecule.py:157:num_missing_heavy:Missing atom CG in residue ARG B 159
2024-02-28 14:07:09,251 WARNING:biomolecule.py:157:num_missing_heavy:Missing atom CD in residue ARG B 159
2024-02-28 14:07:09,251 WARNING:biomolecule.py:157:num_missing_heavy:Missing atom NE in residue ARG B 159
2024-02-28 14:07:09,251 WARNING:biomolecule.py:157:num_missing_heavy:Missing atom CZ in residue ARG B 159
2024-02-28 14:07:09,251 WARNING:biomolecule.py:157:num_missing_heavy:Missing atom NH1 in residue ARG B 159
2024-02-28 14:07:09,252 WARNING:biomolecule.py:157:num_missing_heavy:Missing atom NH2 in residue ARG B 159
2024-02-28 14:07:09,252 WARNING:biomolecule.py:157:num_missing_heavy:Missing atom CG in residue GLU B 169
2024-02-28 14:07:09,252 WARNING:biomolecule.py:157:num_missing_heavy:Missing atom CD in residue GLU B 169
2024-02-28 14:07:09,252 WARNING:biomolecule.py:157:num_missing_heavy:Missing atom OE1 in residue GLU B 169
2024-02-28 14:07:09,253 WARNING:biomolecule.py:157:num_missing_heavy:Missing atom OE2 in residue GLU B 169
2024-02-28 14:07:09,253 WARNING:biomolecule.py:157:num_missing_heavy:Missing atom CG in residue LYS B 184
2024-02-28 14:07:09,253 WARNING:biomolecule.py:157:num_missing_heavy:Missing atom CD in residue LYS B 184
2024-02-28 14:07:09,253 WARNING:biomolecule.py:157:num_missing_heavy:Missing atom CE in residue LYS B 184
2024-02-28 14:07:09,254 WARNING:biomolecule.py:157:num_missing_heavy:Missing atom NZ in residue LYS B 184
2024-02-28 14:07:09,254 WARNING:biomolecule.py:157:num_missing_heavy:Missing atom CG in residue ASN B 196
2024-02-28 14:07:09,254 WARNING:biomolecule.py:157:num_missing_heavy:Missing atom OD1 in residue ASN B 196
2024-02-28 14:07:09,255 WARNING:biomolecule.py:157:num_missing_heavy:Missing atom ND2 in residue ASN B 196
2024-02-28 14:07:09,255 WARNING:biomolecule.py:157:num_missing_heavy:Missing atom OXT in residue GLU C 102
2024-02-28 14:07:09,255 WARNING:biomolecule.py:157:num_missing_heavy:Missing atom OXT in residue GLU D 102
2024-02-28 14:07:09,256 WARNING:biomolecule.py:157:num_missing_heavy:Missing atom CG in residue GLU A 169
2024-02-28 14:07:09,256 WARNING:biomolecule.py:157:num_missing_heavy:Missing atom CD in residue GLU A 169
2024-02-28 14:07:09,256 WARNING:biomolecule.py:157:num_missing_heavy:Missing atom OE1 in residue GLU A 169
2024-02-28 14:07:09,256 WARNING:biomolecule.py:157:num_missing_heavy:Missing atom OE2 in residue GLU A 169
2024-02-28 14:07:09,257 WARNING:biomolecule.py:157:num_missing_heavy:Missing atom CG in residue ARG A 172
2024-02-28 14:07:09,257 WARNING:biomolecule.py:157:num_missing_heavy:Missing atom CD in residue ARG A 172
2024-02-28 14:07:09,257 WARNING:biomolecule.py:157:num_missing_heavy:Missing atom NE in residue ARG A 172
2024-02-28 14:07:09,258 WARNING:biomolecule.py:157:num_missing_heavy:Missing atom CZ in residue ARG A 172
2024-02-28 14:07:09,258 WARNING:biomolecule.py:157:num_missing_heavy:Missing atom NH1 in residue ARG A 172
2024-02-28 14:07:09,258 WARNING:biomolecule.py:157:num_missing_heavy:Missing atom NH2 in residue ARG A 172
2024-02-28 14:07:09,258 WARNING:biomolecule.py:157:num_missing_heavy:Missing atom CG in residue LYS A 184
2024-02-28 14:07:09,258 WARNING:biomolecule.py:157:num_missing_heavy:Missing atom CD in residue LYS A 184
2024-02-28 14:07:09,259 WARNING:biomolecule.py:157:num_missing_heavy:Missing atom CE in residue LYS A 184
2024-02-28 14:07:09,259 WARNING:biomolecule.py:157:num_missing_heavy:Missing atom NZ in residue LYS A 184
2024-02-28 14:07:09,259 WARNING:biomolecule.py:157:num_missing_heavy:Missing atom CG in residue ASN A 196
2024-02-28 14:07:09,259 WARNING:biomolecule.py:157:num_missing_heavy:Missing atom OD1 in residue ASN A 196
2024-02-28 14:07:09,260 WARNING:biomolecule.py:157:num_missing_heavy:Missing atom ND2 in residue ASN A 196
2024-02-28 14:07:09,260 WARNING:biomolecule.py:157:num_missing_heavy:Missing atom CG in residue LYS A 198
2024-02-28 14:07:09,260 WARNING:biomolecule.py:157:num_missing_heavy:Missing atom CD in residue LYS A 198
2024-02-28 14:07:09,260 WARNING:biomolecule.py:157:num_missing_heavy:Missing atom CE in residue LYS A 198
2024-02-28 14:07:09,260 WARNING:biomolecule.py:157:num_missing_heavy:Missing atom NZ in residue LYS A 198
2024-02-28 14:07:09,261 WARNING:biomolecule.py:157:num_missing_heavy:Missing atom CG in residue GLN A 222
2024-02-28 14:07:09,261 WARNING:biomolecule.py:157:num_missing_heavy:Missing atom CD in residue GLN A 222
2024-02-28 14:07:09,261 WARNING:biomolecule.py:157:num_missing_heavy:Missing atom OE1 in residue GLN A 222
2024-02-28 14:07:09,261 WARNING:biomolecule.py:157:num_missing_heavy:Missing atom NE2 in residue GLN A 222
2024-02-28 14:07:09,262 WARNING:biomolecule.py:157:num_missing_heavy:Missing atom CG in residue GLN B 147
2024-02-28 14:07:09,262 WARNING:biomolecule.py:157:num_missing_heavy:Missing atom CD in residue GLN B 147
2024-02-28 14:07:09,262 WARNING:biomolecule.py:157:num_missing_heavy:Missing atom OE1 in residue GLN B 147
2024-02-28 14:07:09,262 WARNING:biomolecule.py:157:num_missing_heavy:Missing atom NE2 in residue GLN B 147
2024-02-28 14:07:09,263 WARNING:biomolecule.py:157:num_missing_heavy:Missing atom CG in residue LYS B 155
2024-02-28 14:07:09,263 WARNING:biomolecule.py:157:num_missing_heavy:Missing atom CD in residue LYS B 155
2024-02-28 14:07:09,263 WARNING:biomolecule.py:157:num_missing_heavy:Missing atom CE in residue LYS B 155
2024-02-28 14:07:09,263 WARNING:biomolecule.py:157:num_missing_heavy:Missing atom NZ in residue LYS B 155
2024-02-28 14:07:09,264 WARNING:biomolecule.py:157:num_missing_heavy:Missing atom CG in residue ARG B 159
2024-02-28 14:07:09,264 WARNING:biomolecule.py:157:num_missing_heavy:Missing atom CD in residue ARG B 159
2024-02-28 14:07:09,264 WARNING:biomolecule.py:157:num_missing_heavy:Missing atom NE in residue ARG B 159
2024-02-28 14:07:09,265 WARNING:biomolecule.py:157:num_missing_heavy:Missing atom CZ in residue ARG B 159
2024-02-28 14:07:09,265 WARNING:biomolecule.py:157:num_missing_heavy:Missing atom NH1 in residue ARG B 159
2024-02-28 14:07:09,265 WARNING:biomolecule.py:157:num_missing_heavy:Missing atom NH2 in residue ARG B 159
2024-02-28 14:07:09,265 WARNING:biomolecule.py:157:num_missing_heavy:Missing atom CG in residue GLU B 169
2024-02-28 14:07:09,266 WARNING:biomolecule.py:157:num_missing_heavy:Missing atom CD in residue GLU B 169
2024-02-28 14:07:09,266 WARNING:biomolecule.py:157:num_missing_heavy:Missing atom OE1 in residue GLU B 169
2024-02-28 14:07:09,266 WARNING:biomolecule.py:157:num_missing_heavy:Missing atom OE2 in residue GLU B 169
2024-02-28 14:07:09,266 WARNING:biomolecule.py:157:num_missing_heavy:Missing atom CG in residue LYS B 184
2024-02-28 14:07:09,267 WARNING:biomolecule.py:157:num_missing_heavy:Missing atom CD in residue LYS B 184
2024-02-28 14:07:09,267 WARNING:biomolecule.py:157:num_missing_heavy:Missing atom CE in residue LYS B 184
2024-02-28 14:07:09,267 WARNING:biomolecule.py:157:num_missing_heavy:Missing atom NZ in residue LYS B 184
2024-02-28 14:07:09,268 WARNING:biomolecule.py:157:num_missing_heavy:Missing atom CG in residue ASN B 196
2024-02-28 14:07:09,268 WARNING:biomolecule.py:157:num_missing_heavy:Missing atom OD1 in residue ASN B 196
2024-02-28 14:07:09,268 WARNING:biomolecule.py:157:num_missing_heavy:Missing atom ND2 in residue ASN B 196
2024-02-28 14:07:09,268 WARNING:biomolecule.py:157:num_missing_heavy:Missing atom OXT in residue GLU C 102
2024-02-28 14:07:09,269 WARNING:biomolecule.py:157:num_missing_heavy:Missing atom OXT in residue GLU D 102
2024-02-28 14:07:09,767 WARNING:biomolecule.py:741:apply_force_field:Residue ACE C 100 has non-integer charge: -0.3369 deviates by 0.3369 from integral, exceeding error tolerance 0.001. 
2024-02-28 14:07:09,767 WARNING:biomolecule.py:741:apply_force_field:Residue ACE D 100 has non-integer charge: -0.3369 deviates by 0.3369 from integral, exceeding error tolerance 0.001. 
2024-02-28 14:07:09,768 WARNING:main.py:699:non_trivial:Residue ACE C 100 has non-integer charge:  -0.3369 deviates by 0.3369 from integral, exceeding error tolerance 0.001
2024-02-28 14:07:09,768 WARNING:main.py:699:non_trivial:Residue ACE D 100 has non-integer charge:  -0.3369 deviates by 0.3369 from integral, exceeding error tolerance 0.001
2024-02-28 14:07:09,768 CRITICAL:main.py:800:main_driver:3.3262 deviates by 0.32620000000000005 from integral, exceeding error tolerance 0.001
2024-02-28 14:07:09,768 CRITICAL:main.py:801:main_driver:Giving up.
