2024-02-28 14:07:18,423 WARNING:biomolecule.py:992:create_residue:Unable to find amino or nucleic acid definition for 3TL.  Parsing as new residue.
2024-02-28 14:07:18,846 WARNING:main.py:418:setup_molecule:Multiple occupancies found: CB in PHE A 53.
2024-02-28 14:07:18,846 WARNING:main.py:418:setup_molecule:Multiple occupancies found: CG in PHE A 53.
2024-02-28 14:07:18,846 WARNING:main.py:418:setup_molecule:Multiple occupancies found: CD1 in PHE A 53.
2024-02-28 14:07:18,846 WARNING:main.py:418:setup_molecule:Multiple occupancies found: CD2 in PHE A 53.
2024-02-28 14:07:18,846 WARNING:main.py:418:setup_molecule:Multiple occupancies found: CE1 in PHE A 53.
2024-02-28 14:07:18,846 WARNING:main.py:418:setup_molecule:Multiple occupancies found: CE2 in PHE A 53.
2024-02-28 14:07:18,846 WARNING:main.py:418:setup_molecule:Multiple occupancies found: CZ in PHE A 53.
2024-02-28 14:07:18,846 WARNING:main.py:424:setup_molecule:Multiple occupancies found in PHE A 53. At least one of the instances is being ignored.
2024-02-28 14:07:18,890 WARNING:biomolecule.py:157:num_missing_heavy:Missing atom CG in residue ARG A 41
2024-02-28 14:07:18,890 WARNING:biomolecule.py:157:num_missing_heavy:Missing atom CD in residue ARG A 41
2024-02-28 14:07:18,890 WARNING:biomolecule.py:157:num_missing_heavy:Missing atom NE in residue ARG A 41
2024-02-28 14:07:18,890 WARNING:biomolecule.py:157:num_missing_heavy:Missing atom CZ in residue ARG A 41
2024-02-28 14:07:18,890 WARNING:biomolecule.py:157:num_missing_heavy:Missing atom NH1 in residue ARG A 41
2024-02-28 14:07:18,890 WARNING:biomolecule.py:157:num_missing_heavy:Missing atom NH2 in residue ARG A 41
2024-02-28 14:07:18,891 WARNING:biomolecule.py:157:num_missing_heavy:Missing atom CG in residue ARG A 41
2024-02-28 14:07:18,891 WARNING:biomolecule.py:157:num_missing_heavy:Missing atom CD in residue ARG A 41
2024-02-28 14:07:18,891 WARNING:biomolecule.py:157:num_missing_heavy:Missing atom NE in residue ARG A 41
2024-02-28 14:07:18,891 WARNING:biomolecule.py:157:num_missing_heavy:Missing atom CZ in residue ARG A 41
2024-02-28 14:07:18,891 WARNING:biomolecule.py:157:num_missing_heavy:Missing atom NH1 in residue ARG A 41
2024-02-28 14:07:18,891 WARNING:biomolecule.py:157:num_missing_heavy:Missing atom NH2 in residue ARG A 41
2024-02-28 14:07:18,891 WARNING:biomolecule.py:157:num_missing_heavy:Missing atom CG in residue ARG A 41
2024-02-28 14:07:18,891 WARNING:biomolecule.py:157:num_missing_heavy:Missing atom CD in residue ARG A 41
2024-02-28 14:07:18,891 WARNING:biomolecule.py:157:num_missing_heavy:Missing atom NE in residue ARG A 41
2024-02-28 14:07:18,891 WARNING:biomolecule.py:157:num_missing_heavy:Missing atom CZ in residue ARG A 41
2024-02-28 14:07:18,891 WARNING:biomolecule.py:157:num_missing_heavy:Missing atom NH1 in residue ARG A 41
2024-02-28 14:07:18,891 WARNING:biomolecule.py:157:num_missing_heavy:Missing atom NH2 in residue ARG A 41
2024-02-28 14:07:20,541 WARNING:main.py:311:print_pqr:Ignoring 1827 header lines in output.
2024-02-28 14:07:20,541 WARNING:main.py:315:print_pqr:Ignoring 33 missing lines in output.
