2024-02-28 14:07:16,934 WARNING:biomolecule.py:992:create_residue:Unable to find amino or nucleic acid definition for 01B.  Parsing as new residue.
2024-02-28 14:07:16,938 WARNING:biomolecule.py:992:create_residue:Unable to find amino or nucleic acid definition for NH2.  Parsing as new residue.
2024-02-28 14:07:16,938 WARNING:biomolecule.py:992:create_residue:Unable to find amino or nucleic acid definition for MN.  Parsing as new residue.
2024-02-28 14:07:16,938 WARNING:biomolecule.py:992:create_residue:Unable to find amino or nucleic acid definition for MN.  Parsing as new residue.
2024-02-28 14:07:16,938 WARNING:biomolecule.py:992:create_residue:Unable to find amino or nucleic acid definition for MN.  Parsing as new residue.
2024-02-28 14:07:16,939 WARNING:main.py:418:setup_molecule:Multiple occupancies found: N in GLU A 133.
2024-02-28 14:07:16,939 WARNING:main.py:418:setup_molecule:Multiple occupancies found: CA in GLU A 133.
2024-02-28 14:07:16,939 WARNING:main.py:418:setup_molecule:Multiple occupancies found: C in GLU A 133.
2024-02-28 14:07:16,939 WARNING:main.py:418:setup_molecule:Multiple occupancies found: O in GLU A 133.
2024-02-28 14:07:16,939 WARNING:main.py:418:setup_molecule:Multiple occupancies found: CB in GLU A 133.
2024-02-28 14:07:16,939 WARNING:main.py:418:setup_molecule:Multiple occupancies found: CG in GLU A 133.
2024-02-28 14:07:16,939 WARNING:main.py:418:setup_molecule:Multiple occupancies found: CD in GLU A 133.
2024-02-28 14:07:16,939 WARNING:main.py:418:setup_molecule:Multiple occupancies found: OE1 in GLU A 133.
2024-02-28 14:07:16,939 WARNING:main.py:418:setup_molecule:Multiple occupancies found: OE2 in GLU A 133.
2024-02-28 14:07:16,939 WARNING:main.py:424:setup_molecule:Multiple occupancies found in GLU A 133. At least one of the instances is being ignored.
2024-02-28 14:07:16,939 WARNING:main.py:418:setup_molecule:Multiple occupancies found: N in ARG A 302.
2024-02-28 14:07:16,939 WARNING:main.py:418:setup_molecule:Multiple occupancies found: CA in ARG A 302.
2024-02-28 14:07:16,939 WARNING:main.py:418:setup_molecule:Multiple occupancies found: C in ARG A 302.
2024-02-28 14:07:16,939 WARNING:main.py:418:setup_molecule:Multiple occupancies found: O in ARG A 302.
2024-02-28 14:07:16,939 WARNING:main.py:418:setup_molecule:Multiple occupancies found: CB in ARG A 302.
2024-02-28 14:07:16,939 WARNING:main.py:418:setup_molecule:Multiple occupancies found: CG in ARG A 302.
2024-02-28 14:07:16,939 WARNING:main.py:418:setup_molecule:Multiple occupancies found: CD in ARG A 302.
2024-02-28 14:07:16,939 WARNING:main.py:418:setup_molecule:Multiple occupancies found: NE in ARG A 302.
2024-02-28 14:07:16,939 WARNING:main.py:418:setup_molecule:Multiple occupancies found: CZ in ARG A 302.
2024-02-28 14:07:16,939 WARNING:main.py:418:setup_molecule:Multiple occupancies found: NH1 in ARG A 302.
2024-02-28 14:07:16,939 WARNING:main.py:418:setup_molecule:Multiple occupancies found: NH2 in ARG A 302.
2024-02-28 14:07:16,939 WARNING:main.py:424:setup_molecule:Multiple occupancies found in ARG A 302. At least one of the instances is being ignored.
2024-02-28 14:07:16,940 WARNING:main.py:418:setup_molecule:Multiple occupancies found: N in ARG A 399.
2024-02-28 14:07:16,940 WARNING:main.py:418:setup_molecule:Multiple occupancies found: CA in ARG A 399.
2024-02-28 14:07:16,940 WARNING:main.py:418:setup_molecule:Multiple occupancies found: C in ARG A 399.
2024-02-28 14:07:16,940 WARNING:main.py:418:setup_molecule:Multiple occupancies found: O in ARG A 399.
2024-02-28 14:07:16,940 WARNING:main.py:418:setup_molecule:Multiple occupancies found: CB in ARG A 399.
2024-02-28 14:07:16,940 WARNING:main.py:418:setup_molecule:Multiple occupancies found: CG in ARG A 399.
2024-02-28 14:07:16,940 WARNING:main.py:418:setup_molecule:Multiple occupancies found: CD in ARG A 399.
2024-02-28 14:07:16,940 WARNING:main.py:418:setup_molecule:Multiple occupancies found: NE in ARG A 399.
2024-02-28 14:07:16,940 WARNING:main.py:418:setup_molecule:Multiple occupancies found: CZ in ARG A 399.
2024-02-28 14:07:16,940 WARNING:main.py:418:setup_molecule:Multiple occupancies found: NH1 in ARG A 399.
2024-02-28 14:07:16,940 WARNING:main.py:418:setup_molecule:Multiple occupancies found: NH2 in ARG A 399.
2024-02-28 14:07:16,940 WARNING:main.py:424:setup_molecule:Multiple occupancies found in ARG A 399. At least one of the instances is being ignored.
2024-02-28 14:07:22,334 WARNING:main.py:311:print_pqr:Ignoring 1292 header lines in output.
2024-02-28 14:07:22,335 WARNING:main.py:315:print_pqr:Ignoring 17 missing lines in output.
